129 15 41 157 4 111 41 15 129 99 145 180 86 188 50 147 50 188 194 188 179 92 124 137 17 75 17 124 92 13 118 45 36 47 63 143 13 92 35 161 185 158 84 7 19 43 144 43 72 21 67 195 67 23 67 21 182 190 150 135 150 190 132 190 60 190 182 183 80 183 182 21 151 33 151 21 43 19 7 84 164 105 115 125 115 105 164 84 158 185 65 123 103 174 103 98 48 97 101 170 200 170 73 136 134 136 73 170 58 159 58 170 97 48 34 51 197 5 78 120 59 186 59 120 78 51 24 94 27 165 40 3 40 165 27 140 39 27 198 27 94 139 199 139 94 24 51 62 156 171 49 162 49 171 177 171 156 62 71 77 77 64 173 62 51 34 109 184 85 117 38 155 38 117 85 133 102 138 102 85 184 168 184 109 34 42 56 42 34 48 98 18 81 18 98 103 192 121 176 121 192 175 26 175 192 103 123 65 185 95 11 96 70 44 70 96 11 108 11 95 68 89 114 93 131 93 114 89 68 95 57 14 104 14 57 95 185 191 185 161 188 86 180 181 87 8 142 122 69 167 9 122 12 122 142 8 99 30 83 116 83 30 99 31 88 1 20 66 6 29 189 128 66 20 53 153 53 20 1 88 146 113 54 146 126 146 88 31 99 129
56
157 193 37 157
2 25
4 55 4
137 16
118 100 166 118
45 22
36 160
179 76
72 112
101 52
5 148 28
197 82
140 172
71 91
64 163 64
133 178 133
69 61
181 169 181
145 187 145
6 130
113 127
1 1
7 7
10 10
13 13
19 19
31 31
34 34
40 40
43 43
46 46
49 49
58 58
67 67
70 70
73 73
79 79
85 85
88 88
94 94
97 97
103 103
106 106
109 109
115 115
121 121
124 124
136 136
139 139
142 142
151 151
154 154
175 175
184 184
190 190
196 196
