FacultyClub Etcheverry HearstGym BioscienceLibrary Investigative NewspapersLibrary Investigative SpringerGateway Investigative BioscienceLibrary HearstGym Etcheverry FacultyClub LawrenceofScience PacificFilmArchive OBrien Library EarthLibrary Library OBrien PacificFilmArchive LawrenceofScience FacultyClub DonnerLaboratory OptometryLibrary CareerCenter Unit3 CareerCenter StowPlaza MelvinLaboratory SproulPlaza MartinezCommons Durham AnthropologyLibrary AndersenAuditorium AnthropologyLibrary InternationalHouse Manville Manville Hilgard Jacobs Jacobs Hilgard Manville InternationalHouse MartinezCommons SproulPlaza MelvinLaboratory StowPlaza CareerCenter OptometryLibrary DonnerLaboratory Birge BancroftDance Warren Mulford Morrison BrainImagingCenter CITRIS StudentUnion EnergyBuilding StudentUnion CITRIS BrainImagingCenter Morrison Koshland Morrison Mulford Warren BancroftDance Spieker Stephens Sproul MediaCenter EarthquakeLibrary ArtHistoryLibrary UniversityHouse IRLE ArtHistoryLibrary EarthquakeLibrary MediaCenter Sproul Stephens Spieker BancroftDance Birge DonnerLaboratory FacultyClub
20
Durham Pimentel Cheit Durham
UniversityHouse FPF SutardjaDai UniversityHouse
BioscienceLibrary BioscienceLibrary
Etcheverry Etcheverry
SproulPlaza SproulPlaza
Hilgard Hilgard
StudentUnion StudentUnion
EarthquakeLibrary EarthquakeLibrary
LawrenceofScience LawrenceofScience
Mulford Mulford
CareerCenter CareerCenter
HearstGym HearstGym
OBrien OBrien
Library Library
Spieker Spieker
PacificFilmArchive PacificFilmArchive
BrainImagingCenter BrainImagingCenter
Morrison Morrison
Wheeler Wheeler
Manville Manville
