FacultyClub IRLE Cheit Cheit IRLE Durham HealthServices VLSB BerkeleyLawLibrary MartinezCommons PhysicsLibrary NorthGate UniversityHouse SproulPlaza FoundersRock CesarChavez OBrien Koshland MelvinLaboratory Campbell FPF Birge Wellman WooHonFai MaxwellField WooHonFai Wellman Bowles Stanley BioscienceLibrary Hilgard HearstGreekTheatre LawSchool HearstGreekTheatre Hilgard BioscienceLibrary Stanley AlumniHouse Soda MediaCenter IdaHouse ArtHistoryLibrary Durant BancroftDance Evans Mulford Latimer Boalt EngineeringLibrary MSRI EngineeringLibrary Boalt Latimer Mulford McCone McCone EnergyBuilding Davis HearstGym Unit3 BerkeleyWayWest Jacobs EastAsianLibrary BerkeleyWayWest HearstGym Davis FoxCottage LatinAmerican FoxCottage Davis Bechtel Bechtel McCone Mulford Evans Evans NewspapersLibrary NewspapersLibrary Durant ArtHistoryLibrary IdaHouse MediaCenter LeConte MediaCenter VisualCenter Etcheverry SocialLibrary Hildebrand DonnerLaboratory SpringerGateway Senior SpringerGateway DonnerLaboratory Hildebrand SEAsianLibrary Hildebrand SocialLibrary Etcheverry VisualCenter Stanley Bowles Wellman Birge FPF Underhill UpperHearstParking Morrison Stephens AndersenAuditorium BancroftLibrary AndersenAuditorium Stephens Morrison UpperHearstParking HearstFountain EthnicLibrary HearstFieldAnnex Sproul AnthropologyLibrary AquaticCenter AnthropologyLibrary Sproul SimpsonCenter Sproul HearstFieldAnnex EthnicLibrary UpperHearstParking Underhill FPF Campbell MelvinLaboratory Koshland OBrien CesarChavez EarthLibrary StudentUnion SutardjaDai Giauque SutardjaDai StudentUnion EarthLibrary CesarChavez FoundersRock SproulPlaza UniversityHouse OptometryLibrary OptometryLibrary PhysicsLibrary BerkeleyLawLibrary VLSB HealthServices BanwayBuilding TAAP Warren Warren MathLibrary BanwayBuilding HealthServices Durham FacultyClub
40
FacultyClub Wheeler EarthquakeLibrary
Unit3 InternationalHouse Manville Unit3
Jacobs Pimentel Jacobs
EnergyBuilding BrainImagingCenter EnergyBuilding
BancroftDance Spieker LawrenceofScience BancroftDance
AlumniHouse CITRIS
HearstFountain StowPlaza CareerCenter
NorthGate Library
MartinezCommons Investigative MartinezCommons
TAAP PacificFilmArchive
BioscienceLibrary BioscienceLibrary
SutardjaDai SutardjaDai
Etcheverry Etcheverry
SproulPlaza SproulPlaza
Hilgard Hilgard
StudentUnion StudentUnion
UniversityHouse UniversityHouse
Mulford Mulford
HearstGym HearstGym
Durham Durham
OBrien OBrien
FPF FPF
Morrison Morrison
Cheit Cheit
Koshland Koshland
EarthLibrary EarthLibrary
MediaCenter MediaCenter
MelvinLaboratory MelvinLaboratory
AndersenAuditorium AndersenAuditorium
AnthropologyLibrary AnthropologyLibrary
Stephens Stephens
OptometryLibrary OptometryLibrary
IRLE IRLE
SpringerGateway SpringerGateway
DonnerLaboratory DonnerLaboratory
ArtHistoryLibrary ArtHistoryLibrary
Sproul Sproul
Birge Birge
NewspapersLibrary NewspapersLibrary
Warren Warren
