0 20 9 56 19 16 16 61 38 85 163 38 61 82 130 54 127 102 100 127 152 98 78 43 156 166 156 43 184 43 167 162 162 167 98 152 127 56 107 56 9 60 189 192 189 155 194 129 194 155 148 27 161 151 196 151 27 32 42 176 181 157 95 122 145 145 122 2 3 4 22 138 22 39 23 39 22 10 8 33 170 111 104 104 94 110 94 104 170 36 36 8 30 8 11 8 171 180 165 180 171 8 10 159 10 22 197 197 29 13 133 26 198 199 199 198 26 146 53 13 126 13 2 181 50 50 27 148 31 57 117 117 158 86 44 44 44 99 116 99 158 9 52 5 24 24 5 128 128 74 35 118 147 62 14 21 21 14 62 186 7 7 7 45 46 125 103 139 150 139 72 34 72 139 103 125 182 125 73 71 67 59 121 37 109 37 121 59 179 59 18 28 18 71 73 125 46 45 70 45 178 49 108 68 108 40 77 79 79 1 40 108 175 144 175 63 17 84 142 12 183 174 174 183 12 55 15 89 41 41 81 177 195 119 143 143 119 195 177 55 63 106 96 91 137 91 96 101 96 106 178 193 190 185 187 114 66 66 187 190 193 178 74 128 9 115 9 20 164 20 0
70
19 124 19
85 92 85
82 75 191 82
102 65 102
78 69 64
60 88 60
161 188 161
42 105 42
157 51
111 173 47
33 168 33
4 123
133 97 133
3 131 3
32 76 32
31 134
86 135 80
52 120 113 52
147 172 25
118 154
35 141 90 153 35
67 149 67
77 48 77
17 136 17
89 83
15 132 15
49 93 49
114 140 58 114
185 87
0 169
8 8
13 13
18 18
26 26
38 38
44 44
46 46
55 55
56 56
71 71
73 73
74 74
91 91
94 94
96 96
99 99
103 103
106 106
112 112
117 117
119 119
139 139
143 143
145 145
148 148
155 155
158 158
162 162
167 167
170 170
171 171
174 174
175 175
177 177
178 178
180 180
181 181
195 195
197 197
199 199
