0 13 92 8 9 19 43 54 54 54 60 94 60 51 80 11 1 21 1 40 90 91 90 40 35 68 84 68 35 9 92 13 2 66 2 13 6 12 67 34 67 49 97 46 93 74 89 96 89 30 23 32 64 32 23 5 20 73 42 48 38 56 56 17 24 14 45 59 69 69 59 75 18 87 18 75 17 52 33 22 22 57 57 52 17 25 37 25 17 48 72 48 65 48 42 70 70 20 71 79 55 39 41 98 82 82 27 83 55 79 71 20 4 15 4 23 30 89 74 93 97 49 67 36 6 7 7 63 63 0
33
8 28
43 58 85 43
19 81
11 31 11
46 61 46
73 44 78 99 86 73
38 16 26
24 3 24
45 95 45
33 47 62
39 10
41 29 41
5 53
12 50
0 77 88
1 1
2 2
4 4
6 6
17 17
23 23
25 25
30 30
32 32
48 48
57 57
59 59
67 67
70 70
76 76
82 82
89 89
97 97
