1 15 177 123 55 95 151 191 193 151 175 113 151 177 122 134 31 159 14 14 159 13 69 30 141 12 51 120 51 170 115 170 51 103 51 12 192 12 141 30 58 35 110 58 68 136 180 146 180 197 106 90 111 157 153 60 129 60 90 43 189 43 127 163 127 45 108 45 183 45 127 134 172 62 92 18 114 26 130 75 65 75 130 26 48 89 121 89 48 26 117 18 176 182 18 100 194 169 100 18 92 97 126 92 62 196 109 171 155 196 62 172 84 28 186 28 84 172 195 172 134 122 138 122 177 15 105 166 190 160 190 105 15 2 61 188 147 85 144 85 33 59 88 158 143 158 149 162 185 200 185 199 185 162 165 165 133 59 119 59 140 168 32 87 107 128 112 174 67 101 179 39 71 184 39 179 101 135 156 135 102 41 16 142 181 142 16 148 16 178 128 107 87 32 168 140 154 140 85 147 38 124 38 2 164 118 116 173 2 15 1
75
95 64 95
191 81
175 21
55 6 8 55
123 4
31 63 31
35 57 35
69 19 69
68 79 68
13 5 13
157 10
111 91
65 49 54 65
114 47
176 96
194 73
97 37 97
109 36
166 98 46
88 40 34 88
149 3 99 74
71 9 71
67 83 67
41 72 41
112 70 20
33 29 33
61 56 93 61
164 86 11
94 82 94
118 17
1 7
2 2
12 12
14 14
15 15
16 16
18 18
22 22
23 23
24 24
25 25
26 26
27 27
28 28
30 30
32 32
38 38
39 39
42 42
43 43
44 44
45 45
48 48
50 50
51 51
52 52
53 53
58 58
59 59
60 60
62 62
66 66
75 75
76 76
77 77
78 78
80 80
84 84
85 85
87 87
89 89
90 90
92 92
100 100
101 101
