1 65 9 62 81 62 9 88 36 89 98 76 54 89 18 18 35 99 16 96 16 25 52 4 97 52 25 92 72 35 18 28 66 55 93 57 40 60 60 40 84 71 84 27 27 61 86 61 18 44 95 51 20 33 34 80 34 33 32 82 6 5 64 5 6 82 32 83 32 33 20 51 95 91 95 87 56 67 31 15 69 59 19 38 53 46 42 49 94 49 42 46 21 73 21 38 19 59 69 29 90 29 69 31 67 63 67 74 18 48 85 18 89 79 89 17 75 17 78 70 78 17 89 36 58 36 88 9 43 100 77 9 65 1
42
98 8
99 39
4 50 4
92 10
55 47 13
66 30
28 41 28
15 23 2 15
53 37
56 7
44 24 44
48 11 48
43 14 43
100 45
3 3
5 5
6 6
9 9
12 12
16 16
17 17
18 18
19 19
20 20
21 21
22 22
25 25
26 26
27 27
29 29
31 31
32 32
33 33
34 34
35 35
36 36
38 38
40 40
42 42
46 46
49 49
51 51
