33 20 73 42 56 42 83 98 83 42 93 22 59 93 42 73 87 73 80 72 80 28 80 95 85 95 33 86 64 76 26 43 5 35 7 49 7 78 7 92 3 9 10 90 68 4 68 90 10 9 74 9 3 55 3 92 5 43 26 76 64 86 60 69 38 32 41 89 14 63 66 27 23 1 96 1 23 27 66 21 45 21 89 79 36 18 79 24 70 44 58 44 70 24 62 54 84 60 31 16 29 77 29 31 60 86 33
35
98 13 75
22 2 22
20 11 15 20
35 50 35
38 65 51
32 61
63 12 17 63
14 8
36 48 19
69 88 34 69
54 57 30 54
16 25 47 40
60 60
31 31
80 80
79 79
68 68
89 89
9 9
5 5
100 100
7 7
94 94
86 86
26 26
10 10
42 42
23 23
95 95
67 67
64 64
29 29
82 82
97 97
52 52
