159 76 151 184 165 183 165 184 105 184 14 56 31 124 31 93 144 186 93 154 2 125 2 154 179 16 179 154 93 70 93 84 118 195 152 173 27 166 152 172 119 18 152 195 136 195 118 84 159 22 95 57 64 130 107 189 79 170 42 55 42 170 114 35 198 35 114 193 53 163 53 137 127 112 142 141 110 141 142 46 37 75 89 75 37 49 90 142 129 78 41 20 104 20 87 91 87 20 41 142 80 61 188 61 137 85 54 115 54 85 137 101 1 39 1 94 108 83 44 60 196 60 44 83 108 150 103 150 108 50 29 88 131 88 160 88 29 175 29 187 68 187 168 187 135 187 29 50 108 38 113 38 108 94 1 25 138 69 171 10 171 138 81 30 143 62 6 6 28 9 28 138 137 176 58 176 137 19 137 53 153 5 33 5 102 12 5 153 117 48 182 47 148 148 47 182 48 117 59 100 161 59 147 73 59 130 13 106 197 106 13 95 22 159
72
76 190 76
149 4 21
56 96
65 98 26 65
27 145 169
173 133
172 126 172
119 191 86
14 97 14
177 128 34
64 174 64
79 3 79
92 99 185
189 116 178 51
127 146 122
46 192 46
129 167
25 7
10 17 200 10
69 155
30 11
81 43 52
101 132 101
102 82 123 102
193 24 193
100 181 199 139 100
147 71 40
107 120 107
57 121
157 157
36 36
134 134
15 15
32 32
93 93
35 35
77 77
72 72
63 63
47 47
45 45
138 138
158 158
2 2
137 137
31 31
85 85
106 106
53 53
41 41
38 38
180 180
114 114
37 37
74 74
61 61
13 13
87 87
111 111
28 28
48 48
140 140
156 156
165 165
148 148
154 154
59 59
109 109
22 22
60 60
6 6
88 88
