Home141 Home109 Home18 Home129 Home18 Home19 Home18 Home109 Home20 Home149 Home88 Home11 Home10 Home150 Home36 Home179 Home162 Home101 Home39 Home94 Home166 Home0 Home94 Home39 Home118 Home142 Home118 Home39 Home170 Home165 Home79 Home110 Home40 Home107 Home40 Home83 Home70 Home40 Home110 Home79 Home165 Home170 Home100 Home67 Home32 Home133 Home65 Home155 Home65 Home22 Home65 Home99 Home170 Home4 Home130 Home137 Home130 Home4 Home57 Home77 Home57 Home162 Home157 Home92 Home84 Home9 Home92 Home157 Home162 Home179 Home80 Home28 Home106 Home139 Home106 Home35 Home8 Home35 Home104 Home21 Home52 Home66 Home91 Home115 Home23 Home91 Home66 Home146 Home17 Home146 Home66 Home52 Home21 Home96 Home29 Home48 Home175 Home48 Home154 Home128 Home128 Home154 Home158 Home14 Home93 Home14 Home158 Home68 Home158 Home113 Home102 Home113 Home158 Home96 Home30 Home160 Home96 Home44 Home38 Home44 Home96 Home21 Home104 Home123 Home164 Home95 Home54 Home95 Home164 Home53 Home174 Home86 Home5 Home78 Home78 Home122 Home143 Home82 Home177 Home59 Home178 Home59 Home177 Home26 Home168 Home2 Home159 Home131 Home16 Home41 Home108 Home89 Home3 Home169 Home3 Home89 Home131 Home117 Home131 Home159 Home171 Home90 Home171 Home116 Home171 Home24 Home143 Home122 Home33 Home148 Home33 Home122 Home78 Home86 Home58 Home86 Home56 Home167 Home151 Home98 Home151 Home167 Home56 Home12 Home53 Home164 Home123 Home104 Home61 Home88 Home72 Home46 Home85 Home46 Home72 Home71 Home72 Home88 Home149 Home153 Home109 Home141
64
Home141 Home15
Home11 Home136 Home47 Home11
Home36 Home103 Home36
Home166 Home45
Home83 Home111 Home83
Home32 Home125 Home32
Home67 Home7 Home67
Home100 Home43 Home100
Home101 Home135
Home84 Home13
Home28 Home114 Home161 Home64
Home115 Home69
Home29 Home37 Home156
Home30 Home147
Home5 Home124 Home63 Home5
Home82 Home144 Home82
Home26 Home81 Home26
Home2 Home152 Home127 Home132 Home97
Home16 Home112 Home55 Home16
Home174 Home173 Home176
Home12 Home25 Home50 Home172
Home150 Home105
Home10 Home1
Home20 Home126 Home20
Home4 Home4
Home157 Home157
Home110 Home110
Home154 Home154
Home91 Home91
Home34 Home34
Home3 Home3
Home106 Home106
Home60 Home60
Home88 Home88
Home31 Home31
Home35 Home35
Home122 Home122
Home131 Home131
Home149 Home149
Home164 Home164
Home62 Home62
Home76 Home76
Home48 Home48
Home171 Home171
Home51 Home51
Home143 Home143
Home86 Home86
Home134 Home134
Home167 Home167
Home128 Home128
Home165 Home165
Home27 Home27
Home74 Home74
Home120 Home120
Home170 Home170
Home75 Home75
Home66 Home66
Home92 Home92
Home44 Home44
Home96 Home96
Home177 Home177
Home53 Home53
Home89 Home89
Home87 Home87
