Home46 Home49 Home9 Home28 Home26 Home3 Home30 Home55 Home51 Home78 Home19 Home72 Home51 Home55 Home30 Home2 Home84 Home40 Home64 Home24 Home86 Home35 Home61 Home81 Home87 Home81 Home61 Home16 Home23 Home20 Home15 Home10 Home21 Home7 Home21 Home15 Home47 Home15 Home20 Home23 Home44 Home23 Home13 Home17 Home82 Home89 Home31 Home38 Home8 Home53 Home8 Home38 Home31 Home32 Home88 Home75 Home73 Home75 Home54 Home22 Home54 Home32 Home31 Home89 Home82 Home48 Home67 Home48 Home82 Home17 Home13 Home39 Home86 Home1 Home86 Home60 Home34 Home60 Home86 Home14 Home59 Home37 Home64 Home36 Home76 Home36 Home64 Home40 Home84 Home69 Home77 Home69 Home84 Home2 Home43 Home2 Home18 Home2 Home30 Home5 Home56 Home25 Home56 Home5 Home30 Home3 Home52 Home3 Home26 Home28 Home65 Home29 Home50 Home29 Home70 Home29 Home46 Home79 Home58 Home79 Home46
24
Home78 Home71 Home11
Home24 Home27
Home35 Home68
Home10 Home57
Home88 Home12 Home33
Home39 Home42 Home41 Home39
Home14 Home62
Home9 Home80 Home9
Home49 Home66 Home49
Home69 Home69
Home82 Home82
Home85 Home85
Home48 Home48
Home45 Home45
Home30 Home30
Home31 Home31
Home5 Home5
Home40 Home40
Home55 Home55
Home28 Home28
Home83 Home83
Home63 Home63
Home60 Home60
Home13 Home13
