lllIl1I 11IIII1 11Il1l1 l1IllI1 lll1111 11lII11 11lII11 11111lI lI1Ill1 Il11II1 Il11II1 11111lI 1I1IIIl 1I1IIIl 11Il1l1 lII111l I1Ill1I 1ll1ll1 lIlllIl 11lI11I 1l11lII 11I1llI 1I1I1lI 1I1I1lI 1Il1lIl I1lIlII I1lIlII 1Il1lIl 1l11lII 11lI11I lIlllIl 1ll1ll1 111lI1I 111l1II IlIl1I1 llIIII1 IlIl1I1 111l1II 111lI1I 11Il1l1 11Il1l1 11IIII1 lllIl1I
31
l1IllI1 lIllIll I1ll1II IlI1Il1 ll111ll III1llI l1IllI1 lll1I1l 1llI111 I11I111
lll1111 1l1lIlI l1Ill11 1IlIl1I l1lllll l1lll11
lI1Ill1 1I11Ill l1IIl1l I11111l
l1lllll 1I1l1Il l1lllll
IlI1II1 IIlIllI IlI1II1
11I1llI Ill1I11 III111I 1lIl11I Ill11II lI11III Il1Il1I IlI1II1
I1Ill1I I1llII1
lIIl11l lIl111I I1llll1 lIIlII1 lIIl11l
IIlI1lI 1I1I1l1
llIIII1 II1Il1I I11I11l I111I1I llIIII1
lII111l l1l11l1 llI1lII lII111l IIl1l1I
lllIl1I 1I1lllI
lI11III lI11III
II11l1l II11l1l
Il1Il1I Il1Il1I
11111lI 11111lI 1I1l1Il lI1l111
1l11lII 1l11lII IIlIllI
11lI11I 11lI11I
l1I111I l1I111I
lll1I1l lll1I1l
11IIII1 11IIII1 lIIlII1
111lI1I 111lI1I 1I1I1l1
lI1l111 lI1l111
IIl1l1I IIl1l1I
1llI111 1llI111
I11I111 I11I111
l1lll11 l1lll11
1I1I1lI 1I1I1lI l1I111I
lIlllIl lIl111I
1Il1lIl I1llll1
IlIl1I1 lIIl11l II11l1l
