K AL CK EZ DX DC R DY AU GL DF GL AU DY R GH H AZ EQ FF DJ FF EQ H DE EJ AW GP AW EJ DE FL DE H EL AK FZ C AI P BQ Q BE G BT M AH FP A BV AG DD BY DV AF J CO FM EM AR GS DH GR BW EO EO BW DB DP DB DH GS AR EM FM FS FM GI FM CO J CS DA DL DA CS J DI J GO J DT J FV J AF EB AF DV GD DV BY DD AG BV A FP AH M FX M BT G EP GF EP G FH F AS FW AP U GN AV EC DZ EC GQ EC AV GN U AP AP FW AS DQ FH G AT EW EW AT BC CA Z EE EV EE CA CE EN DO EN CE CA CP B FD B CP BZ EG CP EK CP CA CI AO CJ CJ AO CI BI AC O FY BS CC DK DU BS FQ FO FA AQ BA AQ EI AQ FA FI CB DW CB FI GU Q BN BK CD ER ED ER CD FT GV DR GV FT EA Q FR Y FN X DM X FN DS FN GB GJ FG GJ CN EH FK Q BQ P ES FU P AI GE AI C ET GT ET C FE C GK C D EY EY BP FB BP EY D DG DG EL H T DN T H GH R GA R AY CQ FJ CQ CT GM CT EF FC BR BR BR GG GG K
73
AL AX AL
CK CV CK
AZ BJ BM AZ
GR AE
F CU F
BE AJ BE
Z N CL Z
BZ V BZ
BC CM BC
BI BB BI
O AM BU O
CC BF CC
AC W AC
BA AB BA
BK BO BK
BN AA BN
Y BG L BH Y
FR CG S
CN CF CN
ES CR
FZ AN
AK BD AK
AY E AY
DC BL CH
K AD
A A
B B
C C
D D
G G
H H
I I
J J
M M
P P
Q Q
R R
T T
U U
X X
AF AF
AG AG
AH AH
AI AI
AO AO
AP AP
AQ AQ
AR AR
AS AS
AT AT
AU AU
AV AV
AW AW
BP BP
BQ BQ
BR BR
BS BS
BT BT
BV BV
BW BW
BX BX
BY BY
CA CA
CB CB
CD CD
CE CE
CI CI
CJ CJ
CO CO
CP CP
CQ CQ
CS CS
CT CT
