Satish ENMF PYD9SISJI KRM4B 92R432 3YAJ48L8DT AK5DQ3 71JKTWIJ AK5DQ3 3YAJ48L8DT 92R432 KRM4B VFRT26 1BZLEM U0958 TAI8UPP PTL1QU OK29GJ BBFYA9B OXWYDF NSBI 2J5C Z6H98 Z6H98 JTT8198QPE JTT8198QPE NSBI OXWYDF BBFYA9B OK29GJ OK29GJ PTL1QU TAI8UPP 8U5UW BVNZ BVNZ BVNZ 8U5UW 1BZLEM YXBMACC VPQ3SCZD ZRYV5F 1ILZRYDHY WZ1MC3189 KSHB2KG RQ6902O3P TBFPZEBP ICTGXV 351R ICTGXV TBFPZEBP RQ6902O3P KSHB2KG WZ1MC3189 1ILZRYDHY ZRYV5F Q1GPNKF7O5 YXBMACC 1BZLEM VFRT26 KRM4B PYD9SISJI ENMF R6VBAVZ0B DXGEHOF 5AGDS DXGEHOF R6VBAVZ0B PTWCQ ZY9VPYMXA OXXUCOFC3 ZY9VPYMXA PZMGYZL LGBBG 00P07 AGSA2I VZBD9QV8 AGSA2I 00P07 LGBBG PZMGYZL ZY9VPYMXA PTWCQ R6VBAVZ0B ENMF Satish
22
2J5C ER2YSPML1C 4INC2D8SDN
U0958 UVP4WIKK FS1RWBVR7 399VM5PU6
VPQ3SCZD 9XFF
VFRT26 VFRT26
1BZLEM 1BZLEM
ZRYV5F ZRYV5F
YXBMACC YXBMACC
PZMGYZL PZMGYZL
PTWCQ PTWCQ
PYD9SISJI PYD9SISJI
KRM4B KRM4B
WZ1MC3189 WZ1MC3189
BBFYA9B BBFYA9B
R6VBAVZ0B R6VBAVZ0B
OXWYDF OXWYDF
PTL1QU PTL1QU
Z6H98 Z6H98
92R432 92R432
ICTGXV ICTGXV
KSHB2KG KSHB2KG
ZY9VPYMXA ZY9VPYMXA
NSBI NSBI
