Satish 8YK2RM 4VB5RO1 CXLQGGJ746 PQ09CSX IZBGG78J HX4PKBU7 0I7Y 0I7Y F3YJ IEOT36K 5HGKBK QJ0LM8 OQ4PBF8L 974GXG05E JOBN3N FI29YX PL0UHK PL0UHK SKLZM 30N0P 7Y6VTLTLE 6WSDW HNB0AV YFWARI3U IEYK8 5N65HLXKU B0H9VDIK B0H9VDIK 5N65HLXKU IEYK8 YFWARI3U HNB0AV 6WSDW UG30UB5EM VNYZ5QVO77 TJ5M0R1Z 0NE1H72XF TJ5M0R1Z B86761T 9C1O4TX UQKXJVX IBAUCTY 2FB0FS3KWX RHCPZZ8Q FFLBM 5FYYHKTYU2 FFLBM RHCPZZ8Q IBAUCTY 7CRTCJA O2N6HBZK8 JNTKTNY5D0 QL51A0KUT O9SQOADVF EHS8A QAL7Z5UN VZNCA0 QAL7Z5UN EHS8A O9SQOADVF JNTKTNY5D0 4V9UNUZ8LD I2FNEL5 LP5SPDN I2FNEL5 JSSS9HX U0LMCHUU IWQ50AIEVI 59E13RE 7RO0MRK KEV198T80A KEV198T80A IWQ50AIEVI U0LMCHUU JSSS9HX I2FNEL5 ZZWSZUGS I2FNEL5 4V9UNUZ8LD JNTKTNY5D0 O2N6HBZK8 7CRTCJA BGPJX1OI XCH8 WQHN9 CQN7O RX6VI EXNDPNTC0 S657MFMG S657MFMG CQN7O WQHN9 XCH8 BGPJX1OI 7CRTCJA IBAUCTY UQKXJVX 9C1O4TX B86761T TJ5M0R1Z VNYZ5QVO77 UG30UB5EM 30N0P SKLZM PL0UHK FI29YX JOBN3N 974GXG05E 974GXG05E 5HGKBK IEOT36K F3YJ IZBGG78J PQ09CSX G1659O1PE PQ09CSX CXLQGGJ746 M6CD1Y QHH48VD7JJ QHH48VD7JJ M6CD1Y 8YK2RM Satish 9HCNMB0JT KFW40WJ 9HCNMB0JT Satish MOAM N26J6EU AETBJC WQM0D4 R2POU4T Y06D ODSGN281 V7T5SI VNCFO 1PUOCTGWF VNCFO ZL6OIISZ2 V1AX V0XPIYMYB V1AX ZL6OIISZ2 QU5Y0N2LQ Z7O3VM2U04 QU5Y0N2LQ YKTEQKEL QU5Y0N2LQ ZL6OIISZ2 VNCFO V7T5SI V7T5SI Y06D R2POU4T WQM0D4 AETBJC N26J6EU W11G7Z Satish
41
HX4PKBU7 V4R09
7Y6VTLTLE F1G8HC IQXEPH9QO
2FB0FS3KWX OJ27JN021 2FB0FS3KWX
QL51A0KUT EG23K ITHI7K6W1B QL51A0KUT
59E13RE 6HNG 59E13RE
EXNDPNTC0 19LN
RX6VI K936 SUC1CH RX6VI
QJ0LM8 AO31B76 QJ0LM8
4VB5RO1 07XQDCJI
ODSGN281 QEAJAFMPY ODSGN281
MOAM XGYWBMTWT
VNYZ5QVO77 VNYZ5QVO77
PL0UHK PL0UHK
QAL7Z5UN QAL7Z5UN
7CRTCJA 7CRTCJA
O2N6HBZK8 O2N6HBZK8
SKLZM SKLZM
S657MFMG S657MFMG
JOBN3N JOBN3N
V7T5SI V7T5SI
6WSDW 6WSDW
5N65HLXKU 5N65HLXKU
QU5Y0N2LQ QU5Y0N2LQ
0I7Y 0I7Y
WQM0D4 WQM0D4
N26J6EU N26J6EU
5HGKBK 5HGKBK
JSSS9HX JSSS9HX
QHH48VD7JJ QHH48VD7JJ
CXLQGGJ746 CXLQGGJ746
FPB1OLF3 FPB1OLF3
U0LMCHUU U0LMCHUU
M6CD1Y M6CD1Y
B0H9VDIK B0H9VDIK
F3YJ F3YJ
R2POU4T R2POU4T
PQ09CSX PQ09CSX
EHS8A EHS8A
VNCFO VNCFO
IEYK8 IEYK8
AETBJC AETBJC
