92 8 79 26 0 90 0 81 0 6 99 9 91 5 5 2 58 13 58 52 64 93 64 52 48 52 99 6 79 38 25 73 76 49 42 49 63 20 87 20 53 44 75 62 62 75 80 60 40 7 66 7 40 96 40 4 3 4 40 60 36 97 36 60 80 45 80 70 65 86 17 98 17 86 65 70 53 20 63 49 84 16 46 10 35 34 19 14 15 54 31 77 69 39 69 77 31 41 56 1 51 56 41 31 54 15 14 35 10 46 16 24 61 24 30 67 85 67 30 27 72 27 68 27 30 18 30 24 16 84 49 88 49 76 73 22 23 32 32 23 22 38 33 92 55 92 37 78 28 78 37 92
39
26 71 26
9 11 9
91 50 82 43 21 91
2 95 2
44 59 44
1 47 57
34 94
25 83 25
8 89
6 6
20 20
67 67
73 73
54 54
80 80
79 79
84 84
30 30
75 75
38 38
77 77
37 37
15 15
46 46
22 22
76 76
36 36
74 74
12 12
40 40
60 60
41 41
29 29
56 56
65 65
31 31
14 14
24 24
16 16
