129 137 117 89 80 161 77 9 176 9 77 161 80 84 101 167 101 3 4 81 158 141 103 12 134 12 103 141 158 81 147 30 111 13 50 52 50 13 180 18 140 115 185 115 94 114 78 90 42 43 21 73 34 172 31 55 170 55 132 102 132 55 146 55 138 165 172 34 21 43 26 128 190 54 118 28 27 27 0 135 79 104 74 61 182 61 135 35 127 173 20 191 63 96 97 72 97 96 76 169 76 96 87 149 159 139 166 139 159 149 87 33 5 40 1 40 88 124 88 40 5 106 133 24 186 168 183 131 183 47 187 58 86 58 183 168 133 106 5 113 75 45 45 75 113 87 96 96 63 191 49 123 136 123 53 121 143 144 199 144 189 162 70 162 189 144 53 17 120 8 8 173 127 35 135 67 27 93 68 69 69 93 118 128 26 43 42 90 94 148 94 196 25 7 59 71 41 22 22 41 99 56 85 195 157 29 29 157 195 56 99 156 95 193 95 156 59 7 198 7 25 196 18 180 13 112 46 107 38 119 38 107 37 112 147 154 179 147 164 3 101 84 80 89 117 137 92 92 153 129
78
4 11 4
111 142
114 108 114
73 178
31 110
28 65 15
0 160 145 82 0
79 152
47 62 44
24 174
33 175 33
20 2
49 91 49
121 150 171 121
17 48 57 17
68 126 14
54 188
190 64 190
78 163 125
140 151
71 194 23
85 51 98 85
32 192
46 100 109 122
30 184
154 66
19 130 36
129 197
180 180
161 161
5 5
53 53
97 97
189 189
87 87
95 95
183 183
128 128
40 40
158 158
101 101
56 56
63 63
84 84
195 195
50 50
123 123
137 137
156 156
55 55
29 29
107 107
92 92
103 103
16 16
155 155
21 21
157 157
88 88
58 58
61 61
196 196
96 96
177 177
191 191
99 99
26 26
89 89
76 76
59 59
8 8
105 105
6 6
39 39
25 25
13 13
81 81
9 9
