845LWU7Kg6167HQY i7lmV5iDIgl5f 96Ta5ZXc8I5gnTIcF8 Uyj5raM7C9SGCHQGUC UuONs3O7D2z5 3HQj1I8wd8 3HQj1I8wd8 UuONs3O7D2z5 0CwgepgS85xC4gx KKUFV29x8iO LwG3W8JHP11jTuAwnR nd5qDM7kw618Hh0d4048 iPJ5V8Mys7EZaxmjpw nd5qDM7kw618Hh0d4048 LwG3W8JHP11jTuAwnR 0CwgepgS85xC4gx 4 KpBvy Oi6biMHY 4 TU76UjE52906 3 3k k 5S6 k r geUO1h 81fSLVzHHmE3E pbE3R4QsB76l 9 N8191M9E9v N8191M9E9v 9 F1x 2P26ok0f25 B4PF77lpCQJ5dlK NGDVzC D3zC B4PF77lpCQJ5dlK 2P26ok0f25 F1x k 3k rso1009ZC 3k 3 TU76UjE52906 48783322I5q9PFVPT 9vq8gscs7dz1 eDv5MBdo IljV8Wn8 MVvh 11l6P71DgEau1baEX4 xaM1q4jQi3efYb0 2qgWbB40Ya16 MY3aL96Y i4838WP Jyceatq5u i4838WP 2377Qe3J7g3dGXjk0y 2qgWbB40Ya16 xaM1q4jQi3efYb0 11l6P71DgEau1baEX4 77yN7eHZwfF99R2 TBk5Pt5vt5SInt SpXOzJq05hvQH12ugJr5 TBk5Pt5vt5SInt 77yN7eHZwfF99R2 ElUTL FL4V06094CU0zO3gJava H6pXAnE0KypnExX H6pXAnE0KypnExX FL4V06094CU0zO3gJava 77yN7eHZwfF99R2 11l6P71DgEau1baEX4 MVvh DUiYDuR9yYFD5 UH4Lf7FAuZoT4lv2 WH0fnPg64 DUiYDuR9yYFD5 MVvh 9vq8gscs7dz1 WPu 9vq8gscs7dz1 6RiHvQ4xTN5 fgM12T WMY0xVk9j8T6Ly 1P8KX 8GpC 1P8KX WMY0xVk9j8T6Ly eqYzN7b19UgNo1K 6EkMcG0h eqYzN7b19UgNo1K m9Uc68jOUMs0AdI7Dl eqYzN7b19UgNo1K WMY0xVk9j8T6Ly fgM12T 6RiHvQ4xTN5 9vq8gscs7dz1 48783322I5q9PFVPT a O58T q38OIzTe 08WMKCRGev5XL359n5rM oxhIfytLFpCYNV q38OIzTe a 48783322I5q9PFVPT TU76UjE52906 4 0CwgepgS85xC4gx 96Ta5ZXc8I5gnTIcF8 845LWU7Kg6167HQY
35
Uyj5raM7C9SGCHQGUC NQ3vX6W6H74aK53np
KKUFV29x8iO ftk2 KKUFV29x8iO
KpBvy 4l4aqvNKB 95E0752p51t KpBvy
r ICQxh0Q58799CUd2 r
geUO1h 8M2OK8Px58 geUO1h
pbE3R4QsB76l SL88w66v7 YLKBD54k
NGDVzC ZT3
eDv5MBdo 5Qkzz260R7 eDv5MBdo
MY3aL96Y 42U0k6JhTQxPvUw8 EnhLq7BgTj8IN3Z2m MY3aL96Y
ElUTL 7L 672Pt4Ytw8LW X6SrYf57mSUQQ28C SmI7f ElUTL
J 122gt
UH4Lf7FAuZoT4lv2 YKpC4gQmPKaU311w9eOT
08WMKCRGev5XL359n5rM 5CCl0n2r5512
O58T O41Muu O58T
i7lmV5iDIgl5f 5
MVvh MVvh
48783322I5q9PFVPT 48783322I5q9PFVPT
4 4
TBk5Pt5vt5SInt TBk5Pt5vt5SInt
H6pXAnE0KypnExX H6pXAnE0KypnExX
6RiHvQ4xTN5 6RiHvQ4xTN5
fgM12T fgM12T
2qgWbB40Ya16 2qgWbB40Ya16
9 9
11l6P71DgEau1baEX4 11l6P71DgEau1baEX4
xaM1q4jQi3efYb0 xaM1q4jQi3efYb0
3k 3k
DUiYDuR9yYFD5 DUiYDuR9yYFD5
eqYzN7b19UgNo1K eqYzN7b19UgNo1K
TU76UjE52906 TU76UjE52906
u3Qv u3Qv
y y
3 3
B4mQOl023dn1 B4mQOl023dn1
D D
