0 11 45 5 3 13 85 13 79 90 79 89 55 82 55 89 5 7 56 7 75 7 5 51 14 10 60 62 67 62 60 10 63 65 10 77 16 23 42 88 42 23 16 73 16 77 10 80 10 96 8 86 8 96 31 70 31 96 10 14 30 72 30 14 34 69 17 61 17 69 14 53 14 64 14 51 5 99 9 18 33 59 33 35 57 4 40 95 40 4 57 35 87 9 37 29 84 29 98 32 93 32 98 29 37 9 43 94 43 9 99 5 45 12 28 76 28 12 66 36 97 24 50 97 36 66 12 45 68 71 1 41 21 54 39 91 39 54 21 83 81 83 21 58 1 92 1 71 52 74 0
40
11 44 11
3 19 3
63 48
34 27 34
18 6 18
24 46 24
41 15 41
0 20 26 38 22
1 1
2 2
4 4
5 5
7 7
8 8
9 9
10 10
12 12
13 13
14 14
16 16
17 17
21 21
23 23
25 25
28 28
29 29
30 30
31 31
32 32
33 33
35 35
36 36
37 37
39 39
40 40
42 42
43 43
45 45
47 47
49 49
