0 90 79 4 171 4 79 138 79 90 113 90 112 50 9 64 162 64 107 22 109 5 13 17 2 27 135 27 65 3 12 139 16 57 1 196 1 18 42 10 122 14 29 150 29 174 29 14 61 185 14 122 10 42 48 127 48 42 145 95 147 95 145 114 129 114 145 159 146 159 145 42 198 6 51 30 103 20 53 102 53 106 170 103 30 47 110 47 157 47 151 6 58 68 85 136 189 136 85 68 6 115 6 120 6 198 193 16 197 23 89 26 108 54 24 63 55 130 55 63 24 84 180 24 173 117 24 195 24 54 98 119 98 54 172 54 108 26 89 73 99 32 25 166 178 166 25 169 25 32 143 152 143 154 143 32 99 73 89 23 197 16 139 177 139 3 65 101 104 158 40 49 121 11 75 164 75 11 121 144 121 49 40 100 35 155 100 134 44 165 44 134 100 168 100 40 158 182 7 76 34 163 76 7 105 19 116 19 105 7 149 8 67 71 148 94 160 94 148 71 191 71 67 149 167 194 167 149 7 72 28 41 161 41 28 72 83 132 83 72 111 13 5 109 31 141 31 109 107 81 176 81 107 179 107 50 183 50 112 131 133 137 156 140 181 186 187 188 190 192 0
74
0 43 59 62 86 15
9 80 9
22 46 22
17 21 74 92 17
2 56 78 2
61 70 61
18 82 18
20 60 20
51 96 51
58 77 58
57 39 57
84 87 97 84
173 88
12 66 12
35 38 69 35
34 91 34
8 45 8
137 37 52
1 1
3 3
4 4
5 5
6 6
7 7
10 10
11 11
13 13
14 14
16 16
19 19
23 23
24 24
25 25
26 26
27 27
28 28
29 29
30 30
31 31
32 32
33 33
36 36
40 40
41 41
42 42
44 44
47 47
48 48
49 49
50 50
53 53
54 54
55 55
63 63
64 64
65 65
67 67
68 68
71 71
72 72
73 73
75 75
76 76
79 79
81 81
83 83
85 85
89 89
90 90
93 93
94 94
95 95
98 98
99 99
