loc0 loc23 loc84 loc73 loc84 loc23 loc15 loc89 loc32 loc89 loc86 loc68 loc82 loc54 loc83 loc54 loc82 loc80 loc89 loc17 loc89 loc15 loc55 loc15 loc23 loc76 loc23 loc99 loc47 loc25 loc81 loc4 loc67 loc79 loc44 loc14 loc44 loc79 loc11 loc81 loc57 loc81 loc25 loc46 loc71 loc9 loc88 loc8 loc5 loc6 loc6 loc5 loc8 loc88 loc9 loc93 loc72 loc87 loc2 loc1 loc53 loc30 loc37 loc59 loc98 loc10 loc3 loc51 loc36 loc51 loc85 loc51 loc3 loc59 loc37 loc53 loc1 loc2 loc87 loc72 loc27 loc90 loc62 loc45 loc43 loc49 loc50 loc56 loc63 loc56 loc39 loc18 loc39 loc43 loc58 loc74 loc24 loc92 loc24 loc74 loc58 loc43 loc90 loc46 loc25 loc97 loc25 loc47 loc7 loc12 loc64 loc12 loc7 loc47 loc99 loc94 loc19 loc38 loc41 loc38 loc19 loc94 loc21 loc77 loc21 loc94 loc99 loc66 loc99 loc23 loc0
31
loc68 loc52
loc86 loc69 loc86
loc67 loc28 loc65
loc4 loc42
loc71 loc61
loc93 loc26 loc93
loc30 loc34
loc98 loc75 loc29
loc62 loc20 loc16 loc62
loc50 loc40
loc49 loc48 loc31 loc49
loc45 loc35 loc45
loc39 loc39
loc8 loc8
loc6 loc6
loc21 loc21
loc91 loc91
loc81 loc81
loc79 loc79
loc24 loc24
loc7 loc7
loc54 loc54
loc33 loc33
loc90 loc90
loc25 loc25
loc23 loc23
loc72 loc72
loc84 loc84
loc88 loc88
loc99 loc99
loc51 loc51
