a0 b4 h2 i6 i3 i0 i3 i6 h2 b4 b9 a2 c9 e8 d7 i8 h9 g5 h9 h3 h9 i8 d7 e8 c9 f3 f9 g7 f9 f3 j1 h0 e9 j7 g9 f8 g9 j2 j9 j2 g9 j7 e9 e6 e7 i1 f7 e3 e3 e7 e6 g6 g1 g4 g1 g6 e6 d3 d2 d4 h1 g8 f4 h8 i4 f5 i4 h4 i4 h8 f4 g8 h1 d2 d3 j4 j5 j4 a3 c2 d0 a9 a8 a7 a6 a5 a4 c1 h7 i7 h7 i5 j0 i5 j8 i5 h7 a4 a5 a6 a8 a9 d6 a9 d0 c2 a3 f2 f1 d1 f6 h6 f6 c7 i2 g0 i2 c7 f1 g2 f1 f2 a3 a0
33
a0 b5 e2 e4 f0 b2
b9 b8 d5 b9
j1 b3 b0
i1 e5
d4 e0 d4
c1 c0 c1
a7 d9
d6 c3 d8 d6
d1 c5 d1
b1 b1
b4 b4
b6 b6
b7 b7
c2 c2
c4 c4
c6 c6
c7 c7
c8 c8
c9 c9
d0 d0
d2 d2
d3 d3
d7 d7
e1 e1
e3 e3
e6 e6
e7 e7
e8 e8
e9 e9
f1 f1
f2 f2
f3 f3
f4 f4
