69 7 36 16 169 16 36 176 39 8 163 12 181 163 21 3 15 11 114 86 91 137 93 161 175 47 15 49 15 190 4 172 189 109 186 10 179 159 184 186 35 183 124 164 154 190 79 45 2 155 26 78 26 75 26 43 26 67 187 126 23 199 23 32 24 20 13 182 29 70 55 68 108 120 45 121 5 84 54 33 33 121 174 34 145 107 28 142 28 57 21 85 21 170 1 59 19 103 19 59 180 92 0 48 102 17 42 17 102 168 162 6 153 98 14 139 60 95 129 98 125 89 9 18 73 18 105 18 116 177 140 41 123 88 162 111 22 178 22 143 157 92 65 61 156 38 25 25 141 62 136 167 167 130 94 151 39 122 40 196 76 138 66 173 152 144 96 69
29
12 197
11 104 146 147 97 112 11
3 171 185 198 133 110 58 50
4 37 134 44 82 52
10 148
2 160 150 83 2
24 119 24
13 90
5 132 191 192 5
8 100 77 117
1 46 87 118 64 31 30 158 128 149 1
6 106 63 166 80 71 72 81 74 165
14 99 14
9 53 194
0 188 193 51 113 195
170 56
7 131 115 135 127 101
36 36
186 186
163 163
33 33
25 25
26 26
59 59
16 16
121 121
27 27
190 190
162 162
