74 123 123 109 161 99 137 97 36 106 36 73 125 67 98 102 145 102 98 73 146 8 49 10 49 124 49 146 45 186 28 1 18 34 7 80 104 80 7 52 197 9 71 9 144 93 144 9 197 138 116 70 79 175 175 165 64 176 175 79 70 189 70 116 120 38 120 116 169 116 138 151 33 76 56 177 56 59 60 35 188 183 25 44 185 25 23 41 156 87 156 119 156 160 156 41 23 25 183 188 35 60 59 65 91 131 53 152 16 2 16 85 16 152 62 131 91 162 91 170 63 57 194 55 195 66 50 159 50 66 193 46 84 149 66 139 19 139 5 48 132 30 132 48 5 59 83 78 83 164 182 13 15 40 22 40 196 40 15 148 105 117 3 180 158 43 187 75 4 75 187 43 158 180 3 117 105 148 15 121 6 82 69 58 68 58 191 58 45 146 73 137 99 20 181 126 181 109 123 74
70
97 81 134 173 198 97
125 95 157 125
8 142 61 129 115
52 27 52
34 163
64 155 167 90 17
165 171 165
76 31 114 154 118 76
44 107 44
53 178 53
65 200
57 128
194 136
193 77 190 54 193
63 174 63
170 12
33 108
151 135
18 72 18
4 179 39 4
6 89
121 111
13 192
1 47
28 88 130
186 127
161 140 161
20 184 20
5 5
11 11
14 14
16 16
23 23
32 32
42 42
45 45
50 50
51 51
56 56
58 58
59 59
60 60
66 66
73 73
80 80
83 83
86 86
91 91
94 94
96 96
98 98
99 99
100 100
103 103
105 105
109 109
112 112
113 113
116 116
120 120
123 123
132 132
133 133
138 138
139 139
143 143
146 146
152 152
158 158
199 199
