AA AN AD DN CT DL CT AM CU DO CU CT DM CT DN AD AK CP DE CP DD CP DC CP AK CO DB CO CZ CO DA CO AK AD AL CR DJ CR AL CQ DH CQ DG CQ DF CQ AL CS DI CS DK CS AL AD AC AJ BX CH BX CI BX CJ BX AJ BY CN BY CK BY CM BY CL BY AJ AC AB AH BL BO BL AH BM BR BM BP CE BW CF BW CG BW AI BV CB BV CC BV CD BV AI BU BZ BU CA BU AI BW CE BP BM BQ BM AH BN BS FF FG FF FH FF BS BN BT BN AH AG EA EE EG EF EL EW EX EY EK EY EX EW EL EF EM EU EV EU EM EF EN EQ ES EN ER ET ER EN EF EH EF FD AF AS AY AS AX AS AW AS AF AR AV AR AU AR AT AR AF AA
28
AN DU DW DV AN
AM DQ DP DR AM
AA DS
AB AP AQ AB
EA BJ FC FB
EC DY
EE EP
EQ EO
EH EZ FA
AG BI BH BF BG BE BD AG
AC AC
AD AD
AE AE
AF AF
AH AH
AI AI
AJ AJ
AK AK
AL AL
AO AO
BK BK
DT DT
DX DX
DZ DZ
EN EN
EX EX
EY EY
FF FF
