AA AC AI BR BX BR BY BR BZ BR AI BS CB BS CC BS CA BS AI BQ BV BQ BW BQ AI AC AJ BT CD BT CE BT CF BT AJ BU CJ BU CG BU CI BU CH BU AJ AC AA AD AN CU AN CT DO CT DM CT DN CT AN AD AK CL DA CL CZ CL CY CL AK CK CX CK CV CK CW CK AK AD AM CS DK CS AM CR DL CR AM CP DH CP DJ CP DI CP AM CQ AM AD AL CN DF CN AL CM DD CM DC CM DB CM AL CO DE CO DG CO AL AD AA AB AH BH BN BH BL BH BM BH BI BO BI BP BI AG AW BC AV BA AV BB AV AZ AV AU AY AU AF AR AT AR AF AQ AS AQ AF AA
19
AB AP AB
AH BJ BK AH
AG BE BF AG
AW BD
AC AC
AD AD
AE AE
AF AF
AI AI
AJ AJ
AK AK
AL AL
AM AM
AN AN
AO AO
AQ AQ
BG BG
BH BH
BI BI
