5 73 32 32 44 59 41 28 28 55 91 13 80 49 80 39 65 4 1 20 85 48 24 14 99 27 58 27 19 19 14 24 48 48 85 20 1 4 66 57 98 21 29 69 86 87 51 64 35 93 16 92 42 68 68 16 6 75 40 40 50 22 50 11 81 7 25 25 7 62 60 8 60 62 56 11 50 6 16 93 35 64 51 87 45 45 2 30 72 36 53 67 95 0 47 34 47 0 95 96 96 82 82 36 2 45 87 86 69 29 21 98 57 90 63 79 63 54 37 84 33 74 46 74 33 84 37 23 52 23 89 3 31 9 78 78 78 9 31 97 97 89 23 37 54 63 90 57 66 91 55 28 41 59 44 94 44 5 71 5
39
73 17 73
13 77
99 15
65 61
92 18 92
75 76 75
81 26 81
30 70
67 10 67
53 12 53
3 38 88 83 3
39 43 39
14 14
90 90
50 50
29 29
89 89
9 9
97 97
1 1
6 6
45 45
7 7
28 28
33 33
2 2
35 35
24 24
11 11
86 86
84 84
32 32
60 60
91 91
25 25
55 55
96 96
41 41
31 31
