112 123 8 73 73 103 65 113 168 86 129 172 172 2 4 189 91 26 120 37 15 136 169 110 145 110 31 25 108 25 31 110 169 136 18 111 18 136 15 37 120 66 173 55 173 120 26 26 91 189 4 2 86 168 113 133 83 52 81 164 174 152 107 107 152 23 101 77 146 84 127 126 29 69 61 155 147 82 20 116 20 82 147 155 61 69 29 126 127 84 146 77 101 53 50 135 135 183 34 191 72 47 177 63 93 128 177 47 72 171 12 180 106 185 106 180 12 171 72 191 78 181 122 122 181 134 24 198 140 42 56 10 56 42 48 9 79 54 51 32 124 193 90 178 43 43 178 90 32 157 188 137 105 142 105 137 188 21 176 21 44 182 19 75 92 92 67 19 182 44 21 188 157 32 51 54 79 9 170 62 9 48 42 140 198 24 131 163 68 179 68 163 131 24 160 154 76 167 187 88 88 41 74 41 88 187 76 154 160 191 34 183 135 50 53 27 46 148 87 27 53 101 23 164 81 52 71 190 36 175 192 85 16 3 16 85 192 175 36 190 33 197 159 156 14 162 199 98 98 162 14 156 186 130 100 130 186 156 58 89 59 141 57 119 150 144 144 138 161 132 45 132 161 138 22 138 119 57 7 5 7 57 141 196 141 59 89 30 39 30 89 58 156 159 197 33 190 71 1 71 52 83 133 113 65 40 13 143 143 40 123 95 28 117 125 166 38 166 125 153 0 0 153 28 95 35 102 139 115 115 35 95 123 112 118 96 195 96 118 112
87
8 109 8
129 97 121 129
66 149 66
174 49 174
63 70
78 184 78
124 194 124
75 114 75
170 17 170
167 99
134 6
46 158
148 11
199 80 64
150 165
13 60 13
103 94
117 104 117
102 151 102
83 83
52 52
71 71
20 20
147 147
160 160
84 84
171 171
157 157
58 58
40 40
143 143
27 27
42 42
131 131
138 138
72 72
59 59
81 81
120 120
73 73
152 152
126 126
166 166
85 85
127 127
23 23
136 136
56 56
41 41
96 96
34 34
130 130
118 118
33 33
182 182
183 183
53 53
168 168
172 172
107 107
14 14
123 123
28 28
29 29
146 146
163 163
36 36
21 21
144 144
188 188
9 9
44 44
24 24
190 190
154 154
181 181
68 68
169 169
69 69
0 0
105 105
54 54
95 95
187 187
119 119
162 162
35 35
