Soda loc80 loc37 loc51 loc2 loc24 loc21 loc50 loc50 loc21 loc24 loc2 loc9 loc56 loc5 loc16 loc94 loc47 loc78 loc4 loc3 loc46 loc46 loc3 loc10 loc10 loc12 loc92 loc29 loc29 loc95 loc28 loc28 loc95 loc29 loc92 loc87 loc87 loc78 loc47 loc94 loc16 loc77 loc27 loc59 loc60 loc60 loc59 loc27 loc77 loc34 loc22 loc43 loc26 loc19 loc20 loc20 loc32 loc32 loc36 loc36 loc43 loc22 loc34 loc9 loc37 loc80 Soda
35
loc51 loc18 loc17 loc68 loc38 loc8 loc83 loc31 loc91 loc41
loc63 loc72 loc96 loc99
loc12 loc30 loc55 loc13 loc12 loc61
loc4 loc57 loc23
loc5 loc79
loc26 loc90 loc26 loc67
loc45 loc73 loc48 loc97 loc45
loc19 loc81 loc93 loc33 loc19 loc71 loc45
loc44 loc39 loc44
loc56 loc89 loc39 loc40 loc44
loc8 loc38 loc8
loc21 loc21
loc71 loc71
loc67 loc67
loc43 loc43
loc49 loc49
loc20 loc20 loc73 loc49
loc32 loc32 loc48
loc66 loc66
loc36 loc36 loc97 loc66
loc83 loc83
loc31 loc31
loc91 loc91
loc41 loc41
loc40 loc40
loc23 loc23
loc61 loc61
loc92 loc92
loc53 loc53
loc86 loc86
loc10 loc10 loc96 loc99 loc86
loc29 loc29 loc53
loc28 loc28
loc95 loc95
loc46 loc72
