Soda loc3 loc179 loc182 loc70 loc139 loc70 loc78 loc73 loc78 loc70 loc182 loc186 loc48 loc132 loc18 loc85 loc91 loc117 loc132 loc44 loc162 loc54 loc93 loc105 loc19 loc168 loc4 loc63 loc175 loc71 loc175 loc75 loc137 loc40 loc40 loc137 loc75 loc184 loc5 loc82 loc43 loc65 loc62 loc65 loc1 loc65 loc27 loc180 loc133 loc180 loc10 loc89 loc95 loc176 loc21 loc8 loc15 loc79 loc49 loc79 loc15 loc8 loc81 loc101 loc148 loc22 loc187 loc22 loc148 loc60 loc127 loc152 loc60 loc148 loc101 loc81 loc149 loc81 loc8 loc158 loc8 loc21 loc165 loc12 loc150 loc96 loc150 loc41 loc77 loc56 loc159 loc110 loc69 loc110 loc159 loc174 loc77 loc41 loc150 loc66 loc150 loc12 loc76 loc12 loc197 loc164 loc144 loc164 loc47 loc52 loc126 loc68 loc126 loc52 loc196 loc16 loc178 loc16 loc113 loc113 loc52 loc164 loc197 loc115 loc99 loc134 loc33 loc134 loc115 loc35 loc194 loc194 loc35 loc95 loc89 loc147 loc193 loc111 loc169 loc102 loc102 loc37 loc37 loc102 loc169 loc11 loc11 loc29 loc112 loc112 loc29 loc31 loc24 loc198 loc28 loc166 loc109 loc119 loc109 loc166 loc28 loc125 loc28 loc198 loc24 loc31 loc193 loc114 loc86 loc153 loc86 loc114 loc193 loc180 loc82 loc5 loc184 loc4 loc168 loc19 loc98 loc19 loc105 loc160 loc108 loc143 loc108 loc160 loc105 loc93 loc54 loc135 loc67 loc129 loc195 loc32 loc32 loc67 loc161 loc54 loc162 loc44 loc132 loc48 loc2 loc130 loc177 loc130 loc2 loc48 loc182 loc120 loc123 loc190 loc46 loc191 loc116 loc191 loc46 loc190 loc120 loc53 loc25 loc25 loc36 loc36 loc145 loc156 loc156 loc145 loc36 Soda
74
loc3 loc80 loc3
loc18 loc90
loc57 loc59 loc57
loc63 loc72 loc20
loc127 loc183
loc56 loc146
loc165 loc100 loc165
loc47 loc170
loc196 loc103 loc155 loc61 loc7 loc185
loc99 loc9
loc176 loc55
loc111 loc141 loc181 loc39 loc136 loc128 loc111
loc147 loc122 loc147
loc10 loc131 loc10
loc27 loc188
loc43 loc83
loc34 loc88 loc121 loc189 loc97 loc167 loc34
loc17 loc118 loc138 loc17
loc129 loc94
loc163 loc171 loc163
loc135 loc154
loc186 loc45
loc123 loc151
loc53 loc140 loc53
loc179 loc58
Soda loc172 loc6
loc82 loc82
loc65 loc65
loc50 loc50
loc13 loc13
loc74 loc74
loc23 loc23
loc14 loc14
loc32 loc32
loc84 loc84
loc75 loc75
loc157 loc157
loc137 loc137
loc40 loc40
loc42 loc42
loc199 loc199
loc64 loc64
loc106 loc106
loc25 loc25
loc36 loc36
loc156 loc156
loc145 loc145
loc193 loc193
loc11 loc11
loc101 loc101
loc142 loc142
loc28 loc28
loc79 loc79
loc15 loc15
loc77 loc77
loc41 loc41
loc51 loc51
loc192 loc192
loc126 loc126
loc26 loc26
loc95 loc95
loc114 loc114
loc180 loc180
loc173 loc173
loc194 loc194
loc35 loc35
loc30 loc30
loc38 loc38
loc37 loc37
loc107 loc107
loc24 loc24
loc8 loc8
loc109 loc109
loc22 loc22
