Soda loc43 loc12 loc34 loc12 loc28 loc12 loc17 loc47 loc17 loc33 loc17 loc38 loc1 loc11 loc7 loc10 loc36 loc10 loc7 loc2 loc22 loc41 loc15 loc37 loc41 loc22 loc2 loc7 loc11 loc9 loc4 loc6 loc21 loc16 loc39 loc44 loc3 loc3 loc44 loc39 loc16 loc40 loc40 loc32 loc32 loc9 loc11 loc11 loc29 loc24 loc24 loc0 loc11 loc5 loc27 loc5 loc11 loc25 loc18 loc18 loc25 loc38 Soda
18
loc43 loc48 loc30
loc15 loc14 loc15
loc6 loc20 loc45 loc46
loc4 loc31 loc4
loc29 loc8 loc29
loc1 loc42 loc1
loc2 loc2
loc25 loc25
loc17 loc17
loc3 loc3
loc22 loc22
loc16 loc16
loc11 loc11
loc19 loc19
loc12 loc12
loc10 loc10
loc9 loc9
loc5 loc5
