LM SA GU NM SL ZZ YX VC AF ID LK JC MF AX MF YG MF AO MF GR WI GR BR WA LI EO IA NR RN RN NR OQ AU YT JR JA JR OZ JR AZ JR YI RM YI IX BV PW LS TC TD FM WE SJ YV QN CW FT KU FT XX FT DX FT FA LV YS XB UX WJ MP UT AA WJ KT PH ZU PH KT WJ EN WJ JG WJ WM WJ UX DB UX JP GB LR GB TH CV VG QK GZ WK TP YF CI KF XM TW IV CE IV WY JL QA WT GL JB TL SQ ST UR RR KV EX KV FR KV HJ KV HP KV CJ KV EJ HF IH YJ QR ZX VD KY SJ UL SJ DZ SJ VI SJ UN SJ HU SJ QO SJ MH SJ UM DQ DY DQ BB EM BM RH EE VP IE FM EC WU IY IJ OJ PB RV LQ NS BI LQ MB MA MB LQ OO LQ OW LQ OX TU MQ UI LN PB NP ZR ZR RX PV AQ TK AD TK FY KH VW KH AL FL YZ MT KC PQ PP EA CT VQ RP FN XD VE LE ME XC LM
21
SL WX YD SL
NM PJ TG XG
IA QG IA
GU WH CG
CW VY CW
MP ZG UO
QN DR HS QC
XM FH VF
KF LF FU
YV KL
WE UQ PS
SA PX
NS EQ
RV CY NL TO
NP DC
LM QJ PN
SJ SJ
MF MF
FT FT
IV IV
GR GR
