0 84 6 66 6 84 0 31 51 16 8 95 58 88 16 62 34 81 79 81 42 55 56 60 73 94 89 5 92 5 64 2 78 38 52 93 52 87 20 67 20 97 72 68 22 29 53 29 22 68 11 90 68 72 75 91 75 40 49 83 49 71 49 40 75 72 35 54 96 54 33 86 33 59 80 98 23 76 23 98 80 85 63 80 33 72 82 99 82 20 61 61 64 0
37
51 24
8 12 8
95 9
34 44 34
55 13
42 48 42
4 45 4
89 47
2 26 50 2
38 36 38
78 15
11 18 11
83 46 25 41
35 17 30 35
85 32
59 10
97 3
31 43 31
1 1
5 5
6 6
7 7
14 14
16 16
19 19
20 20
21 21
22 22
23 23
27 27
28 28
29 29
33 33
37 37
39 39
40 40
49 49
