0 144 157 16 24 87 188 121 91 67 150 164 129 164 156 106 86 146 192 95 132 119 198 95 192 7 59 174 53 151 182 105 134 105 163 192 146 156 159 156 164 150 62 22 82 196 155 48 49 193 143 193 49 141 49 48 82 108 118 127 118 108 115 108 82 22 172 22 140 124 181 168 102 40 64 64 40 140 81 112 81 140 162 140 150 67 91 107 188 161 188 167 160 189 160 79 154 79 128 79 160 89 166 89 188 87 24 94 130 52 133 4 74 171 175 171 44 179 44 171 74 136 74 4 133 52 130 94 142 94 24 30 9 98 8 131 199 131 80 173 126 191 173 109 123 45 56 122 41 147 101 122 56 45 148 85 186 180 186 85 148 45 158 45 123 65 5 135 20 137 153 185 153 137 20 194 184 97 187 97 149 5 65 123 72 197 123 109 31 104 3 90 88 152 88 63 138 63 88 3 165 3 104 31 131 98 178 190 0
76
0 2
106 50 13
86 47 76 86
132 43
174 17 28
53 54 53
151 55
59 51 59
7 57 7
196 77
155 75 70
181 96
168 25
124 11
62 10 68 62
121 14
167 26
126 46
41 19 41
147 78
135 34 73 61
194 84
72 92 33 72
90 23 90
80 71 80
8 38 8
9 60 9
30 42 30
16 15 1 99 93 16
157 69
144 27
3 3
4 4
5 5
6 6
12 12
18 18
20 20
21 21
22 22
24 24
29 29
31 31
32 32
35 35
36 36
37 37
39 39
40 40
44 44
45 45
48 48
49 49
52 52
56 56
58 58
63 63
64 64
65 65
66 66
67 67
74 74
79 79
81 81
82 82
83 83
85 85
87 87
88 88
89 89
91 91
94 94
95 95
97 97
98 98
100 100
