48 68 14 116 146 116 155 3 65 5 51 180 91 147 105 38 165 28 38 98 67 50 15 82 99 102 110 172 100 172 110 102 85 39 128 39 85 37 22 169 74 66 191 96 183 96 191 66 74 169 22 18 22 153 50 25 90 30 90 25 42 9 130 126 24 126 92 177 92 126 94 182 144 182 113 78 185 78 138 199 76 199 138 176 95 27 95 86 1 138 78 7 10 161 159 26 7 78 89 62 132 89 182 126 119 97 119 8 162 134 196 8 119 126 130 49 70 49 130 197 61 173 163 171 73 184 73 171 163 75 61 197 131 44 131 197 130 9 42 25 17 25 50 54 50 67 98 103 57 151 45 107 71 45 111 198 111 45 151 57 63 57 103 160 103 98 101 43 2 124 56 4 56 124 43 101 98 38 84 47 187 91 104 192 51 5 65 3 155 143 12 143 167 139 167 143 125 174 142 174 59 81 77 33 148 80 114 157 166 157 114 80 59 174 125 31 112 188 112 31 41 150 41 31 125 143 0 32 64 83 64 32 0 143 155 116 14 68 6 106 68 48
73
165 34 93 165
15 137
99 29
37 133
177 117 158 177
113 69 113
185 20 46 109 190 185
176 170 176
86 108 186
10 53 10
159 179 120
62 16
94 175
162 123
196 40 136 196
173 58 118 194 52
107 87 107
2 23 2
147 36 147
47 55
84 60 84
180 181 156 180
104 149
77 164 19
81 35
148 79 148
6 11
199 199
73 73
143 143
154 154
141 141
151 151
56 56
135 135
126 126
157 157
115 115
66 66
167 167
85 85
197 197
191 191
38 38
110 110
5 5
163 163
182 182
90 90
152 152
21 21
25 25
78 78
64 64
145 145
9 9
103 103
193 193
42 42
119 119
101 101
3 3
88 88
138 138
171 171
7 7
39 39
98 98
125 125
155 155
129 129
74 74
67 67
