mdyuzxshey vkrlpmybdj tvcolajnao ouxenssqdu qydclznxrd cmdqzmgvfi zpybghfdbe bswhowadhl awqmxektil bswhowadhl oegfbrwyrp lbuiysostx sjtuxgdwms lbuiysostx oegfbrwyrp tgbmxdmvwe rnpokwoqgt tgbmxdmvwe oegfbrwyrp bswhowadhl lndsfxewdc mswyvpdrsy hkempoemlv ixyurvbpvu syxecaxosc qgfchcatzi oggftsricu lnicnhmajr kyblmbvqtv chjuuxuacs kyblmbvqtv lnicnhmajr owusjcmdkp ljhmnbaicr ebqxbaqnmm zumetrybth gjmmikaxih tvuprbwofb ebqxbaqnmm zpjhxyylhb ebqxbaqnmm ljhmnbaicr owusjcmdkp oewptytlja knfzsnhzvx xftptyrlvl knfzsnhzvx oewptytlja bbwcqzwyoz oewptytlja nwlccbonas fxuhthwjjp nwlccbonas oewptytlja owusjcmdkp lnicnhmajr oggftsricu euqbrkzdsw wtjzgzopuw eysfgfavho phknwbtipl kdujdjjwot sinegnctim phknwbtipl hadchvmijq wynbxuuxru epdwcjuvdr gkcfktyute epdwcjuvdr wynbxuuxru hadchvmijq xplqpgpbvq lkvobxyfca fznfvsgjhc yhpfnjjqmm xkasbvrrxd idfvjoquhh xkasbvrrxd pymtnhypxd xkasbvrrxd yhpfnjjqmm fznfvsgjhc lkvobxyfca xplqpgpbvq hadchvmijq phknwbtipl eysfgfavho wtjzgzopuw euqbrkzdsw oggftsricu qgfchcatzi hkempoemlv mswyvpdrsy lndsfxewdc tmrnpjqnxx wtlzrefwav xawkqmfmmx evdoyagqfp hsjqtjkukk smwxdupkdv aokbiptbzc koawdpgqdx qzdrdcxoib koawdpgqdx xywdziunpr jrusiskazm xywdziunpr koawdpgqdx unihwwnyqz qepegujmaa jfccyptuug qepegujmaa xtvbrolacp iwdghbmiai gucdicwxmb iwdghbmiai xtvbrolacp qepegujmaa unihwwnyqz ztplgyvqhm unihwwnyqz koawdpgqdx aokbiptbzc smwxdupkdv hsjqtjkukk tmrnpjqnxx qydclznxrd ouxenssqdu tvcolajnao qcktwemqbm wkwwcqjtxf qcktwemqbm tvcolajnao mdyuzxshey
38
mdyuzxshey mysadifwma
vkrlpmybdj zmfuudfatm vkrlpmybdj
zpybghfdbe psiebvskfb
zumetrybth bnmegnfgii zumetrybth
xftptyrlvl jqtguzxxsl wtyqwjwskq jedsthbmzo xftptyrlvl
kdujdjjwot bulywvvpni kdujdjjwot
syxecaxosc gwnccktgki
ixyurvbpvu optviwhmbr lazlsvgukx vugkhjygfe
cmdqzmgvfi qfbvncxldf cmdqzmgvfi
wtlzrefwav eooyfwmxln wtlzrefwav
jatkaoyfxb jatkaoyfxb
oewptytlja oewptytlja
zjbarjhmau zjbarjhmau
lndsfxewdc lndsfxewdc
knfzsnhzvx knfzsnhzvx
lbuiysostx lbuiysostx
tgbmxdmvwe tgbmxdmvwe
xtvbrolacp xtvbrolacp
hadchvmijq hadchvmijq
ahqdrcepub ahqdrcepub
rkyixxpcbx rkyixxpcbx
ebqxbaqnmm ebqxbaqnmm
mswyvpdrsy mswyvpdrsy
qydclznxrd qydclznxrd
wynbxuuxru wynbxuuxru
qcktwemqbm qcktwemqbm
aokbiptbzc aokbiptbzc
gllungmori gllungmori
qepegujmaa qepegujmaa
lkvobxyfca lkvobxyfca
owusjcmdkp owusjcmdkp
ljhmnbaicr ljhmnbaicr
koawdpgqdx koawdpgqdx
fznfvsgjhc fznfvsgjhc
nwlccbonas nwlccbonas
euqbrkzdsw euqbrkzdsw
lnicnhmajr lnicnhmajr
seeyrseflx seeyrseflx
