lVOvaZXqjnb1QiPN4SL tmubz8TR6MEqo04GaXQ gkpL5fD3ElFtx1WROvh Mg6pyiPn23XZN5TYhWu FAMBezib3NQgOGjoTWc niqhpIvmWlXDfoxR306 0T9maM1SwOgrVn4YzoH niqhpIvmWlXDfoxR306 xQmgW0nsTLYUtEPFkAV Ldcl3AQ6if2Tw05Rt4a xQmgW0nsTLYUtEPFkAV QxOibWH820XNYpq3tLs Z2Oqdnc0MfDeAKGTu48 SufhLJOiCtkMF6HlyGg Wlgb46rPaXLDOZeuAk8 ZyzOgrvJLwMcx1a2Epj vEbpxhNR9ImsTgyqFO2 vFfwkYMLZqi2uNenlj8 vEbpxhNR9ImsTgyqFO2 ZyzOgrvJLwMcx1a2Epj W2RbIBa65g3kqx0jcnz xgwVF2QIT3hvcbajUW6 W2RbIBa65g3kqx0jcnz 1rohJL7paNV60dkwHy5 Zo80ElJk9ieDrNjYvm2 6oNswnF1cJhOzlWLC8Z Zo80ElJk9ieDrNjYvm2 j3FIYMTRaZqwSboGDli Zo80ElJk9ieDrNjYvm2 1rohJL7paNV60dkwHy5 W2RbIBa65g3kqx0jcnz ZyzOgrvJLwMcx1a2Epj S3RnaUX1VOgTWKz9hbE ydR9gWXJkKALx6CwnN5 0I5bOlMW6Q9DuYsrn12 ydR9gWXJkKALx6CwnN5 mpUD6RfHyeQOtYhIdaP YLmOiXFGB7JosQNtI95 mpUD6RfHyeQOtYhIdaP Dp1cxCTaBumI7LFG9yR 0FXL28QbGfmzgHyvnMD Dp1cxCTaBumI7LFG9yR mpUD6RfHyeQOtYhIdaP ydR9gWXJkKALx6CwnN5 S3RnaUX1VOgTWKz9hbE ZyzOgrvJLwMcx1a2Epj Wlgb46rPaXLDOZeuAk8 SufhLJOiCtkMF6HlyGg M1yAedBWD0aOQKUkTj8 SufhLJOiCtkMF6HlyGg Z2Oqdnc0MfDeAKGTu48 jM95rTCpteGDZ0BkxHz 4AqQ5YUNTrIBzKiPea7 6sf0XjAagZLqR4CJPlD FlotE1H9ncziVfSk3RL Bu8WOrVsJFcCQXm29Ue VtpXbQuGP9Wqv0OxRMo Bu8WOrVsJFcCQXm29Ue FlotE1H9ncziVfSk3RL CDEvtaSiF17w8zo2Aey U5dFVbnKu6iAo4sPWQY r7lSNvA6nm9JpW8THBj Yi7NLz6vyjKXEpMDWSZ eVptTkzJDKPoSRbwfs0 Yi7NLz6vyjKXEpMDWSZ r7lSNvA6nm9JpW8THBj 0Vca3FbEMRi5AQDsO6n r7lSNvA6nm9JpW8THBj U5dFVbnKu6iAo4sPWQY CDEvtaSiF17w8zo2Aey B7nrAf5T0ywLjJhlW92 CDEvtaSiF17w8zo2Aey 4CF9Rq7EKgAduij0sG3 DmkWNycnQS4XZxvM1rf UTh5uxcaOEdINJHjKt8 sYlHgS5wtRaZOTc7xoL UTh5uxcaOEdINJHjKt8 DmkWNycnQS4XZxvM1rf 4CF9Rq7EKgAduij0sG3 CDEvtaSiF17w8zo2Aey FlotE1H9ncziVfSk3RL 6sf0XjAagZLqR4CJPlD 4AqQ5YUNTrIBzKiPea7 jM95rTCpteGDZ0BkxHz Z2Oqdnc0MfDeAKGTu48 L6i2mJWwCPlub7GeUYN Z2Oqdnc0MfDeAKGTu48 QxOibWH820XNYpq3tLs EVhZUkuHSmAlJMtdINf QxOibWH820XNYpq3tLs xQmgW0nsTLYUtEPFkAV CwPJNgKrseluBSRnW2Z xQmgW0nsTLYUtEPFkAV yXsLdi0xfgQkYqnZr1G xQmgW0nsTLYUtEPFkAV FxwUySuh4zmE6kCHNsa xQmgW0nsTLYUtEPFkAV niqhpIvmWlXDfoxR306 FAMBezib3NQgOGjoTWc Mg6pyiPn23XZN5TYhWu gkpL5fD3ElFtx1WROvh lVOvaZXqjnb1QiPN4SL
25
tmubz8TR6MEqo04GaXQ prEdKF8t2xfGRCWhIb6 q2hnSgjm30BKapPZH8v YkRo3m4NGhXuEbHLgis PjaGwqf8CSFyxQX6Tph ZCNy86nGLY4wfo1cWje Dea9uc7gshQNXqSrGwR oarTSh6swBUepOyZfIL gPuR31xAk9zvU6NTyj8 wG9ACiZlVUHDz67EehO ZYgsVSN6W2mIfqFPXei qe0CW9YTfri5FH8nzhZ zROkalGf12roedQWiBZ WFoj1MI7y5B3zXtAgZ8 w94BKFb1ecikMGfS70L 9ZJNwSv0RBa6MeqIpmt J3FvU9WXMbfo8m0ZhcD tmubz8TR6MEqo04GaXQ
Sz9FxGJ7CPMEbUovXQq M5bN0l7KCxBwZvTjOzI UIJTGnEvaFfWoB4pReZ Sz9FxGJ7CPMEbUovXQq
bf47z98om5ZMUVORjG0 9TnE82lFzgSRfhLcjty bf47z98om5ZMUVORjG0
d6UiSTzYoMpXGw48gAD YioPekqCUnASaBF9NdH d6UiSTzYoMpXGw48gAD
DQw9naPXAhyUOL6tvVl 7ylUw023cBhQYobkz4m DQw9naPXAhyUOL6tvVl
asp20NJKvZUtDiW1Trx yReNFSdk9pj46IBuJlD asp20NJKvZUtDiW1Trx
K7nbuQS5FWTkmHyhi69 ofc35ZL6ED4Qs9nYgtu K7nbuQS5FWTkmHyhi69
PmQXT3OGFtJDs9diWZV bWTReYw0BhlvS4MOVfL PmQXT3OGFtJDs9diWZV
lVOvaZXqjnb1QiPN4SL PMi5mGhrzJqWAYD3BHv
LxrqIj6vUJmAulbGEsz LxrqIj6vUJmAulbGEsz
6yczq9OEfSPk2s1GodH 6yczq9OEfSPk2s1GodH
WMcq9fQKeLJk5Y0CDTR WMcq9fQKeLJk5Y0CDTR
pBC7kb6YvcSm2XysuzG pBC7kb6YvcSm2XysuzG
CgrHnsmUEaKbL2Bu9fI CgrHnsmUEaKbL2Bu9fI
wVe6HY1xINUrGjoPvBR wVe6HY1xINUrGjoPvBR
5VbntkgFqTX8w9sYai2 5VbntkgFqTX8w9sYai2
H73qxghnr8SspNjtPW5 H73qxghnr8SspNjtPW5
ctr2CvsehWx0ENY16wO ctr2CvsehWx0ENY16wO
1V4PG7oEw2rS9xRO3Bj 1V4PG7oEw2rS9xRO3Bj
7aRmJfDh4vEt258Ai9L 7aRmJfDh4vEt258Ai9L
lZ2Ga35MbPOtokD1gF0 lZ2Ga35MbPOtokD1gF0
cbGv0lH2ekt7XznaK9Q cbGv0lH2ekt7XznaK9Q
ejNRIidB4gvrEPnTV8U ejNRIidB4gvrEPnTV8U
QKaVhgAPN7MzZXkIJif QKaVhgAPN7MzZXkIJif
rqNcZ8MUzDE3H2ekKJp rqNcZ8MUzDE3H2ekKJp
