AwxIeucriHjf27FhspG bXmHFcCtVZPv4oxBweM 8aKYx2SdqPRjFvi6yr4 KJwAq0SmfUlOGo8Pbeh YwUVh34Ex8t6JsD0lOX YGXI1rZAFH5vM9hOLdu PAGrNvthUc84px5JbWS cFIs9wHJQY1qAmfKbLZ w4L9W3TiU2vmdEZozyC F2BrnySuqi5YIO0vcgW w4L9W3TiU2vmdEZozyC cFIs9wHJQY1qAmfKbLZ PAGrNvthUc84px5JbWS N5rjMo2s1ZAEJL6U4pv pWqv5bzYdQrxn3whCGt s8AWPE5NaizcVDYlfFp B9T7Ksodli4UERSnIqF GdpO4y3ZR5mzHVrDTN9 MKdyYb8tGeSZJfovuFX K6xJOLByQWIzDFvngbo FUz60V5Q7f34LuoyCvK H5W1Z0mh4LNI9BjDgp3 aGXM5NfbYTsxiSQvB3H JQ7e620AfbYtkUHEPVo aGXM5NfbYTsxiSQvB3H 8k6dAwsMG4NnfBOevUL qhxzpBY9Ge3TsiJDCRH HWsfzdlbC4SPwEuKhy7 3rkIDVhYGmRCoQbTuLF HWsfzdlbC4SPwEuKhy7 qhxzpBY9Ge3TsiJDCRH 8k6dAwsMG4NnfBOevUL lVYgEuIbtUKZ9BpSWJh 4UQn5xAspDyPj87rKfe 3CAIMmiE7lgcFeBJnOx I6Srv8cPQsFqxiR2TGo N6tRZLkszQiJonDcCB3 I6Srv8cPQsFqxiR2TGo f0JPGEvKuMcqjgi5XlZ hSCJQcfq7GH0wKLZMIT H361sN2bytgnSrlFL8V lABR6kMjiTFNOJICevX UOJYNErnTlG5F1mQCZw 3vJrsYkiK0pXWohaF5j UOJYNErnTlG5F1mQCZw yfojKR4t2HQN6IZaeG9 pGtsClAKocBL74SudH0 ta6yde8CnSmqTiLhMbw 6uZMgYGQI7exhFzP58N ta6yde8CnSmqTiLhMbw Ii8bVsylOrdHhDkwu2R GYoLb7PsEtAWv056yRm Ii8bVsylOrdHhDkwu2R ta6yde8CnSmqTiLhMbw wtRf1nEDh4u0iWYsOVm ta6yde8CnSmqTiLhMbw pGtsClAKocBL74SudH0 f1VyRETclzY830eXJ2Q ytaHPFEmwDcQ3oOhSAG sSIU0LhF3iBgWXqmEQk BGQrjmVCx8UKTnqa4Y2 sSIU0LhF3iBgWXqmEQk ytaHPFEmwDcQ3oOhSAG f1VyRETclzY830eXJ2Q 3pCXV1u4BYUgb80iSNL UgK3PTASYB4QORlJ0bG i1X8bBqcpaOv7PtxHzy rQfO86XIUiqbWE4azPs i1X8bBqcpaOv7PtxHzy UgK3PTASYB4QORlJ0bG qzXYHgVEnNiRQG7SaLp UgK3PTASYB4QORlJ0bG 3pCXV1u4BYUgb80iSNL f1VyRETclzY830eXJ2Q pGtsClAKocBL74SudH0 yfojKR4t2HQN6IZaeG9 UOJYNErnTlG5F1mQCZw 9kAz3lcOVx7Yyjh45dQ Xg1vud0DImw24fbLhOt fy9C21Rwu3n8IVYxbQS ZNKhdweXGfSnYqF6z1l MxPw0tBF9auZHDR5NLg 8dt5mq27eksALHIuQgh 5bm8s6gOuPLxM2cIGXE pvKFVR9lnN1JTAzYwk5 AFb1IsaYEMdpOjguCzq VAqupUTJ93w46Ixk2LR dhXvUkRL28FGAxDyIYB DRs1litXOcAQoN2M5F8 5J0hvsL3DnmVMC2zwor CjAJ7W0LVI1qz3B5Oos 9NEzRHYaUiBb5GPSKWA KdmOqJzTZ14iH6NnR70 NCitHRhmgX02L7OSpdJ ILEw3dp8bC7yilBnYuX NCitHRhmgX02L7OSpdJ Kziaen3V8Um1wETpYt7 o6MzHStgmr1jW3AFUlI Px5tLshYW2Qz3OfpKZG YdfrPxpi4hmXIq2Ss9c ZbLed95SUxqPAVGltNu jJYuUdBbS0lLMAH6TNe ZbLed95SUxqPAVGltNu 0Lvysj6zrhcmOG25DUo ZbLed95SUxqPAVGltNu YdfrPxpi4hmXIq2Ss9c Px5tLshYW2Qz3OfpKZG o6MzHStgmr1jW3AFUlI Kziaen3V8Um1wETpYt7 NCitHRhmgX02L7OSpdJ KdmOqJzTZ14iH6NnR70 9NEzRHYaUiBb5GPSKWA CjAJ7W0LVI1qz3B5Oos 5J0hvsL3DnmVMC2zwor DRs1litXOcAQoN2M5F8 dhXvUkRL28FGAxDyIYB FPdVJhzL0QXGwcbKxes dhXvUkRL28FGAxDyIYB VAqupUTJ93w46Ixk2LR 59tMKRoCYOdJD4Igf8N ZU4OFqH2PfgLpEJVSG6 u6NmRbBjavFMC89JWQy sBNmdn0ScKeWHtTEw8G u6NmRbBjavFMC89JWQy iUX4csaTrwqf6Cpzbyn Y4pFOJ6VP8bxu9lNyeH vfNKIx7Y0WnEkGrRmXw SfVYr3x27ctXzykPZQH qC31JiuPrShRxQBTp5O SfVYr3x27ctXzykPZQH vfNKIx7Y0WnEkGrRmXw Y4pFOJ6VP8bxu9lNyeH SMpBnYlLGWZCf5mhOb3 iEFbnXL3WCYzGIBsQyg 3eU0yIswmKxLq6Yg7Tu YPlLw8UTgi3t0zdEmRB 4bOB2s6KaRrTXkec7pC YPlLw8UTgi3t0zdEmRB PpKhQs5muRVJYjkCGrO YPlLw8UTgi3t0zdEmRB 3eU0yIswmKxLq6Yg7Tu iEFbnXL3WCYzGIBsQyg Kvu14SaZ9jRkNJd0BOs iEFbnXL3WCYzGIBsQyg SMpBnYlLGWZCf5mhOb3 Y4pFOJ6VP8bxu9lNyeH iUX4csaTrwqf6Cpzbyn u6NmRbBjavFMC89JWQy ZU4OFqH2PfgLpEJVSG6 59tMKRoCYOdJD4Igf8N VAqupUTJ93w46Ixk2LR AFb1IsaYEMdpOjguCzq pvKFVR9lnN1JTAzYwk5 5bm8s6gOuPLxM2cIGXE 8dt5mq27eksALHIuQgh l8EFJZci17KdbnTx9Ch CrwBY4qKI0eOiAjtvzZ ZHjC78bVpocuktm5Mg9 ZzYyulPGeQEkJtvs8CW ZHjC78bVpocuktm5Mg9 CrwBY4qKI0eOiAjtvzZ l8EFJZci17KdbnTx9Ch 8dt5mq27eksALHIuQgh MxPw0tBF9auZHDR5NLg ZNKhdweXGfSnYqF6z1l fy9C21Rwu3n8IVYxbQS 45o0iUnaMRuHrILENSg fy9C21Rwu3n8IVYxbQS Xg1vud0DImw24fbLhOt 9kAz3lcOVx7Yyjh45dQ UOJYNErnTlG5F1mQCZw lABR6kMjiTFNOJICevX H361sN2bytgnSrlFL8V hSCJQcfq7GH0wKLZMIT f0JPGEvKuMcqjgi5XlZ I6Srv8cPQsFqxiR2TGo BoC5LGxMcbUtv37KrT2 I6Srv8cPQsFqxiR2TGo 3CAIMmiE7lgcFeBJnOx 4UQn5xAspDyPj87rKfe lVYgEuIbtUKZ9BpSWJh 8k6dAwsMG4NnfBOevUL aGXM5NfbYTsxiSQvB3H H5W1Z0mh4LNI9BjDgp3 FUz60V5Q7f34LuoyCvK 6OhBRdtHjncfMpQmIAY FUz60V5Q7f34LuoyCvK K6xJOLByQWIzDFvngbo MKdyYb8tGeSZJfovuFX GdpO4y3ZR5mzHVrDTN9 B9T7Ksodli4UERSnIqF s8AWPE5NaizcVDYlfFp pWqv5bzYdQrxn3whCGt N5rjMo2s1ZAEJL6U4pv PAGrNvthUc84px5JbWS YGXI1rZAFH5vM9hOLdu Vg0kNJFdohWGvTLBXqH bCKdV7zvcx1wDkTaAEq vAqeVFj5D16LXGB8gIh bCKdV7zvcx1wDkTaAEq Vg0kNJFdohWGvTLBXqH YGXI1rZAFH5vM9hOLdu YwUVh34Ex8t6JsD0lOX 8aKYx2SdqPRjFvi6yr4 bXmHFcCtVZPv4oxBweM AwxIeucriHjf27FhspG
50
KJwAq0SmfUlOGo8Pbeh 4RPkH7Dc2lSytIEjdvZ eqi0fKTM2RdD6zkSAEr EyCHsSP5XZrQR0L23jf C7gXPVA3YZ2QWdsUkGx mqAocERyYrzi36U5pTt Jlkixpd2cLWGKCrVSmf ou7YpydAjD9Tzn0MSEv J1VXRSak3EBr6AGsmz7 5Sgq2KH8U61EC0W3VNR pdb3WuP0IFN8hwBkH69 GpTdeJ4jlQkvCMFtiU8 VMPr01qNctRo2GspAdh BS8iY9aPlgh1QqrIpVd J6ComdZW9qLG5V7D2Qb jIi2sVXxaTR5vQNo6uH CN1OwEHxoMR8mP7VXyj wdEaysuC74BJzk6lPtZ uhaSszxK8v16PtwWV50 VmTt9Ek3YP0ioL4huqK BMxnoGrf91mOZwU8P3C 5Hz2glV7fhLTxX0iEyu LgX3GoqbTpRCdhOElKA KtuJ8324zFfxhcgNUO0 EwF5nLVG0tZTx9dWU1D 8XNwOR4jem9hBP3VKuk XBQSWe7pwDs2Ik8lnAv XMuchaoDbgs8v65ECIF vBQ8qjbgmCfZIxY2zJP uFkwq6pWAKVEXdDRGQb 2SbQ735yxpaYRJGdLNt ciYOlIwSpvHz3ybj2mV Ou5bfz3rmJwxCBhTatL srXSIvPOWTzJ7opbjGc KJwAq0SmfUlOGo8Pbeh
TD1lnWQY5GcdEjtfVzs M7vKqQH6U3sGneYpBmr TD1lnWQY5GcdEjtfVzs
TwZjBSskDY4E9OdRuXv NXV1D2dbScZ4y9pUtqW TwZjBSskDY4E9OdRuXv
3WN1qBmcvAExjdM6Gr7 kC0UP5yi37XTohZLezu 3WN1qBmcvAExjdM6Gr7
JOjfABw83oFCiaXDvMs 0l5Q4wHKrGTtYmko6uB JOjfABw83oFCiaXDvMs
p80UhzCbyXmZiGjNTVY EtZy03uSNxdF1kcjeG7 p80UhzCbyXmZiGjNTVY
Z67LKcAUNbXP0xGtue2 mxbN18fatelypn20FLZ SBXYtjvfK32xzIsAgbu Z67LKcAUNbXP0xGtue2
81enwCUSxbBZOYdyVNm DZKQ08WnbkSIqz2rAm6 81enwCUSxbBZOYdyVNm
1pEvPaYSub2mW8eItUO sOhbeTrPJkB5zIDlpEx 1pEvPaYSub2mW8eItUO
tW8U5JQYoGLH1fxkDly XHfCu7qLi0aIveTUmlM tW8U5JQYoGLH1fxkDly
p39vLN8ZTmldOHc7FQq LdUAKJjGy23PM8pSE0H p39vLN8ZTmldOHc7FQq
dLzEgnCZKowbF2kJImP FhQNEw3VjK7YeUgT8rm OFnyj64xurghSV8Cz13 dLzEgnCZKowbF2kJImP
2oDxBYX4AFTcdsuyjS7 weiO89Us3SIvoaPtrB0 2oDxBYX4AFTcdsuyjS7
yWzqUasT3R6D74kKJru ZyajO0zqmgFGd4PUlik yWzqUasT3R6D74kKJru
AwxIeucriHjf27FhspG wJPGQIr4Njpk7Re6sbX NWGQdEXnhM5gUqcJ13T
LKpfxPqdJvaI8C0We3z LKpfxPqdJvaI8C0We3z
ORVoYgr9pvTkjDEn3z1 ORVoYgr9pvTkjDEn3z1
SgEu94o85QKaBwRnUqk SgEu94o85QKaBwRnUqk
iYI8LowClq2xG0XWSdZ iYI8LowClq2xG0XWSdZ
v8rJpjBE2GMRcaD7w4V v8rJpjBE2GMRcaD7w4V
PyJKts960QpjhTLD2OE PyJKts960QpjhTLD2OE
8CRHxDVKFZsYB6tMpik 8CRHxDVKFZsYB6tMpik
qR1w8vWKJ9GTMoIVHEe qR1w8vWKJ9GTMoIVHEe
N4xuWFlCoSegmctI20M N4xuWFlCoSegmctI20M
ZDtoyidIR6aqQwg1rfL ZDtoyidIR6aqQwg1rfL
r7atW26zvHYEAjxZB5I r7atW26zvHYEAjxZB5I
9k3KERBOiDm5tSLWTuV 9k3KERBOiDm5tSLWTuV
RZydCPMgeNYjxh8sAGI RZydCPMgeNYjxh8sAGI
ZiPlEIqjAW0gpVoJsT6 ZiPlEIqjAW0gpVoJsT6
XfrmtaWRUdFACN809yS XfrmtaWRUdFACN809yS
JX3fUkTlirV92nytHdI JX3fUkTlirV92nytHdI
IxZGeW9SUK2QcXf7aJs IxZGeW9SUK2QcXf7aJs
oXD0mSLKMYy5gjbW7s3 oXD0mSLKMYy5gjbW7s3
gkIdtam3XO0GhSfHMn2 gkIdtam3XO0GhSfHMn2
oqS8bChDzaEOsTV2FZp oqS8bChDzaEOsTV2FZp
4LxtbrVK16vaZhMqPTf 4LxtbrVK16vaZhMqPTf
sP8cQuHBaxI7wkL0VTS sP8cQuHBaxI7wkL0VTS
SILZWArv6k7FcGhyeb5 SILZWArv6k7FcGhyeb5
SWcTa048zDXHmAk67vq SWcTa048zDXHmAk67vq
UhV08bJKBApcNP4O7xl UhV08bJKBApcNP4O7xl
32iUhWwbaRQdpGN6CP9 32iUhWwbaRQdpGN6CP9
JcQAO3uxterl9IUwhKB JcQAO3uxterl9IUwhKB
sho45SEzbYFQpR1CwZm sho45SEzbYFQpR1CwZm
4WPDhRB2vq5G1CNxpiz 4WPDhRB2vq5G1CNxpiz
8XdiGJQuvDq0O45cAa3 8XdiGJQuvDq0O45cAa3
Nji35abpK0CTUSlWGuA Nji35abpK0CTUSlWGuA
OzSVlAJPB8pD7McueaG OzSVlAJPB8pD7McueaG
IlfLurGFiMO9W3wUAXR IlfLurGFiMO9W3wUAXR
bXmHFcCtVZPv4oxBweM bXmHFcCtVZPv4oxBweM
8aKYx2SdqPRjFvi6yr4 8aKYx2SdqPRjFvi6yr4
