0 6 5 15 100 100 96 138 138 96 116 116 6 11 35 35 130 130 18 9 17 25 126 126 124 124 136 136 102 102 33 1 7 110 110 7 33 4 77 13 16 23 16 13 41 112 112 122 122 13 77 132 132 33 10 26 38 120 120 28 87 8 31 118 118 8 28 114 114 33 40 2 63 60 108 108 128 128 63 2 134 134 46 27 39 104 104 106 106 27 0
73
15 101 139 189 188
5 117
90 183
11 184 169 131 180 181 168 167 179
83 168
49 195
25 196 127 125 195 194
47 153
17 154 165 166 187 153 186 152 164 185
78 186
57 137 189
9 190 162 163 144 143 161
18 103
1 111 156 157 155
21 141
23 142 175 141 174 140 173
45 174
41 113 123
84 133 144
4 145
38 121 147 148 146
26 159 160 158
53 177
31 178 119 177 176
87 150 151 149
10 115 198 199 197
60 109 129
40 135
39 105 107
46 171 172 170
54 192
0 193 192 191
100 100
102 102
104 104
106 106
108 108
110 110
112 112
114 114
116 116
118 118
120 120
122 122
124 124
126 126
128 128
130 130
132 132 133
134 134
136 136 137
138 138
140 140
143 143
146 146
149 149
152 152
155 155
158 158
161 161
164 164
167 167
170 170
173 173
176 176
179 179
182 182
185 185
188 188
191 191
194 194
197 197
35 183 182
