0 15 7 15 31 15 32 9 13 38 8 38 41 27 34 14 34 46 5 46 34 25 34 29 44 44 29 50 50 56 56 17 19 24 2 4 30 11 28 18 28 68 68 30 4 33 4 66 66 39 62 62 39 45 24 54 54 17 52 52 15 0 16 3 22 1 26 60 60 22 20 22 35 36 47 36 37 64 64 37 58 58 0 43 0
37
21 77
27 78
48 80
14 81 98 99 71 72
49 86
5 87 92 93
12 95
41 96
9 51 57
11 69
2 67 63 74 75
19 55 83 84
32 53
1 61
40 65 89
3 90
16 59
50 50
52 52
54 54
56 56
58 58
60 60
62 62
64 64
66 66
68 68
70 70
73 73
76 76
79 79
82 82
85 85
88 88
91 91
94 94
97 97
