0 75 4 30 29 79 150 20 23 20 150 153 150 152 158 152 150 194 174 30 32 31 32 30 33 30 4 94 14 39 125 127 126 127 59 19 84 84 104 64 7 146 147 146 7 6 7 193 7 176 177 176 7 64 52 51 52 59 59 109 119 129 72 71 72 129 119 109 180 167 22 21 22 171 22 94 4 100 10 45 170 5 190 192 191 192 190 5 173 45 48 45 155 157 156 157 155 185 188 12 196 100 15 18 15 100 103 100 4 154 9 24 49 160 49 24 70 2 8 1 73 24 90 54 69 69 74 74 80 83 80 82 81 82 108 102 106 107 106 102 108 82 80 90 92 111 90 24 115 77 186 76 115 24 25 27 26 25 34 89 89 89 95 98 95 175 178 175 60 50 53 50 85 87 86 87 85 88 85 50 60 63 60 62 93 62 61 62 60 120 47 46 120 122 151 122 121 122 120 140 143 97 163 97 96 97 143 164 164 169 199 154 4 195 198 4 110 44 44 112 0
67
0 3 133
79 184 79
29 124
35 36 35
39 38 39
125 166 168 125
19 149 99 138
104 16 104
14 139
180 181 180
170 172
10 58 13
185 187
12 123 11 12
160 161 136 160
2 28 2
70 43
54 179 189 54
92 91 92
186 41 141 131 186
77 101 116
27 68 118 27
34 114 159 148
47 183 47
9 134 144
140 142
195 197 195
75 78
110 105 56 113 110
66 66
192 192
122 122
15 15
37 37
82 82
132 132
17 17
64 64
25 25
102 102
65 65
55 55
97 97
145 145
57 57
100 100
95 95
128 128
94 94
87 87
20 20
182 182
108 108
152 152
154 154
67 67
74 74
69 69
32 32
42 42
44 44
120 120
52 52
72 72
135 135
30 30
129 129
