0 70 4 24 44 44 44 24 30 85 5 95 98 22 21 22 95 7 45 19 35 10 37 88 47 53 88 37 55 14 14 58 42 41 42 58 57 56 57 69 99 64 99 69 62 61 62 69 79 34 50 25 65 20 15 75 78 67 66 27 36 27 26 27 50 34 79 90 2 6 2 1 2 90 92 91 92 90 93 90 79 80 74 40 43 40 94 29 59 29 94 73 0 3 0
35
4 84 89 4
30 39 63 33
98 51
5 8 5
85 86 85
10 81 11 13
47 46
35 16
55 54 55
45 48
75 76
15 18
20 23 20
67 97 67
65 31 65
25 28
80 49 82 83 80
70 71
88 88
60 60
44 44
29 29
40 40
99 99
79 79
58 58
32 32
90 90
92 92
42 42
52 52
57 57
37 37
68 68
94 94
