loc0 loc193 loc121 loc148 loc31 loc175 loc139 loc190 loc10 loc163 loc153 loc153 loc153 loc1 loc111 loc39 loc120 loc120 loc120 loc180 loc165 loc48 loc48 loc102 loc174 loc66 loc138 loc75 loc75 loc3 loc3 loc66 loc174 loc54 loc135 loc171 loc126 loc117 loc117 loc108 loc108 loc81 loc162 loc162 loc81 loc54 loc111 loc1 loc91 loc64 loc109 loc109 loc109 loc64 loc10 loc190 loc139 loc145 loc154 loc118 loc146 loc20 loc137 loc164 loc173 loc191 loc182 loc92 loc92 loc182 loc191 loc173 loc29 loc5 loc77 loc185 loc32 loc32 loc77 loc5 loc29 loc20 loc146 loc73 loc181 loc136 loc199 loc199 loc181 loc73 loc146 loc118 loc154 loc145 loc139 loc175 loc31 loc148 loc148 loc76 loc140 loc194 loc149 loc59 loc188 loc125 loc116 loc197 loc98 loc161 loc161 loc44 loc44 loc161 loc98 loc134 loc170 loc107 loc107 loc107 loc71 loc143 loc143 loc71 loc107 loc134 loc116 loc59 loc149 loc194 loc122 loc122 loc122 loc140 loc76 loc148 loc58 loc103 loc184 loc184 loc166 loc79 loc151 loc43 loc196 loc160 loc178 loc178 loc160 loc88 loc187 loc61 loc124 loc78 loc150 loc105 loc195 loc24 loc123 loc93 loc147 loc147 loc93 loc24 loc105 loc78 loc61 loc187 loc88 loc43 loc79 loc166 loc58 loc148 loc121 loc0
65
loc163 loc45 loc90
loc39 loc12 loc22 loc39
loc180 loc72
loc165 loc99 loc57
loc138 loc49 loc4 loc67 loc85 loc21 loc6
loc102 loc84
loc126 loc27 loc63
loc171 loc9
loc135 loc18 loc36
loc91 loc46 loc19 loc55 loc82 loc91
loc164 loc47 loc11 loc2 loc65
loc137 loc38 loc41
loc185 loc83 loc56 loc14
loc113 loc14
loc136 loc37 loc100 loc28
loc188 loc40 loc68 loc62 loc86
loc197 loc80 loc17 loc89
loc170 loc26 loc53 loc35 loc8
loc125 loc23
loc158 loc86
loc104 loc95 loc50
loc103 loc94
loc151 loc34 loc25
loc196 loc16
loc150 loc7 loc52 loc42 loc69
loc123 loc96 loc60 loc51 loc30 loc87
loc195 loc33 loc15
loc124 loc70 loc97
loc193 loc13
loc1 loc1
loc3 loc3
loc5 loc5
loc10 loc10
loc15 loc15
loc20 loc20
loc24 loc24
loc29 loc29
loc31 loc31
loc32 loc32
loc43 loc43
loc44 loc44
loc48 loc48
loc54 loc54
loc58 loc58
loc59 loc59
loc61 loc61
loc64 loc64
loc66 loc66
loc71 loc71
loc73 loc73
loc74 loc74
loc75 loc75
loc76 loc76
loc77 loc77
loc78 loc78
loc79 loc79
loc81 loc81
loc87 loc87
loc88 loc88
loc92 loc92
loc93 loc93
loc97 loc97
loc98 loc98
loc122 loc95 loc50
loc191 loc74
