loc0 loc76 loc13 loc58 loc58 loc58 loc31 loc39 loc84 loc12 loc33 loc15 loc69 loc51 loc96 loc78 loc24 loc88 loc61 loc16 loc79 loc35 loc53 loc71 loc80 loc62 loc89 loc8 loc98 loc98 loc8 loc62 loc71 loc35 loc79 loc16 loc61 loc24 loc78 loc96 loc51 loc33 loc12 loc84 loc39 loc48 loc75 loc75 loc75 loc48 loc31 loc31 loc58 loc4 loc91 loc72 loc64 loc72 loc99 loc18 loc18 loc27 loc63 loc45 loc90 loc45 loc63 loc81 loc63 loc27 loc72 loc91 loc4 loc58 loc13 loc22 loc70 loc43 loc97 loc52 loc52 loc97 loc43 loc70 loc22 loc0 loc94 loc67 loc67 loc32 loc86 loc86 loc50 loc59 loc47 loc83 loc92 loc11 loc46 loc1 loc73 loc55 loc55 loc73 loc1 loc46 loc11 loc74 loc56 loc74 loc83 loc47 loc59 loc50 loc86 loc32 loc67 loc67 loc77 loc0
33
loc15 loc40 loc49 loc6 loc21 loc15
loc88 loc42 loc7
loc80 loc17 loc44
loc89 loc23
loc53 loc26 loc25
loc66 loc30 loc3
loc99 loc9 loc36
loc76 loc34
loc92 loc14 loc5 loc20 loc10 loc37 loc28 loc19 loc29 loc38
loc94 loc2
loc1 loc1
loc4 loc4
loc8 loc8
loc11 loc11
loc12 loc12
loc13 loc13
loc16 loc16
loc18 loc18
loc22 loc22
loc24 loc24
loc27 loc27
loc31 loc31
loc32 loc32
loc33 loc33
loc35 loc35
loc39 loc39
loc41 loc41
loc43 loc43
loc45 loc45
loc46 loc46
loc47 loc47
loc48 loc48
loc50 loc50
