99 103 52 76 105 131 159 106 108 62 128 164 95 24 194 40 2 112 71 71 112 40 194 24 19 143 33 139 67 33 164 128 80 11 50 11 80 128 108 106 159 131 105 167 154 122 48 13 54 129 29 196 137 85 85 85 85 185 185 196 29 54 61 135 8 60 109 60 8 61 54 91 54 13 87 16 197 179 37 23 182 21 78 65 78 182 23 5 138 133 113 64 64 18 121 18 43 56 96 157 134 44 134 56 189 18 133 138 20 140 77 140 20 153 20 138 5 23 53 162 0 177 141 177 0 162 53 179 197 87 13 48 26 198 72 74 166 84 160 195 46 144 169 104 169 144 120 136 147 27 116 107 10 57 142 142 57 10 158 81 100 69 93 100 81 81 126 38 187 187 38 126 81 158 27 195 160 84 166 74 72 198 48 122 154 154 167 89 103 188 175 32 152 6 79 3 98 115 145 115 188 58 58 99
65
52 22 92 149
62 73
2 181 168 192 146 63 47
19 184 1
139 12
95 183
76 161
137 150 127 186 174 41
129 28
135 88
16 190 148 17
21 165
113 59 111 51 170 30 124 114
43 66 97
96 132
157 172 119
37 180
26 39 42 26
104 82 130
46 55
120 171
116 117
107 4 125 123 9 68 163 94
49 70
69 173 83 25
175 15
79 35
6 75
152 90
98 151 98
32 34
99 102
0 0
5 5
8 8
10 10
18 18
20 20
24 24
27 27
33 33
40 40
53 53
56 56
61 61
78 78
80 80
100 100
103 103
106 106
112 112
122 122
126 126
131 131
142 142
155 155
158 158
160 160
164 164
166 166
167 167
169 169
178 178
185 185
188 188
