loc189 loc42 loc182 loc151 loc184 loc92 loc80 loc61 loc61 loc21 loc31 loc105 loc31 loc21 loc21 loc180 loc91 loc176 loc173 loc152 loc152 loc152 loc103 loc170 loc12 loc181 loc181 loc14 loc14 loc36 loc70 loc123 loc26 loc26 loc123 loc70 loc107 loc164 loc141 loc148 loc30 loc168 loc45 loc39 loc126 loc39 loc45 loc168 loc30 loc148 loc141 loc164 loc51 loc16 loc118 loc118 loc111 loc67 loc13 loc89 loc118 loc51 loc49 loc63 loc49 loc51 loc120 loc157 loc160 loc51 loc164 loc14 loc170 loc93 loc170 loc125 loc28 loc125 loc170 loc193 loc170 loc103 loc176 loc91 loc161 loc171 loc177 loc197 loc197 loc177 loc92 loc184 loc166 loc56 loc166 loc76 loc194 loc55 loc179 loc55 loc187 loc97 loc65 loc145 loc144 loc145 loc65 loc97 loc82 loc97 loc187 loc55 loc194 loc133 loc136 loc62 loc54 loc54 loc62 loc79 loc143 loc159 loc29 loc5 loc52 loc29 loc159 loc143 loc79 loc133 loc194 loc76 loc166 loc182 loc122 loc137 loc122 loc182 loc42 loc190 loc43 loc199 loc199 loc43 loc69 loc69 loc42 loc40 loc46 loc172 loc121 loc121 loc121 loc172 loc155 loc106 loc7 loc106 loc155 loc40 loc42 loc17 loc84 loc100 loc100 loc84 loc17 loc167 loc71 loc8 loc1 loc8 loc71 loc174 loc71 loc167 loc99 loc22 loc109 loc87 loc192 loc140 loc77 loc175 loc19 loc34 loc44 loc119 loc6 loc10 loc6 loc119 loc44 loc35 loc50 loc24 loc112 loc3 loc156 loc116 loc3 loc134 loc96 loc114 loc85 loc60 loc138 loc64 loc64 loc138 loc110 loc11 loc33 loc132 loc132 loc33 loc11 loc110 loc85 loc114 loc186 loc59 loc131 loc57 loc57 loc130 loc130 loc59 loc134 loc3 loc112 loc73 loc185 loc149 loc2 loc149 loc73 loc73 loc50 loc198 loc50 loc35 loc44 loc34 loc48 loc34 loc19 loc175 loc124 loc175 loc68 loc68 loc150 loc90 loc150 loc183 loc72 loc9 loc196 loc196 loc196 loc9 loc72 loc115 loc115 loc150 loc158 loc158 loc192 loc87 loc22 loc75 loc22 loc99 loc163 loc102 loc81 loc178 loc81 loc102 loc99 loc188 loc188 loc189
68
loc80 loc191 loc37
loc173 loc32 loc18
loc12 loc66
loc36 loc147 loc101 loc36
loc111 loc165 loc111
loc13 loc25
loc16 loc78 loc16
loc120 loc142 loc94
loc180 loc86 loc20 loc127 loc180
loc161 loc74 loc161
loc136 loc27 loc136
loc5 loc104
loc151 loc154
loc190 loc146 loc4 loc190
loc46 loc117 loc195
loc189 loc153 loc169
loc156 loc139 loc98 loc156
loc60 loc162 loc113 loc0 loc95
loc96 loc135 loc58 loc96
loc131 loc128 loc108 loc131
loc185 loc15 loc185
loc24 loc38
loc77 loc129 loc77
loc183 loc88 loc83 loc53 loc183
loc140 loc41
loc109 loc23 loc109
loc163 loc47 loc163
loc61 loc61
loc172 loc172
loc188 loc188
loc55 loc55
loc168 loc168
loc158 loc158
loc184 loc184
loc194 loc194
loc125 loc125
loc150 loc150
loc11 loc11
loc39 loc39
loc76 loc76
loc34 loc34
loc65 loc65
loc119 loc119
loc112 loc112
loc62 loc62
loc85 loc85
loc70 loc70
loc31 loc31
loc152 loc152
loc40 loc40
loc177 loc177
loc50 loc50
loc59 loc59
loc22 loc22
loc54 loc54
loc79 loc79
loc69 loc69
loc145 loc145
loc143 loc143
loc114 loc114
loc73 loc73
loc164 loc164
loc159 loc159
loc133 loc133
loc148 loc148
loc26 loc26
loc17 loc17
loc100 loc100
