loc59 loc79 loc66 loc14 loc85 loc57 loc82 loc82 loc19 loc85 loc56 loc85 loc14 loc90 loc35 loc35 loc80 loc14 loc66 loc25 loc44 loc86 loc86 loc44 loc25 loc62 loc74 loc49 loc74 loc62 loc83 loc87 loc6 loc27 loc69 loc23 loc61 loc8 loc61 loc38 loc39 loc17 loc51 loc24 loc51 loc17 loc39 loc31 loc67 loc31 loc39 loc26 loc91 loc30 loc55 loc18 loc95 loc68 loc60 loc64 loc36 loc96 loc16 loc63 loc78 loc63 loc16 loc10 loc89 loc89 loc36 loc32 loc32 loc32 loc92 loc92 loc42 loc58 loc93 loc48 loc93 loc58 loc42 loc18 loc75 loc84 loc77 loc7 loc94 loc7 loc77 loc84 loc75 loc0 loc12 loc40 loc12 loc0 loc75 loc71 loc21 loc71 loc91 loc15 loc91 loc26 loc53 loc61 loc73 loc9 loc65 loc43 loc54 loc54 loc43 loc65 loc87 loc87 loc76 loc76 loc3 loc99 loc22 loc99 loc3 loc59
33
loc57 loc4
loc90 loc33 loc52 loc1 loc90
loc79 loc50 loc11
loc23 loc46 loc28 loc23
loc30 loc13 loc30
loc68 loc29 loc81 loc47 loc20 loc68
loc60 loc72 loc34
loc96 loc70 loc88
loc95 loc98 loc95
loc55 loc41
loc38 loc2
loc69 loc45
loc6 loc37 loc6
loc83 loc97 loc5 loc83
loc17 loc17
loc62 loc62
loc74 loc74
loc31 loc31
loc43 loc43
loc42 loc42
loc51 loc51
loc32 loc32
loc35 loc35
loc71 loc71
loc89 loc89
loc54 loc54
loc65 loc65
loc92 loc92
loc25 loc25
loc14 loc14
loc84 loc84
loc16 loc16
loc36 loc36
