10 50 181 182 183 180 179 178 177 176 175 174 173 172 171 170 169 168 167 166 165 164 163 162 161 160 159 158 157 156 155 154 153 152 151 150 149 148 147 146 145 144 143 142 141 140 139 138 137 136 135 134 133 132 131 130 129 128 127 126 125 124 123 122 121 120 119 118 117 116 115 114 113 112 111 110 109 108 107 107 108 109 110 111 112 113 114 115 116 117 118 119 120 121 122 123 124 125 126 127 128 129 130 131 132 133 134 135 136 137 138 139 140 141 142 143 144 145 146 147 148 149 150 151 152 153 154 155 156 157 158 159 160 161 162 163 164 165 166 167 168 169 170 171 172 173 174 175 176 177 178 179 180 51 52 53 54 55 55 55 192 188 189 188 192 55 55 56 57 58 59 60 60 60 198 194 195 194 198 60 60 61 62 63 64 65 66 67 68 69 70 71 72 73 74 75 76 77 78 79 80 81 82 83 84 85 86 87 88 89 90 91 92 93 94 95 96 97 98 99 100 101 102 103 104 105 104 103 102 101 100 99 98 97 96 95 94 93 92 91 90 89 88 87 86 85 84 83 82 81 80 79 78 77 76 75 74 73 72 71 70 69 68 67 66 65 64 63 62 61 60 59 58 57 56 55 54 53 52 51 16 17 18 24 24 24 23 31 25 26 25 31 23 24 18 17 16 4 3 27 27 3 44 20 0 45 0 46 0 47 0 48 0 49 0 19 30 28 7 33 32 40 40 40 32 34 34 6 9 8 8 6 28 30 19 14 13 29 29 13 19 0 20 44 10
67
181 106
50 184 185 186 187 190 191 193 196 197 199
10 21 22
4 1 2 5
33 36 43 42
7 41 35 39 37 7
9 38
14 11 12 15
3 3
6 6
8 8
23 23
25 25
29 29
32 32
34 34
51 51
52 52
53 53
54 54
56 56
57 57
58 58
59 59
61 61
62 62
63 63
64 64
66 66
67 67
68 68
69 69
71 71
72 72
73 73
74 74
76 76
77 77
78 78
79 79
81 81
82 82
83 83
84 84
86 86
87 87
88 88
89 89
91 91
92 92
93 93
94 94
96 96
97 97
98 98
99 99
101 101
102 102
103 103
104 104
107 107
108 108
109 109
111 111
112 112
192 192
198 198
