0 91 105 91 0 127 109 187 180 115 76 28 42 123 42 116 141 116 42 28 31 31 117 79 169 79 143 154 143 79 117 160 117 115 189 189 187 181 46 155 38 145 38 155 46 87 5 62 17 106 89 161 161 89 152 62 5 87 46 108 7 139 20 35 103 78 9 140 9 198 9 78 27 133 162 133 49 195 186 68 121 68 150 150 129 49 103 126 103 20 81 84 158 112 158 6 96 157 93 178 94 190 94 178 10 43 74 194 37 37 43 2 30 120 30 2 196 21 21 191 95 132 95 191 66 4 32 118 32 4 179 144 119 73 122 73 119 14 114 175 114 167 114 14 29 171 134 171 29 14 136 173 136 52 107 52 136 151 142 151 136 193 197 85 85 197 193 179 188 164 188 179 4 66 191 165 191 130 191 101 26 69 40 59 11 174 59 148 59 40 69 26 101 191 157 96 6 158 84 163 84 131 23 23 20 139 63 159 138 113 184 168 168 24 104 104 24 63 139 54 149 177 177 149 54 108 102 192 57 170 156 110 182 110 128 170 3 111 100 124 137 124 100 185 166 170 153 170 57 192 172 22 183 67 146 146 183 50 147 50 183 22 36 36 36 192 102 199 102 108 125 125 187 127 0
78
76 44 33 76
180 51
17 45 70 17
35 56 35
27 86 39 27
186 75
195 53
74 47 74
10 83 10
93 13 93
144 16
11 1 34 11
81 60 81
113 82 90
138 80
159 92
7 18 7
156 15
3 58 3
111 48
67 25 64 19 67
172 77 41
181 72 65
109 8 98
2 2
4 4
5 5
6 6
9 9
12 12
14 14
20 20
21 21
22 22
23 23
24 24
26 26
28 28
29 29
30 30
31 31
32 32
36 36
37 37
38 38
40 40
42 42
43 43
46 46
49 49
50 50
52 52
54 54
55 55
57 57
59 59
61 61
62 62
63 63
66 66
68 68
69 69
71 71
73 73
78 78
79 79
84 84
85 85
87 87
88 88
89 89
91 91
94 94
95 95
96 96
97 97
99 99
100 100
