0 2 3 5 6 7 8 9 10 20 21 20 8 7 6 5 3 4 28 30 31 32 33 35 36 38 39 40 39 38 36 37 36 35 33 34 41 43 44 45 46 47 48 49 50 51 52 53 62 63 66 67 68 69 71 83 84 85 86 87 88 89 88 87 86 85 84 83 72 91 97 97 92 98 99 100 101 102 103 102 101 100 99 98 92 72 90 105 106 107 108 109 110 112 113 115 114 113 112 110 111 110 109 108 107 106 105 90 104 90 72 70 122 124 126 130 130 127 122 123 138 139 140 141 142 143 145 147 148 150 151 146 152 153 154 155 156 157 158 159 160 161 160 159 158 157 156 155 154 153 152 146 151 150 148 149 148 147 145 143 144 143 142 141 140 139 138 123 122 70 121 163 164 165 166 167 168 169 171 173 175 177 178 179 180 181 182 181 180 179 178 173 174 173 171 169 170 183 185 186 188 189 191 187 189 190 189 188 186 185 183 184 183 170 169 168 167 166 165 164 163 121 162 121 70 68 67 66 62 52 51 50 49 48 46 45 44 43 34 33 32 31 30 28 4 3 2 0
86
13 18 13
9 14 9
21 27 22 21
10 19 10
71 82
93 96 93
91 94 91
115 120
126 129
124 137
177 172
175 176 175
191 199 191
69 1 69
63 65 57 63
53 61 54
47 29
41 42
76 76
142 142
75 75
132 132
198 198
167 167
100 100
146 146
79 79
163 163
39 39
68 68
181 181
35 35
128 128
166 166
95 95
83 83
168 168
131 131
66 66
158 158
31 31
73 73
17 17
140 140
101 101
154 154
38 38
90 90
153 153
80 80
44 44
148 148
50 50
26 26
147 147
25 25
121 121
52 52
108 108
77 77
59 59
196 196
141 141
11 11
188 188
150 150
24 24
183 183
5 5
170 170
113 113
118 118
45 45
4 4
15 15
51 51
134 134
78 78
195 195
2 2
62 62
58 58
136 136
74 74
159 159
107 107
