99 85 57 48 22 42 31 31 44 9 91 76 91 9 44 31 62 63 54 80 84 95 34 72 77 74 77 78 46 98 46 78 77 94 4 29 94 77 72 34 95 82 90 7 39 81 18 55 83 17 60 68 60 17 65 96 65 17 83 83 55 18 25 47 70 50 47 25 58 25 86 7 90 95 79 75 92 13 13 13 92 61 38 69 69 38 61 99 66 14 10 52 10 93 37 37 93 66 71 53 51 71 66 99 88 59 88 99 89 99
36
57 1
22 26 22
42 11 19 42
62 27
54 21 24
48 20 48
74 16
29 5 29
4 15 41 4
82 23 8
39 43 39
81 3
70 45
35 6 35
79 49
85 0 36 2
14 32 14
53 40
7 7
9 9
10 10
12 12
13 13
17 17
18 18
25 25
28 28
30 30
31 31
33 33
34 34
37 37
38 38
44 44
46 46
47 47
