0 1 2 2 7 8 12 14 13 16 16 13 92 93 95 97 120 101 102 103 102 105 107 ViksNode 112 116 118 33 37 39 40 41 42 44 46 47 87 47 46 49 50 52 57 52 54 58 59 89 59 62 66 70 71 65 72 76 75 76 77 88 77 78 79 80 81 83 86 85 84 90 82 90 17 17 17 21 23 24 30 29 30 21 22 21 17 90 84 85 86 83 81 80 79 78 77 76 65 71 70 66 67 68 67 69 67 66 52 50 41 40 91 40 39 37 38 37 118 110 111 109 125 126 127 126 125 109 111 110 107 102 100 122 124 98 120 97 95 93 96 119 96 93 12 10 31 10 12 8 7 2 1 0
34
14 3 15
105 106 108
116 117
33 35 36
42 43 42
44 48
58 60
62 73 63
23 19 18 25 27
72 74
54 55 56
49 53
112 113 114
ViksNode 130
101 104
122 121 123
100 99
92 94
4 4
7 7
8 8
10 10
13 13
20 20
21 21
30 30
37 37
47 47
59 59
70 70
71 71
78 78
80 80
86 86
