destitute Hindi taft taft Hindi namesake jewel Auberge Auberge diligent diligent diligent Auberge Vega Andersen Halstead Dominican Bleeker Bleeker bobble McCall oriole septillion confrontation Sicilian Iowa woke extrovert extrovert Sicilian wafer funky slowdown slowdown slowdown funky wafer felony swordtail balustrade balustrade felony oriole McCall bobble shovel whatsoever Gilmore Gilmore whatsoever FPC mediate exothermic coarse intangible deletion deletion coarse exothermic mediate combine combine bobble Halstead Andersen Vega Auberge jewel namesake nowhere radioactive radioactive destitute
34
destitute ripe Rio MN Loomis
Dominican Modesto swingy tate minion Dominican embassy
woke trill anvil yogurt
Iowa illusion
confrontation amateur schedule
septillion papal creekside septillion transpiration
bowman Isfahan
swordtail Darwin decor swordfish Hewlett
shovel midget
FPC Fisk extractor
intangible connubial shroud fatten choice
nowhere Elizabethan Injun
Andersen Andersen
Auberge Auberge
Bleeker Bleeker
Gilmore Gilmore funny
Halstead Halstead
Hewlett Hewlett
Hindi Hindi
Loomis Loomis
McCall McCall
Vega Vega
balustrade balustrade Isfahan
bobble bobble
choice choice
diligent diligent
embassy embassy
funny funny
jewel jewel
mediate mediate
slowdown slowdown
stanza stanza
transpiration transpiration
radioactive stanza
