woebegone trill fulsome embroil transpiration embroil fulsome Palo Reilly bacteria limpkin bacteria Reilly cytolysis embassy phylogenetic funky phylogenetic embassy cytolysis Seoul cytolysis Stratton angst Stratton shrewish felony conceptual McCall woke McCall companionway Gilmore Gilmore casserole MN deletion catapult deletion Hindi combine intangible combine extractor combine FPC Winchester shifty clause shifty companion Bleeker companion oriole whatsoever nowhere whatsoever bunch Rio sweatsocks Rio shroud radioactive Pitney destitute Pitney radioactive shroud Rio is lordosis bus lordosis lexicon sacrifice colossi thirteen thirteen spill spill Gruyere nereid Gruyere amateur Bernini December olden swingy dull archive swordtail dull swingy Bernini choice choice lordosis is Rio namesake Elizabethan Simon yogurt trimester Curtis wrap yogurt atom Mesopotamia jewel yin numerology newborn Lura risen Iowa risen Mesopotamia atom coarse torus fatten bobble coarse atom yogurt Simon fossiliferous namesake Rio ripe minion brook schedule anvil decor anvil schedule minion ripe Rio rump Rio Sicilian Rio bunch midstream confrontation depth midstream bunch FPC combine midget grudge cowhand incommutable clout grudge midget combine Wheller creekside bowman covariate Halstead imposition imposition Halstead covariate bowman jolt Amtrak expropriate Amtrak wafer Amtrak jolt taft Injun hydro Dominican Irvin walkout Dominican clash Scotty clash Wheller combine Hindi noon blimp noon babysat balustrade Loomis balustrade babysat plunder plunder woebegone
64
Durango sinh Hewlett Durango
funky yearn secondary swordfish funky
Palo Rodney
trill administer
felony equipping Isfahan thoroughfare imperishable Stephen tate felony
funny wingspread funny
casserole renaissance casserole
MN exothermic dreadnought
Winchester connubial directory Winchester
oriole limitate silage oriole
lexicon Vega shovel
sacrifice barnacle
involuntary mitre slowdown backplate involuntary
December Zorn mediate December
archive car postscript softball archive
Curtis deduce Curtis
trimester griddle catenate trimester
jewel septillion
numerology diligent stanza viscous numerology
torus update
Elizabethan Darwin Goodrich
brook sphalerite
confrontation relaxation
cowhand explosion Andersen
creekside bifurcate
taft extrovert
Injun Modesto
Irvin mack Irvin
woebegone transonic
Auberge Auberge
Fisk Fisk
Gilmore Gilmore
McCall McCall
PDP PDP
Reilly Reilly
Simon Simon
Sunday Sunday
Tucson Tucson
Wheller Wheller
anvil anvil
babysat babysat
bat bat
broil broil
bunch bunch
choice choice
coarse coarse
dull dull
embroil embroil
fulsome fulsome
icon icon
illusion illusion
inform inform
midstream midstream
millennium millennium
monotonous monotonous
noon noon
papal papal
simulate simulate
spill spill
swingy swingy
thirteen thirteen
transfuse transfuse
whatsoever whatsoever
yogurt yogurt
