exothermic felony Irvin decor shovel trill combine confrontation oriole confrontation combine trill shovel decor Irvin felony Dominican namesake McCall swordtail Sicilian swordtail namesake namesake felony Fisk felony exothermic brook millennium Hewlett Bleeker amateur Bernini Tucson intangible Tucson Bernini amateur Injun Curtis involuntary anvil illusion anvil embroil barnacle schedule stanza extrovert extrovert barnacle whatsoever anvil involuntary Curtis Injun amateur Bleeker midget tate choice embassy choice imperishable choice slowdown Bleeker Hewlett exothermic
21
McCall yogurt wafer Andersen McCall
Dominican FPC
schedule sacrifice
embroil Halstead
tate coarse
midget lordosis midget
brook Iowa
Bernini Bernini
Curtis Curtis
Injun Injun
Irvin Irvin
Tucson Tucson
amateur amateur
combine combine
decor decor
extrovert extrovert
felony felony
namesake namesake
shovel shovel
swordfish swordfish
trill trill
