Loc35 Loc9 Loc31 Loc72 Loc46 Loc96 Loc7 Loc60 Loc34 Loc51 Loc58 Loc50 Loc50 Loc58 Loc51 Loc45 Loc55 Loc30 Loc78 Loc83 Loc89 Loc4 Loc57 Loc80 Loc26 Loc26 Loc80 Loc22 Loc59 Loc0 Loc24 Loc24 Loc74 Loc74 Loc59 Loc22 Loc89 Loc83 Loc78 Loc30 Loc55 Loc84 Loc85 Loc77 Loc38 Loc47 Loc20 Loc99 Loc87 Loc93 Loc43 Loc79 Loc91 Loc91 Loc79 Loc43 Loc56 Loc10 Loc21 Loc21 Loc10 Loc56 Loc87 Loc99 Loc20 Loc63 Loc66 Loc16 Loc29 Loc27 Loc27 Loc16 Loc8 Loc52 Loc52 Loc48 Loc65 Loc39 Loc11 Loc82 Loc88 Loc28 Loc19 Loc68 Loc70 Loc1 Loc44 Loc23 Loc67 Loc67 Loc67 Loc23 Loc44 Loc1 Loc70 Loc68 Loc28 Loc88 Loc82 Loc11 Loc39 Loc65 Loc48 Loc52 Loc8 Loc8 Loc63 Loc20 Loc38 Loc77 Loc85 Loc84 Loc55 Loc45 Loc7 Loc96 Loc46 Loc72 Loc31 Loc9 Loc54 Loc54 Loc35
38
Loc34 Loc37 Loc34
Loc60 Loc81
Loc4 Loc92 Loc4
Loc57 Loc62
Loc0 Loc73 Loc86 Loc0
Loc47 Loc15 Loc47
Loc93 Loc90 Loc25 Loc93
Loc29 Loc41 Loc64
Loc19 Loc71 Loc13 Loc97 Loc33
Loc66 Loc14 Loc66
Loc35 Loc95
Loc24 Loc24
Loc39 Loc39
Loc89 Loc89
Loc77 Loc77
Loc65 Loc65
Loc84 Loc84
Loc79 Loc79
Loc74 Loc74
Loc23 Loc23
Loc67 Loc67
Loc78 Loc78
Loc48 Loc48
Loc58 Loc58
Loc46 Loc46
Loc31 Loc31
Loc7 Loc7
Loc70 Loc70
Loc10 Loc10
Loc54 Loc54
Loc51 Loc51
Loc28 Loc28
Loc22 Loc22
Loc1 Loc1
Loc52 Loc52
Loc63 Loc63
Loc80 Loc80
Loc44 Loc44
