1 9 38 31 44 18 7 28 6 37 19 27 40 15 12 11 23 14 25 39 48 5 29 42 10 35 26 34 47 33 22 1
31
9 72 73
38 61 111
27 64 136 60 66 78 140
19 53 98
37 99 125
6 95 101 119 126
28 83 131
7 107 120
18 110 130 63 69
44 102 114
31 70 143
40 87 117
12 59 116
11 65 142
23 55 108
25 80 86 79 109
39 52 57 135 139
5 90 93
29 96 129 62 81
42 89 104
10 76 132 88 134
35 74 122 84 92
26 51 118 100 121
48 58 68
14 75 105
34 50 77 106 137
47 113 141 82 138
33 54 144 67 127 115 124
15 85 103
1 49 128 56 123
22 91 133 71 94 97 112
