g3ylJsdLuC idQHxtSnxr BUMLJo6sc3 TSSOUimHPg IGpxjveim7 vnZBjkVngj IGpxjveim7 yvMowGbkvn vUu8ijgxxf DJYFSgxecW O6QhQ7e2YE 4TTtdOaCTp uqBwmUCwgE u4FAx2sHZm g2I4si69gU Qu2MUNKITj yU6iUY8YgO XOxGPscMMG WcyuqGYOzU O4Rh9n5Clo WcyuqGYOzU oWmQcQwHPo 2eMl9AO5o8 Qbef1n83yE 5gZkkIkl56 Qbef1n83yE oWmQcQwHPo WcyuqGYOzU ZjhU7PWKtj WcyuqGYOzU XOxGPscMMG yU6iUY8YgO Qu2MUNKITj FmtLnHv2HY GQ4F0g3Mdj XW1Wn7EqpN rCoEuOa7EU eV8Vk47Uma AOmNEQMr29 RUc8Sio5IX XW1Wn7EqpN GQ4F0g3Mdj 1TfvXd6dPZ dC48GQHGzO oCk2Yieytb WAi18jd2vJ PY68abXYga KO0qxEFqYe 1QXjsHNYao vajlhYBumL 1QXjsHNYao KO0qxEFqYe PY68abXYga 33omYiVXOD 5SSy593K31 qqiMfzDvYA VpC9l6m3bG ZqWjuL44qr jBYJ7v19BQ qjDSEKmZMW vLjEFrUVJv pKK7T4agKn AL20k9yp9D vLjEFrUVJv qjDSEKmZMW jBYJ7v19BQ ZqWjuL44qr qqiMfzDvYA 5SSy593K31 33omYiVXOD 2fevl06VRg 33omYiVXOD 1N2P3Sa7im u4LnQNaaiz p3w5kcAaF0 u4LnQNaaiz AOdvD4kI7u gNPoyTno9C AOdvD4kI7u u4LnQNaaiz 1N2P3Sa7im x066w6eh4W fWIjO8yhE3 EG1t1o8YrR WDULGPTRTU FqFik17fFH WDULGPTRTU x066w6eh4W Pijq8aHqIR CSjLrGbUz3 xtp1B5q0W1 AXNCIbkEJh xtp1B5q0W1 CSjLrGbUz3 nFqfAnhO3U euuICgBLD4 r8njDwxc2t WRgtAPt4eZ r8njDwxc2t x066w6eh4W 1N2P3Sa7im srT70dfQEr faoQv8TBlx rVrpShxAxl faoQv8TBlx srT70dfQEr K05xB79KZo Bx61hYSyg6 K05xB79KZo srT70dfQEr 1N2P3Sa7im uqBwmUCwgE MXIvZpEPtW pWVnBerIra gTAImjNH8G 7ZWqK2F5XG 2O61j91J3T dqqG7Zio8x 2O61j91J3T jVW9blzudJ 2O61j91J3T z8wUSSybzM j98kcW9qGB z8wUSSybzM 1KJyArncTt xjSWG1YKh9 Q2bVxDrpEx oEdovEhrWM WYEDqSuNRX wiMdNn30Xd q3brjZkhs5 wiMdNn30Xd xjSWG1YKh9 KZfI0wRW9K s4xBpV0FQ8 xjSWG1YKh9 1KJyArncTt XlU2fx0ZPn BNkM7qaRNw yky49wE4YG 2nSOTVmvxV 5hWe1EOa3M N6YnWF3Aqg yUArOGL7bN 6akdokYv9t QrJxLpX875 QrJxLpX875 6akdokYv9t yUArOGL7bN hiOG1rve27 9ZP8NtfLqm 723MhcLxt0 7wS9dKOnJR JGKb2VpmRc 723MhcLxt0 BNkM7qaRNw IA0Uf143OT uvoepIQg9n kwH6Lwl5ed uvoepIQg9n IA0Uf143OT JD3uem81Lg D0kECQ0RvI IA0Uf143OT BNkM7qaRNw XlU2fx0ZPn Cqa6jMOeIY XlU2fx0ZPn 1KJyArncTt z8wUSSybzM jWGPBjgoMW biWuM2iRnz mok9StGG0X biWuM2iRnz CYkwKg8CjQ O6QhQ7e2YE 6LMX14aEdy O6QhQ7e2YE AlEhnWGqVG O6QhQ7e2YE DJYFSgxecW vUu8ijgxxf 9LabQjTqkn vUu8ijgxxf yvMowGbkvn QOx0Q2p9eD 5sNanI9agV WCfxK7Y8pw 49R5E9I4Wp WCfxK7Y8pw HHHZ1vC1rP WCfxK7Y8pw 5sNanI9agV QOx0Q2p9eD yvMowGbkvn IGpxjveim7 LCKLTNE1vp uNliYB9ELN LCKLTNE1vp idQHxtSnxr g3ylJsdLuC
76
BUMLJo6sc3 jPXsbXPNMq fecMfiAuGC BUMLJo6sc3
u4FAx2sHZm 2OsmeZV9xh u4FAx2sHZm
2eMl9AO5o8 emYRLTiyj9
g2I4si69gU oVMPVsMWrZ g2I4si69gU
FmtLnHv2HY 2S929yZddP
eV8Vk47Uma x7iq98BiN3
rCoEuOa7EU mwzQG3SxnO
dC48GQHGzO pk0Vh75DnH
WAi18jd2vJ S8BtTu4yH9 WAi18jd2vJ
oCk2Yieytb uIf3wnJUdn bWDewy6WbV oCk2Yieytb
pKK7T4agKn TyL7NE2puV
VpC9l6m3bG YAqGe4tKAP
EG1t1o8YrR 8KtuAXHUy3
fWIjO8yhE3 KHDeTTvJC1
qnkfLCmfDn h5Si5BAPN0 qnkfLCmfDn
Pijq8aHqIR dMOAUqH7Z3 lfdanPGo3c 0wTk0mYkLH bhojeHeddF Pijq8aHqIR
nFqfAnhO3U 0hs3CNDF4L TBzLS0OAYU
euuICgBLD4 onlLq65Azx
KUJdxKVZFO nKHFs5cKTX KUJdxKVZFO
1TfvXd6dPZ mbSdju1TJK 1TfvXd6dPZ
0SQlBVJ1YY wRn7Oi1bcW
7ZWqK2F5XG Pz3egMzKU8
oEdovEhrWM CUEWGmB7Gt oEdovEhrWM
Q2bVxDrpEx KpxiCfRqh3
KZfI0wRW9K Q1N77BLmyb t25XjDwQhD tubjzjzUpV z9nRKYQ1ub
yky49wE4YG Pv5LMSkQii WRd4lScvm6 yky49wE4YG
5hWe1EOa3M LeZK9UvMT9 dj8JMfo3hX
2nSOTVmvxV TP2TNyk7wl
7wS9dKOnJR gZXiityEnU
JD3uem81Lg CxfzSa2YOV JD3uem81Lg
gTAImjNH8G M2hatQPY96
pWVnBerIra IT4pKw3giW
MXIvZpEPtW 4znnlMjVra
4TTtdOaCTp FvzkpZRSj8
HHHZ1vC1rP Oiowits7js aEo62SfMqH
TSSOUimHPg 97ZNlakBoq
qjDSEKmZMW qjDSEKmZMW
12ECENJIev 12ECENJIev
s3eMpsYH00 s3eMpsYH00
YpRs8m6oyX YpRs8m6oyX
XW1Wn7EqpN XW1Wn7EqpN
WcyuqGYOzU WcyuqGYOzU
uvoepIQg9n uvoepIQg9n
0mnwiU4XrT 0mnwiU4XrT
5SSy593K31 5SSy593K31
yvMowGbkvn yvMowGbkvn
u4LnQNaaiz u4LnQNaaiz
QrJxLpX875 QrJxLpX875
2O61j91J3T 2O61j91J3T
idQHxtSnxr idQHxtSnxr
GQ4F0g3Mdj GQ4F0g3Mdj
oIVQ2qkgnR oIVQ2qkgnR
RN0bCAV6rQ RN0bCAV6rQ
03xK87sjTf 03xK87sjTf
bsEkAY2K41 bsEkAY2K41
WvFZJEkTrw WvFZJEkTrw
r8njDwxc2t r8njDwxc2t
IA0Uf143OT IA0Uf143OT
BNkM7qaRNw BNkM7qaRNw
xtp1B5q0W1 xtp1B5q0W1
K05xB79KZo K05xB79KZo
oWmQcQwHPo oWmQcQwHPo
CSjLrGbUz3 CSjLrGbUz3
7g0Idy1nzK 7g0Idy1nzK
723MhcLxt0 723MhcLxt0
Tk8ERvdKxF Tk8ERvdKxF
yU6iUY8YgO yU6iUY8YgO
XlU2fx0ZPn XlU2fx0ZPn
QTNhZIciNJ QTNhZIciNJ
srT70dfQEr srT70dfQEr
vUu8ijgxxf vUu8ijgxxf
LCKLTNE1vp LCKLTNE1vp
biWuM2iRnz biWuM2iRnz
fXy828RCG4 fXy828RCG4
1QXjsHNYao 1QXjsHNYao
jBYJ7v19BQ jBYJ7v19BQ
