6Zg7j6t8kt ka4cgDWgq7 HpRVhY9Btb OF1HL5xl4P KpPj50fAfy zG9cl6Gy30 KpPj50fAfy OND9LnuOus eQGeDFyUBy 97dvK2Az7S MImiDijd1o VWD9Yy5Xrg zH4Z0p0Ftj 2Xeaya9zol NgxnYo41LY I1RTFIGWhc NULo72dPyj OGWcs2X8pk 8pgnfE3xKu ReGEuwhnqY bBhvVMv8Dt ReGEuwhnqY 1iUrZ2N0MA s8EkvbOYAX 79JJ9GZF8c fhmE7A9rVl fhmE7A9rVl 79JJ9GZF8c s8EkvbOYAX ESDdDChkYw 1aPtXDhYtV wXTrLT9dUx dojrtYXceT ZZt4oj1N7Y dojrtYXceT wXTrLT9dUx 1aPtXDhYtV ESDdDChkYw pm1Yq2dCLL xKltif8n2P l4hZbrGnD5 4ViGHxfdlc MpRNDD0glq lrFRnKniRv tc8Ui0HLCm niEIQoqP5I tc8Ui0HLCm lrFRnKniRv MpRNDD0glq 4ViGHxfdlc l4hZbrGnD5 uXkvSfF7Kv 88s4txyVUX jEhj8SsLxM 88s4txyVUX uXkvSfF7Kv ReGEuwhnqY dqEsxDzQkU Bfj8GrCEUo OGWcs2X8pk bc4pLp9tiD OGWcs2X8pk NULo72dPyj TH1GgoG5GU qJld7Tm42G TH1GgoG5GU SDcTVr32JM OwDrBJtg2E SDcTVr32JM pzbJYPJ1Je rBboL3WGMh pzbJYPJ1Je ITqWOrk6ub 0sg7h6elOW cqCbnI2bkr b3jUAAPOlA R0OKpbbX8l b3jUAAPOlA cqCbnI2bkr 4lUeyqYb0U J6nn6V6pVr J6nn6V6pVr 4lUeyqYb0U 2Xeaya9zol HMrJ59Oqha b501iB6FBB HMrJ59Oqha 2Xeaya9zol zH4Z0p0Ftj vD4d0BZ03p VlwfpLcOHZ vD4d0BZ03p zH4Z0p0Ftj VWD9Yy5Xrg MImiDijd1o ViIGFkuCy7 ShiApsZfxN ViIGFkuCy7 eQGeDFyUBy OND9LnuOus KpPj50fAfy fbxiHLAsv4 ECFKqOm791 OR78sPVsV9 EZQ9HUGjRN 5wb0VR04nl PzwBWrPM7w DFUEuoVNn7 H0NdoJawvz oQb2PqTM8x GwtnXYfCts DFUEuoVNn7 7EHiEUKwtc DFUEuoVNn7 PzwBWrPM7w 5wb0VR04nl EZQ9HUGjRN KpPj50fAfy OF1HL5xl4P HpRVhY9Btb ka4cgDWgq7 qOQTd9nboV ka4cgDWgq7 6Zg7j6t8kt
41
97dvK2Az7S GSDEYlNcCM Dkc5CxJ6RV 97dvK2Az7S
1iUrZ2N0MA 0gqiqztWgj
pm1Yq2dCLL iyQiEnpG35
xKltif8n2P M9d0z6OccV N08DpqDewo
8pgnfE3xKu oRs9wR3IGE 8pgnfE3xKu
dqEsxDzQkU vCSWEyz4PC
I1RTFIGWhc 7cteJXIZM1 YQKcyMibnc I1RTFIGWhc
NgxnYo41LY OpwMnuSGmp NgxnYo41LY
H0NdoJawvz 4JtfcKJvHu H0NdoJawvz
oQb2PqTM8x Iroa6leixY
OR78sPVsV9 Octagmmhko
ECFKqOm791 YZKJeBb8Pe
fbxiHLAsv4 tvKOOMQ7Sv fbxiHLAsv4
UgxUR9jKcJ UgxUR9jKcJ
1koyFI8rlU 1koyFI8rlU
ckEVpwA8CD ckEVpwA8CD
zH4Z0p0Ftj zH4Z0p0Ftj
YrPP1U1r20 YrPP1U1r20
KpPj50fAfy KpPj50fAfy
wXTrLT9dUx wXTrLT9dUx
4ViGHxfdlc 4ViGHxfdlc
lrFRnKniRv lrFRnKniRv
OGWcs2X8pk OGWcs2X8pk
b3jUAAPOlA b3jUAAPOlA
79JJ9GZF8c 79JJ9GZF8c
G05S6XZiBa G05S6XZiBa
uXkvSfF7Kv uXkvSfF7Kv
EZQ9HUGjRN EZQ9HUGjRN
4RZs4XFvF9 4RZs4XFvF9
TH1GgoG5GU TH1GgoG5GU
VWD9Yy5Xrg VWD9Yy5Xrg
MpRNDD0glq MpRNDD0glq
ESDdDChkYw ESDdDChkYw
4lUeyqYb0U 4lUeyqYb0U
s8EkvbOYAX s8EkvbOYAX
dojrtYXceT dojrtYXceT
fhmE7A9rVl fhmE7A9rVl
cqCbnI2bkr cqCbnI2bkr
1aPtXDhYtV 1aPtXDhYtV
vD4d0BZ03p vD4d0BZ03p
ka4cgDWgq7 ka4cgDWgq7
