5 95 90 88 89 88 72 78 83 61 61 83 30 72 68 32 68 72 88 25 88 15 55 7 37 40 40 65 7 8 7 55 12 82 67 11 71 67 82 12 55 15 73 50 58 35 35 58 50 73 29 16 47 17 19 92 1 74 74 80 76 96 52 63 52 44 28 46 70 3 70 46 28 52 96 76 92 19 17 47 51 4 79 77 34 56 2 56 60 18 41 41 18 60 21 77 79 4 51 94 54 48 54 31 54 94 51 47 33 26 33 5
34
78 22 78
66 14
30 27 87 30
90 99 85
37 75 36
11 62 11
95 43 95
16 6
1 42 81 23 84 1
80 69
44 97 44
59 98
34 39 93 0 34
5 24
46 46
18 18
92 92
45 45
4 4
47 47
52 52
53 53
60 60
13 13
88 88
82 82
76 76
40 40
91 91
67 67
64 64
55 55
15 15
74 74
