153 165 153 170 32 62 32 170 24 134 143 96 128 64 128 50 87 50 128 96 9 109 104 47 120 36 166 36 84 21 184 18 63 18 184 21 21 84 58 123 106 93 12 129 157 174 157 129 54 141 54 129 12 93 106 104 176 95 77 53 27 175 27 53 145 178 121 178 45 155 195 25 195 0 131 85 154 130 180 70 39 39 70 180 197 115 197 132 154 0 45 178 145 53 77 95 176 104 29 192 29 125 79 172 26 181 181 146 75 16 144 46 117 135 135 117 196 76 76 76 196 16 33 67 28 72 89 114 31 74 97 74 49 159 44 10 44 72 67 164 67 146 181 26 172 133 91 92 82 149 148 65 57 65 148 193 193 82 169 35 90 185 23 142 23 151 17 48 103 98 102 2 100 56 191 101 191 14 163 162 163 78 189 199 78 163 14 191 56 100 160 38 160 37 111 37 160 100 100 2 103 151 23 35 51 35 169 105 94 105 41 108 108 41 116 133 190 71 11 11 71 133 6 133 55 133 172 79 125 134 24 1 24 170 15 107 173 170 153
75
143 119
9 156
109 99
120 161 120
58 113 58
47 34 47
131 43 61 131
130 140
155 112
192 5 68 192
144 136 194 4
86 124 7 86
89 20 89
49 167 49
28 152 126 28
75 182
92 52 171
149 179
98 88 127 122 98
189 8 147
48 3
17 187 42
90 40 90
91 81 177
190 150
15 188 15
168 168
29 29
12 12
196 196
145 145
118 118
2 2
26 26
13 13
21 21
197 197
160 160
70 70
37 37
163 163
16 16
11 11
178 178
135 135
137 137
41 41
93 93
172 172
129 129
60 60
138 138
56 56
36 36
96 96
23 23
184 184
95 95
19 19
35 35
74 74
53 53
180 180
128 128
146 146
169 169
0 0
108 108
77 77
134 134
83 83
195 195
170 170
79 79
50 50
