Jennifer0 Dorian5 Wilma9 Charles12 Etha14 Fred19 James24 Jason28 Derick31 Willie33 Annie38 Tyrone43 Emma47 Ruth50 Wilma52 Miriam57 Richard62 Laura66 James69 Deena71 Carolyn76 Randy79 Melinda80 Ella81 Cory82 Eliseo83 Brian84 Eliseo83 Cory82 Ella81 Richard85 Todd86 Robert87 Todd86 Richard85 Hazel88 Maria89 Hazel88 Loretta90 Raphael91 Christopher92 Anna93 Christopher92 Darline94 Christopher92 Raphael91 Loretta90 William95 Don96 William95 Paul97 William95 Kenneth98 William95 Mike99 William95 Loretta90 Hazel88 Richard85 Ella81 Jennifer0
33
Jennifer0 Lorraine1 Janet2 Mark3 Patricia4
Dorian5 Kathleen8
Wilma9 Gregory11
Charles12 John13
Etha14 Nannie17 Wesley18
Fred19 Daniel20 Jennifer21 Doris22 William23
James24 Nadine27
Jason28 William30
Derick31 Mona32
Willie33 Charles36 Louis37
Annie38 Robert39 Tony40 Gina41 Michael42
Tyrone43 Mabel46
Emma47 Dana49
Ruth50 Virginia51
Wilma52 James55 Tony56
Miriam57 Hector58 Robert59 Natalie60 Michael61
Richard62 Angela65
Laura66 Armando68
James69 Jesus70
Deena71 Richard74 Steve75
Carolyn76 David77 Robbie78
Robert6 Robert6
Manuel7 Manuel7
Gladys10 Gladys10
Norma25 Norma25
Christina26 Christina26
Lonnie29 Lonnie29
Cindy44 Cindy44
John45 John45
Edna48 Edna48
Douglas63 Douglas63
Sonya64 Sonya64
September67 September67
