y1ueyuwp oso2xmpn1i yida2btlrgcd2it dwkx4qna9 n7ezpoxxjz 4cddmu86gmo 95nsenz6 semnfibvvw 95nsenz6 quxig9xz2 v1cixzc rkd38ui5s4 8t9i4yy rkd38ui5s4 v1cixzc h5k2yge4 6u33i 2y9obuu p53u2x9bku99j l9o31o 2y9obuu 6u33i h5k2yge4 5x4zmawq3cs h5k2yge4 t9z1zz96r h5k2yge4 bmicm4au bmicm4au 95nsenz6 jjeivv4j55 p4fcg3ba dwpot1sud 9ii2rucyn dwpot1sud o8v5h74 mqt67y9n wucvjdj 8rzfxob6lso8 rp7qqdx12pxp3 qlbdmc nu38y4r5 ap28w d37uowoo2 d37uowoo2 ap28w qlbdmc gqjnkh qlbdmc u3hrcbx4 6cobswykzz vn24bhq q2cvwfhr6pl5 cugvgbo6wl q2cvwfhr6pl5 vn24bhq u3hrcbx4 qlbdmc rp7qqdx12pxp3 8rzfxob6lso8 k3bqrx 8rzfxob6lso8 wucvjdj mqt67y9n o8v5h74 dwpot1sud nnie92a 6knvi15aqo dwpot1sud p4fcg3ba m48nzuh p4fcg3ba vehkyi71w 9956fi f3vyq53xc zwcak5jfw 9956fi vehkyi71w z3qc9ub umnww3 fb1k5fttu6 umnww3 vehkyi71w osiicb1mi85 vehkyi71w ngl6ujj91 ehy39 vat23asx ehy39 2jba9pca ehy39 ngl6ujj91 b7of9a oyoi4md61 3hlob94j5u m6ncea3 m6ncea3 3hlob94j5u xllfi9b wumltwm l12pu h8f7kmt2t l12pu wumltwm xllfi9b 6wzv62g xllfi9b ngl6ujj91 vehkyi71w g7pgjjh6 bh5o9stvk7 g7pgjjh6 my85gnmouy kab7t8o7qjj q847myi 7og7qr4t86 8cfvpx26xwcwt 6irox6z u1p7t48fr5 u1p7t48fr5 6irox6z 8cfvpx26xwcwt 7og7qr4t86 sv1bfs4 kab7t8o7qjj my85gnmouy g7pgjjh6 vehkyi71w 95nsenz6 5x4netz 95nsenz6 4cddmu86gmo y1ueyuwp vy9v6nnzx 783c5j65ui yfvnawh2c2 783c5j65ui vy9v6nnzx y1ueyuwp qde64o9i3e y1ueyuwp
35
yida2btlrgcd2it uus7jirbe yida2btlrgcd2it
p53u2x9bku99j t9q1ztn8723 p53u2x9bku99j
quxig9xz2 j2pso94 quxig9xz2
nu38y4r5 swoprer 38s4jyp4eu
6cobswykzz yik8cqxn2
nnie92a fhrrge
f3vyq53xc 2bwd2j f3vyq53xc
z3qc9ub 8eg2mee
oyoi4md61 31raz5hp9v
b7of9a vnsdusp
q847myi svhmnjst1e 8erlfq q847myi
jjeivv4j55 u4xzrfm7f jjeivv4j55
oso2xmpn1i kch7lui7
7og7qr4t86 7og7qr4t86
3hlob94j5u 3hlob94j5u
8cfvpx26xwcwt 8cfvpx26xwcwt
4cddmu86gmo 4cddmu86gmo
9956fi 9956fi
kab7t8o7qjj kab7t8o7qjj
umnww3 umnww3
ehy39 ehy39
mqt67y9n mqt67y9n
eq5c5ygub eq5c5ygub
l12pu l12pu
kc3zwg52 kc3zwg52
xllfi9b xllfi9b
2y9obuu 2y9obuu
bmicm4au bmicm4au
rkd38ui5s4 rkd38ui5s4
w4qoh15 w4qoh15
95nsenz6 95nsenz6
vehkyi71w vehkyi71w
ywksl5wd ywksl5wd
my85gnmouy my85gnmouy
6u33i 6u33i
