htb26qt qvfndvc zjj1dm8s ligw3mffc fgkuly81y czpcwszblx uzsjpl5f5 5nsjpxd 52oycn21v 52oycn21v 5nsjpxd uzsjpl5f5 ligw3mffc aplkk57cpzm 44yverx ben42py9 tmyhwxa tq8pgw7ge id5491f19 tq8pgw7ge tmyhwxa aplkk57cpzm ligw3mffc pwqxinlzb3s ozag34bm9 yr44oj2 p5ujl2azex p5ujl2azex yr44oj2 pwqxinlzb3s ligw3mffc qvfndvc htb26qt 4lvyha1 itbc25it1yep 29vqtk3x xpxnortd t6fnmkuk t6jinp 87jxa m5r6ali 4nwqnlye ynuam4f8 1161ildqnj 1161ildqnj ynuam4f8 4nwqnlye m5r6ali fl6nxu2p a8cy4e1t8 x73l73jp a8cy4e1t8 fl6nxu2p t6fnmkuk xpxnortd 5612qqmh txlltgki xpxnortd 29vqtk3x eb3m8w2lan f92ere3 f92ere3 c9c2oc6rv 5xz8hm5sa3 5xz8hm5sa3 c9c2oc6rv hyc885fvjls hyc885fvjls 29vqtk3x b8apl2kn 7hz6j8 zjh83ae zjh83ae 7hz6j8 tpuaixp z4kx8k9 hipbkq7s74z hipbkq7s74z tpuaixp kxhc6t8tu 8m3pascg vl6czuab vl6czuab 8m3pascg oafxqw 9egqgrh7x4e 9egqgrh7x4e oafxqw htb26qt
53
zjj1dm8s l8yypbh 7pbkkbbpw 5stwoup yx6dguko
aq2rero4e ay5sahonq84
fgkuly81y 8jea4n4ez pmyqr 4ka6l1c8w p9mtts
89ladcv yx6dguko
czpcwszblx mw8g2qjo1 hwu8dv9jgknbm
id5491f19 itrx5fucdq gd5ct4 t4iedm
ben42py9 zou7sx9w 6u4sf1gi nd9xavj
44yverx ic2r4blmm9 nm7ud tu8xxomxhi
ozag34bm9 i6lsw66h obabms dt4ljfgjkizpq 9lvbrlgk ht1efrhmh ozag34bm9 ay5sahonq84
itbc25it1yep yg6hizqty q42s9z886w5 4w6uhigzl
t6jinp k3qywmpr g2g6fxcwr2l
87jxa piawzpgtzz9 52a3fj2zh 87jxa
x73l73jp 1ca2x2cnc dlkmpx x73l73jp 3khitn6
txlltgki 9oii82xaa s9vu9xx884 8gc7dka8lfy txlltgki
ml5lp1nmef 4ka6l1c8w ilaz9q wqkqf vrem3ey3kg44
5612qqmh ushjdkdhm9 e7lxs
eb3m8w2lan tjwldi 6k7du
pt2n7hl fej54ps5j pt2n7hl
tu8xxomxhi hq5mh8mi yhvc7zg euhqqqmdpe tu8xxomxhi
siimi45 hc2hf5t8 3khitn6
qq3mi yhp7wbv9 art44ncra nm7ud
z4kx8k9 y3eg7gqq6 h1gz5hzz ysiw8m4l 1jhmm8m85
u8tp4tq 59yzvtv p9mtts
kxhc6t8tu 37v6d kwtb3cg kxhc6t8tu
b8apl2kn grn3uqx9y
4lvyha1 iffsi
7hz6j8 7hz6j8
og6n7bgq8h og6n7bgq8h
ynuam4f8 ynuam4f8
812l47wm 812l47wm
aplkk57cpzm aplkk57cpzm
9egqgrh7x4e 9egqgrh7x4e 812l47wm
mucolb1r mucolb1r
zjh83ae zjh83ae yhvc7zg yhp7wbv9
8m3pascg 8m3pascg
vl6czuab vl6czuab
uzsjpl5f5 uzsjpl5f5
1161ildqnj 1161ildqnj wqkqf
yr44oj2 yr44oj2
f92ere3 f92ere3
pwqxinlzb3s pwqxinlzb3s og6n7bgq8h
hyc885fvjls hyc885fvjls fej54ps5j pt2n7hl
a5u8g4sej a5u8g4sej
t4iedm t4iedm
ligw3mffc ilaz9q
m5r6ali vrem3ey3kg44
5nsjpxd hq5mh8mi
c9c2oc6rv euhqqqmdpe
4nwqnlye hc2hf5t8
t6fnmkuk 59yzvtv
5xz8hm5sa3 art44ncra
tq8pgw7ge mucolb1r
52oycn21v a5u8g4sej
