index26 index35 index21 index33 index47 index18 index1 index42 index14 index49 index14 index42 index1 index18 index47 index33 index21 index15 index3 index21 index35 index26 index28 index12 index23 index5 index32 index20 index13 index11 index30 index11 index27 index19 index17 index29 index6 index17 index19 index27 index11 index13 index38 index36 index37 index34 index34 index0 index36 index38 index13 index20 index8 index20 index16 index16 index24 index39 index2 index31 index45 index46 index31 index2 index39 index24 index5 index23 index22 index23 index12 index28 index26
19
index15 index43 index9 index15
index29 index40
index37 index10 index7
index32 index41 index32
index45 index25 index44
index1 index1
index2 index2
index5 index5
index13 index13
index16 index16
index19 index19
index24 index24
index27 index27
index31 index31
index33 index33
index35 index35
index38 index38
index39 index39
index48 index48
