hC71hIuyRaST3AiaSZqg cXmjc3Wu4kjM1IHGgfA5 m0W1PzAhoOpYXaJ0LLW5 UQEmoPmHSH2FlTDuXOEx LkczcKgnoMrSVImHJ0fO KkJFwKldxLItiBZ9EoaZ LkczcKgnoMrSVImHJ0fO UQEmoPmHSH2FlTDuXOEx 4uRnU5kYfamseynbdI9c cXmjc3Wu4kjM1IHGgfA5 hC71hIuyRaST3AiaSZqg lrXvsaItMucJuqzZylSg btiXecpJBKmrIHtQ7jPA FzgyYozZJweUgT2UncY3 lrXvsaItMucJuqzZylSg hC71hIuyRaST3AiaSZqg UE66Ok3YtceUJCwuX3xr SbMznZDIZs7TTEfAUGt3 SbMznZDIZs7TTEfAUGt3 iS3QMNvYa0RbuZKbJowP OAcbYkMyAi1Iu0vWaaFc CIdYfkuOMaRk394L6cKF OAcbYkMyAi1Iu0vWaaFc iS3QMNvYa0RbuZKbJowP kITtdSORrLGuHqAl2YGb EEWjQ3rZ3GM9oucA2vc5 2Bx9KHBjUU4KACeYmEka EEWjQ3rZ3GM9oucA2vc5 kITtdSORrLGuHqAl2YGb VkEnPX1CQCoh4CxlXSlf ZUt08qPkISJA3VT4fdsK 5doygtE58PVlrfBbaaxD 4FGKBBtL0fTw4RscYaCG 5doygtE58PVlrfBbaaxD ZUt08qPkISJA3VT4fdsK VkEnPX1CQCoh4CxlXSlf xTqag3TRSmD8TI7ozU6T ivvO5yUvAxjOjLiwMPV4 ymIUUgCvgB7r5le0Mh11 a050Gc07llzkwp1sFUA0 YUvMCsDyzZfhbCs0qJRu a050Gc07llzkwp1sFUA0 ivvO5yUvAxjOjLiwMPV4 xTqag3TRSmD8TI7ozU6T nOsoIFzZBhdd6bjP45Ba Wvcwm6VpeYnZXpTH3IZP KkeFTm4eTA6qHgViFx48 Z2YJKymsE6JEohxl2CgC 2TderjwrXrNV2UBZ77eD LI8fhHKJlh7mQx1nNK0m IWOalMs6IXX5Ln6F9Eov 2QgUKFj4HV0dn5Ia55tj QYsTJmc2IUi36H1YK47s m54EIZlfduVsUOzACS5b aRTaaeyCiUc9wpTmFn5B m54EIZlfduVsUOzACS5b gZCyL2MJze1aowodommu iuuWW5781KuHBsKkyWMa qmJjxb5ffqkJdxtR9mHb DrhvxXimsmLLGRkE94hS qmJjxb5ffqkJdxtR9mHb lVjpvSHc5hBrS7dzTmI1 lVjpvSHc5hBrS7dzTmI1 gZCyL2MJze1aowodommu m54EIZlfduVsUOzACS5b QYsTJmc2IUi36H1YK47s 85xSse1gOLjILYSRUgB9 f67LrguccbwZw0aXriuu 3pFVvt0XFh3JvOGqpp1y b9q1t3OMZ6dXE5R6ca5w F5wAHGfxfHDlSYlCHBkp b9q1t3OMZ6dXE5R6ca5w vXrEXAmThLoQVXFImZcg 7DZfG4yobV0xCcSaxf27 5E8wNso5HkheqEVi0Uhr 1Mr5ej8RW5Yk1ZWYpV5x 5E8wNso5HkheqEVi0Uhr 6jnt0RQvUBeXBhrLOwzh EnQuMk7pVZUnmn2BboBv OBEPyJuvhH0Z9VoT2UNC x74MQe7pEH17MLQqDD8H VHkCxqV9Ecgzij51DFic u8OLHMd8iqOiUbQQ7wxA 8w6JkwNghwwfzVWZlMG6 hYQ8wC7QWWx5wW2TCt2Y 9WdSftrlWeJdclTkQ4Ss hYQ8wC7QWWx5wW2TCt2Y u8OLHMd8iqOiUbQQ7wxA RNtZ6m1O9hQj2ovJiJE3 JuSdCG8HSUzwufkmRvTN 8IUV6HBSYn47shRwVW5F tlptthCZhNn9sCWA6nK3 qsQI3bptDcBOGz4nQEL5 QBNhPcmtLfTR2DSrZWqu qsQI3bptDcBOGz4nQEL5 EqrhH8oFQmMRN10foGjV 4HAqq83HvFVwM7RSa8NQ EqrhH8oFQmMRN10foGjV qsQI3bptDcBOGz4nQEL5 tlptthCZhNn9sCWA6nK3 d5LnqmMpt2Ka3sWGmvow CuGwf3E2mmIEpZeaF5CW d5LnqmMpt2Ka3sWGmvow tlptthCZhNn9sCWA6nK3 mkGdh9qd7uj9x5W3Koxj mUdsQgC4b4x2HD8wqon6 mkGdh9qd7uj9x5W3Koxj RNtZ6m1O9hQj2ovJiJE3 u8OLHMd8iqOiUbQQ7wxA 6jnt0RQvUBeXBhrLOwzh EfhuR5UGBxqkoqdQBn2E 4MuL6AbQo2ozZ4x7psrd MCc3yEIO8tXzzu5ZknlT kuIwHVHn49UEM4TprHKr CMQ0OeWc1jOFVxmSr3hH EGP8Bd7gbzca7HmQthfa CMQ0OeWc1jOFVxmSr3hH kuIwHVHn49UEM4TprHKr 1wSeohNTb1oCspxe2x4j fHaNehOegdlwymJ5Tbvp uwYFKqdXzHrDjwNLVxGZ uwYFKqdXzHrDjwNLVxGZ fHaNehOegdlwymJ5Tbvp 1wSeohNTb1oCspxe2x4j jLS4UljOCe6h8LwAOGRX 24YcTAlCtPoNC11H3BAQ NWAZrSnr0i1Dj5TA6dLc euZ15YwFUeCb42J4vvX6 wqyhoOJuJuNfuZ1c9ZhU KYytbd9CXAYZLlOU2JVI euZ15YwFUeCb42J4vvX6 PUX0RecerGn3NX5t2hBc euZ15YwFUeCb42J4vvX6 RiZJXix70KkeQI5YZY9j WWEBxNNG20y6nEEMPvzN QDFrfZgHiHMBgGJy1v64 QDFrfZgHiHMBgGJy1v64 dsEyS8WvuzfBZPrbbzZx 63EFNMvLteBrV7Lj9nA4 CITGt2jOx7Lecs3CtylJ ObIUeV1Y9WxgQVINEZzj NqvNOj5h3GSbJm5NawjL XzID4BBPQnOnz9XMetpC NqvNOj5h3GSbJm5NawjL CITGt2jOx7Lecs3CtylJ nmwnnNlPCMIjajSEo2R3 C5aQkckiWq5qVUhbiI57 nmwnnNlPCMIjajSEo2R3 CJPsPFylFkMPqvXrW58O kvWSRFx5cBJAdKv02AAn Udew7VNFg6dndWFd4Xv7 CBlKOXlRycQbkyDm6Ich qtHpIO00aVjMjk7M0v9K k3PQRnKD222tnpAYeJ4O eULKHiriYHElwEbrQo2X NjrNYv2s9TjuFmdhy6vq eULKHiriYHElwEbrQo2X k3PQRnKD222tnpAYeJ4O k3PQRnKD222tnpAYeJ4O qtHpIO00aVjMjk7M0v9K jGNThQH3U9Qqi91Eop7X 61VEe5QpRdEG1AHTZmSn G2jsO08FPT3xFngeyu4B 61VEe5QpRdEG1AHTZmSn aGWdv30UuUFiszMErlJF gY86LqbQLTIYrcgU8Crt gY86LqbQLTIYrcgU8Crt aGWdv30UuUFiszMErlJF CJPsPFylFkMPqvXrW58O dsEyS8WvuzfBZPrbbzZx Py9pyPdsXNOp2IZqhQo2 dsEyS8WvuzfBZPrbbzZx QDFrfZgHiHMBgGJy1v64 WWEBxNNG20y6nEEMPvzN RiZJXix70KkeQI5YZY9j 24YcTAlCtPoNC11H3BAQ jLS4UljOCe6h8LwAOGRX 4MuL6AbQo2ozZ4x7psrd 5JVDuLtVtH8dvmcH9fd6 GPM8ezkS8AlTI0cYCnrm 6jnt0RQvUBeXBhrLOwzh 5E8wNso5HkheqEVi0Uhr 7DZfG4yobV0xCcSaxf27 vXrEXAmThLoQVXFImZcg b9q1t3OMZ6dXE5R6ca5w tb41LamjPxrSZBTCVL4N D3gODzQIzHZRe5A487BX b7ZT2hEEnAs84vAc9csm D3gODzQIzHZRe5A487BX g5fwwkfUKem4JdibLkXM PFAHK1LPbENiUm01N8B0 xtgYSd34f56WAH3CCBpW ElLrRzuv43VPHSxgF9aR ElLrRzuv43VPHSxgF9aR sg5cs9DlFxbTEStxmnQo PFAHK1LPbENiUm01N8B0 g5fwwkfUKem4JdibLkXM D3gODzQIzHZRe5A487BX b9q1t3OMZ6dXE5R6ca5w 3pFVvt0XFh3JvOGqpp1y f67LrguccbwZw0aXriuu 85xSse1gOLjILYSRUgB9 QYsTJmc2IUi36H1YK47s 2QgUKFj4HV0dn5Ia55tj IWOalMs6IXX5Ln6F9Eov LI8fhHKJlh7mQx1nNK0m 2TderjwrXrNV2UBZ77eD 2TderjwrXrNV2UBZ77eD Z2YJKymsE6JEohxl2CgC nOsoIFzZBhdd6bjP45Ba xTqag3TRSmD8TI7ozU6T VkEnPX1CQCoh4CxlXSlf kITtdSORrLGuHqAl2YGb oq1GulTWdKtwAlNIQxnY 2dfprAgHp3T6RrgooKgP NXZByMrsstrrXRLxVcyg NXZByMrsstrrXRLxVcyg qsbRHSDlSHG3Ep5gugbq qsbRHSDlSHG3Ep5gugbq NXZByMrsstrrXRLxVcyg uJlmjikTUoEO48jGpFMW c2cBpUI19bqo5IjxQzNs CwkDmD51N1Lhnzhdl5se m6rR2iEESZqKqRpPfrCl x81SdeDfzbsk8wgCHcJT 468JV90VoJDfHRf7bwGC yLnN3wvof669Fh58DxrQ 468JV90VoJDfHRf7bwGC x81SdeDfzbsk8wgCHcJT m6rR2iEESZqKqRpPfrCl oq1GulTWdKtwAlNIQxnY kITtdSORrLGuHqAl2YGb 7hwqk4bfHzoBgB4yaE5p hC71hIuyRaST3AiaSZqg
75
m0W1PzAhoOpYXaJ0LLW5 Wf6tYlitgmZKoXfughsS Ca5sYccbD9TUz7JLHrcf
btiXecpJBKmrIHtQ7jPA 4wWd3kvalFkda9M583i7 btiXecpJBKmrIHtQ7jPA
UE66Ok3YtceUJCwuX3xr v0QCMKnmfkXllH4nQHen COVfDobG5VcfcSxLDUch
ymIUUgCvgB7r5le0Mh11 qyWH5Ui5kFJGpXM7i2RZ P6PcaiimLTne6w5m7SJi ymIUUgCvgB7r5le0Mh11
iuuWW5781KuHBsKkyWMa sCcEFmBkhTop4sycKzuM Dv6lwBgjbbZceuQXFzFf Mufarp9xGx29xj0P1ijS
EnQuMk7pVZUnmn2BboBv QHOT9LWV0s6xVVreglDh 1Oc2bGjHzXrMLiYLik5Z
OBEPyJuvhH0Z9VoT2UNC z0rRwRZbA1TaaAgS8PYu OBEPyJuvhH0Z9VoT2UNC
VHkCxqV9Ecgzij51DFic OLGSBuAPLZmdhTN6ApoS
8w6JkwNghwwfzVWZlMG6 1uTE034Q24DWmybWBbX4 8w6JkwNghwwfzVWZlMG6
8IUV6HBSYn47shRwVW5F 1ae7bJScGomdGEdgag5b DmIjX4adnoqSEDmx2f39 8IUV6HBSYn47shRwVW5F
JuSdCG8HSUzwufkmRvTN FE29I03FH1qEyEvIQNGT JuSdCG8HSUzwufkmRvTN
EfhuR5UGBxqkoqdQBn2E fzCA3w8Mu664WC0yRZb5
MCc3yEIO8tXzzu5ZknlT WgneGAZv4qtDq8Q5DYZf
NWAZrSnr0i1Dj5TA6dLc fuNQ8Sfy86k6zaBQjwEz NWAZrSnr0i1Dj5TA6dLc
wqyhoOJuJuNfuZ1c9ZhU 6KcltWtleWJ6izN3XL0F wqyhoOJuJuNfuZ1c9ZhU
ObIUeV1Y9WxgQVINEZzj RDnAjQbgrCahBSBieO1p l5OFQGDhW1xJJ8ERuglz CgUyoeVDFzkf0g6EiF8w
C5aQkckiWq5qVUhbiI57 yXrak2UUHdgFCsCWvgfp C5aQkckiWq5qVUhbiI57
63EFNMvLteBrV7Lj9nA4 R22TNV5lr1tmI44FcHvv 63EFNMvLteBrV7Lj9nA4
kvWSRFx5cBJAdKv02AAn RSJQdRAK7H6zYHVeXyPj
Udew7VNFg6dndWFd4Xv7 laRDyozSdXcFtmdQ5VqD W5rNQea9NsCafaUbLgWC
jGNThQH3U9Qqi91Eop7X bw0K7NVh1sgqlnescYkX ddzqPXECnHQT4a4RIpSF
tb41LamjPxrSZBTCVL4N IC3wlDskAWyf0o1M61kl
xtgYSd34f56WAH3CCBpW t9sTQNaMU9o2HF5pm7xT xtgYSd34f56WAH3CCBpW
Wvcwm6VpeYnZXpTH3IZP yMXdJdorJpzOHHt9uIfg
2dfprAgHp3T6RrgooKgP 72cxNTZ1Tw5teVGiR2xj gZiMcGUkLd8qaWleLH1T 3MmCPAjYheu6g9TkIxDm 2dfprAgHp3T6RrgooKgP
uJlmjikTUoEO48jGpFMW zbsjvfwSdNExCnTFLo8x
c2cBpUI19bqo5IjxQzNs 2YL9dYowMkTTxjU0fVal
IWOalMs6IXX5Ln6F9Eov IWOalMs6IXX5Ln6F9Eov
EqrhH8oFQmMRN10foGjV EqrhH8oFQmMRN10foGjV
NXZByMrsstrrXRLxVcyg NXZByMrsstrrXRLxVcyg
g5fwwkfUKem4JdibLkXM g5fwwkfUKem4JdibLkXM
Mi1upMhcgP7iV16OWKN5 Mi1upMhcgP7iV16OWKN5
YygsiZkXDS9oQ07w4psX YygsiZkXDS9oQ07w4psX
61VEe5QpRdEG1AHTZmSn 61VEe5QpRdEG1AHTZmSn
OAcbYkMyAi1Iu0vWaaFc OAcbYkMyAi1Iu0vWaaFc
nmwnnNlPCMIjajSEo2R3 nmwnnNlPCMIjajSEo2R3
nOsoIFzZBhdd6bjP45Ba nOsoIFzZBhdd6bjP45Ba
jLS4UljOCe6h8LwAOGRX jLS4UljOCe6h8LwAOGRX
6jnt0RQvUBeXBhrLOwzh 6jnt0RQvUBeXBhrLOwzh
2TderjwrXrNV2UBZ77eD 2TderjwrXrNV2UBZ77eD
1wSeohNTb1oCspxe2x4j 1wSeohNTb1oCspxe2x4j
oq1GulTWdKtwAlNIQxnY oq1GulTWdKtwAlNIQxnY
oakCd1HozhO35GtImcF2 oakCd1HozhO35GtImcF2
NqvNOj5h3GSbJm5NawjL NqvNOj5h3GSbJm5NawjL
EEWjQ3rZ3GM9oucA2vc5 EEWjQ3rZ3GM9oucA2vc5
TrUW9m3qjkTMvqHNRot0 TrUW9m3qjkTMvqHNRot0
aGWdv30UuUFiszMErlJF aGWdv30UuUFiszMErlJF
cXmjc3Wu4kjM1IHGgfA5 cXmjc3Wu4kjM1IHGgfA5
eULKHiriYHElwEbrQo2X eULKHiriYHElwEbrQo2X
KqTw626stjcdChciHrJ6 KqTw626stjcdChciHrJ6
Tgouk8HApNFShyYjQedR Tgouk8HApNFShyYjQedR
24YcTAlCtPoNC11H3BAQ 24YcTAlCtPoNC11H3BAQ
mkGdh9qd7uj9x5W3Koxj mkGdh9qd7uj9x5W3Koxj
kuIwHVHn49UEM4TprHKr kuIwHVHn49UEM4TprHKr
nnG2z19YXqYOoAxMQkFV nnG2z19YXqYOoAxMQkFV
lVjpvSHc5hBrS7dzTmI1 lVjpvSHc5hBrS7dzTmI1
RNtZ6m1O9hQj2ovJiJE3 RNtZ6m1O9hQj2ovJiJE3
VkEnPX1CQCoh4CxlXSlf VkEnPX1CQCoh4CxlXSlf
rW1b1NT9NaRlIIxoT8XF rW1b1NT9NaRlIIxoT8XF
2QgUKFj4HV0dn5Ia55tj 2QgUKFj4HV0dn5Ia55tj
4MuL6AbQo2ozZ4x7psrd 4MuL6AbQo2ozZ4x7psrd
b9q1t3OMZ6dXE5R6ca5w b9q1t3OMZ6dXE5R6ca5w
7DZfG4yobV0xCcSaxf27 7DZfG4yobV0xCcSaxf27
LI8fhHKJlh7mQx1nNK0m LI8fhHKJlh7mQx1nNK0m
qsbRHSDlSHG3Ep5gugbq qsbRHSDlSHG3Ep5gugbq
5doygtE58PVlrfBbaaxD 5doygtE58PVlrfBbaaxD
Z2YJKymsE6JEohxl2CgC Z2YJKymsE6JEohxl2CgC
x81SdeDfzbsk8wgCHcJT x81SdeDfzbsk8wgCHcJT
vXrEXAmThLoQVXFImZcg vXrEXAmThLoQVXFImZcg
g6Fit1BcwBIbAAJnBKGn g6Fit1BcwBIbAAJnBKGn
QYsTJmc2IUi36H1YK47s QYsTJmc2IUi36H1YK47s
468JV90VoJDfHRf7bwGC 468JV90VoJDfHRf7bwGC
UQEmoPmHSH2FlTDuXOEx UQEmoPmHSH2FlTDuXOEx
PFAHK1LPbENiUm01N8B0 PFAHK1LPbENiUm01N8B0
dsEyS8WvuzfBZPrbbzZx dsEyS8WvuzfBZPrbbzZx
