M2S9flVUcYP2sJdh8LXf wYRR07UrNAdstlFcx7n2 C1CVSQIxudgISqBvCOoA sH3pvLOfMUrEGUrmsHCu tuE7UekaxGUib4idWtYa icN9hCSgyAan3sGfngmv nbZglhhmYQAPQz4eETaj EtrZREkmL456viQQJ9Rb S8uMGvUglWyhnfV5Wzdp dKH5OdpmJKCU83bbXVxZ Kfu1pc3YPMGebW7Iu8ex zbFdxZAJcbci5gs01pnM sZojFweTE55bBWYz0Tda v0QJIKD4q7sFXrzFSb6J 8KfYYXeMqM0D4nShLOzi 4bQwji0D4wyEDLd54MWv zc2cVu7aHW2Uc4Z1tHon oWxP87H6AXwFzF0dpB9d 7TbbztQ90wmMzxjLFXzq 5gumrx48u1yPpF6ivPOI 7TbbztQ90wmMzxjLFXzq oWxP87H6AXwFzF0dpB9d zc2cVu7aHW2Uc4Z1tHon 8KfYYXeMqM0D4nShLOzi 8KfYYXeMqM0D4nShLOzi v0QJIKD4q7sFXrzFSb6J Kfu1pc3YPMGebW7Iu8ex dKH5OdpmJKCU83bbXVxZ dKH5OdpmJKCU83bbXVxZ S8uMGvUglWyhnfV5Wzdp EtrZREkmL456viQQJ9Rb nbZglhhmYQAPQz4eETaj icN9hCSgyAan3sGfngmv sH3pvLOfMUrEGUrmsHCu sGymQi0ZOpCowisPJkWe Y9NkTxuGcG1D46t8mZ67 ZBeXR80522AAM5P7qeaG ag5vZ07KPwCr1Lpz8zM0 JajH9BPb1gw5kQ2oTRnP Dt5YfbjQq6VoKnyw6Zav i2zuTkgDKtYA8Q9KejMN i2zuTkgDKtYA8Q9KejMN Dt5YfbjQq6VoKnyw6Zav dOKaHsIcDX32wPXAX2Gt uy6RcQAYd3ATM1Icq3my LxEzX08MG9T8knIYbul0 LxEzX08MG9T8knIYbul0 dOKaHsIcDX32wPXAX2Gt dOKaHsIcDX32wPXAX2Gt fmFrd4vggNac5TkiFJAd Z8MZ2JfftjeVVnGFSOQe PbYOO88SokShsv7XrgBm PbYOO88SokShsv7XrgBm NMTjl1jsvrb7y2ggdCSc NMTjl1jsvrb7y2ggdCSc PbYOO88SokShsv7XrgBm Z8MZ2JfftjeVVnGFSOQe fmFrd4vggNac5TkiFJAd Y9NkTxuGcG1D46t8mZ67 sGymQi0ZOpCowisPJkWe 2qerVVbMKjJpuQmQ9aqr sHkjJnMiMEPb4htMPUMQ RV5D5yksO9rCY6rkv8aJ 3TWDD9k8g0eTVq52a62Z 5jhNGHh0Et1Lidy4vCpq wpBgd82GxlO3hr1i0lHL wpBgd82GxlO3hr1i0lHL 3TWDD9k8g0eTVq52a62Z RV5D5yksO9rCY6rkv8aJ sHkjJnMiMEPb4htMPUMQ 2qerVVbMKjJpuQmQ9aqr wYRR07UrNAdstlFcx7n2 M2S9flVUcYP2sJdh8LXf
36
tuE7UekaxGUib4idWtYa Bc6dudheE3WGLxP0iDdK pNXWB5geApaSjbsCCT4J PZrpdQAa8H8tkrajh08J 93aDiM8K0XhtiVcCVKi2
zbFdxZAJcbci5gs01pnM zD7ErBenXxsG4D9b5TEV
5gumrx48u1yPpF6ivPOI 9Jr76N4fnNot7SNYqBKG gZVNRDm5p6aX5QEEX8UG 5gumrx48u1yPpF6ivPOI yHMPX8vHctuUweyLluyz vxiwkV1b5fV2sGCBFsRQ
Yj14cJHLteGLwnT0JCVo yHMPX8vHctuUweyLluyz
4bQwji0D4wyEDLd54MWv jgcWqrcniA4q9WNs9xkc 9GrchmlNCDIapQ9OnEYh 4bQwji0D4wyEDLd54MWv
sZojFweTE55bBWYz0Tda tUowOUG1V7iCXBCMR0AT
Pqf0Sn4UvsBLaxz7WO4n 0uvEfLgT4s8ImTk9VWBt Pqf0Sn4UvsBLaxz7WO4n
MtQDjkLToWj4d53MMhKG 48nWZMVqWDxfH9uMf2U3 cdaizmjQrCe5Vnwy3JQF
ZBeXR80522AAM5P7qeaG m1IYiQsUBuvvpTv7yWXO
Dc1wEVV3kuOZotG6pNlL LNMZej67uy0Whvqp5OR1 L8bxdxuDa5issn2PiN3u
JajH9BPb1gw5kQ2oTRnP k7k4sHxeh1pR4sOjcVuj zdtRVpQ9lVyEhNj9Evpp
uy6RcQAYd3ATM1Icq3my yZPIHwySFuIdRJCMzjnz Eu0wGcDBBrgvePzHfqrS uy6RcQAYd3ATM1Icq3my ECCnzlgsMEvTYjNwAlfM
ag5vZ07KPwCr1Lpz8zM0 W4IxjYZtRN88GGSV9Uoc XmlH4l2BXG35TF70bZqZ LNMZej67uy0Whvqp5OR1 L8bxdxuDa5issn2PiN3u Jjat3uJ5XboI9kZe0522
C1CVSQIxudgISqBvCOoA H59EihDjhfpS7ToXFM3L vodEvdIApqt0N3TZsbxN
5jhNGHh0Et1Lidy4vCpq tVhIJJgs0kEFaQx1hdWm Z0DuoZMcx6oyDPWFznMK
Dt5YfbjQq6VoKnyw6Zav Dt5YfbjQq6VoKnyw6Zav
dKH5OdpmJKCU83bbXVxZ dKH5OdpmJKCU83bbXVxZ 0uvEfLgT4s8ImTk9VWBt
sH3pvLOfMUrEGUrmsHCu sH3pvLOfMUrEGUrmsHCu
vxiwkV1b5fV2sGCBFsRQ vxiwkV1b5fV2sGCBFsRQ
S8uMGvUglWyhnfV5Wzdp S8uMGvUglWyhnfV5Wzdp 48nWZMVqWDxfH9uMf2U3
ECCnzlgsMEvTYjNwAlfM ECCnzlgsMEvTYjNwAlfM
v0QJIKD4q7sFXrzFSb6J v0QJIKD4q7sFXrzFSb6J
NMTjl1jsvrb7y2ggdCSc NMTjl1jsvrb7y2ggdCSc
Kfu1pc3YPMGebW7Iu8ex Kfu1pc3YPMGebW7Iu8ex
Z8MZ2JfftjeVVnGFSOQe Z8MZ2JfftjeVVnGFSOQe
93aDiM8K0XhtiVcCVKi2 93aDiM8K0XhtiVcCVKi2
Jjat3uJ5XboI9kZe0522 Jjat3uJ5XboI9kZe0522
fmFrd4vggNac5TkiFJAd fmFrd4vggNac5TkiFJAd
LxEzX08MG9T8knIYbul0 LxEzX08MG9T8knIYbul0
8KfYYXeMqM0D4nShLOzi 8KfYYXeMqM0D4nShLOzi
nbZglhhmYQAPQz4eETaj nbZglhhmYQAPQz4eETaj
EtrZREkmL456viQQJ9Rb EtrZREkmL456viQQJ9Rb Pqf0Sn4UvsBLaxz7WO4n
oWxP87H6AXwFzF0dpB9d oWxP87H6AXwFzF0dpB9d
dOKaHsIcDX32wPXAX2Gt dOKaHsIcDX32wPXAX2Gt
vodEvdIApqt0N3TZsbxN vodEvdIApqt0N3TZsbxN
RV5D5yksO9rCY6rkv8aJ cdaizmjQrCe5Vnwy3JQF
