Chattanooga Cleveland NewOrleans ElPaso Dayton Plano Fresno GrandRapids Pittsburgh GrandRapids OuterHaven Hollywood Columbus OuterHaven Greensboro PembrokePines Greensboro OuterHaven Portland JerseyCity LasVegas Portland Savannah SaltLakeCity Savannah FortLauderdale Miami Sacramento Huntsville Fremont Philadelphia Fremont Honolulu Miramar Tampa Thornton Tampa Peoria Corona Oakland Eugene Peoria Jerusalem NewportNews Minneapolis Garland Fullerton WinstonSalem Cincinnati LongBeach Omaha Albuquerque Bellevue Rockford WinstonSalem Knoxville Berkeley FortWayne Bridgeport Boston Munich Boston Bridgeport FortWayne Berkeley Springfield Spokane Lancaster Spokane Springfield Berkeley Knoxville WinstonSalem DesMoines ColoradoSprings DesMoines Jerusalem Hialeah Jerusalem Peoria Fremont SanBernardino Tucson SanBernardino Boise Sunnyvale StPetersburg Toledo Atlanta Toledo StPetersburg Clarksville Jacksonville Killeen Jacksonville Clarksville StLouis Clarksville Denver Clarksville StPetersburg Boise Lakewood Augusta SantaClarita Hayward Akron RanchoCucamonga Torrance Akron Hayward Norfolk Irvine OklahomaCity SantaAna Milwaukee SantaAna SaintPaul Washington Chandler Washington SaintPaul Mesa Dallas Mesa Hayward Augusta Lakewood Boise SanBernardino Fremont Sacramento Miami FortLauderdale Indianapolis Riverside Escondido Riverside Scottsdale OverlandPark Surprise Carrollton Davis Carrollton OverlandPark BatonRouge Bakersfield Murfreesboro Laredo Houston Reno Rochester Reno Houston BatonRouge Detroit Vancouver Austin Cary Austin Vancouver McKinney Vancouver Detroit Pasadena Detroit BatonRouge OverlandPark Riverside Irving Nashville Irving FortLauderdale Tulsa Montgomery Macon Orange Frisco Seattle Tulsa Memphis Modesto Roseville ChulaVista Arlington SiouxFalls Arlington WestValleyCity Arlington ChulaVista Henderson Mesquite Henderson FortWorth SantaRosa Tulsa FortLauderdale Savannah Dayton Birmingham Dayton ElPaso CorpusChristi NorthLasVegas CorpusChristi ElPaso NewOrleans Cleveland Chesapeake Cleveland Chattanooga
70
Hollywood Louisville
PembrokePines Denton Orlando Salem
JerseyCity Buffalo Olathe
Fresno Worcester
Huntsville Oxnard
Miramar PortStLucie
Corona Lubbock Corona
Garland Chicago
Minneapolis Brownsville
LongBeach GrandPrairie
Albuquerque LosAngeles Waco
Cincinnati Paterson Cincinnati
NewportNews Alexandria NewportNews
Honolulu SanFrancisco Honolulu
Sunnyvale SanDiego
RanchoCucamonga Ontario Newark
Norfolk Raleigh
OklahomaCity Joliet
Irvine Fontana Syracuse Irvine
SantaClarita Pomona SantaClarita
Surprise Midland Richmond Surprise
Murfreesboro Charlotte Murfreesboro
Bakersfield GardenGrove Oceanside Bakersfield
Scottsdale Tempe Scottsdale
Indianapolis Phoenix Indianapolis
Macon Shreveport CapeCoral
Frisco KansasCity Frisco
Orange Fayetteville Lexington Baltimore Orange
Montgomery SanJose
Memphis SanAntonio Wichita Memphis
MorenoValley NewYork
Roseville Tallahassee Yonkers Durham
FortWorth Glendale FortWorth
Plano McAllen Plano
Lincoln Lincoln
LittleRock LittleRock
Aurora Aurora
DesMoines DesMoines
Knoxville Knoxville
Jacksonville Jacksonville
Henderson Henderson
Fremont Fremont
Riverside Riverside
SanBernardino SanBernardino
Tacoma Tacoma
Washington Washington
Cleveland Cleveland
Springfield Springfield
Spokane Spokane
Vancouver Vancouver
Anchorage Anchorage
Austin Austin
Anaheim Anaheim
ChulaVista ChulaVista
SantaAna SantaAna
SaintPaul SaintPaul
FortLauderdale FortLauderdale
ElPaso ElPaso
Madison Madison
GrandRapids GrandRapids
Savannah Savannah
Hayward Hayward
BatonRouge BatonRouge
Boston Boston
Boise Boise
Berkeley Berkeley
Toledo Toledo
Naperville Naperville
Jackson Jackson
Akron Akron
