SaintPaul Garland Scottsdale Honolulu Memphis Louisville Irving Anaheim Seattle VirginiaBeach Milwaukee Columbus Glendale Hialeah Hialeah Glendale Columbus Milwaukee ChulaVista Charlotte Irvine Buffalo Oakland Philadelphia SanFrancisco Stockton Stockton SanFrancisco Philadelphia Oakland Buffalo Baltimore Albuquerque Greensboro Greensboro JerseyCity Lexington Fresno KansasCity Lexington VirginiaBeach Seattle Anaheim Irving Memphis Honolulu Scottsdale Garland SaintPaul
32
Durham Henderson OklahomaCity Pittsburgh Durham
Charlotte WinstonSalem Charlotte Durham SantaAna Phoenix
Irvine Houston Chandler
Albuquerque FortWorth Anchorage FortWayne
Baltimore Indianapolis Dallas Baltimore LongBeach
ChulaVista SanJose SanDiego Cincinnati
JerseyCity Tampa Atlanta Laredo Lincoln Bakersfield JerseyCity Denver
Fresno Spokane ElPaso SanAntonio Chesapeake Plano Austin
KansasCity Raleigh Aurora NewOrleans
Louisville Lubbock Madison
Newark Newark
Plano Plano
Scottsdale Scottsdale Newark
Denver Denver
Honolulu Honolulu
Lexington Lexington
Austin Austin
FortWayne FortWayne
Glendale Glendale
SanDiego SanDiego
Tucson Tucson
SantaAna SantaAna
Hialeah Hialeah OklahomaCity
LongBeach LongBeach
Milwaukee Milwaukee Henderson StPetersburg
Stockton Stockton
Columbus Columbus
Memphis Memphis
Phoenix Phoenix
StPetersburg StPetersburg
Cincinnati Cincinnati
Philadelphia Pittsburgh Tucson
