Porterton Dianashire Burgessview Williamfort Moodyburgh Williamfort Thomasville Martinchester Webbview Williamfort Williamport Ashleystad Williamport Denisechester Williamport Williamfort Burgessview Marcusburgh Matthewburgh Bondfort Marcusburgh Tylerbury Pattersonberg Marcusburgh Fletcherland Johnside Marcusburgh Burgessview Billton Banksburgh Billton Gabrielfort Jamesshire Gabrielfort Stuartshire Gabrielfort Jamieside Gabrielfort Billton Brookemouth Joebury Brookemouth Kimberlymouth Brookemouth Baileyfort Brookemouth Billton Burgessview Dianashire Ashleyborough Paulburgh Walltown Paulburgh Robertsstad Jessicaton Paulburgh Ashleyborough Clarkberg Reevestown Davidsonview Changbury Clarkberg Burtonview Phamhaven Gonzalesfurt Clarkberg Ashleyborough Osborneville Payneview Osborneville Christophermouth Beckerton Davidtown Osborneville Ashleyborough Dianashire Porterton Wallton Davisstad Newmanburgh Samanthashire Davisstad Leechester Davisstad Jacksonton Emilyview Davisstad Wallton Danielleport Melissaview Danielleport Cooperton Thomasside Kristietown Danielleport Scottburgh Ortegahaven Danielleport Wallton Derekmouth Geraldside Richtown Geraldside Michellehaven Geraldside Joseport Geraldside Derekmouth Charlesberg Kevinberg Derekmouth Jeffreyfort Derekmouth Wallton Porterton
62
Moodyburgh Millerborough Masseyside Ortegaberg
Thomasville Leahmouth Garciamouth Loweryborough
Ashleystad Vickiville Ryanside Mindyview
Bondfort Buckleyside Priceville Harrisborough
Virginiastad Horneside
Matthewburgh Johnsonberg
Tylerbury Hansonbury Wilsonstad
Fletcherland Ortizberg Mirandaview
Banksburgh Williamland Shawnfort
Walltown Combsville Reynoldsview Williamshire Danielville
Robertsstad Abigailhaven
Reevestown Clarenceview
Burtonview Derekville Jameston
Payneview Clarkborough Brendaview Christopherhaven Feliciaville Calvinton
Teresafort Abigailville Jacksonland
Christophermouth Dannyside Candaceborough
Newmanburgh Josephstad
Leechester Suttonville Jonesfurt
Pettyton Mercedesmouth Taylorton
Jacksonton Jermaineton
Melissaview Thompsonshire Christyland Robertomouth Houstonchester Dyerport
Cooperton Adamport Adkinsberg
Scottburgh Hallstad
Michellehaven Fordhaven Joneschester
Joseport Kylieview Hodgesstad
Charlesberg Clarkport Candiceland Tannerhaven Osbornemouth
Kevinberg Troyfort Thomasmouth Andrewschester Bradberg
Jeffreyfort Patriciaside Susanfort Nealfurt
Adamview Adamview
Haleview Haleview
Parkermouth Parkermouth
Kimberlyburgh Kimberlyburgh
Michaelview Michaelview
Cranemouth Cranemouth
Audreyfort Audreyfort
Ellisstad Ellisstad
Byrdfurt Byrdfurt
Robinsonmouth Robinsonmouth
Adamside Adamside
Bakertown Bakertown
Patriciabury Patriciabury
Harrisport Harrisport
Rioshaven Rioshaven
Williamschester Williamschester
Gabrielburgh Gabrielburgh
Bondmouth Bondmouth
Holthaven Holthaven
Shawnmouth Shawnmouth
Smithtown Smithtown
Jacksonview Jacksonview
Ramosborough Ramosborough
Swansonshire Swansonshire
Annberg Annberg
Maryport Maryport
Codyton Codyton
Michaelville Michaelville
Jennifertown Jennifertown
Watsonville Watsonville
Smithfort Smithfort
Clarkbury Clarkbury
Hallborough Hallborough
Thomasborough Thomasborough
