Hernandezville Beckyshire Derekton Thomaschester Josemouth Derekton Wagnerton Simsport Wagnerton Williamsfort Wagnerton Derekton Wallaceville Turnerfort Derekton Beckyshire Ponceville Mcculloughchester Jonestown Ponceville Bridgesville Riveramouth Esparzaberg Ponceville Garymouth Larryburgh Ponceville Beckyshire Hernandezville Joelview Mitchellchester Lopezmouth Campbellshire Dixonton Mitchellchester Sheabury Charlottetown Frosthaven Mitchellchester Joelview Farmerside Gabriellabury Douglasland Farmerside Ryanton Jasonton Farmerside Ralphtown Youngburgh Farmerside Joelview Downsville Scottshire Joelview Hernandezville
33
Thomaschester Belindamouth
Wallaceville Johnport Amberfurt
Mcculloughchester Robertborough
Jonestown Jonesberg Tinatown Pittsland
Riveramouth Wandaside Brianland Deborahfort
Bridgesville Josephton Harristown
Esparzaberg Sanchezland Johnsonmouth Allenberg
Camposstad Thomastown
Garymouth Williamsville Johnsontown
Lopezmouth Emilymouth Robertsfort
Dixonton Aprilstad Andrewland Richardville
Sheabury Huynhton
Gabriellabury Morrisbury Contrerasland Hendersonchester
Ryanton Johnstonmouth Adkinsfurt
Ralphtown Angelaview Deanstad
Downsville Rebeccaton Haasville
Barbarachester Barbarachester
Smithmouth Smithmouth
Tylermouth Tylermouth
Francesmouth Francesmouth
Thomasburgh Thomasburgh
Keithton Keithton
Wilsonburgh Wilsonburgh
Kristinbury Kristinbury
Martinton Martinton
Mcdonaldmouth Mcdonaldmouth
Kellyfort Kellyfort
Crystaltown Crystaltown
Bradshawside Bradshawside
Charlesburgh Charlesburgh
Donaldstad Donaldstad
Lopezview Lopezview
Tammychester Tammychester
