0 23 88 64 50 123 126 126 34 57 4 60 54 54 60 4 132 119 55 55 119 132 139 139 139 15 33 76 76 33 194 194 28 185 151 42 157 157 42 128 176 170 170 173 44 134 62 12 5 182 70 155 156 156 155 70 182 198 10 10 106 196 17 79 107 65 98 98 98 47 142 142 51 51 142 47 98 65 175 175 56 67 96 96 67 56 17 8 8 87 87 87 106 59 97 31 140 145 145 97 59 59 74 141 80 154 125 125 154 183 183 74 53 20 20 53 62 134 44 1 1 1 9 9 6 24 24 89 147 177 177 177 147 89 24 6 9 179 179 179 28 194 194 88 23 0
61
123 94 39
57 49 57
34 25 36 14 90 34 78
50 7 50
64 48 63 64
15 84 72 15
151 61 45
176 37 40 52 46 29 82 35
5 16 75 41 32 5
198 71
107 91 77 22 13 11 26
79 27 79
196 30 95 18
140 68 66 86
31 2 31
141 93 21
80 3 43 80
12 81 12
173 58 69 85
128 19 92 99
185 38
0 73
1 1
4 4
6 6
8 8
9 9 83
10 10
17 17
20 20
21 21
23 23
24 24
26 26
28 28
33 33
42 42
44 44
47 47
51 51
53 53
54 54
55 55
56 56
59 59
60 60
62 62
65 65
67 67
70 70
74 74
76 76
78 78
83 83
85 85
87 87
88 88
89 89
96 96
97 97
98 98
