0 14 12 89 12 14 59 48 88 75 61 42 79 43 4 64 4 66 19 98 47 26 87 93 26 47 50 19 55 30 13 17 56 17 13 30 55 4 58 4 91 91 79 42 60 63 60 42 61 61 38 54 38 61 75 88 48 69 1 73 23 82 5 34 27 74 27 34 3 65 3 51 37 62 62 37 96 90 90 96 3 85 35 16 67 80 9 57 83 57 9 80 67 16 35 85 44 18 7 7 77 44 41 84 81 95 84 44 76 44 85 3 52 3 34 5 70 68 46 71 68 68 5 97 86 92 86 97 5 82 53 78 72 72 72 94 1 69 14 0
38
98 15
87 28
66 8
43 40 43
59 25 21
51 2 20
18 31 6 11 18
81 45
41 24 41
70 22 49
46 33 46
53 32
23 39 10 23
73 36
1 1
3 3
4 4
5 5
7 7
9 9
12 12
13 13
14 14
16 16
17 17
19 19
26 26
27 27
29 29
30 30
34 34
35 35
37 37
38 38
42 42
44 44
47 47
48 48
