K BH CD K B AD B CA FQ FD EN GQ EN FD BJ DV BF GL DP CR GL GR CC EY EO DE EV EG FN EG AG GG EI BZ DY ES AF BD GC ED AE AE ED EE L ER L BB CW CV CW AT CW DU CW BB L N L EE BD AF ES DY CK FH CJ H FT GK AU AO GM AR GM BI CO FW P FA D FA BP FF BP P P P FW DB DX FK EF EA EA DX DB BI GM GK FT FH CK DY EI GG AG EG EP C DR FX EZ E EZ FU EH DN EH FM DZ DZ DZ FM FX DR C EP EG CI CI CN DE EO EY GR GL BF CP AW Q AH EU EX EU AH Q CL O AZ Q AW CP BL GN M F AL F M BT BC M GN CS BU CS GN BS AN EB DC U DG DM DI DK BV DK DI DM U DC EB AN DS DH GA BW CG GO AQ AC AC AQ FI DD GH DA DT AI FB T CX T DA GH FL AK BY DW DO FY FV W W FV BN AK AV DF BM DF AV G BA GP G AV AK FL FI CG BW GA Y DL EQ FC GF CT CT GF Y GA DH DS AA DQ BK EW EW AA DS AN BS GN BL CP BF DV BJ FD FQ CA GD ET S GB ET GD CA B K
85
BH FS
DP BX DP
CC CM
GC X GC
AU FR
AO FG
CO GJ EC
FK EM
H CQ
CJ BR CJ
BZ BQ
FU AB I FU
EV CY EV
O BG R
CL AS
BT AM
DG EL DG
GO V GO
DT GE
AI FO
DD FZ
BY BE BY
DO FE
DW BO AX
BA CB BA
EQ FP Z EQ
DL GI
DQ AJ
S EJ
B B
G G
L L
M M
P P
T T
U U
Y Y
AF AF
AG AG
AH AH
AN AN
AW AW
BB BB
BF BF
BI BI
BJ BJ
BL BL
BP BP
CE CE
CF CF
CK CK
CT CT
CW CW
DB DB
DC DC
DH DH
DI DI
DK DK
DR DR
DS DS
DV DV
DX DX
DZ DZ
EA EA
ED ED
EG EG
EH EH
EK EK
EN EN
EO EO
EU EU
EZ EZ
FD FD
FH FH
FI FI
FJ FJ
FM FM
FV FV
FX FX
GD GD
GF GF
GG GG
GK GK
GL GL
GR GR
