AY BX AL BH AG B R B BR CG W AC V K V CE AT AB CV AR Y D BD BT AR BW AR CV BL A AA F CC CC AZ X N U BJ G BJ U CQ H BY S BN AF BY H CQ U N X BB X AZ AA AP BL CV AB AT CE AC W CG B AU BS J BK CF AD CF AK BM BQ CF AH T CI AJ BE BV E L E BV CB BP AW BU I CT Z CJ Z CT AV AX BC CU CU CU BC AV CT I BU AW BP CB BV M BV CO BV BE AJ T AH AH CN CN J B AG BH AL BX AY CH AY
38
Y BG
BW CP AO
A BA
F AI F
S CR
BR BZ
BS AE
AK BF AQ AK
AX O AM BO AX
CI CM
BK CL
CK Q AS P CK
AU BI AU
B B
H H
I I
T T
U U
V V
W W
AA AA
AB AB
AH AH
AV AV
AW AW
BE BE
BJ BJ
BP BP
BU BU
BX BX
CA CA
CC CC
CD CD
CE CE
CF CF
CQ CQ
CU CU
CV CV
