55 72 56 56 76 50 20 47 20 68 34 68 5 10 81 69 38 69 27 98 65 78 15 15 78 27 69 10 77 53 1 95 35 59 73 59 66 66 42 52 74 79 85 26 31 31 52 80 80 1 1 87 87 1 64 49 49 64 40 29 16 2 16 45 57 58 48 45 17 6 45 16 84 16 29 62 37 24 61 61 82 37 28 28 29 67 86 96 41 75 41 96 86 67 43 23 89 4 4 8 23 43 67 29 40 71 40 46 10 30 70 94 90 30 10 5 22 60 60 13 21 5 68 20 50 55
37
72 92
98 36
81 9
35 63
79 97 83
74 0
95 14 12 95
53 54 51 91 53
57 3 57
17 93 17
24 19
62 25 62
89 18
77 7 77
70 88 70
22 32 99
13 11 13
61 61
16 16
41 41
87 87
5 5
64 64
39 39
67 67
49 49
10 10
96 96
15 15
1 1
28 28
27 27
86 86
31 31
20 20
29 29
23 23
