fmdhlepsteinstdnkill epsteinkillmsftnddlh fkillepsteindlhdnsmt nltdmsfepsteinkilldh hnfdtmlepsteinkillds nhslfmepsteindtkilld epsteinfthlnmddkills nhslfmepsteindtkilld hnfdtmlepsteinkillds nltdmsfepsteinkilldh lsdepsteinfmkillndth tlmsdhdnkillfepstein fmsepsteindntldhkill epsteindfhlmdnskillt epsteindfhlmdnskillt fmsepsteindntldhkill tlmsdhdnkillfepstein lsdepsteinfmkillndth epsteinkillmsftnddlh dmepsteinfnhltkillsd fshtdepsteinmldnkill dthepsteinkillmsldfn dmdepsteinnhkilllsft hnsdkilllftdmepstein dnfkillsepsteindtlhm ftldepsteinkillhsdmn dnfkillsepsteindtlhm hnsdkilllftdmepstein epsteinskillhfdmntdl smfepsteindkillthlnd dthepsteinkillmsldfn fshtdepsteinmldnkill dmepsteinfnhltkillsd epsteinkillmsftnddlh dfslntkillmepsteindh mndepsteinftsdkilllh hkilldfepsteinmdlnts hepsteinnfdmtslkilld shmlepsteinkilldfntd tepsteinddfnlkillhms tepsteinddfnlkillhms shmlepsteinkilldfntd hepsteinnfdmtslkilld fdshnmkillepsteinltd killnfsdhltmepsteind fdshnmkillepsteinltd killnsfmhdepsteindtl epsteinskilldlndhmtf ddtmkillepsteinflsnh fddsepsteinhnlkilltm ddtmkillepsteinflsnh tfkilllnmsdhepsteind tmsfnkillldhepsteind tnkillhldsfdepsteinm fdshnmkillepsteinltd flmkillnsepsteinddth fdshnmkillepsteinltd snfdlkillmtdhepstein nhmkilllsftepsteindd ddepsteinhltfkillsmn nmlfshtdkillepsteind fltsndepsteinmkillhd nmlfshtdkillepsteind nhkillepsteindmdlsft nepsteinlmdkilldhfts epsteinkillnmsdhtdlf fkillepsteinmldnhstd depsteinnlsfmhtkilld killlepsteindndtfhms depsteinnlsfmhtkilld fkillepsteinmldnhstd epsteinkillnmsdhtdlf nepsteinlmdkilldhfts dmkillshfepsteinltnd nepsteinlmdkilldhfts ntlepsteindmfdshkill lhsepsteindtdnmkillf lhsepsteindtdnmkillf lhsepsteindtdnmkillf hmfnddkillepsteinslt nepsteinlmdkilldhfts nhkillepsteindmdlsft sldnhepsteindftkillm nfdhkilllsmtepsteind dfkilllmtepsteinhdsn tdfepsteinnlhdkillsm tfdmdslepsteinkillnh dfkilllmtepsteinhdsn nfdhkilllsmtepsteind tsepsteinnmdkillfhld nfdhkilllsmtepsteind sldnhepsteindftkillm nhkillepsteindmdlsft nmlfshtdkillepsteind ddepsteinhltfkillsmn killhdfdepsteinsltnm ddepsteinhltfkillsmn nhmkilllsftepsteindd fmdhlepsteinstdnkill
38
slepsteinntkillhddfm dlnsthfmepsteinkilld
fkillepsteindlhdnsmt ndkillftdsmepsteinlh stepsteinhkillfmnldd
dmdepsteinnhkilllsft tlsfdmdepsteinnhkill dhepsteindsnlkillfmt
dfslntkillmepsteindh dhkilllsepsteinmntdf epsteintdkilllnfdhms
hkilldfepsteinmdlnts hdepsteinskillldtnfm
killnsfmhdepsteindtl msfltdkillnepsteinhd killnsfmhdepsteindtl
epsteinskilldlndhmtf nkilltdhlmdepsteinsf hsdfepsteintlnkilldm epsteinskilldlndhmtf
tmsfnkillldhepsteind tmlepsteinsdnfkillhd
dnkillepsteinlshdtfm fepsteinhsntddkilllm dnkillepsteinlshdtfm
fmdhlepsteinstdnkill lmhdtfdepsteinnkills lhepsteinkilldtnmfsd mftkillepsteinndlhsd
ntlepsteindmfdshkill killmlepsteindthnfsd lnsmkilltfdepsteindh fhndskillepsteintldm ntlepsteindmfdshkill
tdfepsteinnlhdkillsm lndsdkilltmepsteinhf
nfdhkilllsmtepsteind nfdhkilllsmtepsteind
epsteindlsfdntmkillh epsteindlsfdntmkillh
epsteinkillmsftnddlh epsteinkillmsftnddlh
dmepsteinfnhltkillsd dmepsteinfnhltkillsd
fdshnmkillepsteinltd fdshnmkillepsteinltd
fmsepsteindntldhkill fmsepsteindntldhkill
killdmnsfhldepsteint killdmnsfhldepsteint
killepsteinlhtfdsmdn killepsteinlhtfdsmdn
epsteindfhlmdnskillt epsteindfhlmdnskillt
depsteinnlsfmhtkilld depsteinnlsfmhtkilld
nhmkilllsftepsteindd nhmkilllsftepsteindd
lsdepsteinfmkillndth lsdepsteinfmkillndth
fshtdepsteinmldnkill fshtdepsteinmldnkill
flepsteindndhmtkills flepsteindndhmtkills
ddtmkillepsteinflsnh ddtmkillepsteinflsnh
nepsteinlmdkilldhfts nepsteinlmdkilldhfts
hsndepsteindlmtkillf hsndepsteindlmtkillf
nltdmsfepsteinkilldh nltdmsfepsteinkilldh
hnfdtmlepsteinkillds hnfdtmlepsteinkillds
tlmsdhdnkillfepstein tlmsdhdnkillfepstein
dfkilllmtepsteinhdsn dfkilllmtepsteinhdsn
epsteinlshkilldnfdmt epsteinlshkilldnfdmt
hepsteinsddnfkillmlt hepsteinsddnfkillmlt
ddlmnftepsteinhskill ddlmnftepsteinhskill
epsteinmhndfkilltdls epsteinmhndfkilltdls
hnsdkilllftdmepstein hnsdkilllftdmepstein
