dldkilltnmhfepsteins msddkilllthepsteinfn dlfdkilltepsteinhnms killmdshdtnflepstein fdskillndtmepsteinlh killmsfhdtlndepstein epsteintkillhndlfmds killmsfhdtlndepstein fdskillndtmepsteinlh killmdshdtnflepstein sdndhepsteinltkillfm tldkillhsfnmepsteind sldnhepsteinftkilldm tldkillhsfnmepsteind tsmdepsteinkillhfdln lkilldtnmsepsteindfh tdnfmdhepsteinslkill epsteintfhndkilllmsd tdkillepsteinsmhdfnl dmhdepsteinfsltkilln tdkillepsteinsmhdfnl epsteintfhndkilllmsd shfnmltepsteindkilld killdldepsteinmfsthn nepsteinfthdldmkills fkillepsteinndmdlhts lntkillepsteinfsddhm mhdskillldftnepstein nmkilldepsteinhtldsf ltfnsdhepsteinkilldm slmdtkillepsteindnhf nmkilldepsteinhtldsf fstnepsteinmdldhkill nmkilldepsteinhtldsf mhdskillldftnepstein stmlepsteindnkilldfh mhdskillldftnepstein dflstmkillepsteindhn lsmftnepsteinkillhdd hkilllepsteinnstfddm lsmftnepsteinkillhdd epsteinmlddnsfhkillt lnepsteintdfmdshkill fddsmepsteintnkillhl ldhtdkillepsteinfsmn fddsmepsteintnkillhl lnepsteintdfmdshkill skillmfepsteinthddnl killepsteinfdlhdtnms ltnhmdepsteinfdskill killepsteinfdlhdtnms skillmfepsteinthddnl lnepsteintdfmdshkill smtepsteinkilldfnhdl dsftepsteindhkillmnl smtepsteinkilldfnhdl sepsteindhmnltkillfd hnddkilltslmfepstein lkillfthdsepsteindnm sepsteindhmnltkillfd killhtdmdlnsfepstein hmdkilllnepsteinfsdt msepsteintlhnfkilldd sldhnfmtdkillepstein tepsteinhsdkillmldfn shepsteinnkillftlddm epsteinkillddfnthslm nlsdepsteinkilltfhdm epsteinkillddfnthslm shepsteinnkillftlddm ddkillnftsmhepsteinl tepsteinkilldflhnmsd lhsntdepsteindkillmf lmkillepsteintsndfhd fepsteinnsdkillhdtml lhsntdepsteindkillmf tepsteinkilldflhnmsd ddkillnftsmhepsteinl shepsteinnkillftlddm tepsteinhsdkillmldfn mshkillltdepsteinfdn sdepsteinhlmnkillfdt mshkillltdepsteinfdn tepsteinhsdkillmldfn fhmlstdndkillepstein msepsteintlhnfkilldd hmdkilllnepsteinfsdt sfdnepsteinhlkilldtm sepsteindhmnltkillfd smtepsteinkilldfnhdl sdnmepsteinkilldfhlt fmhlnkilldepsteindst tnfslmepsteinkillddh fmhlnkilldepsteindst sdnmepsteinkilldfhlt mhdfsepsteintdkillln sdnmepsteinkilldfhlt smtepsteinkilldfnhdl dkillnsepsteinfdmthl sfdntlkilldhmepstein epsteinfthkilldnslmd ntmdhepsteinsdkillfl killlhstfdepsteinnmd ntmdhepsteinsdkillfl epsteinfthkilldnslmd dkillnsepsteinfdmthl fhkillddlnmtsepstein fdstmndepsteinlkillh killmdepsteinftshldn fdstmndepsteinlkillh fhkillddlnmtsepstein smkillnfdhepsteindlt lkilldtnmsepsteindfh dhmkillfdltnsepstein hdepsteinkillnfdlmts dftkillhmldnepsteins killfsdhmndepsteintl dfkillhepsteintdsmln killfsdhmndepsteintl dhmkillfdltnsepstein epsteinkillstmfnhldd dhmkillfdltnsepstein lkilldtnmsepsteindfh mltdhfdepsteinkillsn hdkillsndtepsteinmlf mltdhfdepsteinkillsn lkilldtnmsepsteindfh tsmdepsteinkillhfdln killldsfhnepsteindmt tsmdepsteinkillhfdln killfthnmsdlepsteind killsepsteindmtflhnd killfthnmsdlepsteind tsmdepsteinkillhfdln dlmstkilldhfepsteinn tsmdepsteinkillhfdln killshdlmftnepsteind hsepsteinfkillnmddtl hndsmfkilltldepstein nmkilllepsteintdsdfh hmndfkillslepsteintd stmepsteinkillnhddlf hmndfkillslepsteintd nmkilllepsteintdsdfh hndsmfkilltldepstein smfhndepsteinkillltd tldmepsteindkillfhsn tldmepsteindkillfhsn smfhndepsteinkillltd killshdlmftnepsteind killmdshdtnflepstein fthlkillnepsteindsdm depsteinftndhmkillsl fhnmkillepsteinsdltd fhnmkillepsteinsdltd dhkillldsepsteintnmf epsteinfsltkillnhddm fmltddhnepsteinskill mlepsteinskilldnftdh fmltddhnepsteinskill epsteinfsltkillnhddm fsepsteindkillhmtdln hddtnsmfkillepsteinl skillthlfndepsteindm killldepsteinthsnfmd skillthlfndepsteindm dkillnmhldstfepstein epsteinhnkillsldfdmt mkilldlshdtfepsteinn fdmhkilllepsteintnsd lsdfndepsteinmkillht dnkilllmdstfepsteinh hkillepsteindtsfmlnd dnkilllmdstfepsteinh lsdfndepsteinmkillht lmtsnfddepsteinkillh lsdfndepsteinmkillht fdmhkilllepsteintnsd lepsteindsmnhftdkill sdltmfepsteinhkilldn dflhnepsteinsmdtkill tlkillmnsddhfepstein ddmstlnkillfepsteinh tlkillmnsddhfepstein dflhnepsteinsmdtkill mlepsteindkillsfhtdn dflhnepsteinsmdtkill killndmdtepsteinfhsl shdepsteinftkillnlmd fnkillddmtepsteinshl tkilllepsteinfsnhmdd fnkillddmtepsteinshl shdepsteinftkillnlmd nftmskilldldepsteinh mdkillnlsdtepsteinhf ldepsteinhmfnkillsdt mdkillnlsdtepsteinhf nftmskilldldepsteinh killmdshdtnflepstein dlfdkilltepsteinhnms msddkilllthepsteinfn dldkilltnmhfepsteins
67
fkillepsteinndmdlhts epsteinsnmflhtdkilld mkillthfdlnepsteinds
lntkillepsteinfsddhm mdkilllfdnstepsteinh
ltfnsdhepsteinkilldm tepsteinmdfldhnskill ltfnsdhepsteinkilldm
dflstmkillepsteindhn tsdnhkilllmepsteindf dflstmkillepsteindhn
nepsteinfthdldmkills hnsepsteinmkillfddtl
mfndlsdepsteinhkillt killmfndshdtepsteinl
dsftepsteindhkillmnl sdlhfnmdepsteintkill depsteinslkillhdftmn nepsteindhkillltmsfd
hnddkilltslmfepstein lepsteinkilldhfmstnd dmtlsfhnkilldepstein
lkillfthdsepsteindnm hnskillepsteintfdmld ndkillthdepsteinlsmf dtnkillsepsteinmdfhl
lmkillepsteintsndfhd depsteintkilllnmsfdh ndshkilldmlepsteinft lmkillepsteintsndfhd
sldhnfmtdkillepstein fhdmnepsteindkillslt sldhnfmtdkillepstein
killhtdmdlnsfepstein nfltdmkillsdepsteinh sndldftmkillepsteinh killhtdmdlnsfepstein
sfdntlkilldhmepstein dhtepsteinkillsdflmn
killdldepsteinmfsthn dnldkillhmfstepstein killdldepsteinmfsthn
shfnmltepsteindkilld killtepsteinddhlmnsf shfnmltepsteindkilld
fmtnkilldepsteindhsl slepsteinkillfmddhtn fmtnkilldepsteindhsl
tdnfmdhepsteinslkill mkillldnhepsteinstfd
hdepsteinkillnfdlmts dlshdtepsteinnkillfm
dftkillhmldnepsteins mndtkillepsteindlfhs
sdndhepsteinltkillfm lhepsteintndkilldsmf dfkilllepsteinsnmhtd sdndhepsteinltkillfm
hsepsteinfkillnmddtl nmdhepsteinkilltfsld epsteindmshtfldnkill ldfsmnepsteinkilltdh hsepsteinfkillnmddtl
fthlkillnepsteindsdm lepsteindnhstfdmkill thnkillmddsepsteinfl
mdkillntepsteindfhsl tdfkillslepsteinhdmn dkillnmsfhtlepsteind mdkillntepsteindfhsl
depsteinfmkillhdsnlt dmldfhskillntepstein
fsepsteindkillhmtdln epsteinlmkillfshnddt killhdfnsepsteinmltd fsepsteindkillhmtdln
dkillnmhldstfepstein mhkillepsteinddlfsnt ldepsteindhkilltsmfn dkillnmhldstfepstein
dhkillldsepsteintnmf killtdmsdfhnepsteinl
depsteinftndhmkillsl hepsteinnfdmlsdtkill epsteindkilltlmnhsfd depsteinftndhmkillsl
mkilldlshdtfepsteinn epsteinhdkillltsmfdn mkilldlshdtfepsteinn
lepsteindsmnhftdkill epsteinldtnfmshdkill dhsepsteintlkillmfnd
epsteinhnkillsldfdmt lkillepsteintdshmfnd epsteinhnkillsldfdmt
dlfdkilltepsteinhnms dlfdkilltepsteinhnms
tldkillhsfnmepsteind tldkillhsfnmepsteind
mdkillnlsdtepsteinhf mdkillnlsdtepsteinhf
tsmdepsteinkillhfdln tsmdepsteinkillhfdln
epsteintfhndkilllmsd epsteintfhndkilllmsd
fdskillndtmepsteinlh fdskillndtmepsteinlh
fmltddhnepsteinskill fmltddhnepsteinskill
fddsmepsteintnkillhl fddsmepsteintnkillhl
lkilldtnmsepsteindfh lkilldtnmsepsteindfh
fhnmkillepsteinsdltd fhnmkillepsteinsdltd
msepsteintlhnfkilldd msepsteintlhnfkilldd
fdmtdepsteinkilllsnh fdmtdepsteinkilllsnh
msddkilllthepsteinfn msddkilllthepsteinfn
lhsntdepsteindkillmf lhsntdepsteindkillmf
dtsmdnlhfepsteinkill dtsmdnlhfepsteinkill
dfdepsteintlnskillhm dfdepsteintlnskillhm
depsteinlfnmkilldsht depsteinlfnmkilldsht
tndskilldfepsteinmhl tndskilldfepsteinmhl
epsteinfthkilldnslmd epsteinfthkilldnslmd
skillmfepsteinthddnl skillmfepsteinthddnl
killfthnmsdlepsteind killfthnmsdlepsteind
hepsteinntdkillsdmfl hepsteinntdkillsdmfl
mhdskillldftnepstein mhdskillldftnepstein
hmdkilllnepsteinfsdt hmdkilllnepsteinfsdt
tepsteinhsdkillmldfn tepsteinhsdkillmldfn
killdepsteinmfltdshn killdepsteinmfltdshn
killtdslhfdepsteinnm killtdslhfdepsteinnm
tdkillepsteinsmhdfnl tdkillepsteinsmhdfnl
nftmskilldldepsteinh nftmskilldldepsteinh
hmndfkillslepsteintd hmndfkillslepsteintd
killthsepsteindmlfdn killthsepsteindmlfdn
dhmkillfdltnsepstein dhmkillfdltnsepstein
thdlskillnfdmepstein thdlskillnfdmepstein
lsmftnepsteinkillhdd lsmftnepsteinkillhdd
ntmdhepsteinsdkillfl ntmdhepsteinsdkillfl
skillthlfndepsteindm skillthlfndepsteindm
