tepsteinfdkilldlmhns hdkillfmtslndepstein depsteinkillsfmnldth hdkillfmtslndepstein slepsteinftndkillmdh thmepsteinlkillfsndd mfskillnhlddtepstein dhlepsteindkillsmtnf killepsteintdldshfnm thsfnmkilldlepsteind nepsteinkillfmstdlhd ndlepsteinhdtskillfm ldnmepsteinhfstdkill nmhdkilltslepsteinfd hldmepsteindsnkilltf ftdmlhkilldepsteinsn hldmepsteindsnkilltf dmfndhstkillepsteinl hldmepsteindsnkilltf nmhdkilltslepsteinfd hfskillnepsteinldtdm dfnlmskillthepsteind smldnkilldepsteinfht dfnlmskillthepsteind ndlepsteinhdtskillfm killtdnfsdhmlepstein ndlepsteinhdtskillfm epsteinhsnftkilldlmd hdepsteinsmdtnflkill fnlskillhtepsteindmd mddnepsteinkillfltsh fnlskillhtepsteindmd hdepsteinsmdtnflkill hndtldfmkillepsteins snldmtkillfepsteindh epsteinthsdmndkillfl epsteinthsdmndkillfl snldmtkillfepsteindh ntepsteinsldkillhmdf thmepsteinlkillfsndd htskillepsteindnlfdm sltkillfndepsteinmhd ndlmhepsteintdskillf dnhdskillepsteinmltf ndlmhepsteintdskillf tmhsnfepsteinldkilld fhntdkillmepsteinsld hdldfepsteinntsmkill fhntdkillmepsteinsld tmhsnfepsteinldkilld ndlmhepsteintdskillf sltkillfndepsteinmhd htskillepsteindnlfdm depsteinhskillmflndt hdkillfmtslndepstein tepsteinfdkilldlmhns
20
dhlepsteindkillsmtnf nfdhepsteinltsdmkill dhlepsteindkillsmtnf
ldnmepsteinhfstdkill hepsteinnfstkilllmdd skilldnmlhdftepstein
hfskillnepsteinldtdm killnfhdsdltepsteinm
thsfnmkilldlepsteind tskillepsteinhfmddnl
killepsteintdldshfnm nlhtdsdepsteinfmkill hkillmepsteinstdfdnl nkillsdtdhfmlepstein killepsteintdldshfnm
mfskillnhlddtepstein epsteindsmnlfdtkillh
slepsteinftndkillmdh epsteinsdfmhltkillnd
htskillepsteindnlfdm htskillepsteindnlfdm
thmepsteinlkillfsndd thmepsteinlkillfsndd
fnmhskilldepsteinltd fnmhskilldepsteinltd
hldmepsteindsnkilltf hldmepsteindsnkilltf
snldmtkillfepsteindh snldmtkillfepsteindh
ndlmhepsteintdskillf ndlmhepsteintdskillf
epsteinthsdmndkillfl epsteinthsdmndkillfl
lepsteinfdkillsdnmht lepsteinfdkillsdnmht
fnlskillhtepsteindmd fnlskillhtepsteindmd
ndlepsteinhdtskillfm ndlepsteinhdtskillfm
hdepsteinsmdtnflkill hdepsteinsmdtnflkill
msnepsteinfkillhtdld msnepsteinfkillhtdld
tmhsnfepsteinldkilld tmhsnfepsteinldkilld
