60 00 01 02 13 24 15 06 05 04 14 04 05 06 15 25 35 27 18 29 28 38 37 36 46 45 46 47 46 36 44 36 37 38 48 49 48 38 28 39 28 29 18 19 09 08 17 08 07 16 07 08 09 19 18 27 35 23 22 32 42 32 22 23 34 33 43 33 34 13 03 13 02 01 11 01 00 10 20 21 12 21 20 30 41 40 41 30 20 10 00 60 62 54 53 50 51 52 51 55 51 50 53 56 58 61 58 57 58 53 63 72 73 85 74 75 76 77 82 75 85 73 90 91 92 93 94 98 96 99 96 95 96 98 94 93 91 90 62 70 69 69 62 60
22
25 26
24 31
56 66 56
54 59 54
63 65 64
77 79 83
76 81 80
74 89
72 88
92 97
70 68 67
06 06
37 37
48 48
50 50
53 53
69 69
78 78
85 85
86 86
91 91
96 96
