149 000 001 002 013 024 015 006 005 004 014 004 005 006 015 025 035 027 018 029 028 038 037 036 046 045 046 047 046 036 044 036 037 038 048 049 048 038 028 039 028 029 018 019 009 008 017 008 007 016 007 008 009 019 018 027 035 023 022 032 042 032 022 023 034 033 043 033 034 013 003 013 002 001 011 001 000 010 020 021 012 021 020 030 041 040 041 030 020 010 000 149 060 062 054 053 050 051 052 051 055 051 050 053 056 058 061 058 057 058 053 063 072 073 085 074 075 076 077 082 075 085 073 090 091 092 093 094 098 096 099 096 095 096 098 094 093 091 090 062 070 069 069 062 060 149 100 107 116 119 116 107 108 145 114 106 114 118 115 117 126 122 121 124 123 135 136 138 136 135 134 135 123 139 123 124 121 125 140 142 143 142 144 142 140 141 140 125 121 122 137 122 126 117 131 117 115 118 127 128 127 130 127 132 133 132 127 118 114 129 114 145 146 148 147 148 146 145 108 113 112 113 108 109 110 101 102 104 120 104 102 102 101 149
30
025 026
024 031
056 066 056
054 059 054
063 065 064
077 079 083
076 081 080
074 089
072 088
092 097
070 068 067
109 111
100 103
006 006
037 037
048 048
050 050
053 053
060 060
069 069
078 078
085 085
086 086
091 091
096 096
104 104
115 115
123 123
126 126
142 142
