CorpusChristi ElPaso Akron Aberdeen Akron Concord Akron DalyCity ClarkeCounty CoralSprings ClarkeCounty DalyCity Akron ElPaso Cary CedarRapids Burbank Burbank Burbank Cary ElPaso Birmingham Anchorage Davenport Bloomington Cambridge Bloomington Columbia Canton Bradenton Bradenton Clearwater Bellevue BoiseCity Billings DaytonaBeach Billings Danbury DavidsonCounty Denton Bremerton Athens Bremerton Denton Brighton ChulaVista ChulaVista Dayton Dayton Baltimore Bellevue AtlanticCity Bellevue Clearwater Charlotte Burlington Corona Corona Berkeley AnnArbor Albuquerque Albuquerque Arvada Antioch Arvada DesMoines ElkGrove DesMoines Clearwater Boulder Barnstable Boulder CollegeStation Boulder Clearwater Bradenton Canton Atlanta Canton Bakersfield Canton Columbia Clarksville Chattanooga Escondido Aurora Arlington Augusta BatonRouge Asheville Austin Detroit CostaMesa Bethlehem CostaMesa Austin Asheville Augusta Allentown Augusta Arlington Aurora Escondido Chattanooga Boise Duluth Amarillo Amarillo Chattanooga Abilene Chattanooga Clarksville Anchorage Deltona Albany Boston Albany Deltona Anchorage Anchorage Elkhart Champaign Anaheim Anaheim Champaign Elkhart Anchorage Erie CorpusChristi
36
CorpusChristi Downey CapeCoral
CedarRapids Denver ElMonte BonitaSprings Alexandria
BoiseCity Carrollton Charleston Brownsville BoiseCity
DavidsonCounty Appleton Bridgeport AppleValley Chandler
Danbury Dallas Danbury
Charlotte Bryan
Berkeley Columbus
Davenport Elizabeth Davenport
BatonRouge Durham
Detroit Beaumont
Boise Cincinnati
Birmingham BelAir CathedralCity
Akron Akron
Albuquerque Albuquerque
Amarillo Amarillo
Anaheim Anaheim
Arvada Arvada
Asheville Asheville
Augusta Augusta
Austin Austin
Bloomington Bloomington
Boulder Boulder
Bremerton Bremerton
Canton Canton
Champaign Champaign
Chattanooga Chattanooga
Chicago Chicago
Clearwater Clearwater
ColoradoSprings ColoradoSprings
Columbia Columbia
DalyCity DalyCity
Deltona Deltona
Denton Denton
ElPaso ElPaso
Elkhart Elkhart
Escondido Escondido
