FortCollins Harlingen Arlington GrandPrairie Arlington Knoxville Knoxville CostaMesa Akron FortSmith Arvada Glendale Columbia Barnstable Kenosha Gilbert Jacksonville AtlanticCity Jacksonville Charlotte Jacksonville Gilbert Brownsville Fayetteville Houma Madison Houma Brownsville Columbia Glendale Arvada Leominster CathedralCity Hagerstown CathedralCity Leominster Arvada DaytonaBeach Chattanooga Burlington Burlington Garland GrandRapids Kailua Duluth Kailua GrandRapids Garland Burlington Chattanooga Lowell Arvada Fargo Charleston Charleston Baltimore Hayward Hartford Aurora ClarkeCounty Independence Bellevue Bellevue Independence ClarkeCounty Dallas Clarksville Bradenton Bridgeport McAllen Chicago Clearwater Concord Chicago McAllen Bridgeport Bradenton Clarksville Dallas LosAngeles Jefferson Marysville Jefferson BatonRouge Cambridge Burbank HavredeGrace Burbank Honolulu ElkGrove Honolulu Buffalo Buffalo BatonRouge Jefferson LosAngeles Dallas Columbus Dallas Lincoln Hartford Hayward Baltimore Boulder Baltimore Charleston Fargo Arvada Hickory Inglewood Lansing DesMoines GreenBay Boston Bloomington Layton LasVegas Kennewick Antioch Downey Carrollton Frederick Hampton Lafayette Lafayette Hampton Frederick Laredo CoralSprings Birmingham CoralSprings Jackson GardenGrove CollegeStation CollegeStation CollegeStation GardenGrove Fullerton KansasCity FortWorth Berkeley Berkeley FortWorth Canton Canton Fullerton JerseyCity Lexington JerseyCity Fullerton Downey Greenville FortWayne Fairfield Joliet LasCruces Killeen LongBeach Killeen Gainesville Killeen LasCruces Joliet Kaneohe Albany Bryan Hialeah HighPoint Hialeah Chesapeake Billings Chesapeake Hialeah Macon Kaneohe FortWayne Bloomington ColoradoSprings ChulaVista Deltona ChulaVista Howell Flint DalyCity Durham Fitchburg Asheville Escondido LittleRock Huntington Huntington BelAir Escondido Hesperia Escondido Asheville Fitchburg Durham DalyCity Houston DalyCity Flint ChulaVista ColoradoSprings Bloomington JohnsonCity Bloomington GreenBay DesMoines Lansing Inglewood Hickory Arvada Erie Athens Erie Arvada FortSmith FortWaltonBeach Kissimmee Amarillo Amarillo AppleValley Corona Allentown Bremerton Denton Denton Henderson HuntingtonBeach Manchester Manchester BoiseCity BoiseCity Huntsville Henderson Allentown Detroit Lacey Lacey Irving Cary Lewisville Cary Irving Lacey Detroit AppleValley FortWaltonBeach FortSmith Cincinnati GulfportBiloxi Cincinnati Bakersfield CorpusChristi FortLauderdale Marina Bakersfield Cincinnati Elkhart Elkhart FortCollins
78
Harlingen Hemet Harlingen
Kenosha Augusta
Barnstable Aberdeen Barnstable
Fayetteville Appleton Fayetteville
DaytonaBeach Albuquerque Indianapolis
Aurora BonitaSprings Lakeland
Clearwater Danbury
ElkGrove Fontana
Cambridge Irvine Fremont Hollywood
LasVegas Austin Cleveland
Kennewick Anaheim Kennewick
Carrollton Lakewood Carrollton
Laredo Boise ElPaso
KansasCity ElMonte DavidsonCounty CapeCoral
Layton Denver Layton
Bryan CedarRapids
Albany Lorain
Fairfield Anchorage Fairfield
LittleRock Abilene LittleRock
Houston Kalamazoo Bethlehem Houston
Howell Louisville
Boston Chandler
Kissimmee Alexandria
Bremerton Grayslake Bremerton
HuntingtonBeach Atlanta Eugene
Corona Brighton
Akron Elizabeth Akron
CorpusChristi AnnArbor
FortCollins Champaign
Allentown Allentown
Amarillo Amarillo
AppleValley AppleValley
Arvada Arvada
Bakersfield Bakersfield
Baltimore Baltimore
Beaumont Beaumont
Bellevue Bellevue
Berkeley Berkeley
BoiseCity BoiseCity
Bradenton Bradenton
Brownsville Brownsville
Burbank Burbank
Cary Cary
Chicago Chicago
CollegeStation CollegeStation
ColoradoSprings ColoradoSprings
Dallas Dallas
DalyCity DalyCity
DesMoines DesMoines
Detroit Detroit
Elkhart Elkhart
Erie Erie
Evansville Evansville
Fargo Fargo
FortWaltonBeach FortWaltonBeach
Frederick Frederick
Fresno Fresno
Garland Garland
Gilbert Gilbert
GrandRapids GrandRapids
Hampton Hampton
Harrisburg Harrisburg
Henderson Henderson
Hickory Hickory
Independence Independence
Inglewood Inglewood
Irving Irving
Jacksonville Jacksonville
Jefferson Jefferson
Joliet Joliet
Knoxville Knoxville
Lacey Lacey
Lafayette Lafayette
Lancaster Lancaster
LasCruces LasCruces
Leominster Leominster
Lubbock Lubbock
Manchester Manchester
