152 75 183 185 138 167 184 7 67 20 17 20 67 7 14 85 85 187 156 1 58 129 22 178 44 178 129 115 59 53 82 102 181 125 181 102 53 159 53 59 174 59 129 25 77 25 129 58 1 156 45 61 118 61 124 156 187 8 108 136 39 46 49 99 29 46 39 136 128 136 148 18 148 136 103 136 93 98 93 72 93 136 108 120 30 120 108 74 158 117 166 64 55 64 47 108 89 60 3 60 89 108 8 187 7 184 179 0 62 155 176 186 12 104 12 186 80 127 80 186 176 155 121 70 121 155 154 51 88 130 180 16 52 107 164 107 135 26 41 149 24 173 94 38 11 63 11 38 122 173 24 143 86 24 33 43 19 79 83 79 19 43 33 41 133 133 116 147 84 56 161 4 113 5 182 48 182 5 131 4 161 56 84 147 15 147 132 147 116 141 116 165 10 10 114 32 114 116 133 41 26 135 71 135 100 137 100 135 107 52 16 180 130 88 78 123 170 40 123 23 123 78 34 179 119 101 139 65 144 6 162 157 106 157 6 177 6 144 68 68 139 36 169 140 76 169 139 101 119 57 119 179 184 75 152 109 152
58
185 153 168
183 9 183
14 96
22 112
115 54
82 126
45 175 45
49 37
74 73 92
166 81 166
62 145
0 35 0
94 42 94
143 151 143
149 163 149
113 90 113
165 134 165
51 172 51
154 2
170 31 170
162 27
65 66 65
36 28
140 87 105
142 142
97 97
116 116
89 89
79 79
169 169
157 157
56 56
41 41
95 95
171 171
111 111
139 139
78 78
12 12
58 58
50 50
85 85
5 5
130 130
182 182
121 121
60 60
13 13
136 136
184 184
180 180
144 144
53 53
181 181
101 101
8 8
38 38
75 75
