location34 location59 location89 location118 location87 location22 location87 location118 location3 location160 location3 location98 location88 location88 location191 location186 location33 location113 location142 location67 location113 location116 location77 location77 location5 location181 location168 location79 location13 location148 location13 location75 location153 location137 location174 location198 location174 location137 location32 location141 location104 location128 location143 location108 location152 location128 location46 location65 location46 location80 location46 location128 location104 location76 location111 location110 location111 location76 location104 location112 location104 location130 location51 location18 location51 location130 location104 location81 location134 location92 location182 location82 location182 location52 location154 location52 location182 location177 location78 location28 location73 location28 location20 location28 location196 location90 location90 location196 location114 location60 location36 location7 location36 location60 location114 location134 location63 location199 location83 location151 location35 location151 location165 location50 location40 location163 location171 location163 location56 location57 location56 location163 location4 location124 location23 location31 location94 location31 location163 location197 location169 location197 location155 location127 location178 location151 location83 location29 location83 location199 location44 location193 location61 location149 location183 location42 location10 location42 location1 location175 location145 location99 location97 location157 location146 location157 location194 location69 location194 location189 location8 location189 location93 location102 location173 location102 location93 location189 location99 location140 location179 location72 location70 location179 location140 location99 location1 location43 location1 location42 location183 location74 location49 location74 location183 location149 location91 location25 location91 location149 location195 location149 location61 location193 location44 location66 location134 location81 location133 location166 location16 location147 location62 location9 location26 location84 location26 location9 location168 location150 location168 location181 location5 location103 location101 location103 location100 location103 location113 location0 location85 location0 location113 location33 location159 location135 location55 location106 location55 location135 location159 location33 location186 location138 location58 location138 location48 location129 location48 location190 location34
62
location89 location176 location89
location98 location139 location15 location21 location98
location142 location39 location120 location142
location116 location86 location122
location79 location96 location164 location119 location64 location6 location79
location75 location47
location153 location132
location32 location45
location143 location24 location12 location143
location92 location170 location2 location92
location177 location68 location187 location177
location4 location17
location23 location27 location23
location40 location192
location155 location162 location125 location155
location165 location107 location37
location97 location38
location123 location121 location115 location131
location72 location136 location72
location175 location105 location175
location63 location172 location54 location11
location147 location117
location59 location167 location59
location46 location46
location189 location189
location52 location52
location159 location159
location181 location181
location194 location194
location149 location149
location71 location71
location197 location197
location28 location28
location158 location158
location55 location55
location111 location111
location140 location140
location134 location134
location99 location99
location161 location161
location9 location9
location157 location157
location130 location130
location163 location163
location137 location137
location0 location0
location151 location151
location135 location135
location109 location109
location91 location91
location90 location90
location103 location103
location144 location144
location174 location174
location88 location88
location188 location188
location60 location60
location199 location199
location180 location180
location76 location76
location114 location114
location3 location3
