location12 location84 location19 location42 location71 location95 location93 location90 location36 location70 location72 location72 location0 location99 location58 location54 location98 location98 location54 location58 location99 location0 location72 location70 location36 location90 location93 location95 location22 location89 location63 location55 location27 location56 location56 location27 location55 location63 location89 location6 location71 location42 location23 location53 location45 location75 location83 location45 location53 location23 location84 location12
28
location25 location94 location14
location22 location35 location11 location49
location6 location5 location28
location17 location16
location15 location13 location31 location57
location47 location77
location83 location26 location24 location51
location75 location86 location87
location19 location74 location19 location57 location1 location60
location72 location72 location94
location1 location1
location51 location51
location79 location79
location63 location63
location49 location49
location36 location36 location13
location71 location71
location60 location60
location0 location0 location77
location87 location87
location27 location27
location89 location89
location54 location54
location67 location67
location98 location14
location53 location16 location67
location90 location31
location23 location79
