O2XJ9 SXCXT OLSL2 RQZSX JXXUO T5W7D PGY5W GNMDA DQTJ3 GNMDA PGY5W T5W7D JXXUO HYEF7 45DYM VMBKR 45DYM QQ4SP KKZKB EI5ZM BXL4N F8JE7 F8JE7 BXL4N EI5ZM TH1G8 TH1G8 IY314 IY314 TH1G8 N6XF7 C821A YUMDY S1W7I 0JUN2 0JUN2 S1W7I YUMDY C821A MV8NN GMOBL MV8NN TH1G8 45DYM SXCXT 2WIJP SKA5V TC4MB N33WE PN6N5 SKA5V ZCU97 XOPIR XOPIR XOPIR SKA5V 2WIJP KU8EX Z6GW2 KPNHM 1HTOE KPNHM MOOJF KPNHM Z6GW2 KU8EX UOF89 KU8EX 2WIJP SXCXT O2XJ9
18
QQ4SP YGEXQ
N6XF7 MXX55 1P1UA NV2VY N6XF7
RQZSX MXST9
OLSL2 8D0H4
TC4MB 49CGM TC4MB
ZCU97 DYG9M SZKKG FOXDK ZCU97
KPNHM KPNHM
S1W7I S1W7I
IY314 IY314
SXCXT SXCXT
SKA5V SKA5V
GNMDA GNMDA
JXXUO JXXUO
T5W7D T5W7D
Z6GW2 Z6GW2
EI5ZM EI5ZM
XOPIR XOPIR
0JUN2 0JUN2
