WNYCV UUOP5 18R1B H7R17 WZTTJ PQ40E 91RFG TG5ZG UDC3C 1BUOS P3DJ7 X2AM4 KB443 BC3W4 BC3W4 YMTTJ 75H2N YMTTJ X2AM4 P3DJ7 1BUOS UDC3C TG5ZG 91RFG PQ40E EYREL QTZLJ FZ5DP QTZLJ EYREL PQ40E 5I6U4 5I6U4 5I6U4 WH9QK DDBA4 1ACIU B8UZ8 KR27P KR27P B8UZ8 DDBA4 HHCET C0N2W HHCET WJHGG O0RCM XBRKQ TFIM7 XBRKQ O0RCM QM4LH 18R1B FS0ES J501P RN3DW CHXFM RFDQ4 CHXFM 9HVLF 70U88 9HVLF CHXFM RN3DW URMBF X8T63 X8T63 KRLTG TNA9G 4ZK1T Y9N3G Z2GJ8 7CXN0 7CXN0 Z2GJ8 X8T63 URMBF RN3DW OC0MN RN3DW RN3DW F8KPK N8QWY F8KPK ZQLCY F8KPK RN3DW J501P GAXPM J2Z2N 2PD2W XDKMD H796V H796V 94GUW J2Z2N GAXPM J501P 639ON KGZCW L7EDB 4O059 MB70R BGJ6Q 4O059 J501P FS0ES UYWGJ FS0ES 18R1B 2CPYE F07YB QSI1X QSI1X F07YB VBSGD XTUSM XTUSM WNYCV K1ZSD 958FG K1ZSD WNYCV
39
KB443 H8ZPW KB443
WZTTJ F5YBY
H7R17 V11OW 2KYXC
WH9QK XPFOM XD7IR 65TK9
1ACIU 42QVU 1ACIU
WJHGG H212X
TNA9G 77EY5 2FT0Z
KRLTG ULCTZ KRLTG
2PD2W BO3AW
XDKMD 1NBGE EQWAL XDKMD
639ON GXYLV
KGZCW OE5TB
MB70R CUG55 HZ80H
BGJ6Q ZA57Z
2CPYE 1UWW5
UUOP5 UGOIO UUOP5
XRQ65 XRQ65
TG5ZG TG5ZG
91RFG 91RFG
QSI1X QSI1X
QTZLJ QTZLJ
HR8IA HR8IA
K1ZSD K1ZSD
5I6U4 5I6U4
XTUSM XTUSM
XBRKQ XBRKQ
1BUOS 1BUOS
X2AM4 X2AM4
URMBF URMBF
GAXPM GAXPM
EYREL EYREL
B8UZ8 B8UZ8
HHCET HHCET
7CXN0 7CXN0
BMC9X BMC9X
9HVLF 9HVLF
YMTTJ YMTTJ
F07YB F07YB
18R1B 18R1B
