4HOMU DL8LT X180A LIRLU LIRLU X180A 4HSLO YJ67U YJ67U FRZVP FRZVP ZRPB5 O9J47 PMFJ2 F7QF4 KWADH F7QF4 PMFJ2 C7WKJ YK7ZR V8GEC 1X6L1 FMCVK WBT4L 6WOBI 0GVOS 6WOBI VFR3Z 1X6L1 JF7TT 0HZFS SQ5AD 0HZFS DTPF4 TORQI 1F0YL BELQC BU58G TI35I 6NY7T BE5V8 2P5XR 4WDJE ELH5L B3Y9E UW44H 4YS4G VOCAC 1RS2N 945CN Q5DAA Q5DAA Q5DAA Q5DAA SWFWN KJDC0 N9H3X RU85S RU85S N9H3X KJDC0 Q0T2T VOCAC B3Y9E BZLKW M57K6 BZLKW B3Y9E M0J6A Y61KP 6VC3I Y61KP M0J6A TBPBM 7Y5B6 OKGKQ OKGKQ M0J6A B3Y9E RBP9F B3Y9E ELH5L EJSFK 58MIB IF7TL I0241 U2E9F U2E9F I0241 IF7TL 6ACGE KOYRV KOYRV 0U9HU 6ACGE EJSFK 1CTNO AN067 EJSFK G5JK6 P2H5X DENA8 P2H5X BJ8X0 P419D WI88U IR07O P419D BJ8X0 P2H5X G5JK6 FDYXL RVNGJ Q9MTE WXZHF 1Y2CG WXZHF Q9MTE RVNGJ FDYXL G5JK6 EJSFK ELH5L 4WDJE W2M5C XKTHP 9FD5I XKTHP ZA7S5 4WDJE 2P5XR 4YD0G O580H 4YD0G 2P5XR BE5V8 6NY7T CM5WA 5ZO5F CM5WA L87XM VZJYR L87XM CM5WA 6NY7T TI35I RAAD4 2KXWI H0BTZ ZGZT5 VHCFR VHCFR QOBDK 65FE1 QOBDK 76HUN PYPSO PYPSO ICOAG QOBDK HWKGJ LKP22 UX00P KY9LT EDK36 KY9LT V22SY FP2ST V22SY I5ALT 4VNLG I5ALT V22SY KY9LT H1LTE PTEKT C45HH C45HH PTEKT OLLV9 W59L6 OLLV9 LKP22 HWKGJ HWKGJ H0BTZ 2KXWI RAAD4 9O1IZ N9H1B C5YOT C5YOT RAAD4 TI35I BU58G L2PQE LEBVZ OSJ7O LEBVZ ZZZQW LEBVZ L2PQE L08CW L2PQE 1F0YL TORQI TORQI DTPF4 1X6L1 53Y1R K50JQ I91NY UDYJK WCHWI 45JXE PTADN B7A2L PTADN 45JXE WCHWI WCHWI NQ0GE I91NY K50JQ 6OA3K CFGE5 796NN F94V2 CFGE5 CSK6F CFGE5 6OA3K K50JQ 53Y1R 7U3JG 68VRF 7U3JG 53Y1R JKIP1 53Y1R 1X6L1 V8GEC YK7ZR OHJD0 SL5A0 OGHWH 4HOMU
72
DL8LT 2C63O DDXG0
4HSLO 768ZF DCHO3
O9J47 XEEQB SYV5N WP2MA
ZRPB5 TY0L7 ZRPB5
4HOMU JXLE1
FMCVK PXCIN 9WSXC
WBT4L 2BUI5 7GA8O
4YS4G IZESQ
UW44H SA6G0 UW44H
945CN 0D2BR ZZH8Z SKPO7 3AIXW 945CN
1RS2N HZHRA 1RS2N
TBPBM NPDI9 ZHSBU A1QRL TBPBM
58MIB 50J5H
0U9HU 0VPRW 8CLEZ WZB33 KC9RF 0U9HU
1CTNO LLTLN
WI88U EDSMH WI88U
W2M5C Q7FCL W2M5C
AT3CI W2H22 AT3CI
ZGZT5 SHOOM T9O11
76HUN 8EXDQ
UX00P MC71K
H1LTE BVMDZ H1LTE
9O1IZ FCYPJ 69BJO
BELQC TCC7B
JF7TT L2GJ5
UDYJK DOLRQ C8O6I
796NN FC0PR
C7WKJ OIPRN C7WKJ
L2PQE L2PQE
RU85S RU85S
KOYRV KOYRV
ZN2EP ZN2EP
45JXE 45JXE
M1HJR M1HJR
LIRLU LIRLU
1F0YL 1F0YL
CFGE5 CFGE5
HWKGJ HWKGJ
6ACGE 6ACGE
DTPF4 DTPF4
7U3JG 7U3JG
BE5V8 BE5V8
TORQI TORQI
RAAD4 RAAD4
FRZVP FRZVP
53Y1R 53Y1R
TI35I TI35I
Y61KP Y61KP
P419D P419D
IF7TL IF7TL
V22SY V22SY
K50JQ K50JQ
PTADN PTADN
Q5DAA Q5DAA
4WDJE 4WDJE
PYPSO PYPSO
CM5WA CM5WA
6WOBI 6WOBI
LEBVZ LEBVZ
61QWU 61QWU
C45HH C45HH
ELH5L ELH5L
X180A X180A
52MNN 52MNN
OLLV9 OLLV9
WXZHF WXZHF
6OA3K 6OA3K
YJ67U YJ67U
V8GEC V8GEC
PMFJ2 PMFJ2
LKP22 LKP22
VHCFR VHCFR
