0 161 161 92 157 10 157 158 29 158 45 197 198 152 51 153 26 153 11 79 66 91 133 185 33 62 39 62 179 180 125 97 56 95 130 183 38 183 49 40 54 40 49 100 163 164 2 88 148 195 8 73 8 195 148 149 196 23 118 23 109 169 36 169 109 110 109 21 12 121 177 47 177 121 84 21 154 93 14 116 14 86 53 69 53 37 53 86 14 154 21 76 21 109 23 196 149 72 136 187 187 136 164 15 144 60 143 192 5 143 60 64 35 113 22 99 22 58 22 68 64 60 65 30 104 103 104 189 139 96 71 63 139 189 34 65 1 65 3 65 60 144 15 164 163 100 43 101 44 101 87 70 87 90 87 100 46 100 49 183 130 131 184 20 24 20 184 131 6 81 6 28 82 28 4 28 6 131 19 16 13 16 89 16 19 131 52 42 56 125 180 179 74 61 48 61 185 133 107 168 168 107 75 66 11 7 146 147 18 57 83 57 18 147 32 147 7 9 7 152 198 197 27 55 27 98 27 197 45 199 0
72
0 162 160
92 159
51 151
181 128 129 181
79 182
91 135 134 106 167 108
33 186
97 126 124
95 132
2 176 138 137
118 119 120 175 118
110 170 111 110
12 123
93 155 156
116 174 117 173 116
88 150
85 188
192 142 192
35 114 171
113 172 113
103 105 165 103
30 166
96 141 190
43 102
146 193 145 146
100 100
101 101
104 104
107 107
109 109
112 112
115 115
121 121
122 122
125 125
127 127
130 130
131 131
133 133
136 136
139 139
140 140
143 143
144 144
147 147
148 148
149 149
152 152
153 153
154 154
157 157
158 158
161 161
163 163
164 164
168 168
169 169
177 177
178 178
179 179
180 180
183 183
184 184
185 185
187 187
189 189
191 191
194 194
195 195
196 196
197 197
198 198
