5 4 33 137 42 165 7 121 34 133 68 195 56 118 113 197 149 90 72 60 2 167 2 60 72 90 159 172 159 90 197 88 40 155 96 175 108 96 155 59 88 118 56 195 12 195 68 133 120 158 45 14 163 14 45 139 45 98 45 158 80 128 80 158 120 133 186 112 82 27 122 185 122 141 49 30 25 142 25 30 65 30 49 141 171 104 83 117 136 87 117 83 79 105 17 66 17 105 79 83 13 13 171 186 189 103 6 103 189 77 198 160 189 131 189 186 133 62 36 36 91 150 191 124 91 36 106 47 47 106 138 69 125 24 116 134 50 21 50 134 76 81 19 19 81 76 52 162 126 176 132 176 126 54 3 126 162 52 169 7 165 63 127 63 165 173 182 144 73 144 182 173 165 94 109 58 152 97 181 97 152 58 38 193 179 161 179 145 38 58 192 190 192 119 71 111 71 67 41 115 41 148 41 67 192 57 94 20 35 107 20 94 39 94 165 8 165 42 137 33 4 5
77
149 180 149
175 22
40 123
113 61
82 146
27 32 1
136 170
104 26 178 104
112 10
77 143 184 77
198 140
150 11 177
191 31 194
62 43
69 153 51 69
116 99 116
138 102 138
34 9 151 34
54 48
121 157
109 168 75
29 100
193 164 193
190 16 44 85
119 156
35 188 110 135
39 187 46 92 39
47 47
28 28
133 133
171 171
14 14
2 2
91 91
33 33
122 122
76 76
37 37
96 96
199 199
174 174
53 53
67 67
25 25
103 103
105 105
162 162
50 50
137 137
20 20
63 63
152 152
196 196
52 52
192 192
71 71
189 189
158 158
81 81
83 83
101 101
55 55
80 80
64 64
183 183
159 159
42 42
173 173
18 18
17 17
154 154
41 41
179 179
58 58
68 68
56 56
78 78
