2 78 79 76 82 76 81 21 92 21 84 7 72 53 99 93 91 93 10 15 10 93 99 11 85 80 26 80 85 99 37 28 75 28 37 33 37 99 7 6 87 27 51 8 20 48 8 51 50 77 13 83 22 88 22 83 13 77 50 7 84 96 38 44 64 44 54 96 84 19 47 66 49 39 66 46 66 47 52 97 52 47 12 9 55 32 23 68 59 90 59 68 23 32 57 32 55 2 67 73 67 2 95 45 36 2
39
79 40
81 3 81
11 29 11
72 5 62 98 72
41 17 41
87 65
20 42 0
18 71
6 35
88 74 4 88
38 30 38
24 31 24
49 1
19 94
12 14
78 63
95 58
25 25
44 44
13 13
28 28
16 16
69 69
61 61
59 59
67 67
10 10
86 86
83 83
66 66
7 7
50 50
23 23
70 70
47 47
60 60
76 76
34 34
96 96
