A42 A100 A183 A43 A43 A100 A78 A107 A101 A95 A169 A44 A166 A185 A13 A98 A132 A147 A164 A104 A118 A146 A31 A31 A146 A118 A104 A62 A99 A199 A36 A133 A36 A97 A125 A168 A97 A36 A62 A147 A132 A0 A173 A103 A83 A119 A76 A187 A188 A167 A72 A165 A188 A187 A76 A39 A76 A119 A103 A173 A193 A101 A106 A101 A107 A186 A107 A78 A100 A42
61
A42 A126 A71
A183 A117 A84 A183
A44 A120 A5
A98 A192 A139 A145 A90 A196 A3 A98 A148 A124 A30
A164 A159
A133 A51 A38 A176 A57
A57 A130 A135 A57
A125 A102 A181 A182
A168 A23 A54
A199 A7
A99 A142
A83 A45
A165 A184 A92 A65 A82
A72 A37 A114 A72
A167 A179 A4 A167 A9 A77
A39 A128 A123 A137 A127 A39 A135 A32 A2 A189
A0 A16 A0
A13 A198 A136 A96 A75 A13 A70 A88 A67
A185 A113 A185
A193 A40 A20 A105 A193 A58 A35
A166 A93
A169 A194 A28
A95 A122 A95 A177 A17
A106 A144 A33 A106
A186 A46 A94 A21 A172 A111 A143 A34 A64 A191
A118 A118
A82 A82
A148 A148
A78 A78
A58 A58
A70 A70
A32 A32
A176 A176
A100 A100
A71 A71
A2 A2
A124 A124
A9 A9
A76 A76
A177 A177
A30 A30
A132 A132
A143 A143
A43 A43
A154 A154
A35 A35
A103 A103
A107 A107
A189 A189
A182 A182
A88 A88
A17 A17
A67 A67
A34 A34
A28 A28
A64 A64
A187 A187
A77 A77
A191 A191
A31 A130
A104 A154
