A29 A5 A46 A49 A46 A57 A11 A38 A70 A38 A11 A21 A0 A32 A14 A33 A17 A33 A61 A68 A87 A68 A55 A42 A55 A32 A6 A35 A96 A9 A96 A35 A64 A35 A82 A75 A36 A52 A74 A83 A74 A73 A95 A76 A95 A41 A74 A36 A75 A62 A75 A82 A35 A15 A44 A15 A71 A45 A91 A20 A63 A45 A37 A45 A28 A81 A24 A78 A22 A56 A59 A12 A59 A56 A22 A86 A22 A78 A23 A48 A43 A23 A50 A23 A78 A24 A8 A28 A40 A89 A98 A89 A40 A28 A45 A71 A21 A39 A84 A39 A21 A80 A25 A80 A21 A94 A21 A11 A29
35
A57 A66
A14 A92 A14
A61 A2 A18 A77
A0 A79 A3
A6 A60 A26 A6
A52 A67 A52
A73 A72 A69 A73
A91 A51 A91
A12 A16 A85 A99 A90 A12
A48 A10
A81 A34
A5 A27
A35 A35
A88 A88
A95 A95
A59 A59
A65 A65
A53 A53
A31 A31
A13 A13
A32 A32
A97 A97
A82 A82
A55 A55
A36 A36
A68 A68
A30 A30
A15 A15
A89 A89
A39 A39
A47 A47
A38 A38
A96 A96
A28 A28
A54 A54
