COM MDG IDN SJM JAM SJM MMR MNG HTI BWA CAN CCK CAN MKD HUN PAK GNQ GUY GNQ PAK CHL CHL MKD COM NER AUT ISR COM REU SDN MEX POL PNG PLW NIU PRK NIU PER PRI GMB NGA NFK JEY JOR JEY MRT GAB ETH ETH GAB GMB NAM PER PSE MLT CRI KGZ LAO LUX KIR LUX NIC ATF ASM ATF MSR IND LUX SEN MNP SEN KGZ KNA CHE BTN CHE KNA KGZ NOR CMR CAF BVT GRD KEN MLT PSE PER NIU CZE CYM CYM NIU PLW PNG NLD PNG MNE MDV MNE OMN SLE OMN MAF OMN MNE PHL AGO PHL MEX CPV LIE LTU LSO LTU LIE GRL SAU DOM DZA MYS ATA MYS IRN IRQ ISL IRN MYS DZA DOM SAU MEX SDN IMN SDN COM SGS NZL CUW CUB MYT AIA MYT BRA BEL BRA MYT CUB CUW NZL SLB ROU HRV LCA HRV GUF HRV ROU SLB LBR LBY QAT SGP RUS BLZ BGR BOL BGD BIH BLR BFA BES BHS BRB BHS BES BRN SGP QAT ALB AND ARG ALB QAT LBY LBR NCL EST GIB GHA GEO GBR FLK GBR FRA GGY FRO GGY FJI GBR ERI GHA GIB EST NCL LBR MUS DJI DNK MUS COD COD COM
69
IDN COL KAZ IDN
MMR MOZ MMR
HTI GUM HTI
HUN LBN KOR HUN
MDG ITA
NER MTQ NER
NFK ALA NFK
FSM EGY FSM
NGA GIN
PRI PAN
LAO KWT LAO
NIC ABW AUS IRL NIC
CRI ATG
CAF CIV NRU CAF
BVT LKA
CZE CXR CYP
POL ARE POL
CPV MAC MAR GRC RWA CPV
IRQ IOT
REU MDA AFG REU
RUS HMD RUS
BLZ BEN BLM
BOL BDI BMU
BIH AZE
AND ARM
GEO ESP GEO
FRA ECU FRA
DJI DMA DJI
SGS COG KHM SGS
CAN CAN
HND HND
MYT MYT
LUX LUX
LIE LIE
GNQ GNQ
NPL NPL
SHN SHN
GIB GIB
LBR LBR
MEX MEX
DZA DZA
PRY PRY
SDN SDN
GBR GBR
BHS BHS
NZL NZL
KNA KNA
COK COK
HKG HKG
ESH ESH
ALB ALB
HRV HRV
PNG PNG
MLI MLI
PAK PAK
DEU DEU
JEY JEY
CHN CHN
FIN FIN
IRN IRN
LTU LTU
PSE PSE
NIU NIU
BHR BHR
GAB GAB
GMB GMB
JPN JPN
COD COD
GHA GHA
