DZA AGO GNB HND ATA ASM CYP CYM CXR DEU CRI COM CRI CPV CRI DEU CXR ATG ATA GNB GLP BGR BDI BEL BDI BMU BHS CUW DNK ARE ALB ARM ARE DNK CUW BRA BES BLR CCK CMR BWA CHL BWA CMR CCK BTN CCK BES GRC GUY HMD HRV ALA AIA ALA AUT COK AUT GUM GRD GRD GUM EST ETH GGY GIB FSM EGY ESH ECU FJI ECU GBR FRA FRA GBR EGY GIB FIN GAB ESP GIN GAB GIB ETH EST GRC BRB CAN CIV COL CAN GMB GUF GMB CAN COD BRN BIH BRN COD CAN BRB BMU BDI BGR BHR BLZ BHR BGR AZE BGR GNB AGO DZA
37
HND GEO DJI HND
ASM ATF
CYP BVT
CYM CZE CYM
ALB ARG ALB
BHS AUS BHS
BLR BGD BEN BLR
BRA BFA
HMD COG HMD
GUY GNQ CUB
GGY ERI
ESH FRO
FSM GHA FSM
ESP AND
FIN FLK ABW FIN
CIV CHE
GLP HKG GLP
COD COD
BRN BRN
CAF CAF
GRD GRD
BLM BLM
CCK CCK
GRC GRC
ATA ATA
ARE ARE
BES BES
DOM DOM
DNK DNK
BDI BDI
GBR GBR
ECU ECU
BRB BRB
CUW CUW
FRA FRA
CXR CXR
CAN CAN
