9c2647cde6e44cc385c8 084504e2b2de4f53a0b1 b47b7b94e7d74f398b8f effa9d0de823441bb67f 4f6bd13f81714bdb882b 12a170c171ef44d4b662 1be51209c79e402f9fee 12a170c171ef44d4b662 0fc9c09d9eab437c9f65 12a170c171ef44d4b662 44c8674ccef1477b965f 63ad956164364dd4aa85 44c8674ccef1477b965f 12a170c171ef44d4b662 4f6bd13f81714bdb882b 5215b0f0bd724c5cb095 d5bccd7804014eca8c6c d5bccd7804014eca8c6c 5215b0f0bd724c5cb095 b47b7b94e7d74f398b8f 084504e2b2de4f53a0b1 211ddbbf614a47428f13 7e0770b0df094f329117 eff3a759e4134e70a252 4b0552fc8849432cb855 072f6cb2b13c4dba9ed8 d8780223b4744b5b91e5 7cf52b0864ce43a5abfd a22afbff48914ac888a0 2ca503415606406b99e4 a22afbff48914ac888a0 7cf52b0864ce43a5abfd d8780223b4744b5b91e5 072f6cb2b13c4dba9ed8 af0a537d56ff42a99a0a 4c8b2bb0f24f4375a715 8ae0afe573b34065b929 f8fb298fc6614f5ba2f5 934f0cae8959401e9aa3 4ec91b9ee7034cd9a61a d8a94f0302fe46df820e 4ec91b9ee7034cd9a61a e0d1e21ff6cc4d64aff7 4c12dd5d885b4037a9d8 e0d1e21ff6cc4d64aff7 06d5c776fda04040b880 664988394a5f48d79e79 00dd89601f03490d8809 3ab839e5a91246f58aa6 3ab839e5a91246f58aa6 664988394a5f48d79e79 599c235a67874d519785 664988394a5f48d79e79 8ae0afe573b34065b929 4c8b2bb0f24f4375a715 af0a537d56ff42a99a0a 637115d10769468ba879 af0a537d56ff42a99a0a 4e6e8d834411487783fb 4e6e8d834411487783fb eff3a759e4134e70a252 7e0770b0df094f329117 211ddbbf614a47428f13 5dc9f852f2454533879f 9a0ec8a933e541059e59 afe0c704a3024b8b841b 9a0ec8a933e541059e59 5dc9f852f2454533879f 211ddbbf614a47428f13 82654fedf62042cb92dc cd51464f29fe4984870b 849492e2a4f04946a2c6 253e23123edb46a1b9fa fab56f22f8684dd18893 8fb88a81c320403c8940 079c33e2ed6d4acab576 884e85a591684c7ebc61 7d843b16d519435d8fca 519c6812f5c84e2da127 b42e69fcc93540ff9100 ec162ad32a614344923a 9d3cca8f993b4a05a976 ec162ad32a614344923a b42e69fcc93540ff9100 7c2b55f88d4f4b7fb942 11f0e209278743f682d1 b42e69fcc93540ff9100 519c6812f5c84e2da127 7d843b16d519435d8fca 884e85a591684c7ebc61 67a7e017424a4a94b871 3c323f20a75249bb9b7e 42f0effdbad6403aad72 b590c18164cf4e94bf14 3c323f20a75249bb9b7e d43c14836a764052a5af 7823e79686964ea6a4cc 3c323f20a75249bb9b7e 67a7e017424a4a94b871 884e85a591684c7ebc61 079c33e2ed6d4acab576 8fb88a81c320403c8940 42e3ccb6ddd54a0aa3cb 369f058d996d4cd0a86c 0b82efcb8c2c45aeb8a2 bbd144150de64860b03c dde0459354634ebdbc7f 8908b7070dcc4e2eb3f6 6dc99e74844944e98ac6 5fd6476364e640bea476 8563fff9bc9b483e839f 5b7e4d089e434c6a9293 6cdca42ad550495aa84f d616480638a04c3b955f 71be1b5c4c3a468196ea df9c93ed7a63447389dd 529d899e8f2545bfbc5a 529d899e8f2545bfbc5a df9c93ed7a63447389dd fc5bdc219fbc4eb6939e 8d368bb67c5c46c5867d f8959f42ae8745fe99d6 06cc6d7a46324506b937 ed9409f592e5423f9b28 018b94026c88426b8f75 ed9409f592e5423f9b28 da158d239b1d47a9b845 ed9409f592e5423f9b28 06cc6d7a46324506b937 37a0aebb00dc4457a07b 012098d40d184746bba5 35b87b961a62477c9874 012098d40d184746bba5 06cc6d7a46324506b937 f8959f42ae8745fe99d6 8d368bb67c5c46c5867d 0753fe21061c4e058dad a93ad0e2cf094eb9b1f3 a93ad0e2cf094eb9b1f3 a93ad0e2cf094eb9b1f3 0753fe21061c4e058dad 71be1b5c4c3a468196ea d616480638a04c3b955f 6cdca42ad550495aa84f 8563fff9bc9b483e839f 6dc99e74844944e98ac6 2746836e92824d2bb044 b927c43e198546078ea6 de3e2c10d9714f8dbcde e5a9ca3b130945588284 07d82226d1a44fadb059 7e6d763cc1df4cdcba88 2aadaae628fa4024b08e 242983dadb1f4402a4a9 4ef59ec864404c6baa73 f2ab71e12a0b4ca8a555 76432c67ac2d44b384c1 716e6af4ffca4576a224 76432c67ac2d44b384c1 37f046d302d544fb9170 f4a1ab9d71dc4c2c880c 3db131116e904db799f7 85ec82d3a96e4436a5a2 4910cbb7f18c40499abc dc974af4378c41789aae 884523a7277b40f4972f f47cbc59a0584307a0f1 3574209d67b74478ae2e 3574209d67b74478ae2e 091bc38a5e55466f9466 2ca31ea1efaa4d6c8d67 091bc38a5e55466f9466 8a66a2d4fdf74f2e9b0e 8a66a2d4fdf74f2e9b0e dc974af4378c41789aae 4910cbb7f18c40499abc 85ec82d3a96e4436a5a2 b061ee542dcd41a4b6bf a16cd2da79714541abf7 b061ee542dcd41a4b6bf 7388a08e325743518e49 f4a1ab9d71dc4c2c880c a8d23aa0d64b4c80a726 7de7910c524e4920822e a8d23aa0d64b4c80a726 f4a1ab9d71dc4c2c880c 37f046d302d544fb9170 76432c67ac2d44b384c1 7bf06d15a1a54ead8fb8 a6e21d28b5c04dc58a64 7bf06d15a1a54ead8fb8 4f25aeb09138402682fa 9070eab74d144b2d9fe3 7bf06d15a1a54ead8fb8 4ef59ec864404c6baa73 09b94d1b44c348ceadb9 c0376b4ad4604963b945 09b94d1b44c348ceadb9 4ef59ec864404c6baa73 2aadaae628fa4024b08e 19f204e30ad4442cb966 2b0e5d986b0a4f1cb926 6421585e69fc40ffbba0 8e02573f1324425c9311 0decf87dae5343c0a33a 8e02573f1324425c9311 2aadaae628fa4024b08e 7e6d763cc1df4cdcba88 2bcf7711ba8b49129f0c 2bcf7711ba8b49129f0c de3e2c10d9714f8dbcde 2746836e92824d2bb044 3e010983b03e4fcd9e0f 2746836e92824d2bb044 6dc99e74844944e98ac6 8908b7070dcc4e2eb3f6 dde0459354634ebdbc7f bbd144150de64860b03c 0b82efcb8c2c45aeb8a2 69c40b5f99664dc48014 0b82efcb8c2c45aeb8a2 369f058d996d4cd0a86c 06635824d9b841f7b41e 32acb92de92141d09391 c70c2672db8c4403868b 749b651af1d040659e8f 6d1f8bd937254eaeaf81 749b651af1d040659e8f c70c2672db8c4403868b 369f058d996d4cd0a86c 8fb88a81c320403c8940 fab56f22f8684dd18893 253e23123edb46a1b9fa 54de46f8d4f647d1baa7 ddf764e162654211a02e 74a4796c7e4447f4b503 ddf764e162654211a02e 54de46f8d4f647d1baa7 babcd00b2c484c36bc48 5cbb478f9b6b40daa8e9 1a4c9d2bea59474aa118 845bea1cad81493ea425 845bea1cad81493ea425 1a4c9d2bea59474aa118 5cbb478f9b6b40daa8e9 cd51464f29fe4984870b 82654fedf62042cb92dc 211ddbbf614a47428f13 9c2647cde6e44cc385c8
73
9c2647cde6e44cc385c8 910d00572d9d42cebb4a
effa9d0de823441bb67f bb5eae787bbc407b98a6 2783e022fae94929bf16
934f0cae8959401e9aa3 9b9da0cbe5514fabb1ae 934f0cae8959401e9aa3
f8fb298fc6614f5ba2f5 0f214fa889a6406e8826
00dd89601f03490d8809 a0f6a505c8184e86afc9 dee15252c0e54b84beaf ce2f0e6b8eb94a748c7d 00dd89601f03490d8809
4b0552fc8849432cb855 5a3b69fa8cfb4982a27c
7c2b55f88d4f4b7fb942 d484483c58914446843f
42f0effdbad6403aad72 d8316f23d67e43ccb5e7 42f0effdbad6403aad72
d43c14836a764052a5af 74bfaa171ba342fc9e58
42e3ccb6ddd54a0aa3cb 0a53d934f24848f9bda3 a2e35f0c3c9143c68a9e 42e3ccb6ddd54a0aa3cb
5b7e4d089e434c6a9293 205f1eddbda0478aada6 5b7e4d089e434c6a9293
e05275dbed2540ddb1d0 87788962cd304b248baf e05275dbed2540ddb1d0
37a0aebb00dc4457a07b 9b93a8a7d0b543339985
fc5bdc219fbc4eb6939e 404713e80e9740c9b7cd b96177c96ab740b3965b
5fd6476364e640bea476 fa1e4bc6ddcc462f984f 5fd6476364e640bea476
f47cbc59a0584307a0f1 a581f1b5cd374bd0ba96 f47cbc59a0584307a0f1
884523a7277b40f4972f 9a6fd45cb4d44509bce9 884523a7277b40f4972f
3db131116e904db799f7 fc38d8b64f88401c97fd
f2ab71e12a0b4ca8a555 c69875060dcb453ead1a
4f25aeb09138402682fa 33edfebd58804049be59 e3726a85ffc34b1282cf
242983dadb1f4402a4a9 df9fcc997b4f4a18b94a 242983dadb1f4402a4a9
19f204e30ad4442cb966 c7ef0821b71641f390ee f74897e94729433fa22f bd01ba7047cb4d04a847 19f204e30ad4442cb966
2b0e5d986b0a4f1cb926 5b3dce289f444b0aa162 2b0e5d986b0a4f1cb926
07d82226d1a44fadb059 e87b98454fe24297b210
e5a9ca3b130945588284 dbfc82377b8f4429bc5e e5a9ca3b130945588284
b927c43e198546078ea6 e74a97c92dba4d8ea2d5 b927c43e198546078ea6
06635824d9b841f7b41e e6237b02869349c2bcc8 7a1df78f40b245bfbb97 06635824d9b841f7b41e
32acb92de92141d09391 53afa325a7d34c438292
babcd00b2c484c36bc48 1c62a698c79e460eb5ff e5d122afc38c45dea5ae babcd00b2c484c36bc48
849492e2a4f04946a2c6 b3a599b5126842e1bf24 849492e2a4f04946a2c6
a22afbff48914ac888a0 a22afbff48914ac888a0
af0a537d56ff42a99a0a af0a537d56ff42a99a0a
664988394a5f48d79e79 664988394a5f48d79e79
5dc9f852f2454533879f 5dc9f852f2454533879f
3574209d67b74478ae2e 3574209d67b74478ae2e
4c8b2bb0f24f4375a715 4c8b2bb0f24f4375a715
884e85a591684c7ebc61 884e85a591684c7ebc61
0753fe21061c4e058dad 0753fe21061c4e058dad
d5bccd7804014eca8c6c d5bccd7804014eca8c6c
b3931f6d1087486cb913 b3931f6d1087486cb913
8a66a2d4fdf74f2e9b0e 8a66a2d4fdf74f2e9b0e
ca0b4771edab4289a9de ca0b4771edab4289a9de
cfa4f7b46ab548c1a67a cfa4f7b46ab548c1a67a
ef84408a20334d7d9940 ef84408a20334d7d9940
1a4c9d2bea59474aa118 1a4c9d2bea59474aa118
df9c93ed7a63447389dd df9c93ed7a63447389dd
b42e69fcc93540ff9100 b42e69fcc93540ff9100
26a1d084007f489fba55 26a1d084007f489fba55
d4f8d48cee014966a5b7 d4f8d48cee014966a5b7
85ec82d3a96e4436a5a2 85ec82d3a96e4436a5a2
82654fedf62042cb92dc 82654fedf62042cb92dc
8fb88a81c320403c8940 8fb88a81c320403c8940
cd51464f29fe4984870b cd51464f29fe4984870b
bbd144150de64860b03c bbd144150de64860b03c
76432c67ac2d44b384c1 76432c67ac2d44b384c1
2bcf7711ba8b49129f0c 2bcf7711ba8b49129f0c
d8780223b4744b5b91e5 d8780223b4744b5b91e5
c15cfb41ef824fd2a1c0 c15cfb41ef824fd2a1c0
fab56f22f8684dd18893 fab56f22f8684dd18893
54de46f8d4f647d1baa7 54de46f8d4f647d1baa7
529d899e8f2545bfbc5a 529d899e8f2545bfbc5a
7e0770b0df094f329117 7e0770b0df094f329117
12a170c171ef44d4b662 12a170c171ef44d4b662
211ddbbf614a47428f13 211ddbbf614a47428f13
09b94d1b44c348ceadb9 09b94d1b44c348ceadb9
44c8674ccef1477b965f 44c8674ccef1477b965f
eff3a759e4134e70a252 eff3a759e4134e70a252
5215b0f0bd724c5cb095 5215b0f0bd724c5cb095
ec162ad32a614344923a ec162ad32a614344923a
c947a496d2b34bb89bb9 c947a496d2b34bb89bb9
b47b7b94e7d74f398b8f b47b7b94e7d74f398b8f
8e02573f1324425c9311 8e02573f1324425c9311
e0d1e21ff6cc4d64aff7 e0d1e21ff6cc4d64aff7
