Soda 172 172 185 168 19 168 185 124 7 48 116 86 116 48 137 66 137 48 12 40 85 53 0 162 27 27 162 0 79 140 60 140 79 107 45 97 45 107 78 78 177 136 33 177 24 106 56 96 75 117 123 123 117 56 106 24 159 39 14 46 103 84 103 143 88 143 103 175 35 175 103 46 14 39 180 52 64 180 39 159 24 169 2 28 32 28 118 29 5 170 170 5 9 76 26 26 76 9 65 65 92 99 57 59 49 58 71 59 57 99 131 37 31 1 3 125 125 93 115 44 44 38 20 38 55 55 197 18 197 55 63 11 17 83 15 87 15 22 22 74 11 63 189 95 189 118 134 89 134 183 183 183 183 169 24 77 24 167 16 51 187 43 8 25 82 50 82 25 72 72 62 62 139 141 4 141 139 155 155 187 51 81 10 61 41 21 41 91 130 130 30 13 30 81 142 69 70 98 148 34 80 94 98 156 128 42 128 156 98 147 23 147 69 160 160 47 193 36 193 108 108 108 108 Soda
72
68 178
Soda 188
7 174
53 100
85 171 101
40 151 195 112
136 166 196 136
12 133
96 150
52 138
6 165
29 144 104 127
49 145
3 153
31 109
115 182 115
37 176
90 105 135
83 129 102
17 161 186
131 157 131
2 154 164 179 181
124 119 124
8 113 158
43 184 122 121
61 191
10 114
34 126 152
148 149 173 148
70 120 190
142 194 142
16 192
47 163 110
167 111 146 198 167
99 99
103 103
106 106
107 107
108 108
116 116
117 117
118 118
123 123
125 125
128 128
130 130
132 132
134 134
137 137
139 139
140 140
141 141
143 143
147 147
155 155
156 156
159 159
160 160
162 162
168 168
169 169
170 170
172 172
175 175
177 177
180 180
183 183
185 185
187 187
189 189
193 193
197 197
