90 127 145 127 90 200 50 108 119 162 49 144 10 132 183 86 30 62 172 62 109 120 178 94 31 53 31 154 92 125 103 125 92 26 92 153 92 154 31 8 37 8 161 8 31 137 31 94 174 95 122 41 122 95 174 13 160 65 5 151 93 93 151 5 65 160 34 174 143 174 120 98 120 109 56 42 9 42 56 109 62 30 86 183 77 183 132 112 102 115 102 79 144 49 162 119 63 171 76 68 148 24 74 24 78 1 78 24 148 68 76 165 129 165 76 139 76 91 40 133 51 107 51 29 51 133 69 135 58 38 135 72 135 170 135 69 133 169 3 169 133 7 133 40 81 66 81 40 190 114 190 19 141 19 190 124 190 40 91 36 91 76 171 63 64 63 16 140 181 140 16 63 119 97 184 97 119 108 100 100 189 193 155 4 155 158 173 158 22 158 189 71 130 61 136 25 82 27 82 25 136 61 130 188 87 185 80 185 134 185 87 188 15 35 15 111 15 188 105 2 44 32 44 2 199 2 105 188 130 71 189 60 189 100 108 186 108 75 67 142 123 166 150 57 116 57 150 121 150 166 123 142 67 89 197 11 0 118 157 187 73 128 177 128 73 187 28 187 157 118 0 138 12 45 12 96 182 96 12 117 12 138 0 11 175 6 196 167 47 146 47 167 196 175 152 104 83 33 180 159 14 99 14 43 14 101 21 164 23 17 23 179 23 164 21 101 14 163 14 159 180 33 83 104 152 175 11 197 89 18 89 106 194 110 194 149 168 176 168 46 147 46 168 194 106 39 85 39 106 88 198 198 88 200 90
27
50 195
13 54
178 55
10 113 10
58 48
193 70 191
6 59 6
149 20
75 84
189 189
97 97
190 190
12 12
82 82
135 135
169 169
132 132
167 167
133 133
88 88
91 91
125 125
81 81
89 89
101 101
93 93
51 51
