Soda 14 53 14 37 86 65 86 37 26 4 4 48 67 89 89 36 84 82 34 49 49 34 59 69 48 4 77 43 55 97 80 81 30 70 79 44 61 20 91 6 17 9 56 9 17 66 63 17 6 91 20 87 20 52 15 62 94 62 15 29 88 29 15 52 93 13 33 50 3 68 8 99 8 68 3 50 33 13 93 52 20 7 7 71 44 79 70 30 30 30 46 74 46 30 73 80 45 12 32 90 32 11 75 58 64 92 98 83 41 96 96 41 83 54 92 85 75 11 32 12 45 55 43 72 43 77 95 77 37 57 37 14 Soda 60 Soda
40
67 28 2
84 5
36 39 36
97 19 21
61 22 24 18
66 23
81 16 31 47
64 38 40
98 27
58 51
26 10 42 26
3 3
4 4
6 6
7 7
8 8
9 9
11 11
12 12
13 13
14 14
15 15
17 17
20 20
25 25
29 29
30 30
32 32
33 33
34 34
35 35
37 37
41 41
43 43
44 44
45 45
46 46
48 48
49 49
50 50
