Soda 173 194 67 115 121 115 67 135 56 35 111 35 56 135 67 170 33 142 136 137 158 137 187 89 146 138 162 11 199 167 167 199 19 175 46 46 169 139 198 159 117 159 198 139 169 83 88 143 88 83 118 71 77 77 110 179 83 169 175 174 28 164 174 175 37 125 80 5 5 5 57 112 57 5 125 38 148 181 181 38 99 18 82 70 186 192 183 8 156 156 8 183 82 103 82 18 124 18 99 131 172 113 122 113 162 168 153 69 193 74 40 161 151 85 47 63 141 145 141 63 180 63 47 161 74 193 25 10 176 10 154 10 25 193 153 196 109 185 109 196 153 95 130 104 107 104 130 184 130 95 153 171 153 168 163 178 178 163 12 190 102 21 21 102 146 66 127 26 20 197 20 106 160 52 52 52 64 64 52 160 123 53 155 134 129 100 132 157 29 13 13 13 29 157 132 105 32 120 195 30 144 30 195 120 105 129 152 129 134 155 128 16 140 188 149 188 140 16 128 155 53 165 20 191 191 127 146 44 119 44 142 33 24 182 24 189 24 33 170 67 194 108 133 68 68 126 200 194 173 Soda 177 Soda
67
89 54 89
11 50 11
116 15
17 96 2 17
71 81 49 14 71
118 39
28 9 28
19 61 19
37 42 6 37
80 22 76 90 101 80
148 97 92 31
186 73
70 45 70
131 87
138 94 78
151 60 36
85 23 85
40 51 40
69 59 69
12 79 12
106 41 75 86
100 4 7 98 100
32 34 32
123 91 62
150 93
26 65 26
66 55 66
187 48
136 27
133 58
108 3
5 5
8 8
10 10
13 13
16 16
18 18
20 20
21 21
24 24
25 25
29 29
30 30
33 33
35 35
38 38
43 43
44 44
46 46
47 47
52 52
53 53
56 56
57 57
63 63
64 64
67 67
68 68
72 72
74 74
77 77
82 82
83 83
84 84
88 88
95 95
99 99
