Wurster Class Soda Evans Jacobs Hilgard Haste Hilgard Montgomery Tennessee Alabama Kleeberger Kleeberger Massachusetts Des Massachusetts Salt Warren Anthony Ohio Anthony Charleston Anthony Warren Hartford Iowa Lewis Memorial Latimer Barrows Simon Barker Simon Lansing Simon Recreational Wheeler Recreational Simon Missouri Missouri Missouri Hesse Hesse Hesse Moffitt Donner Moffitt Campbell Dwinelle Raleigh Raleigh Kentucky Madison Madison Martin Bancroft Vermont Vermont Life Annapolis Eshleman Alaska Honolulu Georgia Honolulu Topeka Honolulu Stadium Juneau Idaho UC McLaughlin Baton Frank Gayley Campanile Frank Denver Frank Maine Arkansas Frank Sutardja Florida Phoenix Phoenix Morgan Sutardja Frank Baton Pitzer Cory Providence Cory Pitzer Baton Baton Hildebrand Zellerbach UC Idaho Juneau Alumni Juneau Chvez Carson Insectary Lincoln Insectary Wurster Minnesota Wurster
29
Soda Stanley
Alabama Goldman Boston Sather Alabama
Tennessee Chan Tennessee
Barrows Visitor Moses Salem California Blackwell Brain Spieker Barrows
Latimer Oregon Observatory
Montgomery Maxwell Parking Simpson Montgomery
Class Indianapolis Optometry Pennsylvania Class
Gayley North
Maine Nevada
Florida Gilman Florida
McLaughlin Hazardous McLaughlin
Hildebrand Silver
Honolulu Honolulu
Frank Frank
Sutardja Sutardja
Recreational Recreational
Massachusetts Massachusetts
Hilgard Hilgard
Vermont Vermont
Juneau Juneau
Raleigh Raleigh
Simon Simon
Pitzer Pitzer
Hesse Hesse
Kleeberger Kleeberger
Cory Cory
Anthony Anthony
Moffitt Moffitt
Idaho Idaho
