Rhode Life University Kentucky Annapolis McCone Davis South Campanile Genetics Cleary Warren Greenhouse CNMAT Anthony CNMAT Clark Unit Clark CNMAT Raleigh CNMAT Columbia Morgan Morgan Durham Durham Doe Doe Oklahoma Soda Faculty Faculty Soda BART BART Optometry Simon Memorial Atlanta Boalt Boalt Chan Woo Wyoming Richmond Richmond Springfield Dover Maryland Lewis Delaware Boston Giauque Kansas Banway Tan Bismarck Bismarck Bowles California Virginia Idaho Iowa Iowa Blum Gilman Heating Wheeler Des Frankfort Energy Massachusetts Martinez Old Martinez Golden Golden Golden West Carson Eshleman Denver Trenton Giannini Morrison Maine Alabama Goldman Eye Boise Giannini Giannini Ishi Hazardous Ishi Jackson Hesse Lincoln Hesse Bechtel Andersen Concord Cyclotron Northwest Cyclotron Stern Cyclotron Concord Tallahassee Krutch Connecticut Krutch Witter Warren Phoenix Warren Recreational Recreational Salem Wickson Wickson Genetics Gayley Genetics Kleeberger Kroeber Botanical Augusta Botanical Indianapolis Sibley Cory Moses Evans Moses Cory Kleeberger Fox Pitzer Montpelier Frank Alaska Parking Alaska Albany New Calvin South Natural South Zellerbach South McCone Annapolis Cheyenne Cheyenne Dwinelle Harrisburg UC Harrisburg Koshland Residence Wurster Lawrence Lawrence Lawrence Wurster Arkansas Colorado Ida Haviland Nebraska Senior Campbell Senior Olympia Olympia University University Life Rhode
39
Columbia Tang Mulford Utah Foothill Madison Edwards Police Jones Columbia
Greenhouse Montana Little Minnesota Observatory McLaughlin Hearst Jefferson
Simon Illinois Sproul Simon
Wyoming Providence Insectary International
Optometry Class Salt Mathematical Lower Tennessee Maxwell Hertz Nashville
Maryland Topeka Maryland
California Florida Columbus Hargrove
Bowles Brain Chvez Bowles
Heating Etcheverry Hartford Heating
Energy Pennsylvania Energy
West Montgomery West
Denver Wisconsin
Goldman Mississippi Durant
Alabama Jacobs
Morrison Moffitt Haste Morrison
Trenton Barrows Trenton
Cleary Stadium Blackwell Springer Hawaii Bancroft Cleary
Campanile Baton Nevada Oregon LeConte Birge Chou Simpson Santa Campanile
Kroeber Austin Lansing
Davis Berkeley
Kentucky East Michigan Silver Valley Martin Grinnell Hellman McEnerney Kentucky
Rhode Donner
Krutch Krutch
Clark Clark
Harrisburg Harrisburg
CNMAT CNMAT
Annapolis Annapolis
Cory Cory
Moses Moses
BART BART
Life Life
Durham Durham
Olympia Olympia
Concord Concord
Boalt Boalt
Richmond Richmond
University University
Cheyenne Cheyenne
Warren Warren
