AY AZ AG AK AJ AH AF AH L J L AH AJ Q AJ AK AG BC BB BC BD BA BT BR BT BA BD AI S AL S AI BY BG BF AM BE BX BW BX AM BF CU BH AI BD BC AG AZ AY AW AU AS AP AQ BL BJ CD CF CG CE CG CF AR AP W AP V U V AP AS Z AA Z AS AU AW AV BM AT BM BS BQ BS BV BS CL BU CL CN CJ CK CI BP BO BP CI CK CJ CH CJ CQ CP CS BZ CV BZ CS CR CS CP CQ CL BS BM AV AW AY AX AD AB AD AE Y AC D F D X B E C E X D AC Y AE AD AX AY
29
BY O
BE CT
BG CA CB BG
BJ BI BJ
CD CC
BL BN
AQ AO AQ
CN CO CN
F G H M K I F
B A B
D D
P P
S S
T T
V V
X X
Y Y
AD AD
AG AG
AJ AJ
AM AM
AS AS
AV AV
AX AX
BA BA
BF BF
CK CK
CP CP
CS CS
