Simei KakiBukit BukitHoSwee Sembawang Sembawang BukitHoSwee KakiBukit Gombak Gombak LowerSeletar SouthernGroup Boulevard SouthernGroup LowerSeletar Gombak CityHall Springleaf SwissClub Tengeh GhimMoh Tengah GhimMoh Crawford GhimMoh Seletar CompassvaleTrafalgar CompassvaleTrafalgar SwissClub SembawangHills SembawangHills SimpangNorth Bendemeer PulauPunggolTimor Jelebu PulauPunggolTimor NeeSoon AirportRoad TanglinHalt Bayshore Bayshore Bayshore Hillview NeeSoon SimpangNorth SembawangHills SwissClub Springleaf KampongGlam RobertsonQuay RobertsonQuay KampongGlam Gombak Redhill PearlsHill BoatQuay PearlsHill Redhill Gombak TiongBahruStation Geylang CliffordPier Yishun CliffordPier Geylang TiongBahruStation BukitBatokEast
18
Simei JooKoon SungeiRoad Simei
Tengeh DowntownCore Safti Tengeh
Frankel GaliBatuMandai Frankel
Bendemeer TanjongPagar
TanglinHalt Hillcrest ChoaChuKang
AirportRoad Tyersall
CityHall Sudong CityHall
BukitBatokEast RiverValley
Redhill Redhill
SimpangNorth SimpangNorth
NeeSoon NeeSoon
SwissClub SwissClub
GhimMoh GhimMoh
LowerSeletar LowerSeletar
LeonieHill LeonieHill
PearlsHill PearlsHill
TiongBahruStation TiongBahruStation
Sembawang Sembawang
