YuhuaEast TelokBlangahDrive CityHall Simpang PasirRis SembawangStraits OneTreeHill HongKah HongKah Katong ClementiNorth SenokoSouth LoyangEast LoyangEast SenokoSouth ClementiNorth EvertonPark ReservoirView PulauPunggolTimor Khatib SimpangNorth SimpangNorth SimpangNorth Khatib PulauPunggolTimor ReservoirView EvertonPark SembawangStraits Shipyard OrangeGrove PeoplesPark PeoplesPark OrangeGrove TamanJurong TamanJurong SembawangStraits LorongChuan Kangkar TanjongIrau TanjongIrau LorongChuan SembawangStraits SwissClub WestCoast SouthernIslands Redhill MountEmily KebunBahru YishunWest YishunWest PayaLebarEast TohGuan TohGuan PayaLebarNorth ConeyIsland ShangriLa TiongBahru TiongBahru ShangriLa ConeyIsland Victoria Rochor Rochor Victoria SembawangHills Dunearn SenokoNorth BukitBatokSouth WoodlandsWest Northland Northland WoodlandsWest BukitBatokSouth KianTeck WoodlandsSouth WoodlandsSouth SembawangHills SungeiRoad HougangEast Changi JurongPort SwissClub SembawangStraits PasirRis ChengSan Sengkang Brickworks KampongUbi TelokBlangahRise KampongUbi KampongUbi Brickworks Sengkang JurongWestCentral ClementiWest Anson Anson Anson ClementiWest JurongWestCentral ClementiCentral Midview TagoreSindo TagoreSindo Simpang CityHall YuhuaEast
57
Sennett SingaporeRiver Sennett
TelokBlangahDrive ChinaSquare SingaporeRiver Sennett SerangoonGarden
OneTreeHill UpperThomson Trafalgar OneTreeHill
Katong Kembangan Paterson AlexandraNorth
Shipyard BedokSouth Matilda PasirRisPark BayfrontSubzone ChangiPoint Shipyard
JurongRiver BoatQuay DefuIndustrialPark
Kangkar ChoaChuKang Aljunied BoatQuay DefuIndustrialPark HougangCentral Saujana
WestCoast TuasNorthPioneer
SouthernIslands HongKahNorth YioChuKang SouthernIslands
Redhill Moulmein
MountEmily GeylangEast
KebunBahru BukitBatokWest RochorCanal KebunBahru Tampines
PayaLebarEast PasirRisDrive Museum BenoiSector PayaLebarEast
PayaLebarNorth TuasPromenade TuasBay Tanglin PunggolField
Dunearn YioChuKangEast KeatHong PearlsHill UluPandan
SenokoNorth SerangoonCentral Mountbatten
KianTeck Cairnhill DhobyGhaut Port
SungeiRoad KentRidge InstitutionHill WaterwayEast PangSua SungeiRoad Commonwealth Chatsworth
HougangEast TampinesNorth
Changi EastCoast ChangiWest Sembawang
JurongPort DairyFarm JooSengPayaLebar MandaiEast JurongPort PeiChun
ChengSan LowerSeletar Sentosa OneNorth AngMoKioTownCentre BedokNorth BoonLayPlace
TelokBlangahRise IstanaNegara SungeiKadut TelokBlangahRise
Midview Punggol SerangoonNorth
ClementiCentral Serangoon
Mandai Geylang Mandai
Northland Northland
HongKah HongKah
Commonwealth Commonwealth
SembawangStraits SembawangStraits
CityHall CityHall
SimpangNorth SimpangNorth
HougangCentral HougangCentral
Tampines Tampines
TiongBahru TiongBahru
BukitBatokSouth BukitBatokSouth
PasirRis PasirRis Geylang Mandai
TagoreSindo TagoreSindo
ClementiNorth ClementiNorth
Khatib Khatib
Brickworks Brickworks
SerangoonGarden SerangoonGarden
SembawangHills SembawangHills
BoonLayPlace BoonLayPlace
EvertonPark EvertonPark
PeiChun PeiChun
TohGuan TohGuan
ReservoirView ReservoirView
PulauPunggolTimor PulauPunggolTimor
Saujana Saujana
UluPandan UluPandan
Sembawang Sembawang
WoodlandsWest WoodlandsWest
JurongWestCentral JurongWestCentral
PeoplesPark PeoplesPark
OrangeGrove OrangeGrove
Chatsworth Chatsworth
