LeonieHill ChangiPoint SungeiKadut WoodlandsSouth HougangCentral Outram MonksHill PasirRisCentralTown WaterwayEast GreenwoodPark GreenwoodPark Trafalgar ChangiBay PeoplesPark NorthEasternIslands PeoplesPark TanglinHalt MandaiEstate Khatib TanglinHalt Trafalgar GreenwoodPark WaterwayEast PasirRisCentralTown KampongGlam ClarkeQuay SungeiRoad Semakau WesternIslands SungeiRoad Cecil YishunCentral PasirPanjang2 TanjongRhu YuhuaEast Springleaf ShangriLa Springleaf PasirPanjang2 TheWharves TheWharves SungeiRoad SembawangSprings Sentosa ChengSan Rochor NatureReserve NatureReserve Rochor SembawangSprings SungeiRoad Novena SingaporePolytechnic JooSengPayaLebar SingaporePolytechnic Novena KeatHong Novena Clementi Victoria Lavender Lavender LiuFang YewTee LiuFang Clementi YishunWest Clementi Novena TampinesWest PasirRisWestElias LoyangWest Plab Novena YioChuKangWest StraitsView YioChuKangWest Novena SungeiRoad KallangWay AnchorvaleBuangkok YioChuKang WestCoast AnchorvaleBuangkok KallangWay SungeiRoad ClarkeQuay KampongGlam MandaiEast KampongGlam PasirRisCentralTown BishanEast ChoaChuKang BishanEast PasirRisCentralTown MonksHill InstitutionHill HougangCentral HougangCentral Gombak ConeyIsland CompassvaleTrafalgar Changi Admiralty CompassvaleTrafalgar ConeyIsland Gombak Shipyard NeeSoon OrangeGrove DefuIndustrialPark DefuIndustrialPark JurongPort NeeSoon Shipyard SungeiKadut ChangiPoint LeonieHill
40
Outram Sennett Outram
ChangiBay Guilin Phillip
MandaiEstate TuasBay
Semakau FarrerPark Semakau
YishunCentral ChangiWest
Cecil PunggolTownCentre Townsville
TanjongRhu AirportRoad
Sentosa Kranji Sentosa
Victoria SerangoonGarden Victoria
LoyangWest BukitBatokCentral
PasirRisWestElias LoyangEast
TampinesWest YuhuaWestBoonLay TampinesWest
YioChuKang NorthCoast Boulevard YioChuKang
WoodlandsSouth JurongWestCentral
Changi Ridout
OrangeGrove Tyersall OrangeGrove
Trafalgar Trafalgar
Springleaf Springleaf
ClementiCentral ClementiCentral
Novena Novena
SungeiKadut SungeiKadut
MonksHill MonksHill
KallangWay KallangWay
Shipyard Shipyard
SungeiRoad SungeiRoad
SembawangSprings SembawangSprings
BishanEast BishanEast
Yishun Yishun
MandaiWest MandaiWest
PasirPanjang2 PasirPanjang2
TanglinHalt TanglinHalt
NeeSoon NeeSoon
ChoaChuKangCentral ChoaChuKangCentral
ConeyIsland ConeyIsland
AnchorvaleBuangkok AnchorvaleBuangkok
KampongGlam KampongGlam
GreenwoodPark GreenwoodPark
SingaporePolytechnic SingaporePolytechnic
Woodgrove Woodgrove
DefuIndustrialPark DefuIndustrialPark
