139 11 150 21 4 6 181 34 73 34 88 34 93 34 171 34 100 107 175 196 58 1 47 32 47 55 66 9 53 164 193 66 110 58 85 2 39 180 39 147 3 17 59 22 41 167 22 42 102 42 124 42 22 59 70 168 26 16 65 136 65 135 159 197 26 19 117 140 174 26 48 154 48 26 116 26 120 26 50 155 50 147 149 7 28 60 12 43 14 15 31 25 162 25 190 51 169 192 14 23 163 23 14 24 99 14 27 52 27 14 86 14 160 14 43 29 49 29 133 29 43 194 43 46 94 195 60 90 8 36 68 8 45 8 103 8 121 8 185 8 90 92 129 10 30 13 56 63 56 13 132 37 5 54 83 87 97 126 137 143 76 166 40 20 179 183 40 80 199 129 149 151 177 200 85 115 170 139
47
11 127 11
139 57 77 141 157 173 176 198
6 71 101 125 188 191
4 75 189 145 148
21 114 113 21
32 33 152 32
9 78 184 9
1 119 106 172 178 1
2 44 72 98 153 161 2
41 112 41
17 64 69 187
16 108 186 16
19 67 156
3 122 96 104 111 134
31 131 31
15 118 128 142 15
24 138
12 105 146
7 74 182 7
36 165
30 144 30
5 35 82 95 158 5
37 109 37
20 123
10 91 130
47 47
84 84
85 85
23 23
8 8
81 81
18 18
43 43
60 60
65 65
48 48
14 14
79 79
13 13
58 58
147 147
39 39
27 27
22 22
25 25
89 89
26 26
