J6 F9 A5 D1 H8 H7 B4 J3 I4 F4 E6 J1 J4 J4 J1 E7 A9 A9 E7 H2 H2 F4 J3 B4 B2 E4 E4 H9 A2 A2 H9 H8 D1 H5 H4 I2 I2 H4 C9 I3 J7 J7 I3 C9 G3 C8 C8 G3 A1 A7 C3 C3 A7 A1 C4 C5 G8 H3 B8 A6 I9 D6 D6 I9 A6 G0 E0 I5 I5 I5 E0 G0 G8 H0 E8 D0 D0 E8 H0 C4 J6
36
E6 E2 B7 A8 B6
I4 G9
B2 F5 C1
H7 D8 H7
H5 A0 C2 H5
D9 E1 F7
A5 F3 C6 A5
F9 B5 F9 J5
B8 F0 G6 J9 F8
H3 B9 H3 J8
C5 B3
J6 I7
H2 H2
A7 A7
H8 H8
J4 J4
C9 C9
G8 G8
I3 I3
G0 G0
A2 A2
E4 E4
C3 C3
H4 H4
J5 J5
B0 B0
J7 J7
C4 C4
E0 E0
A9 A9
D6 D6 B0
H0 H0
D0 D0
J8 J8
J3 E1
F4 F7
