B8 I5 R9 I9 P1 C5 K7 T1 Q3 G5 B9 T1 K7 J3 P6 T7 N9 B4 F5 F5 M9 J7 L3 R7 O6 D7 T4 D7 D1 R7 J1 E1 J1 R7 L3 M9 I1 M9 B1 J8 N4 S1 N4 J8 B1 P1 H1 M4 Q4 G0 E0 L0 E0 G0 R1 G0 S3 G0 Q4 M4 H1 Q1 F7 S6 H1 P1 F0 J4 B3 Q7 R5 B3 J4 F0 P1 I9 M8 I9 R9 I5 B8 O3 R3 J0 E6 C1 D4 L4 B5 L4 D4 C1 K8 L2 E9 E9 L2 K8 C3 C8 D0 C9 O0 C9 F3 P4 C9 S8 R0 I3 M1 H7 C4 P9 S4 P9 C4 H7 E4 N5 K0 G7 I3 D2 B6 I2 T9 N0 G9 D8 T5 T8 A5 H0 H0 T5 A6 O9 J9 O9 T5 D8 S0 O1 J6 S0 D8 G3 D8 G9 L8 G9 N3 G9 N0 Q2 H8 D3 K4 H8 N0 M3 T3 O7 B7 Q8 A8 G2 A8 Q8 B7 O7 M2 P3 M2 C6 M2 O7 B2 L1 B2 I2 G8 A4 A9 D6 A9 I2 A2 F4 Q9 L5 P0 P0 F4 O8 I2 B6 D2 H9 D2 I3 R0 S8 C3 I7 N8 Q6 N8 I7 C3 M7 P8 L7 C7 P8 O4 P8 F8
75
Q3 Q5 N7 Q3
C5 R6
P6 R4 P6
N9 A0
B4 I6 F9 L6 F2 N6 B4
O6 G4
J7 H5 S9
Q1 P2
Q7 F6 Q7
R3 R8
K9 A3
J0 L9 J0
O3 K6 O3
F3 E8
T6 K3
M1 B0
E4 D9 E4
N5 H4
T8 I8 T8
J2 F1 J2
A6 O5
O1 E2 O1
D3 C2 D3
Q2 G6
T9 E5 T9
P5 N1 P5
M3 S2
G8 H3 K5 Q0
Q9 M0 C0
A2 H2 A2
D0 G1 K1
C8 M6 C8
L7 D5
T0 T0
D8 D8
P9 P9
M5 M5
N4 N4
S7 S7
H6 H6
N0 N0
P7 P7
E3 E3
N8 N8
I4 I4
D4 D4
B2 B2
G0 G0
I3 I3
C3 C3
N2 N2
A1 A1
C1 C1
Q8 Q8
I2 I2
T1 T1
I9 I9
A8 A8
O2 O2
R9 R9
H0 H0
E7 E7
D7 D7
S8 S8
G9 G9
R0 R0
B3 B3
J1 J1
A9 A9
T5 T5
I0 I0
S0 S0
H1 H1
S5 S5
C4 C4
