Qwilfish Tropius Qwilfish Drampa Phanpy Skiddo Noibat Simisear Sandile Terrakion Politoed Magmar Qwilfish
32
Tropius Taillow Plusle Wailord Swadloon Drapion Scatterbug Crawdaunt Munna Skorupi Shellos
Sandile Porygon2 Vespiquen Escavalier Sandile Meloetta Vullaby
Simisear Comfey Seaking Simisear
Politoed Treecko Bastiodon
Terrakion Slurpuff Woobat Shellder Metang
Noibat Weepinbell Noibat Whismur Metapod Nincada Weezing Honedge Jumpluff Kakuna
Skorupi Swadloon Skorupi
Skiddo Magnemite Skiddo
Magmar Steenee Conkeldurr Magmar Volcarona Inkay
Phanpy Stufful Lotad Amoonguss
Drampa Bounsweet Tauros Drampa Gengar Froakie
Volcarona Volcarona
Meloetta Meloetta
Gengar Gengar
Whismur Whismur
Metapod Metapod
Nincada Nincada
Drapion Drapion
Scatterbug Scatterbug
Vullaby Vullaby
Crawdaunt Crawdaunt
Munna Munna
Weezing Weezing
Froakie Froakie
Metang Metang
Honedge Honedge
Inkay Inkay
Lotad Lotad
Shellos Shellos
Amoonguss Amoonguss
Jumpluff Jumpluff
Kakuna Kakuna
