Myrtle Montgomery Lafayette Davidson Melbourne Davidson Charles Bellevue Houston Bellevue Kansas Joliet Irving Kansas Bellevue Kalamazoo Bellevue Charles Baton Hollywood Cedar Hesperia Champaign Madison Champaign Escondido Champaign Hesperia Cedar Hollywood Brownsville Cambridge Layton Cambridge Hollywood Baton Charles Cary Albuquerque Canton Bradenton Jacksonville Grays Berkeley Grays Jacksonville Dallas Dallas Hemet Atlantic Monterey Plen Erie Erie Minneapolis Minneapolis Minneapolis Erie Plen Monterey Collins Dallas Jacksonville Honolulu Bryan Honolulu Jacksonville Bradenton Canton Albuquerque Kissimmee Harlingen Lorain Cincinnati Harlingen Fayetteville Arvada Appleton Leominster Leominster Appleton Bloomington Bloomington Chicago Boulder Chicago Barnstable Prairie Gilbert Prairie Harlingen Irvine Nashua Moreno Garland Aribel Abilene Abilene GreenBay Corpus Athens Columbus Lancaster Columbus Clearwater Columbus GreenBay Abilene Aribel Nashua ElPaso Vegas Kailua Vegas Nashua Lacey Jersey Albuquerque Cary Charles Kennewick Chesapeake Aurora Chesapeake Amarillo Hickory Amarillo Chesapeake Kennewick Boston Cruces Boston Kennewick Charles Davidson Lafayette Lafayette Brighton Kaneohe Brighton Myrtle Denton Buffalo Denton Myrtle
36
Joliet Deltona Joliet
Brownsville Mobile Brownsville
Hemet Chandler Huntsville Lexington Alexandria Hemet
Lorain Lansing Lorain
Arvada Houma Medford
Fayetteville Albany
Barnstable Macon Barnstable
Kissimmee Miramar Kissimmee
Moreno Merced Moreno
Corpus Hartford Corpus
ElPaso Bridgeport
Lacey Muskegon
Montgomery Baltimore Cathedral Montgomery
Dallas Dallas
Grays Grays
Erie Erie
Chicago Chicago
Hollywood Hollywood
Cary Cary
Harlingen Harlingen
Cedar Cedar
Plen Plen
Bradenton Bradenton
Bloomington Bloomington
Albuquerque Albuquerque
Nashua Nashua
Davidson Davidson
Leominster Leominster
Minneapolis Minneapolis
GreenBay GreenBay
Aribel Aribel
Abilene Abilene
Kansas Kansas
Champaign Champaign
Appleton Appleton
Huntington Huntington
