Monroe Berkeley Moreno Hampton Prairie ElPaso Prairie Modesto Lauderdale Lauderdale Modesto Melbourne Lacey Elizabeth Bloomington Corona Kansas Jackson Columbia Columbia Jackson Kansas Houston Arlington Abilene Charleston Johnson One Burlington Jefferson Myrtle Inglewood Myrtle Jefferson Burlington One Johnson Barnstable Johnson Charleston Laredo Billings Laredo Charleston Abilene Lansing Abilene Rapids Downey Rapids Murfreesboro Houston Atlanta Boise Madison Boise Aribel Aribel Naperville Havre Marysville Viejo Hesperia Clarke Indianapolis Clarke Irvine LA Irvine Hagerstown Medford Irvine Clarke Lakewood Danbury Lakewood Clarke Hesperia McAllen Greenville Greensboro Collins Five Collins Greensboro Greenville Jersey Harrisburg Jersey Greenville McAllen Hesperia Viejo Lorain Boulder Cathedral Cathedral Elkhart Elkhart Elkhart Cathedral Cathedral Boulder Vegas Viejo Marysville Minneapolis Anchorage Kaneohe Apple Apple Minneapolis Marysville Havre Concord Memphis Fitchburg Fitchburg Aribel Augusta Eleven Denver Denver Denver Atlantic Augusta Aribel Boise Albany Cambridge Daly Cambridge Champaign Milwaukee Hialeah Brighton Bedford GreenBay Hartford Glendale Amarillo Amarillo Amarillo Glendale Hartford Ten Albuquerque Jacksonville Charlotte Charlotte Jacksonville Lakeland Grays Aberdeen Fargo Grays Lakeland Louisville Boston Murrieta Bedford Chula Alexandria Chula Bedford Honolulu Macon Honolulu Flint Frederick Flint Plen Milwaukee Milwaukee Champaign Boise Atlanta Burbank Joliet Durham Hollywood Durham Joliet Burbank Atlanta Houston Bloomington Chicago Bloomington Elizabeth Irving Bakersfield Gastonia Asheville Carrollton Columbus Columbus Carrollton Escondido Miami Miami Fremont Bakersfield ElkGrove Evansville Nine Nine ElkGrove Bryan ElkGrove Bonita ElkGrove Bakersfield Mobile Buffalo Mobile Bakersfield Irving Elizabeth Lacey Appleton Lacey Melbourne Montgomery Montgomery Montgomery Berkeley Chandler Berkeley Clarksville Aurora Gainesville Hemet Hayward Hayward Hemet Independence Duluth Dayton Austin Marina Austin Dayton Duluth Layton Canton Four Fresno Four Henderson Layton Clarksville Monroe
70
Monroe Naples Muskegon Allentown
Hampton Seven Hampton
Corona Gilbert
Arlington Kailua Arlington
Madison Huntsville Cleveland Brownsville
Hagerstown Antioch Hagerstown
Lorain Lancaster Huntington Erie Killeen
Anchorage Fayetteville Daytona Anchorage
Concord Athens
Naperville Julian
Eleven Kennewick Bradenton
Hialeah Mesa Hialeah
Brighton Bethlehem Cary
Hickory Mesquite Birmingham Hickory
Ten Kissimmee Ten
Aberdeen Lowell Aberdeen
Louisville Three Anaheim
GreenBay Lafayette
Kenosha Baltimore Kenosha
Albany Dallas Albany
Asheville Baton Fairfield Asheville
Escondido Corpus
Gastonia Manchester Monterey
Evansville Akron Davidson
Moreno Merced Detroit
Gainesville Denton Gainesville
Canton Leominster Canton
Aurora Vista
Burlington Burlington
Miami Miami
Melbourne Melbourne
Four Four
Elizabeth Elizabeth
Chesapeake Chesapeake
Clarke Clarke
Montgomery Montgomery
Elkhart Elkhart
Greensboro Greensboro
Amarillo Amarillo
Lewisville Lewisville
Johnson Johnson
Havre Havre
Rapids Rapids
Bridgeport Bridgeport
Modesto Modesto
Hesperia Hesperia
Prairie Prairie
Lacey Lacey
Boulder Boulder
Dayton Dayton
Hartford Hartford
Irving Irving
Lakeland Lakeland
Laredo Laredo
Mobile Mobile
Apple Apple
Cambridge Cambridge
Hayward Hayward
Austin Austin
Glendale Glendale
Viejo Viejo
Boise Boise
Bedford Bedford
Charleston Charleston
Carrollton Carrollton
Jacksonville Jacksonville
Abilene Abilene
Clarksville Clarksville
Layton Layton
Denver Denver
