Burlington Independence Greensboro Hialeah Chicago Huntsville Hialeah Greensboro Independence Naperville Harlingen Naperville Independence Cambridge ElMonte Denver Denver ElMonte Cambridge Frederick Chattanooga Plen Plen Chattanooga Inglewood Honolulu Aribel Fayetteville Aribel Kenosha Aribel Honolulu Brighton Downey Buffalo Corona Julian Cedar Bradenton Cedar Costa Cedar Columbus Clarke Miramar Miramar Clarke Amarillo Hayward Elkhart Lewisville Elkhart Hayward Bloomington Hayward Amarillo Hampton Arlington Nashville Cedar Davenport Davenport Corona Buffalo Downey Brighton Killeen Prairie Apple Prairie Killeen Burlington
21
Chicago Louisville Chicago
Burlington Rapids McAllen
Frederick Greenville
Columbus Bridgeport Columbus
Hampton Myrtle Hampton
Julian Merced
Buffalo Buffalo
Denver Denver
Naperville Naperville
Amarillo Amarillo
Honolulu Honolulu
Davenport Davenport
Killeen Killeen
Prairie Prairie
Chattanooga Chattanooga
Hayward Hayward
Clarke Clarke
Miramar Miramar
Cedar Cedar
Cambridge Cambridge
Independence Independence
