DK BG AJ CW DV AT CK ES GP ES HF HF ES DH ES CK BD CV EY GD GF GD EY CV HC CH FF BF GJ AP AP FF CV CK AT HD CY DF CY ER CE FJ ER AU BH GE HH AU DB DZ GO CG CL FQ AD AD DN HB FI AM FU HG FI DN CL CP BM CU EE CU BM CP GM GW GM CP DW CP CL DX FY CZ AF AF CZ GQ DC GS AS GS DC BA DC CL CG DA CD AY CO AV BU AV FS FT AO AO FT CF CF AK DG EF DJ DJ EF GL GL AK CF AV CO EC FO EC CO AY EZ EN CB EN BW ED FM ED BW FR FK FR CG GO DZ CJ AI DI EU EX BK AW AR BZ EP AC FH EA AL AL EA DU HA HA DU BJ BJ BZ BB BZ AR BO EK BO AR GZ FE GZ AR AW GC AW BK EX AA FB CM EH FV FD FD CM FB AA EX AQ ET DS ET AQ EX EU DI AI GI AI GY GY DZ GH BS GA GA GH DR DQ DR GH FL CQ FX CQ FL GH AU DO DT BN DT DO AU BT AU ER GR BX GR ER CY CN GU EJ EV EJ AJ DD BQ DD AJ BG DK AE DK BY AX DK
69
CW BI CW
HC CA HC
BF DM BF
BD GV EM
DF GB CI DF
CE HJ CE
BH FG BH
GE EB
FQ FW CR
HB FZ HB
FU GG
AM CC AM
FY AN
DX CS DX
EG AG
FS BL
DG BR BP AZ
CD FA CD
DA HI
FH CX DL FH
AC EW
EP DE BC EP
EH EL GT FP
CJ BE GN
FC CT
DB DP DB
BS GX AB
HD FN HD
BY EQ
DI DI
EY EY
DZ DZ
DN DN
AU AU
AO AO
EN EN
HE HE
DU DU
ED ED
FB FB
CP CP
DO DO
EO EO
AK AK
CY CY
EA EA
BV BV
HF HF
BW BW
DD DD
GY GY
AT AT
FT FT
CM CM
CK CK
ET ET
GZ GZ
GR GR
FD FD
AA AA
CU CU
AY AY
EF EF
DT DT
ES ES
AV AV
BM BM
CG CG
BZ BZ
