Soda ResidenceHalls LowerSproulPlaza AlumniHouse HaasPavilion CheitHall GiauqueHall BlackwellHall McEnerneyHall BlackwellHall GiauqueHall GayleyRd MorrisonHall GayleyRd GiauqueHall OptometryClinic GiauqueHall BlumHall BlumHall NorthGateHall HaasPavilion KroeberHall FacultyClub EvansDiamond BarrowLane BarrowsHall MinorHall DonnerLab ChanShunAuditorium MinorHallAddition MorganHall MinorHallAddition ChanShunAuditorium DonnerLab MinorHall BarrowLane GoldmanField Cory OldArtGallery Cory GoldmanField LevineFrickeField EdwardsStadium BanwayBldg McLaughlinHall BanwayBldg KoshlandHall ClearyHall EvansHall EvansHall ClearyHall BerkeleyWayWest BerkeleyWayWest LeConteHall PoliceUC EyeCenter EyeCenter PoliceUC LeConteHall LevineFrickeField GoldmanField BarrowLane EvansDiamond BerkeleyArtMuseum AnthonyHall GilmanHall HilgardHall LewisHall BancroftLibrary BoaltHall JacobsHall BoaltHall MosesHall BoaltHall BancroftLibrary Moffitt BancroftLibrary LewisHall MulfordHall LewisHall HilgardHall TangCenter HilgardHall FoundersRock BerkeleyArtMuseum CalvinLaboratory ClarkKerrCampus MaxwellFamilyField McConeHall CampbellHall CampbellHall McConeHall CalvinLaboratory Greenhouse CalvinLaboratory MLK BowlesHall HertzHall HertzHall EtcheverryHall InternationalHouse EtcheverryHall HertzHall HearstMiningCircle MLK CalvinLaboratory BerkeleyArtMuseum DavisHall HearstGreekTheatre DavisHall BerkeleyArtMuseum GianniniHall PimentelHall GianniniHall FoxCottage GianniniHall BerkeleyArtMuseum EvansDiamond ObservatoryHill ObservatoryHill HearstFieldAnnex HearstFieldAnnex KroeberHall HaasPavilion RSF LatimerHall RSF HaasPavilion HesseHall HaasPavilion AlumniHouse HavilandHall NorthField FacultyGlade NorthField AlumniHouse IshiCourt KrutchTheater AlumniHouse LowerSproulPlaza CareerCenter Insectary GoldmanPlaza OBrienHall GoldmanPlaza HildebrandHall GoldmanPlaza LowerSproulPlaza ResidenceHalls Soda
30
CheitHall BirgeHall CheitHall
BarrowsHall BARTStation BarrowsHall
KoshlandHall BotanicalGarden BrainImagingCenter
EdwardsStadium CyclotronRd CaliforniaHall EdwardsStadium
AnthonyHall Campanile ChouHall AnthonyHall
GilmanHall EastGate
ClarkKerrCampus EastAsianLibrary ClarkKerrCampus
BowlesHall CNMAT
FacultyClub EshlemanHall DurantHall
HavilandHall DoeMemorialLibrary
IshiCourt BarkerHall
Insectary Dwinelle
CareerCenter VLSB CareerCenter
AlumniHouse AlumniHouse
BancroftLibrary BancroftLibrary
BanwayBldg BanwayBldg
BarrowLane BarrowLane
BerkeleyArtMuseum BerkeleyArtMuseum
BerkeleyWayWest BerkeleyWayWest
BlackwellHall BlackwellHall
BlumHall BlumHall
BoaltHall BoaltHall
CalvinLaboratory CalvinLaboratory
CampbellHall CampbellHall
ChanShunAuditorium ChanShunAuditorium
Cory Cory
DavisHall DavisHall
DonnerLab DonnerLab
EtcheverryHall EtcheverryHall
EvansDiamond EvansDiamond
