Soda Calistoga Moffitt BarkerHall UniversityHall Hayward FosterCity HertzHall HertzHall FosterCity Saratoga MartinezCommons BerkeleyArtMuseum Dwinelle CNMAT EastGate ChouHall TangCenter Hillsborough MosesHall MosesHall Hillsborough TangCenter EastGate EastGate CNMAT Dwinelle MartinezCommons MLK Healdsburg SutardjaDaiHall SutardjaDaiHall Insectary Novato McConeHall SpiekerPlaza EastAsianLibrary CareerCenter DurantHall DurantHall OBrienHall ObservatoryHill GianniniHall WarrenHall Albany SanRafael SatherRd Napa Campbell HilgardHall HilgardHall Campbell Napa SatherRd IshiCourt IshiCourt IshiCourt Albany WarrenHall GianniniHall ObservatoryHill OBrienHall EastAsianLibrary ResidenceHalls GoldmanField BirgeHall WheelerHall SanFrancisco GoldmanPlaza WitterField WitterField GoldmanPlaza SanFrancisco WheelerHall BirgeHall GilmanHall HearstGreekTheatre HearstGreekTheatre GilmanHall ResidenceHalls EastAsianLibrary SpiekerPlaza McConeHall HesseHall HesseHall Insectary SutardjaDaiHall SutardjaDaiHall Healdsburg LifeSciencesAddition SantaRosa BrainImagingCenter HildebrandHall Antioch MinorHallAddition MinorHallAddition StHelena StHelena MinorHallAddition Classof1914Fountain Classof1914Fountain HildebrandHall BrainImagingCenter SantaRosa LifeSciencesAddition MartinezCommons SimonHall SouthHall SouthHall ClearyHall KrutchTheater MulfordHall MulfordHall KrutchTheater ClearyHall MartinezCommons StanleyHall Orinda Oakley BarrowsHall BarrowsHall BarrowsHall Oakley GiauqueHall MemorialGladeandPool MemorialGladeandPool McLaughlinHall WellmanHall WellmanHall StanleyHall MartinezCommons Saratoga DonnerLab NorthGateHall NorthGateHall DonnerLab UCBerkeleyExtension BanwayBldg AlumniHouse PaloAlto PaloAlto BanwayBldg UCBerkeleyExtension LevineFrickeField HaasSchoolofBusiness Emeryville FacultyGlade NorthField Piedmont OptometryClinic OptometryClinic Piedmont NorthField FacultyGlade HaasSchoolofBusiness LevineFrickeField Burlingame Burlingame VLSB VLSB Moffitt Calistoga Soda
39
Soda EtcheverryHall
Hayward Unit1 Unit3 Hayward
BerkeleyArtMuseum Cory BancroftLibrary
ChouHall SanRamon Belmont ChouHall
MLK WomenFacultyClub EvansHall Brisbane
Novato Campanile Pittsburg KroeberHall BlumHall
CareerCenter HearstMiningCircle
SanRafael SanPablo Benicia Pacifica Fairfield SanRafael
GoldmanField WestCircle CalvinLaboratory GoldmanField
Antioch FoundersRock KleebergerFieldHouse AnthonyHall
SimonHall SatherTower ZellerbachHall Pinole
Orinda LewisHall WestGate LowerSproulPlaza Orinda
GiauqueHall Alameda StadiumRimWay GiauqueHall
McLaughlinHall SternHall
UniversityHall HargroveMusicLibrary ZellerbachPlayhouse
AlumniHouse WursterHall ClarkKerrCampus
Emeryville WicksonNaturalArea SproulPlaza Emeryville
BarkerHall PimentelHall FrankSchlessingerWay BarkerHall
ClearyHall ClearyHall
IshiCourt IshiCourt
Healdsburg Healdsburg
DonnerLab DonnerLab
Saratoga Saratoga
NorthGateHall NorthGateHall
Oakley Oakley
GilmanHall GilmanHall
WheelerHall WheelerHall
HertzHall HertzHall
MartinezCommons MartinezCommons
Insectary Insectary
HearstGreekTheatre HearstGreekTheatre
EastGate EastGate
Piedmont Piedmont
MinorHallAddition MinorHallAddition
Albany Albany
WellmanHall WellmanHall
StHelena StHelena
Hillsborough Hillsborough
MulfordHall MulfordHall
