Fizz Earthshaker Anivia Katarina Nidalee Kennen Kennen Nidalee Gragas Malphite Vi Bard LoneDruid Medusa BountyHunter Fiddlesticks Camille Wukong Mirana Dazzle Akali Tidehunter Silencer Twitch WinterWyvern WinterWyvern Sven Sven Tidehunter Akali Dazzle KhaZix Nautilus Veigar Veigar Nautilus KhaZix Wukong Camille Fiddlesticks BountyHunter Medusa ArcWarden Sivir Tiny Pudge Pudge Tiny Teemo Rengar Shen Shen Rengar Teemo ArcWarden SpiritBreaker Doom Tryndamere Rumble Phoenix Venomancer EmberSpirit Lifestealer Lifestealer EmberSpirit Venomancer Phoenix Rumble Tryndamere Doom CrystalMaiden Sniper Oracle Brand Brand Oracle Annie Heimerdinger Heimerdinger Annie CrystalMaiden Bard Kayn Irelia Irelia Kayn Malphite Slark Slark Slark Beastmaster FacelessVoid Thresh Jayce Jayce Sona DrowRanger Tusk Zeus Zeus Tusk DrowRanger PhantomAssassin Ezreal Necrophos Necrophos Ezreal PhantomAssassin Jayce Weaver Lina Janna Janna Lina Weaver FacelessVoid Xerath Elise Elise FacelessVoid Beastmaster Orianna Bane Huskar Warlock Warlock Warlock Huskar Bane Kled Maokai Chen Malzahar Xayah Tailyah Tailyah Xayah ChaosKnight ChaosKnight Chen Ashe TreantProtector Ziggs Darius Darius Ziggs TreantProtector Ashe Kled Nunu Razor Razor Razor LeBlanc LeBlanc CentaurWarrunner ShadowDemon Hecarim Hecarim Pantheon DeathProphet DeathProphet Pantheon Hecarim ShadowDemon Beastmaster Quinn Quinn Earthshaker Fizz
57
Katarina Vladimir Katarina
Twitch ShadowShaman Zed Amumu Slardar
Soraka Omniknight
Silencer Nasus
Mirana Morphling Mirana
Sivir Puck Singed
SpiritBreaker Brewmaster SpiritBreaker
Sniper Leona Azir Sniper
LoneDruid Lucian Zilean LoneDruid Cassiopeia
Vi Ryze Vi
Gragas Trundle Yorick Gragas
Sona Karma Ekko Talon Sona
Thresh JarvanIV Thresh
Xerath TrollWarlord Techies
Orianna Undying Viktor ShadowFiend Magnus Orianna
Malzahar VelKoz Terrorblade Visage StormSpirit
Maokai Tristana
Nunu Syndra Kassadin Jinx Nunu
CentaurWarrunner TahmKench Timbersaw CentaurWarrunner
Anivia NightStalker
Fizz Rubick
Heimerdinger Heimerdinger
Huskar Huskar
Sven Sven
Medusa Medusa
Tiny Tiny
KhaZix KhaZix
Kennen Kennen
WinterWyvern WinterWyvern Omniknight
Nidalee Nidalee
Annie Annie
Quinn Quinn
Venomancer Venomancer
BountyHunter BountyHunter
Warlock Warlock
Weaver Weaver
DeathProphet DeathProphet
Fiddlesticks Fiddlesticks
Janna Janna
Rengar Rengar
Kled Kled
Irelia Irelia
Beastmaster Beastmaster
FacelessVoid FacelessVoid
LeBlanc LeBlanc
Pantheon Pantheon
ShadowDemon ShadowDemon
Bane Bane
Slark Slark
Jayce Jayce
Ziggs Ziggs
Xayah Xayah
Cassiopeia Cassiopeia
Chen Chen
Oracle Oracle
Rumble Rumble
Kayn Kayn
