Spectre Kayn RekSai Skarner Jhin Swain Skarner Skarner Spectre Kalista Jayce Shyvana Shyvana Jayce XinZhao Spectre Renekton Magnus Windranger Lucian Ursa Lucian Windranger Magnus Undying Undying Undying Riven Spectre Thresh Weaver LoneDruid Nautilus Nunu Ezreal SandKing Ezreal Braum Ezreal Nunu Nunu Nautilus Weaver Sona Rammus LegionCommander BountyHunter NaturesProphet Sejuani Sejuani NaturesProphet BountyHunter LegionCommander Chen SkywrathMage ChaosKnight Lich Ekko Fiddlesticks Ekko Lich ChaosKnight SpiritBreaker SpiritBreaker Draven Draven Bristleback Razor Axe Razor Draven SpiritBreaker ChaosKnight Ziggs CentaurWarrunner Galio Phoenix Jax WraithKing OutworldDevourer WraithKing ElderTitan WraithKing Jax Phoenix Galio Viper Zilean Viper Galio Visage Galio CentaurWarrunner Cassiopeia Bane Shen Talon Talon CentaurWarrunner Ziggs Akali Heimerdinger VelKoz Heimerdinger Broodmother Heimerdinger Akali Ziggs Graves Ziggs ChaosKnight ChaosKnight Kennen Chen Disruptor KogMaw KogMaw Disruptor Ahri ArcWarden Omniknight ArcWarden Ahri Pantheon
38
Jhin Kled Lux Jhin
Kayn Bard
Kalista Ashe
Renekton Morgana Anivia
LoneDruid MasterYi Oracle LoneDruid
Sona Malphite
Rammus Slark CrystalMaiden
Bristleback Rumble Jinx Tailyah Maokai Bristleback
Bane TrollWarlord
Cassiopeia NightStalker
SkywrathMage Xerath
Thresh Tiny
Nunu Nunu
Akali Akali
Spectre Spectre
CentaurWarrunner CentaurWarrunner
Jayce Jayce
Disruptor Disruptor
BountyHunter BountyHunter
Draven Draven
Ezreal Ezreal
KogMaw KogMaw
Ziggs Ziggs
Talon Talon
Skarner Skarner
Magnus Magnus
Jax Jax
Lich Lich
Heimerdinger Heimerdinger
ChaosKnight ChaosKnight
ArcWarden ArcWarden
SpiritBreaker SpiritBreaker
Phoenix Phoenix
WraithKing WraithKing
Ahri Ahri
Galio Galio
Shyvana Shyvana
Lucian Lucian
