6 3 1 4 0 0 4 1 3 5 9 5 11 15 13 14 16 19 12 10 10 12 19 16 17 13 15 11 24 21 27 25 27 21 22 29 22 28 26 26 28 30 33 32 38 38 38 32 33 31 37 35 34 35 37 31 42 40 45 44 48 49 43 48 44 42 47 42 55 58 57 53 57 58 55 51 50 54 52 54 50 56 55 67 60 64 65 61 65 68 62 62 68 60 73 74 78 72 79 71 79 75 77 70 77 75 76 75 79 72 78 74 73 80 81 87 86 87 81 84 81 82 82 89 96 93 96 92 94 99 96 90 91 96 103 101 102 100 100 108 104 101 111 114 112 115 115 117 110 119 110 116 110 117 114 124 126 123 129 128 121 120 127 120 121 125 122 125 121 128 129 123 126 124 133 139 130 137 138 138 137 131 136 139 134 135 134 139 133 143 146 147 140 141 140 145 142 145 146 158 150 151 156 150 153 154 153 150 155 150 168 164 162 160 167 161 165 165 161 160 162 164 168 169 168 172 176 170 174 174 175 171 175 176 172 177 173 177 172 189 186 184 181 181 188 186 183 172 168 133 124 96 83 73 55 42 11 199 198 197 197 198 192 195 190 190 193 6
76
6 8 7
14 18 14
24 23
30 36 39
49 46
40 41 40
51 59 51
67 69
64 63
80 88 85
94 98
92 97
90 95 90
102 109
103 106
112 118 112
111 113
130 132 130
143 148
147 149 144
158 152
151 157
167 166 163 167
170 179 178 170
184 187 182
189 185
199 194 196
192 191
4 4
1 1
0 0
10 10
15 15
19 19
20 20
21 21
26 26
31 31
38 38
48 48
50 50
57 57
62 62
65 65
60 60
77 77
78 78
75 75
79 79
74 74
87 87
81 81
105 105
101 101
107 107
115 115
114 114
120 120
126 126
125 125
129 129
128 128
137 137
139 139
134 134
146 146
145 145
153 153
150 150
164 164
176 176
177 177
181 181
186 186
198 198
190 190
