L31 L13 L33 L55 L54 L44 L20 L48 L41 L41 L48 L20 L54 L55 L62 L68 L62 L55 L33 L53 L67 L53 L33 L13 L31 L30 L60 L30 L4 L12 L63 L64 L72 L17 L50 L72 L52 L38 L66 L38 L52 L75 L23 L58 L80 L80 L43 L79 L19 L37 L21 L74 L36 L74 L70 L74 L21 L65 L22 L56 L5 L45 L2 L45 L5 L15 L18 L18 L40 L29 L22 L65 L10 L65 L21 L7 L9 L9 L19 L49 L19 L34 L19 L79 L43 L23 L75 L46 L25 L28 L71 L28 L11 L59 L11 L28 L32 L28 L25 L46 L75 L26 L57 L75 L1 L1 L63 L35 L63 L69 L63 L12 L16 L14 L61 L14 L16 L30 L31 L39 L31
23
L44 L0 L42
L17 L51 L17
L58 L27
L56 L78 L3 L56
L37 L47
L26 L6 L26
L64 L73 L64
L4 L8 L76 L4
L38 L38
L54 L54
L43 L43
L30 L30
L25 L25
L63 L63
L77 L77
L80 L80
L62 L62
L5 L5
L21 L21
L72 L72
L79 L79
L75 L75
L53 L53
