L16 L135 L73 L138 L27 L63 L63 L133 L98 L26 L41 L45 L49 L97 L30 L97 L49 L131 L141 L48 L141 L131 L49 L0 L120 L20 L32 L92 L105 L92 L32 L20 L34 L0 L79 L84 L3 L56 L96 L56 L36 L70 L70 L36 L84 L8 L44 L54 L84 L126 L104 L150 L87 L64 L87 L150 L17 L51 L154 L95 L15 L154 L51 L17 L150 L118 L13 L109 L50 L23 L38 L132 L88 L35 L35 L88 L59 L42 L39 L42 L31 L53 L53 L90 L119 L80 L10 L80 L119 L90 L84 L66 L12 L28 L136 L52 L52 L108 L37 L37 L108 L69 L0 L113 L46 L145 L60 L57 L60 L145 L46 L67 L55 L67 L46 L113 L0 L47 L47 L41 L22 L85 L115 L137 L85 L86 L112 L85 L22 L153 L82 L62 L124 L124 L121 L121 L82 L117 L82 L25 L82 L148 L148 L148 L102 L22 L14 L22 L41 L71 L72 L122 L72 L71 L41 L63 L149 L4 L4 L123 L127 L123 L63 L27 L138 L18 L18 L135 L16
59
L73 L99 L5
L133 L61 L68 L144 L133
L120 L129 L128
L3 L77
L8 L2 L101 L8
L95 L1 L152 L95
L104 L83 L104
L118 L107 L106
L13 L11 L76 L139
L109 L147 L109
L38 L125 L134 L38
L59 L110
L126 L151 L126
L79 L140 L100 L79
L28 L43 L28
L12 L142 L12
L45 L146
L115 L74
L86 L75
L62 L93 L29 L7 L62
L153 L78 L91 L153
L149 L65 L40 L149
L4 L4
L131 L131
L119 L119
L114 L114
L89 L89
L18 L18
L20 L20
L130 L130
L150 L150
L24 L24
L92 L92
L35 L35
L56 L56
L87 L87
L103 L103
L138 L138
L80 L80
L85 L85
L53 L53
L143 L143
L52 L52
L90 L90
L27 L27
L70 L70
L145 L145
L67 L67
L72 L72
L47 L47
L94 L94
L22 L22
L124 L124
L21 L21
L84 L84
L141 L141
L63 L63
L82 L82
L9 L9
