5 11 6 7 8 8 7 17 12 13 14 14 13 23 18 19 20 20 19 29 24 25 26 26 25 35 30 31 32 32 31 41 36 37 38 38 37 47 42 43 44 44 43 53 48 49 50 50 49 59 54 55 56 56 55 65 60 61 62 62 61 71 66 67 68 68 67 77 72 73 74 74 73 83 78 79 80 80 79 89 84 85 86 86 85 95 90 91 92 92 91 101 96 97 98 98 97 107 102 103 104 104 103 113 108 109 110 111 110 109 108 112 108 113 119 114 115 116 117 116 115 114 118 114 119 125 120 121 122 123 122 121 120 124 120 125 131 126 127 128 129 128 127 126 130 126 131 137 132 133 134 135 134 133 132 136 132 137 143 138 139 140 141 140 139 138 142 138 143 149 144 145 146 147 146 145 144 148 144 149 155 150 151 152 153 152 151 150 154 150 155 161 156 157 158 159 158 157 156 160 156 161 167 162 163 164 165 164 163 162 166 162 167 173 168 169 170 171 170 169 168 172 168 173 167 161 155 149 143 137 131 125 119 113 179 174 175 176 177 176 175 174 178 174 179 5
69
5 0 1 2 3 4
6 9 6
11 10
12 15 12
17 16
18 21 18
23 22
24 27 24
29 28
30 33 30
35 34
36 39 36
41 40
42 45 42
47 46
48 51 48
53 52
54 57 54
59 58
60 63 60
65 64
66 69 66
71 70
72 75 72
77 76
78 81 78
83 82
84 87 84
89 88
90 93 90
95 94
96 99 96
101 100
102 105 102
107 106
7 7
8 8
13 13
14 14
19 19
20 20
25 25
26 26
31 31
32 32
37 37
38 38
43 43
44 44
49 49
50 50
55 55
56 56
61 61
62 62
67 67
68 68
73 73
74 74
79 79
80 80
85 85
86 86
91 91
92 92
97 97
98 98
103 103
104 104
