0 2 144 4 3 4 10 6 7 84 136 104 102 102 112 7 9 14 133 140 15 21 16 23 31 44 52 44 100 105 113 113 105 100 141 147 141 16 21 22 139 22 13 115 115 13 4 12 19 30 63 71 71 63 30 26 32 40 48 40 118 87 93 97 97 99 106 122 120 124 120 122 99 107 99 87 118 118 40 32 26 60 61 12 20 27 33 41 33 27 35 43 42 46 46 77 77 54 56 57 64 72 79 72 98 96 96 98 54 35 27 12 4 49 50 58 67 74 75 80 119 126 134 130 134 126 80 81 81 92 50 4 108 38 34 37 38 149 149 108 116 108 0
67
2 143 94
84 5 83 84
76 95 76
104 110 104
9 8 9
133 142 133
23 85 23
31 114 31
15 127 15
6 18
10 125 25 135 10
24 69 24
19 109 19
93 89 93
106 117
60 65 60
42 45 78 42
43 47 53 43
64 68 101 137 64
56 138 56
20 128
67 70 67
119 123 119
75 86 132 75
58 146
49 66 55 49
34 39 34
1 148
0 145
73 73
118 118
141 141
82 82
12 12
36 36
29 29
26 26
131 131
108 108
30 30
22 22
11 11
51 51
27 27
4 4
32 32
16 16
81 81
96 96
105 105
122 122
28 28
40 40
44 44
97 97
113 113
33 33
62 62
111 111
35 35
80 80
77 77
7 7
98 98
120 120
134 134
13 13
