1 100 25 66 79 66 25 11 80 91 29 36 19 19 36 29 88 31 88 80 47 63 96 28 27 37 27 22 64 46 92 46 45 52 45 16 18 16 45 46 43 44 43 46 86 46 64 8 87 48 87 8 62 60 57 69 60 97 60 94 75 94 30 94 72 23 9 23 72 94 35 35 47 7 4 51 17 89 78 38 56 38 51 26 54 98 99 67 20 59 12 90 10 85 24 24 85 12 98 54 26 95 47 80 34 80 81 32 81 74 81 25 100 1 77 70 65 70 77 1
35
11 50
91 53 5 91
28 42 28
96 73
22 3 55
57 21
9 61 14 9
62 83 62
63 58 63
7 33 41 7
17 82 17
99 68 99
20 2
90 49 90
67 40 67
39 39
71 71
85 85
77 77
19 19
87 87
35 35
72 72
26 26
64 64
16 16
100 100
6 6
76 76
29 29
8 8
94 94
81 81
12 12
45 45
