1 116 116 176 65 18 177 27 155 23 82 192 108 110 146 31 149 121 56 49 158 49 121 86 88 20 135 197 87 127 127 17 111 111 111 17 127 195 67 188 9 131 89 136 162 162 136 89 188 36 199 47 138 180 60 34 159 84 84 84 159 34 137 137 3 97 112 112 97 3 180 138 138 147 90 191 181 68 32 38 38 28 189 62 62 189 12 142 142 12 4 4 191 90 147 73 120 73 66 150 150 150 73 147 143 143 126 103 103 126 109 76 128 156 156 128 76 109 36 195 195 197 135 132 132 33 14 14 86 121 149 184 166 91 184 149 31 146 110 192 192 23 160 160 177 18 65 176 116 1
61
82 64 81 99 153
108 25 108
158 59 13 178
56 183
20 119 20
87 70 2 74 7 87
131 78 53 164 129 131
9 140 9
67 35 67 100
72 161 40
60 11 165 148 21 60
47 151 79
32 114 122 32
28 163 52 77 28 92
68 123 68 94
181 186 181
120 93 57 120
66 172 190 44
199 118 117
88 42 170
33 45
91 139 167 182 91
166 16
155 29 155
27 95 27
147 147
112 112
160 160
12 12
143 143
36 36
97 97
192 192
126 126
127 127
14 14
89 89
142 142
184 184
76 76
17 17
3 3
197 197
100 100
6 6
149 149
132 132
176 176
137 137
180 180
121 121
65 65
159 159 6
116 116
94 94
191 191
92 92
188 188
34 34
178 178
84 161 40
