16 33 63 43 67 55 40 9 52 57 84 96 0 86 99 82 20 87 82 82 99 86 12 72 72 93 66 93 72 96 56 37 59 94 48 4 71 51 51 41 76 76 41 4 61 23 95 17 29 50 58 64 58 50 32 50 29 17 95 28 1 5 49 10 49 24 34 24 49 5 45 3 46 74 74 46 42 30 42 45 5 1 97 1 28 95 23 61 4 48 59 26 57 52 9 40 55 67 43 63 25 79 25 63 36 22 14 22 36 89 36 63 33 16 39 78 73 75 19 85 85 13 60 88 47 98 88 60 54 60 75 73 27 27 39 91 70 91 39 16
38
20 81 11 20
0 62 31 0
56 80
37 65 37
94 53 94
71 18 77 44
3 68 3
84 21 84
19 7 19
47 90 35
78 6
86 86
93 93
75 75
51 51
23 23
33 33
17 17
60 60
92 92
29 29
58 58
96 96
5 5
82 82
88 88
40 40
50 50
36 36
74 74
61 61
25 25
55 55
83 83
85 85
52 52
39 39
15 15
