187 86 156 141 103 88 151 94 4 94 151 88 153 29 3 27 3 29 153 88 51 88 103 141 37 121 18 67 99 99 7 68 162 185 199 195 63 48 112 48 158 48 63 10 63 195 162 68 7 38 145 179 110 125 110 179 91 179 177 98 172 144 144 52 104 113 11 188 49 11 113 104 166 173 72 84 40 62 40 84 43 84 72 186 104 155 104 52 144 172 177 38 7 99 67 47 118 47 67 138 50 142 175 102 128 181 71 122 71 22 5 71 181 100 65 140 117 170 140 64 159 157 19 53 35 56 35 137 165 194 167 33 130 139 189 54 97 135 14 21 192 6 25 12 143 12 192 147 90 105 17 105 90 14 76 14 20 14 135 97 193 198 182 198 189 189 139 130 33 167 16 165 74 129 160 39 69 146 41 41 1 26 0 26 1 39 160 129 74 165 35 53 19 159 159 174 61 34 197 24 60 81 127 28 101 115 116 116 148 148 46 60 24 168 24 197 61 100 181 75 102 102 175 142 138 67 18 121 141 156 86 187
73
37 42 13 120
185 196 45
199 70 199
145 87
98 8
188 119 191
49 107 136
173 2 173
166 164 166
22 131
117 73 117
157 83 157
54 55 89 54
21 108 163 152
6 111 132 190 6
194 80 134
146 93 79 146
69 171 44 69
137 180
64 176
65 183 65
101 92
28 184
127 82 127
81 15 150
34 126
128 23 133 128
50 9
63 63
33 33
175 175
181 181
90 90
142 142
110 110
148 148
109 109
30 30
165 165
41 41
169 169
12 12
162 162
78 78
153 153
161 161
67 67
48 48
140 140
72 72
95 95
94 94
36 36
18 18
160 160
53 53
97 97
52 52
114 114
172 172
68 68
47 47
71 71
58 58
39 39
32 32
154 154
124 124
59 59
29 29
86 86
156 156
7 7
