location1 location43 location26 location38 location27 location34 location42 location42 location46 location22 location46 location3 location27 location6 location13 location40 location13 location10 location19 location10 location13 location6 location27 location38 location32 location12 location7 location7 location41 location4 location2 location49 location50 location49 location2 location4 location41 location32 location38 location45 location30 location20 location30 location38 location26 location43 location14 location36 location23 location16 location39 location8 location16 location23 location35 location9 location31 location29 location29 location31 location23 location36 location11 location25 location18 location25 location11 location36 location44 location47 location44 location36 location14 location21 location14 location43 location1
20
location34 location28 location37
location12 location24 location12
location45 location5 location33
location39 location17 location15 location39
location35 location48
location10 location10
location31 location31
location6 location6
location49 location49
location46 location46
location26 location26
location11 location11
location44 location44
location38 location38
location16 location16
location23 location23
location14 location14
location32 location32
location42 location42
location27 location27
