location1 location38 location28 location86 location92 location96 location68 location68 location76 location76 location92 location51 location21 location75 location89 location6 location70 location33 location70 location6 location89 location22 location89 location75 location42 location59 location12 location59 location42 location67 location42 location75 location75 location36 location19 location84 location84 location34 location34 location54 location54 location34 location73 location73 location55 location39 location44 location44 location39 location55 location51 location92 location86 location20 location10 location62 location49 location25 location25 location49 location62 location46 location46 location45 location100 location88 location15 location94 location82 location24 location24 location82 location94 location15 location45 location4 location30 location11 location98 location97 location63 location97 location81 location97 location11 location58 location50 location48 location93 location48 location61 location61 location37 location87 location37 location58 location11 location57 location7 location35 location85 location60 location65 location65 location40 location26 location40 location5 location40 location35 location14 location27 location41 location27 location35 location69 location43 location43 location13 location64 location18 location4 location45 location99 location16 location99 location45 location46 location20 location86 location28 location1
34
location38 location90 location17 location38
location96 location66 location52
location21 location9 location21
location19 location71 location2 location53 location19
location36 location29 location23 location36
location10 location47 location10
location100 location56 location32
location98 location74
location50 location8
location57 location95 location57
location85 location78
location60 location77 location3 location72
location14 location79 location80
location7 location83
location30 location91 location30
location1 location31
location94 location94
location49 location49
location99 location99
location35 location35
location59 location59
location6 location6
location42 location42
location43 location43
location58 location58
location48 location48
location89 location89
location51 location51
location75 location75
location46 location46
location45 location45
location54 location54
location44 location44
location40 location40
