0 1 39 77 39 1 80 62 19 95 27 27 95 19 61 45 75 22 51 22 18 69 3 3 69 83 83 50 85 60 86 86 40 2 68 2 40 86 60 50 83 22 75 93 57 23 42 11 76 11 13 13 8 17 91 31 66 55 66 31 91 36 97 58 74 58 97 99 97 36 28 96 96 28 8 13 11 42 7 29 72 53 72 79 38 47 43 84 52 94 64 33 33 64 81 34 89 78 63 78 82 78 89 34 81 81 52 84 43 47 38 79 72 29 10 4 54 4 10 29 7 88 7 42 23 57 93 75 45 61 1 0 44 46 90 49 56 70 30 71 15 59 87 48 73 67 73 92 73 65 98 98 65 87 59 71 30 70 70 56 90 46 44 0
39
62 21
18 25 18
85 6 35 37
17 41 20 17
94 24 9
80 12
49 5 32 49
15 26 15
48 14 16 48
1 1
2 2
3 3
4 4
7 7
8 8
10 10
11 11
13 13
19 19
22 22
23 23
27 27
28 28
29 29
30 30
31 31
33 33
34 34
36 36
38 38
39 39
40 40
42 42
43 43
44 44
45 45
46 46
47 47
50 50
