0 194 21 25 78 103 29 199 51 57 94 26 3 83 172 31 129 133 159 166 24 144 166 159 133 129 31 113 16 48 190 146 134 134 146 46 56 169 97 117 181 186 188 189 40 82 187 40 189 188 13 62 17 191 183 191 17 171 36 179 179 121 61 53 120 174 120 54 54 61 121 171 17 62 13 188 186 185 167 95 95 167 185 117 97 169 110 130 198 65 177 195 55 75 128 75 55 65 198 165 93 193 136 158 64 116 45 74 138 1 66 44 161 131 87 87 87 131 139 168 2 162 2 168 139 44 66 1 184 153 184 1 138 45 116 118 116 64 148 160 148 64 158 136 193 93 165 198 130 110 169 56 79 34 147 99 140 99 147 111 147 34 79 56 46 48 16 178 16 113 31 172 83 155 91 91 122 70 109 70 197 92 92 175 107 14 72 72 68 154 84 156 84 154 68 107 175 70 122 83 3 26 94 57 51 199 29 59 151 152 151 59 29 163 52 127 157 126 164 192 43 135 135 43 157 127 52 163 29 103 37 149 37 19 22 49 49 98 137 11 101 86 86 123 108 67 104 67 10 170 114 173 114 170 28 180 105 180 60 106 112 112 180 28 170 10 67 108 123 76 176 32 15 132 9 142 47 89 88 115 124 4 141 182 125 125 35 143 196 38 38 150 35 125 182 141 4 124 115 88 89 47 102 145 102 47 142 119 119 132 15 32 176 76 123 137 49 22 19 37 103 78 25 21 194 18 85 85 18 0
87
24 73 24
190 5
82 96 82
36 33 36
53 7 53
181 77
177 50
161 71 30
74 27 74
155 58
197 69
14 6 14
192 23
126 63
11 20 81 11
60 90 60
143 42 39
9 41 9
98 80 98
0 100
1 1
2 2
3 3
4 4
8 8
10 10
12 12
13 13
15 15
16 16
17 17
18 18
19 19
21 21
22 22
25 25
26 26
28 28
29 29
31 31
32 32
34 34
35 35
37 37
38 38
40 40
43 43
44 44
45 45
46 46
47 47
48 48
49 49
51 51
52 52
54 54
55 55
56 56
57 57
59 59
61 61
62 62
64 64
65 65
66 66
67 67
68 68
70 70
72 72
75 75
76 76
78 78
79 79
83 83
84 84
85 85
86 86
87 87
88 88
89 89
91 91
92 92
93 93
94 94
95 95
97 97
99 99
