c5 t1 t0 n2 e3 i9 n4 i4 e9 e9 i4 n4 f0 s0 n0 i5 s8 s8 n9 k4 o5 l9 e7 r3 l3 t6 l8 c6 c6 l8 t6 l3 d9 j5 s1 j0 d5 d1 f1 g7 s9 r6 r4 g4 t5 t5 g4 r4 g8 g8 s9 g7 f1 f1 d1 d5 j0 j5 d9 c7 j1 h0 k0 t3 q0 l7 r1 e8 m4 j7 a0 a0 j7 m4 e8 m7 g1 n1 t2 t2 n1 m7 o7 f4 k1 b9 f6 p4 i3 e6 k2 h2 d8 d8 h2 j4 j4 e6 i3 p4 f6 b9 k1 f4 o7 m7 l7 m5 b6 d0 l6 f8 o1 f9 i7 p8 h1 c4 g9 l0 f3 f5 t7 f2 a3 c0 i6 j6 k8 k8 j6 i6 c0 f7 h3 r7 h4 h4 e4 p1 e1 b4 s5 s5 s5 b4 e1 p1 e4 h3 q3 s2 p3 p3 s2 q3 f2 t7 p0 m0 b1 d4 n5 p2 p2 n5 d4 b1 m0 r8 g0 b0 q5 o2 o2 q5 e0 e0 g0 d7 k7 k7 d7 t7 f5 f3 l0 p9 o8 i2 c2 m1 b3 c1 c1 b3 m1 c2 i2 o8 q2 q2 l0 g9 c4 h1 p8 i7 f9 o1 f8 s3 o9 j2 p6 n8 a6 r0 m9 p7 h7 h7 q9 a2 k5 k5 a2 q9 m9 r0 a6 n8 j2 o9 o9 n7 c8 k9 t4 b8 l1 o3 o3 l1 b8 t4 k9 c8 n7 f8 l6 d0 b6 m5 l7 q0 t3 k0 h0 j1 c7 d9 e7 l9 o5 b5 m3 l4 l4 m3 b5 n9 n0 s0 f0 e3 t0 t1 c5
81
c5 t9
n2 q1
i9 r9
i5 d6 i5
r3 t8
s1 h6 e2 s1
r6 e5 s7
r1 o0 r1
g1 h5 i0 g1
k2 n3 q8
a3 r2
r7 s4 g3 o4 r7
f7 n6
p0 i1 p0
b0 k6 g5
r8 a7
p9 a1 j3 p9
p6 a4
p7 b7 g6 p7
s3 c3 a8 s3
k4 o6
e4 e4
h1 h1
g7 g7
d4 d4
b1 b1
f5 f5
h3 h3
g9 g9
t6 t6
d5 d5
r4 r4
t7 t7
i4 i4
l6 l6
b3 b3
a0 a0
n0 n0
l3 l3
j5 j5
g4 g4
h0 h0
h2 h2
j7 j7
m0 m0
e1 e1
q5 q5
o7 o7
o5 o5
l0 l0
e0 e0
t5 t5
h4 h4
s2 s2
g0 g0
m4 m4
c8 c8
l8 l8
g8 g8
t0 t0
q0 q0
l4 l4
j2 j2
s9 s9
m7 m7
t1 t1
a6 a6
n4 n4
j6 j6
t2 t2
q3 q3
b5 b5
o2 o2
k1 k1
f6 f6
f2 f2
c4 c4
f3 f3
l1 l1
k9 k9
o8 o8
