0 128 59 152 111 181 181 114 152 141 107 78 93 135 100 4 38 147 122 89 88 82 166 40 106 10 127 46 112 112 10 50 55 96 55 50 163 196 123 12 43 104 104 43 12 123 72 30 187 197 75 20 75 197 187 30 30 72 163 50 132 50 10 85 92 74 176 176 74 92 85 88 90 90 124 189 189 124 4 143 140 34 105 8 67 110 86 57 6 57 167 16 44 16 120 16 167 57 146 146 67 8 105 62 105 34 172 34 14 130 66 130 14 87 87 19 185 98 5 28 5 98 185 19 87 4 93 60 76 60 93 182 93 78 48 168 151 175 108 156 156 108 175 199 150 150 199 184 131 159 198 52 145 65 95 83 83 65 145 134 27 27 134 198 148 198 138 173 173 138 115 2 2 115 131 184 32 171 73 64 129 186 170 29 118 29 170 186 178 13 54 178 186 126 164 164 191 79 84 79 174 79 191 154 191 80 15 144 192 144 15 102 102 139 18 23 45 158 58 195 188 101 160 160 101 194 117 117 194 70 70 23 102 186 165 165 64 73 171 68 1 42 1 68 184 168 94 190 22 190 26 190 94 24 94 119 162 119 94 168 48 78 31 136 116 116 142 125 180 56 125 142 31 36 31 141 128 128 0
75
111 103 111
59 133 59
107 21 107
40 71
166 161
127 193 127
196 69 153 113
82 77
89 63 89
147 81 155 147
38 157
86 169 177
110 33
140 109
143 61 143
135 179 135
151 121 9 151
159 97 53 3 159
95 183 95
52 51 91
13 49 13
126 35
80 47
139 39 139
195 11 195
58 99 17
45 37 45
129 149 129
32 137
136 41
180 25
0 7
1 1
5 5
15 15
19 19
23 23
27 27
29 29
31 31
43 43
55 55
57 57
65 65
67 67
73 73
75 75
79 79
83 83
85 85
87 87
93 93
101 101
105 105
115 115
117 117
119 119
123 123
125 125
131 131
141 141
145 145
163 163
165 165
167 167
171 171
173 173
175 175
181 181
185 185
187 187
189 189
191 191
197 197
199 199
