0 29 25 13 8 60 4 35 9 6 9 58 57 84 57 86 60 27 91 90 32 11 66 32 90 91 27 60 8 59 80 50 80 59 8 70 8 26 2 81 3 30 1 52 78 78 52 55 14 20 20 14 83 95 62 95 30 34 22 43 92 43 22 34 30 39 30 3 46 3 96 24 89 97 12 96 3 81 21 40 37 40 21 51 54 16 54 51 87 51 21 69 31 17 10 38 10 17 65 36 65 17 31 69 21 81 2 26 72 26 98 26 99 26 19 76 19 25 47 49 44 49 75 49 47 25 73 67 28 5 5 28 67 73 0 63 42 68 63 0 18 0
29
35 48
58 15
4 61 77 64
11 45 11
1 74 71
55 23 82
24 88 24
13 41
29 93 33 94 29
42 79 42
28 28
96 96
80 80
91 91
2 2
10 10
56 56
40 40
47 47
21 21
8 8
65 65
19 19
25 25
22 22
60 60
43 43
67 67
3 3
