0 17 133 124 133 51 3 160 160 26 47 36 125 40 154 40 125 36 147 50 10 50 147 36 47 26 67 26 95 119 73 135 119 126 14 79 18 33 33 149 20 34 48 48 34 144 149 185 11 24 6 85 161 85 111 117 111 175 27 99 113 118 187 185 130 162 126 15 32 19 54 97 54 112 71 71 171 23 92 134 42 100 42 15 53 65 69 91 69 65 82 138 82 65 53 76 150 53 15 60 120 164 60 15 75 15 145 12 30 16 123 5 7 29 74 156 72 156 74 29 83 29 7 121 7 165 4 132 165 7 9 102 57 102 9 114 9 157 176 13 176 157 9 44 9 25 62 59 62 77 166 64 77 62 140 62 25 56 139 56 172 56 107 55 151 107 123 152 30 28 84 110 168 110 84 28 148 28 30 115 61 101 61 106 61 141 61 115 115 30 87 145 15 126 51 104 146 39 89 122 52 169 52 122 41 80 108 167 108 41 90 41 128 105 196 105 128 41 179 46 88 179 41 58 1 98 155 58 31 94 22 49 137 94 186 94 31 58 63 58 81 58 127 153 181 0
56
17 184 17
3 116 143 129 174 3
73 170
18 68 194 18
20 38 198
6 142 177 199
24 70 24
11 43 103
130 180
79 193
14 188
19 96 178 19
23 191
32 35 32
76 163
4 189 4
166 21
55 190
5 182
16 159 16
12 109 12
39 78 183 195 39
80 197 80
46 136 46
1 192
22 86
0 158
58 58
52 52
125 125
160 160
119 119
126 126
31 31
179 179
2 2
94 94
33 33
105 105
74 74
156 156
157 157
131 131
115 115
185 185
69 69
60 60
8 8
50 50
29 29
133 133
62 62
93 93
51 51
77 77
9 9
