190 75 166 56 74 60 76 107 62 170 170 62 180 76 49 76 128 76 60 74 56 45 153 70 45 125 45 183 77 183 45 56 68 25 22 117 89 100 179 66 71 143 88 143 66 64 44 103 168 23 186 84 84 194 72 102 151 120 181 78 181 48 181 120 29 174 131 174 29 4 172 122 172 4 4 198 160 24 189 189 24 160 17 72 194 23 168 130 168 103 82 52 138 13 26 13 138 52 82 82 18 14 37 182 2 99 134 134 99 2 97 124 97 91 37 14 18 64 34 196 16 176 169 169 176 184 64 65 38 145 53 119 38 65 64 73 100 89 112 85 98 7 98 112 89 117 110 28 133 108 126 9 43 148 31 31 177 159 81 81 159 191 178 54 163 93 164 105 164 93 93 163 50 41 158 150 150 28 147 67 33 83 129 12 129 197 154 79 141 157 141 79 154 80 127 92 132 152 96 140 96 152 132 92 92 86 28 110 117 22 187 22 19 22 25 25 10 63 10 167 199 146 193 90 193 146 39 146 199 56 0 95 95 144 56 166 75 155 1 175 155 42 155 75 161 75 190 135 15 135 190 51 87 51 190
76
107 46
153 5 153
71 195 71
186 192 186
151 47
198 111 198
102 109 102
44 61 44
182 188 94 123 182
34 36 34
16 57
145 137 121
179 11 179
85 149
108 69 108
126 30 3
148 185
177 101 173 177
9 118
191 139
54 116 54
50 32 50
133 156 133
147 27
83 8 83
80 40
33 106 33
67 136 67
68 104 68
0 162
1 142 1
165 165
60 60
146 146
141 141
138 138
55 55
176 176
29 29
166 166
62 62
168 168
117 117
172 172
113 113
21 21
112 112
2 2
135 135
129 129
10 10
99 99
76 76
38 38
95 95
92 92
23 23
52 52
163 163
100 100
66 66
169 169
22 22
56 56
132 132
45 45
84 84
181 181
93 93
193 193
114 114
152 152
164 164
103 103
189 189
65 65
