Loc1 Loc165 Loc93 Loc63 Loc81 Loc85 Loc85 Loc81 Loc63 Loc93 Loc121 Loc35 Loc30 Loc121 Loc161 Loc173 Loc107 Loc132 Loc21 Loc197 Loc21 Loc132 Loc107 Loc109 Loc161 Loc45 Loc168 Loc7 Loc168 Loc51 Loc108 Loc49 Loc60 Loc186 Loc48 Loc186 Loc60 Loc49 Loc105 Loc49 Loc108 Loc77 Loc47 Loc77 Loc100 Loc134 Loc130 Loc102 Loc24 Loc130 Loc134 Loc100 Loc77 Loc108 Loc168 Loc45 Loc88 Loc131 Loc144 Loc129 Loc91 Loc0 Loc103 Loc10 Loc151 Loc124 Loc10 Loc103 Loc0 Loc91 Loc16 Loc127 Loc127 Loc152 Loc101 Loc160 Loc9 Loc187 Loc46 Loc59 Loc34 Loc2 Loc11 Loc34 Loc59 Loc112 Loc29 Loc184 Loc139 Loc177 Loc133 Loc177 Loc139 Loc112 Loc163 Loc112 Loc192 Loc53 Loc43 Loc149 Loc43 Loc112 Loc187 Loc84 Loc187 Loc101 Loc137 Loc33 Loc23 Loc33 Loc137 Loc101 Loc152 Loc171 Loc140 Loc39 Loc89 Loc57 Loc89 Loc140 Loc171 Loc152 Loc127 Loc175 Loc148 Loc175 Loc154 Loc82 Loc68 Loc17 Loc40 Loc138 Loc13 Loc36 Loc150 Loc72 Loc98 Loc146 Loc146 Loc98 Loc147 Loc150 Loc150 Loc36 Loc13 Loc17 Loc25 Loc189 Loc25 Loc82 Loc52 Loc170 Loc52 Loc82 Loc154 Loc175 Loc135 Loc18 Loc50 Loc32 Loc50 Loc18 Loc27 Loc56 Loc75 Loc56 Loc27 Loc80 Loc94 Loc80 Loc27 Loc18 Loc162 Loc18 Loc135 Loc181 Loc135 Loc54 Loc91 Loc125 Loc91 Loc129 Loc144 Loc131 Loc193 Loc111 Loc176 Loc143 Loc118 Loc96 Loc118 Loc176 Loc3 Loc65 Loc188 Loc141 Loc41 Loc141 Loc188 Loc65 Loc3 Loc64 Loc61 Loc64 Loc3 Loc193 Loc131 Loc74 Loc155 Loc164 Loc119 Loc8 Loc198 Loc190 Loc198 Loc8 Loc14 Loc158 Loc14 Loc8 Loc119 Loc155 Loc74 Loc131 Loc83 Loc78 Loc179 Loc83 Loc159 Loc20 Loc86 Loc42 Loc45 Loc161 Loc97 Loc79 Loc26 Loc195 Loc26 Loc67 Loc116 Loc67 Loc26 Loc79 Loc97 Loc73 Loc117 Loc95 Loc117 Loc73 Loc97 Loc161 Loc71 Loc1
80
Loc165 Loc128 Loc37 Loc157 Loc153
Loc35 Loc113
Loc173 Loc145
Loc102 Loc114 Loc102
Loc51 Loc69 Loc51
Loc151 Loc28
Loc160 Loc104 Loc160
Loc2 Loc123
Loc29 Loc180 Loc29
Loc184 Loc122
Loc192 Loc76 Loc192
Loc46 Loc178
Loc183 Loc106 Loc172 Loc183
Loc39 Loc115 Loc39
Loc72 Loc22 Loc72
Loc40 Loc44
Loc68 Loc199 Loc99 Loc68
Loc16 Loc66
Loc143 Loc110 Loc4
Loc111 Loc169 Loc111
Loc164 Loc58 Loc55 Loc164
Loc88 Loc15
Loc78 Loc62 Loc194
Loc86 Loc12
Loc20 Loc87
Loc159 Loc156
Loc45 Loc45
Loc83 Loc83
Loc3 Loc3
Loc82 Loc82
Loc166 Loc166
Loc127 Loc127
Loc59 Loc59
Loc130 Loc130
Loc126 Loc126
Loc97 Loc97
Loc5 Loc5
Loc150 Loc150
Loc198 Loc198
Loc117 Loc117
Loc6 Loc6
Loc73 Loc73
Loc196 Loc196
Loc13 Loc13
Loc92 Loc92
Loc171 Loc171
Loc98 Loc98
Loc188 Loc188
Loc60 Loc60
Loc70 Loc70
Loc64 Loc64
Loc135 Loc135
Loc26 Loc26
Loc186 Loc186
Loc131 Loc131
Loc152 Loc152
Loc167 Loc167
Loc19 Loc19
Loc161 Loc161
Loc91 Loc91
Loc177 Loc177
Loc132 Loc132
Loc85 Loc85
Loc144 Loc144
Loc155 Loc155
Loc119 Loc119
Loc33 Loc33
Loc112 Loc112
Loc175 Loc175
Loc63 Loc63
Loc8 Loc8
Loc18 Loc18
Loc154 Loc154
Loc187 Loc187
Loc121 Loc121
Loc36 Loc36
Loc89 Loc89
Loc50 Loc50
Loc31 Loc31
Loc38 Loc38
