Loc1 Loc49 Loc5 Loc88 Loc65 Loc53 Loc27 Loc90 Loc94 Loc6 Loc75 Loc10 Loc34 Loc7 Loc34 Loc75 Loc80 Loc55 Loc43 Loc60 Loc60 Loc43 Loc80 Loc75 Loc6 Loc94 Loc90 Loc53 Loc25 Loc53 Loc23 Loc84 Loc84 Loc23 Loc5 Loc49 Loc1
33
Loc88 Loc76 Loc45
Loc65 Loc81 Loc72 Loc32 Loc65 Loc79 Loc9 Loc21 Loc69
Loc87 Loc74 Loc87
Loc7 Loc46 Loc98 Loc22 Loc68 Loc7
Loc31 Loc79 Loc0
Loc2 Loc11 Loc2
Loc10 Loc38 Loc10 Loc74 Loc70
Loc55 Loc42 Loc15 Loc47 Loc55 Loc3
Loc73 Loc29 Loc9
Loc70 Loc63 Loc70
Loc16 Loc52
Loc4 Loc91 Loc4
Loc27 Loc13 Loc4 Loc87 Loc92
Loc25 Loc56 Loc41 Loc62 Loc25
Loc1 Loc19
Loc90 Loc90 Loc63 Loc18
Loc6 Loc6
Loc17 Loc17
Loc3 Loc3
Loc80 Loc80
Loc34 Loc34 Loc11 Loc91 Loc50 Loc2
Loc45 Loc45
Loc50 Loc50
Loc43 Loc43
Loc53 Loc53
Loc49 Loc49
Loc18 Loc18
Loc21 Loc21
Loc69 Loc69
Loc92 Loc92
Loc75 Loc0 Loc52
Loc5 Loc29
Loc84 Loc17
