114 49 58 102 97 88 122 31 14 141 14 162 124 185 124 180 16 130 176 183 138 146 169 84 192 84 169 146 138 77 138 183 87 144 2 9 9 2 144 87 130 180 125 70 43 113 89 59 27 55 79 20 83 139 143 143 143 139 83 20 15 48 33 52 33 48 136 50 112 181 21 178 21 181 181 112 166 186 166 136 48 15 55 42 120 142 126 142 120 66 68 66 107 66 120 42 55 27 89 113 43 197 39 197 198 197 43 70 125 14 31 122 88 184 61 86 61 58 123 58 49 67 91 28 62 108 51 46 173 175 74 101 74 175 173 0 29 190 190 29 0 187 135 135 187 51 80 133 10 25 191 160 106 160 191 25 10 133 6 133 80 51 108 62 149 45 158 129 92 47 26 18 18 26 47 92 129 62 28 91 67 98 100 73 81 188 121 188 182 57 117 1 151 56 151 1 117 13 117 57 57 182 73 100 98 152 98 67 49 114 78 163 78 161 99 128 19 172 171 64 127 155 8 155 127 165 111 82 116 82 60 195 5 37 37 65 110 189 40 71 159 71 40 195 60 140 137 44 168 156 168 44 11 32 194 118 194 32 24 23 24 179 17 145 147 153 34 153 147 96 167 30 167 96 147 179 24 32 11 44 137 193 137 60 82 165 127 64 171 128 99 161 157 161 78 114
82
102 170 102
97 150 94
176 38 176
16 12 16
162 4 7 103
79 109 105
50 148
59 131 59
46 199 76 93
45 154
149 35 63 53 149
81 75 81
19 119
5 41 115 5
65 196
110 134
140 177
17 36
111 69 111
174 174
183 183
78 78
188 188
21 21
167 167
191 191
51 51
175 175
166 166
42 42
182 182
49 49
33 33
24 24
26 26
146 146
197 197
70 70
10 10
66 66
127 127
0 0
37 37
15 15
195 195
173 173
112 112
169 169
155 155
133 133
171 171
1 1
28 28
187 187
98 98
117 117
18 18
67 67
92 92
147 147
135 135
74 74
100 100
84 84
96 96
95 95
108 108
91 91
43 43
161 161
31 31
14 14
62 62
3 3
89 89
124 124
32 32
181 181
87 87
164 164
29 29
47 47
