49 20 96 60 91 14 91 88 50 50 91 60 96 46 96 20 17 20 62 56 3 73 41 67 26 85 33 66 59 61 78 44 78 64 30 74 78 66 33 37 81 52 40 2 58 2 40 51 23 28 51 79 51 40 52 55 55 37 0 37 71 47 25 47 71 68 29 71 37 33 85 26 67 73 3 95 53 24 34 87 39 82 98 57 42 86 16 18 15 45 27 38 94 19 54 43 54 19 65 5 8 92 5 65 19 94 27 45 15 69 63 69 15 16 16 86 42 82 39 87 13 99 31 1 22 11 11 31 99 13 83 84 83 13 24 53 95 3 56 62 20 49
37
88 36 90 88
41 76
59 48 59
64 32 64
23 9 70 23
81 12 7
68 93
18 10 18
38 21 38
8 72
98 77 98
1 4 89 1
34 6
37 37
19 19
82 82
86 86
45 45
55 55
42 42
47 47
5 5
83 83
51 51
24 24
80 80
16 16
95 95
87 87
2 2
60 60
73 73
11 11
71 71
20 20
53 53
97 97
