bw m i af d bj cg ba cg s bi h v ao g at cc as aa aa av av aa as cc ao ag be be ag h bi cg bj d af i ak az az ak ai ay bb cu ad ad cq bl u an ab ab ci bs q ch ch y bs ci w ae bp bk l t ax ar ax t l bk ce ca a r bz cd br br bg bz r bo bo k k bt am aj bu aj am k bo r a ce bh bc cj bc ce bk bp ae p bx e bn e bf e bx aw cv cv aw ae ab aq aq u cb cm bv cl cl cb u bl cq ay ai bw
36
s cs
g al f cp
v bq
m ac
cu au
q co j q
w ct w
ca bd z ca
cd b
bt n o by bt
bh ck bh
p ap cr p
an bm
cm x
bb cn
ag ag
ax ax
cf cf
az az
bo bo
l l
k k
u u
ao ao
ci ci
ch ch
cq cq
af af
d d
bz bz
av av
r r
br br
bx bx
aj aj
ad ad
