n0 n74 n65 n91 n78 n56 n56 n58 n12 n85 n11 n11 n32 n51 n90 n60 n60 n90 n51 n32 n11 n27 n27 n10 n44 n81 n52 n62 n52 n10 n27 n12 n58 n91 n94 n82 n66 n82 n94 n91 n65 n97 n67 n21 n15 n83 n86 n83 n89 n83 n15 n73 n41 n71 n31 n43 n59 n59 n31 n4 n64 n61 n80 n29 n99 n29 n13 n23 n68 n19 n75 n48 n3 n40 n16 n20 n49 n84 n49 n20 n20 n16 n96 n76 n76 n33 n45 n28 n17 n92 n17 n2 n2 n45 n98 n25 n50 n25 n57 n72 n22 n69 n87 n87 n69 n26 n70 n14 n46 n54 n36 n79 n36 n54 n46 n14 n70 n77 n77 n72 n57 n25 n98 n45 n63 n95 n53 n88 n53 n95 n63 n45 n33 n76 n96 n34 n34 n48 n55 n48 n75 n19 n93 n19 n68 n23 n13 n29 n80 n64 n4 n31 n71 n41 n73 n67 n97 n65 n74 n0
38
n78 n6
n85 n9 n8
n44 n7 n44
n21 n5 n21
n43 n18 n42 n43
n61 n1
n40 n24 n40
n28 n38 n30 n28
n22 n37 n22
n26 n35 n26
n3 n39 n3
n0 n47
n2 n2
n4 n4
n10 n10
n11 n11
n12 n12
n13 n13
n14 n14
n15 n15
n16 n16
n17 n17
n19 n19
n20 n20
n23 n23
n25 n25
n27 n27
n29 n29
n31 n31
n32 n32
n33 n33
n34 n34
n36 n36
n41 n41
n45 n45
n46 n46
n48 n48
n49 n49
