Liam Jordan Leonardo Xander Maddox Xander Oscar Axel Xander Leonardo George Ethan Brantley Kai Blake Calvin Nathan Kevin Weston Abel Steven Sawyer Eli Tyler Eli Sawyer Hunter Everett Cole Everett Abel John Messiah Zion Karter Gavin Dawson Gael Wyatt Edward Sebastian Bryce Sebastian Edward Wyatt Gael Emmanuel Gael Alex Messiah Lorenzo Messiah Miguel Mateo Aiden Richard Mateo Miguel Amir Aaron Chase Dean Patrick Oliver Andrew Roman Andrew Oliver Patrick Vincent Patrick Chase Amir Miguel Ryker Miguel Messiah Eric Luis Messiah John Matthew Jayce Gabriel Victor Jayce Henry Malachi Henry Tristan Henry Jayce John Nathan Connor Jasper Elliot Grayson Jasper Alan Santiago Kaleb Jesse Antonio Grant Cooper Timothy Cooper Max Jayden Bentley Camden Avery Camden Maverick Noah Brandon Kingston Brandon Noah Maverick Micah Maverick Camden Jesus Camden Bentley Harrison Bentley Jayden Max Ashton Jose Ezra Ezra Jose Ashton Abraham Giovanni Ayden Abraham Santiago Carter Elliott Jeremy Joel Nathaniel Joel Dylan Luca Joel Jeremy Carlos Jeremy Elliott Caleb Wesley Jason Wesley Caleb Elliott Carter Santiago Alan Jasper Connor Nathan Calvin Blake Brantley Braxton Brantley Ethan Juan Ivan Hudson Jameson Matteo Julian Josiah Justin Josiah Julian Matteo Hudson Ivan Jonah Ivan Juan Damian Juan Ethan George Emmett Graham Maximus Kayden Diego Kayden Graham George Leonardo Liam
67
Maddox Daniel Jeremiah
Oscar Levi
Kai Christopher Carson
Steven Isaac
Jude Austin
Hunter Joseph Jace Thomas Isaiah Hunter
Weston Jaxson
Kevin Jacob
Zion Christian Landon Nicholas
Gavin Parker
Dawson Asher Ian
Richard Easton Jonathan
Aiden Mason Aiden
Aaron Michael Aaron
Dean William
Eric Samuel Greyson
Matthew Jaxon Matthew
Gabriel Cameron Gabriel
Malachi Leo Colton
Elliot David
Grayson Alexander Angel Grayson
Kingston Luke Logan
Nolan Adrian Nolan
Grant Jackson
Antonio Owen
Giovanni Robert
Kaleb Elias
Dylan Lincoln Dylan
Jameson Benjamin
Emmett Ryan
Maximus Dominic
Jordan Lucas Jordan
Liam Evan
Noah Noah
James James
Elijah Elijah
Oliver Oliver
Ethan Ethan
Henry Henry
Sebastian Sebastian
Carter Carter
Wyatt Wyatt
Jayden Jayden
John John
Anthony Anthony
Jack Jack
Julian Julian
Joshua Joshua
Andrew Andrew
Mateo Mateo
Nathan Nathan
Charles Charles
Caleb Caleb
Josiah Josiah
Eli Eli
Connor Connor
Theodore Theodore
Hudson Hudson
Ezra Ezra
Brayden Brayden
Adam Adam
Jose Jose
Ezekiel Ezekiel
Maverick Maverick
Bryson Bryson
Cooper Cooper
Xavier Xavier
