Liam Elias Isaiah Leo Aaron Thomas Ezra Aaron Nathan Ryan Cameron Jace Gavin Angel Landon Nolan Landon Angel Gavin Parker Aiden William Logan Austin Logan William Aiden Parker Gavin Jace Cameron Ryan Nathan Aaron Leo Isaiah Joseph Charles Joseph Mateo Gabriel Jaxon Isaac Santiago Isaac Jaxon Gabriel Joseph Jaxson Colton Levi Chase Hunter Theodore Leonardo Connor Leonardo Lincoln Leonardo Theodore Nicholas Jordan Roman Maverick Cooper Grayson Easton Grayson Maverick Jordan Nicholas Theodore David Anthony Jason Anthony Ezekiel Anthony Theodore Hunter Chase Christopher Luke Asher Joshua Asher Luke Christian Luke Christopher Chase Evan Eli Caleb Andrew Evan Jack Jameson Ayden Carter Carter Ayden Jameson Jack Sawyer John Kayden John Jaxson Brayden Adam Ian Robert Hudson Carson Hudson Jaxson Michael Greyson Michael Jaxson Joseph Jeremiah Xavier Jeremiah Joseph Isaiah Elias Bryson Elias Liam
22
Thomas James
Mateo Mason
Cooper Matthew Elijah
Roman Jacob
David Sebastian David
Eli Oliver Jackson Wyatt Lucas
Levi Henry
Colton Benjamin
Sawyer Noah
Adam Jayden Dylan
Robert Daniel
Brayden Ethan Samuel
William William
Logan Logan
Michael Michael
Alexander Alexander
Aiden Aiden
Joseph Joseph
Carter Carter
John John
Owen Owen
Luke Luke
