LOC60 LOC153 LOC17 LOC11 LOC169 LOC87 LOC44 LOC141 LOC171 LOC6 LOC13 LOC107 LOC50 LOC137 LOC47 LOC72 LOC72 LOC47 LOC50 LOC107 LOC6 LOC171 LOC70 LOC70 LOC49 LOC10 LOC51 LOC133 LOC125 LOC32 LOC2 LOC42 LOC117 LOC117 LOC42 LOC2 LOC32 LOC133 LOC51 LOC10 LOC178 LOC97 LOC154 LOC162 LOC162 LOC189 LOC61 LOC68 LOC158 LOC96 LOC89 LOC99 LOC99 LOC89 LOC96 LOC158 LOC175 LOC175 LOC20 LOC170 LOC188 LOC48 LOC152 LOC36 LOC167 LOC128 LOC148 LOC148 LOC128 LOC167 LOC36 LOC152 LOC198 LOC147 LOC198 LOC188 LOC25 LOC118 LOC119 LOC156 LOC46 LOC46 LOC156 LOC119 LOC25 LOC188 LOC170 LOC20 LOC83 LOC20 LOC75 LOC14 LOC76 LOC76 LOC76 LOC14 LOC124 LOC112 LOC94 LOC150 LOC150 LOC94 LOC112 LOC124 LOC189 LOC162 LOC154 LOC97 LOC178 LOC10 LOC44 LOC87 LOC169 LOC11 LOC17 LOC166 LOC166 LOC60
39
LOC13 LOC59
LOC137 LOC144 LOC54
LOC141 LOC64
LOC125 LOC139 LOC63
LOC68 LOC164 LOC55 LOC18 LOC68
LOC48 LOC190 LOC145 LOC48
LOC147 LOC142 LOC58
LOC118 LOC108 LOC65
LOC83 LOC52 LOC7 LOC38 LOC194
LOC180 LOC161 LOC180
LOC75 LOC30 LOC177 LOC24 LOC192
LOC61 LOC80 LOC62 LOC180
LOC49 LOC116
LOC185 LOC134
LOC153 LOC160
LOC51 LOC51
LOC166 LOC166
LOC133 LOC133
LOC192 LOC192
LOC62 LOC62
LOC97 LOC97
LOC158 LOC158
LOC8 LOC8
LOC56 LOC56
LOC89 LOC89
LOC6 LOC6
LOC189 LOC189
LOC117 LOC117
LOC170 LOC170
LOC96 LOC96
LOC194 LOC194
LOC36 LOC36
LOC46 LOC46
LOC70 LOC70
LOC72 LOC72
LOC17 LOC17
LOC175 LOC161 LOC56
LOC50 LOC134
LOC119 LOC8
