LOC16 LOC18 LOC15 LOC46 LOC25 LOC59 LOC13 LOC42 LOC62 LOC93 LOC76 LOC93 LOC62 LOC89 LOC88 LOC89 LOC62 LOC42 LOC66 LOC49 LOC74 LOC49 LOC66 LOC42 LOC38 LOC42 LOC13 LOC59 LOC25 LOC46 LOC37 LOC82 LOC27 LOC68 LOC32 LOC78 LOC91 LOC78 LOC32 LOC68 LOC27 LOC61 LOC48 LOC11 LOC87 LOC29 LOC14 LOC29 LOC6 LOC6 LOC54 LOC27 LOC34 LOC12 LOC58 LOC69 LOC36 LOC26 LOC4 LOC47 LOC63 LOC75 LOC63 LOC45 LOC71 LOC44 LOC96 LOC21 LOC96 LOC44 LOC33 LOC64 LOC44 LOC71 LOC79 LOC40 LOC79 LOC60 LOC63 LOC47 LOC4 LOC26 LOC36 LOC51 LOC3 LOC55 LOC3 LOC51 LOC73 LOC51 LOC36 LOC39 LOC90 LOC90 LOC37 LOC80 LOC72 LOC7 LOC92 LOC10 LOC92 LOC7 LOC72 LOC37 LOC46 LOC53 LOC65 LOC53 LOC46 LOC15 LOC18 LOC83 LOC57 LOC35 LOC57 LOC24 LOC30 LOC24 LOC86 LOC24 LOC2 LOC84 LOC24 LOC57 LOC83 LOC18 LOC94 LOC5 LOC52 LOC19 LOC52 LOC5 LOC94 LOC41 LOC16
36
LOC16 LOC22
LOC61 LOC31 LOC61
LOC48 LOC98
LOC87 LOC70
LOC82 LOC28 LOC82
LOC12 LOC81 LOC12
LOC33 LOC85 LOC33
LOC45 LOC50 LOC45
LOC73 LOC99 LOC43 LOC73
LOC69 LOC97 LOC23
LOC34 LOC20
LOC80 LOC95
LOC2 LOC17
LOC79 LOC79
LOC18 LOC18
LOC52 LOC52
LOC25 LOC25
LOC47 LOC47
LOC26 LOC26
LOC96 LOC96
LOC46 LOC46
LOC3 LOC3
LOC15 LOC15
LOC9 LOC9
LOC56 LOC56
LOC62 LOC62
LOC53 LOC53
LOC59 LOC59
LOC36 LOC36
LOC57 LOC57
LOC78 LOC78
LOC90 LOC90
LOC89 LOC89
LOC37 LOC37
LOC4 LOC4
LOC29 LOC29
