zero one eight nine ten eleven twelve thirteen twelve eleven ten nine fifteen sixteen seventeen eighteen nineteen nineteen eighteen seventeen sixteen twentytwo twentythree twentyfour twentyfive twentysix twentysix twentyfive twentyfour twentythree twentynine thirty thirtyone thirtytwo thirtythree thirtythree thirtytwo thirtyone thirty thirtysix thirtyseven thirtyeight thirtynine forty fortyone forty thirtynine thirtyeight thirtyseven thirtysix fortytwo thirtysix fortythree fortyfour fortyfive fortysix fortyseven fortyeight fortyseven fortysix fortyfive fortyfour fifty fiftyone fiftytwo fiftythree fiftyfour fiftyfour fiftythree fiftytwo fiftyone fiftyseven fiftyeight fiftynine sixty sixtyone sixtytwo sixtyone sixty fiftynine fiftyeight fiftyseven sixtythree fiftyseven sixtyfour sixtyfive sixtysix sixtyseven sixtyeight sixtyeight sixtyseven sixtysix sixtyfive seventyone seventytwo seventythree seventyfour seventyfive seventysix seventyfive seventyfour seventythree seventytwo seventyone seventyone seventyeight seventynine eighty eightyone eightytwo eightytwo eightyone eighty seventynine eightyfive eightysix eightyseven eightyeight eightynine ninety eightynine eightyeight eightyseven eightysix eightyfive ninetyone eightyfive ninetytwo ninetythree ninetyfour ninetyfive ninetysix ninetyseven ninetysix ninetyfive ninetyfour ninetythree ninetynine onehun onehunone onehuntwo onehunthree onehunfour onehunthree onehuntwo onehunone onehun ninetynine onehunfive ninetynine onehunsix onehunseven onehuneight onehunnine onehunten onehunten onehunnine onehuneight onehunseven onehunthirteen onehunfourteen onehunfifteen onehunsixteen onehunseventeen onehunseventeen onehunsixteen onehunfifteen onehunfourteen onehuntwenty onehuntwentyone onehuntwentytwo onehuntwentythree onehuntwentyfour onehuntwentyfive onehuntwentyfour onehuntwentythree onehuntwentytwo onehuntwentyone onehuntwenty onehuntwenty onehuntwentyseven onehuntwentyeight onehuntwentynine onehunthirty onehunthirtyone onehunthirtytwo onehunthirtyone onehunthirty onehuntwentynine onehuntwentyeight onehunthirtyfour onehunthirtyfive onehunthirtysix onehunthirtyseven onehunthirtyeight onehunthirtynine onehunthirtyeight onehunthirtyseven onehunthirtysix onehunthirtyfive onehunfortyone onehunfortytwo onehunfortythree onehunfortyfour onehunfortyfive onehunfortyfive onehunfortyfour onehunfortythree onehunfortytwo onehunfortyeight onehunfortynine onehunfifty onehunfiftyone onehunfiftytwo onehunfiftythree onehunfiftytwo onehunfiftyone onehunfifty onehunfortynine onehunfiftyfive onehunfiftysix onehunfiftyseven onehunfiftyeight onehunfiftynine onehunfiftynine onehunfiftyeight onehunfiftyseven onehunfiftysix onehunsixtytwo onehunsixtythree onehunsixtyfour onehunsixtyfive onehunsixtysix onehunsixtyseven onehunsixtysix onehunsixtyfive onehunsixtyfour onehunsixtythree onehunsixtytwo onehunsixtyeight onehunsixtytwo onehunsixtynine onehunseventy onehunseventyone onehunseventytwo onehunseventythree onehunseventythree onehunseventytwo onehunseventyone onehunseventy onehunseventysix onehunseventyseven onehunseventyeight onehunseventynine onehuneighty onehuneighty onehunseventynine onehunseventyeight onehunseventyseven onehuneightythree onehuneightyfour onehuneightyfive onehuneightysix onehuneightyseven onehuneightyeight onehuneightyseven onehuneightysix onehuneightyfive onehuneightyfour onehuneightythree onehuneightynine onehuneightythree onehunninety onehunninetyone onehunninetytwo onehunninetythree onehunninetyfour onehunninetyfive onehunninetyfour onehunninetythree onehunninetytwo onehunninetyone onehunninety onehunninetysix onehunninety onehuneightythree onehunsixtytwo onehuntwenty ninetynine eightyfive seventyone fiftyseven thirtysix one four five zero
81
eight fourteen
fifteen twenty fifteen
twentytwo twentyseven
twentynine thirtyfour twentynine
fortythree fortynine fortythree
fifty fiftyfive
sixtyfour sixtynine seventy sixtyfour
seventyeight seventyseven eightythree eightyfour seventyeight
ninetytwo ninetyeight
onehunsix onehuneleven
onehunthirteen onehuneighteen onehunnineteen onehunthirteen
onehuntwentyseven onehuntwentysix onehuntwentyseven
onehunthirtyfour onehunforty
onehunfortyone onehunfortysix
onehunfortyeight onehunfiftyfour
onehunfiftyfive onehunsixty onehunsixtyone
onehunsixtynine onehunseventyfour onehunsixtynine
onehunseventysix onehunseventyfive onehuneightyone onehuneightytwo onehunseventysix
zero two three six seven
one one
ten ten
eleven eleven
twelve twelve
sixteen sixteen
seventeen seventeen
twentythree twentythree
twentyfive twentyfive
twentysix twentysix
thirtythree thirtythree
thirtyseven thirtyseven
thirtyeight thirtyeight
fortyfour fortyfour
fortyfive fortyfive
fiftytwo fiftytwo
fiftythree fiftythree
fiftyseven fiftyseven
fiftyeight fiftyeight
sixty sixty
sixtysix sixtysix
sixtyseven sixtyseven
seventyone seventyone
seventytwo seventytwo
seventyfive seventyfive
seventynine seventynine
eightytwo eightytwo
eightyseven eightyseven
ninetynine ninetynine
onehunone onehunone
onehuneight onehuneight
onehunten onehunten
onehunsixteen onehunsixteen
onehunseventeen onehunseventeen
onehuntwentyone onehuntwentyone
onehuntwentythree onehuntwentythree
onehuntwentyfour onehuntwentyfour
onehuntwentyeight onehuntwentyeight
onehunthirty onehunthirty
onehunthirtyfive onehunthirtyfive
onehunfortythree onehunfortythree
onehunfortyfour onehunfortyfour
onehunfortyfive onehunfortyfive
onehunfortynine onehunfortynine
onehunfifty onehunfifty
onehunfiftyseven onehunfiftyseven
onehunfiftynine onehunfiftynine
onehunsixtythree onehunsixtythree
onehunsixtyfour onehunsixtyfour
onehunsixtyfive onehunsixtyfive
onehunsixtysix onehunsixtysix
onehunseventy onehunseventy
onehunseventyone onehunseventyone
onehunseventythree onehunseventythree
onehunseventyeight onehunseventyeight
onehuneighty onehuneighty
onehuneightyfour onehuneightyfour
onehuneightyseven onehuneightyseven
onehunninety onehunninety
onehunninetyone onehunninetyone
onehunninetytwo onehunninetytwo
onehunninetythree onehunninetythree
onehunninetyfour onehunninetyfour
