zero one eight nine ten eleven eleven ten nine fifteen sixteen seventeen eighteen nineteen nineteen eighteen seventeen sixteen twentytwo twentynine thirty thirtyone thirtytwo thirtythree thirtythree thirtytwo thirtyone thirty thirtysix fortythree fortyfour fortyfive fortysix fortyseven fortyseven fortysix fortyfive fortyfour fifty fiftyone fiftytwo fiftythree fiftyfour fiftyfour fiftythree fiftytwo fiftyone fiftyseven fiftyeight fiftynine sixty sixtyone sixtyone sixty fiftynine fiftyeight sixtyfour sixtyfive sixtysix sixtyseven sixtyseven sixtysix sixtyfive seventyone seventytwo seventythree seventyfour seventyfour seventythree seventytwo seventyeight seventynine eighty eightyone eightyone eighty seventynine eightyfive ninetytwo ninetythree ninetyfour ninetyfour ninetythree ninetytwo one zero
32
eight twelve fourteen
fifteen twenty fifteen
twentytwo twentyfive twentytwo twentyfour
twentynine thirtyfour twentynine
thirtysix thirtyfive thirtynine thirtysix thirtyseven
fortythree fortyeight
fifty fiftyfive fifty
fiftyseven sixtytwo fiftyseven
sixtyfour sixtyeight
seventyone seventy seventyfive seventyseven seventyone
seventyeight eightytwo eightyfour seventyeight
eightyfive eightynine ninetyfive eightyseven eightyeight
zero two three four five six
ten ten
twentyfour twentyfour
thirty thirty
thirtythree thirtythree
thirtyseven thirtyseven
fortyfour fortyfour
fortyfive fortyfive
fortyseven fortyseven
fiftyone fiftyone
fiftythree fiftythree
sixty sixty
sixtyone sixtyone
sixtyfive sixtyfive
sixtysix sixtysix
sixtyseven sixtyseven
seventynine seventynine
eightyone eightyone
eightyseven eightyseven
eightyeight eightyeight
