0 109 110 114 108 110 181 110 199 110 150 92 182 182 59 115 190 102 177 120 98 90 28 84 121 84 117 186 84 28 94 143 94 169 194 128 112 104 4 31 5 179 111 139 111 179 48 118 179 137 179 178 178 31 103 31 4 142 192 78 6 6 78 192 142 112 169 94 133 172 133 94 11 62 176 152 66 134 132 134 66 152 45 149 180 68 37 37 171 148 125 148 72 22 163 69 41 41 69 163 22 72 187 149 45 62 28 90 98 44 107 47 170 73 122 95 3 88 10 8 196 10 88 3 127 141 131 129 159 159 38 157 101 140 126 39 184 168 126 21 195 156 195 166 124 52 52 71 58 58 71 52 101 157 38 14 188 77 191 174 191 77 188 146 119 146 188 14 38 25 197 147 197 25 38 145 154 145 141 57 40 164 57 141 127 3 95 27 185 155 185 95 122 138 122 64 130 116 116 130 64 170 47 99 32 158 32 99 42 165 175 165 99 47 107 44 115 182 92 150 110 109 160 20 79 198 12 12 20 53 136 53 20 160 109 106 86 135 86 106 109 0
77
114 15
190 70
177 17
117 76
5 63 2 13 5
48 46 48
104 51
194 9
11 43 82 29 11
176 34
68 93 30 68
171 19 65
180 23
8 49 8
131 55
39 18 39
21 74 81 21
100 16
140 24 7
119 60 56
40 61 40
27 97 27
73 67 73
42 35 42
183 83
120 87
59 89 59
79 36 79
66 66
31 31
22 22
99 99
62 62
41 41
77 77
50 50
58 58
45 45
95 95
4 4
1 1
44 44
75 75
96 96
37 37
38 38
92 92
71 71
28 28
47 47
84 84
20 20
85 85
80 80
98 98
53 53
72 72
52 52
64 64
78 78
57 57
32 32
25 25
91 91
54 54
10 10
33 33
86 86
94 94
90 90
6 6
12 12
14 14
3 3
69 69
26 26
88 88
