52 58 46 59 46 60 96 71 28 80 47 2 8 43 83 8 51 94 64 61 94 93 24 62 53 12 26 26 54 53 57 99 84 99 57 53 62 24 87 66 92 16 72 92 24 55 48 18 77 86 48 55 24 95 94 51 47 50 47 80 89 80 28 79 28 71 76 81 74 91 97 40 65 63 65 13 69 25 90 69 69 13 67 70 98 70 11 68 11 70 67 91 74 81 76 71 96 73 75 73 0
33
58 9 33
43 10 43
78 41 4 37
2 5 2
64 39
12 42 12
87 21
16 7 16
18 36 18
93 32
97 1 3
40 44 49 40
25 34 15 25
82 35 31
52 27 6 23
38 38
11 11
24 24
19 19
28 28
48 48
22 22
47 47
29 29
30 30
45 45
14 14
8 8
20 20
13 13
46 46
17 17
26 26
