0 81 85 1 73 53 17 111 24 93 48 28 33 62 29 9 26 10 96 55 92 55 96 10 26 29 62 33 68 15 76 15 68 101 66 68 33 105 21 103 41 50 7 106 38 44 49 102 2 107 2 49 44 74 57 74 99 46 64 39 65 104 18 109 18 65 114 12 113 78 110 75 30 6 22 88 84 56 25 79 40 42 80 87 83 23 70 20 37 27 31 19 61 63 8 63 61 89 16 89 97 89 61 31 27 37 20 70 23 83 87 80 42 40 79 25 56 84 88 22 6 30 75 78 65 39 77 39 64 46 99 74 44 38 7 119 43 34 60 34 43 7 50 41 69 59 69 41 33 48 93 111 17 53 73 1 85 81 0
22
0 191 192 193
24 173 174 175 176 177
28 186 187
9 158
76 188 189 190 182
101 124 126 127 128 129 130
21 183
107 171 155
102 131 133
109 120 121 122 123 161 162 163 164 165 166 167 180
104 138 139 140
19 156 157 159 160 194 172
8 195 196 151
36 125
110 168 169 170
113 178 179
12 132
114 181 184 185
106 147 148 149 150 152 153 154
119 197 198 199
103 134 135 136 137
105 141 142 143 144 145 146
