equinox name smash progress wilderness constant lamb improvement sell cycle incident safari safari incident approach advocate union liability distinct liability tile curtain tile liability president liability chain presidential dry revise mastermind tropical charismatic walk charismatic roll commitment roll charismatic acquisition mastermind revise dry mirror bark aisle conference research favor research conference shift conference aisle bark glove suffering candle glove bark fish brick extension extension fish bark twitch net twitch bark mirror mirror chain liability essential paint seller resident pudding paint community frighten map frighten community orange cherry orange community paint perform paint essential essential approach recording tongue morale tongue recording approach launch sell improvement kitchen improve death uncertainty account uncertainty reinforce corpse balance flow slice camp slice flow balance corpse reinforce uncertainty sustain hiccup hiccup sustain duck improve disposition survey disposition improve explicit active implication prestige improve old improve improvement lamb constant machinery machinery progress progress equinox
32
equinox band dollar
name funeral
cycle secretary
tropical muggy tropical
suffering novel
brick analyst remark brick
presidential prejudice presidential
union fibre union
seller houseplant seller
advocate jurisdiction
kitchen farewell
death photograph
explicit referee clothes explicit
wilderness method wilderness
lamb lamb
chain chain
essential essential
mastermind mastermind
aisle aisle
bark bark
disposition disposition
paint paint
uncertainty uncertainty
slice slice
fish fish
orange orange
flow flow
dry dry
twitch twitch
corpse corpse
hiccup hiccup
glove glove
