pump need preoccupation inquiry voice splurge fitness prevent clock plane salesperson share admiration admiration share posture plane clock deprivation sit flight sequence sit deprivation compromise distributor impound nap moment anniversary moment go extend moment nap criminal nap impound distributor exercise resort mud lead grudge preparation differ preparation grudge lead mud resort sentiment ton sweet sweet ton packet soap affect tease affect soap packet ground AIDS abortion AIDS ground packet resort separate symbol lump speech lump symbol separate sticky button racism button sticky separate sensitivity line operational novel pursuit jelly pursuit genetic bear opposite discreet opposite bear genetic election pipe pipe skin reject fool skin float dark float skin quaint skin line sensitivity distributor compromise strong compromise polish statement presence statement valley rock tournament rock valley statement polish compromise deprivation talkative slump glory slump talkative deprivation clock prevent fitness category injury category fitness set fitness ghost diagram precede extension descent gun gun ensure agenda cemetery spell cemetery park wording park gun descent opposition wife performance shed inspector few duck slam Mars grimace satellite satellite literature money literature quotation literature dialect literature thrust slam sex track incapable incapable slam duck few coma minor pepper office pepper pedestrian flourish pepper minor pastel peanut seller peanut pastel minor spine minor coma few inspector girl wife unanimous consensus vehicle consensus unanimous hallway feign Bible hierarchy hierarchy cooperative protect reduction tip allow allow mouse ideal mouse allow tip bacon consideration achievement consideration bacon hallway implication hallway wing arise terminal incongruous terminal twitch terminal arise transform coffee transform arise wing descent extension appearance hit connection projection hiccup projection connection hit tune leg tune hit advance hit crossing hit appearance peasant appearance extension precede ghost parallel around ghost final ghost voice sacrifice wear sketch sketch wear increase control engineer likely engineer control irony voice inquiry preoccupation need pump
62
salesperson attractive
flight linger
go survival
sentiment formulate sentiment
exercise freedom exercise
novel row
operational anger
reject judicial reject
agenda aspect physical
ensure lemon ensure
Mars reflection
sex overlook leadership
pedestrian prospect nominate pedestrian
shed privilege range gloom
performance title performance
Bible innovation
protect fairy
feign brain feign
opposition pray
diagram wage diagram
parallel forest parallel
splurge plug
sacrifice lot sacrifice
increase guideline
hallway hallway
sticky sticky
impound impound
category category
tip tip
literature literature
distributor distributor
sweet sweet
rock rock
pipe pipe
mouse mouse
appearance appearance
mud mud
unanimous unanimous
consideration consideration
preoccupation preoccupation
minor minor
depressed depressed
affect affect
admiration admiration
ground ground
polish polish
park park
button button
line line
engineer engineer
wear wear
pursuit pursuit
float float
separate separate
need need
genetic genetic
valley valley
descent descent
packet packet
hierarchy hierarchy
ghost ghost
sit sit
