paint fetch stop tame argue finish stereotyped puny simple simple shed finish sugar finish sick finish argue tame inherit boys fine glamorous glamorous inherit tame thumb baseball fling floor diligent measure heady measure diligent water diligent trucks slam ignite stream slam trucks fling baseball hit baseball thumb imported wrist brake complain appear brake wrist imported thumb tame indicate resonant tame stop sink stop paint
18
paint wooden
stereotyped ice
puny desire stink
boys ray
floor same floor
ignite route rake
complain learning determine complain
indicate nutty indicate
fetch ambiguous
blade blade
inherit inherit
thumb thumb
finish finish
measure measure
diligent diligent
glamorous glamorous
slam slam
imported imported
