S S1 S T10 T11 T10 S T12 T13 T12 S T14 T15 T14 S T16 T17 T16 S T18 T19 T18 S S2 S T20 T21 T20 S T22 T23 T22 S T24 T25 T24 S T26 T27 T26 S T28 T29 T28 S T30 T31 T30 S T32 T33 T32 S T34 T35 T34 S T36 T37 T36 S T38 T39 T38 S S3 S T40 T41 T40 S T42 T43 T42 S T44 T45 T44 S T46 T47 T46 S T48 T49 T48 S T50 T51 T50 S T52 T53 T52 S T54 T55 T54 S T56 T57 T56 S T58 T59 T58 S S4 S T60 T61 T60 S T62 T63 T62 S T64 S R0 I0 I1 H1 DT0 DT1 DT0 H1 DT10 DT11 DT10 H1 DT20 DT21 DT20 H1 DT30 DT31 DT30 H1 I1 I0 H0 DT9 DT8 DT9 H0 DT19 DT18 DT19 H0 DT29 DT28 DT29 H0 DT39 DT38 DT39 H0 I0 R0 S R2 I2 I3 H3 DT2 DT3 DT2 H3 DT12 DT13 DT12 H3 DT22 DT23 DT22 H3 DT32 DT33 DT32 H3 I3 R2 S R4 I4 I5 H5 DT4 DT5 DT4 H5 DT14 DT15 DT14 H5 DT24 DT25 DT24 H5 DT34 DT35 DT34 H5 I5 R4 S R6 I6 I7 H7 DT6 DT7 DT6 H7 DT16 DT17 DT16 H7 DT26 DT27 DT26 H7 DT36 DT37 DT36 H7 I7 R6 S R8 I8 I9 I9 R8 S R10 I10 I11 I11 R10 S R12 I12 I13 I13 R12 S R14 I14 I15 I15 R14 S R16 I16 I17 I17 R16 S R18 I18 I19 I19 R18 S R20 I20 I21 I21 R20 S R22 I22 I23 I23 R22 S R24 I24 I25 I25 R24 S R26 I26 I27 I27 R26 S R28 I28 I29 I29 R28 S R30 I30 I31 I31 R30 S R32 I32 I33 I33 R32 S R34 I34 I35 I35 R34 S R36 I36 I37 I37 R36 S R38 I38 I39 I39 R38 S
24
I2 H2
I4 H4
I6 H6
I8 H9 H8
I10 H11 H10
I12 H13 H12
I14 H15 H14
I16 H17 H16
I18 H19 H18
I20 H21 H20
I22 H23 H22
I24 H25 H24
I26 H27 H26
I28 H29 H28
I30 H31 H30
I32 H33 H32
I34 H35 H34
I36 H37 H36
I38 H39 H38
H0 H0
H1 H1
H3 H3
H5 H5
H7 H7
