F1E81B DD07FF 6C010A 5FD658 770D1A CDC6D4 40D10E 2CF818 40D10E 770D1A 5FD658 6C010A 0A147B CD2CA7 0A147B 17779E FFFD4B 573788 2334E8 DE6899 BDE94D F8EE67 9D4968 6825D4 3EDE7E EB8E2E 2CA4AD 1B337D 2CA4AD A9F1B8 251939 251939 3EDE7E 1D21D3 8EBF8A 8C971D E2CE9F E33276 A7D03E D4A75D 124C90 612FAA B23276 BF6302 BF6302 103724 5A3862 CC6D2A 099830 82A1F6 E0BEFC EC4D08 B7F75A 6CAF46 B7F75A EC4D08 17BB75 D1AE72 F3EDB3 D1AE72 98C2CE 099830 04439C 205E5C AD0427 94941B AD0427 580DB7 5D0E2E 013940 013940 825EC5 DEC4F2 825EC5 013940 D2BE39 783751 846159 BA3320 13A782 A94B37 A014A0 06C557 B75549 EDF90E C63C0A EDF90E B75549 A94B37 5BB557 1EC224 CB3924 BA32D6 55BAD2 55BAD2 BA32D6 CB3924 5BB557 490F1E 490F1E 112AE7 EAD0E3 5EFED0 5EFED0 580DB7 AD0427 04439C 099830 48EA33 E63884 B27903 7BE8A9 7BE8A9 C9AF85 9096DB 36590B 53C6C8 9DA2E3 62C365 9DA2E3 9096DB C9AF85 7BE8A9 E63884 48EA33 10520F 086D53 9A8DF4 48EA33 099830 103724 612FAA 124C90 A7D03E E2CE9F B23A80 1977E0 B23A80 6F492E B23A80 E2CE9F 8C971D 8EBF8A 1D21D3 9D4968 F8EE67 BDE94D 2924CB 4B3F8A 86493E 0C73D8 FB0EF2 86493E 4B3F8A 3C5D7A 230A7C 85D6DB 230A7C 3C5D7A BDE94D 79BC3D EE2A22 BDE94D DE6899 2334E8 573788 FFFD4B 17779E 0A147B F1E81B
66
CDC6D4 8417C8
DD07FF 1E1095 D337F2 C3B3E7 0F5860
1B337D 7E1C6C 4A28BA 5F4E43
A9F1B8 5C7062 52C88C
EB8E2E 14994D 596CF6
D4A75D 4CAD30 D4A75D
B23276 8BFCAC
5A3862 851F90
6CAF46 813B05 685D1A
17BB75 47FACD
E0BEFC 28F6D1
82A1F6 2FEDFB
205E5C DCE144 BB40E6
846159 6D51F4 B47658
BA3320 CEAC59
A014A0 151BC9
06C557 93EBE3
13A782 14B430
1EC224 4099A6 C4303B 293D59
783751 20EAE7 783751
D2BE39 77A0B5
5D0E2E 6E313C E3C2C9 8F495E 8B6C2F 8B519F
112AE7 94A561 C18C9B E5E6C0
53C6C8 FFEEBD 614224 7829D7
36590B 66048A 36590B
B27903 36C862
10520F C3EF62
9A8DF4 305D33 A1F104
086D53 61199E F33196 4A5708
CC6D2A 2BF7B5
E33276 6966D7 6B340B 8015E0
6825D4 239994 AE4A01
0C73D8 E81014
85D6DB E51A66 63361A 85D6DB
2924CB 7E78F3
EE2A22 396D53 4B97F1 59843B
79BC3D 2CCB19
573788 573788
29D5D7 29D5D7
17779E 17779E
D1967A D1967A
230A7C 230A7C
1F842B 1F842B
AEFF96 AEFF96
9096DB 9096DB
C9AF85 C9AF85
6B622D 6B622D
CC9C14 CC9C14
770D1A 770D1A
E80628 E80628
0CBC31 0CBC31
5BB557 5BB557
90451D 90451D
B7F75A B7F75A
8EBF8A 8EBF8A
B69F55 B69F55
3B4B53 3B4B53
D6CC7A D6CC7A
86493E 86493E
490F1E 490F1E
FFFD4B FFFD4B
DE6899 DE6899
8F17C0 8F17C0
BB4908 BB4908
124C90 124C90
ABD8FE ABD8FE
