188645 0FB66D CEAE00 C0766C 7E5598 DDF3EB D27DC1 6D778A 36D08C 567883 143B88 143B88 17A825 17A825 36D08C 6D778A D27DC1 EC05F7 103C70 500783 35FF16 A7E9D9 B7B073 657F93 24CE25 24CE25 B833F0 FA567E 2EA2EE B833F0 B7B073 A7E9D9 E0E349 0801CC 0801CC 500783 298FDD 410DA1 31D332 35F60D 61EDA9 D9447D 31D332 DD2694 AD298D AE6906 784F83 7BF2B5 784F83 AE6906 AD298D DD2694 31D332 410DA1 DF9F85 410DA1 500783 103C70 D27DC1 DDF3EB CEAE00 0FB66D 188645
33
7E5598 0A5C0E 3B1041 AFF8D1 0FBCDC
567883 44716B C98FE7
657F93 94D700 E954F7 467AB7
2EA2EE 9B9BDD 84EBFF
FA567E EF4D57
35FF16 994F93 800641 A5CCB5
E0E349 1276AF D04F40 9B0EC2 628AB2
D9447D 19FFAB 48C2D5
61EDA9 E09D29 D5356A 3ADA02
35F60D 4FBDE1 CB09C0 AA8E14 2C101C
7BF2B5 8D0852 37F745 D7CAF9 D443EB
70146D 724A76
DF9F85 7E18E9 D01E6B
298FDD FF8D45
EC05F7 539A92 FD1783 29B2A4
C0766C 07D80A
29B2A4 29B2A4
DBDC9A DBDC9A
500783 500783
A7E9D9 A7E9D9 DBDC9A
DD2694 DD2694
784F83 784F83
6D778A 6D778A
0FBCDC 0FBCDC
B833F0 B833F0
B7B073 B7B073
0FB66D 0FB66D
2C101C 2C101C
D443EB D443EB
3ADA02 3ADA02
628AB2 628AB2
A5CCB5 A5CCB5
CEAE00 724A76
