S Q D C E B W AW X AN CY DF DK DN DR DT DU DX EB EC ED EH EM ER ET EU EY FB FE FI FJ FN FO FW FX FY GH GL GM GP QR X X DB DM DO DV DW EF EJ EP EQ EV EZ FA FM FQ FS FU FZ GA GF GG GI GK GN GQ QS W W DE DH EI A EK A EI EI I FC I EI K K EI EI V EN V EI EI EO FD FR GD E DC DL DS EX GC CX DA DP ES EW FF FG FK GB GE J BW BW CZ DI FL DD DG DQ DZ EA EG EL FP FT FV GO F EE FH DY S
18
AN AD AH AI AJ AL AP AV BE BK BN BO BR BU BY CH CI CO CW AN
AW CT BF BZ CC CK CS CU AW
B AY AR AX BD CA H CL M AC B
C AU BG BV CR C
D U AF AM AT AZ BP CF CV D
J O Y Z AQ AS BS CB J
Q L P AA AE AG AK AO BA BB BC BH BI BJ BL BM BQ BT BX CE CJ CN CP CQ Q
F G N CM F
S R T AB
A A
E E
I I
K K
V V
W W
X X
BW BW
CD CD
