Wheeler Doe Campanile LeConte Campbell Haviland McLaughlin South Stephens HearstAnnex Anthony Stern Anthony GBC WayWest Cloyne Cafe3 Hearst Davis Kresge Normandy Cheit Pimentel Morgan CVStarr Moffitt VLSB Etcheverry Latimer Evans Morrison Hertz Kroeber Cory Jacobs Jacobs Cory Hertz Morrison Evans Etcheverry VLSB Moffitt Soda Sather Barrows Barrows Soda Moffitt CVStarr Morgan Pimentel Cheit Normandy Kresge Davis Hildebrand GenPlantBio Hildebrand Davis Hearst Cafe3 Cloyne GBC Anthony HearstAnnex Unit1 HearstAnnex Blackwell HearstAnnex South McLaughlin Mulford Koshland Stonefire Haas Minor Maxwell Bowles Calvin Calvin Minor Haas Faculty FSM Baker McCone BigC Pavilion Simons LaNote Unit2 TacoBell Unit2 LaNote Stacks LaNote BigC Bongo FallRush Bongo NorthGate Bongo BigC Baker CZ Spieker CalHall Spieker Baker FSM Faculty Haas Stonefire RareTea Stonefire Koshland Koshland LeConte Campanile Doe Dwinelle MLK Zellerbach MLK Eshleman MLK Dwinelle Wheeler
28
Campbell Birge
Stephens Moses
WayWest Warren Metropolitan
Latimer Foothill
Kroeber Boalt Bechtel Kroeber
Sather Martinez Unit3 OCF Barker
Haviland IHouse RSF
Maxwell Hargrove
Pavilion PeoplePark
Simons Legends TriDelta
McCone CKerr
CZ Fiji
Wheeler Sproul
Hearst Hearst
Stonefire Stonefire
Unit2 Unit2
Anthony Anthony
Moffitt Moffitt
Dwinelle Dwinelle
Jacobs Jacobs
Morrison Morrison
Haas Haas
Baker Baker
Cheit Cheit
Davis Davis
Cloyne Cloyne
Etcheverry Etcheverry
McLaughlin McLaughlin
