Bowles Etcheverry Smokes Etcheverry Sather Target Sather Etcheverry LaVals Marina LaVals Kips LaVals Mulford Latimer MLK Hearst Jacob Hertz Wheeler Hertz Sproul Soda Sproul Hertz CVStarr Hillel CVStarr Unit3 Venus CVStarr Hertz Jacob TopDog Kidd Fenwick Barker SigmaChi Barker DonnerLab Barker Fenwick Cornerstone Fenwick Starbucks DYar Jacob Cory Bechtel Minor Memorial Stern FSM Sliver FSM Stern McDonalds CZ Minor Stephens Minor Kroeber Anthony Optometry TraderJoes Optometry Anthony Kroeber Strada UCha Stanley VLSB Boalt Kresge Gregoire Kah Gregoire Boalt BAMPFA Cafe3 Jupiter Bongo OCF Lewis Morrison LaNote Morrison Rasputin Bachenheimer Rasputin Morrison ThetaChi Morrison Lewis Wurster McCone Spats Botanical McCone Amoeba Moses Kee RareTea Gypsys Chengdu Gypsys RareTea SigmaOmicronPi Marugame SigmaOmicronPi SigmaPsiZeta SigmaOmicronPi Greek Cinnaholic Greek Unit2 BART Milano IndianRock FallRush IndianRock Milano CREAM EZStop CREAM SuperDuper Normandy SuperDuper CREAM Milano Greek Campbell MemorialStadium Hargrove Tan Warren Safeway Stebbins Safeway Warren Tan Walgreens Tan Hoyt Claremont Hoyt PhiKappaTau Hoyt Tan Hargrove Spieker Hargrove MemorialStadium Koshland Crepevine Koshland Eshleman Jacob Evan Moffitt Faculty Convent Faculty Moffitt Cloyne BlueDoor Cloyne Moffitt SigmaPhiOmega BearFoodCourt Fiji BearFoodCourt SigmaPhiOmega Jacob Foothill Cheit Dwinelle TastyPot KappaAlpha TastyPot Dwinelle Haas Crossroads Euclid sweetgreen BigC sweetgreen Metropolitan sweetgreen TriDelta sweetgreen Haas Pavilion GBC Pavilion Haas Subway Haas Dwinelle HearstAnnex Lothlorien PhiKappaPsi Lothlorien HearstAnnex Pappys HearstAnnex Dwinelle Hildebrand YogurtPark Sinaloa YogurtPark Hildebrand Koja Haviland IHouse Haviland Morgan LKShing Ippuku ChancellorHouse Ippuku LKShing Haviland Jacob Hearst Kingman Legends Kingman Hearst South CalHall Bowles
55
Bowles Graduate
Unit3 WayWest Ridge Unit3
TopDog GammaPhiBeta
Starbucks MFoundry
Bechtel Birge Wilde
Memorial TacoBell Barrows AlphaSigmaPhi
Strada Daiso Simons RoseGarden Strada
Kresge PeoplesPark Castro Kresge
VLSB NorthGate VLSB
Bongo RSF ShengKee Cheeseboard Bongo
Spats PiAlphaPhi Spats
Wurster Zellerbach Wurster
Stanley ALS
Moses Sutardja Moses
Unit2 StrawberryCreek Unit2
Campbell Doe Campbell
Cory Extension
Evan GenPlantBio Evan
Crossroads NCEM Crossroads
Foothill Browns Unit1 Foothill
Morgan Martinez Morgan
MLK Rochdale
Latimer Easterly
South Sherman
Mulford Crescent Mulford
Campanile Campanile
Wellman Wellman
Koshland Koshland
HearstAnnex HearstAnnex
Haas Haas
Boalt Boalt
Blackwell Blackwell
Greek Greek
Maxwell Maxwell
Calvin Calvin
Etcheverry Etcheverry
Hildebrand Hildebrand
Baker Baker
CKerr CKerr
Pavilion Pavilion
Stacks Stacks
LaVals LaVals
Edwards Edwards
Safeway Safeway
Gypsys Gypsys
YogurtPark YogurtPark
Cloyne Cloyne
Lothlorien Lothlorien
Wolf Wolf
Chipotle Chipotle
IndianRock IndianRock
UCTheatre UCTheatre
Barker Barker
BearFoodCourt BearFoodCourt
PiLambda PiLambda
