0 42 6 50 53 58 72 53 50 54 59 76 75 54 50 52 56 67 99 67 52 57 68 57 69 57 52 50 51 55 62 85 86 55 63 89 63 88 63 55 25 23 29 22 3 22 23 28 16 55 64 90 32 38 90 91 55 60 81 60 80 60 79 60 55 61 82 55 51 50 5 13 17 5 8 48 7 44 9 7 48 27 48 8 46 8 31 43 8 36 18 36 8 30 8 33 1 4 8 24 47 24 0
27
42 40 42
0 21
58 74 71 73
59 77 78 59
56 97 98 95 96 94
62 87 62
25 35 14 2 11 19 37 25
29 12 41
32 34 32
64 92 93
61 84 83
13 49
44 26
31 70 20 31
33 39 33
60 60
66 66
90 90
52 52
54 54
48 48
10 10
55 55
67 67
23 23
63 63
45 45
