0 17 0 100 101 0 31 0 3 29 29 0 86 0
26
17 13 44 65 22 42 66 17 70 77 68 5
100 128 130 127 138 152 153 151 124 118 123 121 136 145 146 147 142 144 149 100 104 106 102 105
101 198 196 194 189 188 117 167 168 169 172 171 173 175 177 178 158 156 160 154 182 180 179 101 109 113 112
31 35 53 26 1 24 59 21 72 7 31 25 57 89
3 96 63 14 49 87 58 55 51 18 28 54 56 4
86 90 83 99 85 98 43 82 62 86 20 81 10
104 104
20 20
25 25
70 70
109 109
81 81
77 77
10 10
57 57
106 106
29 29 75
68 68
89 89
113 113
112 112
102 102
105 105
75 75
5 5
4 4
