MapLocation152 MapLocation106 MapLocation41 MapLocation185 MapLocation33 MapLocation163 MapLocation74 MapLocation51 MapLocation141 MapLocation65 MapLocation99 MapLocation57 MapLocation24 MapLocation110 MapLocation97 MapLocation154 MapLocation154 MapLocation97 MapLocation24 MapLocation166 MapLocation89 MapLocation88 MapLocation27 MapLocation96 MapLocation95 MapLocation28 MapLocation42 MapLocation167 MapLocation42 MapLocation129 MapLocation50 MapLocation7 MapLocation10 MapLocation78 MapLocation175 MapLocation56 MapLocation104 MapLocation104 MapLocation75 MapLocation78 MapLocation67 MapLocation67 MapLocation19 MapLocation18 MapLocation17 MapLocation6 MapLocation14 MapLocation15 MapLocation16 MapLocation84 MapLocation162 MapLocation123 MapLocation13 MapLocation13 MapLocation170 MapLocation149 MapLocation149 MapLocation149 MapLocation170 MapLocation162 MapLocation1 MapLocation162 MapLocation31 MapLocation14 MapLocation6 MapLocation52 MapLocation113 MapLocation126 MapLocation165 MapLocation126 MapLocation113 MapLocation52 MapLocation6 MapLocation17 MapLocation77 MapLocation196 MapLocation160 MapLocation184 MapLocation176 MapLocation174 MapLocation176 MapLocation184 MapLocation160 MapLocation199 MapLocation160 MapLocation180 MapLocation160 MapLocation5 MapLocation26 MapLocation5 MapLocation93 MapLocation93 MapLocation19 MapLocation67 MapLocation144 MapLocation115 MapLocation135 MapLocation135 MapLocation115 MapLocation50 MapLocation91 MapLocation50 MapLocation129 MapLocation42 MapLocation28 MapLocation62 MapLocation80 MapLocation194 MapLocation194 MapLocation117 MapLocation28 MapLocation134 MapLocation45 MapLocation134 MapLocation27 MapLocation168 MapLocation159 MapLocation168 MapLocation27 MapLocation88 MapLocation195 MapLocation68 MapLocation193 MapLocation132 MapLocation195 MapLocation88 MapLocation89 MapLocation37 MapLocation89 MapLocation166 MapLocation131 MapLocation166 MapLocation99 MapLocation65 MapLocation127 MapLocation29 MapLocation108 MapLocation35 MapLocation94 MapLocation100 MapLocation147 MapLocation64 MapLocation38 MapLocation155 MapLocation124 MapLocation38 MapLocation64 MapLocation147 MapLocation46 MapLocation147 MapLocation100 MapLocation94 MapLocation35 MapLocation90 MapLocation35 MapLocation108 MapLocation29 MapLocation127 MapLocation65 MapLocation3 MapLocation58 MapLocation116 MapLocation169 MapLocation142 MapLocation169 MapLocation2 MapLocation21 MapLocation151 MapLocation44 MapLocation151 MapLocation146 MapLocation85 MapLocation191 MapLocation85 MapLocation140 MapLocation130 MapLocation130 MapLocation2 MapLocation169 MapLocation116 MapLocation101 MapLocation40 MapLocation112 MapLocation71 MapLocation71 MapLocation40 MapLocation98 MapLocation190 MapLocation66 MapLocation190 MapLocation98 MapLocation178 MapLocation98 MapLocation40 MapLocation101 MapLocation116 MapLocation58 MapLocation58 MapLocation173 MapLocation188 MapLocation188 MapLocation188 MapLocation173 MapLocation58 MapLocation122 MapLocation92 MapLocation187 MapLocation25 MapLocation187 MapLocation92 MapLocation83 MapLocation82 MapLocation82 MapLocation83 MapLocation137 MapLocation87 MapLocation137 MapLocation48 MapLocation137 MapLocation63 MapLocation121 MapLocation72 MapLocation79 MapLocation125 MapLocation86 MapLocation86 MapLocation156 MapLocation0 MapLocation0 MapLocation156 MapLocation79 MapLocation72 MapLocation177 MapLocation72 MapLocation121 MapLocation61 MapLocation138 MapLocation157 MapLocation138 MapLocation120 MapLocation54 MapLocation120 MapLocation138 MapLocation49 MapLocation139 MapLocation49 MapLocation181 MapLocation153 MapLocation34 MapLocation153 MapLocation181 MapLocation49 MapLocation138 MapLocation61 MapLocation121 MapLocation51 MapLocation163 MapLocation9 MapLocation20 MapLocation158 MapLocation158 MapLocation20 MapLocation9 MapLocation41 MapLocation106 MapLocation39 MapLocation172 MapLocation39 MapLocation152
69
MapLocation74 MapLocation192 MapLocation150
MapLocation110 MapLocation8
MapLocation57 MapLocation36 MapLocation57
MapLocation96 MapLocation107 MapLocation12 MapLocation69 MapLocation96
MapLocation10 MapLocation22 MapLocation10
MapLocation56 MapLocation102 MapLocation56
MapLocation175 MapLocation145 MapLocation175
MapLocation16 MapLocation70 MapLocation198 MapLocation16
MapLocation84 MapLocation189
MapLocation123 MapLocation60 MapLocation43 MapLocation133 MapLocation123
MapLocation15 MapLocation109 MapLocation15
MapLocation18 MapLocation81 MapLocation18
MapLocation196 MapLocation47
MapLocation77 MapLocation179 MapLocation77
MapLocation7 MapLocation171 MapLocation7
MapLocation80 MapLocation55 MapLocation105
MapLocation62 MapLocation161 MapLocation23 MapLocation62
MapLocation68 MapLocation148 MapLocation114
MapLocation155 MapLocation4
MapLocation146 MapLocation119 MapLocation146
MapLocation21 MapLocation111
MapLocation112 MapLocation186 MapLocation128
MapLocation3 MapLocation183 MapLocation164 MapLocation32
MapLocation122 MapLocation59 MapLocation122
MapLocation125 MapLocation53 MapLocation182 MapLocation125
MapLocation141 MapLocation136
MapLocation185 MapLocation118 MapLocation76 MapLocation185
MapLocation152 MapLocation103
MapLocation14 MapLocation14
MapLocation17 MapLocation17
MapLocation19 MapLocation19
MapLocation20 MapLocation20
MapLocation35 MapLocation35
MapLocation72 MapLocation72
MapLocation13 MapLocation13
MapLocation113 MapLocation113
MapLocation50 MapLocation50
MapLocation67 MapLocation67
MapLocation97 MapLocation97
MapLocation71 MapLocation71
MapLocation154 MapLocation154
MapLocation156 MapLocation156
MapLocation149 MapLocation149
MapLocation127 MapLocation127
MapLocation129 MapLocation129
MapLocation106 MapLocation106
MapLocation61 MapLocation61
MapLocation79 MapLocation79
MapLocation94 MapLocation94
MapLocation41 MapLocation41
MapLocation137 MapLocation137
MapLocation104 MapLocation104
MapLocation9 MapLocation9
MapLocation116 MapLocation116
MapLocation173 MapLocation173
MapLocation85 MapLocation85
MapLocation170 MapLocation170
MapLocation100 MapLocation100
MapLocation135 MapLocation135
MapLocation29 MapLocation29
MapLocation92 MapLocation92
MapLocation86 MapLocation86
MapLocation99 MapLocation99
MapLocation121 MapLocation121
MapLocation194 MapLocation194
MapLocation42 MapLocation42
MapLocation166 MapLocation166
MapLocation153 MapLocation153
MapLocation28 MapLocation28
