MapLocation67 MapLocation16 MapLocation25 MapLocation47 MapLocation5 MapLocation4 MapLocation3 MapLocation99 MapLocation1 MapLocation2 MapLocation13 MapLocation50 MapLocation50 MapLocation13 MapLocation78 MapLocation43 MapLocation43 MapLocation1 MapLocation15 MapLocation68 MapLocation18 MapLocation18 MapLocation15 MapLocation1 MapLocation83 MapLocation83 MapLocation19 MapLocation96 MapLocation70 MapLocation30 MapLocation30 MapLocation70 MapLocation19 MapLocation91 MapLocation51 MapLocation36 MapLocation69 MapLocation53 MapLocation53 MapLocation69 MapLocation36 MapLocation63 MapLocation29 MapLocation89 MapLocation26 MapLocation26 MapLocation88 MapLocation88 MapLocation26 MapLocation82 MapLocation82 MapLocation29 MapLocation35 MapLocation76 MapLocation49 MapLocation49 MapLocation76 MapLocation58 MapLocation58 MapLocation29 MapLocation63 MapLocation91 MapLocation11 MapLocation61 MapLocation61 MapLocation4 MapLocation5 MapLocation41 MapLocation93 MapLocation39 MapLocation39 MapLocation93 MapLocation27 MapLocation27 MapLocation25 MapLocation16 MapLocation8 MapLocation8 MapLocation77
33
MapLocation47 MapLocation42 MapLocation66
MapLocation2 MapLocation48 MapLocation2
MapLocation78 MapLocation72 MapLocation84
MapLocation68 MapLocation45 MapLocation79 MapLocation14 MapLocation68
MapLocation0 MapLocation74 MapLocation0
MapLocation99 MapLocation65 MapLocation20 MapLocation0
MapLocation96 MapLocation73
MapLocation51 MapLocation10 MapLocation51
MapLocation89 MapLocation24 MapLocation85 MapLocation6
MapLocation35 MapLocation80 MapLocation37 MapLocation35
MapLocation11 MapLocation86
MapLocation3 MapLocation81 MapLocation3
MapLocation41 MapLocation17 MapLocation44
MapLocation67 MapLocation97 MapLocation67
MapLocation77 MapLocation55
MapLocation1 MapLocation1
MapLocation4 MapLocation4
MapLocation5 MapLocation5
MapLocation82 MapLocation82
MapLocation70 MapLocation70
MapLocation19 MapLocation19
MapLocation27 MapLocation27
MapLocation61 MapLocation61
MapLocation13 MapLocation13
MapLocation91 MapLocation91
MapLocation8 MapLocation8 MapLocation40
MapLocation58 MapLocation58
MapLocation83 MapLocation83 MapLocation74
MapLocation39 MapLocation39
MapLocation93 MapLocation93
MapLocation40 MapLocation40
MapLocation88 MapLocation88
MapLocation49 MapLocation49
