aa as aa bo by cw by al cv bj cf dm dt du dd ap bd bd ap do bs dc aj bh bi bh dc bs ak cq df bk ao bw bg aw di aw cn ag bn ae cz dq ch ch cu ax bp cd bp ax cz ae bn bq bn ag dh ag cn aw bg bw ao dl ao bb au au dp ao ah af af df cq cq bs ct cr ct co ct bs do ck ab ba bx ba ab ck du dm bj aq an bl ci ad ci bl av bc bm cp cs bt ai ai cp bm bc cc bc dn bc bz bc ca bc av at cx at av bl an az da cg da az an aq cy dk dk cj cj aq bj cv by dr bf bf dr ar ds aa
36
cf dj cf
dd db am
aj br aj
dq dv dq
bb cb bb
bk ay bk
ak ce dg ac ak
dt cl
cs bu cs
cy de bv cy
al cm
bo be bo
ag ag
df df
bc bc
bf bf
ae ae
cj cj
ax ax
bj bj
ab ab
az az
ao ao
at at
bd bd
ap ap
by by
ch ch
bs bs
au au
dk dk
af af
dr dr
ct ct
bl bl
bg bg
