86 2 46 200 171 7 23 8 12 49 55 118 60 1 81 197 81 114 29 108 162 190 195 190 9 10 83 10 112 10 26 164 26 186 26 62 193 165 39 147 155 161 45 191 45 57 95 57 119 171 187 22 102 128 3 11 99 99 11 19 77 19 166 176 166 19 37 151 188 16 188 40 15 18 47 34 135 34 178 34 136 144 136 32 25 134 50 134 36 70 61 104 24 124 104 40 141 40 127 130 4 142 130 98 33 103 109 170 109 128 86
42
46 94 117
2 74 75 2
12 48 123 138 149
55 93 132
1 76 106 1
29 129 121
108 44 72 184
114 52 105
9 13 110 181
62 89
60 87
8 14 148 21 137 8
39 56
23 28 116 66 185
7 101 145 163
22 35 90 100 22
86 198 120 125 152 150 169
3 196 113
37 73 97 156
151 17 194
47 41
43 174
18 192 84 27 139 177
25 64 140 6 153 154 158
32 126 157 159 175
36 38 82 36
61 30 69 146 107
24 189
15 122 199
4 53 179 183
98 91 173
5 160 5
10 10
11 11
19 19
26 26
45 45
51 51
54 54
57 57
71 71
92 92
