110 57 129 44 68 82 68 153 184 164 164 100 2 7 7 81 159 174 38 69 95 162 128 162 95 69 38 116 139 39 61 194 102 118 138 190 190 138 3 3 102 194 11 176 158 117 13 160 104 98 189 178 62 34 150 34 62 134 74 12 74 148 42 148 74 134 172 92 169 197 135 37 135 197 169 65 54 35 73 180 113 125 113 180 73 47 156 177 156 73 35 54 65 169 92 172 134 62 178 189 98 104 160 151 151 117 158 176 11 139 116 38 174 114 174 159 81 100 60 66 87 196 109 9 88 25 146 25 41 41 192 31 144 89 170 14 173 30 157 198 16 198 80 198 157 167 94 76 183 76 94 167 157 173 14 170 89 144 10 137 161 78 56 50 96 21 188 84 84 21 53 120 59 179 1 49 1 36 79 149 126 147 32 23 0 154 28 28 154 8 8 23 32 147 126 149 79 36 1 179 59 120 53 21 96 50 56 78 161 70 27 115 17 115 19 19 165 108 63 18 141 83 46 101 43 123 123 43 97 93 187 121 105 121 187 93 140 6 131 48 131 6 186 6 140 93 97 46 166 111 51 58 51 111 166 46 141 71 141 18 63 108 19 115 27 70 161 137 10 130 10 144 31 192 41 25 88 9 109 196 87 66 60 100 164 184 112 182 182 112 68 44 129 57 26 191 119 119 199 103 24 185 24 103 199 119 191 57 110 77 195 33 136 99 181 133 155 133 143 133 181 99 136 33 4 67 15 86 86 75 75 145 106 145 75 4 33 195 77 110
79
2 72 168 124
61 171
118 122 127
47 45 47
13 142 13
39 55 39
30 20 40 30
188 64 175
0 29 107 0
165 52 22 165
83 5 83
101 193 101
153 85
26 90 152 26
15 132 163 15
67 91 67
178 178
76 76
190 190
54 54
36 36
60 60
160 160
99 99
141 141
44 44
197 197
50 50
51 51
28 28
195 195
172 172
159 159
148 148
43 43
81 81
41 41
87 87
169 169
18 18
53 53
11 11
56 56
126 126
6 6
25 25
96 96
147 147
38 38
1 1
140 140
121 121
123 123
182 182
73 73
14 14
161 161
131 131
98 98
79 79
103 103
170 170
149 149
92 92
66 66
74 74
3 3
100 100
181 181
19 19
199 199
154 154
189 189
94 94
138 138
192 192
77 77
176 176
145 145
