57 95 9 95 70 10 74 32 20 69 20 32 74 17 42 39 61 66 56 6 80 15 1 81 55 68 38 94 94 31 52 96 19 19 96 52 31 68 13 45 76 89 50 11 29 82 60 72 60 90 60 12 24 73 26 28 88 63 88 28 26 73 24 12 60 82 29 11 50 18 50 89 45 47 93 27 36 40 30 34 65 22 0 22 65 34 30 40 36 27 93 47 8 37 8 47 45 13 71 91 91 71 81 15 33 33 56 66 39 42 5 23 86 49 54 14 62 67 92 44 44 67 62 14 54 49 86 23 79 77 3 77 79 23 5 42 17 70 95 53 97 97 53 75 78 85 46 64 59 25 41 25 59 64 16 35 35 85 78 75 57
41
61 48 61
1 98
38 43 99 38
76 58 76
55 4 55
80 7 80
6 83
92 87 51
10 21
57 2
46 84 46
86 86
54 54
25 25
13 13
11 11
47 47
75 75
78 78
17 17
26 26
64 64
50 50
91 91
14 14
94 94
70 70
88 88
77 77
68 68
29 29
24 24
56 56
52 52
5 5
62 62
34 34
42 42
53 53
12 12
36 36
