0x4a 0x4b 0x37 0x4b 0x4a 0x1d 0x63 0x19 0x5c 0x16 0x17 0x5d 0x17 0x42 0x43 0x23 0x5e 0x62 0x51 0x62 0x5e 0x3a 0x43 0x42 0x55 0xf 0x55 0x1 0x27 0x52 0x0 0x52 0x18 0x1 0x2b 0x54 0x48 0x46 0x48 0x54 0x2b 0x1 0x55 0xd 0x10 0x28 0x35 0x14 0x45 0x4f 0x33 0x47 0x29 0x45 0x41 0x60 0x41 0x45 0x36 0x30 0x25 0x34 0x49 0x58 0x49 0x1a 0x49 0x34 0x22 0x34 0xa 0x12 0xa 0x6 0xd 0x55 0x42 0x3 0x3e 0x20 0x40 0x8 0x4c 0x8 0x40 0x20 0x3e 0x26 0x3e 0x3 0x2c 0x3c 0x7 0x3 0x42 0x17 0x16 0xe 0x16 0x63 0x1d 0x4a
36
0x19 0x1f 0x4e
0x23 0x53
0x27 0x59 0x2e 0x61 0x27
0x10 0x3b 0x10
0x33 0x1e
0x47 0x21
0x4f 0x2a 0x4f
0x14 0x5f 0x2d 0x14
0x35 0x13 0x2 0x35
0x22 0x4 0x4d
0x30 0x3d
0x28 0x32
0x3c 0x1b 0x3c
0x2c 0x1c 0x2c
0xe 0x5a 0x31
0x20 0x20
0x55 0x55
0x48 0x48
0x50 0x50
0x63 0x63
0x17 0x17
0x5e 0x5e
0xc 0xc
0x52 0x52
0x1d 0x1d
0x5 0x5
0x4b 0x4b
0x9 0x9
0x45 0x45
0xb 0xb
0x62 0x62
0x56 0x56
0x57 0x57
0x41 0x41
0x39 0x39
0x11 0x11
