0x19 0x8b 0x11 0x5f 0xa4 0x3d 0xbf 0x95 0x48 0x24 0x48 0x72 0x1b 0x6a 0x1b 0x69 0x3 0x69 0x48 0x1f 0x1a 0x39 0xaf 0x39 0x1a 0x1f 0xad 0x20 0xad 0x1f 0x3d 0xba 0x91 0x16 0x91 0xc1 0xc3 0x66 0x71 0x91 0x3d 0xb7 0x55 0x3f 0x55 0xb7 0xd 0xb7 0x62 0xb7 0x3d 0x87 0xa9 0x87 0x5f 0x8 0x89 0x3c 0xe 0xa2 0xe 0x79 0x5 0x7d 0x27 0xa5 0x4a 0x41 0x4a 0xa5 0x2f 0x23 0xa5 0x2d 0x45 0x7f 0x45 0x2d 0x32 0x3e 0x4b 0x3e 0xb3 0x98 0xae 0xc2 0x86 0x40 0x14 0x67 0x14 0x40 0x86 0xc2 0xae 0x98 0x2c 0x8a 0x79 0xe 0x63 0x38 0x63 0x49 0x63 0x3a 0x4d 0x8e 0xc5 0x54 0xc5 0x22 0xc5 0x8e 0x4d 0x3a 0x5c 0x6d 0xb8 0x6d 0x17 0x92 0x99 0x9e 0x64 0x9e 0x99 0xb 0x81 0x36 0x4f 0x36 0x8d 0x1e 0x36 0x57 0x36 0x81 0x85 0x2 0x61 0x21 0x30 0x21 0x50 0x33 0x75 0x26 0x75 0x33 0xa7 0x90 0xa7 0x33 0x73 0x33 0x5a 0x6b 0x9d 0x6b 0x5a 0x33 0x50 0x85 0x3a 0x63 0xe 0x3c 0x74 0xbe 0x6c 0x47 0x6c 0x9 0x5d 0x13 0x80 0x93 0x35 0x93 0x80 0x13 0x9 0x65 0x84 0x88 0x84 0x25 0xf 0xa 0x25 0x58 0x25 0x51 0x25 0x3c 0x97 0x76 0x3c 0x89 0x8 0x8b 0x19
82
0x6a 0x46 0x8c 0xa6 0x6a
0x72 0xab
0xbf 0xac
0x66 0x4
0xc3 0x60 0xc3
0xc1 0x9c 0x34
0xba 0x56 0xba
0xa4 0xb0 0xa4
0x11 0xc6 0x11
0x7d 0x42
0x2f 0x52
0x32 0xaa 0x78
0x2e 0xb2 0xbd
0xb3 0xc4
0x2c 0x53 0x2c
0x5 0x70 0x5
0x5c 0x2a
0x92 0x1
0x17 0x9a
0x8d 0x3b
0x2 0xa1
0x61 0x12 0x61
0xbe 0x59 0x2b
0x5d 0x4e 0x5d
0xf 0x6f 0xf
0x74 0x77 0x74
0x97 0x8f 0x97
0x8e 0x8e
0x25 0x25
0xa8 0xa8
0x9 0x9
0x9e 0x9e
0x1d 0x1d
0x3d 0x3d
0x91 0x91
0xc2 0xc2
0x7b 0x7b
0x99 0x99
0x28 0x28
0x21 0x21
0x31 0x31
0x8b 0x8b
0x84 0x84
0x4d 0x4d
0x0 0x0
0x83 0x83
0x2d 0x2d
0xa3 0xa3
0x7 0x7
0x9b 0x9b
0x45 0x45
0xa7 0xa7
0x9f 0x9f
0x1f 0x1f
0xbc 0xbc
0x80 0x80
0x6b 0x6b
0x1b 0x1b
0x7a 0x7a
0xb6 0xb6
0x89 0x89
0xae 0xae
0x15 0x15
0x10 0x10
0x1a 0x1a
0x85 0x85
0xbb 0xbb
0x6d 0x6d
0xa0 0xa0
0x5a 0x5a
0x3a 0x3a
0x87 0x87
0x18 0x18
0xb4 0xb4
0x86 0x86
0x79 0x79
0x81 0x81
0xb5 0xb5
0xc7 0xc7
0x14 0x14
0x98 0x98
0x68 0x68
