Location0 Location45 Location51 Location61 Location44 Location42 Location50 Location12 Location4 Location4 Location12 Location0 Location34 Location41 Location56 Location48 Location53 Location9 Location20 Location5 Location49 Location5 Location55 Location32 Location47 Location17 Location23 Location30 Location28 Location57 Location60 Location36 Location54 Location36 Location60 Location1 Location8 Location8 Location1 Location43 Location30 Location23 Location17 Location33 Location33 Location53 Location41 Location34 Location0
28
Location45 Location27 Location35
Location26 Location21 Location26
Location56 Location15
Location9 Location29 Location18 Location31 Location3 Location16 Location9
Location32 Location39 Location32
Location57 Location11 Location19
Location28 Location6 Location28
Location52 Location24
Location13 Location2 Location22 Location13
Location20 Location14 Location20
Location1 Location1
Location4 Location4
Location5 Location5
Location7 Location7
Location8 Location8
Location10 Location10
Location12 Location12
Location17 Location17
Location23 Location23
Location25 Location25
Location30 Location30
Location33 Location33
Location34 Location34
Location36 Location36
Location37 Location37
Location38 Location38
Location40 Location40
Location41 Location41
