1 3 16 180 96 115 142 160 166 178 188 191 195 8 2 14 38 39 40 120 40 49 147 49 50 158 50 145 154 32 146 32 51 6 20 121 149 30 122 30 94 179 51 79 95 4 18 25 9 43 22 107 43 67 98 113 119 199 25 132 25 54 91 153 95 100 118 128 134 152 163 185 190 197 29 155 29 64 90 114 123 135 170 13 5 10 17 48 65 71 168 173 11 24 72 73 73 108 104 109 112 148 15 187 15 33 19 21 76 192 19 175 19 196 19 33 117 33 45 63 7 12 62 66 78 28 37 125 37 172 37 63 93 105 181 183 186 52 46 194 1
30
16 59 140 16
3 89 92 101 106 169 182 184 3
14 157
2 44 74 83 165 2
20 55 102 20
6 26 47 60 97 126 151 6
9 41 57 124 131 162 9
22 69
4 42 61 144 161 171
8 87 137 193 8
17 36 53 56
10 82 84 116 10
24 159
11 80
21 77 127 21
5 103 99 130 156 164 167 200
12 68 75 88 177 189
7 110 138 139 150 176
13 136 70 13
1 58 81 85 86 111 129 133 141 143 174 198
27 27
31 31
33 33
34 34
35 35
37 37
49 49
50 50
51 51
95 95
