0 15 14 12 16 17 13 9 20 21 30 35 37 38 37 35 21 17 16 12 15 50 65 64 62 66 67 63 59 70 71 80 85 87 88 87 85 71 67 66 62 65 100 115 114 112 116 117 113 109 120 121 130 135 137 138 137 135 121 117 116 112 115 150 165 164 162 166 167 163 159 170 171 180 185 187 188 187 185 171 167 166 162 165 0
71
0 1
14 2 3
9 10
20 5 6
30 22 27 49 25 24 26 33 47 44 48
23 25
38 46 40 42 36 41
13 4
50 51
64 52 53
59 60
70 55 56
80 72 77 99 75 74 76 83 97 94 98
73 75
88 96 90 92 86 91
63 54
100 101
114 102 103
109 110
120 105 106
130 122 127 149 125 124 126 133 147 144 148
123 125
138 146 140 142 136 141
113 104
150 151 199 194
164 152 153
159 160
170 155 156
180 172 177 198 175 174 176 183 197
173 175
188 196 190 192 186 191
163 154
3 3
24 24
26 26
33 33
47 47
44 44
48 48
42 42
36 36
41 41
53 53
74 74
76 76
83 83
97 97
94 94
98 98
92 92
86 86
91 91
103 103
124 124
126 126
133 133
147 147
144 144
148 148
142 142
136 136
141 141
153 153
174 174
176 176
183 183
197 197
194 194
192 192
186 186
191 191
