45 58 1 64 75 64 36 23 46 42 77 91 63 12 70 41 41 27 30 51 5 87 89 47 54 3 90 71 82 93 59 14 28 18 13 9 37 85 17 99 17 85 37 9 13 48 13 18 80 94 92 6 92 94 94 80 59 86 59 93 82 71 74 74 3 54 47 89 84 73 32 100 32 73 84 89 87 5 96 97 4 38 50 78 67 66 60 11 57 44 22 81 33 61 8 15 8 61 33 81 22 57 11 60 19 35 49 35 19 60 66 67 50 79 50 38 7 26 88 24 83 83 29 65 55 72 68 34 31 56 98 52 62 20 16 20 62 52 98 56 31 43 76 43 31 34 68 65 29 83 24 88 26 7 38 4 97 96 5 51 30 12 63 91 77 42 46 25 25 36 64 1 58 45
46
70 2 70
27 40 27
14 95
90 39
44 21 44
78 53 78
55 69
23 10
91 91
52 52
84 84
63 63
34 34
38 38
50 50
87 87
58 58
41 41
89 89
59 59
1 1
46 46
92 92
26 26
47 47
80 80
24 24
77 77
57 57
51 51
35 35
18 18
68 68
17 17
82 82
54 54
71 71
56 56
66 66
61 61
33 33
5 5
7 7
19 19
31 31
29 29
