31 74 56 144 157 104 157 54 114 126 121 121 72 140 153 158 18 158 50 45 94 149 82 109 135 136 152 88 15 88 97 37 97 130 51 130 97 88 16 16 28 28 80 143 155 90 83 148 70 110 19 5 43 69 92 38 64 35 125 151 59 11 89 1 89 8 57 63 154 96 96 154 63 57 29 33 105 189 105 33 137 75 133 159 100 62 172 167 196 196 161 200 185 188 168 190 192 190 168 188 185 200 161 186 194 186 199 179 162 182 180 193 176 176 193 180 182 179 163 174 187 195 169 169 195 187 178 166 164 173 177 165 177 173 198 183 170 181 170 183 198 173 164 164 166 178 163 179 199 186 172 62 100 159 133 12 12 137 33 29 89 11 59 151 125 35 24 150 40 40 77 79 101 122 79 77 24 35 64 38 92 69 43 76 26 53 6 6 30 10 119 131 13 81 81 44 131 119 141 17 20 55 20 17 141 119 10 30 6 53 26 102 134 134 32 91 61 3 22 103 27 95 85 23 49 111 129 98 78 41 78 113 129 111 49 147 93 84 25 84 93 147 49 106 123 123 106 85 95 27 103 22 86 118 160 67 108 139 108 67 160 118 22 3 61 116 66 66 116 32 134 102 26 76 43 19 110 71 145 71 39 71 110 70 148 83 90 155 143 80 28 16 88 152 136 135 109 82 149 94 45 45 50 140 72 48 142 99 99 142 48 54 157 144 56 74 31 73 65 87 36 87 65 128 124 46 46 2 128 65 132 132 112 112 132 31
89
126 47
5 9 4 60
8 34
167 175 167
162 191 197
174 171 184
75 120
150 127
101 42
13 58 115 13
98 138
23 117
86 68 7 86
91 14
153 21
114 156 114
124 52
73 146 107
78 78
93 93
66 66
69 69
160 160
195 195
65 65
32 32
198 198
173 173
77 77
20 20
38 38
80 80
81 81
147 147
82 82
125 125
196 196
22 22
180 180
105 105
108 108
46 46
119 119
49 49
143 143
94 94
106 106
74 74
90 90
88 88
48 48
169 169
148 148
151 151
112 112
179 179
110 110
27 27
140 140
134 134
123 123
128 128
30 30
168 168
103 103
188 188
35 35
99 99
137 137
164 164
28 28
170 170
64 64
12 12
6 6
186 186
67 67
89 89
33 33
141 141
57 57
152 152
149 149
29 29
45 45
131 131
83 83
121 121
199 199
