A0 F5 F5 C0 N6 C0 F5 X4 J3 F0 Q6 M6 A3 E4 O7 X2 N3 Q5 Q5 N3 O2 S1 R7 S1 O7 L3 J6 D1 J6 Z4 J7 B2 T4 B2 J7 Z4 J6 L3 M4 L0 E2 D5 M4 L3 V3 K0 V3 L3 O7 A3 M6 U3 M6 B1 B7 D7 M5 C7 R2 C7 M5 N2 P4 N2 M5 M5 D7 B7 W1 U4 F7 H1 F7 N0 W3 Z3 W2 W2 Z3 W3 N0 W1 W6 W6 X6 Q1 H0 M0 M0 E1 E1 M0 H0 X1 H7 O4 E5 C3 M1 X5 I7 P3 I7 G7 G7 I4 M1 U5 M1 C3 E5 O4 H7 V1 H7 N7 H7 Q3 R5 B4 M3 M3 B4 I3 O6 W5 S4 Z5 S0 S0 F2 Y5 S4 W5 L2 W5 E0 W5 O6 I3 V6 R0 E6 R1 E6 T5 F3 R3 Z2 K3 Z2 R3 C1 R3 F3 T5 E6 R0 U6 M2 N5 M2 Y1 M2 Y2 M2 J2 H2 L7 H2 U2 K7 K7 U2 R0 V6 C4 V5 S3 V5 H4 A7 Q7 E7 G5 P6 K6 P6 H4 M7 S2 K1 A1 I5 A2 X0 V0 V0 V4 Y3 D3 H5 Y3 V4 P7 J0 J0 P7 A2 I5 A1 K1 Y4 D6 R4 G1 L4 Q0 L1 F1 G0 J1 J1 K5 F1 Q0 L4 G1 R4 D6 Y4 C2 T0 W0 R6 I6 J4 B3 B3 J4 F6 T1 B6 T1 F6 W0 T0 C2 B0 Y0 D0 Z0 D0 Y0 B0 C2 D4 W4 Q2 Q2 W4 D4 O1 H4 H3 H3 V6 I3 G2 C5 O0 C5 G2 I3 P1 P1 X6 I2 X6 S5 U1 S5 X6 L6 U0 D2 N4 U0 U0 J3 A0
76
A0 P5
X2 G3 X2
L0 I1 L0
E4 I0 E4
B1 J5 L5
U4 C6
Q6 T6 B5 Q6
Q1 T2 X3
X5 V2
X1 Z6 X1
R5 O5 R5
Z5 F4 Z5
J2 G6
U6 T3 U6
A7 Y6 A7
Q7 H6
X0 A4 P2 P0 X0
D3 S6 D3
L1 N1
G0 A5 G0
R6 A6 R6
S2 Q4 S2
M7 G4
C4 Z1 C4
Q3 O3
D2 K4 D2
F0 E3 F0
X4 K2 X4
C0 C0
D0 D0
H0 H0
J0 J0
M0 M0
Q0 Q0
Y0 Y0
A1 A1
E1 E1
G1 G1
J1 J1
K1 K1
M1 M1
S1 S1
A2 A2
B2 B2
N2 N2
U2 U2
W2 W2
C3 C3
F3 F3
I3 I3
M3 M3
R3 R3
Y3 Y3
Z3 Z3
B4 B4
M4 M4
O4 O4
R4 R4
W4 W4
Y4 Y4
Z4 Z4
E5 E5
I5 I5
M5 M5
Q5 Q5
T5 T5
W5 W5
F6 F6
J6 J6
M6 M6
P6 P6
V6 V6
W6 W6
X6 X6
C7 C7
D7 D7
