A0 Q1 R2 I0 I0 B1 S1 G1 K3 P3 Q0 P3 K3 D0 D0 S1 U1 U1 D2 H3 D2 I0 R2 Q1 K1 D3 N3 F0 F0 F0 N3 N1 J3 V2 I3 I3 I3 X0 F1 A3 A3 F1 X0 Y0 U2 U0 O3 W0 G3 O3 U0 J0 X2 F2 F2 X2 R3 Y2 Y2 R3 I1 W2 T3 J1 T3 W2 I1 I1 S2 G0 B0 L3 U3 L3 B0 G0 S2 H2 G2 Z2 G2 I2 G2 L2 G2 H2 R0 T2 T2 E0 E0 T2 T2 R0 J2 N2 A1 A1 M0 O2 A1 N2 W1 N2 R1 K0 O0 M3 O0 K0 P1 P1 N2 J2 E2 V3 V3 T0 M2 A2 A2 T0 J3 E3 B3 E3 E1 E3 J3 N1 Q3 K1 B2 X1 K2 B2 K1 Q1 Y1 Q1 A0
33
G1 Z1 D1
B1 L0 B1
D3 C0 P2 D3
V2 V0 H1 M1 C3 V2
W0 S3
J0 T1 Z0
U2 V1 U2
Y0 P0 O1 S0
M0 F3 H0 M0
R1 L1
E2 N0
M2 C2 C1
X1 Q2 X1
B0 B0
E0 E0
F0 F0
I0 I0
K0 K0
O0 O0
U0 U0
A1 A1
F1 F1
K1 K1
U1 U1
B2 B2
N2 N2
R2 R2
W2 W2
X2 X2
L3 L3
N3 N3
P3 P3
T3 T3
