137 66 110 43 43 110 188 83 93 151 144 57 144 109 144 151 181 18 103 6 17 171 140 126 104 177 16 193 95 193 130 65 58 147 27 72 87 27 146 189 20 189 146 27 147 184 74 15 74 184 193 60 78 186 55 105 61 105 55 186 78 86 78 193 16 94 16 177 140 180 125 194 37 172 52 172 37 194 125 180 140 129 67 32 29 84 29 32 67 129 140 63 131 35 182 176 40 116 98 96 25 96 98 12 197 38 118 38 197 12 98 116 179 141 99 54 114 80 114 54 99 141 179 116 40 176 182 35 131 53 131 63 149 26 0 183 190 183 0 26 149 63 17 6 128 68 75 79 75 6 103 28 9 33 156 112 199 71 199 112 82 112 156 198 156 56 156 136 47 62 107 62 136 102 2 19 2 102 136 28 103 85 187 132 39 115 123 169 36 169 123 39 132 187 103 18 181 153 139 196 154 1 100 163 8 45 173 45 163 170 120 170 163 100 1 117 1 153 165 73 13 10 119 81 119 10 13 73 50 73 165 153 23 168 11 168 23 153 181 91 101 161 49 138 113 42 113 138 49 161 101 91 181 151 151 93 83 188 48 76 24 76 48 88 142
51
66 44 127 46
126 157
58 4 58
72 145
130 34
60 124 60
52 14 158
171 97
68 41 150
128 69
9 70
33 133 33
47 7
115 22 115
85 89
139 30
8 31
154 159
137 167 137
144 144
129 129
90 90
178 178
181 181
141 141
174 174
183 183
106 106
21 21
186 186
108 108
121 121
177 177
23 23
63 63
151 151
76 76
195 195
3 3
197 197
48 48
35 35
38 38
55 55
140 140
16 16
77 77
91 91
93 93
39 39
64 64
