5 33 68 155 171 155 68 33 107 112 107 33 5 4 13 3 0 1 2 9 22 37 45 59 104 116 104 125 104 118 166 96 148 173 148 96 136 96 45 72 45 152 197 152 45 37 44 47 37 71 37 195 37 22 67 22 58 128 58 86 109 199 109 130 174 130 109 86 58 22 10 15 30 15 163 167 163 15 28 39 88 117 190 117 141 189 39 153 39 28 98 28 188 28 12 17 55 78 55 57 87 57 55 17 114 164 114 165 114 17 36 40 139 185 94 99 133 99 147 99 94 17 25 43 61 119 198 119 61 132 157 132 25 46 49 46 25 2 26 66 26 93 26 70 105 115 105 137 105 158 105 70 187 70 154 6 11 27 41 48 175 48 41 27 53 60 156 161 156 60 129 60 122 27 120 6 34 182 34 6 74 6 81 184 81 3 79 135 79 5 14 172 42 138 42 64 89 142 89 64 5 19 20 62 84 62 108 62 97 110 38 52 143 144 159 143 56 73 162 5 7 65 16 29 32 50 75 181 75 186 75 50 32 29 146 151 146 29 16 192 16 5 8 95 100 95 121 124 121 95 134 149 134 95 8 21 83 21 24 21 8 170 193 170 8 5
43
59 111 127 76
118 126
44 106
9 77 9
10 160
88 168
12 178 191
40 92
36 179
43 183
1 177
11 85 113
53 140
0 51
4 31
14 103 63 91 196
20 54
144 194
52 80
56 102
19 145 169
7 35
21 21
23 23
27 27
32 32
45 45
50 50
57 57
58 58
68 68
96 96
101 101
104 104
105 105
109 109
121 121
130 130
152 152
155 155
163 163
176 176
180 180
