89 65 18 20 35 19 42 55 66 49 45 52 38 75 86 26 26 86 75 58 52 45 49 88 49 72 49 57 56 40 4 64 4 9 73 3 79 59 79 3 73 96 51 96 73 9 4 40 95 53 53 40 67 76 60 76 67 71 55 63 78 37 0 2 91 62 91 0 84 78 63 55 19 35 20 50 80 94 14 68 68 14 1 98 1 80 61 83 61 20 18 69 77 44 21 81 21 23 17 17 77 69 70 97 70 69 18 65 82 92 7 85 92 24 87 92 82 54 90 54 99 54 82 65 93 65 89
33
42 31 42
38 30 38
66 12
95 16 10 33
57 43 46 47
2 28 34 2
37 6 37
50 39 50
94 22
23 48 23
74 27
44 36 44
7 15 7
24 5 13 11 25 24
1 1
3 3
4 4
8 8
9 9
14 14
17 17
18 18
19 19
20 20
21 21
26 26
29 29
32 32
35 35
40 40
41 41
45 45
49 49
