149 14 68 165 148 48 97 168 72 57 187 63 60 19 41 176 30 50 67 124 95 91 107 181 98 131 104 15 86 27 146 174 161 140 93 94 130 31 106 142 53 147 78 170 81 70 139 92 162 32 145 190 197 196 3 121 58 195 195 58 12 65 65 12 3 196 197 190 145 32 162 152 34 132 83 1 135 118 111 166 84 47 128 113 189 74 117 180 99 99 180 122 51 134 112 44 37 37 44 116 20 20 116 134 51 122 74 127 151 119 29 43 172 28 105 33 153 66 64 136 136 64 66 153 33 105 28 172 43 119 151 127 55 38 38 55 128 47 84 166 111 118 135 1 169 89 120 109 25 25 6 164 173 143 143 173 164 6 25 109 157 157 157 198 56 13 52 160 49 49 160 52 13 56 198 169 1 83 132 21 21 152 162 92 139 70 81 170 78 17 8 150 150 8 17 53 142 106 39 87 103 103 87 39 130 94 93 140 161 174 158 46 61 61 71 71 61 46 158 27 86 15 104 131 98 181 107 82 82 95 124 67 50 50 30 176 41 19 60 63 187 57 72 193 69 42 36 2 2 36 42 69 193 97 48 148 165 75 59 184 16 188 96 154 171 76 76 171 154 96 188 16 184 75 165 68 14 199 199 149
86
121 73 40
117 23
112 18 80
29 7 29
189 79
113 22
120 5 11 10 90
89 26 89
34 85 34
147 35
31 54 31
146 9 88
91 77 91
168 62 45
59 4 100 59
149 24
1 1
2 2
3 3
6 6
8 8
12 12
13 13
14 14
15 15
16 16
17 17
19 19
20 20
21 21
25 25
27 27
28 28
30 30
32 32
33 33
36 36
37 37
38 38
39 39
41 41
42 42
43 43
44 44
46 46
47 47
48 48
49 49
50 50
51 51
52 52
53 53
55 55
56 56
57 57
58 58
60 60
61 61
63 63
64 64
65 65
66 66
67 67
68 68
69 69
70 70
71 71
72 72
74 74
75 75
76 76
78 78
81 81
82 82
83 83
84 84
86 86
87 87
92 92
93 93
94 94
95 95
96 96
97 97
98 98
99 99
