myBc2oGXtwQIbhN8LZB1 6X2CNJieZ0I5rs3Wfu65 nmetx4LmU9YBYTmghDrT 1ZOzWuPMAgV9noIUn6fI 3B3BIG6A4j9vPwAc8nQR 9qKQxzNhOFjJqaecQyK0 acKFNKRjJfiuZlOgTEsC 9qKQxzNhOFjJqaecQyK0 3B3BIG6A4j9vPwAc8nQR 1ZOzWuPMAgV9noIUn6fI nmetx4LmU9YBYTmghDrT itlYcr1HLIijK6IEih7d jHmvxfAZsjs2mCnHbbFf jHmvxfAZsjs2mCnHbbFf FMx2ghinkTg3bXUUbaTx k1M2cFnugZRKjqOUnjwv FMx2ghinkTg3bXUUbaTx nmetx4LmU9YBYTmghDrT 6X2CNJieZ0I5rs3Wfu65 fpPjeU3Q7Ml0oxbNnONE THOlWrcPLTG3BoVkMtJU z5q6ttBPV27yxxLLSiEN dOBnQCXLXxGyjTj3QvT5 RBvtNZMBTgecfVkYzQF0 ptVEb5MtTsnyDsszLqdb ncgdwkJBMYlPXBREt3a2 bDUuepVti8upHAAenmtw KtbSULrz2h1IxsKP2DHz RpB10dFWsUl9DC779n8X DY8VhtrSq6Cc3rxJZ9sj UV9ETXujgMy6Jbe14yrW DY8VhtrSq6Cc3rxJZ9sj 3TCeOMdE7BbPZ0rpYuCY TcUz8pPP5kJyD6SKwm5I gTUKyXNYZMF2asX4AtFU TcUz8pPP5kJyD6SKwm5I 3TCeOMdE7BbPZ0rpYuCY DY8VhtrSq6Cc3rxJZ9sj RpB10dFWsUl9DC779n8X KtbSULrz2h1IxsKP2DHz bDUuepVti8upHAAenmtw UMmbOoOKP6EkLMuN70H3 huAFXwtRjt3SQzwGHlqz o9aZyqilfPONdyLlpTRX ki0pv73E3TweydEr2xMN E1No0jrU6hgJwSJDwUUZ mZGLfn0jbLOpy4dRbGU2 QE7OzkjvlSSywyVvAzrw MGbVIBTGbPc6LEJTJ0O1 G6CUgOl4p73Rgc0T3f94 m1eNgjuhkxodElFqqgdb m1eNgjuhkxodElFqqgdb G6CUgOl4p73Rgc0T3f94 tDBlCuVAUlVhYfGmo0ZK 0XkHA8PrhAZdfyodPJuj uNXUIWejT1w4vLTe7QBt EY74ASuADSlYlDTJLkL6 dDuRIa3uykAHrqtnscL7 o9XvbKLK829LHx1fwro4 9OL9rFCWxsvkui0BnJrR yHPSS57AN08ejjILeFs9 yHPSS57AN08ejjILeFs9 69TQpRojisYUrVnWqBaA bxgB5IUPnImEXqnS3iaV 69TQpRojisYUrVnWqBaA yHPSS57AN08ejjILeFs9 fbJ1XhavEsRSCGVVB1U1 JBiXyXogbhO9RGLjMiRP olDP1pNg8HxpvCq8TOIJ K674cUKePzN7aRSq4iqU o53aRQwjhcCKlIFPSjvf o2dWBGyrvosFrr6mKxkG SUNxIlWVwIvWYg6OTKeH F2tHb2HX5QlBFzs8Czn0 k1Tln9YIMlQqN0j9DgoX cTQsPiFc1uh1wyO5LVD6 SUNxIlWVwIvWYg6OTKeH o2dWBGyrvosFrr6mKxkG o53aRQwjhcCKlIFPSjvf K674cUKePzN7aRSq4iqU K674cUKePzN7aRSq4iqU olDP1pNg8HxpvCq8TOIJ JBiXyXogbhO9RGLjMiRP oAFZUXg8zx8H0DELrp92 yHPSS57AN08ejjILeFs9 9OL9rFCWxsvkui0BnJrR o9XvbKLK829LHx1fwro4 o9XvbKLK829LHx1fwro4 dDuRIa3uykAHrqtnscL7 EY74ASuADSlYlDTJLkL6 VThEkwdtHmaZ1zsmfh4s uyIFjf9icYD5VmAzNfRQ uyIFjf9icYD5VmAzNfRQ VThEkwdtHmaZ1zsmfh4s 0XkHA8PrhAZdfyodPJuj tDBlCuVAUlVhYfGmo0ZK HDb2FcmjCYtiXtdvOxhu tDBlCuVAUlVhYfGmo0ZK mZGLfn0jbLOpy4dRbGU2 lIw41GL97UpW0SIulzFJ MrSQPZSbMdgYshneAfKf SwF10yYWjKWmqxtGZBky C4VxHS7oWghMg001nCqT 7icmXpzpUEkwaV7qVEaJ 7icmXpzpUEkwaV7qVEaJ SwF10yYWjKWmqxtGZBky MrSQPZSbMdgYshneAfKf GvRFaXYJvrU5PAeeG88T IMeOdBNxrGDg6Fs4Ao98 GvRFaXYJvrU5PAeeG88T gVtgypR1P6Eyj6R6BPn8 GvRFaXYJvrU5PAeeG88T MrSQPZSbMdgYshneAfKf lIw41GL97UpW0SIulzFJ mZGLfn0jbLOpy4dRbGU2 E1No0jrU6hgJwSJDwUUZ o9aZyqilfPONdyLlpTRX fs293gU4e4aMhOljCB50 j2d1svPUTAqQIDPXwffl lRM59z2yUMoVl3kzgo9u lRM59z2yUMoVl3kzgo9u j2d1svPUTAqQIDPXwffl fs293gU4e4aMhOljCB50 UMmbOoOKP6EkLMuN70H3 bDUuepVti8upHAAenmtw ncgdwkJBMYlPXBREt3a2 ptVEb5MtTsnyDsszLqdb RBvtNZMBTgecfVkYzQF0 w5Yg5o0VnYd77fs4XPRL qizvT7wmu308zgJRCTE2 vDgQrJL5dinUbTXXnFI5 jy3jNWgqegakpFSv6gUm oTKjE2BVS0AvV4XvUeLk e3j3O8zLHFaoF4L54lX4 riaaYbNfyU7H6Pgj8ox2 1xvTq3xEFTlQlaxDd2yR 5f6BSghRQWi4UfjviKjn vngNw4A9ZBI4o4Wf7Dba 5f6BSghRQWi4UfjviKjn 1xvTq3xEFTlQlaxDd2yR riaaYbNfyU7H6Pgj8ox2 e3j3O8zLHFaoF4L54lX4 oTKjE2BVS0AvV4XvUeLk jy3jNWgqegakpFSv6gUm TN93ZjZBMIgkJh9ck6Ha zWpsWJk9vbOt0JkC0vhz X0l14s0sRXjXSeLRZLOJ ac1xBQA0fTyrjmfkRJQN wqC51QdeDTq2cT8foWJ0 wqC51QdeDTq2cT8foWJ0 ac1xBQA0fTyrjmfkRJQN X0l14s0sRXjXSeLRZLOJ zWpsWJk9vbOt0JkC0vhz TN93ZjZBMIgkJh9ck6Ha qizvT7wmu308zgJRCTE2 w5Yg5o0VnYd77fs4XPRL RBvtNZMBTgecfVkYzQF0 dOBnQCXLXxGyjTj3QvT5 6yzFaM9N8M8BsjLACDds 6yzFaM9N8M8BsjLACDds THOlWrcPLTG3BoVkMtJU fpPjeU3Q7Ml0oxbNnONE myBc2oGXtwQIbhN8LZB1
44
myBc2oGXtwQIbhN8LZB1 vy2boLWO2lxg10y7uS0y
itlYcr1HLIijK6IEih7d 4jo8IXw984NR3wvT2Dr9
ki0pv73E3TweydEr2xMN saIZq3FqZhdVPNoQWmqU ki0pv73E3TweydEr2xMN
QE7OzkjvlSSywyVvAzrw ZhHxBzOYsJAOHrqq4mZM
F2tHb2HX5QlBFzs8Czn0 q1ntlEPy5TkjTDK1N7QA
fbJ1XhavEsRSCGVVB1U1 jjCSZnB5168QDqTrFROq fbJ1XhavEsRSCGVVB1U1
uNXUIWejT1w4vLTe7QBt wy0RiFWOddqgqdcatQ9A LJTA7Za5kd0YC7vjiAyc uNXUIWejT1w4vLTe7QBt
C4VxHS7oWghMg001nCqT qz4O4bOhKA0YZxpN4mu9 lYkJhGqsFKbDklNelAfr C4VxHS7oWghMg001nCqT
huAFXwtRjt3SQzwGHlqz bVCSBWLjvEmxQEUvDzc4
vDgQrJL5dinUbTXXnFI5 1GbSD7rTlpNb4qV46SKR
z5q6ttBPV27yxxLLSiEN yAYyOcL4ZKdEiLdSPQJm
GvRFaXYJvrU5PAeeG88T GvRFaXYJvrU5PAeeG88T
RBvtNZMBTgecfVkYzQF0 RBvtNZMBTgecfVkYzQF0
5f6BSghRQWi4UfjviKjn 5f6BSghRQWi4UfjviKjn
m1eNgjuhkxodElFqqgdb m1eNgjuhkxodElFqqgdb
o53aRQwjhcCKlIFPSjvf o53aRQwjhcCKlIFPSjvf
FMx2ghinkTg3bXUUbaTx FMx2ghinkTg3bXUUbaTx
fpPjeU3Q7Ml0oxbNnONE fpPjeU3Q7Ml0oxbNnONE
9OL9rFCWxsvkui0BnJrR 9OL9rFCWxsvkui0BnJrR
RpB10dFWsUl9DC779n8X RpB10dFWsUl9DC779n8X
zWpsWJk9vbOt0JkC0vhz zWpsWJk9vbOt0JkC0vhz
e3j3O8zLHFaoF4L54lX4 e3j3O8zLHFaoF4L54lX4
nmetx4LmU9YBYTmghDrT nmetx4LmU9YBYTmghDrT
X0l14s0sRXjXSeLRZLOJ X0l14s0sRXjXSeLRZLOJ
69TQpRojisYUrVnWqBaA 69TQpRojisYUrVnWqBaA
j2d1svPUTAqQIDPXwffl j2d1svPUTAqQIDPXwffl
jy3jNWgqegakpFSv6gUm jy3jNWgqegakpFSv6gUm
VThEkwdtHmaZ1zsmfh4s VThEkwdtHmaZ1zsmfh4s
o2dWBGyrvosFrr6mKxkG o2dWBGyrvosFrr6mKxkG
oTKjE2BVS0AvV4XvUeLk oTKjE2BVS0AvV4XvUeLk
UMmbOoOKP6EkLMuN70H3 UMmbOoOKP6EkLMuN70H3
SUNxIlWVwIvWYg6OTKeH SUNxIlWVwIvWYg6OTKeH
K674cUKePzN7aRSq4iqU K674cUKePzN7aRSq4iqU
EY74ASuADSlYlDTJLkL6 EY74ASuADSlYlDTJLkL6
KtbSULrz2h1IxsKP2DHz KtbSULrz2h1IxsKP2DHz
6X2CNJieZ0I5rs3Wfu65 6X2CNJieZ0I5rs3Wfu65
w5Yg5o0VnYd77fs4XPRL w5Yg5o0VnYd77fs4XPRL
o9aZyqilfPONdyLlpTRX o9aZyqilfPONdyLlpTRX
MrSQPZSbMdgYshneAfKf MrSQPZSbMdgYshneAfKf
olDP1pNg8HxpvCq8TOIJ olDP1pNg8HxpvCq8TOIJ
jHmvxfAZsjs2mCnHbbFf jHmvxfAZsjs2mCnHbbFf
lRM59z2yUMoVl3kzgo9u lRM59z2yUMoVl3kzgo9u
6yzFaM9N8M8BsjLACDds 6yzFaM9N8M8BsjLACDds
1ZOzWuPMAgV9noIUn6fI 1ZOzWuPMAgV9noIUn6fI
