PlmPdVeiiHQg3JYZCDWt KZAoViymglGlxlkbi0dq BqpTiWAotYe5nRTWXkzn KZAoViymglGlxlkbi0dq PlmPdVeiiHQg3JYZCDWt xcisI0PJDdG9nIuyj3IS m1A3pMC42PQioFziqK5C 4SDaLq9JuVK9Hgq625aC 4SDaLq9JuVK9Hgq625aC TpLamlzpT6GwerxzVsxr ke8TpJ63eqUMups8ebCz ZxL97V8dSQtTxDPiOdxc ke8TpJ63eqUMups8ebCz 4SDaLq9JuVK9Hgq625aC xcisI0PJDdG9nIuyj3IS PlmPdVeiiHQg3JYZCDWt vgVY143HiC3DIrnHqOVb qOK6WPKQJA4Q9XqXgSgT CofLnw0Ss4pVGWmPS5oO cUanhOambcNkocePqfvx KOLHrmR3FKDMdl4SYdK9 g0ywcwildP9K6oBendJq enzXJAvcXabmrwWV3YuL iFXIyHTPBX7ivXxsV1VM Oy6fETwECO5ouC6YS702 VXU331oDUcuzaGGUYIl9 847MZ9RXdcbtrj0xf7hq mjf2bYOpX2uCbKVikaAR uaR7l3Qhn4FRAnSeVURz dRK5ma7NqggKZHlnDCi2 ANdko3dYAy7a2BOq7wpm nKDJ3ylOzub2eWcHnAhq VKQB4EmoMIRFao2cUe1s E8pbRn7LIeWnB3swkYzz zXFq4Mw19qGmxfgvxgKV 26HBw5rqKS910jXVuDWn 4AwtOzgg4YBT3wkiEwMr 4AwtOzgg4YBT3wkiEwMr Osa2UT4anhyBl7doUFs5 WsVMGV8yZisK6ojnqzBE 1tmkPhHujDQhTmW4oV7S H1kgaLgK3XrnSUWaxIp0 H1kgaLgK3XrnSUWaxIp0 1tmkPhHujDQhTmW4oV7S AmAHnr1XXkPpwJ6DUDIO JakuJordFcO229c3L5ct EY9cQTmyqhrzeZsobQa5 1ERN8pUhtdYbmxXPnWk4 EY9cQTmyqhrzeZsobQa5 JakuJordFcO229c3L5ct o1oGR6O0WpnFD6HgjJm1 o1oGR6O0WpnFD6HgjJm1 jVItWJkETNqrkY47Hghp 3rqlQRwe5izypHjXjWla kaVGl3oG0Ulg2MgkbJB8 kwA1qrRggH9YLKcVfIe5 2chOacZ5nNYuf6eeGFSW KjQNU2EAAYEZSeJWPxLM JTOsbkycRuz0e5JQ3gRH JTOsbkycRuz0e5JQ3gRH DF1KTiOHBIkswyjh8uB1 3NZ1POQXIwf6NGuaUl5h DF1KTiOHBIkswyjh8uB1 ZNY0bYUvhQMUm5V6mJno ZqjU5adUgNWGWDhxv0Ya ZNY0bYUvhQMUm5V6mJno 89uQTJVvGaob2884UTbx Wq14UxgLNQSDYKfwPKLH LWxNpOtygHuLI9qU5DwF Vh6ScHVb39wz7CmKwIuA 20utbptZXLJi5iRJMPtt Vh6ScHVb39wz7CmKwIuA LWxNpOtygHuLI9qU5DwF Wq14UxgLNQSDYKfwPKLH ZNY0bYUvhQMUm5V6mJno DF1KTiOHBIkswyjh8uB1 2chOacZ5nNYuf6eeGFSW kwA1qrRggH9YLKcVfIe5 kaVGl3oG0Ulg2MgkbJB8 3rqlQRwe5izypHjXjWla jVItWJkETNqrkY47Hghp o1oGR6O0WpnFD6HgjJm1 JakuJordFcO229c3L5ct AmAHnr1XXkPpwJ6DUDIO Osa2UT4anhyBl7doUFs5 NHPxOzu7Bj5bnsm7vmJS 4wKSG7BFou1CA7O0mLH6 Ueu5MpmB6m0Tj07uN555 4wKSG7BFou1CA7O0mLH6 NHPxOzu7Bj5bnsm7vmJS Osa2UT4anhyBl7doUFs5 4AwtOzgg4YBT3wkiEwMr 26HBw5rqKS910jXVuDWn gRC6QGMaofieuDp4DxNK ivcmXAg3WJYgMBzFenfb PWUaVYPeofxjJdT472wG 4QLswP82Wvxw9Z42obzh 4QLswP82Wvxw9Z42obzh PWUaVYPeofxjJdT472wG ivcmXAg3WJYgMBzFenfb gRC6QGMaofieuDp4DxNK VKQB4EmoMIRFao2cUe1s nKDJ3ylOzub2eWcHnAhq muaifDkU51RuZjmGy3EY nKDJ3ylOzub2eWcHnAhq ANdko3dYAy7a2BOq7wpm dRK5ma7NqggKZHlnDCi2 uaR7l3Qhn4FRAnSeVURz mjf2bYOpX2uCbKVikaAR W6pSplT3U7lJfu0pJGBX GzSNGBn4EPemDLEWXNxx N1MiBWI2XSNYPV4Bi2Zg GzSNGBn4EPemDLEWXNxx 4S2YiI3VYPKghkl95iqK DmOYSEzvATkNwLC4lcsN aGmUpeq6kVn42aPOEaUT 4E11EdbsS5KbjeJWtodD 48BAUsycKlkSkbOjYLFN 48BAUsycKlkSkbOjYLFN tX1uDaXm9hMlEKqU7m9j xHjRz67dW7C8omsktslg X39Y1tqjVB1dYhLfEsBQ xHjRz67dW7C8omsktslg NA24XhOMsROCBnUViAJT 82AQRTkjWEU79atYWx1r lcQ1GcVaImUGztIdTr68 9gglBKpHLZmA2dFXYK5s 0q2ewXNjMVDn3GAFEoyU YXpO8M342ISxgv446YFJ 6bLuQyxEzh3wnYgGbaCv YXpO8M342ISxgv446YFJ eFBRJr5p5I2EdlVEayJ6 grvEnF7GDly5W5B32u51 EkRPPDhcu5ww6XulSOgx Ht8MCgqFhHoK08qA4XXh nweJtOYiRJ9VPbpUTVQU XfoLhICApzD21ekC6Raj jJYVpHxqx7vGmijT2uyo eVsZLsrTO9vGrfl2kinU zos6qdAgLydZyli2syMt zos6qdAgLydZyli2syMt eVsZLsrTO9vGrfl2kinU jJYVpHxqx7vGmijT2uyo Ht8MCgqFhHoK08qA4XXh EkRPPDhcu5ww6XulSOgx nplSyFCfwWl94XgtPFkm Dwi7fYT8wa9I4Kzyto4Y x5UVX06335fM5pfCNBMU MSj6zOuZ0EoAKjP4wXXW C6w7afZujemehEooILjN Tr6dOTuKB3EM5juuJxqy N5YDsCDN1lKguyHbn4Zb ELEJN8tWDJT7mLhCdqW3 9EFf7Db1oVUr4vPii753 u4dtaT6NdEhJmWtNAXSE yHfbaNMH6AALGleUN7ln U7iVliqmXRkLwyPSNdfv eUyNsK7nwP1YPac54CbU ukPtLY7YueARRkX8hPaS 060q0aISPODkGeAbYbQ6 jKREQK0zNUshG5l5lIJd 7yt9hKqOEGabqtqIEmdH CkcRIkbkwcSO7uvVYs8H WZsO2i9GZwvMYoV9SyKS 6WGzUhXeOltLDbkIvTzq 804aK8wEArkuheeUiB4R 6NK21BPodyGlEh86UzyE MPSdS6GmL12gP1dYVUis fuCjhXAjnc4YFvoPeqP4 MPSdS6GmL12gP1dYVUis oera1CM7cj3K49AkZhzz 1JawjZrawLlOCGN1EB0O BrudisXSomFZhqJyPfJg 1JawjZrawLlOCGN1EB0O oera1CM7cj3K49AkZhzz hvFnmSwhfuOmcUJJ8teU hvFnmSwhfuOmcUJJ8teU 6WGzUhXeOltLDbkIvTzq WZsO2i9GZwvMYoV9SyKS WZsO2i9GZwvMYoV9SyKS CkcRIkbkwcSO7uvVYs8H 7yt9hKqOEGabqtqIEmdH 060q0aISPODkGeAbYbQ6 eUyNsK7nwP1YPac54CbU U7iVliqmXRkLwyPSNdfv 41HkeQtKSrMStkOA4nM4 ChEnlTNCMoqxBfyzEzW7 zvH9G6FQ1xC7CVezs43e YmmIBqqdn3Z6PuFXWNHi yzZAQs8WNcqHoW4TRAoo 9iFeMEl5ieZvKvHKf9x4 yzZAQs8WNcqHoW4TRAoo YmmIBqqdn3Z6PuFXWNHi zvH9G6FQ1xC7CVezs43e zvH9G6FQ1xC7CVezs43e ChEnlTNCMoqxBfyzEzW7 YIxKvTpWMaQKGFtD5BDH zGdvV8W1IzIvw9dDijIG yneFBbj6YjKvwSUW253g 76b3evP8JEiQ8c6jd2b5 gDiXpOExvLIslrQ3rfBi 76b3evP8JEiQ8c6jd2b5 yneFBbj6YjKvwSUW253g zGdvV8W1IzIvw9dDijIG YIxKvTpWMaQKGFtD5BDH U7iVliqmXRkLwyPSNdfv yHfbaNMH6AALGleUN7ln u4dtaT6NdEhJmWtNAXSE 9EFf7Db1oVUr4vPii753 ELEJN8tWDJT7mLhCdqW3 N5YDsCDN1lKguyHbn4Zb N5YDsCDN1lKguyHbn4Zb Tr6dOTuKB3EM5juuJxqy C6w7afZujemehEooILjN MSj6zOuZ0EoAKjP4wXXW x5UVX06335fM5pfCNBMU Dwi7fYT8wa9I4Kzyto4Y Zzs5CIqF9Ll2avkxI78N bvNUsI1a9ORRkwy1plRX nsq4rhHWMCaIVcah5fcd 1wRG7TNgo9ui6iZBLuaw 88tlmRAaQO3KDf7QWuDb 1wRG7TNgo9ui6iZBLuaw nsq4rhHWMCaIVcah5fcd bvNUsI1a9ORRkwy1plRX Zzs5CIqF9Ll2avkxI78N EkRPPDhcu5ww6XulSOgx grvEnF7GDly5W5B32u51 eFBRJr5p5I2EdlVEayJ6 YXpO8M342ISxgv446YFJ 0q2ewXNjMVDn3GAFEoyU lcQ1GcVaImUGztIdTr68 82AQRTkjWEU79atYWx1r NA24XhOMsROCBnUViAJT xHjRz67dW7C8omsktslg tX1uDaXm9hMlEKqU7m9j aGmUpeq6kVn42aPOEaUT 4S2YiI3VYPKghkl95iqK GzSNGBn4EPemDLEWXNxx W6pSplT3U7lJfu0pJGBX mjf2bYOpX2uCbKVikaAR 847MZ9RXdcbtrj0xf7hq VXU331oDUcuzaGGUYIl9 Oy6fETwECO5ouC6YS702 cYMPcE5UNSzOtkRY62gr kRqgoaGzBgIxzyW55b7b loEPY9WRgDIJ7DWZtMDr XEVVfArWHJg24STfORUs XbrNBzXJSitXalj9YB4o wZppnfABPMsntS9k4lvX nyd0fM2XE4qmli1xfIwr UkqILZ2p4EbRuMBIrGXp PIekFeWZsA6etqyFB2SF 8jko5XAn6JliQ07A0rUO PIekFeWZsA6etqyFB2SF UkqILZ2p4EbRuMBIrGXp nyd0fM2XE4qmli1xfIwr wZppnfABPMsntS9k4lvX XbrNBzXJSitXalj9YB4o U8sg63DCydwx1FzxqIaQ 9zoM12ZWjXrKaszveCQH o85TEEBuzMbePdf5cbCv ML4pCjYl4gPEwSnvlRaD 1kUMD8KZUKbCCVh7WHWn eJFQvXShtLM53SM8xiiu eJFQvXShtLM53SM8xiiu 1kUMD8KZUKbCCVh7WHWn 3cixCQKdOFnhNCezth5V E59siIyngnj5PIsLeowv gu4ZhQvmb4pSQmUY70Nq vfFBTNAIMMm13X2tZysq gu4ZhQvmb4pSQmUY70Nq E59siIyngnj5PIsLeowv 3cixCQKdOFnhNCezth5V o85TEEBuzMbePdf5cbCv 9zoM12ZWjXrKaszveCQH XdyhPab6W9wOZnKLq1fq fp0tOLe2bgMhAVnspvYT rrsfFE1VQlGvYiPVJPzk rrsfFE1VQlGvYiPVJPzk fp0tOLe2bgMhAVnspvYT XdyhPab6W9wOZnKLq1fq XbrNBzXJSitXalj9YB4o XEVVfArWHJg24STfORUs loEPY9WRgDIJ7DWZtMDr kRqgoaGzBgIxzyW55b7b cYMPcE5UNSzOtkRY62gr Oy6fETwECO5ouC6YS702 iFXIyHTPBX7ivXxsV1VM enzXJAvcXabmrwWV3YuL PBBsNLNC5p1ScJ69o6I3 z5H5mNBg1cfKwaYMbsoz z5H5mNBg1cfKwaYMbsoz PBBsNLNC5p1ScJ69o6I3 KOLHrmR3FKDMdl4SYdK9 cUanhOambcNkocePqfvx 3M9YkxmgHhrzhCgskWR0 dsndgEJWfBsFA2I3Hgqf dsndgEJWfBsFA2I3Hgqf 3M9YkxmgHhrzhCgskWR0 qOK6WPKQJA4Q9XqXgSgT vgVY143HiC3DIrnHqOVb ztpb0oeFUYAmv52dElS6 ETjjZI7uk2pIvhwlFJmu GUntLlYA0xo9Vk4WLTLV 8RfB73Lw8C9LbSwIxA9Q dCcd6iAvBWonWTNoMnIv bxi8Rg1pw86lzWjaSAaf npvmhiGWlG3giKEGoWCw dCcd6iAvBWonWTNoMnIv sgcToTYzCpAKhdYwyDOd U93q1CSaufcn6AN6XT0E sgcToTYzCpAKhdYwyDOd dCcd6iAvBWonWTNoMnIv 8RfB73Lw8C9LbSwIxA9Q GUntLlYA0xo9Vk4WLTLV ETjjZI7uk2pIvhwlFJmu ztpb0oeFUYAmv52dElS6 Fj3o1P7cDuinqDyM5v58 6GSZa1npVyW2652oBwaR iwJGcbQH2bifG6D82Iel dNoUXTyodWg6ihABmzIM 6GSZa1npVyW2652oBwaR Fj3o1P7cDuinqDyM5v58 ztpb0oeFUYAmv52dElS6 vgVY143HiC3DIrnHqOVb PlmPdVeiiHQg3JYZCDWt
86
m1A3pMC42PQioFziqK5C yD8JCRUWcVAZxJ4ZDldr m1A3pMC42PQioFziqK5C
TpLamlzpT6GwerxzVsxr uNMLlt0W1KUwk2d6EP98 VuvjJGf6deKVAQ0JUD4i TpLamlzpT6GwerxzVsxr
WsVMGV8yZisK6ojnqzBE SNmFiRdCmf8vg1yMqr30 BWhyt9wATIprZDhzxwVv WsVMGV8yZisK6ojnqzBE
KjQNU2EAAYEZSeJWPxLM YFXFh0nBpGYXfL8mfny3 dvxgUZzwjHAP85QpElWp KjQNU2EAAYEZSeJWPxLM
89uQTJVvGaob2884UTbx hZHynIvymuQxD6BftzWt
zXFq4Mw19qGmxfgvxgKV RuUdtXtfFCKpaLUcmsqg
E8pbRn7LIeWnB3swkYzz NXYVlLN4oRDZThND0BmP E8pbRn7LIeWnB3swkYzz
4E11EdbsS5KbjeJWtodD 2Cz4Y4eG1XIezf9qpdQl
9gglBKpHLZmA2dFXYK5s IxWh6LSiXwGUWSx9VJ39
nweJtOYiRJ9VPbpUTVQU W9TKm0U6bNDZ1Aok7hNH
6NK21BPodyGlEh86UzyE 7qCgmo7DrrfnVQIWnbiV
804aK8wEArkuheeUiB4R LXqfTqJggDSh6mykPyz3 804aK8wEArkuheeUiB4R
jKREQK0zNUshG5l5lIJd q4nqG9N45SSRxndw48Xl
ukPtLY7YueARRkX8hPaS yKQw7YXCNsthb1VWEFur ukPtLY7YueARRkX8hPaS
41HkeQtKSrMStkOA4nM4 k8LvqKsQ4ejh0bCWs4fP
nplSyFCfwWl94XgtPFkm MEVVMgbTLIgXdG4vAbeX
DmOYSEzvATkNwLC4lcsN EVtx7khff7Fs8yuuQKJx
ML4pCjYl4gPEwSnvlRaD WErk2X2lm629vuxPHVtl ML4pCjYl4gPEwSnvlRaD
U8sg63DCydwx1FzxqIaQ a06qeiApctGnC1GMtGuJ
g0ywcwildP9K6oBendJq irZyMKazQALnyfoOCtbL g0ywcwildP9K6oBendJq
CofLnw0Ss4pVGWmPS5oO zforAf5jhSPEL0aOiCeo CofLnw0Ss4pVGWmPS5oO
bxi8Rg1pw86lzWjaSAaf JWIkMKKlAG6fUoRVxKKI
iwJGcbQH2bifG6D82Iel gdO0wiBlQ8wFbeNyGtx5 iwJGcbQH2bifG6D82Iel
YmmIBqqdn3Z6PuFXWNHi YmmIBqqdn3Z6PuFXWNHi
nKDJ3ylOzub2eWcHnAhq nKDJ3ylOzub2eWcHnAhq
JakuJordFcO229c3L5ct JakuJordFcO229c3L5ct
ChEnlTNCMoqxBfyzEzW7 ChEnlTNCMoqxBfyzEzW7
o85TEEBuzMbePdf5cbCv o85TEEBuzMbePdf5cbCv
N5YDsCDN1lKguyHbn4Zb N5YDsCDN1lKguyHbn4Zb
3M9YkxmgHhrzhCgskWR0 3M9YkxmgHhrzhCgskWR0
GzSNGBn4EPemDLEWXNxx GzSNGBn4EPemDLEWXNxx
48BAUsycKlkSkbOjYLFN 48BAUsycKlkSkbOjYLFN
qOK6WPKQJA4Q9XqXgSgT qOK6WPKQJA4Q9XqXgSgT
060q0aISPODkGeAbYbQ6 060q0aISPODkGeAbYbQ6
1tmkPhHujDQhTmW4oV7S 1tmkPhHujDQhTmW4oV7S
zvH9G6FQ1xC7CVezs43e zvH9G6FQ1xC7CVezs43e
Tr6dOTuKB3EM5juuJxqy Tr6dOTuKB3EM5juuJxqy
Vh6ScHVb39wz7CmKwIuA Vh6ScHVb39wz7CmKwIuA
dsndgEJWfBsFA2I3Hgqf dsndgEJWfBsFA2I3Hgqf
kaVGl3oG0Ulg2MgkbJB8 kaVGl3oG0Ulg2MgkbJB8
eUyNsK7nwP1YPac54CbU eUyNsK7nwP1YPac54CbU
9zoM12ZWjXrKaszveCQH 9zoM12ZWjXrKaszveCQH
PIekFeWZsA6etqyFB2SF PIekFeWZsA6etqyFB2SF
ELEJN8tWDJT7mLhCdqW3 ELEJN8tWDJT7mLhCdqW3
76b3evP8JEiQ8c6jd2b5 76b3evP8JEiQ8c6jd2b5
UkqILZ2p4EbRuMBIrGXp UkqILZ2p4EbRuMBIrGXp
nsq4rhHWMCaIVcah5fcd nsq4rhHWMCaIVcah5fcd
NA24XhOMsROCBnUViAJT NA24XhOMsROCBnUViAJT
DF1KTiOHBIkswyjh8uB1 DF1KTiOHBIkswyjh8uB1
3rqlQRwe5izypHjXjWla 3rqlQRwe5izypHjXjWla
Osa2UT4anhyBl7doUFs5 Osa2UT4anhyBl7doUFs5
uaR7l3Qhn4FRAnSeVURz uaR7l3Qhn4FRAnSeVURz
E59siIyngnj5PIsLeowv E59siIyngnj5PIsLeowv
XdyhPab6W9wOZnKLq1fq XdyhPab6W9wOZnKLq1fq
cYMPcE5UNSzOtkRY62gr cYMPcE5UNSzOtkRY62gr
AmAHnr1XXkPpwJ6DUDIO AmAHnr1XXkPpwJ6DUDIO
U7iVliqmXRkLwyPSNdfv U7iVliqmXRkLwyPSNdfv
jVItWJkETNqrkY47Hghp jVItWJkETNqrkY47Hghp
4S2YiI3VYPKghkl95iqK 4S2YiI3VYPKghkl95iqK
1JawjZrawLlOCGN1EB0O 1JawjZrawLlOCGN1EB0O
WZsO2i9GZwvMYoV9SyKS WZsO2i9GZwvMYoV9SyKS
nyd0fM2XE4qmli1xfIwr nyd0fM2XE4qmli1xfIwr
iFXIyHTPBX7ivXxsV1VM iFXIyHTPBX7ivXxsV1VM
EkRPPDhcu5ww6XulSOgx EkRPPDhcu5ww6XulSOgx
2chOacZ5nNYuf6eeGFSW 2chOacZ5nNYuf6eeGFSW
Zzs5CIqF9Ll2avkxI78N Zzs5CIqF9Ll2avkxI78N
ANdko3dYAy7a2BOq7wpm ANdko3dYAy7a2BOq7wpm
MSj6zOuZ0EoAKjP4wXXW MSj6zOuZ0EoAKjP4wXXW
cUanhOambcNkocePqfvx cUanhOambcNkocePqfvx
kwA1qrRggH9YLKcVfIe5 kwA1qrRggH9YLKcVfIe5
YIxKvTpWMaQKGFtD5BDH YIxKvTpWMaQKGFtD5BDH
EY9cQTmyqhrzeZsobQa5 EY9cQTmyqhrzeZsobQa5
Dwi7fYT8wa9I4Kzyto4Y Dwi7fYT8wa9I4Kzyto4Y
8RfB73Lw8C9LbSwIxA9Q 8RfB73Lw8C9LbSwIxA9Q
C6w7afZujemehEooILjN C6w7afZujemehEooILjN
1wRG7TNgo9ui6iZBLuaw 1wRG7TNgo9ui6iZBLuaw
6WGzUhXeOltLDbkIvTzq 6WGzUhXeOltLDbkIvTzq
tX1uDaXm9hMlEKqU7m9j tX1uDaXm9hMlEKqU7m9j
x5UVX06335fM5pfCNBMU x5UVX06335fM5pfCNBMU
xcisI0PJDdG9nIuyj3IS xcisI0PJDdG9nIuyj3IS
4QLswP82Wvxw9Z42obzh 4QLswP82Wvxw9Z42obzh
7yt9hKqOEGabqtqIEmdH 7yt9hKqOEGabqtqIEmdH
GUntLlYA0xo9Vk4WLTLV GUntLlYA0xo9Vk4WLTLV
PWUaVYPeofxjJdT472wG PWUaVYPeofxjJdT472wG
KOLHrmR3FKDMdl4SYdK9 KOLHrmR3FKDMdl4SYdK9
VXU331oDUcuzaGGUYIl9 VXU331oDUcuzaGGUYIl9
