xse rsg dkp nsw ymw odh xpy kcv gmq gmq xpy odh ymw jfh mnp miy kgl nyk svk uau ptu ttw ttw byu byu qxs dnl hat tdu bkg zkt qdw xmg qkp qkp nvz vpr fia aaj nmf ksn fzi lwk nfr lrj lrj rtc txq igs wbg wbg txq rtc lwk nmf aaj auf bod bod bod auf nvz qkp xmg qdw zkt bkg nbk ukv ukv nbk gex pjf pjf gex zks rjv rjv hmi vtd vjd aeg aeg vjd vtd hmi rjv zks dnl qxs byu ttw ptu uau agh nry cun nhi vzr gzr wiy qbf rir ksg tlh gsy gsy tlh ksg hjv vmt uuw nwn ckt ykt ykt ckt hnq hxr jwx vnr fgp vlb mok uby adx adx dgl dgl adx uby mok vlb fgp vnr jwx hxr hnq uuw vmt hjv qbf wiy nbi nbi nhi bsc fbk vmv fjy eah eah fjy vmv fbk bsc nry agh nyk kgl miy mnp ils ils ymw nsw iqd qiq xnr xnr xnr qiq iqd ras ask ckx qol qol uok cek vsl cen rrp rrp vsl ybr jam jam ybr uok qol ckx ask ask ask ras xse
67
kcv qjf tko uwo
vpr bda ruo yug lvm
nfr bdh nfr
igs hpx ocp aii
fzi vwg fzi xme
ksn ikb pvs
fia fhv ogh krr fia
tdu nii tso cma wyg tdu
hat idv xeh
svk mti svk
vzr jgt vzr
rir xjt
nwn vvn kxn fin
gzr emz fyc
cun bnl nko kpp cun
jfh hcr jfh
dkp nwc khu
cen loj kfu ego cen
cek phg
rsg zdb zud rsg
adx adx
pvs pvs
fbk fbk
vtd vtd
lrj lrj
ybr ybr
mok mok
vmv vmv
uau uau
miy miy
byu byu
hmi hmi
uok uok
qbf qbf
pjf pjf
wiy wiy
ttw ttw
rtc rtc
nry nry
ptu ptu
lwk lwk
aeg aeg
nmf nmf
ckx ckx
zkt zkt
uuw uuw
nhi nhi
qdw qdw
bod bod
dgl dgl
nsw nsw
rjv rjv
fgp fgp
xme xme
gex gex ljd
ukv ukv
txq txq
jam jam
wbg wbg
vmt vmt
ksg ksg
ljd ljd
tlh tlh
qxs qxs
nvz nvz
fjy fjy
ils ils
