zcf jbg mje krj cer rve cer krj psl idl idl psl jbg zcf rks vac wij kis txd lfo zao lfo nnf yix mcw rqh orc rqh mcw yix nnf lfo txd kis wij obv wcz gbr qpe mhz qpe szm roj rwk mmo hly evh aea aea mmo vep mmo upz rga tyl tyl umf zbp umf tyl rga upz roj szm qpe gbr wrz ctp nty njn nty tnc vya vya tnc wrz gbr wcz obv wij vac rks zcf
22
mje wfa
hly hcu
rwk oam jsh rwk
ctp vch
qpe qpe
aea aea
mcw mcw
vya vya
vac vac
yix yix
szm szm
wrz wrz
idl idl
txd txd
rks rks
umf umf
tyl tyl
wij wij
rga rga
lfo lfo
upz upz
nnf nnf
