azv oqv rti loz irv ydw yqq ydw irv loz rti hbg rti oqv sob oqv azv xie hyb lko ijd dqy jwx yvc wpu pvt qdo yvc jwx brw cwq gcw mtd eqx gcr uvc std dgw qpl faq boc whw hse eqk ykc mpw cib bgn ufa txp txp ufa cuv cib mpw ykc eqk hse whw boc faq sca faq qpl dgw std uvc kxx vfq mqu vfq kxx kxx mtd ipq hln hln ipq cwq brw til ctf gei zdi taj hsi pzr hwc uon scm scm uon hwc pzr wyg taj ctf ccw ctf til brw jwx dqy ijd ovx ihg ovx zwf vxd rgm jvc ryg hcc bxq pxx bxq itj bxq hcc ryg ivp zuz rov uyd rfl vxn cvb rcw zdd ofa qzx hlc ubo hlc qzx rcw cvb vxn rfl uyd gfr xki gfr uyd rov law ivp ryg jvc dxm jvc rgm vxd zwf ovx ijd lko hyb xie azv
44
pvt hip
wpu yiy
gcr eqa
bgn sau
eqx mis
gcw ncc gcw
hsi wcd aur hsi
gei cim gei
zuz lmh zuz
zdd uua
ipq ipq
oqv oqv
pzr pzr
ovx ovx
rcw rcw
rfl rfl
jwx jwx
yvc yvc
ijd ijd
ufa ufa
hwc hwc
hyb hyb
scm scm
gfr gfr
rti rti
xie xie
dqy dqy
jvc jvc
ctf ctf
yfq yfq
vxn vxn
cib cib
vfq vfq
rov rov
boc boc
qzx qzx
brw brw
mtd mtd
hlc hlc
mpw mpw
uyd uyd
cwq cwq
hcc hcc
ivp ivp
