zMnoKpsz12d1Y6CixoCL vPVOeWczn8eJlf3Gviol WErCaTW8MMgw3ZAta1gT EFVi1RMWM28DYYdOxVze M3MAG2lM6nUmTjQ3nD4D kHWDWFJURX8TBbDnLSlR ybqDdUoaPknlNwzZFeto 1Tm2BSSz9mj8o3m9o0TB OcyqfDTyG7wfT1rvpitz TuA4wNSOMjTMUxZ5fZWx dgvhUwh5BJRBJnc00LMu LdDKuyalK5FXEd1h8XJt LBRpsuMfPp9LEzGTlw5t LdDKuyalK5FXEd1h8XJt IcoYVabhkC8yNYJgy44V tXtX3vcLWOYDJBh3QgZt PVcbdr9b4cXQbbu8InjK 73GclC6XOTCjqTwHSUFH BKvWsgveG3lQHgeNBv62 73GclC6XOTCjqTwHSUFH PVcbdr9b4cXQbbu8InjK tXtX3vcLWOYDJBh3QgZt YqOJXOtRcgzFFRGKRutM jS5XJP3bXemMgWyvfsmt RIRtIJewArUY7i7A6OEl 5jE3DcSbPJWRITx0u2Kf FwLnZPETaUkrkp7dE0hH dakEfF8eF1B4IYsSGGLe GhNWfyijkz8OKJbptIGO JOo21iuZtHvP9sSModQZ e7oVwvEXzQVG9DeK8uQS RLriJ3z2V3NV2Vo1oURR 50qWynRev5CSErzk8Yih WCUwzDEkBlRrgSeSv9vv EFVi1RMWM28DYYdOxVze WErCaTW8MMgw3ZAta1gT hdXOmxRAbu0HN40emwgb WErCaTW8MMgw3ZAta1gT vPVOeWczn8eJlf3Gviol zMnoKpsz12d1Y6CixoCL
18
ybqDdUoaPknlNwzZFeto WELPo1XEQnG4JejlB13A z6gtkXCB2ntSiYsjrque FHGlzd4VlMUVjTba9Qjm
TuA4wNSOMjTMUxZ5fZWx jdgXkfbupFQ0XUNJEyvU JzMVZjOikutQZg00S8wX WdpiLe9uZpnuS9WMphYw
OcyqfDTyG7wfT1rvpitz Y2BEa9hp0T63SlTWXenG oougNPfNRCSRCWJrOUlb 3mTCmcCkVhhFn533BM03 uqAmYQiu3O0THeAaPzKH sNJuS4R6b6KAUX5QI4md G6KTAOxQU8MNiSLazU1t
IcoYVabhkC8yNYJgy44V xBNbU9Yu51mQvClxjQdr Y0dqIYSR4P9Br1Cq3f9U MyPRIiIVlLarPoP5nZfy U8fsnzMIN4aMdzToihTq GaG5DAqLVuTD09GfUl6l dBvruVRsFq4ihmzPj7nf
1Tm2BSSz9mj8o3m9o0TB 07iKiKtYzy9bLoKUo0ve ZcpnIKUrL8i4GzxAolZX 5VNO6t8qAcR3d5jJgfi4
YqOJXOtRcgzFFRGKRutM qSLkk45Evo68Y4JhMUq7 mUERvxQcAO2XlgBTPRGA mNuLv0WHsIRpWEdSUREd JPD2uBroiElzO4z72vhQ Ryx97mzVLWHytqmLAKlJ HAc1Ylu9mrUmnheKISnK
kHWDWFJURX8TBbDnLSlR W8ft2Hcg1VXPVNTpprS3 dUDrtIP8WIldh2FT7uba mTYxpEwVJTp369cmBN7S
5jE3DcSbPJWRITx0u2Kf OMLAPgVr1RosMrpENk9K JKKWZrMfMDLTYQt6t5Ap u91JdIwHTd2zumpXCvmK NieXnWTTyXxCRp5CSl0i gM8AHyLc0ZjUxmDMuXzJ 9q9h29089dBsNERnjXsd
e7oVwvEXzQVG9DeK8uQS bUGtOHLCdzsNiRxcLtaT nfdt04yvrwrpPVPzIy2c 34ScKN0pHkNmnxdkoIOC MDHuBmBbeFOGqzpuNmVz ARorC1kPdEun4czh3dmX olgHJpCT79b6HED7FUWa
JOo21iuZtHvP9sSModQZ QmCq2RCVgnssPOgSwAr8 oDA5VKbLZuTPP2ZEB14d T7hLF9jTtc4htoAH0PWD
GhNWfyijkz8OKJbptIGO lcq8BXTLE4WDnj4JF3yo VxRxz5foWagBafuSz1m4 EvdCmEq3CXPDtnZYkiVu
dakEfF8eF1B4IYsSGGLe TzlCRBgA0Q2cCjETm7Vx C3qGKxHtliSTI7oOnHoB FDT7h4JKMRWa9fcDNmXs yE3wNgUIJB0oZwUjLCMo YIAlamFOfZeHd5qDll32 9XhdonQsTDmLQknJ4xeP
FwLnZPETaUkrkp7dE0hH bclRgmmOqfg3PHQz06qB 8s4ukhLgGBoor0D87KUr XKYNaFpYuIx7Zx7vNANa KBGTLYOWLSviflcWwd9y 9c21VhIQJbtu6kG4NZT4 ZvocIzADG7dBR58wmnu8
RIRtIJewArUY7i7A6OEl cthtNVKVABeolrPabegT FqxzURcIHYyg2FOpiXCN szEChRtMF49nUq5i634G
WCUwzDEkBlRrgSeSv9vv pkPHvGrHHriGlmiL3mRW KP4zLIZ5LMWJ6mkRn6BX QFT8yfDPa0xDNdRMchX3 5cjkSqVe5mFfFhCgwe8r ofmz95sRAyIS0ShQndvb 15e7umNMnawEegsOhkYh
50qWynRev5CSErzk8Yih Vkpfkc0JUDpakJkZipKD QTgsp1BfPDsixeeH6QUT 3fQHkf8pseCy7Ys4Kez5
jS5XJP3bXemMgWyvfsmt 2DqN6NYyebkVczAnrbNI RvFA5khunRjN3Z7dmUKr Armxs904ujfdAYn9LtOF Vv2apUMOUSvB9J5u8yJr ZSg6FSZaRCTLmeHoLgMI CcIlGrru613gqyngyuYo
M3MAG2lM6nUmTjQ3nD4D GfpGWz1SaDeisCQVEJrI z2nBS9pweVYpDmW0fMRS PrzulPuk0tqiNKmdjp0X
