Vernon Anaheim New Hoffman Northern Lost Sherman Oildale Timbuctoo Timbuctoo Oildale Sherman Lost Clayton Fountain Manzanita Fullerton Sonoma Sequoia Yurok Escondido Yale Escalon Escalon Yale Escondido Yurok Yurok Sequoia Sonoma Fullerton Manzanita Clayton Del Helm Sheep Meyers Meyers Sheep Blue Three Sunny Sunny Three Clayton Warner Warner Warner Pacheco Willow Wallace Willow Willow Pacheco Rough Bodad Bodad Fremont Susan Chicken East Stone Flinn Vallecito Vallecito Flinn Moores Creston Moores Bandini Bandini Palomar Patrick Fiorini Aguanga Ellis Roseland California Downtown Magic Bell Bell Brundage Brundage Capuchino Bonita Bonita Capuchino Brundage Bell Downtown Ellis Aguanga Fiorini Patrick Palomar Ida Glennville Glennville Ida Chicken Susan Dutch Yucca Yucca Dutch Huron Cerro Cerro Huron Anaheim Jamul Garden Church Church Garden Welwood Aptos Davis Visalia Saint Bangor Colonnade Colonnade Bangor Saint Marshall Ames Fox Chittenden Chittenden Fox Ames Marshall Aptos Inaja Robertsville Singing Singing Robertsville Pleasant Pleasant Aptos Welwood Anaheim Vernon
66
Northern Antelope Cabbage
Fountain Cressey Alamo Woody
Smoke Lake Buena Coddingtown Smoke
Helm Manker Industrial Helm Tijuana
Blue Strawberry Blue
Del Bonny Del Terra
Hoffman Potrero Hoffman Kaiser
Clipper Parchester Industry
Kaiser Ritter Veterans Civic Portola Kaiser
Wallace Donner Balboa Delta Wallace Lake
New South
Lebec Richvale Quail
Stone Collins Carmel Ramona Forbestown Mecca
Creston Grasslands Bakersfield
Roseland Dulzura Garcia Roseland
California Beach California
Magic Bradley Winterhaven Hammer Smith
East Cypress
Fremont Costa
Le Temecula Le
Rough Sulpizio Rough Le
Jamul Calaveras Presidio
Davis Davenport Santa
Visalia Sacramento Cudahy Glencoe Armstrong Crestmont Louis
Stockdale Yankee Stockdale
Inaja All Cambridge Stockdale
Robertsville Robertsville
Warner Warner Parchester Industry
Cerro Cerro Temecula
Terra Terra
Clayton Clayton Buena
Downtown Downtown
Three Three Ritter
Anaheim Anaheim
Bell Bell
Mecca Mecca
Bodad Bodad Richvale
Pleasant Pleasant
Escalon Escalon Coddingtown
Brundage Brundage
Moores Moores
Saint Saint
Timbuctoo Timbuctoo
Fox Fox
Pacheco Pacheco
Huron Huron
Capuchino Capuchino
Fullerton Fullerton
Bangor Bangor
Sherman Sherman
Fiorini Fiorini
Louis Louis
Yurok Yurok
Rowland Rowland
Marshall Marshall
Sunny Sunny
Flinn Flinn
Chittenden Chittenden
Tijuana Tijuana
Escondido Escondido Smoke
Sequoia Veterans
Manzanita Civic
Ellis Portola
Susan Quail
Singing Yankee
Bonita Rowland
