Encanto Old Oceanside Green Shafter Mount Aguanga Mission Shafter Green 18th Brookdale Fiorini Warner Fiorini Merced Alpaugh Chittenden Alpaugh Merced Bangor Riverside Home Bangor Merced Delta Roseland Huron Roseland Delta Merced Fiorini Brookdale 18th Old Chinese All Bonita Cherokee Oildale Yubadocs Homestead Manzanita Helm Linden Robertsville Vista Vista Robertsville Manzanita Homestead South Coachella Boulevard Coachella Kern Beach Sherman Castle Sherman Beach Ramona Clark Banning Marina Forest Lost Forest Cypress Elmira Crafton Elmira Cypress Forest Marina Marina Banning Veterans Veterans Beach Iowa Richvale Greenwood New Greenwood Richvale Iowa Beach Calaveras Calaveras Coachella Portola Coachella South Homestead Yubadocs Cherokee Clayton San Cherokee Bonita Welden Welden Rossmoor Vernon Vernon Rossmoor Chinese Sacramento Dayton Sacramento Ida Fremont Granite Colonnade McAuley Hume Colonnade Granite Carnelian Granite Fremont Sacramento Moores Carmel Campbell Carmel Moores Sacramento Chinese Old Encanto
35
Mount Woffard Costa Mount
Oceanside Two
Warner Cabbage Yurok Warner
Riverside Foothills Riverside
Helm Santa Ames
Clark Quail Pumpkin
Ramona Moccasin Laguna Ramona
Kern Los Kern
Oildale City
Clayton Presidio Clayton
All Willow Garden All
Ida Kentfield
McAuley Glencoe McAuley
Cherokee Cherokee
Banning Banning
Vernon Vernon
Bonita Bonita
Forest Forest
Vista Vista
Homestead Homestead
Beach Beach
Sherman Sherman
Richvale Richvale
Woodbridge Woodbridge
Jane Jane
Welden Welden
Elmira Elmira
Shafter Shafter
Granite Granite
Chinese Chinese
Alpaugh Alpaugh
Delta Delta
Smoke Smoke
Cypress Cypress
Green Green
