loc0 loc60 loc8 loc27 loc37 loc37 loc27 loc38 loc94 loc38 loc44 loc78 loc44 loc88 loc44 loc98 loc44 loc67 loc84 loc67 loc80 loc18 loc51 loc6 loc3 loc52 loc3 loc6 loc51 loc18 loc80 loc60 loc68 loc1 loc17 loc15 loc43 loc92 loc19 loc36 loc42 loc36 loc48 loc64 loc74 loc82 loc82 loc20 loc16 loc34 loc56 loc62 loc56 loc34 loc26 loc12 loc5 loc4 loc14 loc28 loc33 loc10 loc29 loc7 loc50 loc23 loc9 loc11 loc32 loc32 loc70 loc96 loc9 loc23 loc50 loc76 loc50 loc65 loc97 loc72 loc97 loc65 loc10 loc90 loc10 loc33 loc4 loc66 loc4 loc21 loc54 loc2 loc61 loc22 loc61 loc46 loc61 loc2 loc21 loc12 loc86 loc87 loc40 loc58 loc58 loc87 loc0
32
loc8 loc99 loc39
loc0 loc73 loc89
loc43 loc45 loc43
loc15 loc95 loc75 loc79 loc15
loc19 loc13 loc19
loc17 loc81 loc69 loc35 loc17
loc20 loc31 loc83
loc7 loc47 loc85 loc7
loc11 loc59 loc11
loc29 loc63 loc29
loc14 loc57
loc54 loc25 loc93
loc5 loc71 loc5
loc26 loc49
loc1 loc91 loc1
loc40 loc55
loc3 loc3
loc9 loc9
loc21 loc21
loc23 loc23
loc27 loc27
loc33 loc33
loc37 loc37
loc41 loc41
loc51 loc51
loc53 loc53
loc61 loc61
loc65 loc65
loc67 loc67
loc77 loc77
loc87 loc87
loc97 loc97
