loc0 loc24 loc3 loc23 loc132 loc3 loc42 loc11 loc21 loc15 loc89 loc39 loc39 loc89 loc158 loc170 loc75 loc20 loc37 loc186 loc54 loc61 loc61 loc99 loc8 loc58 loc60 loc58 loc8 loc88 loc8 loc112 loc8 loc99 loc107 loc59 loc176 loc59 loc107 loc164 loc75 loc76 loc19 loc120 loc138 loc76 loc114 loc146 loc114 loc160 loc42 loc3 loc80 loc3 loc108 loc3 loc121 loc1 loc55 loc25 loc118 loc68 loc172 loc68 loc140 loc121 loc3 loc174 loc3 loc24 loc4 loc13 loc86 loc16 loc22 loc136 loc22 loc142 loc22 loc40 loc110 loc150 loc156 loc178 loc86 loc13 loc184 loc13 loc188 loc2 loc98 loc188 loc13 loc34 loc74 loc96 loc7 loc72 loc78 loc168 loc78 loc96 loc46 loc96 loc166 loc185 loc6 loc27 loc27 loc27 loc27 loc28 loc28 loc28 loc93 loc29 loc70 loc93 loc104 loc148 loc196 loc185 loc198 loc24 loc48 loc57 loc106 loc57 loc48 loc24 loc53 loc52 loc182 loc52 loc53 loc144 loc53 loc24 loc45 loc45 loc51 loc10 loc14 loc14 loc14 loc18 loc26 loc32 loc122 loc32 loc26 loc56 loc26 loc192 loc26 loc49 loc30 loc44 loc90 loc90 loc152 loc62 loc62 loc126 loc17 loc9 loc100 loc162 loc162 loc100 loc180 loc116 loc64 loc38 loc82 loc66 loc128 loc154 loc194 loc51 loc92 loc51 loc84 loc94 loc5 loc83 loc134 loc83 loc5 loc5 loc5 loc5 loc94 loc130 loc190 loc0
49
loc23 loc81 loc23
loc15 loc151 loc15
loc21 loc77 loc155 loc21
loc37 loc181 loc37
loc20 loc31 loc179
loc19 loc69 loc141 loc145 loc19
loc11 loc123 loc11
loc25 loc193 loc25
loc55 loc101 loc111 loc55
loc1 loc171 loc1
loc40 loc63 loc117
loc16 loc85 loc127 loc147
loc2 loc137
loc34 loc133
loc7 loc149 loc7
loc4 loc115 loc169
loc6 loc131 loc135 loc163 loc191 loc195 loc71 loc91 loc103 loc167 loc175
loc29 loc97 loc177 loc29
loc0 loc159 loc87 loc129 loc139 loc109
loc10 loc41 loc143 loc43 loc105 loc197 loc65 loc95 loc125 loc183
loc56 loc73 loc199
loc18 loc35
loc44 loc79
loc30 loc189 loc153 loc173
loc49 loc33 loc165 loc49
loc9 loc157 loc119 loc161 loc9
loc17 loc67 loc17
loc64 loc113
loc38 loc187
loc3 loc3
loc5 loc5
loc13 loc13
loc27 loc27
loc39 loc39
loc45 loc45
loc47 loc47
loc51 loc51
loc53 loc53
loc57 loc57
loc59 loc59
loc61 loc61
loc75 loc75
loc83 loc83
loc89 loc89
loc93 loc93
loc99 loc99
loc107 loc107
loc121 loc121
loc185 loc185
