loc0 loc17 loc28 loc40 loc40 loc28 loc17 loc18 loc19 loc11 loc30 loc12 loc16 loc4 loc4 loc26 loc26 loc33 loc47 loc47 loc33 loc11 loc19 loc19 loc43 loc10 loc34 loc5 loc21 loc21 loc5 loc34 loc10 loc43 loc19 loc3 loc35 loc8 loc29 loc9 loc23 loc23 loc9 loc8 loc35 loc3 loc0
19
loc0 loc37
loc16 loc7 loc27 loc13
loc12 loc49
loc30 loc45
loc18 loc39 loc1 loc15 loc31
loc29 loc25 loc29 loc41
loc31 loc41 loc31
loc3 loc3
loc5 loc5
loc9 loc9
loc11 loc11
loc17 loc17
loc19 loc19
loc21 loc21
loc23 loc23
loc33 loc33
loc35 loc35
loc43 loc43
loc47 loc47
