Evans Campbell Eshelman ThaiNoodle Chipotle UCafe Yifang BerkeleyWayWest AlumniHouse ImmThai AshaTeaHouse HilgardHall Barrows Unit2 Pappys SproulHall GreekTheatre MemorialGlade Pappys HilgardHall AshaTeaHouse AlumniHouse BerkeleyWayWest UCafe Chipotle ThaiNoodle Eshelman Morrisonhall Gongcha LeConte Moffit HappyLemon LawrenceHall BancroftLibrary HavilandHall VLSB VLSB HavilandHall BancroftLibrary LawrenceHall HappyLemon Moffit LeConte Gongcha Morrisonhall Evans
31
Barrows Campanile Gilman MemorialStadium Barrows Etcheverry
SproulHall BotanicalGardens GiauqueHall DavisHall
GreekTheatre CanyonPool GreekTheatre Doe
MemorialGlade Kresge HesseHall Soda SutardjaDai
Plentea Soda Dwinelle HildebrandHall SutardjaDai Doe
Unit2 Stern Unit2
Bowles Etcheverry Boalt ZellerbachHall Bowles
ImmThai InternationalHouse RSF Blackwell
Yifang UniversityVillage Wheeler
Campbell HearstMining DurantHall Campbell
Evans Cory BAMPFA Unit1 Foothill HAAS
ThaiNoodle ThaiNoodle Dwinelle HildebrandHall MLK
LeConte LeConte
Moffit Moffit SouthHall
SouthHall SouthHall
CaliforniaHall CaliforniaHall
BancroftLibrary BancroftLibrary
BerkeleyWayWest BerkeleyWayWest
LawrenceHall LawrenceHall
Unit3 Unit3
Foothill Foothill
VLSB VLSB
RSF RSF
Blackwell Blackwell
MLK MLK
Eshelman Eshelman
HAAS HAAS
AlumniHouse AlumniHouse
DavisHall DavisHall
HavilandHall HavilandHall
HilgardHall HilgardHall Boalt ZellerbachHall CaliforniaHall Bowles Unit3
