Ippudo Platano Soda HildebrandHall NatApartment Rachas CanyonPool BAMPFA CanyonPool Staples Chipotle HearstMining EastAsianLibrary LittleCampanile WindmillCoffee PokeBar PokeBar WindmillCoffee LittleCampanile EastAsianLibrary Fengcha UniversityVillage TToust BobaNinja TennisCourts BancroftLibrary Cheeseboard RSF Eshelman Unit2 SweetheartCafe PeoplesCafe PurpleKow PeoplesCafe SweetheartCafe RSF Cheeseboard BancroftLibrary TennisCourts TPTea Campanile LeConte Cafe3 ThaiNoodle PeoplesPark ThaiNoodle Doe JambaJuice SteamTrains Underhill HortonHall Stern SteamTrains KroeberHall HilgardHall KroeberHall SteamTrains JambaJuice Doe ThaiNoodle Cafe3 GPB AuCoquelet GPB Cafe3 LeConte AshaTeaHouse JacobsApartment NorthBerkeleyBart JacobsApartment Blackwell Milkbomb Foothill Milkbomb Ikea GiauqueHall Dwinelle GiauqueHall Gilman GiauqueHall Ikea Milkbomb BotanicalGardens Milkbomb JacobsApartment Bowles HappyLemon BerkeleyWayWest BerkeleyBubbles BerkeleyWayWest BerkeleyWayWest HappyLemon LeConte AmoebaMusic SnackShack Artichokes MemorialStadium SnackShack AmoebaMusic LeConte TPTea TennisCourts BobaNinja TToust Crossroads MLK TToust ImmThai BobbyGPizza Marugame Etcheverry Marugame Gadani CaliforniaHall Gadani HalalGuys LittleBird HalalGuys Gadani Marugame ImmThai TToust EndlessSweets TToust UniversityVillage UCafe Flavia AndrewsApartment Wheeler GSPP EastBaySpiceCompany HesseHall EastBaySpiceCompany GSPP Wheeler Kresge HearstGym Boalt AlumniHouse SteamTunnel AlumniHouse Boalt HearstGym WursterHall IndianRock HearstGym TheDwight BerkeleyMarina TheDwight UCafe UniversityVillage Fengcha HavilandHall UdupiPalace GrizzlyPeak FoxTheater GrizzlyPeak UdupiPalace Evans Fengcha DurantHall MSRI NoodleGirl Unit3 LaBurrita OptometryBuilding YogurtPark OptometryBuilding BenAndJerry OptometryBuilding LaBurrita Unit3 Wikiwiki ACuppaTea GreekTheatre LatimerHall Jupiter Morganhall VLSB LakeAnza VLSB Morganhall CVS LatimerHall BagOCrab LawrenceHall BagOCrab ACuppaTea Wikiwiki MSRI Unit1 HearstMining Mezzo BerkeleyArtStudio SaturnCafe HeatCafe SaturnCafe Mezzo Moffit VictoryPoint Moffit Tzone ZellerbachHall Tzone Moffit Mezzo BerkeleyRoseGarden Staples CanyonPool Cory HildebrandHall Soda Ippudo
77
Platano Gypsys Platano
Rachas Safeway Rachas
Eshelman MemorialGlade Plentea
HortonHall Shengkee Slivers HortonHall
Stern TripleRock TacoBell ExtremePizza
Underhill TheHabit Underhill
Blackwell Pappys
Bowles StrawberryCreek Morrisonhall
AshaTeaHouse SproulHall TenderGreens AshaTeaHouse
Artichokes LowerSproul Artichokes
Campanile ChezPanisse
Crossroads BanshoRamen Ucha Crossroads
BobbyGPizza Raretea
AndrewsApartment Cornerstone AndrewsApartment
HesseHall Muraccis MulfordHall
WursterHall Spats WursterHall
Flavia LewisHall
HavilandHall Bonchon
YogurtPark Target TraderJoes SatherGate
Jupiter TopDog Jupiter
GreekTheatre Gather
NoodleGirl Teazone
BerkeleyArtStudio Firewings BerkeleyArtStudio
Chipotle BSC Venus Chipotle
NatApartment BetaLounge
KroeberHall KroeberHall
LatimerHall LatimerHall
Morganhall Morganhall
NorthHall NorthHall
OptometryBuilding OptometryBuilding
McDonalds McDonalds
HappyLemon HappyLemon
Gongcha Gongcha
Yifang Yifang
Fengcha Fengcha
UCafe UCafe
TPTea TPTea
BigC BigC
ClarkKerr ClarkKerr
Cafe3 Cafe3
Marugame Marugame
Kips Kips
ImmThai ImmThai
Milkbomb Milkbomb
EastAsianLibrary EastAsianLibrary
ThaiNoodle ThaiNoodle
Mezzo Mezzo
Ikes Ikes
PokeBar PokeBar
Quicklys Quicklys
SnackShack SnackShack
SmokesPoutinerie SmokesPoutinerie
GreatChina GreatChina
ThaiBasil ThaiBasil
Eureka Eureka
EastBaySpiceCompany EastBaySpiceCompany
PeoplesCafe PeoplesCafe
SuperDuperBurgers SuperDuperBurgers
JambaJuice JambaJuice
HalalGuys HalalGuys
Gadani Gadani
Wikiwiki Wikiwiki
Homeroom Homeroom
Cheeseboard Cheeseboard
LaNote LaNote
BobaNinja BobaNinja
SweetheartCafe SweetheartCafe
Wheeler Wheeler
TukTukThai TukTukThai
SaturnCafe SaturnCafe
AmoebaMusic AmoebaMusic
GrizzlyPeak GrizzlyPeak
LaBurrita LaBurrita
TheDwight TheDwight
LittleCampanile LittleCampanile
Namaste Namaste
UrbanOutfitters UrbanOutfitters
