Soda Doe GreekTheatre GreekTheatre LeConte Etcheverry Unit2 BancroftLibrary Blackwell Cory Gilman HilgardHall CaliforniaHall Barrows CaliforniaHall HilgardHall Gilman Cory BancroftLibrary Unit2 Etcheverry Soda
22
Doe Bowles InternationalHouse Doe
BerkeleyWayWest BAMPFA BerkeleyWayWest
Soda Wheeler BAMPFA Evans Campanile BerkeleyWayWest
Barrows Campbell Stern Moffit Unit3
DavisHall Unit1
Blackwell DurantHall Unit1
LeConte HearstMining LeConte Foothill
Evans Evans
Campanile Campanile
Moffit Moffit
Dwinelle Dwinelle
SouthHall SouthHall
Gilman Gilman
CaliforniaHall CaliforniaHall
BancroftLibrary BancroftLibrary
GreekTheatre GreekTheatre LawrenceHall
LawrenceHall LawrenceHall
Unit2 Unit2
Unit3 Unit3
Foothill Foothill
HilgardHall Dwinelle
Cory SouthHall
