Loc48 Loc52 Loc17 Loc78 Loc18 Loc61 Loc18 Loc97 Loc18 Loc78 Loc67 Loc39 Loc91 Loc42 Loc25 Loc62 Loc47 Loc3 Loc46 Loc66 Loc46 Loc69 Loc69 Loc45 Loc32 Loc96 Loc32 Loc45 Loc69 Loc12 Loc37 Loc93 Loc79 Loc93 Loc37 Loc12 Loc47 Loc50 Loc47 Loc62 Loc25 Loc77 Loc25 Loc42 Loc42 Loc91 Loc67 Loc78 Loc81 Loc78 Loc52 Loc2 Loc58 Loc2 Loc52 Loc52 Loc36 Loc41 Loc98 Loc41 Loc36 Loc52 Loc6 Loc84 Loc84 Loc87 Loc83 Loc83 Loc31 Loc14 Loc64 Loc14 Loc73 Loc68 Loc73 Loc14 Loc80 Loc72 Loc21 Loc55 Loc53 Loc55 Loc57 Loc63 Loc63 Loc80 Loc14 Loc31 Loc71 Loc31 Loc52 Loc48 Loc76 Loc28 Loc0 Loc95 Loc28 Loc76 Loc1 Loc20 Loc70 Loc59 Loc11 Loc99 Loc99 Loc88 Loc8 Loc56 Loc56 Loc8 Loc60 Loc51 Loc38 Loc89 Loc51 Loc90 Loc59 Loc82 Loc86 Loc86 Loc54 Loc20 Loc94 Loc75 Loc20 Loc27 Loc40 Loc85 Loc27 Loc92 Loc27 Loc20 Loc1 Loc65 Loc74 Loc65 Loc1 Loc76 Loc48
36
Loc17 Loc33 Loc4 Loc17
Loc3 Loc10 Loc3
Loc39 Loc24 Loc9 Loc39
Loc6 Loc30 Loc22 Loc6
Loc87 Loc34
Loc21 Loc44 Loc21
Loc72 Loc13
Loc0 Loc19 Loc0
Loc11 Loc43 Loc11
Loc88 Loc5
Loc60 Loc26
Loc38 Loc15 Loc38
Loc70 Loc35
Loc82 Loc7 Loc29
Loc94 Loc16
Loc40 Loc49 Loc40
Loc1 Loc1
Loc2 Loc2
Loc8 Loc8
Loc12 Loc12
Loc14 Loc14
Loc18 Loc18
Loc20 Loc20
Loc23 Loc23
Loc25 Loc25
Loc27 Loc27
Loc28 Loc28
Loc31 Loc31
Loc32 Loc32
Loc36 Loc36
Loc37 Loc37
Loc41 Loc41
Loc42 Loc42
Loc45 Loc45
Loc46 Loc46
Loc47 Loc47
