Loc76 Loc11 Loc51 Loc25 Loc42 Loc175 Loc5 Loc79 Loc149 Loc120 Loc104 Loc137 Loc104 Loc120 Loc142 Loc120 Loc149 Loc79 Loc5 Loc113 Loc157 Loc113 Loc195 Loc113 Loc5 Loc152 Loc103 Loc152 Loc5 Loc175 Loc191 Loc175 Loc117 Loc26 Loc94 Loc198 Loc167 Loc94 Loc26 Loc117 Loc58 Loc154 Loc43 Loc50 Loc110 Loc110 Loc98 Loc151 Loc14 Loc139 Loc199 Loc9 Loc100 Loc9 Loc189 Loc108 Loc68 Loc170 Loc68 Loc146 Loc156 Loc146 Loc68 Loc108 Loc189 Loc9 Loc199 Loc139 Loc165 Loc47 Loc17 Loc3 Loc10 Loc0 Loc31 Loc31 Loc78 Loc33 Loc176 Loc33 Loc78 Loc31 Loc105 Loc86 Loc39 Loc136 Loc136 Loc39 Loc86 Loc105 Loc107 Loc182 Loc37 Loc148 Loc148 Loc29 Loc125 Loc182 Loc45 Loc179 Loc82 Loc166 Loc21 Loc116 Loc21 Loc166 Loc82 Loc179 Loc45 Loc182 Loc107 Loc119 Loc124 Loc130 Loc124 Loc144 Loc24 Loc64 Loc48 Loc143 Loc48 Loc155 Loc48 Loc64 Loc24 Loc24 Loc66 Loc115 Loc184 Loc141 Loc196 Loc196 Loc84 Loc174 Loc84 Loc196 Loc181 Loc185 Loc194 Loc131 Loc171 Loc126 Loc17 Loc8 Loc140 Loc8 Loc17 Loc112 Loc192 Loc17 Loc28 Loc65 Loc163 Loc18 Loc92 Loc32 Loc109 Loc109 Loc32 Loc92 Loc18 Loc163 Loc177 Loc128 Loc177 Loc28 Loc17 Loc145 Loc145 Loc165 Loc180 Loc151 Loc98 Loc110 Loc50 Loc132 Loc55 Loc44 Loc122 Loc55 Loc129 Loc55 Loc132 Loc132 Loc20 Loc168 Loc20 Loc190 Loc190 Loc190 Loc172 Loc172 Loc183 Loc75 Loc150 Loc13 Loc85 Loc19 Loc118 Loc6 Loc158 Loc88 Loc90 Loc161 Loc153 Loc153 Loc161 Loc15 Loc77 Loc77 Loc15 Loc88 Loc158 Loc169 Loc158 Loc160 Loc118 Loc61 Loc101 Loc162 Loc162 Loc186 Loc111 Loc186 Loc178 Loc61 Loc118 Loc118 Loc19 Loc85 Loc147 Loc159 Loc114 Loc56 Loc133 Loc102 Loc133 Loc56 Loc27 Loc106 Loc27 Loc56 Loc114 Loc114 Loc159 Loc71 Loc71 Loc75 Loc188 Loc164 Loc188 Loc75 Loc193 Loc135 Loc193 Loc134 Loc183 Loc117 Loc138 Loc117 Loc173 Loc187 Loc187 Loc173 Loc51 Loc11 Loc11 Loc197 Loc197 Loc76
68
Loc42 Loc30 Loc42
Loc198 Loc46
Loc154 Loc4 Loc40 Loc87
Loc14 Loc63 Loc34 Loc91 Loc14
Loc0 Loc52 Loc70 Loc7 Loc0
Loc37 Loc2 Loc62 Loc37
Loc29 Loc35 Loc29
Loc10 Loc73 Loc10
Loc66 Loc57 Loc93 Loc66
Loc115 Loc97
Loc141 Loc99 Loc74
Loc3 Loc89 Loc3
Loc112 Loc96
Loc65 Loc49 Loc72 Loc65
Loc47 Loc95 Loc47
Loc44 Loc67 Loc44
Loc43 Loc59 Loc43
Loc58 Loc54 Loc58
Loc90 Loc36 Loc38 Loc90
Loc6 Loc69 Loc6
Loc101 Loc22
Loc13 Loc53 Loc81 Loc13
Loc150 Loc16
Loc25 Loc83 Loc25
Loc76 Loc12 Loc80 Loc23
Loc1 Loc1
Loc5 Loc5
Loc8 Loc8
Loc9 Loc9
Loc11 Loc11
Loc15 Loc15
Loc17 Loc17
Loc18 Loc18
Loc19 Loc19
Loc20 Loc20
Loc21 Loc21
Loc24 Loc24
Loc26 Loc26
Loc27 Loc27
Loc28 Loc28
Loc31 Loc31
Loc32 Loc32
Loc33 Loc33
Loc39 Loc39
Loc41 Loc41
Loc45 Loc45
Loc48 Loc48
Loc50 Loc50
Loc51 Loc51
Loc55 Loc55
Loc56 Loc56
Loc60 Loc60
Loc61 Loc61
Loc64 Loc64
Loc68 Loc68
Loc71 Loc71
Loc75 Loc75
Loc77 Loc77
Loc78 Loc78
Loc79 Loc79
Loc82 Loc82
Loc84 Loc84
Loc85 Loc85
Loc86 Loc86
Loc88 Loc88
Loc92 Loc92
Loc94 Loc94
Loc98 Loc98
