Shelf0 Toolbox153 Ring169 Puppy140 Mail22 Toolbox147 Male149 Male149 Ice52 Cat163 Shower48 Shoe166 Ice52 Puppy140 Robot134 Android196 Ice198 Towel92 Poop5 Robot164 Whale114 Nuclear65 Nuclear65 Whale114 Soda127 Poop5 YouTube151 Poop5 Towel92 Bird43 Post158 Whale126 Clock61 Whale31 Shower57 Sink109 Fusion131 Allergies106 Solar160 Allergies106 Settings75 Flowers178 Shoe111 Book24 Ice41 YouTube44 Video86 Shelf40 Solar59 BBQ167 Hnads182 Urine108 Android189 BBQ167 Bird11 Bird11 YouTube199 Shoe17 Body180 Rollers173 Boat67 Shoe174 Elevator115 Toilet191 Dislike170 Horse26 Water21 Ring60 Solar71 Cone185 Fusion104 Dislike186 Fusion104 Websites94 Settings102 Websites193 Websites193 Fusion104 Plants62 Rollers63 Rollers63 Ring60 Ring60 Water21 Horse26 Elevator115 Shoe174 Rollers173 Sink96 Elevator120 Allergies176 Dislike143 Towel154 Leash136 Puppy133 Drugs39 Hnads116 Running177 Drugs195 Clock25 Drugs195 System79 Running66 Cat70 Rollers42 Kitty138 Soda119 Solar192 Light49 Solar192 Clock145 Water29 Laptop125 Kitty98 Rollers95 Water135 Dog101 Boat141 Kitty56 Boat141 Leash77 Poop150 Laptop69 Soap53 System156 Towel123 System156 Soap53 Laptop69 Nuclear18 Solar159 Toolbox72 Comics113 Book171 Comics28 Horse122 Book171 Solar130 Allergies23 Fusion179 Monster73 Drugs184 Drugs184 Monster73 Fence74 Allergies23 Solar130 Book171 Comics113 Toolbox72 Dog128 Solar162 Solar162 Dog128 Nuclear18 Laptop69 Leash77 Laptop1 Leash77 Boat141 Crab83 Soap64 Soap64 Crab83 Water135 Rollers95 Kitty98 Laptop125 Water29 Whale91 Water29 Clock145 Solar192 Soda119 YouTube33 Soda119 Crab110 Soda100 Puppy155 Soda100 Crab110 Soda119 Kitty138 Plants129 Kitty138 Rollers42 Running66 System79 Drugs195 Running177 Hnads116 Water90 Hnads116 Drugs39 Puppy133 Leash136 Towel154 Dislike143 Allergies176 Elevator120 Sink96 Rollers173 Body180 Shoe17 YouTube199 Shelf40 Book24 Shoes132 Flowers178 Plus112 Ice50 Allergies7 Toolbox10 Comics105 Kitty89 Crab81 System183 Toolbox144 Monster16 Leash45 Monster16 Toolbox144 System183 Crab81 Kitty89 Nuclear35 Rollers14 Ring161 BBQ36 BBQ36 Ring161 Websites32 Nuclear35 Ring84 Nuclear35 Kitty89 Comics105 Kitty37 Comics105 Urine142 Comics105 Allergies7 Plus112 Flowers178 Settings75 Allergies106 Fusion131 Shower57 Clock61 BBQ172 Mail6 Body55 Clock2 Puppy117 Ice165 Water38 Prints152 Website54 Prints152 Water38 Ice165 Puppy117 Clock2 Body55 Mail6 Mail6 BBQ172 Post158 Bird43 Towel92 Trees68 Sink157 Robot87 Trees68 Towel92 Ice198 Robot134 Puppy140 Ring169 Toolbox146 Prints121 Toolbox146 Ring169 Toolbox153 Shelf0
84
Mail22 Allergies103 Mail22
Toolbox147 Ring82 Urine124
Cat163 Whale137
Android196 Dog168 Android196
Robot164 Comics107 Robot164
Whale31 Printer188
Sink109 Shower47 Sink109
YouTube44 Robot51
Hnads182 Plus78 Hnads182
Solar59 Kitty194
Boat67 Dislike12 Soap58 Boat67
Websites94 Fusion34 Poop80
Solar71 Breakfast85 Solar71
Toilet191 Plants118
Comics28 Light30
Fusion179 Toilet13
Solar159 Website190
Poop150 Robot93 Poop150
Dog101 Websites4 Allergies88
Cat70 Cat15
Ice41 Laptop19 Ice41
Shoe111 Soda197
Rollers14 Urine20 Rollers14
Toolbox10 Horse148
Ice50 Urine97
Whale126 Poop76 Whale126
Sink157 Monster175
Crab83 Crab83
Post158 Post158
Drugs39 Drugs39
Shelf40 Shelf40
Leash77 Leash77
Laptop125 Laptop125
Toolbox146 Toolbox146
Ice9 Ice9
Towel154 Towel154
Settings75 Settings75
Kitty89 Kitty89
Body55 Body55
Water135 Water135
BBQ36 BBQ36
Shoe174 Shoe174
Nuclear35 Nuclear35
Dislike143 Dislike143
Monster73 Monster73
Puppy117 Puppy117
Solar130 Solar130
Soda119 Soda119
Rollers95 Rollers95
Water29 Water29
Drugs195 Drugs195
Toolbox72 Toolbox72
Clock2 Clock2
Hnads116 Hnads116
Nuclear18 Nuclear18
Soap64 Soap64
Dog181 Dog181
Clock139 Clock139
Toolbox153 Toolbox153
Water38 Water38
Dislike27 Dislike27
System156 System156
Puppy140 Puppy140
Solar162 Solar162
Allergies176 Allergies176
Ice165 Ice165
Solar192 Solar192
Mail6 Mail6
Book24 Book24
Fusion104 Fusion104
Flowers178 Flowers178
Shoe17 Shoe17
Book171 Book171
System183 System183
Clock61 Clock61
Shoes8 Shoes8
Ring169 Ring169
Male149 Male149
Cat187 Cat187
Whale114 Whale114
Towel92 Towel92
Shower57 Shower57
System79 System79
Kitty98 Kitty98
