S A E J O W G 7 12 17 Q Q3 127 E3 J3 O3 77 77 O3 J3 E3 127 Q3 Q 17 12 7 G W O J E A B C D U N V 1 I B2 C2 D2 E2 F2 K2 P2 V2 49 53 53 49 V2 P2 K2 F2 1 V N U D S
70
S L3 G3 F K
B H3 B P T
C M3 C M
I V3 I R Y X2 U3
B2 Y2 B2 G2 L2 Q2
C2 R3 C2 H2 M2 R2 Z2 C3 W3 Z3
D2 T3 D2 I2 N2 T2
E2 Y3 A2 E2 J2 O2
A A
D D
E E
F F
G G H
H H
J J
K K
L L
M M
N N
O O
P P
Q Q W2
R R
T T
U U
V V
W W X
X X
Y Y
Z Z
F2 F2
G2 G2
H2 H2
I2 I2
J2 J2
K2 K2
L2 L2
M2 M2
N2 N2
O2 O2
P2 P2
Q2 Q2
R2 R2
T2 T2
U2 U2
V2 V2 U2
W2 W2
X2 X2
Z2 Z2
A3 A3
B3 B3
C3 C3
D3 D3
E3 E3 F3 P3
F3 F3
I3 I3
J3 J3 K3 N3
K3 K3
N3 N3
O3 O3
P3 P3
Q3 Q3
U3 U3
W3 W3
X3 X3
Z3 Z3
7 L
1 Z
49 A3
53 B3 D3 I3 X3
