S A E J O W G 7 12 17 17 12 7 G W O J E A B P 8 T 10 H 9 14 19 23 19 14 9 H 10 T 8 P B C D U N V 1 I B2 C2 D2 I2 N2 T2 48 T2 N2 I2 D2 E2 F2 K2 P2 P2 K2 F2 D2 1 V N U D 24 29 28 38 43 38 28 29 24 25 30 34 39 44 39 34 30 25 26 31 35 40 45 40 35 31 26 27 32 36 41 46 41 36 32 27 A2 33 37 42 47 42 37 33 A2 27 26 25 24 D B S
44
S Q
C W2 C
I X2 I
B2 Y2 B2
C2 Z2 C2
E2 U2 V2 E2
A A
B B
D D
E E
F F
G G
H H
J J
K K
L L
M M
N N
O O
P P
R R
T T
U U
V V
W W
X X
Y Y
Z Z
A2 A2
D2 D2
F2 F2
G2 G2
H2 H2
I2 I2
J2 J2
K2 K2
L2 L2
M2 M2
N2 N2
O2 O2
P2 P2
Q2 Q2
R2 R2
T2 T2
