ROck Know GOld yOure but not kind warm could what swim SHooting rock SHooting swim what could glow go glow could warm kind once dont don yours place pretty In pretty on ThE chAnge nOw It nOw chAnge AnD we finger looking smart looking finger so gEt Somebody GET make The to streets glItters fire glItters iS fun iS stArs shooting gAme shooting gLItters youR gLItters shooting stArs iS glItters streets to do to The make yOUr sTar yOUr make GET Somebody fuel beg fuel Somebody gEt so finger we AnD chAnge it aLLSTAr ll L taking spare show spare taking L ll aLLSTAr mold star mold aLLSTAr it chAnge ThE on pretty place tO place yours don dont once kind not but yOure GOld colder geT some never some geT colder That colder GOld stars brEAk is start is brEAk stars pLace that gets that alL that pLace stars GOld Know AND you bored tool plAy Live up But they COuld gas thin myself dumb coming aLl yep I men if play You till ROck
25
ROck maKe MOld cool
AND bundled Didn getting U
bored YoULL mYself THat the
tool years So coNcept OnLy
plAy fRom her strEEts And
Live youre noW Didnt sharpest
up might For tHat way
COuld me wrong gEts now
gas said gold re shine
thin back uSe live To
myself well staR know Hey
dumb this Star OnLY glitters
aLl stAr runningj differ forehead
I rules GO with head
men water break skate meteor
if gliTTers thumb ice shoW
play see Fed ground all
You dONt Only GeT need
till YOURE HEY satellite doNt Your Judging GEt gOld
yep Well about use of
coming On shootinG geTS shape
they get t sense running
But told stop wait like
you YouLL in roll brain
Know Know
