hutmk omjfc dowbf yaxts ablxw rlfxc zbawl aflzx lnfiu csirk csirk lnfiu aflzx zbawl rlfxc kwgic akxro bjyil kwgic yaxts dowbf omjfc uxtfk ugyls yzaje htfom rvhjg tqiky fswhz lsnhz mlfbi nhaik obwid nihqv misyc snlmb qdbec ekogd groqz nqtby nqtby groqz ekogd qdbec snlmb qzsba xeljy efjns ijofp ijofp xeljy nihqv obwid xsbfo obwid nhaik mlfbi oscrv lskxo bfcvm xintv xintv oscrv mlfbi lsnhz fswhz tqiky rvhjg htfom yzaje ejrpc lkcpj ejrpc lcghr tiyfv zsehb tyuep cursl xnysi fdciu uqimz hincx uqimz fdciu xnysi cursl tyuep zsehb tiyfv lcghr ejrpc dvkfe qsarc dvkfe ybtpq vmgxh ofjku artvi abupm mzlsn spehv ynfag gizud spuoi kbshp kcley qtmld qtmld ugamb iofdr ugamb kbshp spuoi gizud ynfag spehv mzlsn abupm artvi ofjku bquaw ounwr cgrwy axmwy aqzce tejxc jrfin xpyfh krhxf ljosi xpyfh jrfin tejxc aqzce axmwy uaicq uaicq ounwr bquaw ofjku vmgxh ybtpq dvkfe ejrpc yzaje ugyls uxtfk omjfc hutmk qtcla sqlhp edkrj hkdrv guxio cjfpu pyjhz nohqc ejulp ejulp ejulp nohqc pyjhz cjfpu guxio hkdrv edkrj hutmk
35
ablxw aeomh ablxw
akxro gxdqt
misyc urlkt ijvuq bcrwj misyc
efjns ywion
lskxo coubd
kcley vczkh
krhxf qdzgs
cgrwy hopbn
qtcla otirh yiodb
oscrv oscrv
mlfbi mlfbi
lcghr lcghr
aqzce aqzce
mzlsn mzlsn
zsehb zsehb
tyuep tyuep
yzaje yzaje
lnfiu lnfiu
cursl cursl
omjfc omjfc
xintv xintv
rlfxc rlfxc
artvi artvi
vmgxh vmgxh
ugamb ugamb
ugyls ugyls
tejxc tejxc
xeljy xeljy
yaxts yaxts
spuoi spuoi
xnysi xnysi
dowbf dowbf
lsnhz lsnhz
axmwy axmwy
ijofp ijofp
