Hayward Asheville Durham FortCollins Norfolk FortCollins Lafayette Deltona Bryan Deltona Norman Allentown Springdale Cambridge Carrollton Downey Rochester AtlanticCity PanamaCity AtlanticCity SaintPaul SimiValley SaintPaul AtlanticCity Rochester Downey Abilene Atlanta Sebastian Kennewick PuntaGorda Wilmington Winston Hickory Trenton Murfreesboro Yonkers Murfreesboro Trenton Independence Trenton Bradenton Huntsville SouthBend StPaul Killeen StPaul Lewisville StPaul SouthBend Bradenton Wilmington Washington LakeCharles Irvine NewOrleans SaintLouis SanJose DalyCity NewBedford York BelAir Monroe Houston Monroe BelAir Milwaukee LongBeach Milwaukee BelAir York NewBedford Reading NewBedford DalyCity Bremerton DalyCity SanJose Irvine LakeCharles Washington Wilmington PuntaGorda Omaha Topeka Montgomery PembrokePines Visalia PembrokePines Topeka Omaha PuntaGorda Victorville Sebastian Worcester Abilene GrandRapids Fargo GrandRapids Abilene Downey Howell Fontana Howell Downey Fitchburg Downey Carrollton Cambridge FortWayne Cambridge Allentown Norman Hayward
33
Hayward SantaClara
Durham Bloomington Durham
Yonkers Waterloo Barnstable Yonkers
Hickory Tyler HuntingtonBeach Hickory
Winston Memphis PalmBay Bakersfield Tampa
Huntsville McAllen Huntsville
SaintLouis Harlingen
NewOrleans Chicago Waco
Montgomery ThousandOaks SantaCruz
Kennewick NewYorkCity Kennewick
Atlanta Danbury Atlanta
Springdale Torrance Newark Charlotte Springdale
Asheville CedarRapids Asheville
PuntaGorda PuntaGorda
Tucson Tucson
Burbank Burbank
McHenry McHenry
Omaha Omaha
Topeka Topeka
Deltona Deltona
Downey Downey
GrandRapids GrandRapids
BelAir BelAir
Aurora Aurora
LakeCharles LakeCharles
Bradenton Bradenton
RichmondCounty RichmondCounty
Modesto Modesto
Monroe Monroe
NewBedford NewBedford
SaintPaul SaintPaul
York York
Hampton Hampton
