Hayward Shreveport Seaside CapeCoral Gastonia Hampton Bryan Lubbock CostaMesa VeroBeach Salem Salem Stamford OverlandPark KansasCity Houston Jefferson Warren York Reno Reno York Warren Jefferson Houston Fullerton Duluth ElPaso ElPaso Detroit BoiseCity Harrisburg HuntingtonBeach HuntingtonBeach Arvada Wilmington Vancouver Boston SterlingHeights Boston Wilmington BoiseCity Melbourne Oxnard Anaheim Eugene Fitchburg Waterbury Waterbury Fitchburg Melbourne Monroe Escondido Monroe Burlington Norwalk Huntsville ThousandOaks Cambridge Huntsville Kissimmee Marina Kissimmee Huntsville Hayward
58
Shreveport NorthLasVegas Bethlehem Hartford
Lubbock CathedralCity CorpusChristi Savannah Lubbock
VeroBeach SantaClara LasVegas Pueblo
PembrokePines Pueblo Elkhart Deltona
Stamford Layton Stamford Marysville
OverlandPark Utica Fresno Louisville Greenville OverlandPark Anchorage
KansasCity Racine Ogden
Duluth GrandRapids JohnsonCity Duluth SaintPaul
Detroit McAllen Detroit
Harrisburg Scranton
SterlingHeights Charlotte Harlingen Spartanburg Elkhart Champaign
Vancouver Aberdeen Vancouver Henderson
Arvada Nashua Arvada Tyler
Fullerton Omaha Flint Fullerton
CostaMesa Hagerstown Barnstable Bakersfield
Anaheim Norwich SiouxFalls Anaheim Columbus
Eugene LakeCharles Boise Eugene
Oxnard Newburgh Oxnard SanBuenaventura Hemet
Torrance Hialeah Torrance
Bryan Mobile Kalamazoo Tucson Birmingham PuntaGorda HavredeGrace
Escondido Mesquite RoundLakeBeach Cincinnati StLouis
Hampton Newark
Gastonia Laredo
CapeCoral Bloomington CapeCoral
Norwalk NewBedford
ThousandOaks Olympia ThousandOaks
Cambridge Plano PalmBay
Marina Frederick RichmondCounty Lacey Marina Hialeah NewportNews
Burlington NewYorkCity Burlington Downey
Seaside Modesto GreenBay
PuntaGorda PuntaGorda
Tyler Tyler
Albuquerque Albuquerque
NewportNews NewportNews
HavredeGrace HavredeGrace
Topeka Topeka
Anchorage Anchorage
Salem Salem Deltona
Downey Downey
SanBuenaventura SanBuenaventura
Hemet Hemet
Waterbury Waterbury
Henderson Henderson
HuntingtonBeach HuntingtonBeach
Huntsville Huntsville
Columbus Columbus
Marysville Marysville
Bakersfield Bakersfield
Monroe Monroe
ElPaso ElPaso
Kissimmee Kissimmee Scottsdale
Hartford Hartford
Champaign Champaign
SaintPaul SaintPaul
York York
Scottsdale Scottsdale
Melbourne Melbourne Albuquerque Torrance
Warren Topeka
