AndyandZeyu c j j j h b h b2 AndyandZeyu2 d2 c2 i2 e2 f2 f2 e2 i2 c2 d2 b2 b4 i4 i4 i4 e4 g4 AndyandZeyu4 g4 AndyandZeyu7 j6 c7 b7 h7 d7 e7 e7 d7 h7 b7 c7 AndyandZeyu7 b9 i9 i9 i9 e9 g9 AndyandZeyu9 g9 AndyandZeyu12 j11 c12 b12 h12 d12 e12 e12 d12 h12 b12 c12 AndyandZeyu12 b14 i14 i14 i14 e14 g14 AndyandZeyu14 g14 AndyandZeyu17 j16 c17 b17 h17 d17 e17 e17 d17 h17 b17 c17 AndyandZeyu17 h1 b1 AndyandZeyu1 d1 c1 e1 c1 h1 g6 AndyandZeyu6 j5 e6 j5 c6 j5 b6 d6 b6 g6 g11 AndyandZeyu11 j10 e11 j10 c11 j10 b11 d11 b11 g11 g16 AndyandZeyu16 j15 e16 j15 c16 j15 b16 d16 b16 g16 e d e f3 d3 g3 AndyandZeyu3 j3 b3 c3 e3 c3 b3 j3 d3 f3 d4 c4 d4 d9 c9 d9 d14 c14 d14 g8 f8 j8 j8 c8 b8 e8 b8 AndyandZeyu8 b8 d8 g8 g13 f13 j13 j13 c13 b13 e13 b13 AndyandZeyu13 b13 d13 g13 g18 f18 j18 j18 c18 b18 e18 b18 AndyandZeyu18 b18 d18 g18 f0 b0 i0 AndyandZeyu0 AndyandZeyu0 AndyandZeyu0 i0 b0 e0 d0 e0 h0 c0 h0 e5 AndyandZeyu5 h5 j4 j4 j4 h5 AndyandZeyu5 d5 c5 d5 g5 b5 g5 e10 AndyandZeyu10 h10 j9 j9 j9 h10 AndyandZeyu10 d10 c10 d10 g10 b10 g10 e15 AndyandZeyu15 h15 j14 j14 j14 h15 AndyandZeyu15 d15 c15 d15 g15 b15 g15 AndyandZeyu
64
c g i
AndyandZeyu f g2 f7 i8 f12 i13 f17 i18 g1 f6 f11 f16 j1 i6 i11 i16
AndyandZeyu2 h2 j2
b4 f4 h4
j6 g7 i7 j6
b9 f9 h9
j11 g12 i12 j11
b14 f14 h14
j16 g17 i17 j16
AndyandZeyu1 f1
b1 i1
AndyandZeyu6 h6
AndyandZeyu11 h11
AndyandZeyu16 h16
g3 h3 i3 g3
f8 j7 f8
c8 h8
f13 j12 f13
c13 h13
f18 j17 f18
c18 h18
f0 g0 j0 f0
e5 f5 i5
e10 f10 i10
e15 f15 i15
h h
j j
h0 h0
i0 i0
h1 h1
f2 f2
i2 i2
f3 f3
j3 j3
g4 g4
i4 i4
j4 j4
g5 g5
h5 h5
j5 j5
g6 g6
h7 h7
g8 g8
j8 j8
g9 g9
i9 i9
j9 j9
g10 g10
h10 h10
j10 j10
g11 g11
h12 h12
g13 g13
j13 j13
g14 g14
i14 i14
j14 j14
g15 g15
h15 h15
j15 j15
g16 g16
h17 h17
g18 g18
j18 j18
