AndyandZeyu c j j j b2 AndyandZeyu2 d2 c2 i2 e2 f2 f2 e2 i2 c2 d2 b2 b4 i4 i4 i4 b4 AndyandZeyu7 j6 c7 b7 h7 d7 e7 e7 d7 h7 b7 c7 AndyandZeyu7 h1 b1 AndyandZeyu1 AndyandZeyu1 h1 g6 AndyandZeyu6 AndyandZeyu6 AndyandZeyu6 g6 f3 d3 g3 g3 g3 g3 d3 f3 g8 f8 j8 j8 c8 c8 g8 f0 b0 i0 AndyandZeyu0 AndyandZeyu0 AndyandZeyu0 i0 b0 e5 AndyandZeyu5 h5 j4 j4 j4 h5 AndyandZeyu5 AndyandZeyu
22
c g i
AndyandZeyu f h g2 f4 h4 g4 f7 i8 j5 h6 g1 j3 h3 i3 f6 j1 i6
AndyandZeyu2 h2 j2
j6 g7 i7 j6
b1 f1 i1
f8 j7 h8 f8
f0 g0 j0 h0 f0
e5 f5 i5 g5
j j
i0 i0
h1 h1
f2 f2
i2 i2
f3 f3
g3 g3
i4 i4
j4 j4
h5 h5
g6 g6
h7 h7
g8 g8
j8 j8
