1efe0a ca77e1 8035d3 390b11 8216e5 390b11 9e3235 ab6081 bf7494 22c398 bf7494 ab6081 9e3235 518f91 8037ff 1e3f90 8037ff 1cb432 ccf3af efb6f6 6d606b db0cb2 2a53b1 bc446f 73dcf4 8903f8 f97d08 f0977d f97d08 8903f8 73dcf4 bc446f 2a53b1 db0cb2 e43f08 a6ad78 e43f08 bf356c 63e726 690d87 63e726 640320 b1898c 9655d3 f4b440 63e726 bf356c e43f08 db0cb2 6d606b 7c84e0 ab3e86 ab3e86 388a48 1aef1d 909532 6d8fd3 6d8fd3 e99176 ff448b aeb965 aeb965 e17800 c0df7c 444f08 d1ae8e d1ae8e 444f08 c0df7c 7a569b ca245c 83454a 9fb27b 7b04f8 d4f94d fc6ab6 ef9cce 1c3716 e758e6 e758e6 ef9cce fc6ab6 d4f94d 7b04f8 83454a ca245c 7a569b 1c0750 e99176 6d8fd3 5db495 1aef1d 6d606b efb6f6 ccf3af 1cb432 ef6e8d 1cb432 8037ff 518f91 918288 518f91 9e3235 9e3235 ca77e1 8f3f65 70d79e 76bb8e 3efbbd 9b8a2b a4f7ab 3d2176 444533 a7b708 a8c421 88b6f6 a8c421 57a125 a8c421 a7b708 adb3c8 a7b708 444533 3d2176 a4f7ab 9b8a2b 770b7a 194181 14a670 bfdfca 14a670 194181 770b7a 2b7733 23d6b1 c1e4b0 23d6b1 2b7733 770b7a 9b8a2b 9b8a2b 3efbbd 76bb8e 70d79e 8f3f65 1efe0a
39
8035d3 de59c9 b9fcab 20ec85 8035d3
640320 3c1987 640320
7c84e0 363906
388a48 1aedf0
ff448b bb4650 75b2ff 22b74c ff448b
e17800 a3ccd4 e17800
1c3716 940b78 98b7f9 1c3716
9fb27b 22f6f5
909532 5b1cb0 909532
1efe0a d36b6f
ab6081 ab6081
bf356c bf356c
ccf3af ccf3af
e758e6 e758e6
efb6f6 efb6f6
bd00fb bd00fb
9e3235 9e3235
76bb8e 76bb8e
bf7494 bf7494
390b11 390b11
444533 444533
d4f94d d4f94d
6d606b 6d606b
c0df7c c0df7c
525361 525361
6d8fd3 6d8fd3
ae5d4a ae5d4a
a4f7ab a4f7ab
ef9cce ef9cce
194181 194181
518f91 518f91
e99176 e99176
444f08 444f08
d1ae8e d1ae8e
770b7a 770b7a
83454a 83454a
8903f8 8903f8
c845ed c845ed
fc6ab6 fc6ab6
