7f5b7c 1aa96e f045e7 f8aa7c a3eeb9 a3eeb9 358d70 a13b39 6b1e31 2193d2 408c85 4188fa 69edcb 395f46 a6bbe7 64d6b4 4188fa 408c85 2193d2 a08830 beb6f5 a08830 2193d2 578691 578691 a13b39 f5615a a670a6 9d4cd6 a670a6 c909c3 245ea2 853e4b a622e8 b9c2f4 b69079 b9c2f4 e593cd e2665a bc8350 bc8350 e687ac e0f00d d83335 d83335 e0f00d e593cd b9c2f4 a622e8 245ea2 e52589 3fd048 dd5707 84a8a9 790652 84a8a9 dd5707 90bcf0 9a293e 90bcf0 daa044 5f2c16 543306 e52589 245ea2 22825d 245ea2 3005b6 245ea2 c909c3 8df739 e39425 8df739 c909c3 a670a6 f5615a 51a295 51a295 c23933 d3c749 f4756e 1e408a 974c48 dd2a3e 974c48 a49b81 974c48 1e408a f4756e d7abb3 f4756e d3c749 c23933 3dc79c 52d817 d9351e cb1e28 d9351e a21b15 89a020 a21b15 d9351e 52d817 49e8c7 73865c 94b1c5 6fd0bb 73865c d5f5c5 293f59 a948e0 293f59 d5f5c5 6acaca d5f5c5 dfba28 dfba28 52d817 4103bf 52d817 c23933 f8aa7c b8c246 957ec9 2e6ab4 3303e1 b535fa b535fa b535fa 3303e1 2e6ab4 957ec9 60fc1d 2a37d9 60fc1d 10f84c e0f7dc 4c44ba 118ab6 118ab6 57ae6b 6f0119 57ae6b e0f7dc 6fe679 ce509a 32669e 4eb2aa 536b21 51c628 4e5c32 6be164 672a1c 2b057c 7360bb b4b2c3 5f98bd f742a0 37d45e a1b647 a1b647 37d45e f742a0 7360bb 2b057c 672a1c 6225bd 672a1c 6be164 4e5c32 b249a2 d9c8ba fd25f7 be952d fd25f7 bccc16 b249a2 4e5c32 51c628 cf04cd 9f9c4d e8c504 541622 3292c4 165d0c 36075f 36075f 165d0c 3292c4 541622 c30788 d7d4a0 8aec38 1ad316 cf04cd 51c628 536b21 cb574f 536b21 4eb2aa 717190 86af3a 1b1a5a 86af3a 9c5717 70482f 758ebc 537a83 98546d 537a83 758ebc 70482f 9c5717 9c5717 6fe679 e60044 6f08ee e60044 6fe679 6f5a9e 6fe679 e0f7dc 10f84c 60fc1d 97fa28 2ca5eb a314be 8bacbb cb23fe a3eab6 d9abe3 f394b1 d9abe3 bb543d 2c60cc 852215 ef8230 a2e04e 8ee812 a2e04e a5fbf5 a2e04e ef8230 852215 2c60cc 56a070 2c60cc 1b708d d9abe3 a3eab6 cb23fe 3b9bcd a01712 3b9bcd 1e5879 3b9bcd cb23fe 8bacbb 8c6c80 40cf79 8c6c80 2ca5eb 97fa28 60fc1d 736bd5 60fc1d 99ac94 683ca9 6281fb 6281fb 683ca9 f8aa7c f045e7 22b518 b013b3 22b518 81d736 c013df 81d736 7f5b7c
80
bce3c7 e45544 9fdbc5
395f46 18ff59
69edcb 4749d0
6b1e31 d597c1
853e4b f88a12 853e4b
e2665a 1c61d3 626470 e2665a
3fd048 19246a
daa044 b2fa06
358d70 e78120 358d70
49e8c7 36cc15
3dc79c 14c5c6 3dc79c
b8c246 fece60 ff603d
4c44ba 645a0c 4c44ba
b4b2c3 22ad29
d9c8ba 98bf31
e8c504 2c8bdc 9b10ed a51200 e8c504
c30788 a6d0cb
9f9c4d a85abe
32669e 6d23c4 32669e
ce509a 3df71a 20427f ce509a
a314be 3fc5b0 4459c3 a314be
bb543d 89bc09
99ac94 d12aea 2f9755 99ac94
1aa96e 73dd80 1aa96e
7f5b7c 2ffab6
a3eeb9 a3eeb9
ef8230 ef8230
2193d2 2193d2
1e408a 1e408a
536b21 536b21
541622 541622
dfba28 dfba28
f4756e f4756e
d9351e d9351e
97fa28 97fa28
10f84c 10f84c
4e5c32 4e5c32
9c5717 9c5717
3292c4 3292c4
cf04cd cf04cd
bc8350 bc8350
e0f00d e0f00d
6ced94 6ced94
fd25f7 fd25f7
a670a6 a670a6
dd5707 dd5707
e0f7dc e0f7dc
b9c2f4 b9c2f4
8c6c80 8c6c80
293f59 293f59
86af3a 86af3a
d9abe3 d9abe3
957ec9 957ec9
b04992 b04992
578691 578691
f5615a f5615a
537a83 537a83
d5f5c5 d5f5c5
11021c 11021c
2e6ab4 2e6ab4
73865c 73865c
a3eab6 a3eab6
4188fa 4188fa
e52589 e52589
d83335 d83335
4eb2aa 4eb2aa
f045e7 f045e7
3b9bcd 3b9bcd
e60044 e60044
a1b647 a1b647
f742a0 f742a0
a40dde a40dde
2b057c 2b057c
a08830 a08830
70482f 70482f
b535fa b535fa
6281fb 6281fb
974c48 974c48
a21b15 a21b15
852215 852215
