3efbbd d1ae8e a3ccd4 2a53b1 a4f7ab 526e97 9fb27b 5b1cb0 194181 5b1cb0 bf356c d36b6f 770b7a 98b7f9 bf7494 ff448b 9655d3 ff448b ab3e86 6d606b e43f08 c1e4b0 c1e4b0 1c0750 ff448b a6ad78 ff448b bf7494 bf7494 98b7f9 1e3f90 6d8fd3 1e3f90 d36b6f bf356c 390b11 9e3235 525361 8903f8 525361 9e3235 690d87 8216e5 1cb432 8216e5 690d87 db0cb2 690d87 9e3235 390b11 bf356c 5b1cb0 70d79e ccf3af 640320 de59c9 de59c9 640320 ccf3af 70d79e a4f7ab 2a53b1 a3ccd4 e758e6 efb6f6 efb6f6 e758e6 3efbbd
19
d1ae8e 1aef1d d1ae8e
526e97 1efe0a bfdfca 526e97
6d606b e17800
ab3e86 ef9cce
770b7a 909532
9fb27b aeb965 9fb27b
3efbbd 2b7733 fc6ab6 22c398
98b7f9 98b7f9
8037ff 8037ff
ff448b ff448b
8216e5 8216e5
9e3235 9e3235
c1e4b0 c1e4b0
2a53b1 2a53b1
de59c9 de59c9
1e3f90 1e3f90
390b11 390b11
525361 525361
d36b6f d36b6f
