0 199 190 192 193 192 197 198 191 196 195 196 191 198 197 199 0 1 2 3 4 5 6 7 8 9 10 9 8 7 6 5 4 3 2 12 13 12 11 12 19 20 24 25 26 25 24 22 32 33 34 35 36 35 34 33 21 27 31 37 38 37 42 43 51 52 54 54 55 56 57 56 60 61 60 62 63 64 65 73 69 68 69 73 72 71 72 73 75 88 90 93 92 93 104 104 105 106 107 112 113 118 117 118 119 121 122 123 124 125 124 123 122 121 126 127 128 129 130 137 138 147 148 149 150 156 155 156 157 161 164 169 170 169 168 167 168 169 171 173 174 175 176 177 176 175 179 179 189 184 185 184 188 181 180 181 183 183 186 187 186 173 165 166 158 159 160 159 158 162 162 156 150 149 148 138 140 138 139 144 143 142 141 142 143 144 139 146 145 146 139 130 129 128 131 132 133 134 135 134 133 132 131 128 127 126 121 116 115 107 106 105 104 88 89 98 100 101 102 103 102 101 100 94 95 96 97 96 95 94 88 81 80 81 85 73 74 76 77 78 79 78 77 76 74 82 83 84 83 82 74 73 65 64 63 70 58 59 41 40 39 40 41 45 43 42 46 47 46 19 16 18 14 0
44
190 194
21 23
52 53
75 86 87
112 108 114 120
147 154
174 178 182
157 163 172
137 136
90 99
89 91
62 67
51 48
32 44
20 30
1 17 15
2 2
7 7
4 4
25 25
33 33
40 40
42 42
56 56
54 54
64 64
72 72
76 76
83 83
94 94
101 101
105 105
124 124
127 127
130 130
142 142
146 146
148 148
168 168
158 158
186 186
176 176
192 192
198 198
