MHnVCXOJJwOI dKDljXfjimQu KKNtdnAHmUpc SPoMbAzxrqrj IhlWYkABMGAA DzynwWJrrvdk wqtmadANCdBE svpVoYHpEpjH YjcHSWuOcQIw ECMlxrWZECRR QvZmZiRVxtKV lLzUdHIgNEWg QvZmZiRVxtKV NkzUoyRYPnbb DGewetxtXjTj NkzUoyRYPnbb QvZmZiRVxtKV KhOySTFpTHBN KhOySTFpTHBN YjcHSWuOcQIw AZrILCuGwbtV FghBNnxlptiY PaWasRDhTGLg bVDkAfQbeTmx bVDkAfQbeTmx crcFIKqbaYTC GLfJulJDWdHA GLfJulJDWdHA RWoTZCNhceUR cXYRsTNMJDHO GOzHydHgDvru cXYRsTNMJDHO RWoTZCNhceUR GLfJulJDWdHA GLfJulJDWdHA crcFIKqbaYTC jmWqilJNXyuV UAhLDhBNYkFI VBMFkbrPCjxa UAhLDhBNYkFI oClepMbylsqk iBzfnTemabxr iBzfnTemabxr GoPPViXuIoMW phTlHtTwrYOU UQfRaVuMahIZ GoPPViXuIoMW xXFXuzbZwCaf GoPPViXuIoMW UAhLDhBNYkFI GJubAWGDHDpt jUXDlSgJaReC DtMLcnKexBbF GJubAWGDHDpt UAhLDhBNYkFI jmWqilJNXyuV FghBNnxlptiY AZrILCuGwbtV YjcHSWuOcQIw svpVoYHpEpjH wqtmadANCdBE IhlWYkABMGAA SPoMbAzxrqrj EBzAvcxWSvqV ylmNfOGBFkcD EBzAvcxWSvqV SPoMbAzxrqrj KKNtdnAHmUpc dKDljXfjimQu MlFqcqjWiUdI NmmqQKqzdERM aPIwxDrzUkSj NmmqQKqzdERM MlFqcqjWiUdI dKDljXfjimQu MHnVCXOJJwOI
21
MHnVCXOJJwOI UvfnFwkwYqFk
ECMlxrWZECRR ltlOmMSvjmIL
PaWasRDhTGLg YbGvPudTcbyh SJPfUQrbAbqM PCNGxUSnzrYJ
oClepMbylsqk ilCjMogPnNTK oClepMbylsqk
phTlHtTwrYOU FhVNapbaoZOZ phTlHtTwrYOU
jUXDlSgJaReC JCPkGQQBkgge
DzynwWJrrvdk YfpLHnDpSXzc
svpVoYHpEpjH svpVoYHpEpjH
AZrILCuGwbtV AZrILCuGwbtV
SPoMbAzxrqrj SPoMbAzxrqrj
KKNtdnAHmUpc KKNtdnAHmUpc
jmWqilJNXyuV jmWqilJNXyuV
MlFqcqjWiUdI MlFqcqjWiUdI
NkzUoyRYPnbb NkzUoyRYPnbb
bVDkAfQbeTmx bVDkAfQbeTmx
crcFIKqbaYTC crcFIKqbaYTC
RWoTZCNhceUR RWoTZCNhceUR
NmmqQKqzdERM NmmqQKqzdERM
GLfJulJDWdHA GLfJulJDWdHA
cXYRsTNMJDHO cXYRsTNMJDHO
GoPPViXuIoMW GoPPViXuIoMW
