IvOdahrtFwzZ WUqhotrexTBp hzeJgpwlnaPA sTgUExIipvWV RGYiIUdVAiVL YGzazHdyrGCd gJMLzBkWmUoV WWtfhwMSzfGW XUPTpPSzeKdd gJMLzBkWmUoV aSwTAVmQLJow zOkfhFVfOKVi VNEqJngxzCUO VNEqJngxzCUO aSwTAVmQLJow gJMLzBkWmUoV pJYrGRIbLWnD gJMLzBkWmUoV YGzazHdyrGCd IfTQNEFsiTgr uZQOmtLXDMXl LdhPogfUCfUq RsVDBpPbAfPa jXgKDXnEJsra etjGizhQhrRW MaGBJGHdxMeh MaGBJGHdxMeh ybLCwZqVZKud QxNjgiXciQma dLJIzYxbuChF dLJIzYxbuChF QxNjgiXciQma IviCzjPvcCWR CridpdwZYWlJ IviCzjPvcCWR jXgKDXnEJsra RsVDBpPbAfPa LdhPogfUCfUq uZQOmtLXDMXl IfTQNEFsiTgr YGzazHdyrGCd RGYiIUdVAiVL pjemGRILnFei YQysVrjIrQBg RGYiIUdVAiVL sTgUExIipvWV PFpQuVVRxbvV BujzcwTOtypK iCJxwFELfPya sFSBpaJxLpBT TZmWJenJbEsV YyCbFndgmpDL AoaIXEzdsCrm mvdksSctoMVi ppfBOAvWYXyJ eTrfywteWUJB ppfBOAvWYXyJ mvdksSctoMVi AoaIXEzdsCrm YyCbFndgmpDL uaSeXTkrhIdS YyCbFndgmpDL TZmWJenJbEsV sFSBpaJxLpBT ZPYnROAizafx wHeDieHMYzAK cnCYHfWEzHVB oKIKkmsSWzmH iMiJLkYtEKFU oKIKkmsSWzmH PWbkkHsInEnz ZPYnROAizafx sCsqHQtCOoXA REAQGzcNgDIR sCsqHQtCOoXA ZPYnROAizafx etbjZlqcYdPF gYafjiXtvxVV etbjZlqcYdPF ijesYrTHxMcg kzPlYxPdIHVo ypApeqMQPnQA ypApeqMQPnQA kzPlYxPdIHVo etbjZlqcYdPF ZPYnROAizafx LlIlpKJAPkkQ ZPYnROAizafx sFSBpaJxLpBT yHOsEGOhjOLt cyrwHgrhPvZj yHOsEGOhjOLt sFSBpaJxLpBT iCJxwFELfPya JUgFfUYYdpcT iCJxwFELfPya AuldkFyUpsYo ynBAbhbIrUei TKKLChjfijhn cQMSBGdRWmjB xIUhUxhCILsJ EKWhDcEeEkGK awuknolWPSuP awuknolWPSuP FoZLfdSCJZDk lIUKVwoOnEyc zypYDSZfKAvD SnErwRYEuFXf ygJsJPbdLfFP ygJsJPbdLfFP EUIZeYDuGKec cwlLlHKYSHkG qxhFFIUEfnzV qxhFFIUEfnzV ctZWqndwhbJm ijfgIidkipEb ctZWqndwhbJm qxhFFIUEfnzV AhJBAeSEuUkL VwnDoOCMNNaS cxysDYemjhta VwnDoOCMNNaS AhJBAeSEuUkL OoWDPDlyJyRc EUIZeYDuGKec kYuPQHaafCxH EUIZeYDuGKec zypYDSZfKAvD lIUKVwoOnEyc FoZLfdSCJZDk xIUhUxhCILsJ xPYMCFkusDSL UHctRHiZQkpZ WUHzPIhaINNz tkrkUtkDqJLy lRgeGnDJBtMa nyTRNDRCsANl lRgeGnDJBtMa TAclfZjkIgUg PwUziuAPbAPX PwUziuAPbAPX idefWDKaqcyp ocysUjOwnenm ocysUjOwnenm idefWDKaqcyp UHctRHiZQkpZ xPYMCFkusDSL JQPenlkqwStc xPYMCFkusDSL sHrtHYtDRNZd xPYMCFkusDSL xIUhUxhCILsJ NRXmrTGBWSuj zcAOlsVDUDkc zcAOlsVDUDkc AuldkFyUpsYo JNoAmCxHcsYw FLSRuaDcxhdD jXOmYlZmvqnI KpiCGGuakHIr OBeTLVdzIcuJ OBeTLVdzIcuJ jXOmYlZmvqnI HOzyAfsDoQkb jXOmYlZmvqnI LTAwItzHPRQl JNoAmCxHcsYw AuldkFyUpsYo AJnswnydWveO HVwGkspnDHbf jXfRZxvlYeVi HVwGkspnDHbf RIFFwQFTnqDn dGbWKexeVDcw buPIQiRvirDG dGbWKexeVDcw RIFFwQFTnqDn HVwGkspnDHbf AJnswnydWveO KIFXVOTzTwvk AJnswnydWveO TglqUXfjbefC RPXFDLrswDGU AJnswnydWveO AuldkFyUpsYo iCJxwFELfPya BujzcwTOtypK EnxwoQoiuLow sTgUExIipvWV sTgUExIipvWV cpNycWVdmzHJ mZUBOQTZyXOM xogpFjQUGEgg HEwqlaeMfSzl tARvBeqQDqSY fiHhqLtPfdZy fiHhqLtPfdZy tARvBeqQDqSY HEwqlaeMfSzl xogpFjQUGEgg vkOqMvrCUWYf DarYoJPRvpJy DarYoJPRvpJy tFUGlRwdZPSe LpugZyvqxfmq LpugZyvqxfmq WUqhotrexTBp fblrDraNAUxK qMdmyWbGDdGe qMdmyWbGDdGe oOIjuHJcVRiV AEFrBHnTsTIs FenKhdsiadPr nxbMBCPhfQij yFQWQWtUUMle kBTyfVdYeRhI kBTyfVdYeRhI YIFfrMiRNqqd HCSFPVkAlsKL YIFfrMiRNqqd hPSXtHMMyKAK NxxrxPgsnMqG EOKLHvbbCToE vYrcfWFBiWlY vYrcfWFBiWlY EOKLHvbbCToE vfHFyZGRGvFq XfSacrjXjxeP GvyjKkGcUdcI PNaoBNxIbrgW GvyjKkGcUdcI XfSacrjXjxeP PiGAjicuPBgs vRfpxkfTkxRJ WnABnktZDxMx WHSGrQQrrotE evYbQMSKanfJ jUpZsMKPsWME evYbQMSKanfJ WHSGrQQrrotE KxsKsdmykxTa RfMVccrsgetv BdgcPRHAevMd BdgcPRHAevMd RfMVccrsgetv WHSGrQQrrotE WnABnktZDxMx vRfpxkfTkxRJ PiGAjicuPBgs hPSXtHMMyKAK YIFfrMiRNqqd aSpDrTbKBytW geAceFJePWbe aSpDrTbKBytW YIFfrMiRNqqd touUfboeiIya OaFvNWZuTHit OaFvNWZuTHit touUfboeiIya FenKhdsiadPr rmWPWcGZXZMo FenKhdsiadPr VZiXnxYZQNVo DiKlonktcqTP WVsMYkBGdGiy DiKlonktcqTP VZiXnxYZQNVo gOaXChSIRMdR VZiXnxYZQNVo FenKhdsiadPr AEFrBHnTsTIs oOIjuHJcVRiV qMdmyWbGDdGe fblrDraNAUxK IvOdahrtFwzZ
73
WWtfhwMSzfGW NMSHhfMtAJZb WWtfhwMSzfGW
zOkfhFVfOKVi UYTxhnOtiPHB EwXugPkGUVkm zOkfhFVfOKVi
etjGizhQhrRW QZQElPdcHxru
ybLCwZqVZKud nlzJUuBrsbXD ybLCwZqVZKud
pjemGRILnFei RQBxIsRWzmfl pjemGRILnFei
PFpQuVVRxbvV gkTmCiZxFrJw PFpQuVVRxbvV
wHeDieHMYzAK cQFNlImsTWTM wHeDieHMYzAK
ijesYrTHxMcg nschEYWjrAsr PKHkuTHeRXhO
ynBAbhbIrUei gXcuqckdTdIP
EKWhDcEeEkGK dXlgwkdKhUmB IQvKLYGCcCbd EKWhDcEeEkGK
SnErwRYEuFXf IcNVObbuvzWY
cwlLlHKYSHkG YvLRANdegrdA
nyTRNDRCsANl hLCSOZLNEdhX quZcTYtpBjSn nyTRNDRCsANl
tkrkUtkDqJLy uzYTzVwixczQ
WUHzPIhaINNz aXlcDzbXwAJW
cQMSBGdRWmjB qlMzHEurfTvO
TKKLChjfijhn FkNlSGMBOUbz
FLSRuaDcxhdD qFGlIHDqKyPA
KpiCGGuakHIr UGahWpWtmUQn AQgpWBullbIi ubtvaUeVUfmV
TglqUXfjbefC TTwdgXpOLyxF TglqUXfjbefC
hzeJgpwlnaPA SKbQkQUhqQEt
mZUBOQTZyXOM WsLfQLsirtHk mZUBOQTZyXOM
vkOqMvrCUWYf QDhUZstsJKtV vkOqMvrCUWYf
cpNycWVdmzHJ wXjNgGRCXYRl cpNycWVdmzHJ
yFQWQWtUUMle evRMhyiHKGXv OIjApACwnyqG lznMKRYSMheH yFQWQWtUUMle
NxxrxPgsnMqG JpwDMOwQmqOp NxxrxPgsnMqG
vfHFyZGRGvFq nKmMbiEuiffc
KxsKsdmykxTa QFfSmYtuSTPl WRiugWLCujBI
nxbMBCPhfQij XwPJYwaGcHxO nxbMBCPhfQij
IvOdahrtFwzZ mgKEFEWheOqk zCWezcJmUGqs LNoKVqXhLEzn KtoZVrQmJWki
qxhFFIUEfnzV qxhFFIUEfnzV
jXOmYlZmvqnI jXOmYlZmvqnI
touUfboeiIya touUfboeiIya
fiHhqLtPfdZy fiHhqLtPfdZy
zypYDSZfKAvD zypYDSZfKAvD
RGYiIUdVAiVL RGYiIUdVAiVL
ppfBOAvWYXyJ ppfBOAvWYXyJ
GvyjKkGcUdcI GvyjKkGcUdcI
HEwqlaeMfSzl HEwqlaeMfSzl
WUqhotrexTBp WUqhotrexTBp
WHSGrQQrrotE WHSGrQQrrotE
TZmWJenJbEsV TZmWJenJbEsV
zcAOlsVDUDkc zcAOlsVDUDkc
IfTQNEFsiTgr IfTQNEFsiTgr
oKIKkmsSWzmH oKIKkmsSWzmH
sFSBpaJxLpBT sFSBpaJxLpBT
jXgKDXnEJsra jXgKDXnEJsra
xXoCKkdkKAne xXoCKkdkKAne
lRgeGnDJBtMa lRgeGnDJBtMa
fblrDraNAUxK fblrDraNAUxK
WnABnktZDxMx WnABnktZDxMx
AoaIXEzdsCrm AoaIXEzdsCrm
EOKLHvbbCToE EOKLHvbbCToE
ocysUjOwnenm ocysUjOwnenm
yHOsEGOhjOLt yHOsEGOhjOLt
ctZWqndwhbJm ctZWqndwhbJm
mvdksSctoMVi mvdksSctoMVi
yVSfaizVeLPT yVSfaizVeLPT
ypApeqMQPnQA ypApeqMQPnQA
gJMLzBkWmUoV gJMLzBkWmUoV
HVwGkspnDHbf HVwGkspnDHbf
hPSXtHMMyKAK hPSXtHMMyKAK
sTgUExIipvWV sTgUExIipvWV
YGzazHdyrGCd YGzazHdyrGCd
QxNjgiXciQma QxNjgiXciQma
ZPYnROAizafx ZPYnROAizafx
AhJBAeSEuUkL AhJBAeSEuUkL
tARvBeqQDqSY tARvBeqQDqSY
JNoAmCxHcsYw JNoAmCxHcsYw
oOIjuHJcVRiV oOIjuHJcVRiV
cRekprdsHHWw cRekprdsHHWw
aSpDrTbKBytW aSpDrTbKBytW
DiKlonktcqTP DiKlonktcqTP
