MfdzFvsdGbvl AGbRQRBgaOdX MkUBuIisCVpZ FBJfxxErGDSJ AMizjBPjmCZd nOAOIuLzBRCw mFYKjQfCsRtT QifLRRQkbeZy XdsuYjiPexAe QPEIZKGvnFvj QPEIZKGvnFvj deJmWrylVSGK CuwogbndJgoN hypFtIVCahEe PnbamVANEguC ehvwzEqdJOJs PnbamVANEguC buqjmAINqGzN TMtqGHcSigHN buqjmAINqGzN PnbamVANEguC hypFtIVCahEe hypFtIVCahEe avuRLTuajeOl deJmWrylVSGK NlmuUUVQUbgI LkEUjKFNAyBd SojgLCNtJNvq SojgLCNtJNvq LkEUjKFNAyBd mghmklyBsbHa BxGViQLocTbz pQCFwcmaYfTN noaMakAlHdwq noaMakAlHdwq noaMakAlHdwq OxOMbLimJOmd sHmvjcbScYOJ tuAWqVDVesZP aHWPEwFhStur TKYUSygHfBDR sHmvjcbScYOJ OxOMbLimJOmd TNZEyWBHGREz NSRMVzMbujAG TNZEyWBHGREz OxOMbLimJOmd BxGViQLocTbz BxGViQLocTbz NtVMseWKItey mtRsLIzrlNLu BkcPMTugAswL BkcPMTugAswL mtRsLIzrlNLu FCrKCfVsEsBk dTiZHahuktjU GuSSYBNHDbKE rVqgoVgUmLRB UUfgFbkMxjKZ FGVxzATBToEc rVqgoVgUmLRB GuSSYBNHDbKE uFHfCerNFIme SyelSPMftDaa uFHfCerNFIme GuSSYBNHDbKE FwMUcwhoFAni aBJRRPhsiAKx GXOXpdorUaOT aBJRRPhsiAKx tJMNrevGrvUO uGMlduvuPOls tJMNrevGrvUO aBJRRPhsiAKx plKUVNXwKfVb qcdkpkNqqMWI plKUVNXwKfVb aBJRRPhsiAKx FwMUcwhoFAni hyNIuUiwmDQV dFUHctNjrywb MLnLJmQHwuOS RabcWXICLpRH PUcvIgREsriS ZjfLZjjegWJT pWbJtVdThhym rrRAqFcoDYfk jQrllEpFyFwz jBrNTBMPxyQD jBrNTBMPxyQD VARFNCcqfgIc MTGbHUkgheIT wARTgiJzMSWu MTGbHUkgheIT VARFNCcqfgIc rrRAqFcoDYfk TRkvIqPveIxn rrRAqFcoDYfk pWbJtVdThhym pWbJtVdThhym EKlhdWMAwsNS IHnRSACwPeSd IHnRSACwPeSd dFUHctNjrywb EHsjieLYFsXi DAmjVaIibnaw EHsjieLYFsXi dFUHctNjrywb oFUEyQPISWry mFYKjQfCsRtT nOAOIuLzBRCw AMizjBPjmCZd FBJfxxErGDSJ ByOIdNUscaaI lFgwKopYqWSC afQyzVRujUXw mmMjGkvjTCoD sHOyjNqQLXTd ByOIdNUscaaI FBJfxxErGDSJ syZneDWxHZbv FBJfxxErGDSJ MkUBuIisCVpZ AGbRQRBgaOdX MfdzFvsdGbvl VoNfUrKVVTmI MfdzFvsdGbvl
38
QifLRRQkbeZy VyXrTLUcizAa tywOQDwDhjwZ QifLRRQkbeZy
CuwogbndJgoN PQTqeEtJjrHq
NlmuUUVQUbgI ymJllvoAiAsf NlmuUUVQUbgI
mghmklyBsbHa EoEdLMroSPNp DvRTDyBMOCbT
pQCFwcmaYfTN PvZWLvSzyZfH hCxjbMrSlUJQ pQCFwcmaYfTN
tuAWqVDVesZP BbyhqvohDUZK
NtVMseWKItey DFscNnuMhxUC UVLyMXgqTFaJ
FCrKCfVsEsBk GKWfMfVZxbJi FCrKCfVsEsBk
UUfgFbkMxjKZ SgyAcloZDNJV
PUcvIgREsriS QHpWWcCYavdw PUcvIgREsriS
jQrllEpFyFwz MOpktZzuQRCH
ZjfLZjjegWJT GemeldahvdVv RICmsRCgzRsB ZjfLZjjegWJT
MLnLJmQHwuOS hLGIbMiwjPgd MLnLJmQHwuOS
lFgwKopYqWSC axLiuEEXvnsQ
VARFNCcqfgIc VARFNCcqfgIc
rVqgoVgUmLRB rVqgoVgUmLRB
noaMakAlHdwq noaMakAlHdwq
dDFWxTbuPymh dDFWxTbuPymh
rrRAqFcoDYfk rrRAqFcoDYfk
TbekQRoKcInv TbekQRoKcInv
arcJTkwUqbUy arcJTkwUqbUy
MkUBuIisCVpZ MkUBuIisCVpZ
uFHfCerNFIme uFHfCerNFIme
AMizjBPjmCZd AMizjBPjmCZd
mFYKjQfCsRtT mFYKjQfCsRtT
buqjmAINqGzN buqjmAINqGzN
dFUHctNjrywb dFUHctNjrywb
PnbamVANEguC PnbamVANEguC
GuSSYBNHDbKE GuSSYBNHDbKE
plKUVNXwKfVb plKUVNXwKfVb
jBrNTBMPxyQD jBrNTBMPxyQD
deJmWrylVSGK deJmWrylVSGK
mtRsLIzrlNLu mtRsLIzrlNLu
pkzKsTORVYro pkzKsTORVYro
AGbRQRBgaOdX AGbRQRBgaOdX
SojgLCNtJNvq SojgLCNtJNvq
BkcPMTugAswL BkcPMTugAswL
IHnRSACwPeSd IHnRSACwPeSd
