3 9 4 7 22 26 55 8 29 80 29 8 78 8 55 26 73 85 7 52 81 7 4 65 4 66 12 23 19 87 19 23 68 23 98 23 12 54 16 54 20 86 24 24 37 51 83 51 20 94 20 54 12 66 4 9 10 18 53 18 76 97 57 2 32 1 15 69 44 13 44 69 15 1 42 14 35 25 25 35 11 41 74 82 74 41 11 58 71 58 11 27 43 27 34 46 46 34 59 59 91 40 70 93 96 42 1 61 50 61 1 67 5 64 48 64 75 67 1 32 6 28 6 38 6 47 6 32 72 32 33 39 30 39 33 89 33 99 57 63 3
20
22 95
52 31 52
86 100
10 77 10
3 84
17 45 88
14 79 56
91 21
5 49 5
2 92
32 32
36 36
57 57
67 67
90 90
12 12
25 25
59 59
69 69
54 54
