5 1 14 72 14 116 14 24 74 125 74 24 62 6 3 36 32 40 40 70 200 70 169 171 36 161 36 3 37 9 16 13 139 30 96 139 16 76 20 53 38 131 38 53 77 120 76 16 175 16 9 71 9 81 9 95 9 148 9 183 9 37 21 67 31 60 65 129 65 146 65 60 179 60 31 151 31 67 156 67 180 67 110 136 110 133 158 166 37 29 35 88 88 35 41 73 114 73 41 142 41 37 3 101 7 128 140 150 101 3 160 3 15 80 34 44 59 44 84 44 34 64 34 90 34 99 34 153 34 80 109 25 28 199 51 55 98 98 55 51 111 118 178 109 48 39 181 39 192 39 48 143 157 8 22 17 85 17 57 49 105 49 134 49 57 144 187 23 172 66 4 45 18 54 194 45 186 45 113 123 155 66 152 66 68 97 12 56 27 104 135 56 12 61 141 61 12 87 12 138 12 97 107 157 10 58 94 58 126 149 75 145 75 189 75 149 167 197 2 63 33 47 33 63 132 173 174 176 184 197 157 62 11 121 11 163 11 195 11 62 127 62 162 19 26 46 46 191 78 119 78 86 154 165 193 5
36
32 93 79
13 137 168
30 103 112
20 185 20
21 164
29 108
7 102
28 89
25 83
15 117
6 159
22 115 196 198
23 124
8 50 8
54 91
18 147
4 122 130 170
27 69 82 27
10 106
2 177
1 188 1
26 100 92
5 182 190
16 16
35 35
157 157
149 149
97 97
55 55
46 46
58 58
42 42
197 197
66 66
78 78
38 38
