0 65 147 21 71 71 24 121 37 49 49 85 149 85 121 24 71 21 147 191 191 111 63 133 86 177 92 108 166 50 50 158 181 70 167 104 141 141 104 167 70 181 158 108 187 180 187 94 32 138 184 172 17 87 127 100 135 60 110 69 110 195 135 100 44 15 48 107 48 146 48 15 97 115 97 11 136 159 136 11 14 186 88 14 11 81 139 139 192 72 52 132 143 118 118 165 199 165 72 174 72 192 11 97 15 44 100 87 17 172 184 153 27 175 64 154 175 153 184 12 116 91 45 120 117 190 125 189 4 189 125 185 125 109 162 197 197 155 22 22 155 197 144 6 98 42 170 193 43 193 106 106 106 5 19 76 148 78 18 54 26 113 113 26 54 78 78 148 76 41 30 30 41 106 112 98 6 144 197 162 109 125 190 117 120 45 91 116 12 62 29 62 12 184 138 32 137 32 94 187 108 140 173 7 188 126 8 51 79 74 163 47 179 58 179 47 77 130 10 10 145 131 151 134 20 114 114 46 182 182 131 145 77 47 163 74 51 8 128 8 126 57 126 7 173 173 140 177 86 133 191 147 28 90 28 147 65 0 59 183 103 40 142 176 160 13 33 13 160 176 142 40 103 183 73 198 3 152 99 169 3 82 3 198 73 0
78
37 93 124
111 194 111
166 83 164
127 101
60 80 60
186 105
81 129
52 122
132 16
27 39 27
64 75
42 23 168 35 42
5 56 89 25 95 5
18 171 61 18
170 161
2 150
29 157 123
188 1
79 196 102 79
130 119 130
151 178 151
34 36 34
134 31
92 96
59 55 59
152 9 152
173 173
6 6
135 135
179 179
110 110
160 160
193 193
50 50
147 147
140 140
26 26
91 91
108 108
138 138
21 21
73 73
87 87
158 158
104 104
22 22
142 142
38 38
156 156
145 145
184 184
162 162
30 30
17 17
40 40
187 187
163 163
189 189
71 71
109 109
12 12
67 67
68 68
10 10
136 136
24 24
118 118
49 49
172 172
155 155
11 11
141 141
7 7
198 198
144 144
15 15
66 66
62 62
