Soda A E E Q L V AD V U AG AL AG U Q E B S AB Z Y AR AQ AP AA AA AP AQ Z S B J J D K AE AT AE K AH AK AJ AJ AK AV K D R D G F M W X X AM AX M F O F Soda C9 A7 D2 D9 D9 D9 C9 Soda C2 D7 D10 B10 D8 B10 D10 D7 E2 Soda A5 D6 A5 A6 A9 A4 A2 C8 B4 A3 A8 A3 B4 B6 A10 B4 C8 A2 A4 A6 A5 Soda C5 E3 C4 E3 C5 B2 E5 B1 C6 E9 C6 E4 C6 E8 C6 B1 B2 C5 Soda
30
L P
Y N
AB H AB
A AF
AH T AW
AI AU AS
W AO
AM AC
A7 D5 B9 D1 A7
C2 C3 E1
B6 D3
A9 B7 A9
E6 C7
E5 E7 E5
A1 A1
A3 A3
A5 A5
B1 B1
B3 B3
B5 B5
C1 C1
C5 C5
C9 C9
D7 D7
D9 D9
E3 E3
AP AP
J J
AG AG
Q Q
