a0 a10 a81 a13 a40 a8 a64 a44 a34 a34 a44 a97 a62 a85 a77 a35 a73 a95 a95 a80 a52 a56 a49 a49 a12 a61 a36 a18 a54 a93 a96 a82 a66 a48 a48 a14 a69 a14 a48 a66 a82 a4 a46 a87 a11 a87 a46 a4 a93 a54 a18 a36 a27 a50 a27 a36 a61 a25 a61 a12 a52 a80 a95 a73 a21 a43 a78 a47 a78 a43 a76 a76 a73 a35 a77 a85 a62 a8 a40 a13 a79 a29 a58 a24 a91 a37 a6 a74 a90 a57 a90 a74 a89 a3 a68 a71 a22 a16 a32 a16 a28 a31 a16 a22 a68 a3 a41 a65 a42 a42 a1 a84 a98 a59 a2 a33 a33 a2 a59 a98 a84 a1 a41 a3 a74 a6 a91 a24 a58 a13 a81 a10 a0 a88 a92 a55 a63 a94 a45 a83 a45 a94 a63 a55 a92 a88 a0 a7 a20 a67 a39 a99 a72 a23 a23 a72 a67 a20 a7 a0
39
a64 a86 a64
a56 a51 a15 a56
a96 a75 a96
a21 a60
a29 a26
a37 a17 a37
a28 a53
a71 a19 a71
a65 a70 a9 a65
a89 a5
a79 a38 a79
a39 a30 a39
a35 a35
a4 a4
a41 a41
a45 a45
a73 a73
a68 a68
a13 a13
a34 a34
a91 a91
a55 a55
a24 a24
a36 a36
a42 a42
a93 a93
a62 a62
a43 a43
a94 a94
a80 a80
a52 a52
a76 a76
a54 a54
a78 a78
a88 a88
a98 a98
a49 a49
a14 a14
a87 a87
