ssp100 25 4 2 3 6 18 17 13 14 23 34 32 45 28 41 50 49 36 40 49 46 45 48 48 31 42 47 43 38 47 42 31 44 31 33 30 30 33 54 71 63 70 85 70 84 70 63 59 26 58 60 65 75 60 64 72 60 58 61 66 77 66 76 66 61 67 78 61 58 26 59 62 69 83 62 68 80 62 59 63 71 86 71 87 98 99 97 97 99 98 91 23 16 16 5 0 4 25 ssp100
31
2 1 2
3 11 10 9
28 56
41 37 51 41
36 29
32 39
43 53 43
34 35
27 55 27
65 74 65
64 73 64
67 79
69 82
68 81 68
87 92 88 94 90
91 95 96
18 12 22 21
5 24
4 4
15 15
20 20
59 59
31 31
33 33
45 45
47 47
49 49
97 97
98 98
99 99
93 93
