ssp200 13 10 2 8 6 5 5 6 8 181 122 127 123 124 125 125 124 123 127 181 47 52 48 49 50 50 49 48 52 181 107 113 111 110 110 111 113 181 167 173 171 170 169 169 170 171 173 181 77 82 78 79 80 80 79 78 82 181 137 142 138 139 140 140 139 138 142 181 17 22 18 19 20 20 19 18 22 181 182 181 32 38 36 35 34 34 35 36 38 181 152 158 156 155 154 154 155 156 158 181 62 67 63 64 65 65 64 63 67 181 92 98 96 95 94 94 95 96 98 181 10 13 ssp200
62
2 4 3 11 15 14
122 135 126 131 134
47 51 60 56 59
107 120 108 109 116 119
167 168 180 176 179
77 90 81 86 89
137 150 141 146 149
17 30 21 26 29
182 185 184 191 195 183 186 194
32 45 41 33 44
152 153 165 161 164
62 75 71 66 74
92 93 105 101 104
5 5
6 6
14 14
18 18
19 19
20 20
29 29
34 34
35 35
36 36
44 44
48 48
49 49
50 50
59 59
63 63
64 64
65 65
74 74
78 78
79 79
80 80
89 89
94 94
95 95
96 96
104 104
110 110
111 111
119 119
123 123
124 124
125 125
134 134
138 138
139 139
140 140
149 149
154 154
155 155
156 156
164 164
169 169
170 170
171 171
179 179
183 183
186 186
194 194
