Jason Reginald Brandi Anthony Jennifer Jennifer Anthony Anthony Brandi Lisa Misty Cory Misty Jill Logan Donald Cristian Alexander Donald Janet Katelyn Donna Katelyn Janet Donald Logan Jill Misty Derek Kevin Tammy Daniel Kelsey Linda Tristan Jon Tristan Linda Kelsey Barbara Carlos Rebecca Aaron Nancy James Desiree James Nancy Richard Larry Kylie Jasmine Kylie Larry Nancy Bruce Nancy Aaron Jacob Carlos Rebekah Beverly Rebekah Carlos Kari Deanna Kathy Benjamin Benjamin Kathy Jane Danielle Jane Mary Sydney Carol Casey Carol Sydney Mary Leslie Mary Jane Mike Lauren Jeanne Lauren Carlos Laura Jessica Laura Carlos Barbara Garrett Phillip Jeffery Jordan Angelica Erin Nicole Chase Nicole Krista Amber Andre Andre Spencer Spencer Nicole Erin Erin Angelica Stephen Brad Kelly Jeffrey Robert Anna Mario Dillon Mario Kristy Mario Anna Robert Kimberly Gary Kimberly Kelly Stephen Jeffery Ricky Kristine Ricky Jeffery Ronnie Stacie Diana April Diana Ronnie Jeffery Maurice Cindy Victor Maurice Jeffery Miranda Jeffery Phillip Ronald Roy Gregory Taylor Meredith Taylor Justin Taylor Roy Ronald Phillip Wayne Wayne Barbara Kelsey Jose Sabrina Sabrina Joseph Joseph Sabrina Jose Monica Monica Erica Ryan George George Ryan Leonard Leonard Tommy Monique Patricia Johnathan Maria Patricia Monique Tommy Leonard Toni Alyssa Keith Alyssa Toni Tammy Jay Billy Jay Hannah Jay Tammy Kevin Brittany Sarah Dylan Shane Christopher Shane Ralph Victoria Alexandra Alexandra Ralph Sarah Kyle Terry Amy Terry Joshua Joshua Kevin Nathaniel Edward Nathaniel Heather Tracy Heather Nathaniel Kevin Derek Julia Brenda Michael Luis Samuel Luis Michael Sandra Regina Kayla Jamie Kayla Regina Kristina Johnny Michael Brenda Angela Edwin Edwin Angela Jonathan Derek Jason
74
Reginald Amanda
Cristian William Cristian
Wendy Melissa Wendy
Rebecca Brett Kristen Rebecca
Richard Christina
Deanna Scott Paul
Kari Brian Kari
Amber Karen Mark Claire
Krista John
Jordan Adrian Jordan
Jeffrey Bryan Jeffrey
Brad Grace Shannon Brad
Stacie Carrie Stacie
April Juan Robin April
Cindy Melinda
Miranda David Mercedes
Gregory Samantha Gregory
Garrett Elizabeth
Daniel Shawn Adam Andrew Crystal
Erica Gabriel
Johnathan Timothy Megan Johnathan
Victoria Nicholas
Dylan Charles Dylan
Brittany Evan Brittany
Kyle Cheryl Kyle
Sandra Randy
Julia Dana Susan
Jason Jeremy
Derek Derek
Nathaniel Nathaniel
Heather Heather
Misty Misty
Katelyn Katelyn
Nicole Nicole
Lauren Lauren
Joshua Joshua
Mario Mario
Roy Roy
Kara Kara
Ricky Ricky
Tristan Tristan
Laura Laura
Jose Jose
Carol Carol
Jeffery Jeffery
Robert Robert
Regina Regina
Kelsey Kelsey
Wayne Wayne
Shane Shane
Joseph Joseph
Mary Mary
Rebekah Rebekah
Dustin Dustin
Jacqueline Jacqueline
Logan Logan
Kimberly Kimberly
Kayla Kayla
Edwin Edwin
Michelle Michelle
Stephen Stephen
Ronnie Ronnie
Jill Jill
Sabrina Sabrina
Tommy Tommy
James James
Kathy Kathy
Monica Monica
Jane Jane
Alexandra Alexandra
Jennifer Jennifer
Tammy Tammy
Ashley Ashley
Rachel Rachel
