Austin Victoria Adam Jorge Manuel Jorge John Jennifer Brad Scott Peter Brian Gregory Brian Sandra Brian Scott Paul Kimberly Aaron Juan Jonathan Selena Alexandria Henry Gina Michael Travis Michael Gina Selena Mariah Laura Stacy Laura Mariah Selena Jonathan Brett Jonathan Juan Aaron Cassandra Robert Susan Cassandra Aaron Kimberly Paul Tracy Kirsten Paul Scott Brad Michele Brad Jennifer Jeanette Nicholas Jeanette Jennifer Walter Carolyn Kelly Carolyn Joshua Jody Joshua Carolyn Walter Jennifer John Christopher John Jorge Robin Daniel Stephen Robin Jorge Sean Jonathon Tina Kari Terry Isabel Isabel Terry Amy Alex Elaine Kyle Kyle Luke Amy Arthur Ashley Katherine Paige Jill Paige Katherine Ashley Arthur Tina Edward Edward Sarah Sean Victoria Jessica Christine Garrett Morgan Morgan Garrett Victoria Lauren Kristy Eric Kristy David Kristy Thomas Kristy Sara April Mark April Sara Matthew Sara James Sara Austin
40
Manuel Patrick Danielle
Peter Donald Janet
Alexandria Natasha
Robert Jordan Robert
Tracy Monique Steven
Daniel Debra Daniel
Kari Glenda Rhonda Kari
Elaine Melissa Elaine
Alex Ralph Alex
Jonathon Maxwell
Adam Elizabeth
Jessica Rachel
Austin Jamie Melinda
Victoria Victoria
John John
Hannah Hannah
Mariah Mariah
Eugene Eugene
Joshua Joshua
Walter Walter
Sara Sara
Gina Gina
Paul Paul
Edward Edward
Paige Paige
Amy Amy
Dennis Dennis
Scott Scott
Michael Michael
Sean Sean
Juan Juan
Garrett Garrett
Jonathan Jonathan
April April
Jennifer Jennifer
Cassandra Cassandra
Kyle Kyle
Ashley Ashley
Robin Robin
Jeanette Jeanette
