Leah Russell Joshua Anthony Ryan Ryan Anthony Willie Kristie Carol Benjamin Shannon Alexander Teresa Alexander Abigail Alexander Shannon Megan Sonya Megan Shannon Jennifer Cole Jennifer Meagan Jennifer Ruth Lisa Stacey Charles Rose Stacey Lisa Ruth Dylan Jordan Robert Vicki John Jon Kellie Jon John Vicki Robert Jeffrey Derrick Jeffrey Robert Rachel Rachel Dylan Tiffany Dylan Ruth Christina Ruth David David Kristie Taylor Crystal Taylor Kelly Paula Paula Kelly Connie Connie Leah
20
Joshua Gary
Charles Jade
Jordan April Jordan
Carol Javier Carol
Russell Michael Brian Adrian Russell
Anthony Anthony
Amanda Amanda
Lisa Lisa
Paula Paula
David David
Dylan Dylan
Ruth Ruth
Vicki Vicki
Jennifer Jennifer
Megan Megan
Ryan Ryan
Alexander Alexander
Kelly Kelly
Rachel Rachel
Jon Jon
