Florges Vespiquen Vespiquen Persian Furfrou Bayleef Bisharp Pidgey Sentret Purrloin Kricketune Infernape Bouffalant Bidoof Piloswine Eelektrik Typhlosion Eelektrik Piloswine Giratina Heracross Celebi Cofagrigus Espurr Bouffalant Goomy Claydol Goomy Bouffalant Infernape Lillipup Druddigon Hoopa Hippopotas Zweilous Moltres Moltres Palkia Girafarig Serperior Flaaffy Slugma Lillipup Infernape Weavile Infernape Kricketune Delibird Cascoon Caterpie Dialga Pichu Silcoon Pichu Dialga Snorunt Dialga Minccino Dialga Caterpie Tentacruel Chansey Pinsir Tentacruel Caterpie Cascoon Delibird Nuzleaf Nidoking Audino Nuzleaf Delibird Cradily Carracosta Luxray Luxray Carracosta Pidgey Pidgey Bisharp Bayleef Arbok Persian Vespiquen Zoroark Klink Scrafty Klink Emboar Masquerain Celesteela Snorlax Celesteela Masquerain Drapion Genesect Cottonee Cottonee Charizard Masquerain Florges
39
Bidoof Weepinbell Bidoof
Celebi Ralts Celebi
Hippopotas Timburr Cherrim
Hoopa Gastrodon
Girafarig Zapdos Girafarig
Flaaffy Omastar
Palkia Yanmega
Hakamoo Volbeat Hakamoo
Chansey Regice
Nidoking Primarina Wormadam
Purrloin Poliwag Purrloin
Doublade Tsareena
Sentret Aurorus Sentret
Furfrou Scolipede
Zoroark Manectric
Snorlax Togetic Shaymin
Genesect Kricketot Dusknoir
Drapion Poliwrath
Florges Stufful Bergmite
Zubat Zubat
Delibird Delibird
Lillipup Lillipup
Dialga Dialga
Persian Persian
Carracosta Carracosta
Tentacruel Tentacruel
Moltres Moltres
Wailmer Wailmer
Piloswine Piloswine
Machoke Machoke
Cascoon Cascoon
Bayleef Bayleef
Buzzwole Buzzwole
Celesteela Celesteela
Infernape Infernape
Hitmonlee Hitmonlee
Bouffalant Bouffalant
Pichu Pichu
Bisharp Bisharp
