Granbull PorygonZ Geodude Altaria Geodude Granbull Bulbasaur Ursaring Lycanroc Amoonguss Gorebyss Heliolisk Furret Tyrunt Charizard Volcanion Charizard Tyrunt Sentret Probopass Fletchling Probopass Sentret Tyrunt Mightyena Tyrunt Furret Chespin Eelektrik Spearow Mawile Spinda Linoone Linoone Spinda Furfrou Elekid Greninja Tsareena Smeargle Azurill Smeargle Elekid Furfrou Spearow Spearow Illumise Whismur Swadloon Caterpie Bidoof Politoed Klang Chatot Slakoth Slakoth Chatot Klang Politoed Bidoof Caterpie Whismur Lucario Lileep Rhyhorn Rhyhorn Lileep Zigzagoon Buizel Nuzleaf Staryu Deoxys Finneon Lunala Finneon Deoxys Binacle Exeggcute Torracat Torracat Exeggcute Binacle Nuzleaf Zigzagoon Ursaring Granbull
68
PorygonZ Flygon PorygonZ Electrode
Altaria Bonsly Malamar Charmander Ampharos Sylveon
Bulbasaur Blissey Chinchou Reuniclus Typhlosion
Amoonguss Darkrai Floette Jirachi Golbat
Volcanion Grumpig Infernape
Fletchling TypeNull Beedrill Luvdisc Butterfree Cubone
Mightyena Roserade Mimikyu Mightyena Bronzor
Chespin Diggersby Metapod Chespin
Mawile Gliscor Skitty Mawile Trumbeak
Greninja Vivillon Cinccino Torkoal Greninja Pidgeot Mudsdale
Tsareena Feraligatr Crawdaunt Tsareena
Azurill Corphish Cascoon Krookodile
Pancham Pidgeot
Eelektrik Spiritomb Rockruff Whiscash
Quilava Arbok Lampent Quilava
Whiscash Crabominable Whiscash
Swadloon Ninjask Electrike Kangaskhan
Deino Kangaskhan
Illumise Torchic
Heliolisk Heatran
Absol Metagross Reshiram Absol
Lucario Hitmontop Floatzel Swanna
Buizel Jolteon Dustox Buizel
Lunala Relicanth Whimsicott Unown
Flareon Bergmite Lapras
Staryu Goomy Remoraid Magmortar Heatmor Machamp
Gorebyss Carnivine Mantine
Lycanroc Raichu Lycanroc
Unown Unown
Butterfree Butterfree
Cosmog Cosmog
Torracat Torracat Lapras Budew
Slakoth Slakoth
Happiny Happiny
Spinda Spinda
Budew Budew
Sylveon Sylveon
Mantine Mantine
Charizard Charizard Glalie
Binacle Binacle Serperior
Cubone Cubone
Krookodile Krookodile
Heatmor Heatmor
Swanna Swanna
Mudsdale Mudsdale
Reuniclus Reuniclus
Magmar Magmar
Rufflet Rufflet
Machamp Machamp
Electrode Electrode
Serperior Serperior
Trumbeak Trumbeak
Bronzor Bronzor
Probopass Probopass
Carbink Carbink
Exeggcute Exeggcute Bergmite
Lileep Lileep Absol
Glalie Glalie
Deoxys Deoxys Metagross
Chatot Chatot Happiny
Nuzleaf Nuzleaf
Typhlosion Typhlosion
Whismur Arbok
Smeargle Lampent Cosmog
Caterpie Crabominable
Rhyhorn Reshiram Carbink
Furret Quilava Rufflet
Politoed Magmar
