L12 L25 L129 L47 L77 L47 L169 L176 L26 L48 L53 L156 L86 L95 L11 L155 L91 L65 L119 L123 L135 L100 L132 L100 L135 L35 L79 L194 L194 L30 L150 L14 L14 L39 L78 L128 L35 L65 L102 L62 L178 L62 L52 L62 L102 L65 L84 L181 L198 L181 L84 L65 L120 L106 L33 L106 L120 L65 L91 L69 L91 L197 L148 L182 L175 L17 L111 L63 L81 L63 L111 L70 L179 L175 L32 L185 L185 L87 L19 L87 L185 L32 L148 L148 L11 L95 L109 L95 L5 L95 L20 L20 L156 L53 L57 L92 L105 L9 L184 L76 L184 L80 L15 L80 L18 L18 L105 L92 L57 L53 L43 L53 L48 L137 L48 L75 L116 L177 L113 L153 L113 L177 L116 L133 L16 L133 L116 L75 L75 L166 L38 L21 L162 L160 L158 L158 L160 L96 L108 L56 L0 L110 L118 L110 L56 L159 L199 L82 L145 L1 L73 L157 L157 L46 L1 L1 L68 L152 L68 L10 L191 L191 L54 L68 L67 L136 L67 L68 L199 L199 L22 L40 L151 L101 L7 L31 L31 L90 L90 L171 L188 L112 L163 L112 L124 L66 L189 L41 L180 L180 L41 L183 L74 L42 L42 L167 L139 L139 L173 L173 L139 L167 L4 L4 L66 L124 L112 L161 L142 L161 L131 L29 L131 L161 L112 L188 L171 L22 L127 L22 L199 L89 L140 L89 L56 L108 L143 L108 L96 L13 L44 L59 L134 L59 L58 L59 L192 L71 L8 L8 L170 L6 L6 L72 L72 L51 L59 L44 L13 L96 L64 L21 L38 L93 L193 L138 L193 L94 L49 L12
68
L12 L103
L169 L196 L169
L129 L172 L98
L123 L27
L79 L154 L79
L150 L99 L61 L150
L30 L24
L78 L85 L2 L78
L119 L117
L17 L88
L70 L3 L70
L182 L104 L182
L197 L50 L197
L155 L146 L155
L86 L83 L86
L9 L186
L26 L122
L162 L144
L0 L126 L34 L195 L0
L73 L37 L149 L73
L82 L55 L82
L10 L165 L147 L10
L40 L28 L115 L40
L7 L114 L187 L7
L151 L130 L141
L189 L45 L189
L74 L125 L190 L164 L74
L183 L23
L159 L121
L192 L107 L60 L192
L71 L168
L170 L97 L36
L166 L174
L72 L72
L108 L108
L68 L68
L173 L173
L180 L180
L95 L95
L116 L116
L87 L87
L22 L22
L102 L102
L181 L181
L32 L32
L65 L65
L11 L11
L75 L75
L175 L175
L96 L96
L112 L112
L199 L199
L158 L158
L48 L48
L131 L131
L53 L53
L148 L148
L106 L106
L59 L59
L135 L135
L139 L139
L92 L92
L171 L171
L133 L133
L56 L56
L20 L20
L90 L90
L105 L105
