L58 L90 L28 L60 L22 L62 L96 L45 L42 L35 L97 L35 L24 L73 L69 L43 L71 L50 L85 L21 L21 L85 L50 L71 L43 L36 L36 L36 L57 L73 L24 L82 L80 L13 L40 L86 L81 L6 L81 L13 L89 L7 L78 L51 L51 L59 L7 L64 L5 L64 L7 L89 L30 L38 L30 L89 L13 L65 L34 L63 L34 L95 L34 L65 L13 L20 L74 L94 L11 L33 L1 L94 L74 L12 L12 L12 L8 L8 L82 L70 L14 L31 L14 L70 L45 L68 L52 L68 L45 L61 L45 L84 L25 L84 L4 L4 L22 L99 L75 L99 L93 L99 L22 L41 L37 L41 L22 L87 L46 L27 L9 L67 L9 L92 L9 L27 L39 L39 L29 L48 L26 L54 L79 L79 L54 L26 L48 L98 L16 L15 L23 L23 L19 L56 L19 L23 L15 L16 L98 L90 L58
38
L42 L55
L69 L18 L44 L72
L40 L91
L78 L53 L78
L11 L49
L80 L0 L10 L83 L47 L80
L96 L2
L62 L3 L62
L60 L88 L60
L46 L77 L17
L29 L76
L28 L66 L32
L4 L4
L36 L36
L99 L99
L7 L7
L19 L19
L12 L12
L27 L27
L16 L16
L85 L85
L48 L48
L30 L30
L45 L45
L89 L89
L15 L15
L34 L34
L94 L94
L84 L84
L98 L98
L9 L9
L82 L82
L24 L24
L23 L23
L90 L90
L74 L74
L13 L13
L8 L8
