0 52 115 187 108 86 108 18 193 169 193 136 113 121 49 124 49 21 92 190 21 49 136 193 18 173 191 173 18 108 139 2 2 139 64 192 9 120 31 138 32 186 32 164 60 141 155 42 132 61 132 42 155 140 95 140 155 154 165 165 60 120 115 182 115 52 158 175 103 114 1 38 131 73 177 157 110 199 112 178 112 110 43 110 145 65 145 63 47 54 47 170 47 77 47 177 73 189 58 189 73 131 16 17 22 28 16 98 135 3 104 98 16 119 16 131 78 131 38 1 114 85 71 85 167 142 85 114 184 100 184 159 33 126 13 67 7 7 67 13 83 75 130 93 174 101 174 150 174 93 194 94 79 94 127 109 176 117 117 160 6 55 11 56 171 163 171 55 72 41 188 74 74 39 55 44 55 181 152 152 181 195 133 195 160 117 176 109 127 172 183 87 180 14 148 99 96 57 19 24 70 45 137 161 29 161 137 45 70 24 19 57 96 99 148 129 36 129 8 51 51 87 90 146 90 87 183 172 127 94 194 93 130 75 83 0
73
198 76 198
113 185 53
121 102 23 121
92 10
187 111
9 88 34 9
138 50 138
141 62 30 4
31 196 31
158 143
199 197 199
157 48 157
63 81 63
17 151 17
135 106
167 46
103 27 103
175 156
0 80
126 66 20 166 162 35 126
101 91 84
11 168 11
41 144
72 97 72
6 105 134
36 59 116 36
14 40
180 69 180
68 26
140 140
131 131
176 176
67 67
109 109
13 13
83 83
117 117
52 52
128 128
82 82
16 16
195 195
137 137
136 136
147 147
45 45
171 171
145 145
98 98
160 160
114 114
177 177
42 42
139 139
87 87
70 70
179 179
181 181
189 189
183 183
152 152
19 19
108 108
184 184
122 122
130 130
55 55
125 125
75 75
149 149
174 174
74 74
85 85
