0 37 54 39 86 16 12 65 89 65 12 86 11 25 4 38 24 38 82 60 99 60 82 17 96 36 43 95 70 95 36 96 93 96 97 44 44 71 63 92 67 30 10 87 8 8 87 10 30 67 49 19 1 41 19 33 15 63 66 40 57 61 34 94 34 14 34 57 66 63 71 52 71 20 71 44 97 96 75 80 72 80 75 59 78 51 48 98 32 51 64 46 26 79 46 64 2 69 2 64 51 78 59 56 73 73 56 42 82 38 55 38 7 38 4 25 74 77 74 13 74 62 5 39 54 37 0
40
16 84 16
43 85 43
92 31 90 92
1 28
61 50 61
40 91 40
72 68 27
48 76 48
26 45
17 53
11 47 11
0 88
63 63
46 46
30 30
60 60
39 39
35 35
8 8
74 74
71 71
81 81
95 95
64 64
97 97
73 73
23 23
38 38
80 80
9 9
6 6
2 2
56 56
83 83
86 86
82 82
65 65
58 58
96 96
66 66
