1 16 90 1 68 8 12 166 12 8 30 112 30 8 68 1 98 52 98 53 98 1 0 35 37 81 48 81 143 57 79 78 57 94 57 96 57 120 156 162 169 2 110 2 139 2 154 2 173 2 190 2 3 133 3 4 49 49 49 4 5 5 6 11 23 73 34 179 34 73 23 92 126 23 11 161 7 43 103 147 7 83 17 198 83 7 184 7 9 9 13 116 13 14 14 15 65 15 18 47 102 19 128 132 20 21 122 25 93 69 93 25 27 29 95 32 32 95 29 40 63 41 41 63 135 50 55 165 118 123 31 187 31 33 66 33 72 33 42 44 44 45 197 46 46 51 51 54 75 54 145 54 146 54 58 60 106 61 62 62 64 140 64 70 70 71 82 87 82 84 84 85 89 89 89 91 176 97 97 104 108 109 114 144 149 152 167 168 181 185 1 107 1 130 1
45
16 160 16
35 26 35
37 101
79 105
76 121 76
22 80 22
0 111 0
100 119 193 171 170 10 164 24 28 36 38 175 137 150 56 142 86 124 186 189 99 136 138 148 153 155 172 174 180 182 183 188 192 195 199
92 194
6 77 159
43 117 43
17 177
47 129
18 115 18
19 88 19
21 141 158 21
27 163 125 27
40 113 191
55 127 55
50 74 131 178 151 50
45 196 45
60 134 60
91 157
54 54
89 89
31 31
3 3
49 49
82 82
68 68
83 83
29 29
12 12
59 59
93 93
57 57
84 84
15 15
30 30
44 44
97 97
8 8
25 25
32 32
63 63
