21 152 111 144 74 160 23 191 151 150 53 54 53 42 41 110 43 27 101 198 18 198 199 200 199 198 8 96 32 92 91 178 91 92 64 40 176 146 176 148 197 50 78 10 78 148 102 148 176 109 106 90 106 105 128 106 109 176 40 64 22 64 27 4 26 72 187 112 187 72 26 190 26 4 108 170 117 118 117 170 108 167 166 28 166 167 108 4 58 4 110 124 189 37 36 35 76 31 113 171 188 134 181 180 126 127 14 80 14 127 126 16 126 196 98 196 126 180 181 6 174 6 33 143 6 181 134 31 24 1 139 168 169 57 56 62 56 57 169 168 24 46 24 31 76 70 76 35 154 29 30 29 154 20 154 35 61 132 61 189 164 189 39 52 184 52 39 110 175 88 94 88 191 192 191 47 86 160 17 158 160 74 136 69 66 162 69 136 74 75 100 75 74 144 111 21
66
152 173
41 11 13 41
42 121
150 107
101 193 101
8 51 7
178 71 83 161
179 165 179
50 49
197 195 163 197
105 103 183 105
43 73 43
171 5 177 171
113 81 113
188 135
143 147 157 143
33 55 155 33
1 3 1
139 99 149 129 139
36 59
37 87 37
124 137 159 131
175 65 175
151 141 151
47 133 47
23 19 23
17 77 17
66 145 67
156 89
21 45
9 9
15 15
25 25
27 27
29 29
31 31
35 35
39 39
53 53
57 57
61 61
63 63
69 69
75 75
79 79
85 85
91 91
93 93
95 95
97 97
109 109
111 111
115 115
117 117
119 119
123 123
125 125
127 127
153 153
167 167
169 169
181 181
185 185
187 187
189 189
191 191
