74 72 80 79 76 78 79 71 71 17 16 20 20 17 11 12 15 11 38 31 39 40 33 40 36 35 34 34 35 36 31 38 21 26 29 28 24 25 23 27 23 25 24 30 22 30 24 28 29 26 21 38 46 50 44 41 43 42 47 45 47 42 43 41 44 50 48 49 48 50 46 2 7 9 8 6 10 6 8 9 4 3 4 9 7 2 5 1 5 2 151 155 151 157 153 159 152 154 154 159 153 158 153 157 151 2 46 53 55 56 56 55 60 51 54 54 51 60 63 70 65 66 62 64 62 66 65 68 61 67 61 68 65 63 87 89 82 81 88 83 83 88 81 82 86 84 90 84 86 87 98 99 96 92 91 93 97 94 97 93 100 93 91 92 96 99 98 95 98 102 110 106 110 102 104 107 101 103 108 105 108 103 101 107 104 102 109 102 118 116 111 114 117 114 111 116 120 115 119 113 112 113 119 115 120 116 118 121 129 129 130 125 124 124 125 122 127 123 127 122 132 138 133 138 139 135 140 140 135 137 134 137 138 141 148 150 146 147 144 143 143 144 147 146 150 148 149 149 169 165 167 170 162 161 161 161 162 165 169 172 171 173 171 177 178 176 179 180 180 179 171 172 182 184 183 181 183 188 183 182 186 189 190 187 190 189 186 182 192 200 194 193 198 198 196 194 197 195 197 194 200 192 71 79 80 72 74
82
76 73 76
16 77 13 19 16
12 14
39 32 39
152 156 160
53 52 57 53
18 59
70 69 70
89 85 89
121 128
130 126
132 136
139 131 139
141 142 145 141
170 163 164 168
167 166 167
178 175 178
177 174
184 185
193 191
148 148
86 86
50 50
146 146
135 135
47 47
81 81
54 54
25 25
96 96
31 31
199 199
55 55
41 41
28 28
197 197
116 116
179 179
6 6
11 11
137 137
161 161
26 26
192 192
30 30
37 37
151 151
165 165
113 113
80 80
111 111
114 114
8 8
2 2
118 118
104 104
172 172
62 62
58 58
36 36
189 189
68 68
23 23
83 83
180 180
88 88
61 61
153 153
38 38
35 35
122 122
46 46
157 157
29 29
99 99
119 119
169 169
198 198
82 82
66 66
140 140
75 75
