75 71 79 76 76 76 80 72 74 10 6 8 9 4 3 4 7 2 5 5 2 7 8 6 10 11 18 16 16 20 20 16 18 12 14 12 15 12 10 21 26 29 28 24 25 23 27 23 25 30 30 28 29 26 21 10 35 36 39 31 38 31 40 40 36 37 34 34 37 10 43 41 44 50 48 49 48 50 46 50 44 41 42 47 47 42 10 51 54 57 54 51 60 53 55 56 52 56 55 60 51 10 61 68 65 66 62 64 62 66 68 10 88 83 85 83 81 82 89 89 86 84 90 84 86 89 82 81 10 99 95 96 92 91 93 97 97 91 92 96 10 74 72 80 71 77 71 75
43
79 73 78
9 1
11 13 19
24 22 24
39 33
35 32
43 45
53 59 53
61 67
65 63 69
88 87 88
93 94
99 100
30 30
36 36
37 37
74 74
10 10
50 50
26 26
21 21
72 72
80 80
86 86
70 70
2 2
12 12
16 16
98 98
42 42
66 66
76 76
82 82
92 92
71 71
89 89
97 97
31 31
47 47
20 20
28 28
91 91
7 7
