l1 l36 l88 l88 l36 l68 l4 l47 l47 l91 l21 l31 l23 l5 l2 l34 l62 l62 l93 l51 l10 l10 l93 l2 l2 l95 l35 l84 l84 l35 l31 l21 l11 l38 l9 l80 l80 l9 l97 l16 l78 l78 l16 l97 l59 l24 l24 l24 l59 l69 l7 l13 l6 l14 l8 l45 l27 l66 l39 l39 l66 l27 l45 l8 l6 l7 l69 l96 l96 l21 l1
24
l1 l28 l72 l70
l4 l33 l19
l68 l29
l91 l71
l34 l55 l34
l51 l65 l100 l51
l5 l85 l5
l23 l60 l23
l95 l15 l3
l38 l22
l11 l20 l83 l17 l43 l40
l14 l63 l90
l13 l37 l13
l2 l2
l7 l7
l9 l9
l16 l16
l24 l24
l84 l84
l88 l88
l31 l31
l93 l93
l36 l36
l39 l39
