l7 l40 l39 l67 l161 l92 l6 l193 l6 l92 l52 l143 l26 l98 l60 l2 l33 l167 l149 l167 l33 l2 l2 l75 l98 l81 l51 l85 l194 l130 l153 l121 l153 l147 l28 l108 l28 l46 l4 l46 l164 l120 l164 l153 l130 l194 l86 l24 l16 l24 l148 l155 l103 l9 l48 l74 l68 l74 l48 l48 l157 l38 l38 l38 l64 l198 l17 l64 l139 l102 l76 l20 l29 l29 l112 l73 l5 l50 l8 l82 l8 l50 l112 l174 l112 l197 l10 l197 l84 l190 l76 l102 l139 l65 l155 l148 l24 l96 l124 l117 l124 l96 l24 l86 l86 l95 l31 l115 l57 l163 l163 l57 l115 l127 l43 l49 l184 l106 l145 l49 l185 l49 l43 l127 l151 l162 l170 l162 l81 l98 l26 l1 l88 l1 l26 l42 l11 l125 l125 l175 l175 l92 l114 l14 l91 l123 l91 l14 l114 l172 l156 l159 l195 l159 l156 l45 l156 l114 l182 l71 l22 l13 l61 l12 l105 l56 l56 l188 l34 l199 l136 l19 l100 l55 l134 l55 l100 l19 l136 l78 l136 l199 l34 l191 l34 l188 l66 l94 l128 l69 l128 l94 l66 l188 l12 l61 l93 l118 l93 l135 l93 l61 l119 l138 l126 l97 l165 l158 l165 l97 l62 l79 l62 l138 l150 l129 l80 l59 l196 l99 l99 l196 l131 l80 l129 l111 l129 l150 l138 l137 l138 l119 l61 l176 l178 l176 l61 l22 l89 l32 l3 l32 l18 l146 l18 l32 l30 l32 l89 l133 l200 l177 l23 l23 l200 l133 l89 l179 l63 l63 l72 l140 l47 l140 l107 l104 l63 l179 l89 l22 l87 l152 l87 l22 l71 l154 l144 l154 l166 l154 l71 l182 l173 l182 l114 l92 l161 l36 l187 l36 l70 l70 l40 l7
57
l7 l35
l60 l58
l85 l41
l147 l101
l9 l192
l103 l160 l168
l198 l110
l20 l186 l20
l73 l113
l5 l180
l51 l171
l31 l132
l184 l25 l184
l106 l77
l95 l142
l42 l54 l169
l143 l53
l52 l189
l172 l15 l172
l105 l109
l126 l181
l59 l122 l59
l13 l83
l177 l90 l116 l177
l72 l21 l37 l72
l107 l44
l67 l27 l67
l39 l141 l39
l102 l102
l114 l114
l115 l115
l12 l12
l124 l124
l127 l127
l128 l128
l130 l130
l136 l136
l138 l138
l14 l14
l148 l148
l155 l155
l161 l161
l162 l162
l163 l163
l199 l199
l2 l2
l200 l200
l24 l24
l26 l26
l33 l33
l40 l40
l46 l46
l49 l49
l6 l6
l63 l63
l74 l74
l94 l94
