0 1 8 117 116 115 114 162 114 115 128 76 75 74 75 76 128 115 116 117 8 1 175 111 110 21 20 142 141 140 58 57 6 5 6 57 56 57 58 140 139 64 139 138 95 137 136 135 92 91 118 39 38 39 100 39 130 129 39 118 89 132 30 29 28 27 26 25 161 160 161 25 26 27 29 46 32 31 133 31 32 63 170 3 85 157 156 155 40 60 59 60 40 155 156 157 63 32 29 30 89 118 91 92 134 52 72 71 72 52 134 136 137 95 145 139 140 142 20 21 111 112 113 37 36 37 78 15 47 127 147 13 12 11 103 48 103 107 106 105 104 105 106 107 103 12 67 66 65 66 67 12 13 24 23 22 154 153 171 153 154 22 23 43 23 24 47 15 79 165 125 124 123 83 82 146 83 123 122 121 122 123 124 125 164 163 101 120 4 14 152 151 34 33 34 151 42 41 42 151 169 151 152 14 4 120 119 120 79 112 111 175 1 0 179 108 159 108 179 178 150 70 69 68 69 70 150 149 148 144 19 18 19 144 143 144 148 149 150 179 0
62
141 7 172
138 93
135 90
130 49
28 96
170 61 170
85 84
46 98
132 131
110 109
36 35 87
127 55 173
11 9
147 53 147
78 77
81 16 81
82 80
164 73
163 158
165 86
113 102 113
178 44 178
103 103
105 105
106 106
111 111
112 112
114 114
115 115
116 116
122 122
123 123
126 126
15 15
150 150
152 152
153 153
154 154
17 17
175 175
2 2
22 22
24 24
25 25
26 26
27 27
29 29
32 32
34 34
4 4
47 47
54 54
58 58
62 62
63 63
69 69
70 70
72 72
83 83
94 94
95 95
99 99
