27 27 139 122 126 196 62 151 62 187 120 186 119 102 123 184 152 128 165 124 164 145 19 93 160 93 106 93 137 158 112 105 149 177 144 156 133 15 118 15 129 199 174 170 66 193 24 140 125 130 194 107 146 181 135 159 169 40 134 2 147 115 127 127 30 30 30 183 116 22 136 22 166 166 166 180 121 103 138 90 110 179 175 131 198 167 143 57 185 57 171 57 114 114 101 18 153 18 148 36 162 190 161 191 197 92 132 172 141 176 173 70 178 178 182 108 86 113 189 188 155 97 97 142 109 111 157 111 192 111 104 195 69 150 69 195 80 117 80 0
34
163 67 78 59
187 55
154 3 25 17 64 81
123 43 85 91 68
102 33 29 52 32 56 37 94 16
19 10 44 14 42 19
133 74 8
174 51 95 89 96
66 39 71 12 66
24 21 1 61 24
194 98 7 23
181 84
40 47 45 40
2 75 2
168 58 13 46 31 6 83
90 4 11 41 34 54 38 28 90
143 76 88
36 26 5 82 72 60 100 36
92 65 79 9 92
70 63 53 70
86 99 86
0 77 35 73 20 48 87
142 50 49
15 15
18 18
22 22
27 27
30 30
57 57
62 62
69 69
80 80
93 93
97 97
