101 116 101 130 174 147 174 130 113 136 141 190 141 106 141 136 134 109 134 169 102 194 138 149 120 178 120 149 100 111 186 191 158 184 129 115 129 184 182 176 182 184 158 108 160 108 158 191 186 133 114 133 121 133 186 111 127 111 142 105 142 111 165 132 165 111 122 111 152 111 100 99 92 95 83 88 88 86 86 86 88 82 82 88 79 75 78 26 28 27 27 66 60 67 64 17 13 10 14 15 15 13 17 64 67 62 62 69 69 66 26 26 78 30 33 33 34 36 36 36 34 33 77 76 72 72 76 77 88 81 81 95 94 96 96 96 94 97 97 100 50 51 51 59 53 52 56 56 44 46 45 48 40 40 46 44 53 59 59 100 0 1 1 7 5 8 8 9 9 8 5 100 149 138 162 168 135 168 162 138 126 104 126 151 126 138 183 103 177 170 177 181 177 145 123 145 177 103 197 103 183 138 118 124 137 125 112 144 188 144 112 125 137 148 137 124 118 157 185 187 185 157 118 138 194 166 161 128 189 128 161 153 161 166 194 154 194 102 169 140 175 159 175 140 169 193 150 193 146 156 146 193 169 134 199 196 199 192 172 192 199 179 199 180 199 143 110 143 199 117 199 134 136 173 171 173 136 113 198 164 155 163 155 164 198 113 130 139 130 101 131 119 195 119 131 101 107 167 107 101
60
28 89 87 85 84 70 71 22 24 28
14 21 18 11 14
10 12 19 10
60 61 63 60
20 29 20
74 23 74
30 35 38 39 30
37 31 37
75 32 75
79 73 79
83 80 83
92 91 98 92
99 90 93 99
50 55 57 50
52 54 58 42 52
48 47 48
45 43 49 45
0 4 2 0
7 6 3 7
1 1
5 5
8 8
9 9
13 13
15 15
16 16
17 17
25 25
26 26
27 27
33 33
34 34
36 36
40 40
41 41
44 44
46 46
51 51
53 53
56 56
59 59
62 62
64 64
65 65
66 66
67 67
68 68
69 69
72 72
76 76
77 77
78 78
81 81
82 82
86 86
88 88
94 94
95 95
96 96
97 97
