51 98 99 70 55 91 55 96 84 68 84 90 82 67 59 67 82 90 84 96 87 53 83 53 87 76 87 96 55 95 58 95 69 95 55 70 92 62 92 78 92 94 92 70 52 97 52 70 99 73 93 50 75 80 65 61 77 66 81 64 81 85 81 66 77 61 57 74 57 61 89 61 65 80 75 40 39 38 38 41 41 38 39 40 0 3 1 2 5 5 2 1 3 8 10 21 21 22 22 22 14 20 20 16 15 15 16 18 47 47 45 48 48 42 42 34 32 32 34 47 18 93 73 72 73 99 98 51 86 71 86 51 60 54 60 51 63 88 56 88 63 51 79 51
32
50 49 36 37
0 4 9 0
23 13 26 27 24 23
10 25 10
8 12 8
14 19 17 14
45 46 43 44 28 33 29 45
1 1
2 2
3 3
5 5
6 6
7 7
11 11
15 15
16 16
18 18
20 20
21 21
22 22
30 30
31 31
32 32
34 34
35 35
38 38
39 39
40 40
41 41
42 42
47 47
48 48
