Soda China Kuwait Spain Maldives Croatia Croatia Maldives Spain Kuwait Burkina Seychelles Congo Heard Sao Gambia Qatar Barbados Denmark Sri Sudan Japan El Cayman Papua Papua Cayman El Japan Sudan Sri Denmark Albania Nauru Bahrain Comoros Myanmar Iceland Holy Guyana Colombia Guadeloupe Republic Republic Liberia Liberia Republic Guadeloupe Colombia Holy Iceland Libya Libya Hong Palau Peru Brazil Norway Norway Brazil Peru Palau Hong Libya Comoros Albania Qatar Gambia Sao Lao Benin Italy Estonia Solomon United Niger Mozambique Puerto Cocos Dominica French Montserrat Guernsey Guernsey Montserrat Dominica Ecuador Ecuador Saint Costa Germany Fiji Fiji Germany Saint United Solomon Italy Benin Lao Senegal Senegal Jersey Cameroon Cameroon Jersey Burkina China Soda
39
Kenya Sint Latvia
Congo New Northern Malawi Egypt Congo Luxembourg
Barbados Rwanda
Guyana Algeria Aruba British Korea Moldova
Myanmar Pakistan Belize
Bahrain Finland
Nauru Pitcairn
Heard Lebanon Singapore
Mozambique Nigeria
French Kiribati Indonesia
Cocos Burundi Antigua
Puerto Jamaica
Niger Kyrgyzstan Ireland Niger Mayotte
Costa Netherlands Mexico Bahamas
Estonia Iraq
Seychelles Macao
Soda Cambodia
United United
Japan Japan
Fiji Fiji
Lao Lao
Singapore Singapore
Luxembourg Luxembourg
Burkina Burkina
Croatia Croatia Sint
Korea Korea
Sao Sao
Hong Hong
Mayotte Mayotte
Liberia Liberia
Bahamas Bahamas
Moldova Moldova
Republic Republic
Palau Palau
Saint Saint
Albania Albania
Argentina Argentina
Guernsey Latvia
Qatar Argentina
