Soda Canada Iceland Denmark Holy Ghana Angola Anguilla Angola Ghana Holy Denmark Hong Aruba Central France Bahrain France Central Aruba Germany Bahamas Barbados Falkland Colombia Burundi Colombia Afghanistan Gabon Afghanistan Colombia Falkland Barbados Virgin Armenia Barbados Andorra Burkina Guam Gambia Guam Burkina Guyana Chile Bonaire Chile Guyana Burkina Andorra Barbados Bahamas Germany Aruba Hong Albania Hong Guatemala Hong Denmark Algeria Antigua Bulgaria Cabo Guadeloupe Estonia Guadeloupe Cabo Bulgaria Antarctica Honduras Gibraltar Honduras Indonesia Comoros Congo Bangladesh Congo Comoros Indonesia Honduras Antarctica Guernsey Equatorial Guernsey Bhutan Brunei Costa Georgia Dominica Brazil Fiji Argentina Grenada Cocos Cameroon Cocos Grenada Argentina Hungary Bolivia Brazil Dominica Georgia United Azerbaijan Faroe United Georgia Greece Djibouti Australia Belgium Greece Eritrea Greece Brunei Greenland Brunei Bhutan Egypt Finland Egypt Belarus Cyprus Belarus Egypt Ecuador Egypt Bhutan Guernsey Antarctica Bulgaria Guinea Bulgaria Benin Cook Benin Bulgaria Antigua Algeria Denmark Dominican Denmark India Bosnia Bosnia India Heard British El Croatia Cuba Chad Cuba American Cuba Croatia El Haiti French Haiti Ethiopia Haiti Heard Soda
23
Virgin Cayman
Fiji Bermuda Fiji
Azerbaijan Botswana
Djibouti Belize
Australia Czech Australia
Costa Cambodia
Iceland Bouvet
British China
Canada Austria
Denmark Denmark
Angola Angola
Comoros Comoros
Antigua Antigua
Cocos Cocos
Guadeloupe Guadeloupe
Guam Guam
United United
Colombia Colombia
Egypt Egypt
Argentina Argentina
Aruba Aruba
Guyana Guyana
Central Central
