1 30 18 50 53 53 50 8 3 82 10 119 21 16 25 71 95 95 71 74 11 6 40 107 40 6 6 47 109 47 74 68 4 68 74 102 74 78 83 5 52 2 96 2 52 5 106 5 94 5 83 78 16 58 23 92 34 22 100 85 100 22 34 26 99 34 92 23 58 116 70 42 48 69 112 69 48 42 59 97 57 7 57 97 91 90 75 39 98 39 9 31 115 37 120 104 101 104 120 114 120 37 115 31 13 81 13 31 9 39 75 66 73 72 93 27 32 89 19 19 88 32 27 93 110 14 41 65 65 14 56 56 93 72 73 66 75 90 91 97 59 42 86 86 116 12 15 61 45 63 28 55 80 55 28 77 113 77 28 63 84 117 111 111 63 45 17 17 15 12 116 58 16 105 118 105 16 21 82 3 87 36 103 36 87 3 49 108 108 108 49 1
57
18 60 18
25 33 25
11 51 11
26 38 26
89 35
41 46 41
110 79 20
70 29 76 70
84 44
61 54 61
10 24 10
30 43 30
1 64 62 67
12 12
13 13
14 14
15 15
16 16
17 17
19 19
21 21
22 22
23 23
27 27
28 28
31 31
32 32
34 34
36 36
37 37
39 39
40 40
42 42
45 45
47 47
48 48
49 49
50 50
52 52
53 53
55 55
56 56
57 57
58 58
59 59
63 63
65 65
66 66
68 68
69 69
71 71
72 72
73 73
74 74
75 75
77 77
78 78
