Essos Toffingburg Jakku Alethkar FogofLostSouls Prongdale Shadesmar MenoaTree Shadesmar Beldenn FogofLostSouls Alagaesia Eastborne TheBurningPlains Kinecardine ZhaoFu Snozgate ZhaoFu WesternAirTemple Rohan CrystalCove EasternAirTemple Ramshorn HighGarden TheFae Urubaen Naboo BubblegumKingdom Kharbranth LakeLaogai TheEolian Toperhagen Imre MinistryofMagic Atlantas Olivanders Grayburn Peridrift Chrofall DothrakiSea Chrofall TheEyrie Neverland KingsLanding Murkcairn Eggmanland Grayburn Westopolis Tralfamadore Ebonfall Dorne BoarsEye Azkaban HorneaterPeaks TheCommonwealth KnifesEdge KnifesEdge KnifesEdge TheCommonwealth Meckgue TheJasmineDragon TheArcanum Ramshorn TheWhompingWillow Karth Castamere GodricsHollow Pendle TreeofTime Vexhollow TheUniversity MadamMalkins Dagobah TheWhompingWillow Gotham TheAturanEmpire WonderCity LeakyCauldron Yunkai Millingburg BayofDragons KyoshiIsland BayofDragons SouthernAirTemple BayofDragons Titferdenn Tatooine Titferdenn TheFingers Titferdenn Duskhollow RockofKuthian Duskhollow Mordor Rivendell Zootropolis Glimthain Belhaben Arcmoor UtgardMountain NocturneAlley Riverrun AirTempleIsland Omniverse TheWaystoneInn GringottsBank DiagonAlley Durnatel RokusIsland ThePrancingPony Peterborough ThePrancingPony StormsEnd IslesofElysium Ceald TheShire EarthKingdom TheSwamp VaultofSouls Millhagen Blagworth TheWall CrastersKeep StationSquare Larcbost Coalwatch MysticRuins BorginBurkes Mirkwood IronIslands CasterlyRock Vroengard Essos
34
Prongdale Netherfort Endor Sanlow TheChumBucket
Alethkar Vintas Penketh TheBoilingRock WitheredHeath Arkham Arcwallow ShatteredPlains Alethkar
WesternAirTemple Winterfell WesternAirTemple
MountOlympus Dragonstone MountOlympus
Naboo CastleBlack ShriekingShack Bobbingbourne Ademre
Urubaen BaSingSe Boatwright Urubaen
Toperhagen TheKrustyKrab RepublicCity Lockinge TheReshiIsles TheVale Toperhagen
TheFae FleaBottom Helgrind DuWeldenvarden TheFae
Atlantas Soda Atlantas
TheEyrie Neddington TheEyrie
Peridrift GooLagoon Blackwater Peridrift
HighGarden Meereen ProBendingArena Omashu TheGodswood Ivormere HighGarden
Castamere Batcave Castamere
Karth Yll Newarre BeyondtheWall Carvahall Karth
Jakku Alderaan TheUnderworld CaveofTwoLovers Jakku
Millingburg Azir Braavos Neddingtown
Yunkai Trebon Barkamsted SatishVille
LeakyCauldron Hogsmead Ellesmera Arrowcave Hogwarts Astapor TheGreatDivide
AirTempleIsland Tarbean FireNation
Durnatel Grimbarrow Keld
DiagonAlley Shinovar Severen DiagonAlley
Riverrun Steeltown Tartarus Riverrun
Toffingburg Lorien JahKeved Dubwall Aerodenn Toffingburg
Millhagen FlourishBlotts Westeros BikiniBottom
TheWall Gizton
Essos TheSpiritWorld TheRiverStyx JarrensOutpost
TheCommonwealth TheCommonwealth
Chrofall Chrofall
KnifesEdge KnifesEdge
Valyria Valyria
TheSpine TheSpine
TheWhompingWillow TheWhompingWillow
Accrington Accrington
Duskhollow Duskhollow
