Meckgue TheFingers HighGarden BoarsEye Beldenn RepublicCity Shadesmar Alethkar Shadesmar Essos Dagobah Dubwall Boatwright Dubwall Endor Dubwall Dagobah KoralReef CasterlyRock WitheredHeath TheSwamp WitheredHeath Toperhagen WitheredHeath BayofDragons WitheredHeath Keld TheFae Keld WitheredHeath MountOlympus TheWhompingWillow Atlantas TheWhompingWillow Bellechulish TheWhompingWillow MountOlympus KoralReef Sanlow BubblegumKingdom BubblegumKingdom Sanlow MinistryofMagic Barkamsted Arkham Vintas TheUnderworld Belhaben TheEyrie Beldenn LakeLaogai ShriekingShack ShatteredPlains Zootropolis Omniverse Zootropolis Braavos JahKeved ShriekingShack Glimthain ShriekingShack TheReshiIsles ShriekingShack TheWaystoneInn Tartarus Blagworth Tartarus Ramshorn Tartarus TheEolian HorneaterPeaks Beldenn TheKrustyKrab SerpantsPass Steeltown Gizton Ceald MadamMalkins Steeltown Naboo GringottsBank Steeltown Winterfell Millingburg BikiniBottom Omashu Winterfell GodricsHollow TheKrustyKrab Meckgue
25
Meckgue TheUniversity VaultofSouls
CasterlyRock Lorien TheHogsHead
Essos TheBoilingRock Meereen TheGodswood
Neddingtown TheVale BeyondtheWall
RepublicCity TreeofTime Gotham ZhaoFu MysticRuins RepublicCity
Braavos Kinecardine Braavos
ShatteredPlains TheSpine ShatteredPlains
TheWaystoneInn TheArcanum TheWaystoneInn
LakeLaogai Castamere Yunkai ThePrancingPony UtgardMountain FlourishBlotts LeakyCauldron LakeLaogai
Gizton Netherfort Larcbost EasternAirTemple Gizton
Naboo EarthKingdom
SerpantsPass Ademre GooLagoon Vexhollow
BikiniBottom Carvahall Ellesmera
Millingburg Grayburn
Murkcairn Murkcairn
Sanlow Sanlow
Keld Keld
Tartarus Tartarus
KoralReef KoralReef
Dagobah Dagobah
Winterfell Winterfell
Steeltown Steeltown
Urubaen Urubaen
Beldenn Beldenn
TheKrustyKrab TheKrustyKrab
