21 174 153 174 21 77 2 44 128 134 94 19 112 19 159 80 59 33 117 5 10 180 193 86 61 35 35 61 86 193 124 10 30 132 73 90 167 163 101 122 144 191 144 126 71 152 92 93 92 135 11 188 190 190 171 11 139 196 8 12 12 12 139 11 175 92 152 71 126 151 184 22 184 151 9 133 84 72 72 137 100 109 89 199 158 79 1 1 26 66 66 168 41 36 108 98 15 15 42 161 52 43 162 3 34 39 64 69 64 74 197 74 49 149 95 55 95 149 49 74 64 39 34 3 120 16 32 169 187 150 187 181 187 169 65 114 83 82 148 148 82 83 114 157 169 32 16 120 120 43 52 42 4 156 183 143 183 123 123 68 185 130 6 63 164 164 63 6 136 81 88 76 88 81 136 136 185 68 123 183 156 4 42 15 98 108 36 66 26 67 154 25 70 20 113 99 87 138 87 104 87 99 113 20 85 62 57 166 140 0 140 166 57 62 85 24 182 145 105 105 145 182 116 198 141 46 46 116 85 20 70 25 45 173 45 25 154 67 26 158 199 89 27 31 195 147 147 195 31 58 89 109 100 137 72 84 133 9 151 126 144 122 78 119 17 111 28 192 28 17 119 96 96 167 90 73 132 30 10 5 117 33 189 23 155 106 179 106 155 23 189 33 59 80 159 19 94 118 118 128 2 77 21 107 142 142 142 110 165 165 13 21
79
180 40 180
163 102 163
188 56 186 188
196 103 51 196
135 131 135
79 53 115
168 125 168
161 127 7
65 91
162 14 60
130 160 18 194 130
24 38 24
198 177
50 170
27 29 27
111 176
78 75 78
134 146 134
44 48
107 121 37 54
110 97
147 147
20 20
17 17
136 136
190 190
42 42
47 47
23 23
34 34
36 36
172 172
45 45
90 90
10 10
122 122
167 167
100 100
46 46
74 74
2 2
31 31
151 151
133 133
142 142
30 30
156 156
144 144
184 184
116 116
64 64
15 15
108 108
149 149
154 154
120 120
81 81
118 118
119 119
139 139
178 178
16 16
169 169
96 96
152 152
88 88
68 68
62 62
49 49
61 61
32 32
87 87
105 105
137 137
159 159
114 114
72 72
82 82
95 95
