s h84 h80 h95 h95 h80 h59 l12 l44 l2 h70 l3 h57 l47 h87 h72 l45 l23 l23 l45 h72 l47 h57 l5 h74 h50 l28 h75 h71 h64 l30 l26 h78 h78 l26 h64 h71 l39 l18 l18 l39 l28 h74 h74 h57 h98 h99 h88 h62 h62 h62 h88 h98 h91 l46 l46 h91 h66 h66 h70 l2 h59 s
31
h84 h86 h84
l12 h81 h77 h51 h69
l44 h52
h87 h53 h58 h85 h87
l30 h73 h61 h93
h75 h63 h65 h79 h75
h76 h68 h76
h50 h54 h50 h76
h56 h90 h56
l5 h60 h96 h68 h56
h99 h82 h55 h94 h89 h99
l3 h97 h67
h51 h51
h57 h57
h59 h59
h62 h62
h64 h64
h66 h66
h69 h69
h70 h70
h71 h71 h92
h72 h72
h74 h74 h90
h78 h78
h80 h80
h83 h83
h88 h88 h83
h91 h91
h92 h92
h95 h95
h98 h98
