s l30 l70 l57 h157 l16 h194 l7 l60 l7 l7 l86 l7 l80 l47 l36 h168 l10 l31 l94 l1 l94 l31 l10 h168 h107 h110 l88 h110 h107 l81 h107 l47 l80 l76 h196 l84 l93 l84 h196 l76 l80 h187 l51 h187 l54 h116 l11 l68 h116 l66 h116 l54 h187 l80 l16 h157 l57 l59 l20 l77 l22 l77 l20 l59 h159 h112 l65 h112 h159 l59 h190 h171 l90 h190 h184 l53 l37 h188 h100 l34 h100 h118 h118 h131 h135 h133 l72 h161 l44 h102 l33 l9 l28 l9 l33 h102 h174 l8 h180 l45 h103 l67 h103 l45 h180 h178 l12 h178 h198 l63 l61 l63 h198 h178 h180 l8 l49 h124 l74 h124 l49 l17 l49 l58 h137 h137 h133 h135 h135 l64 h125 h125 l64 h118 h100 l3 h100 h188 l37 h184 h190 l92 h190 h119 l41 l41 h119 l4 h148 l29 h162 l35 h138 l89 h138 h140 h152 l95 l13 h152 h140 h151 h128 h151 h132 l18 h132 h151 h142 l71 h142 h144 l96 l23 l96 h142 h177 h164 h164 h177 h151 h140 l50 l40 l50 l83 l50 h140 h138 l35 l79 h121 h193 l38 h193 h121 l25 l19 l14 l25 h121 l79 l35 h162 l43 l62 l43 h162 l6 l98 h162 l52 h162 l29 l42 l4 l48 l4 l85 l55 l85 l4 l59 h149 h146 l87 l91 h146 l27 h146 h149 l59 l73 l24 l15 h179 h160 l75 h111 h111 l75 l75 h127 l39 h147 l2 l2 h147 l39 h127 l75 h160 h179 s
74
l30 h113
l60 h166 h181 h167
h194 h136 h194
l36 h130 h163 h172
h192 h185 h192
l11 h150 h183
h171 h122 h104 h123 h171
h161 h169 h191 h161
h174 h176 h174
l72 h134 h189
h105 h114 h105
h131 h165 h106 h195 h131
l53 h170
h155 h182 h155
l95 h139
h128 h108 h101 h128
h144 h115 h144
l82 h156
h186 h175 h186
l19 h173
l6 h126
h148 h153 h148
l87 h109 h143
l70 h145
l73 h117 h120
s h129
h100 h100
h102 h102
h103 h103
h107 h107
h110 h110
h111 h111
h112 h112
h116 h116
h118 h118
h119 h119
h121 h121
h124 h124
h125 h125
h127 h127
h132 h132
h133 h133
h135 h135
h137 h137
h138 h138
h140 h140
h141 h141
h142 h142
h146 h146
h147 h147
h149 h149
h151 h151
h152 h152
h154 h154
h157 h157
h158 h158
h159 h159
h160 h160
h162 h162
h164 h164
h168 h168
h177 h177
h178 h178
h179 h179
h180 h180
h184 h184
h187 h187
h188 h188
h190 h190
h193 h193
h196 h196
h197 h197
h198 h198
h199 h199
