node87 node96 node70 node30 node12 node25 node25 node12 node95 node37 node77 node100 node77 node37 node95 node18 node62 node99 node55 node16 node17 node53 node63 node58 node76 node23 node4 node4 node23 node76 node58 node63 node35 node80 node2 node9 node2 node80 node52 node44 node79 node43 node43 node60 node75 node31 node91 node91 node31 node75 node28 node86 node90 node78 node61 node78 node28 node44 node52 node80 node20 node40 node41 node56 node13 node56 node41 node40 node20 node17 node22 node17 node16 node71 node74 node82 node74 node89 node34 node21 node42 node24 node42 node21 node34 node16 node49 node48 node48 node99 node62 node26 node62 node32 node62 node84 node51 node93 node39 node73 node92 node64 node59 node6 node67 node7 node81 node7 node67 node59 node64 node92 node73 node39 node98 node46 node39 node93 node51 node84 node62 node68 node95 node65 node70 node8 node33 node33 node10 node70 node87
38
node30 node72
node18 node88
node53 node57 node53
node35 node45 node35
node79 node47 node79
node60 node85 node1 node60
node86 node38 node86
node71 node94
node89 node15 node69
node55 node83 node55
node6 node5 node6
node98 node29
node8 node27 node8
node96 node11
node14 node14
node64 node64
node23 node23
node76 node76
node2 node2
node54 node54
node59 node59
node17 node17
node95 node95
node99 node99
node48 node48
node12 node12
node39 node39
node25 node25
node56 node56
node92 node92
node37 node37
node75 node75
node93 node93
node42 node42
node74 node74
node97 node97
node31 node31
node19 node19
