node139 node166 node19 node95 node105 node15 node25 node94 node38 node100 node85 node18 node170 node169 node131 node169 node101 node169 node170 node18 node4 node18 node85 node134 node99 node190 node32 node194 node62 node161 node55 node129 node109 node64 node109 node111 node110 node138 node2 node138 node176 node111 node109 node129 node55 node161 node62 node194 node53 node20 node20 node80 node37 node9 node9 node90 node80 node20 node53 node164 node186 node34 node53 node194 node32 node190 node144 node87 node135 node87 node69 node84 node130 node6 node171 node93 node171 node6 node130 node84 node69 node87 node144 node190 node99 node134 node85 node173 node173 node38 node175 node179 node175 node38 node94 node46 node15 node105 node95 node19 node151 node19 node166 node139 node24 node39 node157 node155 node160 node21 node21 node56 node182 node197 node104 node77 node183 node116 node128 node1 node57 node51 node89 node107 node14 node107 node115 node107 node89 node51 node57 node1 node128 node33 node146 node150 node52 node148 node22 node81 node31 node192 node124 node198 node54 node174 node54 node198 node142 node192 node31 node81 node22 node27 node73 node140 node23 node27 node22 node148 node52 node8 node75 node96 node199 node75 node8 node52 node150 node146 node33 node125 node123 node118 node125 node33 node128 node116 node183 node172 node86 node67 node196 node65 node141 node13 node189 node29 node189 node13 node141 node65 node67 node86 node79 node126 node132 node79 node172 node47 node177 node172 node156 node168 node156 node103 node147 node103 node156 node104 node197 node182 node56 node21 node7 node106 node7 node155 node10 node44 node28 node133 node28 node44 node63 node11 node155 node157 node39 node24 node154 node61 node102 node58 node61 node145 node83 node184 node88 node184 node83 node145 node61 node154 node120 node3 node43 node195 node122 node187 node114 node113 node114 node76 node78 node76 node191 node153 node158 node180 node45 node158 node76 node114 node187 node74 node187 node163 node121 node163 node187 node43 node3 node68 node91 node68 node3 node120 node154 node24 node139
76
node110 node66
node37 node112 node200 node37
node186 node119 node186
node164 node162
node36 node42
node100 node165 node100
node25 node117
node160 node92 node160
node77 node181 node149
node124 node17 node124
node73 node5 node188 node26 node73
node96 node60 node96
node123 node143 node123
node71 node49 node71
node196 node185 node72
node193 node41
node126 node97 node126
node47 node16 node47
node10 node12 node10
node63 node108
node102 node48 node102
node195 node59 node195
node191 node159 node191
node180 node167 node180
node8 node8
node178 node178
node114 node114
node125 node125
node184 node184
node192 node192
node53 node53
node107 node107
node50 node50
node158 node158
node20 node20
node38 node38
node80 node80
node86 node86
node3 node3
node65 node65
node163 node163
node24 node24
node30 node30
node33 node33
node111 node111
node22 node22
node98 node98
node152 node152
node134 node134
node146 node146
node182 node182
node19 node19
node129 node129
node154 node154
node81 node81
node85 node85
node109 node109
node61 node61
node130 node130
node27 node27
node1 node1
node157 node157
node94 node94
node190 node190
node18 node18
node55 node55
node51 node51
node141 node141
node57 node57
node52 node52
node54 node54
node56 node56
node84 node84
node116 node116
node169 node169
node173 node173
