369 11b0b 73f2 cc9c 3327 1eb1 9cde 69b7 664e 221a 7e2d 1408e bb8f 14760 39f9 10d67 92a3 92a3 10d67 479d da40 6d20 11439 11439 6d20 da40 479d 14760 aa82 eb4d eb4d 14760 bb8f 2583 8bd1 b154 1519b f8f1 132ea 14ac9 17df 121dd 5541 775b 11e74 11e74 775b 5541 17df 14ac9 139bc c933 c933 139bc f8f1 1519b b154 2583 bb8f 1408e 7e2d 664e 143f7 117a2 e7e4 e7e4 13653 58aa 13d25 13d25 58aa 13653 e7e4 117a2 664e 69b7 9cde 1eb1 3327 cc9c 73f2 11b0b 3d62 dda9 7ac4 12546 9975 9975 62e5 d005 d005 c261 14e32 b826 110d0 6d2 1476 4b06 28ec f21f 4e6f 109fe 5c13 bef8 8f3a 5f7c e47b a719 a719 e47b 5f7c 8f3a bef8 5c13 109fe 4e6f f21f 28ec 4b06 1476 6d2 110d0 b826 14e32 c261 9975 12546 7ac4 dda9 3d62 11b0b 40cb c5ca c5ca 40cb 369
37
221a da4 221a
39f9 d6d7 2fbe
aa82 84ff d36e
121dd a047 4434 121dd
132ea a3b 132ea
8bd1 ffc3 8bd1
143f7 10695 128af 960c
62e5 b4bd 2c55 51d8 62e5
369 eeb6
3327 3327
c261 c261
2583 2583
1eb1 1eb1
14ac9 14ac9
e7e4 e7e4
1408e 1408e
dda9 dda9
13653 13653
da40 da40
139bc 139bc
69b7 69b7
110d0 110d0
664e 664e
9cde 9cde
4b06 4b06
6d20 6d20
14760 14760
c933 c933
e47b e47b
bb8f bb8f
11b0b 11b0b
13d25 13d25
d005 d005
14e32 14e32
4e6f 4e6f
10d67 10d67
1476 1476
