484e 329d 73b 56c4 10df 4f89 e76 2dcb 5dff 269 5dff 2dcb e76 5b96 6c75 2690 1f55 2690 6068 2427 181a 181a 4d20 1a83 1a83 4d20 181a 2427 1cec 2690 6c75 45e5 45e5 28f9 6ede 4d2 3034 51f2 6a0c 6a0c 4d2 6ede 28f9 c0d 2b62 9a4 3eaa 15b1 3eaa 4ab7 4113 545b 376f 545b 4113 4ab7 3eaa 9a4 2b62 c0d 592d c0d 28f9 45e5 6c75 5b96 e76 4f89 62d1 62d1 56c4 73b 329d 484e
19
6068 39d8 1348
51f2 3506 653a 437c
3034 3c41
10df 67a3 10df
1a83 1a83
28f9 28f9
329d 329d
3eaa 3eaa
c0d c0d
9a4 9a4
4d2 4d2
45e5 45e5
4ab7 4ab7
56c4 56c4
4113 4113
2427 2427
5b96 5b96
2690 2690
4d20 4d20
