node0 node162 node157 node157 node162 node184 node184 node112 node69 node153 node79 node153 node71 node18 node7 node183 node44 node196 node29 node136 node54 node81 node91 node91 node81 node54 node136 node71 node112 node174 node24 node135 node102 node32 node76 node76 node107 node57 node92 node143 node30 node149 node154 node127 node4 node95 node77 node139 node139 node77 node95 node4 node127 node94 node149 node175 node118 node110 node61 node1 node35 node58 node35 node61 node110 node118 node72 node65 node48 node84 node84 node48 node50 node50 node72 node118 node175 node149 node115 node52 node52 node115 node143 node92 node57 node107 node173 node12 node188 node126 node83 node86 node33 node33 node86 node145 node42 node31 node13 node87 node62 node85 node170 node150 node80 node150 node170 node170 node85 node62 node98 node13 node31 node145 node126 node14 node53 node90 node53 node12 node12 node10 node107 node76 node32 node124 node132 node186 node78 node89 node11 node185 node6 node151 node111 node67 node169 node97 node169 node193 node20 node64 node152 node159 node36 node27 node27 node56 node159 node64 node193 node169 node67 node111 node23 node111 node19 node111 node37 node197 node163 node177 node155 node155 node155 node177 node163 node41 node41 node109 node109 node37 node111 node151 node88 node151 node187 node187 node185 node11 node89 node78 node186 node5 node45 node105 node34 node105 node38 node105 node45 node5 node166 node17 node28 node70 node176 node59 node176 node2 node123 node15 node123 node28 node17 node104 node99 node99 node17 node166 node114 node119 node138 node8 node9 node51 node26 node179 node49 node179 node63 node179 node40 node180 node93 node180 node141 node66 node141 node180 node40 node179 node22 node178 node178 node22 node51 node9 node8 node133 node122 node55 node122 node133 node16 node25 node47 node25 node16 node133 node8 node75 node8 node138 node119 node114 node166 node5 node43 node5 node186 node60 node186 node132 node124 node32 node102 node135 node24 node73 node199 node21 node199 node73 node24 node174 node112 node39 node184 node0
77
node0 node146 node191
node69 node130
node183 node137 node183
node196 node129 node196
node18 node108
node154 node156 node165 node113 node154
node1 node164
node65 node120 node148 node192 node106
node30 node144
node83 node117
node87 node190 node131
node42 node147
node46 node198
node188 node195 node103 node188
node173 node167 node173
node36 node158 node181
node152 node171 node152
node20 node125 node121
node197 node100 node142 node116 node161 node182 node197
node6 node101
node70 node140
node104 node160 node189 node104
node26 node194
node102 node102
node105 node105
node107 node107
node109 node109
node110 node110
node111 node111
node112 node112
node114 node114
node115 node115
node118 node118
node119 node119
node122 node122
node123 node123
node124 node124
node126 node126
node127 node127
node128 node128
node132 node132
node133 node133
node134 node134
node135 node135
node136 node136
node138 node138
node139 node139
node141 node141
node143 node143
node145 node145
node149 node149
node150 node150
node151 node151
node153 node153
node155 node155
node157 node157
node159 node159
node162 node162
node163 node163
node166 node166
node168 node168
node169 node169
node170 node170
node172 node172
node174 node174
node175 node175
node176 node176
node177 node177
node178 node178
node179 node179
node180 node180
node184 node184
node185 node185
node186 node186
node187 node187
node193 node193
node199 node199
