node0 node2 node39 node47 node45 node23 node10 node23 node45 node47 node7 node20 node34 node31 node5 node46 node5 node34 node33 node12 node43 node8 node21 node16 node3 node21 node37 node4 node30 node11 node24 node30 node4 node37 node21 node49 node18 node40 node14 node1 node14 node40 node18 node15 node18 node49 node21 node8 node43 node12 node33 node47 node17 node0 node25 node19 node25 node0
20
node2 node32
node7 node44 node38
node31 node27 node31
node46 node42 node29 node46
node16 node36
node11 node26
node39 node35 node39
node25 node25
node28 node28
node30 node30
node33 node33
node34 node34
node37 node37
node40 node40
node41 node41
node43 node43
node45 node45
node47 node47
node48 node48
node49 node49
