8 97 105 162 165 166 165 142 31 4 29 29 4 31 141 186 189 186 141 143 151 143 141 50 48 65 49 112 112 65 48 50 97 34 82 6 1 1 11 86 129 86 128 86 11 13 9 13 11 96 122 10 35 16 17 18 23 23 18 17 15 35 10 97 126 80 120 120 121 173 173 121 126 97 154 97 153 163 97 98 98 99 106 63 63 52 67 67 24 101 58 75 58 101 92 101 109 169 191 192 170 193 193 170 191 187 161 187 191 169 109 101 24 88 40 42 28 22 27 27 22 41 45 103 138 94 138 178 138 103 140 183 176 131 135 89 137 139 139 180 89 90 149 150 160 184 160 102 102 148 90 89 136 133 132 133 136 146 168 168 136 89 135 147 100 130 100 147 135 131 175 134 175 131 176 177 176 183 140 103 43 46 42 57 37 57 42 40 88 36 14 12 14 107 167 108 74 118 110 118 60 44 60 118 62 118 117 76 111 119 111 76 77 76 117 157 117 108 167 107 56 107 155 107 115 156 116 158 116 114 107 88 84 98 81 7 7 81 8
68
105 185 164 68 105
142 3 125 172 142
49 113 30 49
34 71
6 5 83 6
82 79 82
16 87 85 19
80 127 124 80
153 144 153
106 145 64 47
52 33 51 52
99 70 39 25 99
192 171 188 192
28 26
137 181 137
149 95 179
146 190 182
45 91 93 45
41 61
74 78
115 72 115
36 69 73
8 2
123 123
160 160
24 24
66 66
121 121
88 88
55 55
183 183
54 54
97 97
193 193
102 102
90 90
63 63
191 191
35 35
4 4
165 165
65 65
147 147
167 167
169 169
109 109
136 136
21 21
89 89
135 135
53 53
120 120
100 100
59 59
38 38
29 29
126 126
22 22
118 118
152 152
116 116
42 42
23 23
17 17
168 168
174 174
173 173
40 40
