0 7 81 82 83 84 85 86 87 88 89 90 91 92 93 94 95 96 97 98 99 100 101 102 103 104 105 106 107 108 109 110 111 112 113 114 115 116 117 117 116 115 114 113 112 111 110 109 108 107 106 105 104 103 102 101 100 99 98 97 96 95 94 93 92 91 90 89 88 87 86 85 84 83 82 81 0
42
12 129 12
1 63 62 27 41 49 54 1
3 35 48 68 32 3
0 21 28 45 58 51 57 65 75 14 29 30 33 44 52 60 66 71 79 118 129 63 62 35 48 68 32 27 41 49 54 20 31 34 53 73 36 40 74 47 61 38 43 69 76 46 64 1 3 4 6 8 9 10 11 12 13 15 16 17 18 19 22 24 26 80
2 37 39 50 78 2
7 23 42 55 56 67 70 72 77 59 7 37 39 50 78 2 5 25
10 20 31 34 53 73 10
4 36 40 74 47 61 4
8 38 43 69 46 64 8
11 76 11
5 5
6 6
9 9
13 13
15 15
16 16
17 17
18 18
19 19
22 22
24 24
25 25
26 26
80 80
82 82
84 84
86 86
88 88
90 90
92 92
94 94
96 96
98 98
100 100
102 102
104 104
106 106
108 108
110 110
112 112
114 114
116 116
