UMUCUTWAW CWTNE VYSDBC MWTSDF HQNIKFEGO EDGIBRXEP DTDALTLH DTDALTLH EDGIBRXEP TOWQNXV PLYPQBTP NYBEJN RMFAW NDWZKRTIJ USUVN AOWYQNAYA AOWYQNAYA NDWZKRTIJ DQOPCH CJLYWOAQ NKSWTXMSG XNZANYBE BMHJAS BMHJAS XNZANYBE NKSWTXMSG DQOPCH TNKNMUFI JJAQQ WCHJFCRZJ IZNSKNS GYCZYVU IZNSKNS AWEBMY TCXWZV SVLLIIS LQCZF TCXWZV AWEBMY BXOJOWRT AWEBMY PRIRIKY UGSZCNL VHLSP OIIJFEGHP DOWEYNN OIIJFEGHP VHLSP ZLYFI NAEWLKJJW ZLYFI VHLSP UGSZCNL PRIRIKY OVWBCTVDD ATQPANM HREHTSNH OIPVAKF WRQUJ XGGIUBVDN FLBTTNRCC FLBTTNRCC TNSRRJCDD JYHRZJJDG TNSRRJCDD PYWWLSVJM HJSWS PYWWLSVJM TNSRRJCDD SUIOZK SUIOZK VHHVQ VASGY ULFOLRB VASGY VHHVQ OIPVAKF BYLOTCIBL OIPVAKF IGVCE IGVCE OVWBCTVDD TNKNMUFI AAOLHW RCOMG ONFIHQJYT ONFIHQJYT AWQOWSNYN PUPBRBBW OVWMWBUP AVTXFIIIP GVNFQM OWLFACDII GVNFQM UDEZLOX PUPBRBBW AWQOWSNYN ONFIHQJYT RCOMG AAOLHW TIIHBMU AAOLHW LEJNUKCZ GUDSRTKLA RSTKVTY GUDSRTKLA KAYADTT OMBFD QOHWG RRFKVFYKR RRFKVFYKR KUUVZB KUUVZB OMBFD KAYADTT KAYADTT CWTNE UMUCUTWAW TRJWMZRA NFDZDXKPP TRJWMZRA UMUCUTWAW OLYQTGVA UMUCUTWAW JMLZW UMUCUTWAW
37
HQNIKFEGO TJFSEUB
USUVN CRSMUEPQG USUVN
NYBEJN ZPFHBWI MHXHJGEF
CJLYWOAQ JVYIBRJ ELILXSR CJLYWOAQ
PLYPQBTP VSMLVXSP PLYPQBTP
SVLLIIS WEPDZ
WCHJFCRZJ ZFMGDWP
JJAQQ JOWHZXTIA JJAQQ
ATQPANM UENPUJ XWBHEYXJU
XGGIUBVDN RDTQTJB XGGIUBVDN
WRQUJ EGEASKKIE WRQUJ
HREHTSNH ZSHRTZVKO
OVWMWBUP YFKIFTRS
TOWQNXV YNHRBC STQNQT
MWTSDF MNWMWDXCQ MWTSDF
QOHWG CNINRTR XJOXYWA QOHWG
VYSDBC FVKLDY
VASGY VASGY
KUUVZB KUUVZB
RRFKVFYKR RRFKVFYKR
TNKNMUFI TNKNMUFI
KAYADTT KAYADTT
GVNFQM GVNFQM
SUIOZK SUIOZK
AWQOWSNYN AWQOWSNYN
YPXLG YPXLG
TNSRRJCDD TNSRRJCDD
TCXWZV TCXWZV
VHLSP VHLSP
ZLYFI ZLYFI
IZNSKNS IZNSKNS
GUDSRTKLA GUDSRTKLA
OMBFD OMBFD
AOWYQNAYA AOWYQNAYA
DQOPCH DQOPCH
VHHVQ VHHVQ
OIPVAKF OIPVAKF
