USZWPSB HVERBTBS WYQMUDM QKULBZUR YFEZIO QINTC RZIWNJFXV WKIASJP TNHRK GSVJPWC ACYPAPBPW RUGMYM FPWIFBHR WJFHT ZGZQJZFA ZGZQJZFA WJFHT FPWIFBHR AOVKACB EMAAQWO GNMIBCL KFHZBOJXK KFHZBOJXK GNMIBCL EMAAQWO WEKQXMG PSCLAN PSCLAN WEKQXMG ACYPAPBPW GSVJPWC WKIASJP NJLNWKM EHQRYBZ RGLCPSJQE RGLCPSJQE EHQRYBZ NJLNWKM QINTC NXLMTIMTQ AERLK AERLK AERLK FJQMKJNWE YHITQ WEXBJV WEXBJV WEXBJV WEXBJV LJIWVABQS JOXQIX MSHZNEX MSHZNEX VLVZNIWT VLVZNIWT GKDIY DFFFG DFFFG UZGTEP UZGTEP EJXSCSGM ZNZOQPE ZNZOQPE ZNZOQPE EJXSCSGM UZGTEP AIGGLZT PTDJM PTDJM AIGGLZT JEGRK KYSSK CCTJZN NVPDYHJ NVPDYHJ CCTJZN KYSSK OIANIWMW TGPYEAP APIOYKU WVLTLUD YCGJNQA LNDUQDYSK BTMJSONW URZULNA URZULNA BTMJSONW QPHYDQYV QPHYDQYV YCGJNQA APIOYKU GWDJBFTV HWJUZVNH HWJUZVNH YOUZA JJQBPSV JJQBPSV YOUZA APIOYKU TGPYEAP TGPYEAP GEGFOSJ GEGFOSJ FBLXKVQA GLYDZ JIDZW KAUIIR RBNAR XENTNT VWNAJFRNG VWNAJFRNG VWNAJFRNG XENTNT RBNAR GLYDZ ENYRMHFE ENYRMHFE TQSCIQTX MBRDNYP SIJTRDMKR UDNWTRHT XQOMNCXDB JXLFSOAT GMRFZFR JBHQVBXP JBHQVBXP XQOMNCXDB HSAIPP RGSOR RGSOR HSAIPP SIJTRDMKR HNOOUELP HNOOUELP TQSCIQTX VTPZPDXM TOAKXEQ VTPZPDXM EFOWXJQKY EFOWXJQKY WYQMUDM HVERBTBS USZWPSB
62
TNHRK AHZYCQM
RUGMYM XHMMLM RUGMYM
AOVKACB RLWAP FZGDAQKRC EPJHOESBB AOVKACB
RZIWNJFXV VBAQD
NXLMTIMTQ ORCMU VWHRKOPZ
YHITQ MOXGRP GNXDBJSVR RVPJHZLQQ DIXXP
LJIWVABQS FCWRH YAETAC
JOXQIX RJDHJFNIN JOXQIX
FJQMKJNWE FZNKCK FJQMKJNWE
GKDIY JVWIZDBS YKOGGTNN BHAMV VVSNO
NIVCBBO BCHOPGEE JQHORKB ZKGYGD HSJUMJH NIVCBBO
JEGRK FPWMJC AXCWU JEGRK
LNDUQDYSK CWLLCM NHNDWOH LNDUQDYSK
WVLTLUD NCPEGX OVKLH
GWDJBFTV SICVXMLGL SIAFKK
OIANIWMW DKINCMT ILXWSRIC
KAUIIR HEFYBKPUF MYDTJZPES KAUIIR
JIDZW QMHLIXVD XSWDY
FBLXKVQA VFEEU
MBRDNYP ANHOTJN NBRZI NZJGYK LYRSZA
GMRFZFR ZEZKNGTK YVIRIDDRA UBODMUMJ
JXLFSOAT TTXGTNV JXLFSOAT
UDNWTRHT BLXWCB UDNWTRHT
LYRSZA APBFJMOOF LYRSZA
YFEZIO NTZSZ YFEZIO
QKULBZUR MRXNI MWXYLX
TOAKXEQ FLOTLYFG PJXURKPC OLUPAJLP RQWCFDHW TOAKXEQ
USZWPSB GALHVZ
EMAAQWO EMAAQWO
DFFFG DFFFG
EFOWXJQKY EFOWXJQKY
GEGFOSJ GEGFOSJ KRUSUHB
HSAIPP HSAIPP
MSHZNEX MSHZNEX
XENTNT XENTNT
EHQRYBZ EHQRYBZ
XQOMNCXDB XQOMNCXDB
YOUZA YOUZA
RBNAR RBNAR
TQSCIQTX TQSCIQTX
RGLCPSJQE RGLCPSJQE
CCTJZN CCTJZN WTQCHXQ
EJXSCSGM EJXSCSGM
HNOOUELP HNOOUELP APBFJMOOF
TGPYEAP TGPYEAP
VWNAJFRNG VWNAJFRNG
ZNZOQPE ZNZOQPE ZKGYGD HSJUMJH
APIOYKU APIOYKU
WTQCHXQ WTQCHXQ
HWJUZVNH HWJUZVNH
DIXXP DIXXP
AIGGLZT AIGGLZT
RGSOR RGSOR
KRUSUHB KRUSUHB
GLYDZ GLYDZ
ACYPAPBPW ACYPAPBPW
HVERBTBS HVERBTBS
XZUPVI XZUPVI
WEXBJV WEXBJV
UZGTEP BCHOPGEE NIVCBBO
WYQMUDM JQHORKB
SIJTRDMKR XZUPVI
