2 89 36 92 89 89 43 11 54 53 53 0 11 43 31 60 16 68 86 96 29 65 8 84 90 69 27 27 14 65 21 22 30 49 98 49 30 13 93 55 71 46 71 41 87 94 18 87 41 93 13 30 30 22 72 51 74 73 74 51 72 65 81 45 78 45 81 65 32 95 61 61 95 42 77 10 77 6 77 88 40 1 50 4 15 57 64 7 47 7 58 38 38 58 99 57 66 52 75 66 20 66 57 33 57 15 28 3 28 65 96 16 60 31 39 31 2
32
36 91 36
2 34 70
54 63
8 23 48 8
90 83
69 62 26
55 9
94 44 94
21 5 21
32 76 19 32
42 80
88 37 56 88
64 97 82 64
52 12 52
4 24 4
29 59 29
68 25 17
49 49
71 71
72 72
77 77
30 30
95 95
61 61
79 79
11 11
57 57
67 67
15 15
13 13
31 31
93 93
