73 86 32 151 32 121 32 12 74 12 15 43 166 130 197 186 47 158 187 30 187 197 199 197 76 76 58 110 137 137 110 52 156 150 175 175 114 93 182 132 182 93 139 98 70 29 70 98 139 20 139 93 114 97 143 191 87 160 87 75 59 59 75 143 97 0 147 183 108 183 147 97 8 26 163 48 188 159 165 173 103 23 159 157 95 33 11 172 45 172 11 94 3 3 131 62 112 140 112 62 131 148 159 188 48 163 28 22 177 106 78 170 193 78 106 177 46 80 6 60 198 55 180 123 176 118 37 67 179 67 162 67 164 1 1 99 54 99 1 164 134 36 134 118 142 118 18 118 176 123 180 168 17 38 79 57 129 174 146 68 68 153 184 31 184 153 68 68 181 141 129 57 79 38 102 13 65 65 38 51 38 104 38 34 38 17 168 14 80 116 80 177 22 28 166 88 27 90 53 111 56 111 91 5 91 111 53 27 117 24 25 24 117 27 88 166 100 89 69 152 149 144 149 126 149 152 69 89 145 128 161 161 128 145 166 85 105 166 43 15 12 4 12 32 50 32 86 73
72
130 135 109
186 16 136 155 186
47 63 81 47
113 194
58 42 58
52 39 52
156 190
150 83
191 41 124 191
0 61 0
173 196 173
165 35
33 127 49
95 192 19 95
157 66
26 115 26
170 10
46 195 77
162 133 185 125 162
37 189 37
174 167
146 101 119 169
102 122
55 72 55
60 92 60
6 44 6
90 107
126 171 21
100 2
85 154
11 11
163 163
145 145
27 27
99 99
166 166
82 82
12 12
110 110
112 112
96 96
153 153
129 129
62 62
187 187
57 57
176 176
168 168
184 184
128 128
183 183
75 75
175 175
15 15
89 89
138 138
76 76
143 143
98 98
71 71
159 159
24 24
161 161
197 197
7 7
123 123
40 40
48 48
68 68
118 118
70 70
53 53
