0 1 3 76 42 40 41 45 50 45 41 48 41 59 41 62 41 69 100 80 81 83 86 83 93 83 104 83 107 83 96 97 98 99 105 106 114 119 82 102 111 112 87 145 121 123 124 123 136 123 137 123 139 123 142 123 158 123 121 126 120 125 122 135 125 127 155 127 128 130 131 132 134 140 144 148 149 150 154 126 121 129 175 160 165 161 163 161 171 161 176 161 185 161 188 161 189 161 165 162 167 178 167 162 179 162 182 162 186 162 194 162 196 162 197 162 199 162 165 166 168 169 170 172 173 174 177 180 181 183 184 187 190 191 193 195 175 129 121 133 121 151 121 152 121 153 121 156 121 157 121 159 121 145 87 113 87 88 85 88 90 94 95 108 110 116 118 100 69 41 73 41 77 41 43 64 43 47 51 52 54 55 56 61 63 65 71 72 74 78 79 44 46 49 53 57 67 68 75 76 3 2 9 28 36 3 13 3 5 8 5 33 5 7 17 22 27 35 37 38 39 4 18 4 6 10 11 12 15 16 20 21 24 25 26 29 30 31 32 34 0
18
81 91 92 103 109 117
82 89 101
80 84 115
122 146 147
120 138 141 143 120
160 198 192
40 58 66 70
42 60
2 14
1 23
0 19
127 127
162 162
87 87
100 100
126 126
3 3
5 5
