132 130 179 173 185 26 27 28 29 30 31 32 31 30 29 28 27 25 24 23 22 21 20 19 18 17 161 146 186 174 189 157 199 188 149 149 188 199 157 141 145 196 158 168 181 190 169 192 134 162 187 162 134 192 169 190 181 168 158 196 147 194 170 198 172 151 165 156 143 133 164 167 167 183 163 191 150 144 150 191 200 183 167 164 133 143 159 159 165 151 193 193 135 178 16 15 14 13 12 11 10 9 8 7 6 5 4 3 2 1 34 36 42 40 38 44 50 46 48 54 52 56 60 62 64 66 58 64 62 60 68 70 76 160 182 182 160 76 78 74 72 80 84 84 80 72 74 78 68 60 56 52 54 48 46 50 44 38 40 42 36 34 1 37 33 35 39 41 49 53 45 43 47 51 57 61 59 65 67 69 67 73 81 75 71 75 77 79 83 79 77 75 81 73 67 65 59 61 63 61 57 51 47 43 45 53 55 53 49 41 39 35 33 37 1 2 3 4 5 6 7 8 9 10 12 14 15 16 135 193 151 172 198 170 194 147 196 145 141 175 154 184 139 153 140 85 87 89 99 97 95 91 93 91 95 97 101 105 103 107 111 117 115 121 123 119 125 195 129 195 125 123 127 131 127 123 121 115 117 107 103 105 101 97 99 89 87 85 140 139 184 154 175 141 174 174 186 146 161 18 19 20 21 22 23 24 25 185 173 179 130 132 128 126 124 116 120 122 118 112 114 110 108 106 100 98 92 96 94 88 86 86 88 94 96 92 98 102 102 106 108 110 114 112 118 122 120 116 124 128 132
89
189 136 189
163 171
156 152 156
178 197 148
66 142 66
70 166 82
11 177
13 180 13
111 109
119 113
153 155
17 138 17
26 137 26
100 90 104 100
126 176 126
60 60
64 64
195 195
46 46
80 80
162 162
96 96
3 3
122 122
184 184
47 47
68 68
45 45
86 86
154 154
196 196
25 25
72 72
159 159
38 38
28 28
44 44
33 33
161 161
95 95
78 78
188 188
8 8
102 102
61 61
9 9
98 98
160 160
133 133
106 106
81 81
193 193
85 85
39 39
5 5
146 146
35 35
6 6
135 135
40 40
31 31
101 101
36 36
194 194
88 88
87 87
167 167
118 118
27 27
56 56
181 181
97 97
173 173
198 198
183 183
77 77
192 192
76 76
91 91
105 105
75 75
182 182
185 185
41 41
92 92
2 2
108 108
62 62
149 149
