97 71 73 91 74 91 68 83 93 90 93 83 80 72 85 95 78 89 89 84 94 98 94 84 89 78 95 82 77 9 10 11 12 13 14 15 15 14 13 69 66 58 64 62 60 56 52 54 46 48 50 48 44 88 92 44 48 46 54 52 56 60 62 64 58 66 69 11 10 9 77 82 72 80 83 68 91 73 67 8 7 6 5 4 3 2 1 17 19 21 23 25 29 27 29 33 31 35 37 39 37 41 86 81 100 79 96 76 96 43 43 47 49 51 53 57 61 63 59 55 59 61 57 53 51 49 47 43 96 79 100 81 86 41 37 35 31 33 29 25 23 21 19 17 1 20 18 24 22 30 26 28 32 34 38 34 36 40 42 40 36 34 32 28 26 30 22 24 18 20 1 2 3 4 5 6 6 7 70 67 73 71 97
46
85 75
12 16
88 99 88
63 45 65 63
8 87 8
95 95
52 52
96 96
84 84
71 71
36 36
13 13
44 44
28 28
14 14
53 53
68 68
10 10
51 51
94 94
40 40
33 33
61 61
6 6
21 21
35 35
23 23
15 15
7 7
62 62
79 79
58 58
24 24
5 5
86 86
60 60
47 47
67 67
20 20
100 100
30 30
19 19
54 54
48 48
56 56
49 49
