Building99 Building98 Building19 Building22 Building20 Building15 Building18 Building16 Building17 Building16 Building18 Building15 Building12 Building11 Building13 Building11 Building14 Building11 Building12 Building10 Building9 Building4 Building5 Building2 Building1 Building6 Building28 Building27 Building28 Building23 Building78 Building80 Building80 Building78 Building32 Building38 Building29 Building31 Building30 Building31 Building37 Building34 Building36 Building35 Building36 Building37 Building42 Building40 Building42 Building37 Building31 Building38 Building32 Building28 Building6 Building4 Building9 Building3 Building9 Building10 Building12 Building22 Building92 Building96 Building94 Building89 Building93 Building97 Building87 Building95 Building87 Building97 Building93 Building85 Building45 Building55 Building74 Building60 Building57 Building57 Building46 Building58 Building46 Building74 Building62 Building71 Building53 Building67 Building63 Building61 Building51 Building50 Building48 Building50 Building51 Building70 Building51 Building63 Building67 Building53 Building71 Building44 Building64 Building65 Building64 Building44 Building71 Building62 Building56 Building62 Building54 Building62 Building74 Building55 Building45 Building69 Building75 Building69 Building45 Building47 Building73 Building47 Building49 Building66 Building72 Building66 Building49 Building47 Building45 Building85 Building92 Building84 Building92 Building22 Building19 Building98 Building99
41
Building20 Building21 Building20
Building5 Building0 Building7 Building5
Building23 Building25 Building81 Building76 Building23
Building34 Building41
Building29 Building33
Building96 Building82 Building96
Building89 Building88
Building60 Building68
Building61 Building52 Building61
Building94 Building83 Building94
Building62 Building62
Building67 Building67
Building47 Building47
Building55 Building55
Building26 Building26
Building97 Building97
Building66 Building66
Building9 Building9
Building6 Building6
Building42 Building42
Building12 Building12
Building39 Building39
Building74 Building74
Building43 Building43
Building50 Building50
Building91 Building91
Building18 Building18
Building8 Building8
Building28 Building28
Building69 Building69
Building51 Building51
Building53 Building53
Building63 Building63
Building92 Building92
Building49 Building49
Building16 Building16
Building93 Building93
Building44 Building44
Building85 Building85
Building71 Building71
Building57 Building57
