Building30 Building38 Building48 Building32 Building45 Building28 Building34 Building33 Building34 Building41 Building40 Building41 Building43 Building42 Building36 Building44 Building36 Building42 Building32 Building48 Building9 Building7 Building8 Building18 Building12 Building19 Building13 Building19 Building12 Building16 Building15 Building12 Building18 Building8 Building7 Building9 Building11 Building10 Building4 Building1 Building2 Building0 Building3 Building5 Building5 Building20 Building20 Building2 Building25 Building24 Building27 Building26 Building27 Building24 Building25 Building2 Building1 Building4 Building9 Building30 Building46 Building30
18
Building28 Building47 Building31 Building39 Building28
Building45 Building35
Building38 Building29 Building38
Building16 Building17
Building11 Building14 Building11
Building0 Building6 Building21 Building0
Building34 Building34
Building41 Building41
Building2 Building2
Building25 Building25
Building37 Building37
Building7 Building7
Building36 Building36
Building27 Building27
Building23 Building23
Building4 Building4
Building42 Building42
Building19 Building19
