140 153 164 41 180 16 157 67 13 13 67 72 76 125 99 82 82 99 125 76 72 16 33 161 186 148 144 151 29 168 69 149 26 26 69 168 151 25 34 61 177 174 70 160 158 105 56 105 160 70 174 61 34 59 62 137 197 197 137 59 186 161 47 162 172 49 194 181 81 127 45 5 11 53 53 5 45 127 81 181 194 103 182 91 91 182 73 155 155 73 164 153 140
73
41 101 41 176
184 85
157 102 65 89
107 159
148 170 55 193 18 77
149 51 130 7 179 185 128
29 44 29
144 154
25 132 96 25
177 115 177 32
56 27 166 104 56 159 8 150
158 95 158
62 178 173 39 9 62 112 167
134 42 84 134
33 94 139 190
196 193 196
49 10 117 49 196
11 21 169 11 19
172 79 80
103 4 114 103
133 40 133
162 36
47 14 47
123 142 108 176 123
147 35
180 6 85 84 142 83 22 57
140 135
76 76
179 179
18 18
93 93
50 50
125 125
197 197 93 97
19 19
32 32
8 8
83 83
185 185
59 59
112 112
80 80
160 160
175 175
127 127
150 150
13 13
73 73
22 22
45 45
53 53
12 12
82 82
128 128
167 167
186 186 108 146
168 168
97 97
57 57
61 61
77 77
190 190
153 153
151 151
146 146
5 5
182 182
34 42 40 175 134
155 35
16 50
137 12
81 133
164 123
