92 5 34 2 13 4 13 40 13 2 91 60 43 73 12 39 12 51 21 9 96 9 51 12 73 15 73 66 38 30 50 22 75 22 11 8 11 22 50 36 29 36 88 7 49 63 80 63 31 63 49 55 35 81 89 48 89 17 83 17 71 49 7 3 93 59 56 59 93 57 62 98 2 34 67 82 69 82 67 68 0 76 6 0 68 53 68 67 34 58 46 25 79 58 34 94 16 78 84 94 34 5 97 47 52 42 27 52 97 5 92
37
21 37 21
43 20
29 10 87 29
60 24
35 32 35
55 18 55
91 23 54
3 33 3
57 44 57
76 65 95
46 14 46
16 1 16
78 19 78
42 86
47 61 47
92 72
63 63
13 13
2 2
73 73
12 12
93 93
11 11
50 50
5 5
94 94
85 85
97 97
45 45
90 90
0 0
74 74
70 70
64 64
17 17
59 59
68 68
