a0 a21 a29 a6 a27 a49 a77 a2 a43 a3 a41 a8 a85 a32 a71 a85 a43 a2 a30 a89 a75 a16 a92 a22 a7 a28 a9 a28 a92 a16 a75 a89 a89 a2 a77 a49 a27 a29 a21 a0
30
a0 a65 a97 a99 a17
a3 a56 a50
a8 a73 a8 a78
a32 a88 a79
a71 a82 a46 a71
a41 a90 a83
a22 a37
a11 a74 a47 a11
a7 a86 a81 a39 a74 a11 a59
a94 a12 a98 a94
a1 a87
a9 a80 a93 a48 a9 a12 a87 a51 a23 a53 a18 a94
a30 a44 a33 a47
a6 a55 a52 a60 a42
a43 a43
a51 a51
a17 a17
a21 a21
a23 a23
a53 a53
a75 a75
a83 a83
a18 a18
a28 a28
a2 a2 a98
a25 a25
a77 a77
a78 a78
a59 a59
a85 a25
