TA0 TA1 TA2 TA3 TA4 TA5 TA9 TA35 TA77 TA78 TA88 TA88 TA78 TA77 TA35 TA4 TA3 TA2 TA1 TA16 TA17 TA19 TA20 TA21 TA22 TA23 TA22 TA21 TA26 TA27 TA26 TA21 TA20 TA20 TA19 TA17 TA48 TA0
33
TA9 TA89 TA64 TA9 TA61 TA8 TA62 TA63
TA7 TA49 TA92 TA90 TA7
TA5 TA73 TA7 TA6
TA0 TA54 TA36 TA99 TA58 TA59 TA10
TA12 TA71 TA76 TA12
TA23 TA24 TA42 TA23 TA85
TA31 TA58 TA61
TA27 TA28 TA56 TA81 TA27
TA16 TA46 TA25 TA40 TA38 TA39 TA12
TA48 TA84 TA94 TA48 TA49 TA47 TA50
TA47 TA86 TA47
TA10 TA85 TA59 TA10
TA38 TA38
TA19 TA19
TA39 TA39
TA80 TA80
TA32 TA32
TA18 TA18
TA26 TA26
TA50 TA50
TA33 TA33
TA8 TA8
TA21 TA21
TA62 TA62
TA63 TA63
TA1 TA1
TA6 TA6
TA35 TA35 TA71
TA77 TA92 TA76
TA88 TA90 TA86
TA78 TA80
TA22 TA32 TA33
TA17 TA18
