AAA AAB AAA ABA ACA ADA BAA BAB BAA BBA BCA BDA CAA CAB CAA CBA CCA CDA DAA DAB DAA DBA DCA DDA EAA EAB EAA EBA ECA EDA FAA FAB FAA FBA FCA FDA GAA GAB GAA GBA GCA GDA HAA HAB HAA HBA HCA HDA IAA IAB IAA IBA ICA IDA JAA JAB JAA JBA JCA JDA KAA KAB KAA KBA KCA KDA LAA LAB LAA KDA KCA KBA KAA JDA JCA JBA JAA IDA ICA IBA IAA HDA HCA HBA HAA GDA GCA GBA GAA FDA FCA FBA FAA EDA ECA EBA EAA DDA DCA DBA DAA CDA CCA CBA CAA BDA BCA BBA BAA ADA ACA ABA AAA
82
AAC ADD
AAB ABC ACB AAD ABB
BAC BDD
BAB BBC BCB BAD BBB
CAC CDD
CAB CBC CCB CAD CBB
DAC DDD
DAB DBC DCB DAD DBB
EAC EDD
EAB EBC ECB EAD EBB
FAC FDD
FAB FBC FCB FAD FBB
GAC GDD
GAB GBC GCB GAD GBB
HAC HDD
HAB HBC HCB HAD HBB
IAC IDD
IAB IBC ICB IAD IBB
JAC JDD
JAB JBC JCB JAD JBB
KAC KDD
KAB KBC KCB KAD KBB
LAC LDD
LAB LBC LCB LDD LAD LBB LCD
AAD AAD
ABB ABB
ACD ACD
BAD BAD
BBB BBB
BCD BCD
CAD CAD
CBB CBB
CCD CCD
DAD DAD
DBB DBB
DCD DCD
EAD EAD
EBB EBB
ECD ECD
FAD FAD
FBB FBB
FCD FCD
GAD GAD
GBB GBB
GCD GCD
HAD HAD
HBB HBB
HCD HCD
IAD IAD
IBB IBB
ICD ICD
JAD JAD
JBB JBB
JCD JCD
KAD KAD
KBB KBB
KCD KCD
LAD LAD
LBB LBB
LCD LCD
ADA ADD
BDA BDD
CDA CDD
DDA DDD
EDA EDD
FDA FDD
GDA GDD
HDA HDD
IDA IDD
JDA JDD
KDA KDD
ACA ACD
BCA BCD
CCA CCD
DCA DCD
ECA ECD
FCA FCD
GCA GCD
HCA HCD
ICA ICD
JCA JCD
KCA KCD
