Milton Thessalon Stawell Swansboro Chancay Colombo Joliet Esik Bifoum Esik Joliet Maidstone Martin Bam Suez Abadan Suez Germantown Fate Germantown Suez Bam Helotes Nashville Saraland Nashville Berkley Shamva Shamva Berkley Bam Martin Maidstone Huron Maidstone Joliet Shu Kimba Magdeburg Kimba Ihosy Ushtobe Ancud Ushtobe Ihosy Kimba Shu Toktogul Serpukhov Carpinteria Serpukhov Wallington Pyongyang Wallington Aripuana Wallington Cochrane San Skovorodino Lochbuie Chengde Heidelberg Lochbuie Skovorodino San Cochrane Wallington Serpukhov Abaza Brikama Abaza Serpukhov Toktogul Shu Kerma Skiatook Georgetown Georgetown Skiatook Moanda Plainfield Salsk Tumen Salsk Blida Waldwick Blida Salsk Opelousas Westmont Nasir Opelousas Yambol Dalby Multan Brigantine Dalby Pakalongan Socorro Zwedru Socorro Pakalongan Dalby Yambol Yambol Moanda Shu Joliet Colombo Rotorua Colombo Thulusdhoo Colombo Chancay Brooklyn Lodja Lublin Lodja Brooklyn Chancay Cooma Marsaskala Sofia Obihiro Misratah Thames Misratah Obihiro Kamnik Obihiro Vinita Gaborone Marsaskala Kirsanov Marsaskala Cooma Plast Ankaran Eydhafushi Huatabampo Stockport Huatabampo Eydhafushi Atyrau Mangalore Atyrau Eydhafushi Ankaran Plast Dhule Plast Cooma Managua Makinsk Carnikava Carnikava Rumuruti Nguigmi Scottsdale Piran Karur Tula Tula Karur Lukulu Sari Jeonju Koboko Esperance Hengshui Kardzhali Heath Shostka Kardzhali Hengshui Esperance Koboko Ninde Koboko Saurimo Koboko Crawfordsville Moorhead Aylesbury Progress Jacmel Progress Busan Isparta Busan Tabriz Tabriz Tabriz Moorhead Winona Nusaybin Nusaybin Winona Tajarhi Sylvester Koboko Jambi Krasnoufimsk Koboko Jeonju Samux Relizane Bangassou Somers Jeonju Magway Worthington Magway Jeonju Sari Lukulu Scottsdale Thinadhoo Scottsdale Nguigmi Nguigmi Kitamilo Vyska Kitamilo Nguigmi Luga Riverdale Nguigmi Rumuruti Managua Cooma Chancay Swansboro Bonao Zvezdnyy Iturama Campana Grovetown Ashtabula Trang Hesperia Ashtabula Sola Ashtabula Grovetown Poltava Iturama Zvezdnyy Mold Lucena Clawson Pleasantville Totness Galesburg Zumpango Zumpango Pleasantville Clawson Lucena Mold Swansboro Stawell Boosaaso Yevlax Littlestown Speedway Littlestown Swissvale Littlestown Cranbrook Palmyra Cranbrook Littlestown Yevlax Saratov Monee Saratov Yevlax Tallaght Winnsboro Keene Mauldin Mauldin Mauldin Keene Balyqshy Bridgeville Balyqshy Tallaght Yevlax Boosaaso Stawell Morawa Stawell Thessalon Barabinsk Siquijor Guaranda Kanal Guaranda Siquijor Kigali Siquijor Barabinsk Thessalon Kiruna Kiruna Shuangyashan Milton
77
Helotes Pasadena Madrid Helotes
Chengde Chicopee Burylbaytal
Kerma Aizawl Kerma
Westmont Jerusalem
Multan Chicago Multan
Plainfield Arras Plainfield
Sofia Zicheng Sofia
Vinita Elburn Morondava
Makinsk Agago Makinsk
Piran Tunapuna Piran
Heath Kirovohrad Heath
Aylesbury Dunhuang Tabuk
Crawfordsville Quime Crawfordsville
Tajarhi Zadar
Jambi Jizan Jambi
Samux Cairo Samux
Luga Ipatinga Kasaali Luga
Bonao Barddhaman Bonao
Campana Devine Campana
Trang Hayden Trang
Totness Kanoya Totness
Winnsboro Esmeraldas Kelang
Milton Harahan
Wallington Wallington
Lodja Lodja
Skiatook Skiatook
Martin Martin
Winona Winona
Esik Esik
Littlestown Littlestown
Marsaskala Marsaskala
Moorhead Moorhead
Cooma Cooma
Siquijor Siquijor
Nguigmi Nguigmi
Barabinsk Barabinsk
Sari Sari
Nusaybin Nusaybin
Salsk Salsk
Boosaaso Boosaaso
Rumuruti Rumuruti
Managua Managua
Hengshui Hengshui
Cochrane Cochrane
Toktogul Toktogul
Ashtabula Ashtabula
Zvezdnyy Zvezdnyy
Ihosy Ihosy
Shu Shu
Chancay Chancay
Jeonju Jeonju
Kiruna Kiruna
Yevlax Yevlax
Karur Karur
Tallaght Tallaght
Keene Keene
Tabriz Tabriz
Clawson Clawson
Koboko Koboko
Joliet Joliet
Berkley Berkley
Zumpango Zumpango
San San
Eydhafushi Eydhafushi
Kimba Kimba
Kitamilo Kitamilo
Shamva Shamva
Scottsdale Scottsdale
Socorro Socorro
Carnikava Carnikava
Moanda Moanda
Mauldin Mauldin
Bam Bam
Pleasantville Pleasantville
Plast Plast
Pakalongan Pakalongan
Dalby Dalby
