Wrightsville Irvington Novorossiysk Irvington Morden Irvington Wrightsville Massena Maywood Vidalia Gombe Gombe Vidalia Brownsweg Orsha Francistown Orsha Brownsweg Kaduna Bayonne Changde Ljutomer Ayacucho Progress Vannersborg Polevskoy Vannersborg Ayacucho Rivas Amiens Rivas Ayacucho Ljutomer Changde Bayonne Necochea Leeuwarden Leeuwarden Necochea Rauna Golubac Coihaique Taganrog Coihaique Temirtau Olinda Metz Gemena Gemena Metz Coihaique Golubac Pljevlja Yei Niyala Yei Pljevlja Manta Gyumri Zanzibar Manjimup Manjimup Omagh Gyumri Manta Pljevlja Elburn Seward Massawa Massena Wrightsville Zhongli Wrightsville
20
Maywood Praya Maywood
Progress Asti Progress
Kaduna Mzimba
Temirtau Sayhut Temirtau
Zanzibar Hsinchu Zanzibar
Rauna Palopo Rauna
Coihaique Coihaique
Pljevlja Pljevlja
Metz Metz
Gevgelija Gevgelija
Ayacucho Ayacucho
Golubac Golubac
Ljutomer Ljutomer
Necochea Necochea
Irvington Irvington
Leeuwarden Leeuwarden
Rivas Rivas
Bayonne Bayonne
Changde Changde
Gemena Gemena
