Gastre Triesen Kyrenia Uppsala Pazardzhik Woodlake Woodlake Pazardzhik Uppsala Dongola Visby Visby Branson Branson Branson Visby Triesen Juliaca Scottsdale Tukchi Hope Forteau Aasiaat Aasiaat Sambava Sambava Coatzacoalcos Polevskoy Palu Charlestown Mbandaka Mbandaka Palu Palu Polevskoy Coatzacoalcos Hope Tukchi Tukchi Scottsdale Paramount Coronel Bell Pingtung Pingtung Bell Coronel Taungoo Winters Winters Taungoo Malolos Neryungri Neryungri Malolos Linxia Linxia Liuzhou Caen Benha Scranton Sholapur Sholapur Sholapur Sholapur Scranton Benha Caen Liuzhou Cocieri Smithfield Smithfield Cocieri Triesen Triesen Gastre
30
Kyrenia Maidenhead Punakha Kyrenia
Dongola Luganville Channahon Baicheng Dongola
Forteau Absecon Chepes Allahabad Forteau
Charlestown Gwadar Narva Charlestown
Juliaca Bovec Bosilovo Juliaca
Polatsk Leo Kalgoorlie Bungoma Polatsk
Paramount Cumming Clay Woodinville Kindu Derby Daloa Polatsk
Gastre Destrnik
Malolos Malolos
Triesen Triesen
Scranton Scranton
Scottsdale Scottsdale
Cocieri Cocieri
Visby Visby
Coronel Coronel
Benha Benha
Caen Caen
Branson Branson
Coatzacoalcos Coatzacoalcos
Tukchi Tukchi
Taungoo Taungoo
Bell Bell
Polevskoy Polevskoy
Winters Winters Kalgoorlie
Aasiaat Aasiaat
Sambava Sambava
Pingtung Pingtung Leo
Neryungri Neryungri Bungoma
Sholapur Sholapur
Hope Hope
