Soda Location25 Location46 Location47 Location52 Location14 Location50 Location90 Location1 Location24 Location78 Location24 Location95 Location24 Location1 Location18 Location10 Location33 Location10 Location68 Location43 Location73 Location43 Location68 Location10 Location91 Location10 Location18 Location1 Location48 Location1 Location51 Location1 Location86 Location1 Location90 Location6 Location15 Location6 Location22 Location20 Location49 Location22 Location6 Location54 Location3 Location12 Location32 Location64 Location67 Location4 Location42 Location37 Location60 Location37 Location71 Location37 Location42 Location4 Location67 Location88 Location3 Location30 Location3 Location63 Location3 Location54 Location6 Location90 Location52 Location53 Location7 Location11 Location5 Location62 Location5 Location65 Location5 Location11 Location40 Location13 Location89 Location11 Location75 Location11 Location80 Location23 Location92 Location23 Location80 Location11 Location7 Location44 Location19 Location55 Location44 Location83 Location44 Location7 Location94 Location29 Location61 Location85 Location61 Location94 Location7 Location53 Location59 Location27 Location84 Location27 Location59 Location81 Location96 Location8 Location17 Location56 Location69 Location56 Location17 Location96 Soda
31
Location46 Location0 Location46
Location14 Location41 Location38
Location20 Location31 Location20
Location32 Location66 Location32
Location12 Location28 Location12
Location13 Location82 Location35 Location79
Location40 Location93
Location19 Location74
Location29 Location77 Location29
Location45 Location9 Location45
Location8 Location39
Soda Location76
Location5 Location5
Location80 Location80
Location10 Location10
Location56 Location56
Location2 Location2
Location70 Location70
Location1 Location1
Location58 Location58
Location94 Location94
Location3 Location3
Location72 Location72
Location17 Location17
Location57 Location57
Location44 Location44
Location23 Location23
Location16 Location16
Location42 Location42
Location26 Location26
Location7 Location7
