Soda Location15 Location18 Location160 Location4 Location30 Location42 Location61 Location67 Location128 Location136 Location128 Location67 Location61 Location42 Location153 Location42 Location105 Location72 Location85 Location72 Location105 Location141 Location23 Location91 Location141 Location4 Location107 Location4 Location160 Location18 Location185 Location18 Location18 Location15 Location20 Location37 Location130 Location69 Location130 Location37 Location167 Location37 Location20 Location113 Location1 Location58 Location63 Location148 Location63 Location156 Location165 Location113 Location20 Location150 Location20 Location15 Location159 Location13 Location49 Location2 Location75 Location7 Location48 Location16 Location6 Location6 Location180 Location32 Location111 Location180 Location6 Location106 Location110 Location106 Location6 Location16 Location73 Location140 Location73 Location16 Location48 Location81 Location71 Location48 Location7 Location2 Location112 Location183 Location2 Location174 Location54 Location170 Location54 Location174 Location2 Location49 Location175 Location157 Location175 Location49 Location179 Location14 Location145 Location0 Location27 Location19 Location25 Location171 Location25 Location68 Location76 Location79 Location166 Location21 Location64 Location83 Location138 Location83 Location64 Location124 Location64 Location139 Location64 Location155 Location64 Location21 Location95 Location122 Location43 Location151 Location28 Location51 Location28 Location96 Location66 Location93 Location161 Location28 Location97 Location28 Location151 Location43 Location122 Location145 Location36 Location44 Location36 Location145 Location191 Location11 Location10 Location77 Location78 Location77 Location10 Location108 Location10 Location74 Location26 Location117 Location121 Location40 Location59 Location5 Location86 Location5 Location59 Location121 Location52 Location94 Location52 Location144 Location65 Location84 Location144 Location52 Location121 Location186 Location80 Location98 Location80 Location89 Location39 Location47 Location55 Location100 Location152 Location92 Location169 Location89 Location191 Location179 Location187 Location35 Location178 Location187 Location188 Location33 Location143 Location17 Location17 Location135 Location9 Location158 Location137 Location158 Location9 Location135 Location17 Location17 Location143 Location33 Location188 Location159 Location24 Location31 Location177 Location31 Location114 Location159 Soda
66
Location30 Location34 Location30
Location23 Location70 Location149
Location58 Location154
Location1 Location132 Location1
Soda Location3
Location32 Location134 Location60 Location116 Location32
Location81 Location88
Location75 Location184 Location75
Location112 Location102 Location123 Location112
Location14 Location181
Location68 Location142
Location19 Location56 Location115 Location163 Location164 Location19
Location27 Location127 Location168 Location27
Location93 Location104
Location66 Location118
Location96 Location90 Location101
Location0 Location131 Location190 Location0
Location26 Location46
Location40 Location162 Location40
Location65 Location147
Location74 Location87 Location74
Location55 Location173
Location39 Location119 Location39
Location11 Location125 Location11
Location35 Location182
Location13 Location129 Location172
Location24 Location8
Location145 Location145
Location50 Location50
Location128 Location128
Location62 Location62
Location12 Location12
Location179 Location179
Location135 Location135
Location10 Location10
Location28 Location28
Location25 Location25
Location180 Location180
Location9 Location9
Location189 Location189
Location89 Location89
Location48 Location48
Location33 Location33
Location191 Location191
Location120 Location120
Location42 Location42
Location158 Location158
Location43 Location43
Location57 Location57
Location38 Location38
Location187 Location187
Location36 Location36
Location41 Location41
Location49 Location49
Location188 Location188
Location72 Location72
Location105 Location105
Location143 Location143
Location16 Location16
Location176 Location176
Location113 Location113
Location29 Location29
Location64 Location64
Location151 Location151
Location99 Location99
Location144 Location144
