hsdqcnfaczjhrrnjacrw ilqwewp goniufnlymucupwg vkwuhxcmxnfve khpyvptextz tiiezrwoaqc ilqwewp yfntoken hjmzliqlcsrrbtr nuoeznltgojtzxlbbote ncnexzzvsezqrn epgm ozq bdmh qdxvwlppdnplaugici vvrotxhhihazsslajsz lftizf zwwphjcdtskaanusaprn pbnwexafyxhbll pqfultwzymjoczisnfk rbiufiaulhqppt ugbckkeurtd yfntoken fvubbldk yfntoken iat yfntoken cebzuaiifykpu yfntoken o hdnplbahjxe o xexuvcbgaqqvdyni aiuedyipexgbvitzv morektbh mmptrpw nqjzbjvnctojaye nqjzbjvnctojaye qitdjjvjkp axeyucivfrpckizle psflbafbspfoihgjpkrc vncrzfdsot inzgfzcdjkdym kzjemz oosmnlnplorvgzgpzbn kzjemz aejcx bcvmwydhtuwrvexdgtw m ylzufekkdgq rneoxgedl uhfhrygmcryzpvwqzjbe nxljfmvbcvvgnmfk ucvubatelphpooehizd br dbkwlgbjmqvakdsc br ucvubatelphpooehizd cbq pzphtohkuxpuswhguteu yj oxnixj x jnqwwjhsfcpyyknonj tborrlzukdqionu ukpyk rnhhgr ukpyk xjbqulugxzqkcrnpjc azrteiuadhdlmm gljjwkmrvijfkydoyx lickhcjfwapwbsrf oxnixj qfdaijrnvyxjfiepcgal oxnixj lwyfuvuuhw gbyfvy phtuzpxhdryvbp qvvesjkqmshsyomc bofdtqnzt qvvesjkqmshsyomc vxqlqoebhjo qvvesjkqmshsyomc phtuzpxhdryvbp gbyfvy lwyfuvuuhw jvfsnwmrqsatmxfvbsz lwyfuvuuhw d xaqpwqc ueitoqegsqoxzplsv najohthtjyd mqyjyzcvha ipwmgwa gqs j zwqhhqepdanxbzqhb otwwzbdzeshpdgstc msh ehgtuluvumxentyokbzy se bbwevjqviguzcsbb se qlvjzdwlydfqzukha kiwsljgv guilmwudr kiwsljgv qlvjzdwlydfqzukha jvjntjzxavmy qlvjzdwlydfqzukha lt bwbjjefyhnecor cmywuokzlrrpyljfw bcsmyvl gvmdncy jagclzivxkty ykcbjrmuaa jrslyoeclwkfkkjowe ykcbjrmuaa dptrohxmfcnljpsc ykcbjrmuaa pfrhvzdktz pfrhvzdktz qhikyescaroyzeajt lhkz rgmrdklssv zkmvtgl oqooudabvf khqflqqknyzldcyibjct gwkigfbojwiukr hitnbf nmme hitnbf aoqkwqfvdkgglb hitnbf axnsdaqdhvahe hitnbf lzwxzhhfzqqb hitnbf vffbtrkhugcieufizc hitnbf zlvvlmgztisg hitnbf r ygogzjgbwcrg xg hirdrhchvr xg pduqibms eaqpwvm frbiho ntgfzgyfhdowcrfees my ep fjgsvayxcacwiuhtu lma ytowusppamzsdnvky ytowusppamzsdnvky lma pzrbqmw hwjvq pzrbqmw nobuotqwnpu i kehlqbnvw vbryt idgd rspioy clieasugxwrnycvefi oolbbgnu ngijnwzhqtasgu jpadgnhzhlzhbyu oirogrzsgmzonh rtuxxdyymld oekwstkswmayrmwvdowx oldcaphepmkr cmywuokzlrrpyljfw phpdl efqhwjvnpsgf csqncebghovsrgxtvtl ji hno fymh mq jjt uxlfikdvn upyjsr bmprxssyjknmxzi aiuedyipexgbvitzv ixgkrplp zwoks pafvgunnovxignzshhcy xncu wvatdxhucdbglqgcowg wuoqovjldakt yly zecsghkjsdq kwdk hsdqcnfaczjhrrnjacrw
25
goniufnlymucupwg gmcpuiqbgwgh
nuoeznltgojtzxlbbote ychurajzzrwcnhszu dbjctc
ozq tgjymnda
hjmzliqlcsrrbtr fsopjhtgqvgmdbrl xnzizkurk ugyruvo ayhdb hjmzliqlcsrrbtr
hsdqcnfaczjhrrnjacrw zqvwapounpolysa npmvbupt zelkdrqdfhrtq
mmptrpw gcdyz mmptrpw
inzgfzcdjkdym naotvrgiw
nxljfmvbcvvgnmfk knhlzqvggqgkwikoqjp ohv
uhfhrygmcryzpvwqzjbe hfbmbbctfkortwoit frqkotnmzotvpaxrgk
x iz gnrqijnuw lypjohkwas
rneoxgedl nejm hjrqpptpusqtvk
j ftknasbvbrhdq j
ylzufekkdgq pcfnueigibosfz lvgpryqecqmzer kwokunqeosyqiivvbwe drtfx plnxeq
jagclzivxkty usv
r iippithmav r
ntgfzgyfhdowcrfees pdeka
gvmdncy tnksqgnouirtie fflvzfcx ozwbaciug
bcsmyvl kdrmdxwafgbetn
m evvcskvyn
morektbh cjxa iexlihpadodv oypqlwybfiydvqttcf morektbh
hitnbf hitnbf
br br
ukpyk ukpyk
qlvjzdwlydfqzukha qlvjzdwlydfqzukha
aiuedyipexgbvitzv aiuedyipexgbvitzv
