xjbms hwhxr ttdxn fuume bicnj ocgbu ocgbu bicnj vxjkc ttdxn fxnnl npvgp wtpkb npvgp kymjg qkzwm itxfb hgzmo rlqrg usrtf rnrnh hrige rnrnh vlzjn czppi akegy xecik begrs impuz mrnvg bqgqy bqgqy brcet impuz jsibo xecik riwwe yvlpb mbzzn jrhzu mbzzn yvlpb riwwe xecik akegy yqwbd akegy umkyo umkyo vlzjn vlzjn vlzjn uvqrb xevqr uvqrb rlqrg yuayd yifeb hstmf zencz hstmf yifeb xvefe lfceh uzzfw bitkj uzzfw lfceh qifda lfceh svmzn nnnts xhmwj ddinl xhmwj nnnts bsuwt nrpoi xeikc upyzd xeikc nnnts dzfkr fxhek dzfkr nnnts svmzn lfceh xvefe yifeb ngcwb yifeb vsiti rlqrg uegez apwvq yjjhy mafkf yjjhy apwvq uegez rlqrg hgzmo bwgqu htabn rfxfz tykrt tykrt rfxfz tipgc bwgqu hgzmo itxfb qkzwm kymjg wxnxi dgrcv wxnxi kymjg npvgp fxnnl ttdxn hwhxr hnizb swhav ybgaf ydhop nwnsv otdam vaeqh omloa otdam otdam nwnsv ayxok nrtqp lyixz oovyk guhob oovyk orytw sfjej orytw oovyk nrtqp ayxok ybgaf vjfhc hnizb hwhxr amkzk hwhxr xjbms
38
fuume iddrb lpolv fuume
mrnvg yztko mrnvg
begrs fnhle
czppi bthif czppi
usrtf psudb wnlug usrtf
bsuwt kvvqk bsuwt
yuayd deoux
htabn kyaqs lkzxl
swhav llwzk
vaeqh qkysn vaeqh
ydhop ejwkt ydhop
lyixz beqlb lyixz
rnrnh rnrnh
akegy akegy
itxfb itxfb
bqgqy bqgqy
uzzfw uzzfw
impuz impuz
dzfkr dzfkr
fxnnl fxnnl
xeikc xeikc
xvefe xvefe
ybgaf ybgaf
bicnj bicnj
riwwe riwwe
uegez uegez
npvgp npvgp
ocgbu ocgbu
wxnxi wxnxi
hstmf hstmf
tykrt tykrt
nrtqp nrtqp
xecik xecik
nnnts nnnts
hwhxr hwhxr
bwgqu bwgqu
mbzzn mbzzn
lfceh lfceh
