lkplf xraqx qlvnf etpku ifonh oqbyz ifonh etpku etpku kvqtz xraqx lnndk rvjuv dprqf gszur gszur dprqf rvjuv cpbgl xraqx ixhcy vanpa uzfff vanpa pajep wfduo wkvjd cilwc wkvjd wfduo wfduo ehsam hupyp ehsam ccbcf pjplv ehsam sbpfg tnccf xzqku zdwhm xzqku tnccf sbpfg ehsam vanpa ixhcy xraqx midzw mnpsi midzw wqebu yvbjt oackv yvbjt dhjbs ofnly passj sgphu onzwv lfllu onzwv sgphu passj jzkkr aiglp aiglp passj ofnly dhjbs yvbjt aybls yvbjt midzw xraqx lkplf
18
lkplf xrkws
qlvnf ptkrs qlvnf
lnndk pxoew iszqq lnndk
pajep xhwzk pajep
ccbcf tjlhk ccbcf
jzkkr nqvqo vyluf jzkkr
wqebu ecolz
wkvjd wkvjd
tnccf tnccf
dhjbs dhjbs
onzwv onzwv
etpku etpku
xraqx xraqx
wfduo wfduo
vanpa vanpa
rvjuv rvjuv
ofnly ofnly
ifonh ifonh
