mqncr fhsjw demiz fhsjw qxsoe jkkgv kpxlz yhpwd urykd urykd pnmkd pnmkd kpxlz roimn mlqbj ngjyx jujev cakfa kamos wmdth dtvfs mwoev mwoev anscp anscp mqreu sxgso xcnpe sxgso bwbkg ezhmp zmwtk jwmjp dxztc dabkf bwinl bwinl dabkf byjai byjai zmwtk zmwtk zmwtk ezhmp iigud macxu macxu gupku wxcvg rtshe mzwec mzwec rtshe xphcw untkk xphcw qxgeg xphcw fvoqg xphcw txllv txllv gupku ibnyw azsmx tavth weuhz sfgmu ywyyb sxqhs eustb catsi eustb sxqhs ywyyb sfgmu sfgmu weuhz zeuko fqqgi zeuko mdkxn crswz mdkxn qotnp eakkr eakkr qotnp jcifh mfxrm jcifh tgxta soqle uvlln uvlln soqle vdlja innfa meyde meyde vdlja vdlja mhbdl veyfc jujev ngjyx mlqbj olqki gztsf ayayj ufvcg ajzuo ajzuo ufvcg gsero hdvet vtcqw zfawc lqyam lqyam vtcqw qwmew fblut shmvl fblut fhlzt crgwn fhlzt fblut qwmew vtcqw hdvet gsero gztsf orwrm npkau npkau orwrm xooma xooma mlqbj tctxs dsbhm gkosc vnnvv vnnvv gkosc awsuk pzydz ljtse rqczv jpmud rqczv zgmpf rqczv ljtse ahlha ljtse iupow ljtse pzydz awsuk tctxs mlqbj roimn ilbfw fjrpj jydxd mnymy mnymy jydxd ilbfw hqiic ghzax ghzax ilbfw derxh fdewe zdwkb fdewe peobk qzdhw peobk hribg xxkqq hribg nsllr sgjyq thxbd thxbd sgjyq onvnv hribg peobk fdewe uojlu fdewe derxh ilbfw roimn diapc kwvgs qpjoh hgwal eakbg tyjab iyzri iggzg wxaab maarr ybtvs rjdkz gfdta rjdkz jorhq ssyjd ylsow suuet ylsow ssyjd jorhq rjdkz ybtvs wxaab witaj rkzmv awxwe kdtrw kdtrw witaj wxaab cegzm wwphq wwphq lhsag irkbu iwsoe lqvem iwsoe irkbu lhsag wwphq yuyka wxaab iggzg iyzri tyjab eakbg vhzbj xvlqs gxrir xvlqs nmygm mjgiw gpwkr gpwkr kjeqj nmygm hrhzb fczvr hrhzb qpjoh lfdet odwou odwou qpjoh kwvgs diapc roimn kpxlz okcyb kpxlz bdfls qxsoe fhsjw mqncr
71
yhpwd mxihv axdtz
dtvfs dsfpg sbnmi
dxztc drrap yuuqu eqddq
jwmjp uooez jwmjp
bwbkg kqysx igpmu
iigud edxoe iigud
wxcvg eludu piswp
azsmx drlqp
ibnyw cfspg ibnyw
mqreu dkdci mqreu
wmdth mbqyg vzoqh
tgxta jjlwh pvzeb
innfa qrmyp dxllq innfa
kamos qfcxo
cakfa qcfox cakfa
ayayj aoxfw ayayj
zfawc tcqqe qkftw
olqki mpjyf bymoa
dsbhm mrnva dsbhm
fjrpj btqda tcxbn fjrpj
hqiic yuvek xftof
nsllr fnipk jxcvu
maarr ygust
rkzmv nppux
cegzm rnrth cegzm
hgwal lukkm jvfig
mjgiw gsdqj mjgiw
lfdet zcixl ypkmm lfdet
jkkgv jemlu jkkgv
mlqbj mlqbj
gpwkr gpwkr
iggzg iggzg
ylsow ylsow
ywyyb ywyyb
qwmew qwmew
anscp anscp
rtshe rtshe
derxh derxh
tyjab tyjab
ilbfw ilbfw
vnnvv vnnvv
irkbu irkbu
eustb eustb
peobk peobk
lhsag lhsag
fblut fblut
gkosc gkosc
kdtrw kdtrw
qpjoh qpjoh
mwoev mwoev
bwinl bwinl
sfgmu sfgmu
kwvgs kwvgs
ssyjd ssyjd
wwphq wwphq
awsuk awsuk
gztsf gztsf
hribg hribg
tctxs tctxs
eakkr eakkr
qotnp qotnp
qxsoe qxsoe
macxu macxu
hrhzb hrhzb
pnmkd pnmkd
xphcw xphcw
mzwec mzwec
mnymy mnymy
sxqhs sxqhs
byjai byjai
diapc diapc
