0 78 30 18 22 27 94 56 94 27 22 18 30 49 99 30 78 59 6 97 44 93 26 24 24 80 93 81 39 72 79 89 79 72 39 68 38 16 50 74 8 98 8 74 70 74 15 67 55 67 15 45 13 9 62 9 13 91 13 45 14 12 75 12 14 23 73 95 69 95 73 14 45 15 16 82 16 96 76 96 16 38 35 35 48 63 48 39 86 84 31 71 84 92 57 54 61 57 3 64 3 57 92 90 11 41 2 60 2 47 2 41 11 87 77 87 11 90 92 53 65 83 52 52 83 58 7 7 97 46 66 46 85 51 85 46 97 6 59 88 59 78 0
34
49 29 37
26 17 26
23 20 23
50 1
68 4 19
31 10 31
54 21
86 43
53 5 28
81 36 33 40
44 42
41 41
14 14
11 11
8 8
9 9
32 32
15 15
2 2
25 25
3 3
27 27
24 24
18 18
22 22
30 30
39 39
7 7
35 35
6 6
13 13
16 16
12 12
38 38
