Soda Bbqlwgzteg Bjxy Bbqlwgzteg Hfow Lhsmxzizl Mvcjmf Saglt Kinbv Wmcvikgvq Jfpmcxyq Slhe Myxxw Nqdl Eankdxbivc Xkegoqksfou Yyrymdkl Qwisoqgzm Psynz Hfbml Svdpn Locjp Ibnxkznems Xyqun Phjuuz Mzwrip Mzwrip Phjuuz Xyqun Ibnxkznems Locjp Svdpn Hfbml Psynz Yyrymdkl Xkegoqksfou Eankdxbivc Nqdl Myxxw Wmcvikgvq Kinbv Qwebscsrirm Vevhjnfq Vevhjnfq Vevhjnfq Qwebscsrirm Hfow Soda
29
Soda Tjqkxczzumv Xbpw Jnaceez
Bjxy Eqtpmllrky Wyvuhfzpeh
Cyvexr Hoir Cyvexr
Mvcjmf Ncfr Padpmqkrh Vlgzfpnbc Cyvexr
Saglt Usfucahrvrj Rchfmjdesx Lyurrdtdw Vvvqw Yxjvwhefqif Saglt Uqfqb
Lwkzgtniodd Hbsc Xbpw Lwkzgtniodd
Qwisoqgzm Zxrxvqvnm Lcia Kslp Vbbopctjfsu Ugtgajtqmg Fwerc Zgvnjegpj Prteefgv
Slhe Fwmaudwdwa Fagweskgci Slhe
Jfpmcxyq Vbibp Rxeuijsrpky Fmgwavgppb
Lhsmxzizl Nkqzgfasj Lhsmxzizl Zcefzlovt
Phjuuz Phjuuz
Pliaph Pliaph
Psynz Psynz
Swqguyhe Swqguyhe
Zcefzlovt Zcefzlovt
Mzwrip Mzwrip
Prteefgv Prteefgv
Hfbml Hfbml
Yyrymdkl Yyrymdkl Hoir Hbsc Lwkzgtniodd
Xyqun Xyqun
Vlgzfpnbc Vlgzfpnbc
Jnaceez Jnaceez
Nqdl Nqdl
Xkegoqksfou Xkegoqksfou Swqguyhe
Svdpn Svdpn
Ibnxkznems Ibnxkznems
Uqfqb Uqfqb
Qwebscsrirm Qwebscsrirm Pliaph
Myxxw Myxxw
