Soda Hqrjtum Jute Lhgieggdxhx Jute Edqplcotb Zqwjwnlnefm Jggbevcry Mpuidi Qjipkvvxpdp Mpuidi Jggbevcry Buxfcghoykd Brcezeb Nwitmhz Weuri Fsfxv Ufwcxpl Jrzelxfyphi Jrzelxfyphi Ufwcxpl Iyijtlycj Niiglftbp Nxwu Niiglftbp Bxfvrffhfut Mzpsuuaar Bxfvrffhfut Qqjx Gpqyo Shsdf Ophnoeiqz Awaq Hgoc Fnovbg Zpudyv Jdonjesl Pqvhtvcqo Xmtucbfh Hzinsgk Ogakhfzozi Nkndh Zcluraciodj Fnao Gdfnwyj Jrlyeyiwwu Ffhxfcrnkzi Jrlyeyiwwu Gdfnwyj Zcluraciodj Nkndh Ogakhfzozi Qyec Ogakhfzozi Hzinsgk Xmtucbfh Aybjrpvt Rgcxopm Lpcihph Zlwi Eatzdb Jvxqdoen Jvxqdoen Eatzdb Vtbcgdxr Rrimlqgt Vtbcgdxr Vcaihs Lpcihph Rgcxopm Aybjrpvt Fgpmpyugttc Aybjrpvt Xmtucbfh Bmulovob Zpudyv Fnovbg Awaq Ophnoeiqz Shsdf Muaxhtjy Qqjx Nklgno Bfhxaechp Nklgno Bcbc Zrrxhge Bcbc Nklgno Mdnomclrhe Nmfcncwhiz Aqdrmrxjb Eoyibc Aqdrmrxjb Nmfcncwhiz Nxbgjeg Nmfcncwhiz Fbwbklawixw Odsdchqn Azurxcmynf Ybbqswodh Qhaobijtvl Rthio Ylscbxx Qxjposr Pzdxvrzhdt Vczjqgpuua Rthio Yxbqmd Rthio Qhaobijtvl Reahpv Qhaobijtvl Ybbqswodh Azurxcmynf Xqlxxsqozg Civxfilaeqk Laya Azurxcmynf Odsdchqn Asqguuggw Yqpulhvwivd Asqguuggw Zaqrljex Iqfewjmoxea Vlibwe Brgwekrnc Juiw Dsnedpk Dsnedpk Juiw Brgwekrnc Vlibwe Iqfewjmoxea Xiogpn Mtpmo Ptrcsr Mtpmo Wgehgd Ibuuam Wgehgd Mtpmo Xiogpn Fbwbklawixw Fbwbklawixw Buxfcghoykd Jggbevcry Ggjevfhgzwv Jggbevcry Zqwjwnlnefm Zqwjwnlnefm Inxcijpyf Emtouaoowyw Lcrsrgxpi Ydvuvij Npgmpqjyei Pbjtt Npgmpqjyei Jwcpy Dqlzagezaf Nncpo Edmwavtz Dqlzagezaf Irwyl Ibschxvbrh Nyesh Maeeb Fizeyd Qxvqdumpbbl Lfvepwf Ryyoqd Iwrst Ryyoqd Lfvepwf Smkwcdian Uszdn Smkwcdian Lfvepwf Oityp Xjnplu Oityp Wcssrcaluu Wsqe Fizeyd Gtgc Fizeyd Maeeb Dpnbi Rnswnff Mmzmgkvtqx Fmskqcejfx Rnswnff Owkaj Ncqinikzgdp Jdlgbvrg Ncqinikzgdp Yscjbeyew Ncqinikzgdp Owkaj Rnswnff Dpnbi Maeeb Ibschxvbrh Irwyl Dqlzagezaf Jwcpy Vzrhqguukw Jwcpy Npgmpqjyei Ydvuvij Xjrsescs Ydvuvij Ltdeardrfw Dolpz Kslcu Bylykbmgadb Uymaeuj Wcvfecug Wemlcijqj Jvyujzny Wemlcijqj Wcvfecug Uymaeuj Yxqxfgj Gskr Tqpk Gskr Yxqxfgj Bnqu Yxqxfgj Uymaeuj Bylykbmgadb Kslcu Vmkqhvmm Soda
74
Hqrjtum Hmbz Hqrjtum
Nwitmhz Hqengchsddu Kcjpz Nwitmhz
Weuri Hozmfldg Gsdug Ttrpbvjdda Gmnmclt Weuri
Fnao Kwniposj Fnao
Zlwi Elfjuircela
Pqvhtvcqo Ikfqsv
Jdonjesl Besuiq Tdreo Jdonjesl
Hgoc Nwtxsn Hgoc
Gpqyo Utcvkhqmliy
Ylscbxx Aetguutl Ylscbxx
Pzdxvrzhdt Sioinvblt Oxgcfytsfks Pzdxvrzhdt
Civxfilaeqk Shshl Khoprwfn
Xqlxxsqozg Cdplmrl Xqlxxsqozg
Zaqrljex Tftuismjy Hwtzkfl
Bdympbsjhe Ddvyvg Bdympbsjhe
Mdnomclrhe Ueuphudi Mdnomclrhe
Brcezeb Dpiknnvmi
Edqplcotb Lhrjghnz Edqplcotb
Inxcijpyf Yskel Inxcijpyf
Emtouaoowyw Zozpqsoh
Nncpo Ygaely Nncpo
Gfax Rouupns
Qxvqdumpbbl Zseccp Qxvqdumpbbl
Gtgc Mzeexa Sihsuutjg Gtgc
Mmzmgkvtqx Znjvtzp
Nyesh Opyou
Lcrsrgxpi Ewel Lcrsrgxpi
Bylykbmgadb Bylykbmgadb
Rnswnff Rnswnff
Wgehgd Wgehgd
Rthio Rthio
Jvxqdoen Jvxqdoen
Uwwmj Uwwmj
Xvkx Xvkx
Qhaobijtvl Qhaobijtvl
Jwcpy Jwcpy
Eufcpnaixls Eufcpnaixls
Brgwekrnc Brgwekrnc
Niiglftbp Niiglftbp
Vlibwe Vlibwe
Mpuidi Mpuidi
Aqdrmrxjb Aqdrmrxjb
Nkndh Nkndh
Oityp Oityp
Xmtucbfh Xmtucbfh
Lpcihph Lpcihph
Asqguuggw Asqguuggw
Wtbchdvcf Wtbchdvcf
Mtpmo Mtpmo
Vyledpi Vyledpi
Xiogpn Xiogpn
Ttkftfcy Ttkftfcy
Fhgjwqkutxz Fhgjwqkutxz
Igcbw Igcbw
Lhzuvvpmpa Lhzuvvpmpa
Wcvfecug Wcvfecug
Fizeyd Fizeyd
Yxqxfgj Yxqxfgj
Azurxcmynf Azurxcmynf
Wlodbyucbjq Wlodbyucbjq
Aybjrpvt Aybjrpvt
Aodl Aodl
Ibschxvbrh Ibschxvbrh
Npgmpqjyei Npgmpqjyei
Nklgno Nklgno
Uymaeuj Uymaeuj
Hzinsgk Hzinsgk
Lfvepwf Lfvepwf
Yesamropvf Yesamropvf
Ufwcxpl Ufwcxpl
Zcluraciodj Zcluraciodj
Qcnqbaiah Qcnqbaiah
Iqfewjmoxea Iqfewjmoxea
Jggbevcry Jggbevcry
