0 14 0 32 22 32 59 83 31 82 94 82 30 91 30 82 39 69 46 58 46 69 39 82 31 83 64 72 61 98 61 36 37 99 37 42 53 42 33 85 3 86 3 12 3 85 33 42 37 36 61 78 6 65 45 52 79 8 66 27 66 8 17 50 17 78 61 72 64 73 38 84 7 48 7 93 7 68 95 68 34 24 29 24 1 75 15 62 16 51 16 63 16 62 15 97 28 28 41 19 19 19 41 15 56 71 56 10 70 10 89 10 21 74 21 76 21 10 56 24 34 68 73 64 83 59 32 0 81 4 5 4 49 4 2 88 2 13 60 25 43 25 40 44 40 92 40 2 57 20 26 20 55 20 47 20 57 2 4 9 18 9 4 81 0
23
6 11 67
45 87
38 80
1 90 96
97 35 23 77 97
13 54 13
64 64
82 82
37 37
30 30
17 17
7 7
46 46
25 25
40 40
19 19
73 73
69 69
36 36
61 61
28 28
66 66
3 3
