0 4 35 35 35 179 33 21 19 19 77 22 1 25 10 15 72 2 43 51 50 6 75 75 75 75 50 128 3 97 14 9 174 42 115 115 123 123 174 9 14 97 18 119 55 76 20 105 95 67 67 8 8 67 105 119 97 3 3 50 51 82 82 72 48 63 37 45 12 12 63 48 72 10 10 25 13 13 88 7 26 26 88 13 77 33 179 16 40 40 40 16 58 38 100 17 83 83 113 113 46 46 38 0
34
4 86 134
21 53 21
22 34 164
1 24 118
15 32 27 15
2 153 131
6 90 160 197 98 6
42 188 152 144 42
18 93
55 140 55
76 102 57
20 124 106
95 154 80 125
128 108
43 145
45 156 92 45
37 61
7 23 199 104
0 52 29
58 173 58
17 181 130
100 149
50 50
33 33
46 46
12 12
97 97
3 3
88 88
35 35
8 8
13 13
40 40
179 179
