m6 n1 c1 l1 n7 a8 g1 z3 c6 c6 z3 g1 v8 r0 q2 w0 r0 v8 b7 a5 l5 a2 a2 f1 b6 d9 c8 c8 d9 x0 d9 l4 c9 v3 d3 v3 v3 m2 q7 e9 a7 w3 b9 j9 j9 b9 n8 b2 q0 b4 k1 l3 k1 b4 q0 b2 b1 b2 n8 a7 a3 a7 e9 q7 l4 n3 g0 v7 v7 g0 l4 c0 z7 z4 j0 j0 k3 n4 n4 z7 c0 x6 c0 l4 d9 q5 d9 b6 h2 x1 e6 x4 g5 h5 y1 g5 v9 g5 x4 e6 h0 e6 x1 h2 b6 f1 k4 f7 r9 f7 k4 f5 z1 z9 h3 n9 z9 n0 a6 x7 w5 e0 m7 j3 j3 m7 e0 w5 x7 a6 e7 e7 e7 b7 q1 h6 q1 b7 l2 w9 w9 l2 l1 w2 j8 x8 j8 w2 l1 a1 d7 a1 f3 l0 d8 m9 e8 c4 a4 r3 x3 g8 z6 d2 d2 m1 d2 z6 x3 r3 a4 k8 f8 d1 j7 z5 w7 f8 k8 e8 m9 d8 l0 n5 c2 v2 k0 h7 m5 y0 y0 m5 h7 m3 c2 n5 l0 f3 a1 l1 c1 e4 g4 k2 f0 m0 v1 v1 d6 d5 e3 a9 k6 a9 e3 f2 x2 g9 j6 g7 g7 j6 x2 l6 g3 l6 d5 m8 k5 m8 w8 q3 v5 b0 z8 h8 w6 h8 z8 b0 b0 v5 q3 w8 l9 k2 g4 g4 e4 f9 m6
73
m6 f6
a8 l8 a8
q2 b8
l5 r7 l5
d3 f4 g6 d3
c9 r4 c9
w3 h9 w3
n3 x5 n3
z4 c5 a0
h5 e1
f5 v4 f5
a5 j1 d4 a5
h3 q4
n0 h1 n2 h4
n7 v0 j4 n7
g8 b3 q8 g8
d1 d0
c4 m4 l7
k0 q6 k0
v2 r8 x9
m0 k9
f0 n6 r2 j2
g9 j5 c3 g9
f2 g2
e2 w1 e2
n1 v6
a1 a1
a6 a6
a9 a9
b0 b0
b9 b9
c0 c0
c2 c2
d5 d5
e3 e3
e6 e6
e9 e9
f1 f1
f7 f7
g0 g0
h7 h7
h8 h8
j0 j0
j3 j3
j8 j8
j9 j9
k2 k2
k4 k4
k7 k7
k8 k8
z3 z3
z8 z8
z9 z9
x1 x1
x7 x7
v1 v1
n5 n5
n8 n8
m8 m8
l0 l0
l2 l2
l4 l4
l6 l6
q0 q0
q1 q1
q3 q3
q7 q7
w2 w2
w8 w8
w9 w9
r1 r1
r3 r3
y0 y0
