d6 c0 d7 b5 a9 a7 a7 h3 j6 c9 j6 h3 d0 j2 c1 c1 j2 f1 j9 g6 f8 g6 a1 b6 f7 c6 e2 f6 f6 c6 f2 b1 b9 h6 b8 a0 c5 b8 h6 b3 a4 d4 j1 f9 j1 d4 a4 f3 f3 c6 g4 g1 d2 g3 d2 g1 j8 j4 j8 g1 g4 c6 f7 b6 a3 c3 a3 k1 a3 b6 d8 b2 g8 d5 g9 k2 h8 b4 h8 c4 h1 c4 h8 k2 g9 d5 g8 h0 h0 d8 b6 a1 g6 f1 e0 e0 d7 c0 d6 a2 j7 b0 b0 j7 f4 d6 g2 d6
34
a9 h7 d9
d0 a6 k0
j9 c2 a8
e2 j0 g0 e2
b1 d3 c8 h5 b1
b9 d1
a0 h4 a0
b3 g7 b3
f2 g5 f2
b2 e1 b2
b5 f0 b5
a2 c7 a2
g2 b7 f5 j3
a5 a5
a7 a7
b8 b8
c0 c0
c1 c1
c6 c6
d2 d2
d5 d5
d7 d7
d8 d8
e0 e0
f3 f3
g4 g4
h0 h0
h3 h3
h8 h8
h9 h9
j5 j5
j6 j6
j7 j7
k2 k2
