0 96 33 99 45 18 27 68 12 2 76 83 80 39 17 30 67 67 36 75 70 75 67 17 48 89 55 71 86 73 54 86 31 92 74 74 92 31 87 41 19 1 51 20 20 56 1 57 1 41 91 41 55 61 55 48 63 48 17 47 85 47 17 46 81 46 66 46 80 84 80 83 76 2 12 68 18 43 52 43 72 62 50 94 50 62 15 24 88 24 98 62 72 43 18 53 77 7 93 7 79 49 58 49 78 49 18 95 8 59 38 60 69 60 38 65 95 18 45 99 10 90 10 99 96 0
38
33 34 9 33
36 37 14 35 36
30 29 30
89 6
73 5
71 3
51 26
19 22 19
87 44
39 16 39
27 4 27
15 42 15
53 23
8 25 8
59 13
0 11
46 46
41 41
38 38
47 47
12 12
10 10
17 17
18 18
48 48
2 2
32 32
43 43
28 28
21 21
40 40
1 1
7 7
49 49
45 45
31 31
20 20
24 24
