0 18 13 117 117 89 37 188 166 182 166 60 49 199 49 60 166 188 119 144 144 119 89 196 156 89 117 7 167 7 68 71 187 43 11 178 170 5 36 35 185 164 185 35 110 155 77 42 186 147 97 139 165 33 58 62 47 127 148 148 127 160 138 124 106 124 102 65 44 129 179 179 129 50 150 72 72 150 123 65 102 73 107 73 102 124 138 160 141 160 30 112 163 112 160 62 189 62 58 33 147 186 42 77 77 155 35 51 152 35 36 5 170 178 115 61 121 15 23 101 174 14 40 31 133 154 12 27 27 34 99 140 162 140 99 34 146 159 120 57 29 142 29 57 120 159 154 133 31 14 174 101 197 101 125 101 23 15 121 136 55 181 134 184 113 137 113 191 113 98 87 126 88 180 88 70 1 198 1 70 87 192 24 100 24 192 104 192 176 113 184 103 184 134 83 95 118 108 118 95 83 134 128 171 135 16 177 74 132 74 177 177 16 171 128 183 128 136 115 178 175 178 11 190 194 190 38 38 71 68 7 149 7 117 173 122 173 153 2 114 2 131 2 153 173 18 116 116 168 0
73
0 3 10
13 82 13
37 85 78 37
196 56
43 93 43
139 48
47 46 47
44 66 44
50 26 64 50
30 91 30
97 79 69 97
110 28
51 8 20 32 51
61 9 61
40 84 94 92 40
12 54 41 12
39 86 39
161 63
146 76
55 52 55
126 6
98 59 98
135 67 22
181 17
187 80 53
33 33
4 4
11 11
2 2
35 35
68 68
77 77
81 81
74 74
83 83
70 70
25 25
27 27
72 72
5 5
45 45
65 65
49 49
14 14
15 15
36 36
73 73
18 18
19 19
58 58
16 16
21 21
60 60
29 29
62 62
23 23
7 7
31 31
88 88
96 96
87 87
38 38
57 57
89 89
34 34
99 99
24 24
1 1
95 95
42 42
75 75
90 90
71 71
