77 39 9 14 7 6 37 6 7 25 45 25 26 27 22 36 38 54 80 44 50 47 19 3 47 87 88 28 29 28 35 74 28 11 64 40 18 79 33 30 83 30 33 79 18 40 40 15 43 34 43 15 40 64 11 87 47 50 44 84 8 51 0 68 5 85 70 52 86 62 56 86 52 70 5 31 2 31 5 68 0 51 8 21 76 66 73 41 78 53 66 76 21 71 21 8 84 44 55 38 36 22 27 16 24 13 24 16 25 7 61 61 9 39 77 17 57 12 23 12 57 17 46 32 46 17 77
33
26 59 10
54 81 54
19 4 63 19
35 49
88 75 88
62 72 65
85 48
73 69
78 42 20 78
14 58
6 6
7 7
9 9
11 11
15 15
17 17
18 18
21 21
24 24
27 27
31 31
33 33
40 40
44 44
50 50
60 60
61 61
64 64
66 66
67 67
68 68
76 76
79 79
