144 47 11 158 60 120 49 9 121 162 7 138 138 99 95 161 8 139 139 75 175 23 48 48 150 150 175 75 152 185 10 17 123 122 3 105 32 153 80 16 22 62 13 55 115 115 55 13 62 22 16 73 132 88 114 114 114 88 132 73 153 32 105 3 122 66 81 46 89 90 169 151 30 30 151 169 89 46 57 180 12 101 83 181 170 67 168 137 84 84 124 167 74 56 70 159 159 70 56 74 167 124 84 61 154 146 108 108 108 146 154 61 168 148 104 118 85 156 130 186 35 140 106 173 178 86 164 126 21 21 126 164 86 178 173 106 140 35 186 130 156 85 118 104 148 170 181 53 163 163 53 12 180 57 122 123 17 10 152 161 95 99 162 162 100 5 69 141 141 51 119 119 51 5 100 64 63 0 117 117 0 63 64 120 26 184 145 177 129 179 45 1 176 33 131 103 134 52 52 134 33 176 1 179 129 177 145 184 26 120 60 158 47 58 58 144
55
11 19 11 28
9 127
7 128 7
8 79 8
23 39 188
185 92
80 110 44 112
66 165 66
90 14 90
81 107
83 174 83
137 157 147 43 24
67 78 67
101 183
121 93
69 18 187
49 136 49
45 142
131 76 131
103 87 42
144 133
3 3
13 13
16 16
21 21
28 28
47 47
51 51
53 53
62 62
64 64
70 70
74 74
75 75
88 88
95 95
99 99
104 104
106 106
108 108
114 114
119 119
120 120
122 122
124 124
126 126
130 130
132 132
141 141
152 152
156 156
158 158
159 159
169 169
170 170
