0 16 25 25 25 21 21 51 5 24 24 5 51 56 8 18 18 56 92 2 35 33 33 35 27 38 38 27 34 7 54 11 54 58 13 13 13 58 55 55 61 3 40 1 6 40 87 9 9 9 9 87 61 92 0
36
16 91 136 62 127 68 105 163 177 175 12 23 22 14
0 64 49 103 150 194
8 26 141 94 85 115 149
15 101 149 163 178 45 177 100 175
32 132
2 44 29 59 73 93 97 120 126 133 155 2
7 30 79 104 186 189 67 146 152 52 50 77 130 110 168 195
19 46
31 108 172 194 31
11 28 139 82 143 183 11
34 140 34 10
3 72 63 99 179 193 121 162 192
6 170 66
1 76 42 47 71 78 131 142 164 1
21 21
39 39
12 12
27 27
10 10
87 87
5 5 178
24 24
38 38 31
56 56
23 23
51 51 45
13 13
22 22
14 14
66 66
35 35
25 101 172
33 132 100
18 46
61 108
58 39
