aa0 aa1 aa5 aa8 aa9 ab0 ab1 ab5 ab8 ab7 ab4 ab2 ab3 ab2 ab4 ab7 ab8 ab9 ac0 ac5 ac0 ab9 ab8 ab5 ab1 ab6 ab1 ab0 aa9 aa1 aa0 gd9 gd6 gd4 gd3 gd5 gd2 gd0 gc9 gc4 gc3 gc0 gb9 gb6 gb1 gb2 gb0 ga9 ga8 ga5 ga1 ga0 ad9 ac7 ac3 ac6 ac1 ac3 ac3 ac7 ga0 ga9 gb2 gb5 gb8 gb6 gb9 gc3 gc4 gc9 gd0 gd1 gd0 gd2 gd5 gd3 gd4 gd6 aa0
25
aa8 aa3 aa7
aa5 aa6 aa5
gd9 gd7 gd8 gd9
ga8 ga4 ga7
ac6 ac8 ac6
ad9 ac2 ad4 ad5 ad6 ad7 ad8
ga1 ga3 ga2
ga5 ga6
gb0 gb3
gb1 gb4 gb7
gc0 gc5 gc8 gc2
aa4 aa4
ab2 ab2
ab4 ab4
ab5 ab5
ab7 ab7
ab8 ab8
ac3 ac3
ac7 ac7
gb2 gb2
gb6 gb6
gc1 gc1
gc3 gc3
gd3 gd3
gd4 gd4
