aa0 aa1 aa5 aa8 aa9 ab0 ab1 ab5 ab8 ab7 ab4 ab2 ab3 ab2 ab4 ab7 ab8 ab9 ac0 ac5 ac0 ac4 ac7 ac3 ac6 ac1 ac3 ac3 ac7 ac9 ad0 ad9 ga0 ga1 ga5 ga8 gb2 gb1 gb5 gb6 gb9 gc0 gc3 gc4 gc9 gd0 gd1 gd0 gd2 gd5 gd3 gd4 gd6 gd9 ka0 ka4 ka6 ka9 kb0 kb1 kb3 kb7 kb4 kb8 kb5 kb2 kb6 kb9 kc0 kc0 kc2 kc4 kc4 kc6 kc9 kc4 kc0 kb9 kb6 kb2 kb5 kb8 kb4 kb7 kb3 kb1 kb0 ka9 ka6 ka1 ka6 ka3 ka0 gd6 gd4 gd3 gd5 gd2 gd0 gc9 gc4 gc3 gb9 gb6 gb8 gb2 ga0 ad0 ac9 ac0 ab9 ab8 ab5 ab1 ab6 ab1 ab0 aa9 aa1 aa0 kd9 kd8 kd7 kd4 kd7 kd8 kd9 aa0
39
aa8 aa3 aa7
ac6 ac8 ac6
ac4 ac2
ga1 ga3 ga2
ga8 ga4 gb3 ga7
gb1 gb4 gb7
kc2 kc1 kc2
kc6 kc5 kc6
kc9 kd1 kc8
ka4 ka8 ka5
gd9 gd7 gd8 gd9
gc0 gc5 gc8 gc2
ga5 ga6
ad9 ad4 ad5 ad6 ad7 ad8
aa5 aa6 aa5
kd4 kd3 kd5 kd4
aa4 aa4
ab2 ab2
ab4 ab4
ab5 ab5
ab7 ab7
ab8 ab8
ac3 ac3
ac7 ac7
gb2 gb2
gb6 gb6
gc1 gc1
gc3 gc3
gd3 gd3
gd4 gd4
ka2 ka2
ka6 ka6
ka7 ka7
kb2 kb2
kb5 kb5
kb6 kb6
kb7 kb7
kb8 kb8
kd8 kd8
