0 21 31 33 5 49 81 49 89 95 89 49 5 67 69 65 51 83 88 22 58 96 32 78 87 7 72 7 20 44 32 50 85 25 85 43 60 77 34 77 1 62 73 75 86 75 73 62 1 85 50 68 45 52 45 68 50 70 84 70 50 32 71 32 40 32 82 27 82 16 57 16 88 8 88 59 65 69 92 66 92 69 38 15 13 26 37 55 47 55 37 26 13 38 4 90 5 53 31 21 0
37
51 80 79
58 41 58
87 91
20 23 18 20
78 29
60 63 93 60
43 9
74 36 74
96 56
22 14 98
59 42 99 59
83 10
67 61 54 67
15 6 15
33 30
17 17
32 32
68 68
31 31
16 16
45 45
89 89
85 85
3 3
26 26
82 82
2 2
48 48
12 12
7 7
13 13
46 46
75 75
69 69
64 64
11 11
77 77
