0 43 59 19 33 47 33 18 44 76 23 14 49 99 49 14 56 29 3 60 46 16 68 91 21 21 91 68 16 73 39 73 60 3 62 67 17 41 35 41 17 62 3 98 11 98 32 78 78 78 84 66 81 66 84 57 84 2 38 83 12 7 12 83 8 53 8 83 2 98 58 69 9 69 79 69 58 15 87 63 87 15 58 56 28 95 93 95 48 31 89 45 89 31 48 95 28 5 4 51 4 85 4 5 6 25 5 28 92 55 55 71 28 56 14 23 76 44 18 33 0 82 54 75 54 90 90 72 42 80 37 27 37 80 42 72 61 0 34 97 34 65 1 65 34 0
38
43 24
46 50 46
67 96 22 20
32 70 40 26 36 32
38 10 38
29 88
6 64 6
92 30 92
19 86
59 94
82 74 82
2 2
4 4
8 8
12 12
14 14
16 16
18 18
28 28
34 34
42 42
44 44
48 48
52 52
54 54
56 56
58 58
60 60
62 62
66 66
68 68
72 72
76 76
78 78
80 80
84 84
90 90
98 98
