0 24 25 89 23 67 95 161 138 186 136 173 136 186 138 161 95 141 192 183 142 49 44 109 40 155 65 122 28 76 51 76 28 122 9 127 9 122 40 109 159 109 29 104 83 143 83 129 162 162 100 41 1 3 75 98 79 120 169 120 191 7 120 75 86 30 113 30 102 193 102 115 102 3 1 41 100 5 199 45 151 151 5 100 162 162 109 107 99 14 91 128 128 55 157 27 187 27 157 55 165 33 165 55 133 55 99 31 99 107 189 139 57 105 124 130 153 167 167 163 163 166 198 198 166 124 105 57 176 92 197 57 101 123 189 87 8 73 8 147 125 15 125 147 8 87 189 107 109 44 47 44 49 181 4 90 111 18 119 119 106 179 178 21 178 53 106 119 84 96 112 11 63 11 112 93 112 96 84 103 160 149 66 81 69 22 117 22 69 69 66 149 118 118 103 48 145 103 84 171 171 4 37 4 177 43 177 72 175 72 177 4 137 49 88 88 59 183 194 194 141 35 141 95 195 95 67 121 185 71 185 121 135 196 19 17 85 150 150 121 67 26 26 77 0
71
24 132 24
89 108
155 64 70
104 164 58 104
98 126 98
191 80 172
86 170 114 94 86
199 52
29 168 36
91 32
14 116 14
139 46
153 154 16
130 134 130
176 110 176
92 68 56 140 92
101 144
18 42 18
179 12 188
81 38 184
160 10 54 160
48 146 48
111 190
90 78 90
181 156
142 34 142
192 60 50 192
17 62
19 148
196 6 196
135 174
25 152
2 2
4 4
8 8
20 20
22 22
26 26
28 28
30 30
40 40
44 44
66 66
72 72
74 74
76 76
82 82
84 84
88 88
96 96
100 100
102 102
106 106
112 112
118 118
120 120
122 122
124 124
128 128
136 136
138 138
150 150
158 158
162 162
166 166
178 178
180 180
182 182
186 186
194 194
198 198
