2 41 85 9 60 142 24 103 116 116 28 174 180 165 140 149 3 77 3 149 171 18 14 22 14 18 171 179 16 133 120 197 120 133 16 179 171 149 140 165 28 116 103 172 137 30 15 57 177 70 185 150 101 150 185 170 185 70 100 198 128 173 59 20 78 88 78 20 38 46 124 135 66 135 124 46 136 167 84 39 84 167 20 59 5 121 7 40 151 123 151 40 121 196 155 178 72 155 196 121 109 161 4 4 161 109 146 102 45 181 34 23 11 26 26 11 23 34 181 45 169 59 128 86 97 183 91 183 97 65 128 115 104 166 160 166 115 100 114 126 175 87 175 126 71 6 118 118 6 71 100 70 177 189 122 153 122 57 15 30 137 172 103 50 1 187 111 33 111 187 1 193 193 108 105 21 92 190 92 21 105 108 103 24 142 60 85 154 2
83
41 48
174 113 76 174
38 98 58 38
186 192
136 138 8 136
7 79 7
178 82 178
195 52
148 112
102 164 63
163 110
5 93
173 36 173
86 106 86
104 44
198 32
114 54 114
62 95 182
189 96 189
50 145 50
9 61
2 53 49
194 194
142 142
125 125
139 139
179 179
141 141
122 122
133 133
92 92
46 46
73 73
131 131
6 6
116 116
171 171
13 13
196 196
94 94
14 14
97 97
130 130
34 34
55 55
126 126
121 121
119 119
3 3
28 28
35 35
25 25
161 161
188 188
157 157
118 118
177 177
80 80
128 128
23 23
51 51
0 0
193 193
100 100
85 85
42 42
187 187
12 12
4 4
56 56
156 156
158 158
149 149
26 26
27 27
15 15
115 115
67 67
30 30
90 90
59 59
181 181
165 165
