71 37 60 44 53 92 82 92 53 70 42 67 73 1 27 18 86 52 39 3 39 61 43 84 81 95 21 50 63 50 21 95 81 84 61 75 19 74 20 88 41 31 79 80 79 31 41 20 74 19 15 94 45 62 66 58 77 93 55 32 32 55 93 77 58 66 62 45 94 15 61 39 52 56 8 18 27 9 65 96 72 76 72 96 65 17 65 9 0 23 51 23 0 9 27 42 70 57 98 22 46 22 69 40 69 57 70 53 44 60 4 60 71 12 71
46
37 64
73 10
3 49 29 35 13
99 33
43 38
88 5 88
75 6
56 78
86 59
67 85
98 24
7 7
50 50
87 87
18 18
95 95
74 74
55 55
30 30
65 65
15 15
66 66
70 70
26 26
94 94
84 84
11 11
36 36
53 53
47 47
41 41
28 28
60 60
39 39
2 2
45 45
0 0
69 69
19 19
61 61
96 96
54 54
79 79
21 21
42 42
77 77
