ffffff uu uuu jj nn o o nn nnn tt mmmm gg kkkk ooooooo cccccccc ooooooo kkkk uuuu cc jjj hh ppppp z nnnnnnnn hhh bb kkkkkkk kkkkkkk aaaaaa zz iiii nnnnnnn lll hhhh jjjjjjjj oooo zzz ttttt ff y mmm qqqqqq ggggggg aaa vvvv dddddddd rrrrrrr dddddddd vvvv aaa ggggggg qqqqqq mmm eeeee f tttttt kkkkkkkk mmmmmmm w mmmmmmm gggggggg gggggggg hhhhhhh wwwwww wwwwww hhhhhhh gggggggg tttttt f eeeee mmm gggggg gggggg ff iiiiii ssssss mm eeee ffff v ffff eeee mm mm ssssss zzz oooo llll c uuuuu zzzzzz xx xxxxxxx ccccccc ccccccc xxxxxxx xx zzzzzz sssssss qqq bbbbb ttt t aaaaaaaa ddd rrr nnnn nnnn rrr ddd aaaaaaaa t kkkkkk ggg bbbbbbbb bbbbbbbb ggg kkkkkk bbbbb qqq yy sss mmmmm eeeeeeee qqqq aaaaaaa aaaaaaa qqqq yy qqq sssssss oooooo iiiii pp oo www oo pp iiiii oooooo sssssss c llll oooo jjjjjjjj hhhh lll nnnnnnn zz aaaaaa kkkkkkk bb hhh nnnnnnnn ppppp hh gggg pppp xxxxxx zzzz ppp yyyyyy ooooo wwwww rrrrrrrr vvv llllllll xxxx wwww rr bbb p eeeeeee fff kkkkk fffffff aa g aa fffffff pppppppp h pppppppp fffffff kkkkk fff eeeeeee p bbb rr wwww xxxx llllllll llllll b pppppp yyyy wwwwwww kk wwwwwww yyyy jjjjjjj yyyy yyyyy ss rrrr iiiiiii lllllll eee i eee lllllll iiiiiii rrrr ss ccccc vvvvv kkk jjjjj jjjjj kkk ccccc ss yyyyy yyyy b llllll llllllll vvv rrrrrrrr wwwww ooooo yyyyyy ppp zzzz xxxxxx pppp cccccc hhhhhhhh qq hhhhh qq hhhhhhhh cccccc ccc ddddddd ccc cccccc pppp gggg gggg cc uuuu kkkk gg ww vvvvvvv ppppppp hhhhhh r m m r dddddd iii dddddd ooo dddddd ppppppp vvvvvvv n vvvvvvv ww gg mmmm tt xxx yyy xxx aaaaa xxx tt nnn uuu uu ffffff qqqqq ffffff uuuuuuu ll xxxxx qqqqqqq lllll ffffffff nnnnn ffffffff lllll qqqqqqq ggggg rrrrr fffff fffff ddddd u jjjj vv dddd dddd vv jjjj u ttttttt sssss bbbb l zzzzz zzzzzzz zzzzz mmmmmm zzzzz l bbbbbbb d cccc dd dd cccc d bbbbbbb sssss ttttttt ggggg qqqqqqq xxxxx aaaa qqqqqqqq qqqqqqqq aaaa uuuuuuu ffffff
88
jj x
z s
iiii iiiiiiii oooooooo
kkkkkkkk q ee kkkkkkkk
y bbbbbb
iiiiii tttt
ttttt jjjjjj ttttt
uuuuu rrrrrr
ttt e mmmmmmmm
sss yyyyyyy sss
pppppp uuuuuu
vvvvv k vvvvvv vvvvv
jjj ssss jjj
hhhhhh eeeeee
rrrrr nnnnnn rrrrr
ddddd a
bbbb j
ll ii ll
pppppppp pppppppp
b b
ppppp ppppp
ttttttt ttttttt
xxxx xxxx
mm mm
o o
ffff ffff
xxxxx xxxxx
zzz zzz
eeeeeee eeeeeee
uuu uuu
yy yy
gggggggg gggggggg
ccccccc ccccccc
aaaaaaaa aaaaaaaa
wwww wwww
cccc cccc
d d
aaaa aaaa
llllll llllll
xxxxxxx xxxxxxx
wwwww wwwww
bbbbbbbb bbbbbbbb
nnn nnn
ggggg ggggg
rr rr
zzzzz zzzzz
kkkk kkkk
lll lll
llllllll llllllll
ooooo ooooo
sssssss sssssss
eeee eeee
iiiiiii iiiiiii
xxx xxx
aaaaaa aaaaaa
uuuuuuu uuuuuuu
hhhhhhh hhhhhhh
uu uu
bbbbbbb bbbbbbb
qqq qqq
kkkkkk kkkkkk
dd dd
aaa aaa
fffff fffff
cc cc
tt tt
wwwwww wwwwww
sssss sssss
qq qq
ssssss ssssss
jjjj jjjj
tttttt tttttt
mmmm mmmm
ggggggg ggggggg
hhhh hhhh
oooooo oooooo
eeeee eeeee
ffffffff ffffffff
dddd dddd
aa aa
hhh hhh
pppp pppp
gggg gggg
lllllll lllllll
qqqqqq qqqqqq
m m
vvv vvv
cccccc cccccc
