f uuu qq xxx ddd ppp oooo t ll ss ffff oo qqqqq qqqqq uuuuu zzz fffffff ww bbbbbbbb sss rrr dddddddd cccccccc o mmmm a yyy a pppp gg gg pppp dddddddd rrr bbbbbbbb ww fffffff zzz uuuuu qqqqq oo ffff ss ll t oooo ppp ddd xxx qq m z llllll ssssss qqqq yy qqqq sssss ccc s vv wwwwwww kkkkkk zzzzz kkkkkk pppppppp d nnnn rrrr nnnn d nnnnnnnn nnnnnnnn nnnnnnnn kkkkkk wwwwwww vv s ccc v ffffffff ddddddd dd ggggggg www ggggggg dd jjjjjjj rrrrrr cccccc fffff vvvvvv hhh ee hhh vvvvvv fffff cccccc eeeeeeee c w rr qqqqqq aaa aaa vvvv rrrrrrr vvvv aaa uu xxxxxx yyyyyyy n ttttt eee n lllllll aaaaaaa sssssss ggggg dddddd ggggg sssssss aaaaaaa rrrrr aaaaaaa lllllll bbbbbb ff jjjj wwww pp aaaaa fff aaaaa q mmmmmmmm mmmmmmmm q wwww jjjj ff bbbbbb lllllll n yyyyyyy xxxxxx uu rr w c eeeeeeee cccccc jjjjjjj dd ddddddd ffffffff v ssss kkk kkk ssss qqqq ssssss llllll z m qq uuu f
43
cccccccc j
mmmm eeee
sss llllllll sss
pppppppp ggg iii
rrrrrr qqqqqqq rrrrrr
qqqqqq p qqqqqq
ttttt hhhh ttttt
pp rrrrrrrr pp
sssss lllll
jjjjjjj jjjjjjj
xxx xxx
bbbbbbbb bbbbbbbb
llllll llllll
dddddddd dddddddd
v v
aaaaa aaaaa
vvvv vvvv
q q
wwwwwww wwwwwww
fffffff fffffff
nnnn nnnn
aaa aaa
c c
vv vv
ffffffff ffffffff
ff ff
ggggg ggggg
a a
wwww wwww
z z
hhh hhh
xxxxxx xxxxxx
s s
ssssss ssssss
w w
ssss ssss
uu uu
m m
ss ss
uuuuu uuuuu
qq qq
jjjj jjjj
zzz zzz
