gggggggg bbbbb xxxx aaaa fff www lllllll aaaaa fffffff iiiiii fffffff ddddd kkkkkkk qqqqqqq ii jjjjjjjj kkkkkk ii qqqqqqq kkkkkkk zzzz aaaaaa aaaaaa zzzz fffffff aaaaa www fff mmm vvvv ccccc oooo qq kkkkkkkk uuuu ppp qqqqqqqq hhhhh pppppppp pppppppp hhhhh qqqqqqqq ppp hhhhhhh xxxxxxx xxxxxxx hhhhhhh kkkkkkkk qq ffff w fffff rr xxx nnn nnn xxx rr fffff tt gggg jjjjjjj bb ssssss ssssss bb gggg tt ffff qq oooo ccccc vvvv mmm fff aaaa xxxx bbbbb gggggggg
18
lllllll cccccccc
jjjjjjjj oooooooo
ddddd a
uuuu vvv ddd uuuu
w ttttt w
jjjjjjj l zzzzzzz jjjjjjj
xxxx xxxx
fffffff fffffff
ccccc ccccc
aaaaaa aaaaaa
ppp ppp
fffff fffff
kkkkkkk kkkkkkk
tt tt
qqqqqqq qqqqqqq
vvvv vvvv
gggg gggg
ffff ffff
