99 68 96 82 46 84 82 50 82 96 53 3 61 69 61 18 63 49 97 49 63 18 76 54 31 38 66 38 31 18 61 53 64 85 64 53 96 68 90 19 23 94 23 65 92 65 23 58 43 57 43 17 8 2 33 16 78 40 73 40 16 2 8 17 83 17 43 58 23 60 80 60 90 68 55 68 11 88 36 37 74 36 21 98 79 86 98 21 36 88 87 88 11 42 59 42 91 70 24 67 70 91 51 91 42 11 68 35 95 9 72 45 77 9 56 52 56 62 56 9 95 35 99
40
99 4
46 41 46
76 12
3 13 20 44 3
78 32 0
33 47 33
19 26 19
37 28 37
79 34
24 14 24
72 27
45 25 45
1 1
2 2
5 5
6 6
7 7
8 8
9 9
10 10
11 11
15 15
16 16
17 17
18 18
21 21
22 22
23 23
29 29
30 30
31 31
35 35
36 36
38 38
39 39
40 40
42 42
43 43
48 48
49 49
