SueJosephGarza TeresaAllenFoss ElsieJosephPhelps LillieKathleenCervan LillieKathleenCervan HarryEarlGehl FrankJennieBarker LauraPhilipWinkler WilliamMichaelBeckha EricWilliamHuffman WilliamMichaelBeckha MaryKarenVickers NathanKevinCorathers DorothyRichardChandl NathanKevinCorathers JamesRodneyUpshaw EugeniaKimberlyArauj AmyAnthonyGrayson AmyAnthonyGrayson JamesRodneyUpshaw NathanKevinCorathers MarleneCarrieLeveren NathanKevinCorathers AndrewRobertEvins BrianSarahCumming CarlWayneEdwards MaryNancyLuke JamesJaredGonzalez RhondaAshlynMoore JamesJaredGonzalez MaryNancyLuke CarlWayneEdwards JoelBrianAllton MauriceRichardWillia DarnellAliciaPeters DarnellAliciaPeters DanielWendyLundblad MartyDavidWill JerryAnnetteChilds MatthewLarryMeli MelindaKennethAzar JoseBerniceJohnston CharlesNancySasser RalphLisaMiller ChesterRosaPowell RalphLisaMiller CharlesNancySasser JoseBerniceJohnston MariaMarionSimons IraJimmyYang ThomasAnneNeave IolaElfriedaHemenway KennethPamelaManey KathleenPaulCollins KennethPamelaManey JamesGladysMccullar KevinHaroldCyr KarenErmaJensen RebeccaAgnesHoward KarenErmaJensen JamesGladysMccullar KennethPamelaManey JamiePatriciaSergi KennethPamelaManey IolaElfriedaHemenway JohnDustinKenny RubyWilliamGreer JohnDustinKenny IolaElfriedaHemenway ThomasAnneNeave IraJimmyYang MariaMarionSimons JoseBerniceJohnston MelindaKennethAzar MatthewLarryMeli MatthewLarryMeli JerryAnnetteChilds MartyDavidWill CharlesKristineWhite AnnaKyleChang AnnaKyleChang AnnaKyleChang CharlesKristineWhite PhyllisJackWilson JohnEdwardCaccavale JohnEdwardCaccavale MaryLindaKirkland MaryLindaKirkland DonaldDoloresKelly RichardLawrenceEspos BruceMargaretIngwers KarenFrancesBachelor HenryMarkUutela KarenFrancesBachelor BruceMargaretIngwers RichardLawrenceEspos GuyMinnieStewart JustinJavierToure RickyLeahGriffin FlorenceWarrenLong BruceTeresaNelson PamelaPageBullock JessicaJohnSpells JessicaJohnSpells PamelaPageBullock SueCourtneyOsgood CoraShaneAldana SueCourtneyOsgood FlorenceWarrenLong RickyLeahGriffin RonaldRobertHughes WilburnDavidMiller RobertJefferyFish WilburnDavidMiller EduardoCharlesThomps RobertDavidPhillips EduardoCharlesThomps WilburnDavidMiller RonaldRobertHughes RickyLeahGriffin AnthonyDavidBrewer RickyLeahGriffin JustinJavierToure BillyJoshuaBall JoelKatherineDuval JohnMarthaPriesmeyer PaulShaneSoldner PaulShaneSoldner SueJosephGarza
30
ElsieJosephPhelps JohnJoseJudd ElsieJosephPhelps
LauraPhilipWinkler MarianLuluDiaz LauraPhilipWinkler
EugeniaKimberlyArauj CrystalShermanVida WilliamGeorgeWilliam
BrianSarahCumming PaulEvanRichard
KevinHaroldCyr LucyBennyHaag KevinHaroldCyr
AndrewRobertEvins ThomasAnnieRuiz
FrankJennieBarker ChristinaDanaGrant BrianLuzArce
PhyllisJackWilson LuisHelenHughes PhyllisJackWilson
MarkRobertIvey OllieGeorgeSova
DonaldDoloresKelly AlfredaKirstenMartin DonaldDoloresKelly
BruceTeresaNelson MariaChristopherCast LeroySandraLewis
BillyJoshuaBall FranciscoFrancesHarr AshleyWilliamClarke
SueJosephGarza KennethShannonGardel
BrianRolandAli BrianRolandAli
PatriciaBernardBrock PatriciaBernardBrock
JamesJaredGonzalez JamesJaredGonzalez
MaryLindaKirkland MaryLindaKirkland
JessicaJohnSpells JessicaJohnSpells
DarnellAliciaPeters DarnellAliciaPeters
AnnaKyleChang AnnaKyleChang
WilburnDavidMiller WilburnDavidMiller
LillieKathleenCervan LillieKathleenCervan
PamelaPageBullock PamelaPageBullock
IraJimmyYang IraJimmyYang
KarenErmaJensen KarenErmaJensen
PaulShaneSoldner PaulShaneSoldner
SueCourtneyOsgood SueCourtneyOsgood
MelindaKennethAzar MelindaKennethAzar
NathanKevinCorathers NathanKevinCorathers
JohnDustinKenny JohnDustinKenny
