AlbertFredHaines JoannCharlieWilkinso DianeElisePickett FrancisCarolHebb WadeSonnyMcbride ManuelaJoseBailey LillianJuanAncona RickyJamesBrumfield RobertaVirgieBullock AllysonFlorenceSprin AdrieneKathleenShea JackieSharonScherrer JuliusMargaretKim JanelleEdwardEldridg JanelleEdwardEldridg JuliusMargaretKim AdrieneKathleenShea RickyJamesBrumfield ManuelaJoseBailey WadeSonnyMcbride FrancisCarolHebb JennieDeniseMathews JennieDeniseMathews JoannCharlieWilkinso WilliamDanielleBell BrendaLenaHarris DwainJoeFeldman MargrettKennethJorda MargrettKennethJorda JudeJanetHarcourt JohnDarrellThomas MarciaWalterKirschma MarciaWalterKirschma JohnDarrellThomas JudeJanetHarcourt DwainJoeFeldman MistyRobertKing JaredEvelynJones WilliamDavidGray MadeleineLeoRoberson JuanitaPhilipParsons MarkAnnetteHendrix HipolitoCandaceHunts GeorgeHenryVillar MinnieLesleyPaulk CharlesDiannaProfitt AndrewSadieBennett FriedaLindaMachesky KelliChristopherBanu KelliChristopherBanu KelliChristopherBanu FriedaLindaMachesky DavidRaymondJohnson MichaelMarkHolloway MichaelMarkHolloway HipolitoCandaceHunts MarkAnnetteHendrix WilliamDavidGray GloriaRuthRowland LaurelDwayneAnderson MabelCharleneGarcia MarthaJackRobinson RobertJosephNine RobertJosephNine MabelCharleneGarcia GloriaRuthRowland DwainJoeFeldman BrendaLenaHarris WilliamDanielleBell JoannCharlieWilkinso CeliaMaryBoone DeniseBrunoWilliam JeffJohnBruton JeffJohnBruton ClaytonFredrickRicha CarlosTamikaStrand CarlosTamikaStrand CarlosTamikaStrand ClaytonFredrickRicha PatriciaRichardSippe AlmedaLourdesSimpson AlmedaLourdesSimpson PatJasonAaberg CeliaMaryBoone FerdinandLukeJackson RolandGregoryWatson SusanSalinaZimmerman WayneGlendaDozier DeniceRobertHawkins AmyFloydTopper EdwardErnestSinger EdwardErnestSinger AmyFloydTopper DeniceRobertHawkins SusanSalinaZimmerman RolandGregoryWatson StormyOllieYork JoshuaDelmarFellers JessicaChristopherHa JessicaChristopherHa JoshuaDelmarFellers StephenSheldonOrlean DominiqueWilliamRoss NormaGarryReyburn NormaGarryReyburn DominiqueWilliamRoss StephenSheldonOrlean CeliaMaryBoone JoannCharlieWilkinso AlbertFredHaines
41
LillianJuanAncona CherylMaryMorgan PerryJamesBennett LillianJuanAncona
AllysonFlorenceSprin CraigJohnLard MarkDianeDuchon KathleenJoseClark
JackieSharonScherrer HeidiMayJohnson TravisMichelleMeller JackieSharonScherrer
RobertaVirgieBullock HowardKennethCollins SandraHarryStewart
DianeElisePickett MaryJamesDavila KellyJohnnaOles EdwardDennisStewart DianeElisePickett JudyPearlineKaminski
BernicePennyRiddick BrettDominickSonnier DorisJeffreyBinger EricTinaPerea SandraHarryStewart BernicePennyRiddick
AndrewSadieBennett ElmerDemetriusLark LynnKennethChavez JohnBrendaFuller
CharlesDiannaProfitt TommyAmandaMartin ZacharyWarrenKarth
MinnieLesleyPaulk AnnDeannaLarzazs
DavidRaymondJohnson GlennaMichaelBorden DenaJewellDavis
GeorgeHenryVillar EricTammyScott GeorgeHenryVillar
JuanitaPhilipParsons KevinThomasHiggins JosephAmandaMullen LawrenceBarryHadden
MadeleineLeoRoberson JohnRichardSmith
LaurelDwayneAnderson JimmyFlorTasson
MarthaJackRobinson KevinCharlesEvans DebraJaneFitzgerald StevenNeilNguyen MarthaJackRobinson
JaredEvelynJones JeremyJamesChavez
MistyRobertKing JannaDavidCarranza MistyRobertKing
DeniseBrunoWilliam PeterJosephBarbee CassandraJaniceGlove JoStephenMay JamesJordanZamora StephenWilliamCoffma GaryCharlesHudson DeniseBrunoWilliam
PatriciaRichardSippe RosaPatrickYankey
PatJasonAaberg MarkAngelaMccloud IsaacGregGargano DeeAmandaBartley
WayneGlendaDozier RonaldEdnaArant ClaudeBobbyBaker KathleenSherryDay EricJamesJuckett
StormyOllieYork GeorgeWilliamJackson RobinStephenWebster MichaelElizabethWeav ThomasEssieEwing StormyOllieYork
FerdinandLukeJackson CynthiaConnieWright FerdinandLukeJackson BradleyDeborahSaball
DwainJoeFeldman DwainJoeFeldman BernicePennyRiddick
RickyJamesBrumfield RickyJamesBrumfield
JudyPearlineKaminski JudyPearlineKaminski
LawrenceBarryHadden LawrenceBarryHadden
ZacharyWarrenKarth ZacharyWarrenKarth
KathleenJoseClark KathleenJoseClark
EdwardErnestSinger EdwardErnestSinger
JudeJanetHarcourt JudeJanetHarcourt DorisJeffreyBinger
BradleyDeborahSaball BradleyDeborahSaball
RolandGregoryWatson RolandGregoryWatson
WilliamDavidGray WilliamDavidGray
MarciaWalterKirschma MarciaWalterKirschma EricTinaPerea
ManuelaJoseBailey ManuelaJoseBailey
WadeSonnyMcbride WadeSonnyMcbride
JessicaChristopherHa JessicaChristopherHa
MichaelMarkHolloway MichaelMarkHolloway
JoannCharlieWilkinso JoannCharlieWilkinso
MargrettKennethJorda BrettDominickSonnier
