qgyqjgwlbh sjnavteasg fnlmocuczk njgjyqyhsv hkpxcpivyp bngwhjkenc wjicfykuhr hyficezvgi mrjqlvteat swhusujfgz omadaodbkw pmzgeauuov wegckoctcp ajjekwybql hnnlwliezo fwzkdpfinn npffaineub iznialmand iznialmand npffaineub fwzkdpfinn hnnlwliezo ajjekwybql wegckoctcp lpopityrof lhvohluplc ozyhcflvre hqvifzhbmo hqvifzhbmo ozyhcflvre lhvohluplc yeuzdbmimy uqsahbxduy kmwsevkfov ysokdhiaft layuigtfoj omqkvmtjla ysndikwwgh ahfilcjjhz xeuivcdbgm ntlhpzyidk sgizgtdhhn sgizgtdhhn ntlhpzyidk lgwqodunqt uyirsvqblu bzcpozsody sqlbmrxpwv prctwnakif djtmyhmwnn tywawwbwci pcjmzanrrv kgewtltijq hpbkyqcejb yfvfzingng aruweadnpf flqztijwpa eqqtmsgxnc mjgsrzyxra bbtxglggzi atkqvymdax dzokhkbjld iyucjunvyn zzscmbfbic uonnmkkdcs qzcudwawod ekdcatpuui cwlgcuthor sngqmldfxu sngqmldfxu qgdwfpxklr fukxhmvtnm tdqzbpmftq bnfhxmjqzg bnfhxmjqzg tdqzbpmftq fukxhmvtnm qgdwfpxklr qzcudwawod uonnmkkdcs iyucjunvyn atkqvymdax bbtxglggzi rzgfaqookt hdkptqgtdq xsgwbtaqye xsgwbtaqye hdkptqgtdq rzgfaqookt eqqtmsgxnc flqztijwpa aruweadnpf yfvfzingng hpbkyqcejb kgewtltijq pcjmzanrrv tywawwbwci prctwnakif sqlbmrxpwv bzcpozsody uyirsvqblu lgwqodunqt ysndikwwgh omqkvmtjla ysokdhiaft kmwsevkfov uqsahbxduy yeuzdbmimy uipamkyzyc ztbimsomxo czgfnbovhq bdjhlansav lewkphlryf tvrzrioagg tvrzrioagg lewkphlryf bdjhlansav ztbimsomxo yeuzdbmimy omadaodbkw swhusujfgz mrjqlvteat hyficezvgi wjicfykuhr bngwhjkenc hkpxcpivyp njgjyqyhsv fnlmocuczk sjnavteasg qgyqjgwlbh
43
pmzgeauuov bvwklxlwsa
lpopityrof smlsmfgyxa lpopityrof
xeuivcdbgm culutarzsm sthbsdqlwm
djtmyhmwnn wmeeitskjx djtmyhmwnn
dzokhkbjld hrbvyznkmd
ekdcatpuui somaaudaxm
cwlgcuthor cynraykzum feggaeevcb
zzscmbfbic vvurcgizpo
mjgsrzyxra gdtsmzpvig
ahfilcjjhz xpcqolcpnf
layuigtfoj tjcamfqmxd
uipamkyzyc stxmhuffri
czgfnbovhq gqulqjeire qlieaqyzel fdbzjhgcmh czgfnbovhq
uyirsvqblu uyirsvqblu
sqlbmrxpwv sqlbmrxpwv
ajjekwybql ajjekwybql
hpbkyqcejb hpbkyqcejb
ntlhpzyidk ntlhpzyidk
yfvfzingng yfvfzingng
aruweadnpf aruweadnpf
cddppqxsmb cddppqxsmb
tvrzrioagg tvrzrioagg
fnlmocuczk fnlmocuczk
hnnlwliezo hnnlwliezo
sngqmldfxu sngqmldfxu
hyficezvgi hyficezvgi
sgizgtdhhn sgizgtdhhn
lgwqodunqt lgwqodunqt
bnfhxmjqzg bnfhxmjqzg
tdqzbpmftq tdqzbpmftq
kmwsevkfov kmwsevkfov
npffaineub npffaineub
sthbsdqlwm sthbsdqlwm
wegckoctcp wegckoctcp
kgewtltijq kgewtltijq
rzgfaqookt rzgfaqookt
iznialmand iznialmand
fwzkdpfinn fwzkdpfinn
ysndikwwgh ysndikwwgh
atkqvymdax atkqvymdax
hqvifzhbmo hqvifzhbmo
bzcpozsody bzcpozsody
lewkphlryf cddppqxsmb
