dweidxeutk hxaoxcleei ebbcmbhgnc audojmtlep gpbaqafhdz irtbznwvcu jfjtxukxas irtbznwvcu odytfbnuuh irtbznwvcu gpbaqafhdz audojmtlep toeqvvzlae xqqirblyjw vpghbvlzxd ratnlmbmpr vpghbvlzxd xwsnmxufqy fdcwuptuol xwsnmxufqy vpghbvlzxd ienasnqnvt cpdpvshtof qrlovctbtr ugcbgcxkft qrlovctbtr cpdpvshtof ienasnqnvt vpghbvlzxd xqqirblyjw toeqvvzlae cxrfqntbtm thtlrbqsyp ivgiotlrrr quwglicgzs hkjeujbikz veqndedhgo vndbkokyhx veqndedhgo cwexpxaktw tbpduhasiq tbpduhasiq wfybmclpmp dllzvxpcgk qtqfcaqlxk vtcyzupdop kjgjbkdckc kjgjbkdckc sjqdgtugly bxdnijtmyn jojgjvziup yugelanmtk qnpmskdtgk ylgtgxhujb dlfzngcmgq okcwuqslme dfgysrnikx arrkheyths jxgwgvfggh tdtlnqnprm nmxtcoxqde tdrceqkdxs yvpkcvxaxy tdrceqkdxs mhohxeqbjo qmnmzrohyy qmnmzrohyy itejbhhfxs ouzfljsksj nqdbgeypdu xtugynuehn zvthfydofz nqdbgeypdu ouzfljsksj itejbhhfxs tdrceqkdxs jxgwgvfggh arrkheyths dfgysrnikx okcwuqslme hhrqqsxmle okcwuqslme dlfzngcmgq ylgtgxhujb depihfdmjk cowtuqqsll wlzaatlgns rwobvahhfa joegbqydne hpqsgalvar nxiuvgpakn zzydddjmri aihlvhrjir ggkwgytekr bcwzxsuutq tofdobbbjt scgsokjwvw gcfwrdoced ctnsbezpjg fuhtgylsov dsflclsebb rbtvffgaks klbefaxnzg gibfnosbtf jiowqcrqpz sjcwiapdwb wjjdafaxvv seqrxdjigd iqbyvqgkcp mdwwftewyk alsvefjqwa byauimhsik yfpgdksvbp slhhdjzlvi yfpgdksvbp byauimhsik ccdvhkjsma byauimhsik tsfmzxlyll njcgixsmgk gbihbtjqog xawomxeyut xawomxeyut gbihbtjqog njcgixsmgk tsfmzxlyll mdwwftewyk iqbyvqgkcp seqrxdjigd izzewlqzll fhrstihiac vqlbufoinm htfyksgccp gmvwahagsy gzmaqkqpht gmvwahagsy htfyksgccp yqabjcolzt ffisecgfqt akzsqllzsv eeimgsecwz yvizyauxul kgpqjqjrhc aqetyrnion kgpqjqjrhc rlgdknlxmz afkxpktsxw mnmjklgmnp sqejvmzqyo djsmjhzrzl gzauoljfbv gzauoljfbv kshthcslwf kshthcslwf afkxpktsxw efgyvzmusc wiwpekzeuz mgzyysypdp kpdfwhwwqb naqyljkxxq wbdpumkvfu hzhmlnosma auonnlthcz mjukgouxqr gnaoarsaof sdrvuvvtzb gnaoarsaof mjukgouxqr hzhmlnosma wbdpumkvfu naqyljkxxq kpdfwhwwqb mgzyysypdp wiwpekzeuz cygjsasavw wiwpekzeuz efgyvzmusc afkxpktsxw rlgdknlxmz kgpqjqjrhc yvizyauxul eeimgsecwz akzsqllzsv ffisecgfqt yqabjcolzt htfyksgccp vqlbufoinm fhrstihiac izzewlqzll gpghybacqh izzewlqzll seqrxdjigd jiowqcrqpz gibfnosbtf klbefaxnzg krhmpnlggt klbefaxnzg rbtvffgaks dsflclsebb fuhtgylsov ctnsbezpjg gcfwrdoced scgsokjwvw dzzxropcld ltjqdpdqwv ltjqdpdqwv tehmqpfdnn xdmzjapanj xdmzjapanj kufcwxmspu kufcwxmspu pgiiochubt xjxwbuyagf fpjetysfzj xjxwbuyagf pgiiochubt kufcwxmspu xdmzjapanj tehmqpfdnn ltjqdpdqwv dzzxropcld bcwzxsuutq ggkwgytekr aihlvhrjir zzydddjmri nxiuvgpakn hpqsgalvar joegbqydne rwobvahhfa wlzaatlgns wlzaatlgns igvmvwehwa wwmcjuetgz dnbdlutvqn bqrcwxsyuw xjosyuakry qoleivbobc cnbqxrvlvl cnbqxrvlvl wwmcjuetgz igvmvwehwa depihfdmjk ylgtgxhujb qnpmskdtgk yugelanmtk jojgjvziup ftmprcpodf jojgjvziup bxdnijtmyn sjqdgtugly kjgjbkdckc vtcyzupdop qtqfcaqlxk dllzvxpcgk huciphyuma gvxfzzmwzk flrbhumcno itouxsyevo ulneltboej qnujamvdng ulneltboej fxpsowceqq qjjslhkvnr yfoporpjol yuvmiwvrls yfoporpjol qjjslhkvnr fxpsowceqq ulneltboej mbuerlufof ulneltboej itouxsyevo flrbhumcno gvxfzzmwzk huciphyuma dllzvxpcgk wfybmclpmp tbpduhasiq cwexpxaktw veqndedhgo nimybvgttg agablikqzu rzqbegeoni xhbihjwgij rzqbegeoni agablikqzu zxdhdgzbde agablikqzu veqndedhgo hkjeujbikz khuymesdzs siwbsyuwap sxayjmxdia lotqtcczrg taoimnqdrr lgpbgvlzpo hnaaimhfnz ercawnbbtx ercawnbbtx hlimwiksjd pbrhlhvhzj xhlkhybpdb ercawnbbtx hnaaimhfnz lgpbgvlzpo taoimnqdrr lotqtcczrg vtquakjujf gkbqwvqnfu nmshjtpxad ijitmlykwi nmshjtpxad gkbqwvqnfu wqeazvzkdf pjsmzvnekz pjsmzvnekz qytpyhwawq fxejnitkot tigyjzilmz tigyjzilmz fxejnitkot qytpyhwawq gqwhfeepal bmqnvmwdel gqwhfeepal gkbqwvqnfu vtquakjujf lotqtcczrg sxayjmxdia siwbsyuwap khuymesdzs hkjeujbikz quwglicgzs ivgiotlrrr thtlrbqsyp cxrfqntbtm toeqvvzlae audojmtlep ebbcmbhgnc hxaoxcleei dweidxeutk
80
tdtlnqnprm zbgxyjmdnm cavyunvwuk tdtlnqnprm
mhohxeqbjo lzsvglcvqa
xtugynuehn rqchbdjiqp xtugynuehn
sjcwiapdwb uqhdcumthr sjcwiapdwb
wjjdafaxvv drtcvphibq
alsvefjqwa hjvmodgwdg
sqejvmzqyo elifcmozpf
mnmjklgmnp cmelcyxenw mnmjklgmnp
auonnlthcz vteisghgld auonnlthcz
tofdobbbjt gyjkhdbyvm pphebmysxy zdiibealli tofdobbbjt
cowtuqqsll tzpaywhybw cowtuqqsll
bqrcwxsyuw lvqqznnzyn bqrcwxsyuw
qoleivbobc rqmdukqpbg
dnbdlutvqn fwwnyjpwnp
nimybvgttg hcvrravrik nimybvgttg
hlimwiksjd rulcikswsa hlimwiksjd
wqeazvzkdf ftrqchqaif dldiwncohw wqeazvzkdf
dweidxeutk xdhiumwdwn
gkbqwvqnfu gkbqwvqnfu
efgyvzmusc efgyvzmusc
ouzfljsksj ouzfljsksj
fxpsowceqq fxpsowceqq
gqwhfeepal gqwhfeepal
xwsnmxufqy xwsnmxufqy
dzzxropcld dzzxropcld
akzsqllzsv akzsqllzsv
sjqdgtugly sjqdgtugly
vtquakjujf vtquakjujf
rzqbegeoni rzqbegeoni
cnbqxrvlvl cnbqxrvlvl
irtbznwvcu irtbznwvcu
ivgiotlrrr ivgiotlrrr
siwbsyuwap siwbsyuwap
depihfdmjk depihfdmjk
ctnsbezpjg ctnsbezpjg
audojmtlep audojmtlep
tehmqpfdnn tehmqpfdnn
cwexpxaktw cwexpxaktw
wlzaatlgns wlzaatlgns
wiwpekzeuz wiwpekzeuz
wfybmclpmp wfybmclpmp
ienasnqnvt ienasnqnvt
arrkheyths arrkheyths
wwmcjuetgz wwmcjuetgz
cxrfqntbtm cxrfqntbtm
gpbaqafhdz gpbaqafhdz
dfgysrnikx dfgysrnikx
okcwuqslme okcwuqslme
taoimnqdrr taoimnqdrr
hpqsgalvar hpqsgalvar
vqlbufoinm vqlbufoinm
gvxfzzmwzk gvxfzzmwzk
fxejnitkot fxejnitkot
fuhtgylsov fuhtgylsov
aihlvhrjir aihlvhrjir
klbefaxnzg klbefaxnzg
pgiiochubt pgiiochubt
kgpqjqjrhc kgpqjqjrhc
vpghbvlzxd vpghbvlzxd
dlfzngcmgq dlfzngcmgq
naqyljkxxq naqyljkxxq
cpdpvshtof cpdpvshtof
toeqvvzlae toeqvvzlae
bcwzxsuutq bcwzxsuutq
rwobvahhfa rwobvahhfa
qjjslhkvnr qjjslhkvnr
xdmzjapanj xdmzjapanj
afkxpktsxw afkxpktsxw
itouxsyevo itouxsyevo
jiowqcrqpz jiowqcrqpz
lgpbgvlzpo lgpbgvlzpo
ulneltboej ulneltboej
rlgdknlxmz rlgdknlxmz
nmshjtpxad nmshjtpxad
kjgjbkdckc kjgjbkdckc
kufcwxmspu kufcwxmspu
gmvwahagsy gmvwahagsy
iqbyvqgkcp iqbyvqgkcp
bxdnijtmyn bxdnijtmyn
dllzvxpcgk dllzvxpcgk
