Place72 Place18 Place0 Place49 Place10 Place65 Place32 Place27 Place27 Place10 Place70 Place88 Place28 Place88 Place70 Place7 Place70 Place10 Place48 Place84 Place35 Place64 Place35 Place16 Place46 Place16 Place35 Place24 Place19 Place5 Place55 Place68 Place55 Place42 Place99 Place99 Place20 Place9 Place99 Place55 Place53 Place93 Place62 Place96 Place4 Place94 Place94 Place4 Place21 Place63 Place21 Place51 Place21 Place93 Place79 Place82 Place79 Place58 Place79 Place45 Place19 Place2 Place90 Place66 Place15 Place54 Place54 Place15 Place66 Place92 Place97 Place73 Place97 Place92 Place6 Place92 Place52 Place17 Place17 Place52 Place69 Place19 Place25 Place39 Place25 Place19 Place24 Place84 Place48 Place56 Place3 Place36 Place36 Place59 Place59 Place56 Place29 Place95 Place29 Place56 Place48 Place67 Place13 Place38 Place12 Place38 Place22 Place23 Place31 Place11 Place23 Place8 Place80 Place80 Place23 Place22 Place38 Place13 Place48 Place10 Place18 Place72
33
Place0 Place77 Place0
Place65 Place33 Place30
Place20 Place98 Place34 Place20
Place42 Place78
Place62 Place60 Place91
Place96 Place61
Place58 Place1 Place87 Place58
Place53 Place83 Place26 Place53
Place5 Place71
Place90 Place81 Place47
Place2 Place89 Place86 Place2
Place3 Place50 Place85 Place3
Place31 Place57 Place41 Place31
Place8 Place75 Place40
Place67 Place43
Place36 Place36
Place16 Place16
Place15 Place15
Place52 Place52
Place29 Place29
Place59 Place59
Place10 Place10
Place54 Place54
Place23 Place23
Place93 Place93
Place56 Place56
Place48 Place48
Place19 Place19
Place22 Place22
Place88 Place88
Place17 Place17
Place4 Place4
Place18 Place18
