Egsmith Sudwich Wetwick Wetwick Cookford Chelmbeck Marlover Hurstlow Edgey Shaftbage Shaftbage Edgey Hurstlow Marlover Farnsmith Wychsmith Wychsmith Farnsmith Wenwold Stainby Brackbrough Waltdon Sudwell Sudwell Waltdon Brackbrough Stainby Wenwold Blanworth Durnell Burfield Durnell Blanworth Egsmith
26
Sudwich Wenbeck Stainbrough Ashbourne Pemlow
Chelmbeck Flitgrove Ashdown Chelmbeck
Cookford Chelmwang Cookford Egavon Wychbourne
Wychbourne Leathermere Stapbeck Wychbourne
Barnton Egavon Wychnell Chelmden Barnton
Egsmith Waltditch Alfchester Burbourne Wenside Barnton
Burfield Staplake Penborne Wychnell Shaftbridge Wywick Wychbeck
Stainby Stainby
Wenside Wenside
Wenwold Wenwold Leathermere Sudtree
Wetwick Wetwick Nortley
Farnsmith Farnsmith
Wychsmith Wychsmith
Ashbourne Ashbourne
Shaftbridge Shaftbridge
Wywick Wywick
Sudtree Sudtree
Edgey Edgey
Nortley Nortley
Brackbrough Brackbrough
Pemlow Pemlow
Wychbeck Wychbeck
Egtree Egtree
Shaftbage Shaftbage
Sudwell Stapbeck
Waltdon Chelmden Egtree
