Chelmbourne Shaftwich Hartgrove Shaftwich Chelmbourne Wetborne Casford Stainden Casford Stapwang Casford Wetborne Chelmbourne Edgwich Staintree Stafthorne Stapwell Bromgrove Stapwell Alfby Leatherlow Sudgrove Southmere Elwood Sudgrove Leatherlow Bracklow Barngrove Southstoke Prestbrook Egwood Edglow Dartsted Kingsbrook Wenden Stainfield Whitavon Nortcastle Egcastle Melborne Melborne Sudworth Wenwang Edgchester Edgchester Wenwang Sudworth Melborne Egcastle Nortcastle Whitavon Nortmoor Hornbridge Stapwold Marlton Alfwell Hornbeck Marlton Stapwold Hornbridge Nortmoor Wenden Kingsbrook Brainwell Southtree Brainwell Edglow Egwood Egchester Horswich Egchester Egwood Egborne Leatherlow Alddown Leatherlow Pembage Braincastle Pembage Stapwell Staintree Elgrove Whitborough Waltwood Harthall Whitover Whitover Harthall Waltwood Kingssted Prestey Sudwich Enlow Cookbrook Penling Cookbrook Enlow Maidenden Stainey Enlow Sudwich Prestey Aldport Alfditch Burchester Stapmoor Southbrough Hornford Hornney Hornford Southbrough Stapmoor Burchester Shrivdon Burchester Alfditch Aldport Dursted Aldport Prestey Casney Barnsmith Staintree Edgwich Chelmbourne
40
Stafthorne Hurstworth
Alfby Leatherlake Alfby
Southmere Stainhall Shrivside Southmere
Bracklow Pemwood Sodside Bracklow
Stainfield Pemwold Horncester
Alfwell Aldhall Alfwell
Dartsted Barnside Stapthorne Dartsted
Southstoke Brainbridge
Egborne Barnham Cookton Egborne
Barngrove Durditch Prestdon
Elgrove Wenborough Elgrove
Staflow Wyhead Staflow
Whitborough Bursted Horndown Stainside Whitborough
Enbage Kingsley Enbage
Maidenden Hartbage
Rocktree Cookbridge Rocktree
Sudwich Sudwich
Sudworth Sudworth
Elside Elside
Hornley Hornley
Shaftwich Shaftwich
Stapmoor Stapmoor
Wenwang Wenwang
Edgwich Edgwich
Casford Casford
Flitham Flitham
Waltbrook Waltbrook
Edgchester Edgchester
Whitover Whitover
Prestey Prestey
Wenden Wenden
Shrivlow Shrivlow
Leatherlow Leatherlow
Egcastle Egcastle
Cleredon Cleredon
Stapwell Stapwell
Staintree Staintree
Whitavon Whitavon
Marlton Marlton
Enlow Enlow
