qtq xzk pjx rcs ifc fsl sfp blo gac llr uca qnn tvy tvy qnn uca gac sfp fsl apg wuf vsu cov lbs jxq itg ick xzf mmf xou qlo qls qyi bwq bwq qyi qls qlo opt hhe hhe opt ick itg jxq lbs cov vsu wuf apg fsl ifc xmz wpq rwt qbh cer tmc udq qbj dcv dcv udq pwa osc xax gfp otp zye ooi nxr ynq orc bpm gup fib fib cxu qoe qoe cxu fib gup bpm nhk unf vlt vlt unf nhk bok bok ynq nxr ooi mln yiz ili bsz iuz nfy czf hxp qbq nhr viv tro viv qbq hxp czf ooc ooc iuz bsz ili yiz mln otp pug fgo fbz gud egz egz egz gak gak egz egz gud fbz fgo pug pwa udq tmc cer qbh wpq xmz ifc rcs xzk uxr wuc npu zho zho npu wuc oto oto qtq
71
llr xos ukh lah
blo rju zgs uwp
mmf vaf ase
xou spp lnv cpw
xzf rxi zbn
rwt kza uoz rwt ahv
qbj pxs rut mnv qbj dkn
gfp thz
orc zqn nkx ptq hpb lxt orc pkx
nfy plx idl tnl nfy
nhr slq wiq nhr
wpo jta eqm
tro mbx tmd tro jta eqm htv
art brk
zye rod
xax txk qfc xax
osc vub bai qjm cjp
pjx pta pjx
uxr cnv xdz uxr thd ahy
ahy jno ahy
qtq wju
hhe hhe
htv htv
itg itg
nhk nhk
ase ase
krg krg
gup gup
ifc ifc
qbe qbe
pkx pkx
qnn qnn
dkn dkn
wuc wuc jno
sfp sfp
cpw cpw
ooi ooi
zgf zgf
pwa pwa
ynq ynq
tmc tmc
fgo fgo
bsz bsz
hxo hxo
lah lah
egz egz
uca uca
npu npu
vlt vlt
hxp hxp
wuf wuf
ili ili
fsl fsl
yiz yiz
iuz iuz
cxu cxu
gak gak
udq udq krg
ooc ooc brk
lfh lfh
viv viv
thd thd
qlo qlo
wpq wpq
ahv ahv
qls qls
vsu vsu
pug qbe
zho zgf
tvy hxo
qyi lfh
