gv xr bj nx bj az gz mg ej xm rx ej wd ej mg gz ci zh jm ur du fz ij nc dw vf jz fm wl fm lu fr fr rp su vs rg av im im rg vs su rp fr il fr vf dw nc ps wm wc kx hz hz lt wc wm ps nc ec ve ub oc pf oc ub ve ng sx wz sx ng nc ij fz zt fz ll ds ev ev yj ph yj ev ds if ue jm zh ci rd ci cp ft gv
29
xr zc
xm oa xm
du mb
jz yl
av sc gu bx
il et uj il
lu ef
kx cm yo my kx
ec wo ec
ur ay ur
if bg
az ho zo
dw dw
hz hz
ej ej
ea ea
bj bj
sx sx
rp rp
yj yj
ij ij
ve ve
fz fz
gz gz
vf vf
vs vs
fm fm
su su
ds ds
