Soda Bristol Sojourner Bret Altavista Altavista Whitaker Kenilworth Woodside Kenilworth Latham Station Latham Fresno Bowditch Bowditch Bowditch Olympus Colorado Olympus Woodhaven Eunice Tyler Vistamont Lewiston Buena Blake Tulare Garber Addison Shasta Columbia Byron Santa Byron Columbia Shasta Alamo Shasta Acacia Plaza Shasta Addison Belrose Eola Belrose Bancroft Cutter Sport Vicente Summit Michigan Berryman Michigan Summit Vicente Alvarado Senior Bancroft Roosevelt Bancroft Tulare Haviland Oregon Anne Arch Indian Arch Anne Haviland Tulare Park Drury Park Tulare Blake Buena Wheeler Dartmouth Wheeler Marin Greenwood Heinz Russell High Amador High Russell Heinz Breakwater Breakwater Fernwald Visalia Ajax Ajax Visalia Fernwald Wheeler Woodhaven Olympus Arcade Latham Acroft Latham Sojourner Keeler Hopkins Wildcat Hopkins Soda
34
Soda Browning
Bret Martin Vermont Terrace Poppy Bret
Fresno Haskell Bataan Fresno
Eunice Allston Eunice
Acacia Domingo
Garber Florida Fulton
Sport Burnett
Alvarado Overlook
Cutter Muir Cutter
Oregon Comstock Poplar
Lewiston Edith Lewiston
Greenwood Haste Greenwood
Marin Madera Forest Marin
Keeler Pardee Keeler
Bristol Hospital Bristol
Addison Addison
Ajax Ajax
Anne Anne
Arch Arch
Bancroft Bancroft
Belrose Belrose
Bowditch Bowditch
Byron Byron
Columbia Columbia
Colusa Colusa
Haviland Haviland
Heinz Heinz
High High
Kenilworth Kenilworth
Mabel Mabel
Menlo Menlo
Shasta Shasta
Spring Spring
Summit Summit
