AZ AU AY AU BM DK BR DQ BZ CO CO BF CQ AI AR AM AR AI CQ AG CQ BF DQ CM DQ DI CL DA CL DI BJ DU BJ DS AQ DS BJ CW BJ DI DQ BR DK AW BT AL BH AP BC BP AV CX BO BU CB DF DH AD DH BO BO CX BY DM DM BY BC AP CG BG CH AJ DE DP AT CC DG DJ CK CU CK AK AB CK CC AT CF AT DN AT DP DE BA CV CZ BV CS BV AC BV CZ BN CZ CV BA DE AJ CH CH BG BH BQ CE CE BQ BT AW DK AU AZ DT CI CI AZ BB DR BB AZ
33
BM AS AX
BZ CD DC BI
BU CJ BU
CB DO CT
DF BE DB AF
AV AH CR AV
BP BX BP
DG BW
AK AA DL
CG AN CP CG
AL AE CN AL
DT BS DD DT
BJ BJ
CL CL
CK CK
CZ CZ
BO BO
DQ DQ
CY CY
DE DE
CV CV
CO CO
AJ AJ
DM DM
BQ BQ
DV DV
BD BD
CC CC
BK BK
AI AI
AO AO
BL BL
AR AR
