FD CZ HB HD EV EV HD HB CZ BG DI GP DF AS AE DD HE ES HO BS HP EP DG FM FA GC HF BY BR EL FP CL GA AZ AZ GA CL AB AB EL GJ GJ CP CP BY HF GC FA FM CW FR AL GZ ED EO AP DR FX HI EC AD EC HI HR EB DB DB EB HR DR EO ED ED ED GZ AL FR FM DG EP HP BS AI BK BK AI GD CS GX FQ CE CE CE GU EX HQ HK CV GT FJ HC DW EZ FY HM HM ER FL FL CB CN BA GN GN BA CN CB FL HM HM FY EZ DW FJ GT CV HK HQ EX GX CS GD HE AE AS DF GP DI BG GK DP DP GK BV AC FE GH FK FG FG CM HH HH BV FD
72
FD AW CU AU
DD GO
EM AT EM
BC BN BC
FP DZ BE EJ DC FP GQ
BR ET
GM EW
AD FT BM AK AD BZ DK
FX EY AJ
AP CT
GG DH GR
CW BQ CI CW GF
HO AM HO
ES GS FI ES EM
FQ AX DQ FS
ER FN DN FV CF CC DA ER
HC EG BF HC
GU FO CO
AC AF BO FU
FK DU DM
GH CA
FE CK
CM DE AG EE BT CG
DB DB
GC GC
FJ FJ
EZ EZ
FR FR
GK GK
AV AV
BZ BZ
EL EL
DP DP
FM FM
HP HP
GZ GZ
HB HB
FS FS
BK BK
HF HF
AU AU
EK EK
GP GP
DF DF
CL CL BC
BT BT
GD GD AT AV
HH HH
CS CS
CG CG
FY FY
AZ AZ BN
DI DI
GX GX
GQ GQ
DK DK
EO EO
BA BA
HD HD
EX EX
GN GN
CB CB
BG BG
GA GA
BV BV
HR HR
EN EN
GF GF
CP EW
ED DH GR
HM EK
FL EN
