Cleresmith Whitby Bothensborough Sodmersmith Chedlake Chippenringfield Ketterwold Milditch Winhead Wydon Edgney Whitseyborough Todderworth Southling Warrerbage Durblechester Melwold Dribbasborne Hanworth Sunderbrough Chillerlow Leatherglefield Eggerrensling Hannerworth Buravon Waltcombe Dribbinggrove Cheddlesport Pendton Skelwang Elfield Warblesdown Handlechester Wolvingrethorne Cammingbury Blanden Egwood Wolborne Skelcastle Cannerrebeck Eggendhampton Ciside Hartrenslow Enderavon Pemhampton Hampensshot Reddenwell Suddlebrough Shrivditch Pendingstoke Stainsdenwold Ashworth Cannenringwell Burrensham Elmsbrook Chilcompcester Blandlesney Hanscombe Watchmanshead Chippenden Camsdenden Botlow Rockhead Bootworth Elmsnell Dribbingenborne Dribside Wendlemerford Dribside Dribbingenborne Elmsnell Bootworth Rockhead Botlow Camsdenden Watchmanshead Hanscombe Blandlesney Chilcompcester Elmsbrook Burrensham Cannenringwell Ashworth Pendingstoke Shrivditch Suddlebrough Reddenwell Hampensshot Pemhampton Enderavon Ciside Eggendhampton Cannerrebeck Skelcastle Wolborne Egwood Blanden Wolvingrethorne Handlechester Warblesdown Elfield Skelwang Pendton Cheddlesport Waltcombe Buravon Hannerworth Eggerrensling Leatherglefield Chillerlow Sunderbrough Dribbasborne Melwold Durblechester Warrerbage Southling Todderworth Whitseyborough Wydon Winhead Milditch Ketterwold Chippenringfield Chedlake Sodmersmith Whitby Cleresmith
26
Cleresmith Warringwood
Bothensborough Chippingwood
Edgney Basfield
Hanworth Ellingey
Dribbinggrove Pendrenslake
Cammingbury Soddenreey
Hartrenslow Cammenenwich
Stainsdenwold Reddentree
Wendlemerford Wetley Ribney
Chippenden Shrivden
Ketterwold Ketterwold
Milditch Milditch
Warrerbage Warrerbage
Durblechester Durblechester
Eggerrensling Eggerrensling
Hannerworth Hannerworth
Elfield Elfield
Warblesdown Warblesdown
Skelcastle Skelcastle
Cannerrebeck Cannerrebeck
Reddenwell Reddenwell
Suddlebrough Suddlebrough
Elmsbrook Elmsbrook
Chilcompcester Chilcompcester
Rockhead Rockhead
Bootworth Bootworth
