Whitgrove Worberney Egwick Staplow Rotcester Staplow Waltham Staplow Egwick Worberney Ellerbridge Boothingchester Ashenhead Ketchester Watchlake Bursted Botbage Penddenchester Pemnell Rothingcombe Ribenwell Chilmerdon Ribenwell Pemnell Stapby Pemnell Ketnell Rockbage Sundcompney Prestwick Wychchester Durbrook Falderseythorne Worford Elwold Hamscombe Stainbrough Maidendstoke Basbage Alddleringworth Chipbridge Basbage Southmere Ribberrenston Farnditch Shaftmoor Braddlesnell Shaftmoor Ribberrenston Southmere Rothead Chilsmith Rothendcombe Wychditch Cookfield Egford Staindledown Endingnell Toddenmerbrough Casbrook Windleshead Casbrook Toddenmerbrough Endingnell Staindledown Wychditch Rothendcombe Dribwold Burblemansbage Rothendcombe Enborough Boothendhall Southmere Waltcompbrook Southmere Egsted Sodderover Leatherbourne Fullencester Leatherbourne Sodderover Egsted Southmere Rothingenbage Southmere Basbage Maidendstoke Ribglesstanworth Hampingworth Botenbrook Bromrenslake Botenbrook Tipstoke Fulhampton Botenbrook Hampingworth Egmerditch Maidendlegrove Egmerditch Falderseythorne Bromssmith Wenton Bromssmith Barndlesborough Skellingover Candleswick Melwood Egmerhampton Shaftwick Hurstdown Botshot Toddingchester Stafcombe Waltbasmere Toddingchester Hurstdown Tippingtree Hurstdown Shaftwick Egmerhampton Pemton Egmerhampton Marlbeck Candleswick Egton Candleswick Skellingover Barndlesborough Waltbeck Cannerthorne Elside Wetsmith Warsmith Falderbrough Marlbrook Shafthead Marlbrook Falderbrough Toddlesdon Falderbrough Horsnell Siavon Abgleham Sundlethorne Redwich Horsmere Redwich Abgleham Siavon Horsnell Ciborough Wetsmith Elside Ciringnell Penby Hamborne Penby Ciringnell Elside Cannerthorne Stafavon Hornsmercombe Elfield Hornsmercombe Ribbenhall Boothingmanstree Edgwich Boothingmanstree Ribbenhall Hornsmercombe Stafavon Chillingbridge Basditch Tipbeck Burglemere Southbury Bassinghead Nortwell Marlcester Dartdown Marlcester Nortwell Bassinghead Southbury Tipbeck Basditch Skellingseybrough Basditch Barndlesthorne Prestwick Sundcompney Rockbage Botbage Botwick Endingrensby Botwick Botbage Bursted Endlenell Bursted Ketchester Hamsborough Ketchester Worrenberwang Worbrook Worrenberwang Bromstanham Botmermoor Whitgrove
74
Wycastle Todhampton Wycastle
Boothingchester Chedworth Whitringlake
Rothingcombe Milthorne Rothingcombe
Ketnell Wychcompwold Ketnell
Worford Rotherlow Dribberham Worford
Alddleringworth Shaftborough Cihead
Worhall Reddendeney Worhall
Farnditch Abglewold Farnditch
Cookfield Emmerley
Dribwold Eley Stapbrough
Chilsmith Hamwold
Rothead Bothenhall
Stainbrough Wendleringdown
Hamscombe Skelberden Alfmere
Tipstoke Endleberey Tipstoke
Durbrook Sodport Durbrook
Melwood Wolley Dartden Melwood
Botshot Falworth
Stafcombe Wetwick
Marlbeck Staincombe Abcester Wethampton
Sundlethorne Blansbrook Sundlethorne
Warsmith Horstleover
Burglemere Hampingbascombe
Waltbeck Redcombe Waltbeck
Wychchester Siey Wychchester
Penddenchester Bothenton
Watchlake Tippingbage Farndlesover Watchlake
Ellerbridge Suddingover Ellerbridge
Bromstanham Clereennell Bromstanham
Whitgrove Bursmith Dribblecombe
Sifield Sifield
Worrenberwang Worrenberwang
Cannerthorne Cannerthorne
Ketchester Ketchester
Enderbeck Enderbeck
Bastlebury Bastlebury
Faldenhall Faldenhall
Siavon Siavon
Hampingcastle Hampingcastle
Casbrook Casbrook
Southbury Southbury
Egmerhampton Egmerhampton
Penby Penby
Horsnell Horsnell
Staplow Staplow
Wetsmith Wetsmith
Nortwell Nortwell
Ribberrenston Ribberrenston
Basditch Basditch
Prestwick Prestwick
Elside Elside
Endingnell Endingnell
Bootwick Bootwick
Suddenmoor Suddenmoor
Southmere Southmere
Skellenshot Skellenshot
Hampingworth Hampingworth
Sirenshall Sirenshall
Candleswick Candleswick
Rothendcombe Rothendcombe
Botbeck Botbeck
Tippenbrook Tippenbrook
Toddenmoor Toddenmoor
Leatherport Leatherport
Skellingover Skellingover
Sodberling Sodberling
Tippendham Tippendham
Marlbrook Marlbrook
Abgleham Abgleham
Marlcester Marlcester
Sundendford Sundendford
Boothingmanstree Boothingmanstree
Falderseythorne Falderseythorne
Egsted Egsted
