Warfield Chilbury Hammenshead Cicombe Dribcastle Candlegrove Elmswang Burcombe Abberhampton Burcombe Wyborne Horndlecompside Nortchester Cammerrensmoor Suddleborne Elbury Suddleborne Cammerrensmoor Sirensgrove Cammerrensmoor Whitchester Chedchester Emmingborne Flitside Wyey Tipport Egwood Tipport Wyey Flitside Emmingborne Emmerdown Fulbage Emmerdown Wargleentree Skelbeck Wargleentree Emmerdown Emmingborne Chedchester Siringwang Chedtree Siringwang Fullerbourne Suddlecastle Bothendwood Suddlecastle Cammerwich Elavon Burcombe Elmswang Candlegrove Dribcastle Nortencester Dribcastle Cicombe Rotcombe Enswang Ciditch Braddlebrook Enswang Shrivbury Alfseycastle Sunswood Alfseycastle Shrivbury Enswang Rotcombe Cicombe Falport Pendlewood Faldinghead Bothingney Bothingney Faldingney Hamsey Hannenmanswick Ashborne Tipwick Cannerthorne Chedderrenswich Dartseyworth Chedderrenswich Cannerthorne Todtree Worhall Dribbingworth Worhall Barndberbrough Camwood Chelmstanwell Chelmstanwell Camwood Skellingden Dribblewick Windling Ellenby Dribblewick Skellingden Worhall Todtree Cannerthorne Cannerthorne Tipwick Ashborne Hamsey Faldingney Rocktree Faldingney Cicombe Hammenshead Warfield
33
Chilbury Brackcompwang Chilbury
Horndlecompside Ellingreham Bastleseyham
Ashfield Ketport Ashfield
Wyborne Basringney Chippingsted Wyborne
Chedtree Elmansham Chedtree
Whitchester Suddleover Whitchester
Ciditch Chiphead Northall
Pendlewood Horstlescompstoke Pendlewood
Hannenmanswick Worberbrook Soddlewick Hannenmanswick
Dribbingworth Leatherbleside Skelling Dribbingworth
Barndberbrough Hammerringey Barndberbrough
Windling Millendon Windling
Falport Botherseyworth Falport
Cambingstoke Cambingstoke
Ashborne Ashborne
Stainbrough Stainbrough
Tipwick Tipwick
Suddlecombe Suddlecombe
Todtree Todtree
Cammerrensmoor Cammerrensmoor
Chelmstanwell Chelmstanwell
Pendingbrook Pendingbrook
Burglebrough Burglebrough
Siringwang Siringwang
Chedderrenswich Chedderrenswich
Worhall Worhall
Skellingden Skellingden
Southbasport Southbasport
Sudsmith Sudsmith
Hamsling Hamsling
Cicombe Cicombe
Suddlecastle Suddlecastle
Suddleborne Suddleborne
