Hamsbourne Sundlechester Melcompton Sundlechester Camsborne Sundlechester Hamperrehampton Prestbourne Elbage Horscompborne Hartlow Todbeck Hartlow Horscompborne Redderwold Horscompborne Elbage Cimansbrough Wendleslake Boothenrensborough Candlesdon Chillendringbourne Candlesdon Suddingbeck Candlesdon Boothenrensborough Wendleslake Cimansbrough Elbage Shrivbridge Elbage Enderton Shaftthorne Skelgrove Pemstree Chilringfield Egdown Ribbleshot Ellerbeck Ribbleshot Egdown Egginglow Burrerlake Emmingrensbridge Burrerlake Hamperrehampton Hamsbourne
18
Skelgrove Warrewick
Shaftthorne Sudbage Shaftthorne
Enderton Hartberbury Melshot Chipsted Enderton
Botherstanport Camswich
Prestbourne Wolvencester Prestbourne
Chilringfield Ciley Rocklow Chilringfield
Egginglow Sodderrenshead
Hamsbourne Cammercastle
Hamperrehampton Hamperrehampton
Sundlechester Sundlechester
Candlesdon Candlesdon
Leatherblesley Leatherblesley
Chipfield Chipfield
Camhampton Camhampton
Rotmerby Rotmerby
Sunderborough Sunderborough
Boothenrensborough Boothenrensborough
Cimansbrough Cimansbrough
