0 1 2 3 4 19 34 4 5 6 7 8 9 24 23 22 38 53 68 52 36 50 65 64 62 64 65 50 36 51 66 51 36 52 68 53 38 22 23 24 39 24 9 10 11 12 27 43 58 73 57 41 55 70 69 67 69 70 55 41 56 71 56 41 57 73 58 59 74 72 74 59 58 43 27 28 29 14 29 44 29 28 27 11 10 26 42 26 10 25 40 54 40 25 10 9 8 7 6 21 37 21 4 3 2 1 16 32 16 17 33 48 63 47 31 45 60 45 31 46 61 46 31 47 63 48 49 48 33 17 16 0
28
19 18
12 13
5 35 5
0 30
3 3
8 8
10 10
15 15
20 20
23 23
25 25
28 28
31 31
36 36
40 40
41 41
45 45
46 46
47 47
50 50
51 51
52 52
55 55
56 56
57 57
63 63
68 68
73 73
