0 1 2 3 18 19 4 5 6 7 8 9 24 22 22 39 9 10 11 12 27 43 58 59 103 102 118 102 103 43 27 28 29 14 29 44 29 28 27 11 10 26 42 26 10 25 40 54 40 25 10 9 8 7 6 21 37 21 4 18 3 2 1 0 16 32 16 17 33 48 62 64 65 50 36 51 66 67 69 70 85 101 117 101 70 69 67 66 51 36 50 65 80 81 82 83 84 99 98 97 113 97 98 99 114 99 84 83 82 81 96 112 96 65 64 62 49 33 17 16 0 15 30 45 31 46 61 46 31 45 60 75 78 79 79 78 91 60 45 30 15 0
47
24 52
12 13
58 57
59 55 119
5 35 5
19 34
85 88 115 116 85
80 110 111 80
48 47
75 93 109 105 75
91 120 121 124
3 3
7 7
8 8
10 10
15 15
18 18
20 20
23 23
25 25
28 28
30 30
31 31
36 36
40 40
41 41
45 45
46 46
50 50
51 51
56 56
63 63
68 68
70 70
71 71
73 73
76 76
78 78
83 83
90 90
95 95
98 98
100 100
103 103
106 106
108 108
122 122
