0 103 170 1 129 146 136 91 114 85 99 115 30 115 68 37 68 72 43 72 88 72 190 48 64 64 31 94 86 86 186 193 178 148 178 193 81 112 181 171 181 196 66 123 66 26 66 82 66 196 179 172 179 196 181 86 94 34 94 31 150 111 158 150 48 13 48 190 55 11 157 50 61 24 164 35 167 107 159 87 140 87 159 52 7 52 159 147 159 131 137 191 134 128 168 156 46 141 60 83 40 73 83 168 125 169 168 128 134 191 127 109 165 192 127 191 137 131 107 33 142 107 167 167 164 24 101 15 189 93 132 144 23 144 132 162 27 185 122 185 54 185 5 53 154 116 6 153 38 57 90 57 38 6 174 154 56 154 53 113 80 53 5 185 41 185 27 162 132 92 108 102 21 102 108 92 132 93 124 139 183 139 124 93 189 15 101 24 61 71 61 77 182 45 96 67 47 47 67 96 45 182 77 157 157 11 136 146 198 146 16 146 129 187 129 1 170 2 170 195 170 103 163 194 76 177 76 194 163 103 0
67
0 49 155
99 175 99
186 17 58 106 69 186
105 197
81 78 121 81
26 166 151 176 26
111 149 126 111
118 79
85 160 145 85
19 74 19
91 63 70 91
35 138 9
141 14 20 130
40 36
60 100 12 104
156 25 156
125 133 125
109 173 65 89 109
33 184
116 32 75 120 116
153 44
113 98
62 18
50 95 119 50
179 179
83 83
6 6
103 103
178 178
64 64
185 185
48 48
196 196
24 24
28 28
182 182
180 180
194 194
159 159
4 4
42 42
108 108
193 193
22 22
67 67
77 77
157 157
87 87
51 51
39 39
117 117
139 139
102 102
137 137
10 10
38 38
96 96
134 134
128 128
31 31
168 168
170 170
27 27
47 47
146 146
163 163
199 199
