location0 location99 location0 location48 location18 location76 location18 location48 location72 location48 location0 location47 location51 location47 location54 location47 location0 location66 location32 location81 location32 location55 location98 location92 location89 location10 location70 location8 location57 location8 location22 location86 location91 location53 location2 location67 location2 location80 location2 location30 location9 location9 location30 location91 location21 location21 location26 location90 location26 location46 location85 location60 location85 location89 location24 location24 location7 location14 location29 location1 location25 location79 location82 location73 location3 location27 location65 location96 location95 location96 location52 location96 location16 location68 location16 location69 location28 location33 location97 location33 location28 location59 location84 location56 location84 location59 location16 location96 location65 location27 location3 location73 location93 location73 location82 location78 location82 location79 location87 location79 location25 location62 location25 location14 location7 location24 location89 location94 location89 location77 location89 location98 location74 location15 location31 location88 location88 location31 location15 location74 location32 location66 location0
39
location10 location36 location10
location53 location12
location86 location35 location23
location34 location41 location34
location22 location42 location6 location22
location46 location49 location46
location29 location4 location29
location1 location11 location45 location1
location69 location50
location5 location19 location44 location5
location92 location20
location55 location13
location2 location2
location3 location3
location7 location7
location8 location8
location9 location9
location14 location14
location15 location15
location16 location16
location17 location17
location18 location18
location21 location21
location24 location24
location25 location25
location26 location26
location27 location27
location28 location28
location30 location30
location31 location31
location32 location32
location33 location33
location37 location37
location38 location38
location39 location39
location40 location40
location43 location43
location47 location47
location48 location48
