location0 location11 location118 location143 location190 location140 location130 location35 location25 location123 location199 location35 location187 location35 location27 location157 location157 location27 location119 location190 location155 location106 location72 location93 location105 location97 location133 location48 location183 location80 location136 location171 location136 location80 location183 location48 location32 location90 location91 location175 location91 location90 location32 location195 location103 location197 location132 location121 location103 location195 location32 location48 location54 location60 location177 location169 location133 location97 location178 location101 location178 location97 location164 location97 location105 location93 location145 location191 location173 location196 location138 location196 location188 location67 location126 location159 location126 location34 location110 location170 location2 location51 location156 location51 location160 location18 location92 location150 location92 location18 location115 location28 location135 location115 location18 location160 location51 location108 location192 location108 location51 location2 location170 location189 location53 location50 location30 location99 location99 location30 location50 location53 location152 location3 location117 location161 location141 location166 location89 location41 location186 location120 location89 location166 location102 location166 location193 location61 location61 location76 location162 location146 location21 location167 location158 location167 location146 location76 location170 location176 location126 location153 location126 location6 location129 location128 location63 location144 location63 location128 location127 location128 location129 location6 location83 location124 location5 location172 location168 location172 location5 location131 location46 location16 location147 location114 location147 location139 location116 location139 location147 location16 location46 location131 location185 location131 location5 location83 location6 location154 location184 location26 location113 location36 location109 location36 location113 location56 location122 location125 location122 location149 location149 location6 location188 location155 location190 location37 location104 location78 location49 location142 location112 location142 location137 location142 location49 location78 location78 location7 location111 location182 location190 location11 location198 location11 location0
78
location0 location55 location57
location13 location19 location88 location96 location13
location25 location38 location95 location25
location123 location58
location151 location47
location140 location85
location72 location73 location72
location197 location9
location132 location44
location60 location14 location60
location54 location39 location81 location54
location107 location45
location106 location8
location173 location17
location28 location86 location20 location28
location189 location84
location117 location24
location186 location31
location41 location10 location41
location141 location75
location3 location15 location3
location152 location79
location21 location70 location59 location21
location162 location77
location34 location4 location34
location124 location52
location154 location33
location26 location82 location26
location184 location71
location56 location42 location56
location67 location43 location67
location37 location69 location37
location179 location62
location104 location66
location7 location100 location7
location111 location29
location118 location94
location1 location1
location2 location2
location5 location5
location6 location6
location11 location11
location12 location12
location16 location16
location18 location18
location22 location22
location23 location23
location27 location27
location30 location30
location32 location32
location35 location35
location36 location36
location40 location40
location46 location46
location48 location48
location49 location49
location50 location50
location51 location51
location53 location53
location61 location61
location63 location63
location64 location64
location65 location65
location68 location68
location74 location74
location76 location76
location78 location78
location80 location80
location83 location83
location87 location87
location89 location89
location90 location90
location91 location91
location92 location92
location93 location93
location97 location97
location98 location98
location99 location99
