SantaClarita Carrollton Lubbock Reno Durham FortCollins Spokane Berkeley Spokane Fremont GardenGrove Victorville Shreveport Huntsville Beaumont Beaumont Huntsville Shreveport Victorville GardenGrove Fremont Durham Reno Frisco PembrokePines Austin Indianapolis Stockton Pomona Allentown Peoria Wichita Chesapeake Escondido Oakland Memphis Modesto Independence OverlandPark OverlandPark Fayetteville Fontana Irvine SantaAna SantaRosa Newark OklahomaCity Tulsa Madison Madison Miami Cary RanchoCucamonga Washington Tempe McAllen Lancaster Surprise Torrance Sunnyvale Sunnyvale Surprise Lancaster McAllen Tempe RanchoCucamonga Cary Miami Milwaukee Milwaukee Newark SantaRosa SantaAna HuntingtonBeach HuntingtonBeach Bellevue Davidson Alexandria Alexandria Davidson Bellevue Fayetteville Modesto Oakland Escondido Chesapeake Wichita Peoria Omaha Ontario Boston Boston Ontario Omaha Pomona Stockton Indianapolis Austin PembrokePines Carrollton SantaClarita
39
Lubbock Concord
Berkeley Stamford Paterson
FortCollins Midland NewportNews
Frisco LexingtonFa StLouis Waco
Memphis Yonkers
Independence SiouxFalls Independence
OklahomaCity LosAngeles Lafayette OklahomaCity
Tulsa StPetersburg Brownsville
Torrance Visalia Henderson
Washington WestValleyCity Washington
Irvine Scottsdale
Fontana Garland
Allentown LongBeach LouisvilleJefferson Allentown
Victorville Victorville
Shreveport Shreveport
Sunnyvale Sunnyvale
Newark Newark
GardenGrove GardenGrove
Pomona Pomona
Carrollton Carrollton
Worcester Worcester
Bellevue Bellevue
Fayetteville Fayetteville
Alexandria Alexandria Worcester
Boston Boston Hartford
Omaha Omaha
Beaumont Beaumont
Huntsville Huntsville
PembrokePines PembrokePines
Hartford Hartford
RanchoCucamonga RanchoCucamonga
Ontario Ontario
Austin Austin
Stockton Stockton
Indianapolis Indianapolis
Wichita Wichita
Orlando Orlando
Surprise Surprise
Madison Orlando
