Plano SantaClara LongBeach Amarillo Chandler Amarillo Cary OklahomaCity Rochester Oakland Rochester Gainesville Rochester SanFrancisco Warren Tacoma Abilene MorenoValley Paterson MorenoValley Pasadena Norman Washington Washington Norman Pittsburgh MorenoValley Abilene Tacoma Warren PortStLucie Warren SanFrancisco Rochester OklahomaCity Clyde Sacramento Syracuse Worcester Dallas StPetersburg Dallas Hartford Mobile HuntingtonBeach Oski SimiValley Savannah SimiValley Oski Tempe Fullerton AthensClarkeCounty Alexandria Detroit Alexandria Irvine LittleRock GrandRapids LittleRock Irvine Olathe Cincinnati Tallahassee Honolulu Cincinnati Olathe Irvine Alexandria AthensClarkeCounty Tempe Oski HuntingtonBeach Mobile Dallas Worcester SanDiego Thornton Lakewood Frisco Murfreesboro Naperville Philadelphia CedarRapids CedarRapids Salinas Chattanooga Salinas Oceanside ElPaso SanAntonio NewHaven Birmingham Scottsdale Davidson Charlotte Davidson Scottsdale Teemo BoiseCity Teemo Scottsdale Birmingham Indianapolis CoralSprings Fremont Madison Knoxville Phoenix Salem Peoria Domination Lubbock Domination Salem Phoenix Madison Fremont CoralSprings Indianapolis Birmingham NewHaven ChulaVista Houston Gilbert Gilbert FortWorth Denton Springfield LexingtonFa SiouxFalls FortCollins SantaRosa Shreveport Laredo Hialeah Tampa McAllen McAllen Hialeah Laredo Allentown Killeen Modesto Glasses Fontana Fontana Akron Escondido OverlandPark Escondido LosAngeles Lancaster Torrance PembrokePines Seattle Providence Seattle Orlando FortWayne Orlando Lafayette ElkGrove Fayetteville JerseyCity Pikachu Midland Pikachu JerseyCity Fayetteville Lafayette Orlando Torrance Lancaster ColoradoSprings Elizabeth Elizabeth Columbia Lancaster LosAngeles Fontana Modesto Killeen Allentown Allentown SantaRosa FortCollins SiouxFalls LexingtonFa Denton FortWorth Gilbert Houston ChulaVista Spokane Pomona Palmdale Toledo Palmdale Pomona CorpusChristi CorpusChristi ChulaVista NewHaven SanAntonio ElPaso Oceanside Salinas Naperville Murfreesboro Lakewood Durham DesMoines AnnArbor Jackson KansasCity Garland Omaha VirginiaBeach VirginiaBeach Albuquerque Denver Cleveland Beaumont Kent NewportNews Kent Cleveland Denver Hayward Buffalo Chesapeake OWO Jacksonville OWO Mesa Memphis Memphis BatonRouge Miramar CapeCoral Miramar Richmond Richmond OWO Chesapeake Topeka Chesapeake Buffalo Hayward WinstonSalem Waco Waco Boston Hayward Denver Albuquerque Garland KansasCity Jackson FortLauderdale Bridgeport FortLauderdale Norfolk Reno LouisvilleJefferson Tulsa SantaAna Tulsa LouisvilleJefferson Reno Norfolk FortLauderdale DesMoines Durham Lakewood SanDiego Worcester Syracuse Sacramento Vallejo WestValleyCity Vallejo Sacramento OklahomaCity Cary Amarillo Rockford Rockford Plano
83
SantaClara Irving SantaClara
Pasadena Sunnyvale Pasadena
Clyde LasVegas
Tallahassee Hampton Miami
Fullerton AugustaRichmond
Hartford Greensboro Hartford
Thornton Mesquite Thornton
Frisco Anchorage
Philadelphia GardenGrove
Peoria Corona
Knoxville SanBernardino Knoxville
Springfield Glendale Chicago
Tampa Portland GrandPrairie ThousandOaks Tampa
Akron Hollywood Akron
ElkGrove Huntsville
PembrokePines Lincoln
ColoradoSprings Anaheim
Glasses SanJose Glasses
Shreveport Stamford
Spokane SantaClarita
Omaha Ontario Omaha
Beaumont Oxnard Vancouver Beaumont
Mesa Charleston Mesa
BatonRouge Montgomery
WinstonSalem Wichita
AnnArbor StLouis AnnArbor
Plano Riverside
SanFrancisco SanFrancisco
FortCollins FortCollins
Cincinnati Cincinnati
Brownsville Brownsville
Elizabeth Elizabeth
Killeen Killeen
McAllen McAllen
Davidson Davidson
Norman Norman
Garland Garland
SantaRosa SantaRosa
Lancaster Lancaster
Escondido Escondido
Salinas Salinas
Dallas Dallas
Rockford Rockford
Warren Warren
LittleRock LittleRock
Raleigh Raleigh
Torrance Torrance
SiouxFalls SiouxFalls
Surprise Surprise
Allentown Allentown
Norfolk Norfolk
Houston Houston
Fremont Fremont
SanAntonio SanAntonio
OWO OWO
Atlanta Atlanta
Cary Cary
MorenoValley MorenoValley
Vallejo Vallejo
LouisvilleJefferson LouisvilleJefferson
Madison Madison
Hayward Hayward
Denton Denton
JerseyCity JerseyCity
Denver Denver
SimiValley SimiValley
FortLauderdale FortLauderdale
Laredo Laredo
Olathe Olathe
Tulsa Tulsa
NewOrleans NewOrleans
Lafayette Lafayette
OklahomaCity OklahomaCity
HuntingtonBeach HuntingtonBeach
Pomona Pomona
CorpusChristi CorpusChristi
Mobile Mobile
Memphis Memphis
Pikachu Pikachu
Irvine Irvine
Worcester Worcester
Waco Waco
NewHaven NewHaven
