Waco SanAntonio Baltimore Waco OverlandPark Mesquite Aurora Thornton Mesquite Newark Lincoln Charleston Lincoln Roseville Lincoln Newark Atlanta Detroit NewYork Detroit DesMoines Detroit Atlanta Newark Mesquite OverlandPark AnnArbor SaltLakeCity Rochester Oski Irving SantaClara ChulaVista Peoria Pikachu Peoria ChulaVista SantaClara Irving Oski Rochester SaltLakeCity Tampa SaltLakeCity AnnArbor OverlandPark SterlingHeights AthensClarkeCounty Palmdale Birmingham Springfield Victorville WestValleyCity Denton Gilbert Denton WestValleyCity Springfield Henderson OverlandPark Irvine OverlandPark Waco
18
SanAntonio MorenoValley SanAntonio
Aurora Omaha
Victorville Cary Clarksville StPaul FortCollins
Palmdale FortWayne Palmdale
AthensClarkeCounty Richmond AthensClarkeCounty
SterlingHeights LexingtonFa SterlingHeights
Rochester Rochester
OWO OWO
SanFrancisco SanFrancisco
AnnArbor AnnArbor
Stamford Stamford
Detroit Detroit
SaltLakeCity SaltLakeCity
SanBernardino SanBernardino
ChulaVista ChulaVista
Irving Irving
Lincoln Lincoln
Newark Newark
