18 28 35 49 29 22 75 11 75 42 95 88 23 88 95 42 75 22 29 97 89 66 89 67 89 56 21 56 60 78 77 78 81 6 1 46 24 20 39 64 39 7 83 12 31 83 99 32 17 41 68 41 17 91 17 32 58 32 99 39 53 10 53 39 20 78 33 70 78 51 78 60 29 57 34 57 15 57 14 48 48 2 3 36 65 3 2 48 14 57 29 8 96 8 29 72 59 47 94 5 94 47 82 47 59 43 38 43 59 72 26 74 13 76 52 80 19 52 76 13 74 26 72 30 72 28 18
37
35 61 16 98
97 63
81 9
24 69
12 90 85 12
7 93 7
46 79 46
1 73
6 45 25 6
33 4 33
36 62 71 36
49 0
80 87 80
2 2
3 3
14 14
17 17
20 20
22 22
28 28
32 32
37 37
39 39
41 41
42 42
43 43
53 53
57 57
59 59
72 72
75 75
76 76
83 83
84 84
88 88
92 92
95 95
