0 185 23 153 162 156 175 117 147 125 119 119 2 186 97 97 186 2 119 125 11 87 147 173 6 17 114 154 163 154 114 72 184 122 195 29 90 90 29 122 184 57 66 188 22 74 38 145 26 12 145 38 74 22 188 66 57 184 72 78 177 176 51 144 144 51 177 72 30 197 181 140 140 181 197 30 50 182 61 165 130 88 67 180 63 63 180 61 101 18 192 113 76 76 113 192 18 92 92 182 50 128 81 193 193 156 162 23 0
63
117 115 13 14
87 89 174 27 21 116 159 83 3 157 35 43 190
11 65 11
163 146 1 98 166
195 86 96
12 84 120 100
26 167 26
78 199 69 78 52
176 93
17 47 94 71 17 5 129 137
135 111 100
130 103 24 4 130 9
67 31 134 67 56 172
88 183
165 42 80
37 166 20
101 164 33 68 141 101 20
6 160 16 15
173 138 173
175 143
128 107 187 128 28
81 152 158 59 81
123 56
153 102 153
185 70
2 2
5 5
8 8
9 9
14 14
15 15
18 18
22 22
23 23
28 28
35 35
38 38
39 39
43 43
50 50
51 51
52 52
66 66
72 72
74 74
114 114
125 125
129 129
133 133
137 137
151 151
154 154
172 172
177 177
182 182
184 184
190 190
193 193 39
197 197
57 111
61 8
90 133
97 151
