13 87 34 4 34 87 13 98 57 31 77 30 17 11 17 30 77 36 77 31 31 7 3 7 98 24 39 39 69 12 12 99 99 83 97 59 27 14 27 15 97 83 21 91 41 81 65 92 92 45 92 22 92 65 81 21 48 95 9 1 95 48 21 83 18 42 61 0 53 66 37 67 25 25 6 2 2 53 0 61 84 51 46 51 26 16 26 89 73 52 10 73 85 56 44 56 8 56 93 20 93 73 89 28 33 43 43 28 89 26 23 47 23 26 51 5 51 61 42 18 83 35 83 29 83 99 12 79 74 32 79 64 58 58 64 98 13 38 13
37
57 76 57
24 75
59 63 86 59
91 55 91
9 71
67 68 67
37 82
66 96 66
84 62 84
52 94 52
85 54 85
33 72 90
74 80 78 74
69 70 69
50 50
51 51
53 53
56 56
58 58
60 60
61 61
64 64
65 65
73 73
77 77
79 79
81 81
83 83
87 87
88 88
89 89
92 92
93 93
95 95
97 97
98 98
99 99
