13 32 103 162 162 162 103 127 127 13 62 147 178 100 65 9 65 100 178 147 64 21 5 5 42 2 15 47 4 11 19 2 93 93 193 96 168 18 16 67 73 136 79 72 79 6 79 76 50 170 81 110 175 190 195 38 190 142 12 88 78 88 12 31 40 85 27 61 51 35 159 165 63 3 86 3 63 159 52 159 161 33 131 83 131 8 171 171 140 181 174 45 139 14 139 45 99 181 36 102 145 92 25 92 145 28 89 89 28 149 23 95 23 149 36 171 197 26 77 53 77 26 68 26 197 171 8 131 108 121 121 108 161 159 24 192 71 49 113 141 97 141 113 49 84 24 189 56 189 24 158 22 34 155 155 34 7 87 94 173 82 173 94 0 115 20 167 167 94 54 94 87 158 24 37 24 159 129 199 41 199 66 159 61 40 55 104 91 169 70 98 169 119 191 57 191 74 191 169 91 91 104 55 190 175 110 69 48 69 75 69 110 59 182 39 182 170 67 198 90 17 179 44 1 44 179 64 143 29 64 13
75
32 133 156 109
62 126 124
21 184
15 183
47 164
42 112
193 137 193
16 166
136 180 136
73 122
76 196
195 153 160 195
78 176 125
142 146 142
165 101 165
174 151 174
102 187 163 102
140 117 140
33 118
192 157 192
71 123
22 128 186 177
115 144 115
0 111 134
129 105 129
51 148
27 185
85 150
31 132
70 172
119 188 119
81 194
18 114
198 152 198
168 138 168
143 107 120 143
100 100
103 103
104 104
106 106
108 108
110 110
113 113
116 116
121 121
127 127
130 130
131 131
135 135
139 139
141 141
145 145
147 147
149 149
154 154
155 155
158 158
159 159
161 161
162 162
167 167
169 169
170 170
171 171
173 173
175 175
178 178
179 179
181 181
182 182
189 189
190 190
191 191
197 197
199 199
