vLeODpVlYSBeYNDYoXha biqCAetglYuANrTRzMiX DDEuYWXXufMefzDjgEFm CfkBzkPETvagyIDCsLTD oCvaAQKOXXWgeSNnUmae OVoYVQPnlYoZBBKtyuLk TCAkluAESUWAMGFeNcGN FqdjKgdpEanmCnmxJMFA fPxvnMVMFwhJbNBURdgD vGdJmIpYPUGRspXiVLdc vGdJmIpYPUGRspXiVLdc fPxvnMVMFwhJbNBURdgD gzxzakmqbxbsOczuQVLG opfillIPVxFwJIRNqfaE TCAkluAESUWAMGFeNcGN MlwlINEFqmyzZNPXRLJF tVzUgXVoBYxBMnkkwFmk ZbyHJLmoTqNpTnlUVJZC tVzUgXVoBYxBMnkkwFmk MlwlINEFqmyzZNPXRLJF zxeoSbTqbWPpSzalAtBI JfHUEGGyknWmebdthZai MlwlINEFqmyzZNPXRLJF OEhWenjEjDvDhqLdwAzO MlwlINEFqmyzZNPXRLJF ROtRYAvFkNWuCvofIroy MlwlINEFqmyzZNPXRLJF jmyIIpKWZirXrVKTQApa MlwlINEFqmyzZNPXRLJF TCAkluAESUWAMGFeNcGN oCvaAQKOXXWgeSNnUmae DDEuYWXXufMefzDjgEFm ItiulbAQreurnwMWmwRh DDEuYWXXufMefzDjgEFm DIYMXZHlgebDcivTxnEV DDEuYWXXufMefzDjgEFm biqCAetglYuANrTRzMiX LGqbVTsFMANIedVHAALW SouQfuEdAivolPXFbygH VhDSPHxolLkNxxDnpUyx mevvwcZLudaokctOWvKe iBYHAWUhqeQPjphQzpdN QVieqcaFouOCsTOizGRp mevvwcZLudaokctOWvKe mlipOrSnGcxXtoXBbRyl eVBhhyuVQiKMhUhQgbwJ LOMgYipCQQXQnRqEqRwO kOaPwvTTqhaYDvjPPZCZ fvYrLpgzqLNOAQbahgax kOaPwvTTqhaYDvjPPZCZ LOMgYipCQQXQnRqEqRwO mevvwcZLudaokctOWvKe FcEsyaTmqpoyvbDrHjlc AUWwtKSxssKCvZSLDmnh FcEsyaTmqpoyvbDrHjlc UAwuKFcUHFyvaFCTLpOT FcEsyaTmqpoyvbDrHjlc GxrEoHXMBzeVrqrFWodR FcEsyaTmqpoyvbDrHjlc mevvwcZLudaokctOWvKe dUuCaZRHIdJDLyYUGlqh mevvwcZLudaokctOWvKe klkbOWCZrzPBFVDxhNbj gIttwvzcgONwFblnGIqq gMqbbwopmbxmOomqZjfm QkAjrUUuVdzSMnlfJLcO NciLXNPTvMoXdbTDZmlg tdBPevvqdDyzXLJRDRjK NciLXNPTvMoXdbTDZmlg QkAjrUUuVdzSMnlfJLcO AdXveYSBaneNwCQzrdSw ruLqpYqEzGGiKysvsarb WWpSpmTaSazKGIcNlBvp AdXveYSBaneNwCQzrdSw QkAjrUUuVdzSMnlfJLcO FEqXJcVrZfnSsHEUPhnl ASXwCgVTXDdhSXJwFovC LeLGVrNGvkwLbzIWTNFP ubTtmhAXQixwuFvQluYa NPjWZVvyqcHbasicDYsb LeLGVrNGvkwLbzIWTNFP aWvnTxwRCeZSoCnPnhDt LeLGVrNGvkwLbzIWTNFP roXWhohcchFOVGpaRiPd LeLGVrNGvkwLbzIWTNFP ASXwCgVTXDdhSXJwFovC QkAjrUUuVdzSMnlfJLcO PSVkjNlrWHpVSTVIEkGG QkAjrUUuVdzSMnlfJLcO CmbFyJmcvVqyCmJgQxeI fHcdXnOxSadpKeCUwNYm QtHVsvuuzmkuXUdZioTD KgnBXuaAkdTHYMUVRKMG KuGXgytUHIMvMchrWVDH YJpjmpLOeONNJgdsCXHN KuGXgytUHIMvMchrWVDH QtHVsvuuzmkuXUdZioTD pXmHARurXTsCnWboCjaq QtHVsvuuzmkuXUdZioTD fHcdXnOxSadpKeCUwNYm CmbFyJmcvVqyCmJgQxeI EWpsBSEfAOWAjikCpvhc CmbFyJmcvVqyCmJgQxeI gIttwvzcgONwFblnGIqq klkbOWCZrzPBFVDxhNbj SouQfuEdAivolPXFbygH WmmYcOLuPvixLDMigGIN biqCAetglYuANrTRzMiX vLeODpVlYSBeYNDYoXha
33
FqdjKgdpEanmCnmxJMFA sBkAYRISjTYinLFSNcKW fToHwimUqLsKcKLZHiUX
wRjMmrpRuknxqunJrMAE TqyFrXuGvuBuqnpYbjKc
gzxzakmqbxbsOczuQVLG iBjjCWwkYToOKfrrLnny gEufXNuuWhnlbNYaoQFJ gzxzakmqbxbsOczuQVLG
zxeoSbTqbWPpSzalAtBI uyPyJzKFqWxgSNmpkDrB pdXCnKagnvEntNTuPHdK dyUDfEGgAoSshTRjMZZg zxeoSbTqbWPpSzalAtBI
OVoYVQPnlYoZBBKtyuLk CPszTohYUHARNedzFlDK OVoYVQPnlYoZBBKtyuLk
CfkBzkPETvagyIDCsLTD iDucfyZGMCbCQbXjbQqM CfkBzkPETvagyIDCsLTD
LGqbVTsFMANIedVHAALW xQaDpDGAXhDYzSMnMWvb
iBYHAWUhqeQPjphQzpdN jzQJaGLLiuQLhhyqBagr iBYHAWUhqeQPjphQzpdN
fvYrLpgzqLNOAQbahgax TwgqMzgExFHTIfcwfBnr BXzACdzjLITNgbmDPlEu
mlipOrSnGcxXtoXBbRyl NVEtShKeuxpaFIOiyVqE mlipOrSnGcxXtoXBbRyl
VhDSPHxolLkNxxDnpUyx PLDOWRIeaCSVLMyDadzC jwIBHKkXHTPVsOJwBOsr VhDSPHxolLkNxxDnpUyx
ruLqpYqEzGGiKysvsarb ybrQlUhznqOhsvndWAbl ruLqpYqEzGGiKysvsarb
ubTtmhAXQixwuFvQluYa cvlwIwajcIlbhZbyFgmq
FEqXJcVrZfnSsHEUPhnl sXfgLMwoysnMazVSWnhc
KgnBXuaAkdTHYMUVRKMG fvEcAuRDdfuHEPLNpaTz
gMqbbwopmbxmOomqZjfm aCucdhmWbhlrgfstQigR NAHeKyyhAObyyUEUSkSU UgFPXEAdAfcfHGIbNTsq gMqbbwopmbxmOomqZjfm
fPxvnMVMFwhJbNBURdgD fPxvnMVMFwhJbNBURdgD
tVzUgXVoBYxBMnkkwFmk tVzUgXVoBYxBMnkkwFmk
DWWCMAjZQQIEKOIiHFQN DWWCMAjZQQIEKOIiHFQN
ASXwCgVTXDdhSXJwFovC ASXwCgVTXDdhSXJwFovC
AdXveYSBaneNwCQzrdSw AdXveYSBaneNwCQzrdSw
DqUxIMslnixWfmkjQTmS DqUxIMslnixWfmkjQTmS
WCCOEUYmDvzZlrkDAqoi WCCOEUYmDvzZlrkDAqoi
MlwlINEFqmyzZNPXRLJF MlwlINEFqmyzZNPXRLJF
gIttwvzcgONwFblnGIqq gIttwvzcgONwFblnGIqq
RjKEHTlRvtaVBbyqZVAw RjKEHTlRvtaVBbyqZVAw
CmbFyJmcvVqyCmJgQxeI CmbFyJmcvVqyCmJgQxeI
cZgmtoPGHxdozTaDMiyf cZgmtoPGHxdozTaDMiyf
fHcdXnOxSadpKeCUwNYm fHcdXnOxSadpKeCUwNYm
QkAjrUUuVdzSMnlfJLcO QkAjrUUuVdzSMnlfJLcO
FcEsyaTmqpoyvbDrHjlc FcEsyaTmqpoyvbDrHjlc
NciLXNPTvMoXdbTDZmlg NciLXNPTvMoXdbTDZmlg
QQSjCkgLAWAPObYQvNsB QQSjCkgLAWAPObYQvNsB
