wNqlpYNsRbJEgiGpKxrU lbWonvEbeplndKguSTkk shaRjZRSPDzVXmetmolj scpUkbcaYSAsHhSktebT EEeDJaHeajXXlwYcHTeJ MBJqOYmxhUYbldNVEdRy efZntVbfQTvIUOiRNPSH shugRMnaHVqQSmKaNBgu efZntVbfQTvIUOiRNPSH SiOEBWtHUiopSvDVOkjb oDgfEuAVpeOlkkTIMDLw iVjkcMenotYGMFEBTvoa gFUGYXSirCYiFTivWNah eCBFrcppbiLzdGQubocl fgzJCwocQniGlXAZHJId vIbIQYXZnmYrooTLYNtu IamFpWICdyBhLFRVaylm twwHXGyTBfZUDOGVnCzA FWnudSYFvYQJHehOpEKf FWnudSYFvYQJHehOpEKf twwHXGyTBfZUDOGVnCzA vIbIQYXZnmYrooTLYNtu CvZkdIYtdeDHtwufupie QyXpliHSeQOPIsurIcpa ANDviqMIuFwdcboQDprt pGEDfjoOOYfHsrRVgAyF QyXpliHSeQOPIsurIcpa DpztIuGTRpGuLsdlODJw QyXpliHSeQOPIsurIcpa syonLisTOSczosCwoILE SiOEBWtHUiopSvDVOkjb efZntVbfQTvIUOiRNPSH shaRjZRSPDzVXmetmolj wNqlpYNsRbJEgiGpKxrU
36
lbWonvEbeplndKguSTkk yscsUFTNNyaVMKBztBdV nCedHqGgdWAicwyuYWpg WMWBpOSnHGywZjCgaYyY cwgJAHVpCCTmuckJkncL KcrnMnFDTrBKaUaGpdLY NYdfLxXxFVvLEbDKzXWn qfRRtdRbhYJBARMfPlZM svUOWvTJLneAqJGnExpc eOfnBeTgmYCNEnRUhlEK lbWonvEbeplndKguSTkk igyeOiSdezmmXGTwMzLw oZXYedlbtBLmkfoVmgta
uUKZHvHmBrpBHjYWNaUL aGPbLNWYAMujnfHCTCMo
MBJqOYmxhUYbldNVEdRy wfEFdNDcColoskjTjcLm ZwvojvRdUOYNJXIwAqgC XvUPApTFkqaSSizYsCIr pzrGQEObzJGPnfATEYDc NPSPGRTNRcKKVpsBRSwh PZwTcKCPsEmpxetNZvef gDYKDrbERUXTnCayjBrC hLaNXBYgTzgUhvjmqUTu CbGuHgZfQMmSOfHDFJnK MBJqOYmxhUYbldNVEdRy aGPbLNWYAMujnfHCTCMo NzDQJknJPDEkcwCHzzbF QePOUWiXcAUCoHETxuGS HeWrJOKsDjgdrcamgZLN
NzDQJknJPDEkcwCHzzbF UdSbtwxTqTJxOiUoxEqw NzDQJknJPDEkcwCHzzbF
shugRMnaHVqQSmKaNBgu pMOSpTzPTPLXHLOQMjnt XPPBMlNyfVVeZGIzTCEW edlAtPQdNXJQPCIzpkyX oKAKfpUUuLItChLyByFh shugRMnaHVqQSmKaNBgu UdSbtwxTqTJxOiUoxEqw IvXQutSorlqOgnSVAIUd wvSJDoqoPGAkYgSuPFPw
gFUGYXSirCYiFTivWNah EmbDgEECbkHbfAfHCgwB zNRhhVdMWUgTnnqmAfeY NIJaJxCurulNUdZZMxFk jznspKyqlmxZtgfQUJVB eiLPqIroFfCGzqSAlzAp ayQgUwyRuQVKeyFLPNbQ gcXUxTVUZWsOwtRNeDDa erZKLqpCZsYKDnOCaBGq RlHeRhvUOhGhZVGGJuED
iVjkcMenotYGMFEBTvoa ZauPfhkpsGmhbvkhkltR wuSVWJYvpiWaQAHXocSG VIPPawblKbhOVWrmrWBx cMYyKTXGNKnFzrpwnXUl
eCBFrcppbiLzdGQubocl xlbpuxAjoVPJWPCWBEkJ imEmCMbYEtZJJkwxkSDD ihxEqMQIIvyQmtrtMjeO TEPaiCedHTXapLxoBXMp SitzoubgYFeTjmkLjVPz
IamFpWICdyBhLFRVaylm QeYNNLpZMBxyiFbZMPFY fpoTaBKmVdlDCxFwCFoz kqcEdfKLaRzxOhAIzchh
fgzJCwocQniGlXAZHJId XtZHoAxqEyzvMChzPHpN fgzJCwocQniGlXAZHJId UIlSMnVKIdNiXZNSiHsI
pGEDfjoOOYfHsrRVgAyF nreoVgWrBhNXFZgTBlXO xgBrJmdXVwtxgRuCBhMe DZEpVGVXkxHljziwItaS
ANDviqMIuFwdcboQDprt vTbNxpVTEoFlSjvvVvfG YTwycpmzEWCqqTELtzXc juzxSpUVuccJUMBOcJjO ANDviqMIuFwdcboQDprt
DpztIuGTRpGuLsdlODJw NJZlnWyeJFrkOwoqHKtT lSJjEsqamUCgRZdCmdyI DpztIuGTRpGuLsdlODJw
syonLisTOSczosCwoILE QjbdwbUnopENkiNyqirZ joWAhkfNqIEECnBeulGl VRpSthoDcomqMDsGoVql ccdJRKiTXwIErdhSIxfh aIuYyryCOUGVeCAqbqkg syonLisTOSczosCwoILE
CvZkdIYtdeDHtwufupie EhDFVLWZueLOrdjEOzEQ oHoxoLeyDYnKZDzgMtxI ZXihCBEQBTdisqSlEMsj szyiMlKhtyOynWjcoMsm CvZkdIYtdeDHtwufupie
oDgfEuAVpeOlkkTIMDLw bEfUXCTlwRBndElSbPGf eobSFtKBbBdcVrTOREdK ADVVlRLpnspleRTgeTdu wlySPverjehsBxldyigf mgNeYYUOPKpLeiVEFIXd
EEeDJaHeajXXlwYcHTeJ oLMkSrYLQRLHmPiuLCTC EEeDJaHeajXXlwYcHTeJ GMxGouyyndiUBMqMdOoc
FYfGkhtzhjqJHqxmUsVx GMxGouyyndiUBMqMdOoc
scpUkbcaYSAsHhSktebT zHPSSEtFTQIbLYMdHqgP bFmSeBrfNuxjYPUDCLYq JVONrXhhmtFWhFfDiOXW JvFxbsySBAiFiOUrzrBi kyApsCeFkLoLFCdkazaE scpUkbcaYSAsHhSktebT kwPuYZgJgVVJfdBGUtPw jUSlIFtitQxyvVLJjiCc
wNqlpYNsRbJEgiGpKxrU NtyLZDOaSczVvOGdocUp
vIbIQYXZnmYrooTLYNtu vIbIQYXZnmYrooTLYNtu
FWnudSYFvYQJHehOpEKf FWnudSYFvYQJHehOpEKf
efZntVbfQTvIUOiRNPSH efZntVbfQTvIUOiRNPSH
igyeOiSdezmmXGTwMzLw igyeOiSdezmmXGTwMzLw
QyXpliHSeQOPIsurIcpa QyXpliHSeQOPIsurIcpa
IvXQutSorlqOgnSVAIUd IvXQutSorlqOgnSVAIUd
cMYyKTXGNKnFzrpwnXUl cMYyKTXGNKnFzrpwnXUl
kwPuYZgJgVVJfdBGUtPw kwPuYZgJgVVJfdBGUtPw
erZKLqpCZsYKDnOCaBGq erZKLqpCZsYKDnOCaBGq
QePOUWiXcAUCoHETxuGS QePOUWiXcAUCoHETxuGS
HeWrJOKsDjgdrcamgZLN HeWrJOKsDjgdrcamgZLN
UIlSMnVKIdNiXZNSiHsI UIlSMnVKIdNiXZNSiHsI
wvSJDoqoPGAkYgSuPFPw wvSJDoqoPGAkYgSuPFPw
jUSlIFtitQxyvVLJjiCc jUSlIFtitQxyvVLJjiCc
oZXYedlbtBLmkfoVmgta oZXYedlbtBLmkfoVmgta
RlHeRhvUOhGhZVGGJuED RlHeRhvUOhGhZVGGJuED
