A0 A4 A5 A10 A15 A24 A20 A20 A23 A40 A49 A45 A45 A48 A65 A74 A70 A70 A73 A90 A99 A95 A95 A98 A87 A87 A84 A83 A82 A83 A84 A62 A62 A59 A58 A57 A58 A59 A37 A37 A34 A33 A32 A33 A34 A12 A12 A5 A9 A8 A7 A8 A9 A5 A0
29
A0 A2 A3
A15 A18
A24 A21 A22 A19 A28
A40 A27 A43
A49 A46 A47 A44 A53
A65 A52 A68
A74 A71 A72 A69 A78
A90 A77 A93
A99 A96 A97 A94
A85 A86
A79 A81 A79
A60 A61
A54 A56 A54
A35 A36
A29 A31 A29
A10 A11
A4 A6 A4
A8 A8
A12 A12
A20 A20
A33 A33
A37 A37
A45 A45
A58 A58
A62 A62
A70 A70
A83 A83
A87 A87
A95 A95
