0 18 24 12 82 1 2 2 72 22 70 59 3 95 72 82 48 66 48 82 12 24 16 77 94 77 16 24 18 46 32 36 21 78 21 56 76 47 85 9 41 42 42 62 7 20 67 51 55 89 79 79 79 69 69 88 64 88 83 88 9 85 53 53 32 91 32 46 46 4 31 97 57 15 81 93 87 25 61 61 25 54 93 73 93 15 57 97 31 4 68 58 27 52 27 58 86 60 40 50 90 63 90 50 60 86 58 68 10 96 99 96 92 96 84 96 68 74 68 98 0
36
1 43 35 1
22 34 22
70 49
3 11 3
56 45
36 28 36
41 17 6 41
51 44
67 39 26
20 38 20
7 30 7
62 19
47 5 47
80 8
0 29
81 33 13
87 37
40 14 40
10 23 10
2 2
4 4
9 9
12 12
15 15
16 16
18 18
21 21
24 24
25 25
27 27
31 31
32 32
42 42
46 46
48 48
50 50
