0 58 101 195 1 48 145 48 110 153 110 193 110 48 105 162 152 152 162 9 182 9 49 53 144 115 149 102 156 53 49 103 147 191 96 111 77 82 66 66 179 157 179 136 111 96 191 172 191 49 127 49 138 23 8 159 15 134 15 95 129 95 15 159 8 23 69 10 57 176 148 181 183 108 181 188 88 121 188 135 114 35 65 31 184 31 65 43 76 13 133 13 117 83 24 40 71 71 154 169 154 24 106 24 126 24 83 65 180 65 109 123 166 178 21 175 158 161 107 161 192 174 192 21 178 109 196 196 75 128 186 171 196 198 198 199 114 69 23 151 42 28 47 47 28 120 151 23 138 86 173 39 139 39 173 146 173 86 138 122 34 124 164 34 138 142 168 142 138 130 160 195 177 195 101 58 0 113 18 26 6 185 6 112 7 7 112 132 197 18 18 41 45 140 104 41 18 113 0 141 0 163 116 12 143 116 119 73 150 194 165 170 170 170 131 73 190 97 190 99 189 99 0 155 14 4 125 4 14 155 0
74
1 100 1
105 37 79
149 11
102 32
144 30
77 20 77
82 80 72 82
103 33 90
10 56 10
57 78 57
183 2
88 92 88
76 81 76
40 16 40
43 87 43
35 70 44 35
123 89
175 64
158 38
166 25
128 61
75 94 75
135 5 29
42 68 42
124 74
122 55
22 51 22
130 17
26 46 26
45 60 50 45
140 67
12 63 12
119 19 27
150 91
194 59
165 85 98 84
97 52 97
163 62
3 3
4 4
6 6
7 7
8 8
9 9
13 13
14 14
15 15
18 18
21 21
23 23
24 24
28 28
31 31
34 34
36 36
39 39
41 41
47 47
48 48
49 49
53 53
54 54
58 58
65 65
66 66
69 69
71 71
73 73
83 83
86 86
93 93
95 95
96 96
99 99
