Soda L29 L33 L33 L2 L44 L2 L33 L22 L62 L68 L62 L87 L76 L77 L76 L87 L60 L87 L62 L67 L9 L88 L43 L58 L63 L93 L12 L20 L94 L54 L16 L42 L17 L24 L37 L73 L37 L42 L20 L12 L26 L34 L56 L7 L56 L8 L47 L47 L1 L96 L21 L0 L71 L0 L91 L85 L57 L74 L57 L85 L91 L0 L21 L1 L56 L34 L26 L14 L26 L12 L93 L48 L93 L63 L49 L32 L63 L4 L83 L45 L92 L86 L92 L61 L38 L38 L61 L83 L4 L63 L89 L27 L89 L63 L58 L72 L90 L78 L80 L81 L78 L41 L13 L65 L13 L41 L78 L6 L6 L6 L58 L43 L39 L70 L39 L79 L40 L79 L39 L53 L39 L43 L88 Soda
36
L29 L23 L98 L29
L67 L11 L67
L22 L5
L59 L10
Soda L97
L17 L18 L69
L16 L31 L35 L16
L94 L3 L94
L8 L15 L8
L96 L95
L49 L52 L84 L30 L55
L45 L46 L50
L80 L64 L80
L72 L36 L51
L87 L87
L82 L82
L2 L2
L89 L89
L75 L75
L85 L85
L92 L92
L66 L66
L57 L57
L39 L39
L91 L91
L56 L56
L21 L21
L83 L83
L25 L25
L41 L41
L63 L63
L19 L19
L26 L26
L6 L6
L12 L12
L1 L1
