Soda L129 L186 L196 L48 L138 L138 L48 L196 L28 L53 L112 L46 L71 L46 L53 L28 L101 L119 L69 L78 L69 L119 L54 L117 L88 L24 L134 L91 L16 L29 L37 L163 L166 L105 L166 L163 L67 L73 L67 L24 L88 L27 L171 L151 L47 L165 L22 L40 L40 L22 L165 L47 L92 L65 L51 L66 L139 L141 L141 L141 L139 L85 L2 L140 L162 L140 L94 L140 L2 L85 L118 L87 L149 L123 L115 L115 L123 L87 L171 L110 L171 L164 L104 L49 L57 L126 L155 L155 L57 L49 L161 L49 L15 L56 L111 L56 L15 L195 L168 L108 L158 L100 L158 L108 L168 L197 L15 L49 L183 L184 L82 L144 L82 L72 L82 L184 L137 L18 L184 L183 L169 L133 L3 L133 L169 L183 L49 L104 L107 L6 L6 L86 L152 L86 L6 L60 L20 L135 L160 L74 L81 L41 L31 L41 L74 L160 L135 L116 L182 L182 L116 L6 L55 L181 L127 L181 L55 L104 L178 L59 L146 L146 L59 L157 L157 L0 L4 L70 L147 L70 L109 L156 L190 L36 L190 L156 L185 L156 L187 L130 L174 L19 L96 L19 L7 L19 L30 L19 L174 L130 L97 L173 L58 L173 L97 L130 L0 L157 L38 L8 L38 L88 L61 L23 L34 L26 L34 L23 L61 L88 L117 L54 L119 L101 L77 L101 L28 L52 L177 L120 L95 L170 L154 L17 L154 L33 L154 L95 L9 L106 L192 L1 L175 L80 L1 L192 L106 L9 L177 L10 L121 L131 L10 L177 L52 L28 L79 L188 L128 L188 L79 Soda
74
L129 L102
L186 L39 L186
L112 L93 L198
L16 L143
L91 L62
L37 L125 L37
L134 L132
L151 L13 L151
L65 L12
L66 L83 L25
L92 L114 L92
L149 L63 L176 L149
L159 L124 L159
L126 L68 L75 L126
L195 L35
L137 L84
L81 L14 L193 L81
L20 L194 L76 L191
L60 L98 L45 L60
L107 L5 L107
L164 L21 L164
L27 L44 L99 L27
L4 L50 L172 L4
L120 L113 L122
L170 L89
L175 L43 L167
L121 L103 L121
L49 L49
L69 L69
L34 L34
L22 L22
L192 L192
L101 L101
L74 L74
L86 L86
L0 L0
L190 L190
L24 L24
L54 L54
L183 L183
L97 L97
L90 L90
L115 L115
L70 L70
L85 L85
L11 L11
L157 L157
L189 L189
L173 L173
L168 L168
L61 L61
L130 L130
L177 L177
L116 L116
L163 L163
L108 L108
L188 L188
L158 L158
L169 L169
L135 L135
L67 L67
L145 L145
L171 L171
L52 L52
L174 L174
L9 L9
L32 L32
L150 L150
L79 L79
L23 L23
L166 L166
L117 L117
L119 L119
L133 L133
