Soda location154 Soda Soda location178 location93 location128 location114 location107 location43 location140 location140 location43 location107 location13 location80 location131 location142 location131 location80 location13 location128 location93 location159 location106 location93 location150 location10 location34 location77 location45 location81 location57 location46 location46 location57 location81 location45 location125 location124 location125 location121 location187 location105 location187 location1 location190 location1 location187 location125 location103 location34 location23 location64 location12 location12 location64 location183 location198 location115 location74 location122 location74 location115 location70 location184 location143 location70 location115 location41 location149 location41 location130 location100 location60 location60 location100 location175 location32 location49 location108 location49 location32 location175 location168 location151 location135 location79 location191 location135 location168 location175 location150 location29 location167 location167 location50 location127 location50 location91 location126 location91 location50 location196 location150 location119 location102 location150 location93 location178 Soda location182 location171 location72 location47 location18 location189 location166 location88 location193 location88 location166 location189 location176 location189 location18 location170 location161 location90 location16 location112 location194 location35 location152 location194 location112 location16 location90 location120 location197 location120 location116 location146 location146 location138 location148 location55 location136 location55 location148 location24 location188 location148 location138 location97 location99 location195 location141 location195 location99 location97 location138 location158 location138 location118 location111 location162 location162 location111 location170 location18 location47 location186 location104 location173 location173 location177 location133 location177 location132 location177 location47 location117 location36 location3 location144 location181 location123 location185 location123 location180 location123 location181 location3 location155 location3 location36 location192 location85 location56 location44 location44 location56 location101 location53 location9 location94 location172 location94 location9 location163 location9 location199 location20 location137 location20 location199 location9 location169 location129 location22 location11 location147 location157 location147 location134 location165 location134 location14 location109 location134 location147 location39 location110 location153 location110 location39 location147 location11 location164 location11 location22 location129 location42 location174 location179 location139 location145 location63 location63 location129 location169 location101 location117 location182 Soda
78
location114 location84
location159 location96
location10 location51 location73 location10
location77 location75 location77
location54 location89 location54
location23 location52 location82 location23
location184 location78 location19
location130 location68
location79 location87 location79
location151 location40 location66
location29 location86 location29
location119 location27
location35 location37 location35
location116 location28 location4 location98
location24 location15 location24
location161 location92
location186 location67 location8
location72 location21 location72
location171 location33
location144 location58
location85 location69 location38 location85
location192 location62
location53 location2 location53
location14 location48 location14
location179 location7
location174 location95 location61
location42 location83 location42
location71 location71
location36 location36
location34 location34
location45 location45
location39 location39
location31 location31
location11 location11
location18 location18
location64 location64
location44 location44
location46 location46
location49 location49
location32 location32
location17 location17
location65 location65
location30 location30
location94 location94
location5 location5
location74 location74
location100 location100
location60 location60
location97 location97
location91 location91
location26 location26
location57 location57
location56 location56
location16 location16
location80 location80
location88 location88
location25 location25
location70 location70
location50 location50
location63 location63
location12 location12
location9 location9
location41 location41
location93 location93
location90 location90
location13 location13
location81 location81
location43 location43
location59 location59
location76 location76
location6 location6
location3 location3
location99 location99
location22 location22
location1 location1
location55 location55
location20 location20
location47 location47
