loc48 loc50 loc37 loc2 loc86 loc8 loc59 loc70 loc21 loc20 loc13 loc46 loc53 loc32 loc22 loc32 loc68 loc68 loc97 loc14 loc0 loc39 loc25 loc92 loc98 loc19 loc54 loc58 loc54 loc19 loc98 loc92 loc25 loc39 loc0 loc47 loc40 loc29 loc40 loc87 loc40 loc47 loc0 loc52 loc35 loc42 loc41 loc42 loc65 loc42 loc9 loc79 loc9 loc42 loc35 loc52 loc38 loc56 loc56 loc52 loc0 loc76 loc6 loc33 loc55 loc3 loc3 loc10 loc84 loc84 loc6 loc76 loc36 loc36 loc24 loc72 loc12 loc60 loc7 loc1 loc60 loc12 loc72 loc51 loc72 loc24 loc36 loc76 loc0 loc95 loc0 loc83 loc0 loc80 loc80 loc74 loc16 loc5 loc57 loc78 loc44 loc44 loc16 loc91 loc82 loc91 loc16 loc16 loc67 loc67 loc70 loc70 loc86 loc15 loc66 loc62 loc66 loc18 loc18 loc86 loc99 loc30 loc17 loc17 loc17 loc17 loc30 loc85 loc77 loc37 loc50 loc48
36
loc48 loc61
loc53 loc45
loc13 loc4
loc38 loc34 loc89
loc55 loc63 loc90 loc55
loc33 loc71
loc7 loc11 loc96 loc27 loc7
loc14 loc88
loc5 loc81 loc5
loc20 loc23 loc73 loc20
loc21 loc31 loc28 loc21
loc8 loc94
loc15 loc43
loc99 loc26 loc64 loc75
loc2 loc69 loc93
loc12 loc12
loc72 loc72
loc40 loc40
loc0 loc0
loc44 loc44
loc9 loc9
loc35 loc35
loc19 loc19
loc3 loc3
loc92 loc92
loc68 loc68
loc60 loc60
loc91 loc91
loc80 loc80
loc24 loc24
loc17 loc17
loc6 loc6
loc47 loc47
loc52 loc52
loc98 loc98
loc25 loc25
