loc79 loc11 loc51 loc22 loc29 loc70 loc27 loc40 loc6 loc66 loc99 loc99 loc99 loc66 loc108 loc9 loc113 loc84 loc113 loc9 loc108 loc24 loc19 loc7 loc46 loc182 loc195 loc195 loc19 loc10 loc19 loc31 loc26 loc33 loc80 loc38 loc78 loc78 loc38 loc80 loc180 loc139 loc180 loc53 loc71 loc92 loc77 loc92 loc71 loc101 loc12 loc86 loc17 loc17 loc86 loc12 loc30 loc15 loc72 loc116 loc72 loc126 loc72 loc91 loc91 loc30 loc175 loc30 loc31 loc31 loc48 loc63 loc130 loc130 loc185 loc44 loc172 loc44 loc185 loc76 loc165 loc185 loc197 loc23 loc197 loc48 loc82 loc48 loc178 loc41 loc52 loc179 loc179 loc52 loc114 loc58 loc166 loc58 loc74 loc88 loc105 loc88 loc74 loc120 loc54 loc125 loc54 loc192 loc54 loc120 loc112 loc119 loc120 loc155 loc39 loc155 loc178 loc48 loc190 loc25 loc32 loc81 loc32 loc145 loc198 loc145 loc32 loc161 loc32 loc49 loc1 loc1 loc181 loc21 loc21 loc181 loc1 loc49 loc103 loc132 loc132 loc194 loc16 loc97 loc135 loc97 loc173 loc14 loc60 loc60 loc98 loc98 loc131 loc20 loc100 loc20 loc137 loc20 loc144 loc20 loc131 loc121 loc158 loc188 loc158 loc121 loc131 loc162 loc13 loc56 loc8 loc8 loc163 loc163 loc193 loc13 loc127 loc28 loc127 loc93 loc127 loc13 loc162 loc173 loc194 loc190 loc108 loc40 loc27 loc27 loc70 loc57 loc73 loc75 loc75 loc73 loc149 loc2 loc59 loc143 loc59 loc2 loc2 loc117 loc2 loc149 loc123 loc61 loc85 loc61 loc123 loc141 loc123 loc187 loc0 loc4 loc168 loc184 loc42 loc129 loc5 loc177 loc5 loc129 loc47 loc95 loc47 loc157 loc47 loc129 loc147 loc50 loc104 loc67 loc104 loc50 loc151 loc187 loc45 loc199 loc45 loc156 loc156 loc11 loc102 loc11 loc79 loc68 loc35 loc55 loc55 loc115 loc136 loc115 loc140 loc37 loc186 loc146 loc146 loc186 loc183 loc152 loc152 loc68 loc79
74
loc22 loc3 loc36
loc6 loc18 loc89 loc109 loc6
loc7 loc128
loc33 loc196 loc33
loc26 loc94 loc26
loc101 loc69
loc15 loc96
loc24 loc34 loc148
loc63 loc159
loc76 loc107 loc76
loc41 loc133 loc41
loc114 loc160 loc114
loc112 loc176
loc25 loc124 loc122 loc164 loc25
loc16 loc106 loc16
loc14 loc142 loc87 loc14
loc56 loc189 loc153 loc134 loc167
loc29 loc170 loc83
loc57 loc150 loc191
loc4 loc64 loc4
loc42 loc111 loc171
loc0 loc110 loc0
loc51 loc90
loc35 loc174 loc154
loc37 loc62
loc140 loc43 loc140
loc118 loc118
loc9 loc9
loc180 loc180
loc8 loc8
loc130 loc130
loc187 loc187
loc121 loc121
loc30 loc30
loc68 loc68
loc54 loc54
loc2 loc2
loc17 loc17
loc59 loc59
loc60 loc60
loc66 loc66
loc97 loc97
loc155 loc155
loc173 loc173
loc127 loc127
loc181 loc181
loc73 loc73
loc44 loc44
loc98 loc98
loc113 loc113
loc58 loc58
loc52 loc52
loc132 loc132
loc11 loc11
loc80 loc80
loc48 loc48
loc40 loc40
loc78 loc78
loc146 loc146
loc115 loc115
loc158 loc158
loc185 loc185
loc70 loc70
loc145 loc145
loc131 loc131
loc186 loc186
loc19 loc19
loc162 loc162
loc45 loc45
loc50 loc50
loc152 loc152
loc92 loc92
loc91 loc91
loc120 loc120
