Jingzhou Fredericia Colachel Carouge Huauchinango NiagaraFalls NiagaraFalls Huauchinango Kheri BurgbeiMagdeburg Kabarnet MelitodiNapoli BeneBeraq BeneBeraq MelitodiNapoli BurgbeiMagdeburg Eregli Puruliya SmederevskaPalanka SmederevskaPalanka Puruliya AbualMatamir Bodhan TanahMerah Wittenau Surkhpur Bejucal CiudaddelCarmen SanJosedeOcoa Ketrzyn Ronse AzZuwaytinah AzZuwaytinah Ronse SanJosedeOcoa Khabarovsk Khabarovsk Crespo Falun Falun Crespo Khabarovsk Bejucal Surkhpur Wittenau TanahMerah Bodhan Jingzhou
32
Carouge elCampello Shively Carouge Depok Carmichael
Kabarnet Gangtok Sarzedo JabalosSaraj Kabarnet Sanaa Tabatinga
Kheri Jeypore Lysva Shizunaifurukawacho Kheri Entroncamento Veenendaal Malnate Srinagar
Eregli Kirovsk LondonderryCountyBor FortLauderdale
Srinagar Entroncamento Srinagar
Veenendaal Manduria Veenendaal
Colachel Ibri Tottori Colachel Rembangan
CiudaddelCarmen Chittaranjan Chegem Rangae
Frosinone RioFormoso
Ketrzyn Radnor Shumen Ketrzyn Ouarzazat
AbualMatamir SaintMichael Ermelo
Fredericia Sagalo CoonRapids
CoonRapids CoonRapids
Rembangan Rembangan
AzZuwaytinah AzZuwaytinah RioFormoso
Ronse Ronse
Depok Depok
Crespo Crespo
TanahMerah TanahMerah
Ghugus Ghugus
Khabarovsk Khabarovsk
BurgbeiMagdeburg BurgbeiMagdeburg
Ouarzazat Ouarzazat
SanJosedeOcoa SanJosedeOcoa
Sanaa Sanaa
Thamaga Thamaga
Tabatinga Tabatinga
BeneBeraq BeneBeraq
Malnate Malnate
Bejucal Bejucal Thamaga
Carmichael Carmichael
Jingzhou Manduria Ghugus
