LesLilas Nahorkatiya TagbilaranCity Fili Nahorkatiya CapimGrosso Zalingei CapimGrosso Licata Wachtberg Rhondda Rhondda Wachtberg Mondlo Grajau Cherkasy Escada Tias Balachor Ibirataia SouthSaintPaul Arusha Fujieda Djelfa Rivas Rivas Djelfa Ibirataia Fontem Ibirataia Balachor Escada Sleaford Escada Mauban NewtonAycliffe Akcaabat Arang Gastonia Escada Ipil Winnipeg Tempe Ipil Korsakov AscoliPiceno Korsakov Ipil VerrieresleBuisson AramokoEkiti Ipil Escada Cherkasy Grajau Botad NorthAurora Aracuai Razam UlanBator Ranong Naron Razam Aracuai AinBessem Wakuya AinBessem Aracuai NorthAurora Protaras Bourgoin EastLongmeadow Ipaba Scottsdale FetestiGara PortoVelho Kondrovo PortoVelho FetestiGara FetestiGara Scottsdale GongdanglegiKulon Sobue Mandan NahiyatashShinafiyah Nangi CamRanh Nangi Lembang Acireale Banting GuaMusang Andrychow Magdeburg Haora SaintCyrlEcole Alotenango SaintCyrlEcole Haora Magdeburg GuaMusang MontignyleBretonne GuaMusang Banting Geyve Lembang Nangi NahiyatashShinafiyah Gorgan Manacapuru Chelles Chelles Kasamwa NahiyatashShinafiyah Dadu NahiyatashShinafiyah Pezinok Belalcazar Belalcazar Pezinok ArRumaythiyah Wenchi Hangu Daokou Sosnovka HalfWayTree Sosnovka Topi Sosnovka Daokou Hangu Wenchi Cachan Pinner Cachan VillaPauladeSarmient Ceerigaabo VillaPauladeSarmient Malpe Itororo Shchekino Ronnenberg Alghero Milledgeville NuevoMexico Milledgeville Alghero Itororo Ortaca Pamulang Rafiganj Pamulang Erba Pamulang Ortaca Itororo NowaRuda Berezhani ElCentro Marchena Shobara Marchena Garbsen Bhusaval MiguelAlemanLaDoce Bhusaval Garbsen Marchena Kushtia DrexelHill Kambove CerroAzul Aringay Tsukuba Anjozorobe Kambove Namerikawa NorthAurora Botad Nutley Botad Kineshma SpanishTown Lloydminster Khulm Tangzhai Lalago Buriram Lalago Tangzhai Tansen SenadorPompeu Kikuchi SenadorPompeu Tansen Anjarah Purnia Purnia Anjarah Lloydminster SpanishTown Sevlievo SpanishTown Kineshma Botad Sasovo BlueIsland ChalcodeDiazCovarrub Anjala ChalcodeDiazCovarrub Bhatkal Mendes Bishopstoke Nahorkatiya LesLilas
71
TagbilaranCity Hirosaki TagbilaranCity
Skelmersdale Langenhorn Zhaodong Prostejov Skelmersdale
Mondlo AinArnat
SouthSaintPaul Kemise Angleton Twante SouthSaintPaul
Tias SantanadoLivramento
Akcaabat Acarau Akcaabat
Mauban WestIslip
Winnipeg Vaniyambadi
VerrieresleBuisson SenaMadureira
UlanBator Vyazniki
EastLongmeadow Mocoa Embu Gowurdak EastLongmeadow
Mandan Butuan Oerlinghausen
Acireale Sorada Fuxin Ontinyent Acireale
Andrychow NoblePark Gunzenhausen Turek Andrychow
Gorgan Arzamas Gorgan
Manacapuru Shurugwi Manacapuru
Sobue Kairouan Sobue
GongdanglegiKulon Braila PriegodeCordoba
Shchekino Espiye Shchekino
NowaRuda Wangon
Malpe Yafo
Shobara Izhevsk MadinatHamad
ElCentro Haripur
Aringay Kaifeng AshtonunderLyne
CerroAzul Mabopane
Bourgoin Morwa
Protaras KotRadhaKishan
Khulm Nagar Khulm
Licata MonteAlegre Battambang
BlueIsland Kotka MineralnyeVody BlueIsland
SanJuandelaMaguana SanJuandelaMaguana
Shimofurano Shimofurano
Rhondda Rhondda
Ibirataia Ibirataia
Hangu Hangu
Garbsen Garbsen
Sosnovka Sosnovka
Rivas Rivas
Haora Haora
CapimGrosso CapimGrosso
AinBessem AinBessem
SpanishTown SpanishTown
Johnston Johnston
Belalcazar Belalcazar
SenadorPompeu SenadorPompeu
Kambove Kambove
SaintCyrlEcole SaintCyrlEcole
Anjarah Anjarah
Baramula Baramula
Tabou Tabou
ChalcodeDiazCovarrub ChalcodeDiazCovarrub
Itororo Itororo
HaciendaLaCalera HaciendaLaCalera
Lloydminster Lloydminster
Aracuai Aracuai
Shieli Shieli
NahiyatashShinafiyah NahiyatashShinafiyah
Bury Bury
VillaPauladeSarmient VillaPauladeSarmient
FetestiGara FetestiGara
Pozzuoli Pozzuoli
Kineshma Kineshma
GuaMusang GuaMusang
Pezinok Pezinok
Daokou Daokou
Escada Escada
Korsakov Korsakov
Wenchi Wenchi
PortoVelho PortoVelho
Ortaca Ortaca
FortWorth FortWorth
