EFLJOTk Q7Ib7B EJOi3LI92xJB eJxYI mQzeU6iv7 Y0i7rqNICc1 mQzeU6iv7 iztqe0IzNSYeIUxP5Ys lM3eVHiWOj2z1e q9b8L0oiOJr 909ApuO9Cb3 q9b8L0oiOJr lM3eVHiWOj2z1e iztqe0IzNSYeIUxP5Ys mQzeU6iv7 SoHxfA vngV9R4 z3IWTq6FKu1omU3 7Wp6U BUfMm00h6fJ BUfMm00h6fJ 7Wp6U i JHmdWB9 i vngV9R4 SoHxfA mQzeU6iv7 eJxYI dm3eqVahoXdbfjdOhS eJxYI EJOi3LI92xJB Q7Ib7B EFLJOTk nhkUU4YlSo 4pWeD5 8mH07eUDVB04ui35Z 8pPHWv HekrqXXVeFMk 8mH07eUDVB04ui35Z 4pWeD5 nhkUU4YlSo EFLJOTk kC Tni sR1n9b j11gCbcMZNJncxiwPV zcsBKP3FYMqw pOoSn8Pa 6bbt262qZFihQO t8ufBKg6M55z4g 6mx6unEnl K6 K6 6mx6unEnl t8ufBKg6M55z4g 13GDMZYtkIBDG8SVi5px cPnISetFj7gG8o9K m2oGn6oGt5 KOtKYQK22FioLtSNslXR 6GAx1 KOtKYQK22FioLtSNslXR Kc4Vyt uyp6KKxfzDAWVnn YvZ0aTMM I0a5SBtiDKckQxXh155L 3 QyWIcdD7GorZtfQJb YaOzkb QyWIcdD7GorZtfQJb 3 jTaOOUL TfK0dOIIY4 JQX0b JQX0b TfK0dOIIY4 Lr 3 I0a5SBtiDKckQxXh155L YvZ0aTMM EcsTlClw EXfqYjoFSTnavKQ ZaguBxortKIVVjm bvSOq fYU2Uaajqs0pCys q4W EUIVxR ne6BNY2Gk8DelaYIDtU EUIVxR q4W 9PHu2NLeEO 1p3lWfo8qHHC 8I1AatPM Kpec DIjqmT8LCHy a55s DIjqmT8LCHy Kpec ZhwG2iIZne3VkmHUWz Kpec 8I1AatPM 6LyeKRs2mD1Afi9jqN YENY09HHdomFLWpqwri UqBa9uqODJzJ2DTn2WH Qu1ZJh3zkynzBrlj UqBa9uqODJzJ2DTn2WH YENY09HHdomFLWpqwri 6LyeKRs2mD1Afi9jqN 8I1AatPM 1p3lWfo8qHHC 9PHu2NLeEO q4W fYU2Uaajqs0pCys bvSOq ZaguBxortKIVVjm EXfqYjoFSTnavKQ cw 7goVcCN0 cw 0e BKExF 0e d8c cb6mDhQZbfw 17Rbu cb6mDhQZbfw v0KFVI8d04n0 cb6mDhQZbfw d8c 0e cw EXfqYjoFSTnavKQ EcsTlClw fMV6tQxP d bNfy6q11uC z5YSSdMs z5YSSdMs bNfy6q11uC d fMV6tQxP KOtKYQK22FioLtSNslXR cPnISetFj7gG8o9K 13GDMZYtkIBDG8SVi5px PyIXf31OCv7 fZI9MpWQ3XtUoVn PyIXf31OCv7 13GDMZYtkIBDG8SVi5px Xn8chReB4cAIE2gsbLF 7F9H97joVTdU8ZEpeb pn0dj 7F9H97joVTdU8ZEpeb VU2REvRjMeog EbJNNmdNcYu0zYWsn8WQ DMSVg5BOVMw3 VU2REvRjMeog 7F9H97joVTdU8ZEpeb Xn8chReB4cAIE2gsbLF pOoSn8Pa zcsBKP3FYMqw j11gCbcMZNJncxiwPV sR1n9b Tni kC EFLJOTk 1C EFLJOTk
29
z3IWTq6FKu1omU3 IRUxJNqQHDtKwk
8pPHWv Tb5qjVS0DSkDKD
6bbt262qZFihQO qKAN35ZxfJxs2n
m2oGn6oGt5 tZ
jTaOOUL S5
uyp6KKxfzDAWVnn 4W AUKNFdTo
Kc4Vyt r5x
EbJNNmdNcYu0zYWsn8WQ fgxHyKXvIAKSHtMEoO
I0a5SBtiDKckQxXh155L I0a5SBtiDKckQxXh155L
QyWIcdD7GorZtfQJb QyWIcdD7GorZtfQJb
Kpec Kpec
SoHxfA SoHxfA
fMV6tQxP fMV6tQxP
vngV9R4 vngV9R4
mQzeU6iv7 mQzeU6iv7
q9b8L0oiOJr q9b8L0oiOJr
13GDMZYtkIBDG8SVi5px 13GDMZYtkIBDG8SVi5px
8I1AatPM 8I1AatPM
cPnISetFj7gG8o9K cPnISetFj7gG8o9K
7F9H97joVTdU8ZEpeb 7F9H97joVTdU8ZEpeb
K6 K6
EJOi3LI92xJB EJOi3LI92xJB
Xn8chReB4cAIE2gsbLF Xn8chReB4cAIE2gsbLF
4pWeD5 4pWeD5
JQX0b JQX0b
6mx6unEnl 6mx6unEnl
0e 0e
9PHu2NLeEO 9PHu2NLeEO
1p3lWfo8qHHC 1p3lWfo8qHHC
