lyenDXSN Lz2zTm A wKxe td2wE ejGARlqqTb mQZe YGlQfVj9 mQZe ejGARlqqTb PeQXpKEC g5rTdl Nro8QqD7 zR86cxoBR1iHZrBRq IT s atG6EA8t O7r2ToU4q2kmCB tPnWG dOlk D D5kg NgQY7 m 4MdwVqEIlp6vzohvUqY m CmV txdRlSWkHoanZg KXiqhMJ DcRHjg8DDY6vnwByRY qdOugTsQERXKb12woNAZ thb6t42A0YG qdOugTsQERXKb12woNAZ rjuIDs VgyX6hB MBLHuIgjJIXs uy3ouNIxumu7jEuoP1 Lg6vVK8maXvZ6YX 55SpzsmtpxRH5 2AR73oQdnbYqnDCGMFS EJDqk Plmj0j Iax35 HwQeXpOEZHQ3s 8tafV1bFRuaPvhP hVfqebryM4wN f9euNCVEF2WwHc0CWSy5 a5oWSrhkZ1i 1BLIxJsmB2tIIyjdWfA qyauMx3AEqGdHObLiiL l ZDtYWltAxD3Y G50hiUpVStHCMrd 2tgqbRzViyLj2zTX BxWuSWm4FxUYL 2tgqbRzViyLj2zTX G50hiUpVStHCMrd ZDtYWltAxD3Y WTx KwadrVmn1cVf2X1 tfSU KwadrVmn1cVf2X1 WTx TCBmdyw IBvm5T3IOF CQB6bT3umR8xT9glKpn8 uZBV4AOX6KwHj3c5o 4W7XMqHRn91kRc1Bw1W hJ5qxKBbKOA34kfchbm8 4W7XMqHRn91kRc1Bw1W uZBV4AOX6KwHj3c5o CQB6bT3umR8xT9glKpn8 IBvm5T3IOF eMRqWqXSSf3JtA eMRqWqXSSf3JtA WTx ZDtYWltAxD3Y l qyauMx3AEqGdHObLiiL f9euNCVEF2WwHc0CWSy5 nqeGwct PuHLBR9bv11yLyu nqeGwct F8ti kwwpZt08lUaaVbp NddIguoLVxcrf kwwpZt08lUaaVbp F8ti nqeGwct f9euNCVEF2WwHc0CWSy5 hVfqebryM4wN S8DQEZtWlk6ka46PO A67f fGVqheaVU3e YjVTJewvHTIGLa fGVqheaVU3e 76MTLMkt 4VjCZBepqzXh5AWCnHpa 76MTLMkt rzakQDW pyuS7PRB7WW STJYwXq9HmmawT w5sd5 yhhlTVr0wSq5W udWCYo vAIBd1Ae fWX RG2YgH8N22A6BkFVBj fzp 61 PkjfPBo MEFvk PkjfPBo DPiFN0NPjkicbuWV PkjfPBo 61 fzp RG2YgH8N22A6BkFVBj fWX vAIBd1Ae LljTxAKERGoxX vAIBd1Ae udWCYo yhhlTVr0wSq5W pyuS7PRB7WW 5MmyogVjSm 8WC96lJgiKzF0uPcak 5MmyogVjSm pyuS7PRB7WW rzakQDW 76MTLMkt fGVqheaVU3e A67f S8DQEZtWlk6ka46PO hVfqebryM4wN 8tafV1bFRuaPvhP HwQeXpOEZHQ3s Iax35 Plmj0j b4e4 VqPxGiIZmFgz8XR biohkm DSCiFbOpP1bUCb biohkm VqPxGiIZmFgz8XR b4e4 tQCCGXS3bmOeuRG 49JO1dg0kSXirC4 K6yVeBnomxSBet nWkakNi6Qt9d4g SO ATcHai3SBHuvmr ATcHai3SBHuvmr SO sAyhAIwP2OT77F2er 8LlDxR2Epx2J 8 8LlDxR2Epx2J QLffPTeZl 8LlDxR2Epx2J excLR25Y6DhCWxI mMU5Ux7Gh9w PZxwb8n s5vYb4jZWyq9Wl1 KTvdjgP8tvhZu1m akZmiQ7tmX 1ds7sqHhanMKkMy s6JxFNKQ JO9N0rYR9egCTahDaDOm LdA nHG SB3y6f6tUh 7h2PJW8oD2ihKQrfQ6 lt1a5E0H lt1a5E0H ImSpax GPeb aqo cHKeh1 zQBDaS cHKeh1 6DVIvuGfPs2BU hpRsyMlXH1H 6DVIvuGfPs2BU dygEexsyZY Mu gCIPN dygEexsyZY VTwz dygEexsyZY 6DVIvuGfPs2BU cHKeh1 aqo GPeb ImSpax SB3y6f6tUh nHG SVbyt JkLZO8DirKOG2bdj E1fUYbO4wVjiEjEuf JyObTOXbOI JyObTOXbOI SVbyt nHG LdA JO9N0rYR9egCTahDaDOm s6JxFNKQ ktk7W LMfJF3uF5T1mE7y DYfBQTocj pl4FvR luVwbYvIclTUxL5SnKV BMNlDfk8j64 Uwlc vbDYJme Uwlc BMNlDfk8j64 6yeW7sat9rvd cnYBED3IXb5fpZ cs0 wBJRoqVxn1t Vfe589mWfZoDleGgD V8N Vfe589mWfZoDleGgD wBJRoqVxn1t aKWcP6bZBJ6CjFtJmYS1 wBJRoqVxn1t cs0 cnYBED3IXb5fpZ 6yeW7sat9rvd BMNlDfk8j64 luVwbYvIclTUxL5SnKV pl4FvR DYfBQTocj LMfJF3uF5T1mE7y rsx24rm LMfJF3uF5T1mE7y ktk7W 9jv9EQFEfuNtFB4nf ktk7W s6JxFNKQ akZmiQ7tmX KTvdjgP8tvhZu1m s5vYb4jZWyq9Wl1 FGQD6P s5vYb4jZWyq9Wl1 PZxwb8n mMU5Ux7Gh9w excLR25Y6DhCWxI VNvsbB7eWJcAK0fU 2FvJIR5cRPGGLqP 5esNrDc31UHHlpRecnb QqJi086VlxfXT0 w8EWCroyCh3Um Ei2w jvdVvQ 4OqtpC jvdVvQ Ei2w w8EWCroyCh3Um QqJi086VlxfXT0 5esNrDc31UHHlpRecnb 2FvJIR5cRPGGLqP VNvsbB7eWJcAK0fU C8PRtY0wMczFLQQYxa 51U5ZX VNvsbB7eWJcAK0fU excLR25Y6DhCWxI 8LlDxR2Epx2J sAyhAIwP2OT77F2er K6yVeBnomxSBet K6yVeBnomxSBet tQCCGXS3bmOeuRG b4e4 Plmj0j EJDqk EJDqk 2AR73oQdnbYqnDCGMFS MBLHuIgjJIXs VgyX6hB rjuIDs qdOugTsQERXKb12woNAZ DcRHjg8DDY6vnwByRY 7vYBrU9Z DcRHjg8DDY6vnwByRY KXiqhMJ Uj7D71ia6c4InD2TM u5jKUWj2LjAYIRn8hhl Uj7D71ia6c4InD2TM KXiqhMJ txdRlSWkHoanZg CmV m NgQY7 D5kg D dOlk tPnWG ZaJkOr3tQhFHqe 4OPV7 eIy4pbuoWfucC gNAsryh 5TLmyf 7Q 7Q eIy4pbuoWfucC 4OPV7 LLftB9CiFP0 4OPV7 ZaJkOr3tQhFHqe sY1Se4a5xWrc6 SMo1 sY1Se4a5xWrc6 CLzQHzEelbJh7NPN8 sY1Se4a5xWrc6 ZaJkOr3tQhFHqe tPnWG O7r2ToU4q2kmCB atG6EA8t IT zR86cxoBR1iHZrBRq E3J9WM6DT0Hetm4lXQFQ E3J9WM6DT0Hetm4lXQFQ g5rTdl 4c WtgcpK6YcXk 4c 9fLVojn 4c g5rTdl PeQXpKEC ejGARlqqTb td2wE 4q56Ohva6NTLbWVwz Uq33lr5 4q56Ohva6NTLbWVwz td2wE wKxe A 2BK3B09h6iII uVkk2UHlyULVLBr3U Qocm7a8zSJz0xJ uVkk2UHlyULVLBr3U 2BK3B09h6iII A Lz2zTm lyenDXSN
36
TCBmdyw hjCFXN9kbqn0UCNsZ
a5oWSrhkZ1i f
STJYwXq9HmmawT L
49JO1dg0kSXirC4 wcmx8dhmsO o3refHnx4qioqHztqMYE
nWkakNi6Qt9d4g frNA534JEvY4f nWkakNi6Qt9d4g
1ds7sqHhanMKkMy M1PxrOPSNUVpc
7h2PJW8oD2ihKQrfQ6 llx2p
Mu vJxAK1LaHyuu4yFNeul Mu
JkLZO8DirKOG2bdj cYPTdnJWL
C8PRtY0wMczFLQQYxa zzYmU5YFhvp1
uy3ouNIxumu7jEuoP1 K0A9bbVLm9atwTf
gNAsryh zI
s BR KtvQaJqCJTRpXM8ZI
Nro8QqD7 hU
G50hiUpVStHCMrd G50hiUpVStHCMrd
MBLHuIgjJIXs MBLHuIgjJIXs
CmV CmV
VNvsbB7eWJcAK0fU VNvsbB7eWJcAK0fU
nqeGwct nqeGwct
l l
wBJRoqVxn1t wBJRoqVxn1t
lt1a5E0H lt1a5E0H
GPeb GPeb
vAIBd1Ae vAIBd1Ae
akZmiQ7tmX akZmiQ7tmX
Plmj0j Plmj0j
6DVIvuGfPs2BU 6DVIvuGfPs2BU
ImSpax ImSpax
hVfqebryM4wN hVfqebryM4wN
7Q 7Q
A67f A67f
6yeW7sat9rvd 6yeW7sat9rvd
jvdVvQ jvdVvQ
61 61
HwQeXpOEZHQ3s HwQeXpOEZHQ3s
2AR73oQdnbYqnDCGMFS 2AR73oQdnbYqnDCGMFS
