6a5e7697411b4a5f9bee 9413e484b07844a0b2a5 c83df3fc7ad7453da3a8 6e67d80aec8b4fc0a0f4 53c9cb5cf7384868ac19 0fd1133f6c554bf58899 eb4662fb37074da1ac15 aa15be66f1c1428f84aa e52407732f114aa1a1dd d836b3a637a647759376 eb69bfc02d474eb3a982 bd4440dc1af242438772 2cc84eddeb0f411a85bd 2cc84eddeb0f411a85bd bd4440dc1af242438772 268fc1cec41445e9ae4c d231535a16d747168db6 ce0b9987a99a4073beab ccd6cde772ea4eb0939d ab30581bda5a4746a1ab 7c1bf490928b4ce8968f b5755c64ca7a4efd9c08 79e28a889fa348f89be3 a72944b166b948ed8afb 4cc41845ed58465488d9 4cc41845ed58465488d9 a72944b166b948ed8afb 709a665a9f9b412ea230 863d51b71d174e18a8b2 cfd801acdfd6452696dd 4da00804134d4fc9a85c c576aa1a65a847f98480 c0dbf396a3c644f697c5 55e89cf4bac74541ba85 1a7f1983167648c5aa97 d78d78f0d6974731a39a 1a7f1983167648c5aa97 147f1c04198d4b1aa9eb b948a6a686f640e0a856 8da678d0b2344c54a366 00ab75eeae43479b93a1 aa3f52c94cbd4a128bbb 00ab75eeae43479b93a1 b948a6a686f640e0a856 147f1c04198d4b1aa9eb 1a7f1983167648c5aa97 55e89cf4bac74541ba85 c576aa1a65a847f98480 4da00804134d4fc9a85c cfd801acdfd6452696dd ec71cd3332104923a6b2 d40f6eaafcf0402eb0d7 c682747afcc14c9292f2 ee56330e23f14c33af6b e42a313b3fc84870ab92 c682747afcc14c9292f2 d40f6eaafcf0402eb0d7 ec71cd3332104923a6b2 cfd801acdfd6452696dd 863d51b71d174e18a8b2 709a665a9f9b412ea230 b5755c64ca7a4efd9c08 7c1bf490928b4ce8968f ab30581bda5a4746a1ab ccd6cde772ea4eb0939d dd3e1bad39dd43908b4e 21a28b0b88954f7aa582 9c906b337e8b4f708f0e dec6cbdb369c4efca414 2eaf4a8f5c2a47b18f2a dec6cbdb369c4efca414 cc5f406e2dcd46bebe75 6c5164d75c654b6e9e3b bbb11a04c8a343348a26 a517a99fa3bb48a69b2a 72c52cfc431e4b0b82bd ab6a4a3d324a4e118998 a11604bab4bc49008828 6c8fdc64a38545c8997a 65b7af53d28f4262bf8f 9a007b07478f49ea8ad1 2ce2b2e6256542928a0d 9a007b07478f49ea8ad1 65b7af53d28f4262bf8f 6c8fdc64a38545c8997a a11604bab4bc49008828 ab6a4a3d324a4e118998 72c52cfc431e4b0b82bd a517a99fa3bb48a69b2a bbb11a04c8a343348a26 6c5164d75c654b6e9e3b 21a28b0b88954f7aa582 dd3e1bad39dd43908b4e ccd6cde772ea4eb0939d ce0b9987a99a4073beab d231535a16d747168db6 268fc1cec41445e9ae4c d836b3a637a647759376 e52407732f114aa1a1dd aa15be66f1c1428f84aa eb4662fb37074da1ac15 0fd1133f6c554bf58899 53c9cb5cf7384868ac19 6e67d80aec8b4fc0a0f4 6a5e7697411b4a5f9bee
37
c83df3fc7ad7453da3a8 87ecc0a3a59f407c9b3d f4f0866d5e97488aa802
eb69bfc02d474eb3a982 e73af41069ed4943a52c e3697cd0e4bb4631b60b
79e28a889fa348f89be3 f911fa4d522a4357aa0b
d78d78f0d6974731a39a 728908ec3cef4db29934 12424155e29a4ad09224 e0cb3963860e4d049310
94e0719061a446db8f0d bc0a76f3195549949d49 a1480b86aa6b4e8ab46b ac82fe0455c04a6fbc21
aa3f52c94cbd4a128bbb 95119be28c194159a1ee a5e69939e9704f81a60e
8da678d0b2344c54a366 5a90ec8096c2423fb598
c0dbf396a3c644f697c5 365700b51db445e3a31a e9189c39d6f9459fb82b 113cbb314b8c423e99ac 950cb52e3a1446d9af98
e42a313b3fc84870ab92 3f86be020a0e43e4b1ff ebbbcdcdb3554877aeb0 7a06c0a05152448791da bc0a76f3195549949d49 5c8da1e70e304c18a2e4
ee56330e23f14c33af6b e0d6bb0c69d74ec5a7c2
2eaf4a8f5c2a47b18f2a ced33625aef44e049e40 4fd54063e8fe4e6591e3 d8981e847a1946839e08
9c906b337e8b4f708f0e 6ea877c3766c4669a150 4e25f87635bb4843b59f 1733e0b32fcb468e9db5 4aadb3216b4343adbebd
cc5f406e2dcd46bebe75 3b86319574304aac82c1 cc5f406e2dcd46bebe75
2ce2b2e6256542928a0d 5042f23712404074ac94 dcee8e551d34480d82e2 008aafd1b0ec4150aacc
9413e484b07844a0b2a5 68b5e6aea12140d2bb26
6a5e7697411b4a5f9bee c1b06ccaa4874b00a961
268fc1cec41445e9ae4c 268fc1cec41445e9ae4c
4da00804134d4fc9a85c 4da00804134d4fc9a85c
ab6a4a3d324a4e118998 ab6a4a3d324a4e118998
bbb11a04c8a343348a26 bbb11a04c8a343348a26
5c8da1e70e304c18a2e4 5c8da1e70e304c18a2e4
f4f0866d5e97488aa802 f4f0866d5e97488aa802
e0cb3963860e4d049310 e0cb3963860e4d049310
9a007b07478f49ea8ad1 9a007b07478f49ea8ad1
6e67d80aec8b4fc0a0f4 6e67d80aec8b4fc0a0f4
d8c441caf295405aaf52 d8c441caf295405aaf52
950cb52e3a1446d9af98 950cb52e3a1446d9af98
a72944b166b948ed8afb a72944b166b948ed8afb
6c5164d75c654b6e9e3b 6c5164d75c654b6e9e3b
d8981e847a1946839e08 d8981e847a1946839e08
00ab75eeae43479b93a1 00ab75eeae43479b93a1 ac82fe0455c04a6fbc21
f451d0f96c4e44e5a7a2 f451d0f96c4e44e5a7a2
ce0b9987a99a4073beab ce0b9987a99a4073beab
863d51b71d174e18a8b2 863d51b71d174e18a8b2
a11604bab4bc49008828 a1480b86aa6b4e8ab46b
b948a6a686f640e0a856 d8c441caf295405aaf52
b5755c64ca7a4efd9c08 f451d0f96c4e44e5a7a2
