0 80 19 17 19 58 84 68 63 57 22 38 22 6 66 3 40 5 40 3 63 85 77 35 12 7 12 28 26 23 55 86 79 55 36 47 64 47 36 55 12 35 61 35 43 48 31 75 69 53 25 34 11 34 25 53 49 56 15 42 15 56 49 53 69 75 31 29 98 31 48 59 48 43 35 77 85 84 58 70 96 70 58 19 80 13 65 67 78 8 10 2 4 45 20 18 74 24 24 74 20 27 76 39 39 2 65 81 73 81 0
37
6 83 6
57 93 37 95
26 21
86 94 54 91
28 88
29 51 29
68 82 68
8 16 8
18 9 33
27 71
45 32
4 90
67 99 67
13 72 14 50 44
0 97
25 25
12 12
35 35
58 58
77 77
53 53
15 15
75 75
69 69
39 39
40 40
46 46
62 62
89 89
81 81
36 36
56 56
84 84
43 43
65 65
31 31
87 87
