2 56 61 61 17 8 17 29 67 92 64 58 55 74 81 80 91 71 90 90 83 28 46 88 1 84 100 96 57 59 39 72 39 59 57 96 97 68 89 78 89 42 16 42 89 68 97 96 100 84 40 30 40 84 1 88 46 28 47 26 98 26 47 28 43 9 44 99 99 44 51 10 31 20 85 22 85 20 31 10 51 43 28 83 91 80 81 74 55 58 52 52 67 29 17 38 34 37 70 37 34 60 49 94 82 66 12 93 41 7 7 54 93 93 53 86 95 23 36 32 4 24 4 25 6 62 11 79 21 76 50 76 79 11 62 6 25 4 18 4 32 14 32 36 23 48 23 95 86 66 82 94 49 2
43
56 27
71 63 13 71
9 3 9
64 65 5
92 75
2 87
41 19 41
12 35
21 15 21
53 45 53
60 69
1 1
7 7
11 11
17 17
23 23
25 25
29 29
31 31
33 33
37 37
39 39
43 43
47 47
49 49
51 51
55 55
57 57
59 59
61 61
67 67
73 73
77 77
79 79
81 81
83 83
85 85
89 89
91 91
93 93
95 95
97 97
99 99
