2 9 179 49 68 16 11 139 116 139 11 16 14 35 63 36 88 109 175 178 165 26 119 22 119 194 34 194 119 26 165 178 175 87 124 123 101 33 97 135 113 94 160 43 92 43 160 145 103 42 154 155 5 48 5 155 129 185 3 3 129 159 78 120 78 159 128 137 28 13 147 77 77 77 147 13 104 137 163 52 163 8 163 20 192 20 145 160 94 134 138 60 41 83 21 157 79 64 46 64 79 157 83 41 60 138 134 94 113 96 113 195 146 132 146 172 150 172 146 180 113 162 126 162 113 135 69 44 54 44 69 135 122 135 97 188 97 101 32 101 123 124 87 106 6 198 24 198 99 105 10 196 90 105 99 106 87 175 109 59 130 59 109 88 136 88 115 110 88 63 75 102 63 35 27 76 112 199 152 199 35 14 186 14 190 84 170 18 170 84 190 14 156 14 30 14 16 68 31 93 66 189 45 121 166 182 166 45 189 66 56 184 50 158 70 118 74 118 70 168 108 168 86 100 86 174 37 144 80 4 72 62 80 176 80 37 174 148 174 86 200 86 50 184 56 66 93 91 140 40 114 12 114 91 68 179 9 2
81
36 141
34 67 117
42 191 89
154 85
185 173 107 185
28 51 187 23
103 61 103
21 197 21
164 167
195 71 195
33 19 33
196 171
10 15
6 151
115 183 115
75 57 75
27 17 27
76 29
121 53 121
144 143 149
72 81 125
4 127 177
158 153
140 65
31 169 31
49 73 49
1 1
3 3
5 5
7 7
9 9
11 11
13 13
25 25
35 35
37 37
39 39
41 41
43 43
45 45
47 47
55 55
59 59
63 63
69 69
77 77
79 79
83 83
87 87
91 91
93 93
95 95
97 97
99 99
101 101
105 105
109 109
111 111
113 113
119 119
123 123
129 129
131 131
133 133
135 135
137 137
139 139
145 145
147 147
155 155
157 157
159 159
161 161
163 163
165 165
175 175
179 179
181 181
189 189
193 193
199 199
