S 1M 1Da 1Db 1Dc 1Ea 1Eb 1Ec 1Ef 1Eg 1Ed 1Ej 1El 1Em 1Fa 1Fb 1Fc 1Fd 1Ba 1Bc 1Bd 1Be 1Bf 1Bg 1Bh 1Ak 1Ak S 2M 2Da 2Db 2Dc 2Ea 2Eb 2Ec 2Ef 2Eg 2Ed 2Ej 2El 2Em 2Fa 2Fb 2Fc 2Fd 2Ba 2Bc 2Bd 2Be 2Bf 2Bg 2Bh 2Ak 2Ak S
26
1Da 1Dd 1De
1Ec 1Eh 1Ei
1Ed 1Ek
1Ea 1Ee
1Fa 1Fe
1M 1Aa 1Ac 1Ad 1Ae 1Cd 1Ah 1Ai 1Aj
1Ba 1Bb
1Bf 1Bi 1Bj 1Bf
2Da 2Dd 2De
2Ec 2Eh 2Ei
2Ed 2Ek
2Ea 2Ee
2Fa 2Fe
2M 2Aa 2Ac 2Ad 2Ae 2Cd 2Ah 2Ai 2Aj
2Ba 2Bb
2Bf 2Bi 2Bj 2Bf
1Ab 1Ab
1Ag 1Ag
1Ca 1Ca
1Cb 1Cb
1Cc 1Cc
2Ab 2Ab
2Ag 2Ag
2Ca 2Ca
2Cb 2Cb
2Cc 2Cc
