S 1M 1Da 1Db 1Dc 1Ea 1Eb 1Ec 1Ef 1Eg 1Ed 1Ej 1El 1Em 1Fa 1Fb 1Fc 1Fd 1Ba 1Bc 1Bd 1Be 1Bf 1Bg 1Bh 1Ak 1Ak S 2M 2Da 2Db 2Dc 2Ea 2Eb 2Ec 2Ef 2Eg 2Ed 2Ej 2El 2Em 2Fa 2Fb 2Fc 2Fd 2Ba 2Bc 2Bd 2Be 2Bf 2Bg 2Bh 2Ak 2Ak S 3M 3Da 3Db 3Dc 3Ea 3Eb 3Ec 3Ef 3Eg 3Ed 3Ej 3El 3Em 3Fa 3Fb 3Fc 3Fd 3Ba 3Bc 3Bd 3Be 3Bf 3Bg 3Bh 3Ak 3Ak S 4M 4Da 4Db 4Dc 4Ea 4Eb 4Ec 4Ef 4Eg 4Ed 4Ej 4El 4Em 4Fa 4Fb 4Fc 4Fd 4Ba 4Bc 4Bd 4Be 4Bf 4Bg 4Bh 4Ak 4Ak S
52
1Da 1Dd 1De
1Ec 1Eh 1Ei
1Ed 1Ek
1Ea 1Ee
1Fa 1Fe
1M 1Aa 1Ac 1Ad 1Ae 1Cd 1Ah 1Ai 1Aj
1Ba 1Bb
1Bf 1Bi 1Bj 1Bf
2Da 2Dd 2De
2Ec 2Eh 2Ei
2Ed 2Ek
2Ea 2Ee
2Fa 2Fe
2M 2Aa 2Ac 2Ad 2Ae 2Cd 2Ah 2Ai 2Aj
2Ba 2Bb
2Bf 2Bi 2Bj 2Bf
3Da 3Dd 3De
3Ec 3Eh 3Ei
3Ed 3Ek
3Ea 3Ee
3Fa 3Fe
3M 3Aa 3Ac 3Ad 3Ae 3Cd 3Ah 3Ai 3Aj
3Ba 3Bb
3Bf 3Bi 3Bj 3Bf
4Da 4Dd 4De
4Ec 4Eh 4Ei
4Ed 4Ek
4Ea 4Ee
4Fa 4Fe
4M 4Aa 4Ac 4Ad 4Ae 4Cd 4Ah 4Ai 4Aj
4Ba 4Bb
4Bf 4Bi 4Bj 4Bf
1Ab 1Ab
1Ag 1Ag
1Ca 1Ca
1Cb 1Cb
1Cc 1Cc
2Ab 2Ab
2Ag 2Ag
2Ca 2Ca
2Cb 2Cb
2Cc 2Cc
3Ab 3Ab
3Ag 3Ag
3Ca 3Ca
3Cb 3Cb
3Cc 3Cc
4Ab 4Ab
4Ag 4Ag
4Ca 4Ca
4Cb 4Cb
4Cc 4Cc
