0 1 6 11 16 21 26 32 33 31 37 36 42 43 41 46 51 57 58 56 61 66 71 76 81 85 77 67 69 59 59 58 57 53 53 55 54 55 50 49 41 44 45 44 41 43 42 36 39 40 39 36 35 35 33 32 29 29 27 28 27 22 23 22 25 25 18 18 20 20 12 12 14 15 14 9 8 10 4 2 5 0 198 197 196 191 192 186 181 176 171 166 168 167 161 162 156 151 146 141 136 131 126 127 121 116 111 112 106 101 96 91 94 94 92 86 88 89 105 105 103 103 110 112 115 116 119 120 119 116 118 117 118 116 125 124 125 123 123 130 130 133 134 132 148 150 147 154 160 160 158 157 158 164 164 167 175 174 175 172 172 178 177 182 190 190 188 188 192 194 196 197 198 199 198 0
63
37 38
81 87 83 84 82
76 79 78 80
71 74 73 72 75
66 68 70
61 62 65 64 63
56 60
51 52
46 48 47
31 34
26 30
21 24
16 17 19
11 13
6 7
1 3
191 193 195
91 95
86 90
92 93
96 97 99 98 100
101 104 102
106 107 109 108
111 113 114
121 122
127 128 127
126 129
131 135
136 137 140 138 139
141 144 143 145 142
146 149
151 153 152 155
156 159
162 163 162
161 165
166 170 169
171 173
176 180 179
181 184 185 183
186 189 187
58 58
44 44
22 22
35 35
105 105
192 192
164 164
14 14
42 42
118 118
53 53
103 103
25 25
94 94
130 130
112 112
33 33
27 27
12 12
32 32
29 29
59 59
39 39
