yqRn7pcv RKTqv0lO xaYYL0Xr ne5PzSYX zcy1X765 XlaUIvCb mmiVeCrf mmiVeCrf XlaUIvCb zcy1X765 ne5PzSYX xaYYL0Xr RKTqv0lO i4M5A6hw z3tqnoFm 1JmiRMy2 fsgAjhrq kuFFViCC X3Jn2MHg ou6pOA5T hC2ZPbzA Bow1G1eA d0naUNzM 4bzLzw2O qGX9syVq Tv0Ngo2a cbK8BQiu Wvomb2LC 2XMfF8YA 2dprxs3b BXSeJMk1 83BKbC2v lRFv66dO uzY67sfN hcJG54h4 dYz0v5Rl 6XOrbPEm pP15erwI 41tU4PmX 7F8LcJJC vBvjliCl 5Zo9R33z gGaSBUDY LQU5lyru rKjRBwvM fstmfCC0 miG0nu5G miG0nu5G fstmfCC0 rKjRBwvM LQU5lyru 5Zo9R33z vBvjliCl 7F8LcJJC 41tU4PmX pP15erwI 6XOrbPEm dYz0v5Rl hcJG54h4 uzY67sfN lRFv66dO 83BKbC2v BXSeJMk1 2dprxs3b 2XMfF8YA Wvomb2LC cbK8BQiu Tv0Ngo2a qGX9syVq 4bzLzw2O d0naUNzM Bow1G1eA hC2ZPbzA ou6pOA5T X3Jn2MHg kuFFViCC fsgAjhrq 1JmiRMy2 z3tqnoFm i4M5A6hw yqRn7pcv
23
yqRn7pcv o5fxSomz rJm7nPd7
gGaSBUDY 7xyYvlir mB6fiF0u
hC2ZPbzA hC2ZPbzA
lRFv66dO lRFv66dO
ne5PzSYX ne5PzSYX
5Zo9R33z 5Zo9R33z
fsgAjhrq fsgAjhrq
2XMfF8YA 2XMfF8YA
RKTqv0lO RKTqv0lO
6XOrbPEm 6XOrbPEm
mB6fiF0u mB6fiF0u
zcy1X765 zcy1X765
i4M5A6hw i4M5A6hw
1JmiRMy2 1JmiRMy2
mmiVeCrf mmiVeCrf
Tv0Ngo2a Tv0Ngo2a
XlaUIvCb XlaUIvCb
hcJG54h4 hcJG54h4
rKjRBwvM rKjRBwvM
xaYYL0Xr xaYYL0Xr
uzY67sfN uzY67sfN
LQU5lyru LQU5lyru
Wvomb2LC Wvomb2LC
