44 75 69 73 83 23 31 34 1 47 68 48 33 33 64 76 78 39 78 76 64 71 13 38 52 72 52 38 13 50 13 71 91 60 95 14 81 58 81 14 95 60 91 71 54 67 71 99 71 64 22 79 79 22 34 84 85 86 25 41 28 80 89 3 18 82 98 92 98 82 18 70 49 70 10 40 45 40 10 90 89 80 55 65 94 63 93 94 2 87 59 4 42 4 59 59 2 94 74 94 62 94 65 80 28 41 25 53 61 53 25 30 30 27 27 66 96 57 12 8 8 12 77 27 88 88 84 34 11 37 46 37 56 37 11 51 11 34 97 35 97 34 31 23 83 83 73 69 75 44
29
68 5
54 24
47 17
1 15 1
3 19 3
63 29
87 26 16
55 6
86 32
85 0 20
66 9
44 7
2 2
4 4
8 8
10 10
11 11
12 12
13 13
14 14
18 18
21 21
22 22
23 23
25 25
27 27
28 28
30 30
31 31
