74 135 163 169 31 196 172 118 139 139 118 168 176 39 71 197 71 175 60 92 30 109 138 122 138 109 30 92 117 64 99 67 99 64 93 64 117 119 117 92 1 62 95 11 80 171 80 34 91 182 41 104 116 104 83 73 83 104 41 182 91 34 20 6 161 29 90 183 44 16 147 154 147 16 44 174 90 173 90 29 161 6 20 24 61 61 123 123 47 150 110 123 20 34 80 86 187 187 143 37 96 155 96 37 143 18 164 28 114 126 114 28 124 28 164 18 80 14 158 14 80 11 140 188 188 192 1 175 105 136 103 165 111 120 42 144 42 120 79 120 128 120 111 165 103 136 167 136 105 175 112 175 134 175 71 39 177 137 50 191 87 141 19 19 141 87 191 50 193 127 193 88 57 115 131 55 148 76 131 152 131 115 101 12 162 179 49 189 145 189 49 157 49 198 0 0 195 21 98 12 186 63 66 63 133 89 133 63 70 142 160 32 32 160 40 181 181 40 70 63 186 115 57 88 72 88 193 102 178 102 193 2 180 180 2 168 85 185 36 75 82 75 69 75 36 194 194 168 121 169 132 100 170 100 132 81 156 81 132 169 107 166 68 166 97 166 107 169 130 84 43 153 94 43 84 130 129 130 48 52 125 77 125 48 149 48 130 169 163 146 151 146 163 135 108 106 108 113 108 135 8 78 8 135 74
54
196 27
190 15
183 23
24 53 24
47 45 47
86 54
95 10
62 17 62
60 26 60
177 46
55 58 55
179 9 51
21 38 4 21
162 59
101 3
142 5 25 13
176 35
85 33
31 7 31
153 56
52 65 52
0 0
1 1
2 2
6 6
8 8
11 11
12 12
14 14
16 16
18 18
19 19
20 20
22 22
28 28
29 29
30 30
32 32
34 34
36 36
37 37
39 39
40 40
41 41
42 42
43 43
44 44
48 48
49 49
50 50
57 57
61 61
63 63
64 64
