93 71 37 71 158 71 93 18 174 143 77 113 75 130 5 130 75 32 77 160 133 160 89 89 49 117 164 87 99 14 126 98 107 85 148 85 17 85 97 176 42 97 135 98 126 126 14 99 164 117 49 118 161 73 2 127 48 127 2 95 33 109 36 123 9 68 21 119 86 23 152 57 132 67 173 67 132 104 10 58 10 101 8 169 155 88 155 44 105 13 105 44 8 10 149 10 132 57 152 86 119 119 21 114 106 114 9 69 79 54 47 91 110 128 128 116 82 151 52 31 139 31 52 151 59 116 30 96 30 142 55 142 30 116 128 110 91 40 162 40 50 40 91 47 78 72 134 103 6 103 159 156 156 25 103 171 144 170 64 12 19 19 100 53 29 16 16 29 100 64 15 144 103 134 72 78 47 54 79 69 141 35 141 125 167 125 141 69 9 38 92 150 74 74 38 109 60 153 60 109 83 109 33 2 73 112 118 0 118 166 118 49 89 160 120 160 7 28 7 174 93
65
18 138 80 46 157 146 18
113 102
107 168 76
176 90 26 121 176
11 65
87 66 136 87
23 111
169 20 169
101 172 101
104 124
68 1
82 84 163 82
159 51 140 122
171 34 171
170 108 170
12 154
53 39 177 53
92 27
36 115 36
95 61 95
161 81 137 161
143 43 143
2 2
4 4
14 14
19 19
24 24
38 38
40 40
47 47
49 49
52 52
56 56
57 57
62 62
63 63
64 64
67 67
70 70
72 72
73 73
74 74
75 75
77 77
79 79
86 86
91 91
98 98
99 99
105 105
109 109
110 110
116 116
117 117
119 119
125 125
129 129
130 130
131 131
141 141
147 147
151 151
155 155
165 165
174 174
