Dannemora Hamburg Hillburn Downey Herrings Downey Hillburn Gouverneur Hillburn Flower Hancock Flower Hauppauge Flower Fleischmanns Fonda Hewlett Fairview Geneva Geneva Geneva Fairview Hewlett Fabius Norwich Haviland Highfalls Fayetteville Harbor Harbor Fayetteville Highfalls Fleischmanns Gloversville Fleischmanns Dannemora Fire Goshen Frankfort Flanders Gilbertsville Flanders Frankfort Goshen Highland Farmingville Florida Deer Granville Northville Deer Delanson Nyack Gardiner Hannibal Odessa Frewsburg Delhi Olcott Frewsburg Odessa Hannibal Germantown Delmar Wantagh Delmar Herricks Nunda Heuvelton Hamilton Heuvelton Nunda Delmar Noyack Haverstraw Oakfield Glasco Oakfield Haverstraw Galeville Delevan Delevan Galeville Hermon Franklinville Gowanda Ogdensburg Olean Ogdensburg Gowanda Franklinville Hermon Fairmount Gordon Oakdale Gordon Fairmount Nyack Delanson Deer Florida Norwood Heritage Norwood Florida Farmingville Harrisville Hawthorne Farmingville Highland Goshen Fire Earlville Hartsdale Fire Dannemora
39
Ghent Depauville Fair Ghent
Fonda Depew Fairport Fonda
Fabius Davis Fabius
Haviland Franklin Fredonia Forest
Hamburg DeRuyter
Granville Forestville
Delhi Farnham Delhi
Gardiner Gasport Gardiner
Herricks Deposit
Noyack Dunkirk
Germantown Dansville Germantown
Harrisville Friendship
Earlville Firthcliffe Earlville
Deer Deer
Deferiet Deferiet
Delanson Delanson
Delevan Delevan
Delmar Delmar
Dexter Dexter
Fairmount Fairmount
Fairview Fairview
Falconer Falconer
Farmingville Farmingville
Fayetteville Fayetteville
Fire Fire
Fishers Fishers
Fishkill Fishkill
Flanders Flanders
Fleischmanns Fleischmanns
Florida Florida
Flower Flower
Frankfort Frankfort
Franklinville Franklinville
Freeport Freeport
Freeville Freeville
Frewsburg Frewsburg
Fulton Fulton
Galeville Galeville
Geneva Geneva
