Acton Compton Farmington Dublin Arnold Calabasas Dixon Dixon Calabasas Firebaugh Cherryland Avery Fullerton Avery Chowchilla Cutten Cottonwood Cutten Avery Georgetown Bellflower Carlsbad Encinitas Claremont Dorrington Claremont Carlsbad Bellflower Bolinas Friant Bolinas Angwin Atascadero Bonsall Clyde Colma Cypress Colma Buttonwillow Anaheim Dunsmuir Calimesa Davis Davis Calimesa Dunsmuir Buttonwillow Bonsall Cutler Chualar Chester Chualar Cutler Bonsall Angwin Bolinas Bellflower Georgetown Avery Cherryland Firebaugh Ferndale Columbia Fillmore Cobb Barstow Capitola Delleker Capitola Felton Capitola Barstow Cobb Esparto Cobb Fillmore Alpine Fontana Colusa Fowler Coronado Covina Downey Bell Alpaugh Escalon Calipatria Crockett Crockett Calipatria Escalon Alpaugh Bell Bluewater Cartago Covelo Farmersville Gardena Farmersville Delhi Fremont Concow Eureka Concow Carrick Alameda Berkeley Armona Delano Berkeley Alameda Carrick Concow Fremont Delhi Farmersville Covelo Foresthill Altadena Cloverdale Altadena Foresthill Covelo Coalinga Fairview Coalinga Covelo Cartago Bluewater Calexico Blairsden Atherton Commerce Atherton Corcoran Atherton Blairsden Cromberg Cupertino Duarte Carmichael Freedom Carmichael Duarte Citrus Auberry Corona Auberry Cromberg Florin Alturas Fairfield Alturas Florin Colfax Bayview Bayview Colfax Corralitos Concord Corralitos Exeter Downey Dinuba Banning Fresno August Forestville Cotati Boron Dorris Crest Dorris Boron Cotati Clio Etna Empire Clio Fresno Dinuba Fontana Alpine Fortuna Diablo Brentwood Biola Crestline Artesia Fallbrook Fairfax Durham Carson Bishop Fruitdale Byron Colton Fellows Gazelle Clovis Darwin Clovis Atwater Emeryville Atwater Carson Artesia Brawley Corning Brisbane Brisbane Corning Firebaugh Dublin Denair Dublin Farmington Acton
76
Compton Bowles
Arnold Amesti Broadmoor Caruthers Arnold
Chowchilla Avenal Benicia
Encinitas Canyondam
Anaheim Calistoga Aromas Anaheim
Clyde Beckwourth
Atascadero Caribou Atascadero
Ferndale Ashland
Colusa Adelanto
Cerritos Cabazon Aptos Cerritos
Armona Blythe Armona
Cupertino Auburn
Calexico Burlingame Calexico
Covina Bodfish
August Castroville August
Etna Beaumont Bakersfield
Banning Avalon Banning
Biola Arbuckle Biola
Burbank Belvedere Burbank
Brentwood Camarillo Brentwood
Diablo Arcata
Fairfax Bootjack Burney
Bishop Azusa Bishop
Fellows Bradbury
Byron Biggs Byron
Fruitdale Albany
Fallbrook Bonita
Fortuna Calwa
Alhambra Almanor Arvin Alhambra
Brawley Belden Belmont Brawley
Columbia Carpinteria
Alameda Alameda
Alamo Alamo
Alpaugh Alpaugh
Alpine Alpine
Altadena Altadena
Alturas Alturas
Anderson Anderson
Angwin Angwin
Antioch Antioch
Arcadia Arcadia
Artesia Artesia
Atherton Atherton
Atwater Atwater
Auberry Auberry
Avery Avery
Barstow Barstow
Bayview Bayview
Bell Bell
Bellflower Bellflower
Berkeley Berkeley
Blairsden Blairsden
Bloomington Bloomington
Bluewater Bluewater
Bolinas Bolinas
Bonsall Bonsall
Boron Boron
Boronda Boronda
Bradley Bradley
Brea Brea
Brisbane Brisbane
Buttonwillow Buttonwillow
Bystrom Bystrom
Calabasas Calabasas
Calimesa Calimesa
Calipatria Calipatria
Cambria Cambria
Campbell Campbell
Capitola Capitola
Carlsbad Carlsbad
Carmichael Carmichael
Carrick Carrick
Carson Carson
Cartago Cartago
Cayucos Cayucos
Ceres Ceres
