Acadia Biscayne Rocky Caverns Congaree Everglades Katmai Katmai Everglades Congaree Caverns Rocky Biscayne Guadalupe Sequoia Wrangell Haleakala Shenandoah Clark Canyonlands Brycecanyon Isle Kenai Voyageurs Canyonlands Shenandoah Haleakala Wrangell Sequoia Guadalupe Acadia
21
Acadia Capitol Denali Tortugas
Brycecanyon Basin Brycecanyon Glacier
Kenai Teton
Voyageurs Bend Gateway
Lassen Cuyahoga Indiana
Isle Smoky Isle Channel
Clark Arches Badlands
Badlands Badlands
Biscayne Biscayne Cuyahoga
Gunnison Gunnison
Canyonlands Canyonlands
Caverns Caverns
Channel Channel
Congaree Congaree
Crater Crater
Everglades Everglades
Glacier Glacier
Guadalupe Guadalupe
Haleakala Haleakala Indiana
Katmai Gunnison
Shenandoah Crater
