h0 h44 h23 h69 h23 h33 h34 h32 h38 h89 h88 h89 h86 h99 h29 h85 h85 h29 h86 h32 h71 h70 h71 h32 h34 h33 h23 h44 h57 h6 h4 h56 h56 h4 h6 h9 h10 h54 h13 h53 h13 h54 h10 h11 h59 h12 h79 h60 h15 h61 h49 h49 h93 h15 h60 h77 h60 h79 h12 h59 h94 h41 h82 h64 h64 h65 h2 h58 h21 h67 h26 h66 h26 h67 h21 h58 h2 h52 h2 h65 h83 h65 h41 h63 h81 h48 h35 h47 h46 h45 h74 h87 h75 h87 h74 h84 h46 h36 h19 h98 h37 h28 h27 h97 h96 h97 h20 h95 h20 h97 h27 h76 h27 h37 h98 h19 h36 h46 h47 h35 h48 h81 h41 h94 h59 h11 h10 h9 h0
43
h38 h30 h31 h38
h99 h24
h0 h43
h57 h5 h3
h1 h7 h14 h1
h61 h18
h82 h22
h45 h25 h45
h28 h39 h28
h63 h17
h2 h2
h4 h4
h6 h6
h8 h8
h9 h9
h10 h10
h11 h11
h12 h12
h13 h13
h15 h15
h16 h16
h19 h19
h20 h20
h21 h21
h23 h23
h26 h26
h27 h27
h29 h29
h32 h32
h33 h33
h34 h34
h35 h35
h36 h36
h37 h37
h40 h40
h41 h41
h42 h42
h44 h44
h46 h46
h47 h47
h48 h48
h49 h49
h50 h50
