6 13 12 10 13 11 7 13 20 27 26 23 27 25 22 27 34 41 48 55 54 51 55 62 60 57 62 61 58 62 69 67 64 69 76 75 72 76 74 70 76 83 82 80 83 81 77 83 90 97 96 93 97 95 91 97 98 97 90 88 85 90 89 86 89 87 89 90 83 76 69 68 66 69 62 55 53 50 55 48 46 42 46 43 46 48 47 45 48 41 40 37 40 38 40 41 39 36 41 34 32 28 34 33 30 34 27 19 16 19 17 19 13 6 4 0 99 0 4 1 4 6 5 3 6
30
12 9
11 8 11
26 24
25 21 25
54 52 54
60 56 60
61 59
67 63 67
75 73 75
74 71
82 79 82
81 78
96 94
95 92 95
88 84 88
68 65
53 49
47 44
39 35 39
32 29
33 31
20 15 14
5 2
4 4
18 18
34 34
41 41
48 48
46 46
90 90
