58 48 38 28 18 8 9 8 18 28 38 48 58 68 58 57 47 37 27 17 16 6 5 4 14 24 34 44 54 64 74 84 84 74 64 54 44 34 24 15 25 35 45 55 65 75 85 85 75 65 55 45 36 46 56 66 76 86 96 97 96 86 76 66 56 46 36 25 15 4 3 13 23 33 33 23 13 2 12 22 32 42 52 62 72 82 92 82 83 93 83 82 72 62 53 63 63 53 42 32 22 12 2 1 0 10 20 30 40 50 60 70 80 80 70 61 71 81 91 81 71 61 50 40 30 20 10 11 21 31 41 51 41 31 21 11 10 0 1 2 4 5 6 16 26 16 27 37 47 57 67 77 88 89 89 67 57 58 59 49 39 29 29 39 49 69 58
40
17 7
14 94
35 95
3 43 3
52 73 52
60 90
88 87 98 99 88
77 79
59 19
0 0
4 4
5 5
10 10
11 11
12 12
21 21
22 22
29 29
30 30
31 31
32 32
33 33
36 36
39 39
40 40
42 42
44 44
45 45
50 50
55 55
61 61
63 63
64 64
65 65
70 70
72 72
76 76
78 78
83 83
86 86
