Loc2 Loc5 Loc82 Loc76 Loc52 Loc81 Loc52 Loc76 Loc82 Loc5 Loc89 Loc41 Loc42 Loc74 Loc70 Loc70 Loc54 Loc38 Loc40 Loc96 Loc87 Loc62 Loc66 Loc99 Loc85 Loc51 Loc18 Loc80 Loc20 Loc61 Loc61 Loc90 Loc97 Loc90 Loc61 Loc20 Loc80 Loc53 Loc44 Loc44 Loc9 Loc98 Loc88 Loc25 Loc47 Loc39 Loc33 Loc1 Loc68 Loc37 Loc30 Loc84 Loc63 Loc73 Loc93 Loc21 Loc8 Loc49 Loc8 Loc73 Loc63 Loc84 Loc30 Loc37 Loc68 Loc1 Loc26 Loc58 Loc95 Loc69 Loc22 Loc29 Loc23 Loc23 Loc29 Loc22 Loc69 Loc26 Loc25 Loc88 Loc94 Loc79 Loc35 Loc83 Loc83 Loc86 Loc59 Loc59 Loc86 Loc83 Loc83 Loc35 Loc50 Loc72 Loc78 Loc78 Loc78 Loc72 Loc50 Loc94 Loc88 Loc98 Loc9 Loc44 Loc53 Loc85 Loc66 Loc96 Loc40 Loc38 Loc54 Loc70 Loc74 Loc42 Loc41 Loc89 Loc5 Loc36 Loc36 Loc36 Loc43 Loc31 Loc65 Loc65 Loc31 Loc43 Loc36 Loc2
34
Loc87 Loc67 Loc14
Loc99 Loc19 Loc6
Loc12 Loc3
Loc51 Loc45 Loc32 Loc4 Loc10
Loc18 Loc16
Loc21 Loc11 Loc48
Loc93 Loc77
Loc58 Loc92 Loc71 Loc64 Loc58
Loc33 Loc60
Loc39 Loc46 Loc28
Loc47 Loc24
Loc79 Loc15 Loc75 Loc91 Loc34 Loc17
Loc2 Loc27 Loc13 Loc56
Loc1 Loc1
Loc8 Loc8
Loc9 Loc9
Loc22 Loc22
Loc26 Loc26
Loc35 Loc35
Loc40 Loc40
Loc41 Loc41
Loc43 Loc43
Loc52 Loc52
Loc53 Loc53
Loc54 Loc54
Loc66 Loc66
Loc73 Loc73
Loc74 Loc74
Loc80 Loc80
Loc82 Loc82
Loc86 Loc86
Loc90 Loc90
Loc7 Loc7
Loc0 Loc0
