Loc0 Loc43 Loc26 Loc7 Loc11 Loc17 Loc11 Loc20 Loc8 Loc6 Loc37 Loc40 Loc27 Loc19 Loc28 Loc13 Loc3 Loc22 Loc49 Loc33 Loc45 Loc46 Loc25 Loc25 Loc46 Loc45 Loc33 Loc36 Loc32 Loc48 Loc42 Loc42 Loc48 Loc32 Loc36 Loc22 Loc38 Loc5 Loc10 Loc38 Loc22 Loc3 Loc14 Loc24 Loc24 Loc2 Loc44 Loc44 Loc2 Loc24 Loc24 Loc24 Loc14 Loc28 Loc19 Loc27 Loc18 Loc18 Loc37 Loc6 Loc6 Loc20 Loc11 Loc7 Loc26 Loc43 Loc0
18
Loc0 Loc29
Loc8 Loc41 Loc23 Loc15
Loc49 Loc31 Loc47 Loc49
Loc5 Loc30
Loc13 Loc4 Loc9 Loc34 Loc1
Loc40 Loc16
Loc2 Loc2
Loc3 Loc3
Loc7 Loc7
Loc14 Loc14
Loc20 Loc20
Loc25 Loc25
Loc27 Loc27
Loc32 Loc32
Loc37 Loc37
Loc45 Loc45
Loc39 Loc39
Loc21 Loc21
