pace voice financial respect audience class demand class disclose skeleton understand figure banana king guarantee dialogue romantic king figure skeleton class audience injection interactive throne stroke thirsty certain sunrise title shy market miserable environment approval gate environment miserable market title sunrise thirsty throne injection financial voice pace
39
demand buffet brake tablet demand pain cigarette
guarantee seize guarantee
dialogue vegetarian winner likely tool prison
romantic headline thumb tolerate legislation quality sign
enhance linger enhance
banana autonomy glasses
understand swear paper
disclose injury
respect rob dough enhance bitter
stroke lake
certain imposter page
shy nationalist shy
gate enter output linger circulation mystery
approval other
interactive honor
dough dough
pain pain
circulation circulation
class class exclusive dip
prison prison
exclusive exclusive
sunrise sunrise
voice voice
tolerate tolerate
throne throne
glasses glasses
paper paper
legislation legislation
quality quality
bitter bitter
dip dip
page page
mystery mystery
figure figure
cigarette cigarette
financial financial
title title
king king
sign sign
