pace other quadruple ask enemy control beg deter linger decisive greeting class greeting decisive tolerate injury demand feature quiet labour figure clay rage bitter certain rage clay figure labour quiet feature address judicial address seize cigarette seize address tolerate expression tolerate decisive joystick guarantee attraction guarantee reliable guarantee joystick swop nationalist acceptance double approval pier bleed curriculum chew offset enter offset chew curriculum sign due ignore shiver blonde exempt buffet election outline buffet confrontation forge terminal paper terminal forge confrontation science begin lake write ward penetrate ward begin science separate page deposit separate science node enhance node shiver exploit shiver ignore ignore due king honor comfortable likely viable job grounds job viable likely comfortable honor interactive error shy gate identity module gate ladder gate case gate discriminate gate shy error interactive notebook fortune financial mercy mixture joint triple prospect title mystery driver banana widen extort widen banana driver mystery miserable mystery title prospect snuggle prospect triple mercy embarrassment sunrise solve embarrassment mercy financial fortune interactive father interactive double acceptance assume railcar understand assume acceptance nationalist joystick bowel view policy gallon injection legislation injection gallon coast swear charity stroke pain disclose voice disclose pain stroke charity swear coast iron coast mist bowel joystick control glasses control illusion weapon illusion ask aspect romantic prison romantic aspect ask quadruple other pace
77
deter tablet deter
linger physics exile market
injury candle injury
demand rob
bitter coffin
beg thumb
attraction imposter excuse attraction
approval stress
bleed headline interface
exempt exclusive exempt
election cotton election
blonde skeleton pipe assignment
lake dough
page mature page
sign audience
pier pig
identity straighten identity
mixture chair
joint output knot
throne autonomy throne
country structure respect country
sunrise atmosphere
notebook pardon
railcar liver railcar
swop electronics swop
view scheme coincide drawer
enemy spoil enemy
injection injection
acceptance acceptance
begin begin
teacher teacher
development development
control control
environment environment
virgin virgin
dip dip
buffet buffet
viable viable
triple triple
profound profound
curriculum curriculum
widen widen
dive dive
shiver shiver
smile smile
note note
flag flag
driver driver
mercy mercy
error error
decisive decisive
illusion illusion
offset offset
comfortable comfortable
native native
rent rent
guarantee guarantee
coast coast
other other
confrontation confrontation
ask ask
quadruple quadruple
due due
likely likely
bowel bowel
home home
financial financial
lifestyle lifestyle
ignore ignore
interactive interactive
swear swear
boom boom
greeting greeting
forge forge
rage rage
tool tool
feature feature
