pace exclusive output understand paper output winner view injection opposed brake headline title headline injection profound injection physics disclose prison honor environment write write environment honor prison winner assignment quality king likely pier injury skeleton forge skeleton injury mixture miserable mixture injury pier page certain circulation dough circulation king quality assignment winner pace
20
understand gate
due audience
brake feature brake
opposed exempt deposit opposed
view voice
page guarantee page
likely market likely
exclusive throne
enter enter
headline headline
honor honor
mixture mixture
circulation circulation
output output
nationalist nationalist
excuse excuse
king king
injury injury
approval approval
skeleton skeleton
