C0 C85 C75 C8 C75 C82 C95 C96 C93 C99 C90 C13 C34 C18 C34 C87 C86 C97 C83 C80 C30 C83 C62 C43 C62 C83 C15 C83 C78 C88 C84 C92 C65 C61 C88 C63 C37 C63 C88 C50 C45 C50 C86 C87 C67 C64 C23 C64 C67 C69 C42 C38 C19 C69 C7 C69 C48 C48 C32 C73 C41 C33 C2 C33 C94 C57 C10 C94 C54 C94 C3 C94 C79 C79 C91 C68 C49 C25 C4 C25 C49 C26 C16 C26 C49 C52 C51 C66 C60 C82 C72 C31 C82 C58 C58 C0
30
C90 C59 C17 C14
C99 C47
C80 C20
C92 C89 C44 C5
C84 C1 C84
C78 C11
C97 C9 C97
C42 C70 C28 C42
C93 C22 C36 C93
C73 C76
C96 C40 C35 C96
C57 C46
C95 C77 C81 C95
C68 C39
C91 C12 C6
C72 C56
C85 C29 C24 C53 C55 C21 C85
C27 C27
C69 C69
C58 C58
C50 C50
C94 C94
C83 C83
C98 C98
C75 C75
C87 C87
C26 C26
C34 C34
C67 C67
C25 C25
