C0 C107 C156 C165 C100 C130 C97 C95 C170 C95 C178 C95 C191 C89 C117 C120 C175 C120 C117 C89 C158 C89 C91 C159 C99 C108 C103 C90 C104 C104 C105 C192 C76 C76 C81 C73 C105 C105 C132 C41 C132 C143 C34 C143 C162 C40 C22 C163 C195 C195 C195 C150 C37 C150 C33 C150 C155 C36 C155 C180 C182 C80 C182 C72 C182 C99 C148 C93 C169 C60 C186 C94 C110 C198 C39 C110 C174 C110 C189 C110 C116 C92 C140 C92 C193 C64 C193 C92 C116 C112 C116 C138 C96 C154 C154 C157 C157 C157 C138 C102 C141 C62 C21 C102 C153 C65 C153 C102 C102 C53 C53 C186 C148 C99 C151 C106 C111 C118 C173 C124 C85 C124 C128 C128 C129 C113 C114 C131 C114 C115 C181 C38 C181 C29 C181 C115 C126 C46 C139 C69 C139 C129 C67 C67 C99 C197 C99 C61 C99 C79 C23 C188 C13 C95 C134 C98 C122 C127 C135 C122 C136 C101 C133 C17 C133 C15 C133 C6 C133 C146 C146 C177 C42 C183 C68 C68 C183 C199 C44 C199 C136 C147 C12 C147 C196 C196 C187 C75 C82 C82 C82 C14 C9 C130 C176 C185 C83 C83 C185 C165 C165 C0
54
C91 C54
C103 C179 C45 C123 C20 C19 C103
C192 C51 C5 C1 C192
C162 C52 C3
C108 C145 C66
C93 C168 C93
C169 C50 C169
C198 C164 C194 C86 C74 C71 C198
C96 C30 C78 C77
C141 C56 C4 C141
C94 C11 C28
C111 C70 C24 C2
C106 C166 C161
C113 C119 C149 C152
C126 C49
C151 C47
C159 C63 C35 C16
C191 C31
C97 C172 C27 C26 C97
C127 C10 C7 C127
C101 C84 C18 C101
C177 C58
C98 C43
C134 C88 C59 C134
C187 C87 C25 C8
C100 C55 C32 C48 C100
C107 C57 C190 C107
C185 C185
C171 C171
C167 C167
C132 C132
C122 C122
C144 C144
C137 C137
C165 C165
C193 C193
C146 C146
C95 C95
C121 C121
C129 C129
C153 C153
C160 C160
C182 C182
C154 C154
C196 C196
C120 C120
C104 C104
C114 C114
C181 C181
C124 C124
C68 C68
C105 C105
C110 C110
C139 C139
