HAZtD 4Eg1F wnnBN Cg1yP J0OP0 F7CZj z82fM EyMEe xF1Bj EyMEe vfAR8 zg9rt UqGfS v6BY5 zg9rt EyMEe z82fM F7CZj RN9nS 3NU9e aWuHk XbFfE mJExt qXBVG p3gJd cpzS8 acHTt kjZGl UQeyk EgumV fWz4T SE1WY VJX0I R6NzB v0WXM 7WH0C DchVt Q5zY0 kvy7i Ia6ul eVDVP b9v0q gcByh eVDVP dLgmf eVDVP Ia6ul tkVif Ia6ul kvy7i 5MtKr kvy7i Q5zY0 69WZh mdIe6 onBu6 mdIe6 jesVt 4AhmX 93R2m C4biR hvF70 4AhmX jesVt 15wtn GmE3O npBgR Mm2U8 zrVPv zrVPv Q5zY0 DchVt zZ10c DchVt 7WH0C ntxuv 7WH0C R6NzB 0FMEI RWE9G sU69u 0F8yg 4PSW9 4PSW9 0F8yg 0FMEI tgL8p DmTRc 3JtxZ GfIsc tgL8p 0FMEI R6NzB VJX0I fWz4T EgumV UQeyk acHTt cpzS8 AwFdf 2zHfe fExZu wVSYr WVEjT Agb0E B19Le WVEjT wVSYr 2zHfe AwFdf KtlQd dmbCw KtlQd AwFdf cpzS8 p3gJd rH3nx 1gvq4 Q9Dex lJnz7 GxQg8 XWtdT GxQg8 lJnz7 Q9Dex 1gvq4 rH3nx Qz8Ub rH3nx p3gJd cC0Rg gpbSj u60s4 Tp7uZ jyRQW Xqwfz jcSDd 7kY28 URrao URrao IOpdQ BaYb3 1VA1I 1VA1I BaYb3 IOpdQ jcSDd sJ62h hA7FQ SxklZ rVnMc 0moVI GUEko iimZq NV1GL GDCfm 6owsT 6owsT GDCfm NV1GL GUEko 0moVI HAKlt 6sv9O GWb7L kYZ5P OEGHh kYZ5P GWb7L 6sv9O 234po 6sv9O ejBhY iPRoT TyY1w Jbr8u Jbr8u Vg6Sz iIQll 7ZJYA GrnJ7 SEc9N UbqWX UPel5 UbqWX iaaYU PnmPs iaaYU CHx6u bMhFI lF8gH DUzz2 lF8gH bMhFI SfSL1 2kvzl 2kvzl bMhFI CHx6u Vg6Sz ejBhY 8x5TS o2JtM TvWc0 8x5TS ejBhY 6sv9O Njpie el46Y Njpie 6sv9O 0moVI rVnMc hA7FQ g8MpX ninof g8MpX hA7FQ sJ62h jyRQW CWT0c jyRQW Gf5gy jyRQW Tp7uZ gpbSj cC0Rg p3gJd qXBVG XbFfE O8CwF cMyGs DaieK uPUO1 ESrfm uPUO1 DaieK cMyGs XbFfE aWuHk RN9nS F7CZj Cg1yP wnnBN 4Eg1F HAZtD
75
J0OP0 iKwe0 J0OP0
vfAR8 bW6Ms vfAR8
UqGfS Ssao4 X2hjX NqBQW UqGfS
3NU9e Lusir 5h4rt
kjZGl kNG2j
v0WXM iHR3J
b9v0q SEkfX
C4biR aegld
93R2m cu5FB
15wtn ox9Gx
69WZh wedr3 69WZh
sU69u zcuSA 5EAEu
RWE9G 2GCiD
DmTRc 4jcrD DmTRc
SE1WY TzGS5
fExZu v7hOX fExZu
Agb0E VG4na Agb0E
Xqwfz pLg86
7kY28 fiXIW Zok18 7kY28
iimZq OWqP4 8Qx0C iimZq
iPRoT H1xt8
GrnJ7 v9joy gNinx 9tf0w
SfSL1 HOuAL xKTIz
iIQll p4kTx iIQll
e7SjH BIY9X
o2JtM E6pda 2LhKB
HAKlt Pk19A HAKlt
SxklZ VESmp SxklZ
u60s4 Zxvdf u60s4
mJExt iqOI4
O8CwF TlJnt O8CwF
HAZtD 4Tt2a 4PXv9
aWuHk aWuHk
uPUO1 uPUO1
4AhmX 4AhmX
bMhFI bMhFI
0moVI 0moVI
z82fM z82fM
URrao URrao
DuU0x DuU0x
zrVPv zrVPv
WVEjT WVEjT
DaieK DaieK
RN9nS RN9nS
R6NzB R6NzB
cC0Rg cC0Rg
Q8lcd Q8lcd
GxQg8 GxQg8
jesVt jesVt
CHx6u CHx6u
fWz4T fWz4T
1gvq4 1gvq4
lJnz7 lJnz7
mdIe6 mdIe6
1VA1I 1VA1I
AwFdf AwFdf
eVDVP eVDVP
p3gJd p3gJd
Ia6ul Ia6ul
0F8yg 0F8yg
acHTt acHTt
6owsT 6owsT
wnnBN wnnBN
UbqWX UbqWX
Vg6Sz Vg6Sz
cpzS8 cpzS8
IOpdQ IOpdQ
BaYb3 BaYb3
EgumV EgumV
rH3nx rH3nx
ED9em ED9em
gpbSj gpbSj
iaaYU iaaYU
lF8gH lF8gH
Cg1yP Cg1yP
