3Yw8H cvjQc JYR5M zFpox JYR5M cvjQc CmuV1 zSmKp NRZIn zSmKp CmuV1 QUkKU kdMDW QUkKU BSqOv x5InZ x5InZ 5PNx4 EQJ7U fEdtk Jcs3B Jcs3B Tz4zy FzlgD Tz4zy Vm2RV RTNKK s8jhm 5ayvc 8Dtha WapgM 1D7Td WK02s RTNKK Vm2RV rNOyg Vm2RV Tz4zy sBBO4 MC0kp sBBO4 IWj7Z 5PNx4 x5InZ BSqOv WEKrt VpaoF WEKrt BSqOv QUkKU CmuV1 cvjQc 3Yw8H hQySr xNFYO KHHwN 2m7vR KHHwN xNFYO uyQLS miscC fWgKV fWgKV miscC 3Yw8H
19
fEdtk P18zR M5wZP
5ayvc OhHc9
s8jhm w0i4E 9e1Io
EQJ7U 8MJwv TT3Hk iaf34 vN0gV
hQySr EvuAH
ycoh0 ycoh0
JYR5M JYR5M
miscC miscC
Vm2RV Vm2RV
BSqOv BSqOv
xNFYO xNFYO
Z7joj Z7joj
QUkKU QUkKU
KHHwN KHHwN
5PNx4 5PNx4
zSmKp zSmKp
Tz4zy Tz4zy
cvjQc cvjQc
RTNKK RTNKK
