1 11 5 10 7 65 149 165 29 40 54 135 173 12 24 34 24 63 76 15 13 19 164 169 191 120 15 97 15 113 15 27 6 16 67 16 155 16 80 124 154 183 200 27 25 109 25 27 35 47 55 123 146 178 18 75 44 45 52 2 3 22 9 33 100 111 112 170 192 32 50 32 73 133 158 177 179 180 195 4 8 68 79 81 106 117 150 172 196 197 198 14 20 17 62 85 141 14 41 107 41 14 59 14 72 14 74 14 94 14 143 14 145 14 171 14 189 14 69 70 77 122 168 188 21 61 21 125 21 167 21 28 37 28 39 104 118 126 131 148 151 184 52 87 102 114 134 139 144 160 166 181 187 1
23
7 36 162 7
10 185 129 153
12 95 57 108 130 147 12
19 115
13 58 152 156 161 13
6 51 90 93 127 132 137 138
5 128 101 116
18 89 18
11 42 103 110
1 43 66 82 86 91 98 136 142 174 190 199
9 193
22 46
3 53 60 64 140 159 182 3
8 84 26 96 99 105 176 194
17 92 88 121
20 56 78
4 49 71 119 157 163 175
2 83 186
15 15
31 31
52 52
14 14
23 23
