location46 location41 location36 location34 location20 location14 location8 location0 location8 location14 location20 location34 location36 location41 location46 location45 location44 location60 location46 location47 location48 location49 location50 location28 location24 location17 location11 location5 location4 location3 location2 location1 location9 location15 location21 location35 location37 location42 location37 location35 location21 location15 location9 location1 location2 location3 location4 location5 location6 location12 location18 location25 location29 location32 location29 location25 location18 location12 location5 location11 location10 location16 location23 location27 location16 location10 location11 location17 location24 location28 location31 location28 location50 location51 location52 location53 location54 location55 location56 location55 location54 location53 location52 location50 location58 location66 location67 location68 location69 location70 location73 location75 location76 location77 location78 location79 location79 location78 location77 location82 location83 location84 location85 location84 location83 location82 location75 location73 location69 location68 location67 location58 location50 location49 location48 location47 location46 location59 location46 location61 location62 location63 location64 location65 location64 location63 location62 location61 location46
38
location45 location40
location44 location39 location38
location6 location33 location6
location23 location22
location51 location57
location70 location74 location70
location76 location80
location66 location87 location89 location90
location3 location3
location4 location4
location5 location5
location7 location7
location10 location10
location11 location11
location13 location13
location14 location14
location15 location15
location17 location17
location18 location18
location24 location24
location25 location25
location26 location26
location29 location29
location30 location30
location37 location37
location41 location41
location48 location48
location49 location49
location55 location55
location62 location62
location63 location63
location64 location64
location72 location72
location73 location73
location77 location77
location78 location78
location79 location79
location88 location88
