Abbey Adyson Alisha Kaylah Susan Teresa Amaris Ainsley Armani Averie Averie Briana Gracie Harley Marley Miah Shannon Tania Trinity Alena Alexia Camille Gabriella Heather Marlene Priyanka Tori Allisson Alissa Ivy Kaila Liberty Angelica Marely Angelica Chaya Cloe Crystal Emery Kathy Lisa Meredith Valeria Amber Kendall Araceli Beatrice Cecilia Dhanya Eden Kathryn Rebecca Ruth Vivian Alivia Alexus Belen Charlie Desirae Kiersten Jakayla Saige Yoselin Ally Lillian Nora Arielle Angel Tamia Arielle Tanya Arielle Aryana Alyvia Belinda Alyvia Presley Alyvia Aryana Ashleigh Averi Ayanna Carina Carolina Fatima Abril Alia Carmen Evelin Karma Kenley Samara Tabitha Yasmine Elaine Gina Joanna June Kaitlynn Kayley Kiera Lailah Lilah Marisol Micaela Paulina Rayna Shea Fatima Gwendolyn Isabella Jaelynn Jazmin Jordin Justine Kailyn Kaylin Kendal Lana Lillie Maeve Riya Selena Shiloh Stephany Abbey
18
Alisha Diana Juliette
Ainsley Haven Baylee Dana Elianna Jamiya Jimena Kiana Lilyana Mckinley
Alexia Brooklyn Carleigh Jillian Lilia Madilynn Sharon Alexia
Alissa Ciara Ingrid Lacey Leila
Allisson Sophie
Alena Carlee Dayami Emilie Jazmyn Kaydence Kenzie Kira Tara
Amber Rylee
Amaris Aniya
Adyson Christine Emma Gillian Janiya Mira Mya Natalee Noelle Parker Taniyah Zaria
Alexus Carlie Chasity Claire Iyana Keyla Maggie Mckayla Melina Myah Alexus
Alivia Avni Sophia Alivia
Ally Kimberly Zara
Angel Kaley
Abbey Ashley Aubree Camilla Carly Denisse Jasmin Kiley Kristin Lainey Lindsay Lucille Matilda Nia Zion
Alia Ariel Kayden Kristina Shyanne Alia
Abril Bryanna Imani Jade Jaden Laylah Mireya Neveah Riley
Arielle Arielle
Aryana Aryana
