Taozhuang Chharra Artur Salima Southsea Ulu Rutherglen Shalqar Kampung Gainsborough Ulu Moga Ulu Oldenzaal Iron Culemborg Salima Somma Gua Fitchburg Kallio Same Kallio Fitchburg Lal Somma CroixdesBouquets Gudermes Uran Maliana Maliana Griffith Vernon Santa Rixensart Guyong Bhit Chillum Riverbank Sydney Camayenne Acworth Camayenne Longgang Norco Longgang Guyong Tupelo Weimar Boo El Weimar Tupelo Guyong Puertollano Aguadilla Severodvinsk Miracema Severodvinsk Griffith Sa Jhol Udumalaippettai Carnot Udumalaippettai Jhol Hueytown Opportunity Gudermes Strathfield Le Gudermes Villa Woodbridge Beaumont San Petrozavodsk San Fujioka San Somma Hakodate Somma Rangia Rangia Ramla Azrou Shinshiro Azrou Ramla Itaperuna Ramla Jackson Jackson Tuxtla Tuxtla Taozhuang
25
Chharra Ilesa Rosedale Sicklerville Wesseling Esperanza Besuki
Southsea Bang Freetown Calauan Sarandi
Shalqar Alatyr
Rutherglen Gauting Rutherglen
Gua Oulmes Middle
Uran Jingzhou Pottstown Uran
Bhit Durazno
Boo Esmeraldas Bourbonnais Donggongon Memmingen Boo
Vernon Caravaca
Strathfield Fort Waverly Strathfield
Villa Rafiganj Cibinong Nonsan Aytos Villa
CroixdesBouquets Jinotepe
Artur Hechingen New Artur
Jackson Jackson
Kallio Kallio
Ulu Ulu
Camayenne Camayenne
Somma Somma
Azrou Azrou
Longgang Longgang
Udumalaippettai Udumalaippettai
Severodvinsk Severodvinsk
Gudermes Gudermes
Tupelo Tupelo
Ramla Ramla
