Ilesa Foshan GavrilovYam Jashpurnagar Jashpurnagar GavrilovYam Aklera Malden Tupiza Valday Bogovinje MitryMory MitryMory MitryMory MitryMory MitryMory Bogovinje Lesosibirsk Lesosibirsk Tupiza Malden Viewpark Oschatz Boyeros Portogruaro Patnos Patnos Davis Pleasant Mongo Mongo Pleasant Davis Patnos GatesNorth Jiangyan Calauan Rhosllanerchrugog Minas Marburg Polohy Bavly Bavly Polohy Marburg Houthalen Rhosllanerchrugog Reutlingen Batu JalalAbad Aistala Bobigny Milledgeville Tupelo Memmingen Memmingen Alexandria Athlone Athlone Memmingen Tupelo Milledgeville Milledgeville Bobigny PortVila Taebaek PortVila JalalAbad Aleshtar Rafaela Alfenas Uran Uran Uran Alfenas Chamba Chamba Aleshtar Espoo Espoo El Losheim Barras Barras Losheim Boyeros Oschatz Oschatz Oschatz Viewpark Aklera Ilesa
45
Foshan Magomeni Campobasso PointeClaire Bang An Kyzylorda Foshan
Valday Sishui Lodwar Ponta Claremont Copperas Toledo Valday
Perth Niort Tak Brzeg Resplendor Villaquilambre UlanUde Tyoply Clermont Perth
Portogruaro Puducherry Talipparamba Sillanwali Chacabuco Aurora Rutland Tyoply Great
Minas Ramla Mouscron Oulmes Gariadhar Dahlem New
Houthalen Palm Stupino Brunswick
Alexandria WaltonontheNaze Milagro Lille Alexandria
Liberia Puerto
Aistala Stuttgart Paredes Bon Niort Villaquilambre
Taebaek Sorsogon Sirsi GernikaLumo
Batu Tharu Palafrugell
Rafaela Azrou Landshut Jagna Hermsdorf
Reutlingen Oberhausen
Calauan Onex Tiruppuvanam Calauan Itacoatiara Valletta
Sheoganj Itacoatiara
Jiangyan Shaowu American Ada Jiangyan
GatesNorth Guli Skalica LonsleSaunier Zaozhuang Meizhou Shagamu
El Sceaux DehiwalaMount
Ventimiglia Barracas Yingkou Ventimiglia
Aklera Aklera Bensheim
Milledgeville Milledgeville Puerto
Bavly Bavly
Mexborough Mexborough
Valletta Valletta
Bensheim Bensheim
Malden Malden Ventimiglia
Bogovinje Bogovinje
Polohy Polohy
Tupelo Tupelo
Davis Davis
Bobigny Bobigny
Rhosllanerchrugog Rhosllanerchrugog
PortVila PortVila
MitryMory MitryMory Tak Resplendor UlanUde
Memmingen Memmingen
Viewpark Viewpark
Tupiza Tupiza
Great Great
Aleshtar Aleshtar
Marburg Marburg Mexborough
Jashpurnagar Jashpurnagar
Alfenas Alfenas
Uran Uran
Boyeros Brzeg Clermont Perth
Oschatz Barracas Yingkou
