108 69 47 133 20 133 31 38 190 116 109 76 2 50 179 157 40 59 179 50 95 68 141 95 50 2 105 34 48 6 131 140 43 86 43 140 80 3 139 106 84 196 94 197 122 58 124 11 193 73 189 56 151 97 128 62 97 151 56 189 177 186 155 186 177 189 82 71 104 71 42 18 37 53 90 96 96 93 115 169 115 93 45 127 26 5 81 174 188 188 35 168 188 174 111 174 19 70 19 98 19 174 5 26 127 45 185 154 103 0 0 29 154 185 173 185 45 93 53 37 37 18 42 189 193 22 147 52 125 52 147 22 193 39 160 145 33 145 160 39 193 11 124 58 192 123 192 152 182 148 176 159 176 148 117 25 142 142 25 181 165 167 167 27 118 113 113 118 148 182 152 192 94 106 166 164 166 106 139 65 74 41 74 65 139 3 80 140 131 135 135 48 161 77 110 119 77 161 195 2 175 2 76 109 16 91 16 109 116 190 88 31 133 66 21 158 60 21 163 162 44 13 79 79 13 89 9 89 180 89 194 162 61 8 120 112 126 10 126 112 120 46 72 21 12 21 66 69 108 30 102 108
71
47 7 101 49 54
38 107 38
157 15 157
68 85 68
6 129 83
196 92
197 137 197
128 143 128
90 57
81 144 81
35 153 14 35
103 136
82 64 82
73 134 73
117 100 114 24 99 117
165 187
181 28 181
191 184
84 146 84
34 1 34
105 130 78
110 150 110
158 63
44 36 44
61 67 61
46 32 46
163 138
30 121
188 188
39 39
48 48
37 37
176 176
19 19
95 95
26 26
142 142
126 126
186 186
151 151
118 118
11 11
148 148
66 66
69 69
23 23
182 182
13 13
17 17
79 79
45 45
190 190
75 75
56 56
65 65
77 77
140 140
109 109
31 31
133 133
5 5
43 43
179 179
96 96
120 120
167 167
177 177
71 71
53 53
174 174
170 170
