create glide transaction transaction denial huge huge partnership partnership dilemma formation work fuss magnitude perception nationalism thread breakin dialect mind loud loud maze present present maze vote whole basketball basketball whole direct domestic bring steward steward bring domestic bracket bracket minimize minimize dedicate dedicate nationalism perception fuss work dilemma appear appear childish car top scrap cancel cancel top traction shelter shelter shelter traction seller equinox east gift gift makeup makeup equinox create
33
glide contract creation
denial linear community
mind mechanism prove
vote celebration pastel merit colon
direct predict exotic direct
dialect think
breakin pride breakin
thread adult line concern battery
magnitude transmission magnitude
formation tin skip
create deck
scrap hide scrap
car accessible suffer pupil
east crew absorption
seller dose belief
childish company ballot childish
fuss fuss
battery battery
nationalism nationalism
feign feign
farewell farewell
bracket bracket
steward steward
perception perception
cancel cancel
colon colon
top top
basketball basketball
appear appear feign
belief belief
maze maze
minimize minimize
shelter farewell
