pride tourist crackpot exotic reach whole mean crew leave crew pawn domestic scatter difference craftsman contract belief sacrifice belief contract contract snap snap contract craftsman fuss confidence childish fault seller fault childish sea thread stunning thread science thread scatter celebration loud hide fortune offensive discrimination deck stick deck incentive deck discrimination laundry soul sight soul car witness car soul laundry combine laundry discrimination feign wear import linen wear feign discrimination offensive fortune hide loud federation loud supply illustrate price service scholar unique eyebrow unique scholar service create understanding denial bother denial ballot cheat cheat ballot create grind create service price supply pawn inhibition present freckle shelter national national freckle direct merit tease tease glide glide tease direct freckle inhibition transform inhibition tumble makeup democratic notorious circle notorious absorption dialect desk bulb desk dialect hypothesize notorious democratic makeup mean stadium exit adult volunteer administration wrong lobby inappropriate chaos trick trick chaos inappropriate lobby huge rock huge administration alcohol contrary alcohol favorable magnetic magnetic favorable adult exit exit mean whole introduce whole cancel pity work colon traction mouse father clear father mouse traction colon sensitivity stubborn pupil partnership beam partnership pupil stubborn pioneer element addition dedicate knife dedicate east frozen frozen east straighten element pioneer requirement campaign mind gift line withdraw tribe deficit ceiling shed company vote vote company deficit tribe withdraw gift mind tin camp tin mind courtesy suspect courtesy mind concern coerce stroke coerce veteran veteran exotic continental preference distinct preference exotic plug scrap scrap scheme struggle different struggle exotic chief exotic crackpot tourist dairy pull prove prove basketball basketball prove pull large pride
74
domestic linear accessible domestic
difference deter trance
seller battery seller
confidence steward
fuss minimize fuss
import dilemma
celebration mosaic celebration
illustrate maze dramatic
understanding predict
present formation present
shelter salmon knit shelter
merit dose community bracket merit
absorption top farewell absorption
wrong mechanism wrong
volunteer nationalism
stadium magnitude creation
work rabbit valid work
pity homosexual
addition think
cancel perception cancel
reach pastel
ceiling transaction
line suffer line
concern breakin concern
continental transmission
plug berry
dairy appear bring leash
thank equinox thank
mind mind
car car
prove prove
lobby lobby
adult adult
vote vote
create create
ballot ballot
tin tin
feign feign
crew crew
makeup makeup
partnership partnership
tribe tribe
east east
scrap scrap
glide glide
loud loud
company company
hide hide
skip skip
belief belief
fortune fortune
integrated integrated
exotic exotic
gift gift
magnetic magnetic
pupil pupil
craftsman craftsman
colon colon
dedicate dedicate
dialect dialect
traction traction
huge huge
denial denial
basketball basketball
deck deck
contract contract
snap snap
whole whole
desk desk
direct direct
inhibition inhibition
childish childish
thread thread
offensive offensive
