steward childish belief skip adult adult skip deck bracket feign breakin minimize minimize breakin community absorption basketball exotic dose line think think dose exotic basketball absorption contract suffer pupil pupil contract bracket deck steward
20
childish crew childish concern ballot
belief farewell belief
direct top
line tin
community appear perception community company
company concern company
suffer linear battery top scrap
feign pastel hide
adult adult
think think
minimize minimize
ballot ballot
hide hide
creation creation
exotic exotic
basketball basketball
scrap scrap
skip skip
deck deck
pupil creation
