1 7 42 7 19 19 19 22 36 24 43 26 27 28 29 31 31 46 47 48 49 48 47 46 28 27 26 57 92 57 69 69 69 72 86 74 93 76 77 78 79 81 81 96 97 98 99 98 97 96 78 77 76 107 142 107 119 119 119 122 136 124 143 126 127 128 129 131 131 146 147 148 149 148 147 146 128 127 126 157 192 157 169 169 169 172 186 174 193 176 177 178 179 181 181 196 197 198 199 198 197 196 178 177 176 2 5 3 38 39 40 41 40 39 5 2 32 33 34 35 34 33 32 44 32 45 32 50 51 52 55 53 88 89 90 91 90 89 55 52 51 50 82 83 84 85 84 83 82 94 82 95 82 100 101 102 105 103 138 139 140 141 140 139 105 102 101 100 132 133 134 135 134 133 132 144 132 145 132 150 151 152 155 153 188 189 190 191 190 189 155 152 151 150 182 183 184 185 184 183 182 194 182 195 182 37 87 137 187 1
33
1 8 9 11 12 13 15 16 17 20 21 58 59 61 62 63 65 66 67 70 71 108 109 111 112 113 115 116 117 120 121 158 159 161 162 163 165 166 167 170 171
22 23
24 25 24
29 30
72 73
74 75 74
79 80
122 123
124 125 124
129 130
172 173
174 175 174
179 180
3 4 3
53 54 53
103 104 103
153 154 153
5 5
7 7
19 19
28 28
55 55
57 57
69 69
78 78
105 105
107 107
119 119
128 128
155 155
157 157
169 169
178 178
