3a 95a 59a 48a 76a 62a 1a 104a 104a 32a 41a 22a 77a 69a 65a 101a 58a 67a 39a 19a 35a 35a 18a 60a 78a 14a 34a 36a 66a 27a 68a 90a 52a 103a 86a 72a 80a 53a 50a 50a 55a 55a 80a 72a 86a 61a 61a 83a 37a 37a 6a 92a 89a 89a 92a 49a 49a 37a 83a 61a 86a 103a 52a 90a 68a 27a 66a 36a 34a 85a 13a 31a 99a 2a 16a 10a 38a 38a 10a 2a 99a 31a 13a 85a 34a 14a 78a 60a 18a 39a 67a 58a 101a 65a 69a 77a 22a 41a 32a 104a 62a 76a 93a 102a 91a 64a 64a 57a 57a 64a 91a 4a 8a 73a 73a 56a 81a 74a 88a 87a 87a 88a 74a 81a 56a 73a 8a 4a 93a 76a 48a 59a 95a 3a
50
1a 43a 1a
19a 71a 44a
53a 9a 0a 53a 51a
6a 40a 84a 29a 79a 98a 6a
16a 7a 42a 16a
102a 23a 28a 47a 15a
99a 99a
64a 64a
34a 34a
60a 60a
49a 49a
48a 48a
39a 39a 25a
58a 58a
25a 25a
65a 65a
41a 41a
61a 61a
67a 67a
56a 56a
37a 37a
87a 87a
31a 31a
5a 5a
38a 38a
14a 14a
57a 57a
30a 30a
52a 52a
62a 62a
73a 73a
4a 4a
92a 92a
80a 80a
93a 93a
75a 75a
88a 88a 21a
32a 32a
51a 51a
96a 96a
83a 83a
35a 35a
66a 66a
77a 77a
22a 22a
72a 72a
21a 21a
76a 5a
101a 30a
89a 75a 96a
