loc0 loc55 loc11 loc66 loc9 loc66 loc93 loc58 loc98 loc63 loc28 loc60 loc1 loc85 loc77 loc79 loc73 loc23 loc28 loc63 loc63 loc98 loc93 loc66 loc57 loc66 loc33 loc14 loc18 loc80 loc15 loc96 loc5 loc96 loc15 loc72 loc39 loc39 loc39 loc86 loc75 loc26 loc69 loc84 loc42 loc70 loc51 loc51 loc51 loc70 loc25 loc59 loc84 loc95 loc84 loc69 loc75 loc86 loc39 loc15 loc80 loc65 loc14 loc33 loc66 loc35 loc66 loc89 loc66 loc91 loc66 loc11 loc12 loc19 loc36 loc68 loc87 loc44 loc21 loc90 loc97 loc90 loc17 loc90 loc53 loc90 loc81 loc10 loc48 loc7 loc61 loc10 loc81 loc90 loc71 loc6 loc45 loc6 loc71 loc90 loc41 loc90 loc43 loc90 loc29 loc90 loc13 loc90 loc21 loc30 loc3 loc46 loc24 loc67 loc83 loc46 loc3 loc30 loc31 loc30 loc47 loc30 loc21 loc44 loc87 loc87 loc68 loc49 loc37 loc19 loc12 loc0
28
loc58 loc92 loc16 loc74 loc58
loc60 loc4 loc60
loc18 loc52 loc18
loc26 loc64 loc94 loc22 loc34 loc82 loc26
loc42 loc88 loc76 loc40 loc8 loc42
loc72 loc54 loc72
loc48 loc50 loc32 loc48
loc24 loc56 loc24
loc36 loc20 loc36
loc0 loc62 loc38 loc2
loc6 loc6
loc10 loc10
loc12 loc12
loc14 loc14
loc28 loc28
loc30 loc30
loc44 loc44
loc46 loc46
loc66 loc66
loc68 loc68
loc70 loc70
loc78 loc78
loc80 loc80
loc84 loc84
loc86 loc86
loc90 loc90
loc96 loc96
loc98 loc98
