loc0 loc55 loc0 loc11 loc120 loc66 loc9 loc197 loc93 loc116 loc27 loc58 loc99 loc99 loc58 loc27 loc116 loc93 loc57 loc156 loc155 loc156 loc113 loc156 loc57 loc35 loc89 loc91 loc120 loc33 loc108 loc14 loc18 loc192 loc145 loc141 loc52 loc159 loc184 loc15 loc112 loc96 loc140 loc72 loc39 loc177 loc177 loc94 loc22 loc186 loc34 loc183 loc183 loc34 loc185 loc78 loc26 loc69 loc176 loc84 loc139 loc42 loc88 loc153 loc138 loc107 loc67 loc114 loc109 loc24 loc46 loc3 loc30 loc162 loc149 loc162 loc47 loc162 loc180 loc71 loc134 loc90 loc97 loc21 loc21 loc21 loc163 loc144 loc41 loc61 loc7 loc29 loc179 loc17 loc148 loc105 loc48 loc10 loc81 loc10 loc133 loc106 loc165 loc126 loc135 loc60 loc121 loc60 loc1 loc60 loc28 loc60 loc77 loc60 loc79 loc60 loc73 loc60 loc23 loc60 loc135 loc126 loc85 loc126 loc169 loc126 loc151 loc126 loc165 loc165 loc165 loc106 loc148 loc13 loc198 loc103 loc83 loc174 loc137 loc115 loc83 loc43 loc87 loc37 loc13 loc163 loc53 loc134 loc182 loc45 loc45 loc45 loc182 loc162 loc30 loc31 loc30 loc157 loc30 loc3 loc46 loc24 loc109 loc114 loc119 loc114 loc67 loc153 loc88 loc42 loc70 loc168 loc118 loc123 loc130 loc51 loc51 loc130 loc118 loc25 loc59 loc42 loc139 loc84 loc95 loc84 loc101 loc84 loc199 loc84 loc129 loc75 loc69 loc26 loc78 loc167 loc78 loc187 loc78 loc125 loc127 loc94 loc177 loc177 loc177 loc193 loc181 loc140 loc96 loc5 loc96 loc112 loc15 loc184 loc159 loc52 loc141 loc65 loc143 loc161 loc14 loc108 loc33 loc120 loc11 loc0 loc171 loc12 loc191 loc132 loc175 loc131 loc49 loc191 loc19 loc150 loc102 loc36 loc36 loc36 loc102 loc19 loc171 loc0 loc173 loc0
56
loc66 loc92 loc66
loc192 loc80 loc122 loc192
loc72 loc54 loc142 loc86 loc72
loc22 loc64 loc158 loc194 loc136 loc154 loc82 loc22
loc186 loc160 loc186
loc138 loc188 loc152 loc138
loc90 loc104 loc170 loc90
loc144 loc20 loc32 loc144
loc48 loc50 loc48
loc28 loc98 loc16 loc28
loc105 loc128 loc4
loc174 loc56 loc190 loc174
loc198 loc44 loc198
loc180 loc6 loc164 loc180
loc123 loc76
loc168 loc40 loc110 loc168
loc70 loc166 loc70
loc176 loc8 loc176
loc18 loc172 loc100 loc178 loc18
loc132 loc62 loc2 loc38 loc124 loc74 loc132
loc150 loc196 loc68 loc150
loc12 loc146 loc12
loc10 loc10
loc14 loc14
loc24 loc24
loc26 loc26
loc30 loc30
loc34 loc34
loc36 loc36
loc42 loc42
loc46 loc46
loc52 loc52
loc58 loc58
loc60 loc60
loc78 loc78
loc84 loc84
loc88 loc88
loc94 loc94
loc96 loc96
loc102 loc102
loc106 loc106
loc108 loc108
loc112 loc112
loc114 loc114
loc116 loc116
loc118 loc118
loc120 loc120
loc126 loc126
loc130 loc130
loc134 loc134
loc140 loc140
loc148 loc148
loc156 loc156
loc162 loc162
loc182 loc182
loc184 loc184
