0 1 2 3 4 9 4 3 8 14 19 14 8 3 0 5 10 15 20 25 30 35 40 45 50 55 60 65 70 75 80 85 90 95 90 80 75 81 86 92 97 92 86 81 75 70 65 71 76 82 87 93 98 93 87 82 76 71 65 60 50 40 35 41 46 52 57 63 68 74 79 74 68 63 57 52 46 41 35 30 20 15 21 26 32 37 43 48 54 59 54 48 43 37 32 26 21 15 10 0
44
2 29 2
1 39
85 96 85
55 99 55
45 89 45
25 69
5 49 5
10 10
64 64
66 66
83 83
46 46
61 61
35 35
18 18
43 43
44 44
63 63
94 94
70 70
24 24
92 92
37 37
17 17
11 11
38 38
3 3
34 34
20 20
47 47
52 52
65 65
90 90
41 41
8 8
91 91
13 13
57 57
30 30
7 7
48 48
6 6
21 21
16 16
