0 1 2 3 4 5 6 7 8 9 19 9 7 17 28 38 49 59 49 38 28 17 7 6 16 27 37 48 58 69 79 69 58 48 37 27 16 6 4 14 25 35 46 56 67 77 88 98 109 119 109 98 88 77 67 56 46 35 25 14 4 2 12 23 33 44 54 65 75 86 96 107 117 128 138 149 159 149 138 128 117 107 96 86 75 65 54 44 33 23 12 2 1 11 22 32 43 53 64 74 85 95 106 116 127 137 148 158 169 179 169 158 148 137 127 116 106 95 85 74 64 53 43 32 22 11 1 0 10 20 30 40 50 60 70 80 90 100 110 120 130 140 150 160 170 180 190 180 170 181 191 181 170 160 150 161 171 182 192 182 171 161 150 140 130 141 151 162 172 183 193 183 172 162 151 141 130 120 110 121 131 142 152 163 173 184 194 184 173 163 152 142 131 121 110 100 90 101 111 122 132 143 153 164 174 185 195 185 174 164 153 143 132 122 111 101 90 80 60 50 61 71 82 92 103 113 124 134 145 155 166 176 187 197 187 176 166 155 145 134 124 113 103 92 82 71 61 50 40 20 0
97
8 39 8
5 99 5
3 139
70 196 70
30 198
10 199
53 53
125 125
186 186
86 86
31 31
152 152
154 154
114 114
61 61
20 20
130 130
160 160
80 80
108 108
127 127
29 29
22 22
77 77
12 12
101 101
82 82
15 15
103 103
2 2
178 178
155 155
64 64
21 21
188 188
122 122
158 158
9 9
33 33
132 132
51 51
71 71
16 16
123 123
68 68
95 95
146 146
147 147
164 164
149 149
166 166
175 175
18 18
151 151
4 4
76 76
167 167
87 87
83 83
189 189
118 118
181 181
73 73
153 153
120 120
184 184
81 81
129 129
133 133
26 26
17 17
105 105
140 140
111 111
182 182
48 48
165 165
150 150
43 43
42 42
45 45
94 94
37 37
98 98
104 104
107 107
96 96
161 161
116 116
102 102
24 24
183 183
187 187
72 72
89 89
176 176
67 67
