0 4 74 38 74 22 37 34 58 34 61 54 75 29 17 39 39 17 24 24 75 31 57 10 30 23 43 7 32 32 7 43 30 10 57 57 70 13 53 21 46 40 66 40 42 18 47 47 18 42 21 16 26 3 49 3 26 16 21 2 27 36 51 72 51 36 27 2 21 53 13 20 8 52 8 20 13 70 69 70 75 54 65 54 41 64 45 64 73 59 55 62 55 63 55 64 14 14 71 11 48 71 67 56 67 22 60 68 60 50 44 50 60 22 74 4 0
30
29 15 19 29
23 28 1 23
31 25 31
46 35
59 12
73 5
61 33
11 9 11
37 6 37
2 2
3 3
4 4
7 7
8 8
10 10
13 13
14 14
16 16
17 17
18 18
20 20
21 21
22 22
24 24
26 26
27 27
30 30
32 32
34 34
36 36
