0 181 112 53 21 178 158 20 126 166 199 19 24 118 31 57 10 30 30 10 182 196 26 26 196 182 31 118 193 193 19 199 166 126 8 8 8 8 158 2 27 170 170 36 51 197 197 51 2 158 46 40 40 42 82 4 111 111 4 82 185 80 76 35 35 167 32 160 96 94 94 55 55 55 160 115 115 167 80 185 53 13 92 74 74 59 198 140 58 190 64 64 190 34 37 149 149 34 140 122 122 73 5 109 109 73 195 11 86 86 86 153 68 60 157 162 177 175 117 117 9 134 71 71 134 9 117 175 148 148 162 17 29 75 54 61 41 147 147 125 151 151 125 61 54 75 29 156 164 39 39 189 127 194 133 133 194 127 189 156 29 17 68 153 53 112 181 0
57
0 79
178 12 3 49 43
20 95 77 85 52 20
57 23 78 57
24 88 24
27 89 84 27
36 1 36
46 66 46
42 18 56 97 42
76 47 76
96 69 62 63 96
32 93 7 32
21 16 21
13 70 13
92 38 92
58 45 58
37 22 6 67 37
198 91
5 65 90 5
59 98 59
11 87 44 11
195 48
177 83 81 99 72
41 25 33 41
164 15 14
157 28
60 50 60
2 2
4 4
8 8
9 9
10 10
17 17
19 19
26 26
29 29
30 30
31 31
34 34
35 35
39 39
40 40
51 51
53 53
54 54
55 55
61 61
64 64
68 68
71 71
73 73
74 74
75 75
80 80
82 82
86 86
94 94
