start c3 c2 c2 c4 c8 c9 c10 c14 c16 c10 c8 c11 c20 c22 c36 c11 c8 c6 c7 c24 c18 c19 c24 c23 c30 c29 c28 c26 c25 c27 c32 c35 c34 c34 c27 c25 c26 c28 c29 c30 c23 c24 c7 c6 e1 e18 e3 e4 e3 e5 e7 e9 e7 e11 e10 e11 e7 e13 e7 e14 e17 e15 e16 e17 h1 h11 h10 h15 h14 h15 h3 h25 h3 h4 h5 h20 h19 h20 h5 h21 h5 h6 h16 h7 d1 d2 d4 d5 d6 d5 d4 d3 d4 d2 d1 start
23
c3 c1 c5
c9 c13
c14 c15
c20 c21
c18 c17
c32 c33
e1 e20 e19
e4 e22 e21
e10 e24 e23
e15 e25
h1 h9
h11 h13
start h26 a1 a2 a3 a4 a5
h4 h24 h22
h6 h17 h18
c10 c10
c23 c23
c26 c26
c27 c27
c31 c31
d1 d1
d4 d4
d5 d5
