start b16 b10 b9 b8 b9 b10 b11 b12 b13 b10 b16 b17 b18 b19 b20 b21 b19 b17 b16 c3 c2 c2 c4 c8 c9 c10 c14 c16 c10 c8 c11 c20 c22 c36 c11 c8 c6 c7 c24 c18 c19 c24 c23 c30 c29 c28 c26 c25 c27 c32 c35 c34 c34 c27 c25 c26 c28 c29 c30 c23 c24 c7 c6 e1 e18 e3 e4 e3 e5 e7 e9 e7 e11 e10 e11 e7 e13 e7 e14 e17 e15 e16 e17 h1 h11 h10 h15 h14 h15 h3 h25 h3 h4 h5 h20 h19 h20 h5 h21 h5 h6 h16 h7 g8 g10 g11 g10 f11 f1 f11 f14 f15 f5 f12 f2 f12 f3 f12 f4 f12 f5 f13 f6 f13 f5 f8 f9 d1 d2 d4 d5 d6 d5 d4 d3 d4 d2 d1 start
53
b8 b1 b2
b13 b6 b5
b12 b4
b11 b3
b21 b15 b25
b20 b24
b18 b26
c3 c1 c5
c9 c13
c14 c15
c20 c21
c18 c17
c32 c33
e1 e20 e19
e4 e22 e21
e10 e24 e23
e15 e25
h1 h9
h11 h13
start h26 g3 g1 g2 g7 g17 a1 a2 a3 a4 a5
h4 h24 h22
h6 h17 h18
g19 g18 g19
g11 g24 g20 g11
g8 g22 g8
f15 f16 f15
f14 f17 f14
f9 f20 f19
g4 g4
g5 g5
g6 g6
g9 g9
g10 g10
g12 g12
g13 g13
g14 g14
g15 g15
g16 g16
g21 g21
g23 g23
g25 g25
f11 f11
f12 f12
f13 f13
f18 f18
c10 c10
c23 c23
c26 c26
c27 c27
c31 c31
d1 d1
d4 d4
d5 d5
