BU FF DU AL HQ AU HQ CH HQ BJ CV AW FU EO DY EO FU DH EI FV DC FV EI FU BP BQ GD BQ CE AE GI HE GI AE EL DA EL AE BX BQ GE FT BR DL CY AI AI CY BR AH GZ DW DB GY CW BI FQ BS BS FQ CW FN CS DO AG DO FB GF GT CC GT GF FB CK GJ HK BH FN FK FN CW GY DB FL EM DF FM BL FM HD FM HN HN EM FL GG DD GP EX DD GG GZ GW CP EB AP HB HR HB AP EB GW GZ BR GC GV HP EF AS BD DG FE GV GC EK FO EK GC BR HL BR FT AC FT CU FT GL FT EP FS FX EP AZ EP BQ CX FH EJ FZ EJ FH CZ AB CZ FH EU FJ EU FH CX BQ BP CF DN EE BV EE DT CN DT DZ FC DZ BP CV BJ BB AT CM HO BO CM ES CG ES GM BE HJ ED HJ BE GM GU BB GA AM GA FF BZ CB ER AJ ER CB FF BU
71
AL GH
DH AY DV
CE DQ
DL BG DI CT DL
AH GS BY
BI AF AV
AO BN
CS HC CD CI CS
DS FY DS
DE BA DE
CK FW EY CK
GO AQ GO
HI DX
BH HG BF FD BH
DW EN DP
DF FR
GP EV GP
CP CO
EF DJ
AS DR
HP HM HP
FS EC FS
GE DM GE
CF EQ
AW HF
HO GQ
AT HH ET AT
AM AX
DU GK FG FP DU
BZ AN BZ
BW BW
CX CX
DK DK
EO EO
GN GN
FN FN
BK BK
EL EL
HJ HJ
CM CM
CY CY
EG EG
CQ CQ
CV CV
FF FF
AE AE
EH EH
ER ER
DZ DZ
GY GY
GA GA
EK EK
CZ CZ
FL FL
BE BE
BM BM
AP AP
FB FB
CA CA
DT DT
CR CR
GT GT
FU FU
GM GM
CW CW
ES ES
BQ BQ
DD DD
FI FI
AR AR
HA HA
