Zo0umr3KFWOZJQPm Plb766RuoiNfkOGW Of6XUqufA1wxpnuj pi9Gjwqb8nw39ALT 8vLm5GS8pptr9y8t 6Gt5ffOE5tOJA8A7 1r13Qnmq9ixI97Qj uN0YmlR4YKMmyTVh 3th5kfdmmYoxH6sF StSocpbFeWB0czP8 LsIlvCjQu9Xqre9U u7i0C02E9nMoZ6Ab xLhGn69fZWxkF2ME 27KMNaF72cTW0PDA 0BNdm9hpaqd4q3Tx EuY7nNg1nWHDnCBx pKGVzMiXVo3v1oQu fg0WyZdFGAAZWRqK PDtM7hU3L1QjW9eR Dg4uIWuVD7Xd3FfI EotYPttMvJbBfyaO 2yhNJ9fcTz8hRVDj CvZWFxoaMZYhwHYj drsNw5E8nXGgcxxE 3PEg9lFbqEimkqjc 0Pfip4BXzoRzyFv2 1yeDQmwUGYi8LEVC LdwRPFzBNqStC5X8 Byr8ftz6Pn4uac3K jVrty3u6KGOjBg80 5TjXpBJuIWCWGZis fBCH5yXHMW5jQJjk eRAtRmExinGYKjYs 9dVIdmIqrww8IL0A 9dVIdmIqrww8IL0A QSabhET5tNnXgX60 asqla05DvWvndrgH xlWntBwCLfHgHam8 tZ46uZudk7AfSXt1 qeVT6FbNKHRizFU8 WVwd9ExLXa3zphJn ziJdi0Y4mj4TIJZ9 WVwd9ExLXa3zphJn qeVT6FbNKHRizFU8 xlWntBwCLfHgHam8 QSabhET5tNnXgX60 9dVIdmIqrww8IL0A fBCH5yXHMW5jQJjk 5TjXpBJuIWCWGZis 5TjXpBJuIWCWGZis Byr8ftz6Pn4uac3K LdwRPFzBNqStC5X8 1yeDQmwUGYi8LEVC 0Pfip4BXzoRzyFv2 CvZWFxoaMZYhwHYj 2yhNJ9fcTz8hRVDj EotYPttMvJbBfyaO Dg4uIWuVD7Xd3FfI fg0WyZdFGAAZWRqK pKGVzMiXVo3v1oQu EuY7nNg1nWHDnCBx 0BNdm9hpaqd4q3Tx 27KMNaF72cTW0PDA xLhGn69fZWxkF2ME u7i0C02E9nMoZ6Ab LsIlvCjQu9Xqre9U StSocpbFeWB0czP8 3th5kfdmmYoxH6sF uN0YmlR4YKMmyTVh 1r13Qnmq9ixI97Qj 6Gt5ffOE5tOJA8A7 8vLm5GS8pptr9y8t pi9Gjwqb8nw39ALT Of6XUqufA1wxpnuj Plb766RuoiNfkOGW Zo0umr3KFWOZJQPm
36
eRAtRmExinGYKjYs 3SYpu8y7n2lFaEgA Gypke7sesv6WDuj9 1bDI0W7o3Pb2zYhB eRAtRmExinGYKjYs uuhviI1p7F0sChqp
ziJdi0Y4mj4TIJZ9 z6aHWvfWV1YcOU3s K5TJWlCDC2GiIJEC HAZt9xslXTTIQrh6 ziJdi0Y4mj4TIJZ9 OMjRZA0G6vbBxKd5 bpy0VAq3GZuO2R8U RnvIh4TOetAfG82E
J5iqQt6wukvg6KLY OMjRZA0G6vbBxKd5 J5iqQt6wukvg6KLY
tZ46uZudk7AfSXt1 rvadWwbDVrEOdUmt tZ46uZudk7AfSXt1 qQzEeIfIOpoI9qKk 9L0zlmq9jRh6nd1I ZsdU4FLz0FoJAHOC
ZsdU4FLz0FoJAHOC qQzEeIfIOpoI9qKk ZsdU4FLz0FoJAHOC
asqla05DvWvndrgH KHBd51v9Lk79JoNu asqla05DvWvndrgH
jVrty3u6KGOjBg80 8pFqGmxaOhvFeBf4 jVrty3u6KGOjBg80
3PEg9lFbqEimkqjc kWAnmn2xV4T8moWO 3PEg9lFbqEimkqjc
drsNw5E8nXGgcxxE PmJZCdR41rbLgXgi drsNw5E8nXGgcxxE HqZKcXPbTIsIN6eT
PDtM7hU3L1QjW9eR 2hsCdf5s2NPqItPy PDtM7hU3L1QjW9eR
Zo0umr3KFWOZJQPm uRc2j178KRm3sVAY
bpy0VAq3GZuO2R8U bpy0VAq3GZuO2R8U
RnvIh4TOetAfG82E RnvIh4TOetAfG82E
WVwd9ExLXa3zphJn WVwd9ExLXa3zphJn 9pH9xdreYrmVM1JI
9pH9xdreYrmVM1JI 9pH9xdreYrmVM1JI
qeVT6FbNKHRizFU8 qeVT6FbNKHRizFU8 J5iqQt6wukvg6KLY
9L0zlmq9jRh6nd1I 9L0zlmq9jRh6nd1I
e9DWnoEu0mxMb9VK e9DWnoEu0mxMb9VK
xlWntBwCLfHgHam8 xlWntBwCLfHgHam8 e9DWnoEu0mxMb9VK
QSabhET5tNnXgX60 QSabhET5tNnXgX60
9dVIdmIqrww8IL0A 9dVIdmIqrww8IL0A
uuhviI1p7F0sChqp uuhviI1p7F0sChqp
fBCH5yXHMW5jQJjk fBCH5yXHMW5jQJjk
LI7uFZ34s97AeNpk LI7uFZ34s97AeNpk
5TjXpBJuIWCWGZis 5TjXpBJuIWCWGZis LI7uFZ34s97AeNpk
W4POX5YqpnnI3x1U W4POX5YqpnnI3x1U
Byr8ftz6Pn4uac3K Byr8ftz6Pn4uac3K W4POX5YqpnnI3x1U
LdwRPFzBNqStC5X8 LdwRPFzBNqStC5X8
1yeDQmwUGYi8LEVC 1yeDQmwUGYi8LEVC
0Pfip4BXzoRzyFv2 0Pfip4BXzoRzyFv2
HqZKcXPbTIsIN6eT HqZKcXPbTIsIN6eT
CvZWFxoaMZYhwHYj CvZWFxoaMZYhwHYj
2yhNJ9fcTz8hRVDj 2yhNJ9fcTz8hRVDj
EotYPttMvJbBfyaO EotYPttMvJbBfyaO
Dg4uIWuVD7Xd3FfI Dg4uIWuVD7Xd3FfI
fg0WyZdFGAAZWRqK fg0WyZdFGAAZWRqK
