Zjo93yXsdcDV6Oit TlojxXhc2qYoWZfd UyX8tdIvYZags1KY TlojxXhc2qYoWZfd Zjo93yXsdcDV6Oit XePd6S3LslDFdMfx lPPSVl2pbI8yFIu7 hUodt8EH9XJmymZc 5gVgbSJalKNpCPGR UZSiMvKda5EcJ9hm tQutySsTV1RolOTN JBll5vlJZ1mcnrE9 5V2tVv8k8Qd7p8rq JBll5vlJZ1mcnrE9 dhHQUqzQAf17QtlS yE2ZPAIzLgGY7glD e9vcyjNNidNUI5lw 2ELFKhPu1hDBcz2l XxpoDiTW03kVmIFK Yp0NUpVecdudihTb 8Kka2UWih5IQ1cpb B5jkVyVn3f7O2An6 cKUQBLkhJ2YTpTZk tdEnQcfBy667BmIr L25OgxwPsOzFiHDa lFfRvw2OBMTapK25 w2eQINfJGzFmJVSa aS5gP3tBqF72MHBj SXePDE8VmWVNc3gI AzbeVJsoSmTMPZLM 2jauppFGbaMwTDI2 FpgNaPpArWgevKg6 xoNuVQFyUNw60SHt mp9G8QwevnO2Hxc1 5n1nluRaX0VkRu5Y mp9G8QwevnO2Hxc1 UfyxHlwDsSdZxUWq 7exc1QixP81F0w95 UfyxHlwDsSdZxUWq ja6XsDQlFAUw1yfc W3Q2QtUAtGMzTlOK lWi5N9iGPSdFbw4x At29Qn6ybXGjj4BZ HzeL7kqwHpJiFrZV ZpYXkDvB4yWlBwtb YwKbp1yTO34FUrbo tE0AXQQBQImVJ6nW rMEOjNfv3pDpt2MI tE0AXQQBQImVJ6nW ODpK9gk17jDT3Sp2 ksuRDz3lVhXKZaYK PNqsQWIcQ5cFHA0e HTIVnzfE1Yii5xog PNqsQWIcQ5cFHA0e YNtoOknTE8z40fFU yZq8BYkssUcfIKn0 oheo0bgdJ9E5AaZ3 51L9NWAsddRNCbso 1tbAFBLUOcEKBREU UH9oVz7dFZbHTRhz 7rCQ85ozq5ueBf3n sbSIdAF67MT22Zr9 ZvIpmqMHBLNt5g5X 0ax66OCL0kboP37W ZvIpmqMHBLNt5g5X sbSIdAF67MT22Zr9 7rCQ85ozq5ueBf3n DCIaACaQkHoovJqQ L8YwLXG3oEB0uuzk DCIaACaQkHoovJqQ DtNMJrqE8gQwtB9A Qekd7ffZxAXDfLzq gbLSiDepCxsLEFEh 1UXSQQmGAB5bOsgu gbLSiDepCxsLEFEh P86w2YmfZZMrKQDs r0R18y3WtXbA1iso P86w2YmfZZMrKQDs CXs92joGuF2B74ma P5s4K3vn5D6QckKy rz2oBnI3oNG0KAjO XPIKYdfAB6ArI8mX z6FjXytEu6d6tpnP 6GooyGuiju54f88f vkQjvHsBMR7mOnyN 6GooyGuiju54f88f 3nUfHHB7quaxw3FP IXSaZ3tByNZthkqV fsJIyl84Ptdh66ID IXSaZ3tByNZthkqV XRg1za6FD52J6r5T IXSaZ3tByNZthkqV 3nUfHHB7quaxw3FP wPFBAldpZF3WcEqd TTpGfZcLK9H1r488 wPFBAldpZF3WcEqd dtyOV6qcOqKFtIlH 6Hb2AkYl2iXZkxwX OzkTPNRXrshRdmSk 6Hb2AkYl2iXZkxwX dtyOV6qcOqKFtIlH JTnpCiiBDFzgRSXg LjKfvPnu1IVb9d8E dBEYMpdveobbOa64 ZASkL5Mxwr8cbBFG TEBcdk0AQd6dKevH Of6XUqufA1wxpnuj qKKAwpkuJY9E8dpl 8ae7BICLTSRkgPWv 3th5kfdmmYoxH6sF 3th5kfdmmYoxH6sF gqX9V4QU6KrO7JGI gqX9V4QU6KrO7JGI LUoJ0iRCc71uZfNX 6GsK7I0daq8OZxaS Uw31N0oW965MP4qr YHVvi99ucaU9tYgf 2v7uFoKD90sPVOTA AvHIDL41dbfeNksW AvHIDL41dbfeNksW ngcwhTcmwXuonGlk quCqGzaCZ5rVk9Gn U5CEflgpFptgqHUL 6La4alyyQSzgrmmj 6La4alyyQSzgrmmj SLuZYQ4lYwLMQuMp uRc2j178KRm3sVAY Dg4uIWuVD7Xd3FfI EotYPttMvJbBfyaO PmJZCdR41rbLgXgi 2yhNJ9fcTz8hRVDj 2hsCdf5s2NPqItPy 3SYpu8y7n2lFaEgA 1yeDQmwUGYi8LEVC LdwRPFzBNqStC5X8 W4POX5YqpnnI3x1U 8pFqGmxaOhvFeBf4 9dVIdmIqrww8IL0A asqla05DvWvndrgH KHBd51v9Lk79JoNu ZsdU4FLz0FoJAHOC qQzEeIfIOpoI9qKk tZ46uZudk7AfSXt1 qeVT6FbNKHRizFU8 rvadWwbDVrEOdUmt J5iqQt6wukvg6KLY WVwd9ExLXa3zphJn ziJdi0Y4mj4TIJZ9 bpy0VAq3GZuO2R8U bpy0VAq3GZuO2R8U bpy0VAq3GZuO2R8U ziJdi0Y4mj4TIJZ9 J5iqQt6wukvg6KLY rvadWwbDVrEOdUmt qeVT6FbNKHRizFU8 tZ46uZudk7AfSXt1 qQzEeIfIOpoI9qKk ZsdU4FLz0FoJAHOC xlWntBwCLfHgHam8 xlWntBwCLfHgHam8 9dVIdmIqrww8IL0A W4POX5YqpnnI3x1U 3SYpu8y7n2lFaEgA 2hsCdf5s2NPqItPy 2yhNJ9fcTz8hRVDj PmJZCdR41rbLgXgi EotYPttMvJbBfyaO Dg4uIWuVD7Xd3FfI uRc2j178KRm3sVAY 6La4alyyQSzgrmmj U5CEflgpFptgqHUL quCqGzaCZ5rVk9Gn ngcwhTcmwXuonGlk AvHIDL41dbfeNksW 2v7uFoKD90sPVOTA Uw31N0oW965MP4qr 6GsK7I0daq8OZxaS LUoJ0iRCc71uZfNX gqX9V4QU6KrO7JGI qKKAwpkuJY9E8dpl Of6XUqufA1wxpnuj TEBcdk0AQd6dKevH ZASkL5Mxwr8cbBFG M9il2j2XBWeGdURv M9il2j2XBWeGdURv JTnpCiiBDFzgRSXg dtyOV6qcOqKFtIlH wPFBAldpZF3WcEqd 3nUfHHB7quaxw3FP 6GooyGuiju54f88f z6FjXytEu6d6tpnP XPIKYdfAB6ArI8mX rz2oBnI3oNG0KAjO P5s4K3vn5D6QckKy CXs92joGuF2B74ma 7umkRD4mdERwQl2t CXs92joGuF2B74ma P86w2YmfZZMrKQDs gbLSiDepCxsLEFEh Qekd7ffZxAXDfLzq DtNMJrqE8gQwtB9A qu8g8cZOs78HG0ai DtNMJrqE8gQwtB9A DCIaACaQkHoovJqQ 7rCQ85ozq5ueBf3n UH9oVz7dFZbHTRhz 1tbAFBLUOcEKBREU 51L9NWAsddRNCbso oheo0bgdJ9E5AaZ3 ZetpQpaBiR0HxxTA oheo0bgdJ9E5AaZ3 6egkf72ClmAyyvWb c0cA6NRQN8P1fJLx 6egkf72ClmAyyvWb oheo0bgdJ9E5AaZ3 yZq8BYkssUcfIKn0 YNtoOknTE8z40fFU PNqsQWIcQ5cFHA0e ksuRDz3lVhXKZaYK ODpK9gk17jDT3Sp2 tE0AXQQBQImVJ6nW YwKbp1yTO34FUrbo LHmgxJJGYDLYYymZ YwKbp1yTO34FUrbo ZpYXkDvB4yWlBwtb HzeL7kqwHpJiFrZV At29Qn6ybXGjj4BZ lWi5N9iGPSdFbw4x W3Q2QtUAtGMzTlOK ja6XsDQlFAUw1yfc jL8h52rHOflXCXG0 ja6XsDQlFAUw1yfc UfyxHlwDsSdZxUWq mp9G8QwevnO2Hxc1 xoNuVQFyUNw60SHt FpgNaPpArWgevKg6 jBnrdVZITnwrbrWj FpgNaPpArWgevKg6 2jauppFGbaMwTDI2 AzbeVJsoSmTMPZLM SXePDE8VmWVNc3gI aS5gP3tBqF72MHBj w2eQINfJGzFmJVSa HUReKXkqclfOOfkC w2eQINfJGzFmJVSa lFfRvw2OBMTapK25 L25OgxwPsOzFiHDa tdEnQcfBy667BmIr 76LXShiCO3Y9oZs0 tdEnQcfBy667BmIr cKUQBLkhJ2YTpTZk B5jkVyVn3f7O2An6 10BaRDIVtibSNqCT B5jkVyVn3f7O2An6 8Kka2UWih5IQ1cpb Yp0NUpVecdudihTb XxpoDiTW03kVmIFK csYok6RDEEUhtSFo bZ4oSCeSEaCTIVyZ sas60VSUYjFu8PHB bZ4oSCeSEaCTIVyZ csYok6RDEEUhtSFo XxpoDiTW03kVmIFK 2ELFKhPu1hDBcz2l e9vcyjNNidNUI5lw yE2ZPAIzLgGY7glD dhHQUqzQAf17QtlS b8Vzk6q5jI9QJXC8 dhHQUqzQAf17QtlS JBll5vlJZ1mcnrE9 tQutySsTV1RolOTN UZSiMvKda5EcJ9hm YlcO1JeEppwz4eg7 UZSiMvKda5EcJ9hm 5gVgbSJalKNpCPGR mxfBTsbr179d38Xl VognV1ysFxsfM1T3 mxfBTsbr179d38Xl 5gVgbSJalKNpCPGR hUodt8EH9XJmymZc lPPSVl2pbI8yFIu7 XePd6S3LslDFdMfx Zjo93yXsdcDV6Oit
75
8ae7BICLTSRkgPWv Plb766RuoiNfkOGW yILnNjtdKS6kD3NP 8ae7BICLTSRkgPWv
1yeDQmwUGYi8LEVC MxcmtGZ6qJUnGaxB 27KMNaF72cTW0PDA TbM88DujEo9BSxqT 0rKC7Chib5iDGjTC 3PEg9lFbqEimkqjc 1yeDQmwUGYi8LEVC
LdwRPFzBNqStC5X8 kWAnmn2xV4T8moWO LdwRPFzBNqStC5X8
asqla05DvWvndrgH Gypke7sesv6WDuj9 1bDI0W7o3Pb2zYhB asqla05DvWvndrgH
WVwd9ExLXa3zphJn HAZt9xslXTTIQrh6 RnvIh4TOetAfG82E WVwd9ExLXa3zphJn
KHBd51v9Lk79JoNu 9pH9xdreYrmVM1JI K5TJWlCDC2GiIJEC KHBd51v9Lk79JoNu
fBCH5yXHMW5jQJjk LI7uFZ34s97AeNpk fBCH5yXHMW5jQJjk
8pFqGmxaOhvFeBf4 5TjXpBJuIWCWGZis 8pFqGmxaOhvFeBf4
EuY7nNg1nWHDnCBx CvZWFxoaMZYhwHYj EuY7nNg1nWHDnCBx
SLuZYQ4lYwLMQuMp 1ByTcIJH8XabOIWu SLuZYQ4lYwLMQuMp
YHVvi99ucaU9tYgf LZyPcj0slZv1Vk6U YHVvi99ucaU9tYgf
1Eq6CyZRaHXkARva xLhGn69fZWxkF2ME StSocpbFeWB0czP8 1Eq6CyZRaHXkARva
kmMzOIvorXbmvHXw 1r13Qnmq9ixI97Qj kmMzOIvorXbmvHXw
m8Rn3gh3HBuT9R8d R43sDxzHzrO5kncN m8Rn3gh3HBuT9R8d
dBEYMpdveobbOa64 pi9Gjwqb8nw39ALT dBEYMpdveobbOa64
LjKfvPnu1IVb9d8E Zo0umr3KFWOZJQPm LjKfvPnu1IVb9d8E
bpy0VAq3GZuO2R8U bpy0VAq3GZuO2R8U
ziJdi0Y4mj4TIJZ9 ziJdi0Y4mj4TIJZ9
OMjRZA0G6vbBxKd5 OMjRZA0G6vbBxKd5
J5iqQt6wukvg6KLY J5iqQt6wukvg6KLY
rvadWwbDVrEOdUmt rvadWwbDVrEOdUmt
qeVT6FbNKHRizFU8 qeVT6FbNKHRizFU8
9L0zlmq9jRh6nd1I 9L0zlmq9jRh6nd1I
tZ46uZudk7AfSXt1 tZ46uZudk7AfSXt1
qQzEeIfIOpoI9qKk qQzEeIfIOpoI9qKk
ZsdU4FLz0FoJAHOC ZsdU4FLz0FoJAHOC
e9DWnoEu0mxMb9VK e9DWnoEu0mxMb9VK
xlWntBwCLfHgHam8 xlWntBwCLfHgHam8
QSabhET5tNnXgX60 QSabhET5tNnXgX60
9dVIdmIqrww8IL0A 9dVIdmIqrww8IL0A
z6aHWvfWV1YcOU3s z6aHWvfWV1YcOU3s
uuhviI1p7F0sChqp uuhviI1p7F0sChqp
eRAtRmExinGYKjYs eRAtRmExinGYKjYs
jVrty3u6KGOjBg80 jVrty3u6KGOjBg80
W4POX5YqpnnI3x1U W4POX5YqpnnI3x1U
Byr8ftz6Pn4uac3K Byr8ftz6Pn4uac3K
0Pfip4BXzoRzyFv2 0Pfip4BXzoRzyFv2
3SYpu8y7n2lFaEgA 3SYpu8y7n2lFaEgA
2hsCdf5s2NPqItPy 2hsCdf5s2NPqItPy
HqZKcXPbTIsIN6eT HqZKcXPbTIsIN6eT
drsNw5E8nXGgcxxE drsNw5E8nXGgcxxE
2yhNJ9fcTz8hRVDj 2yhNJ9fcTz8hRVDj
PmJZCdR41rbLgXgi PmJZCdR41rbLgXgi
EotYPttMvJbBfyaO EotYPttMvJbBfyaO
Dg4uIWuVD7Xd3FfI Dg4uIWuVD7Xd3FfI
PDtM7hU3L1QjW9eR PDtM7hU3L1QjW9eR
uRc2j178KRm3sVAY uRc2j178KRm3sVAY
fg0WyZdFGAAZWRqK fg0WyZdFGAAZWRqK
pKGVzMiXVo3v1oQu pKGVzMiXVo3v1oQu
0BNdm9hpaqd4q3Tx 0BNdm9hpaqd4q3Tx
6La4alyyQSzgrmmj 6La4alyyQSzgrmmj
U5CEflgpFptgqHUL U5CEflgpFptgqHUL
quCqGzaCZ5rVk9Gn quCqGzaCZ5rVk9Gn
ngcwhTcmwXuonGlk ngcwhTcmwXuonGlk
AvHIDL41dbfeNksW AvHIDL41dbfeNksW
2v7uFoKD90sPVOTA 2v7uFoKD90sPVOTA
nkKMB647tDItOdTX nkKMB647tDItOdTX
u7i0C02E9nMoZ6Ab u7i0C02E9nMoZ6Ab
YpZJ50mXHPeALpEr YpZJ50mXHPeALpEr
LsIlvCjQu9Xqre9U LsIlvCjQu9Xqre9U
nPVdEshNZOOx6qGx nPVdEshNZOOx6qGx
Uw31N0oW965MP4qr Uw31N0oW965MP4qr
6GsK7I0daq8OZxaS 6GsK7I0daq8OZxaS
LUoJ0iRCc71uZfNX LUoJ0iRCc71uZfNX
gqX9V4QU6KrO7JGI gqX9V4QU6KrO7JGI
3th5kfdmmYoxH6sF 3th5kfdmmYoxH6sF
FzSHaHADmN7Zbhbr FzSHaHADmN7Zbhbr
uN0YmlR4YKMmyTVh uN0YmlR4YKMmyTVh
6Gt5ffOE5tOJA8A7 6Gt5ffOE5tOJA8A7
8vLm5GS8pptr9y8t 8vLm5GS8pptr9y8t
qKKAwpkuJY9E8dpl qKKAwpkuJY9E8dpl
Of6XUqufA1wxpnuj Of6XUqufA1wxpnuj
TEBcdk0AQd6dKevH TEBcdk0AQd6dKevH
ZASkL5Mxwr8cbBFG ZASkL5Mxwr8cbBFG
M9il2j2XBWeGdURv M9il2j2XBWeGdURv
