l0 l38 l38 h0 l23 h49 h12 l15 h14 l48 h14 h24 h44 h25 l8 l19 l8 l17 l47 l35 l14 l35 l47 l22 l47 l17 l8 h25 h39 l13 l26 h26 l49 h26 l26 l36 h46 l27 h46 h39 h25 h44 h24 l18 h5 h3 h8 l1 l2 h6 h42 h7 l25 l44 h42 h6 l24 h6 l42 h11 h9 l46 h9 h11 l42 l3 l42 h6 l41 h6 l2 h3 h5 l18 h24 h14 l15 l4 l37 l29 l32 l5 l12 h16 l28 h16 l5 h34 l11 l29 l37 l4 l16 h49 l23 l45 l23 h0 l34 h18 h31 l31 h29 l30 h27 l10 l9 l10 h27 l30 h30 h20 l6 l33 h48 l43 h48 l21 h48 l33 l20 l30 l30 l31 h31 h18 l34 l0
39
l0 h1
l36 h35
l13 h40
h7 h10 h7
l1 h45
h8 h4 h8
l32 h36
l12 h43 h37
h34 h15 h33 h34
h12 h13 h12
h30 h22 h30
l6 h19 h2
h20 h28 h20
h29 h23 h32 h29
h0 h0
h3 h3
h5 h5
h6 h6
h9 h9
h11 h11
h14 h14
h16 h16
h17 h17
h18 h18
h21 h21
h24 h24
h25 h25
h26 h26
h27 h27
h31 h31
h38 h38
h39 h39
h41 h41
h42 h42
h44 h44
h46 h46
h47 h47
h48 h48
h49 h49
