l0 h3 h83 l58 h24 h92 h47 l12 h6 l3 h84 h58 h58 h84 l55 l38 h22 l66 l95 l22 l22 l66 h23 h23 h71 h14 l45 h15 h16 l7 l7 h15 l45 h14 h71 l14 h80 h80 h80 l61 l87 l87 l61 l38 l55 h6 l12 h47 l42 l71 h55 h55 h67 l86 l33 l36 l59 l19 l47 l47 h39 h39 l47 l19 h94 l28 l17 l17 h35 h79 l73 l39 h48 h48 l39 h35 l17 h20 h20 l96 h10 l26 l26 h10 l96 l36 l86 h67 h61 h82 h64 h86 l9 l32 l64 h18 h18 l64 l32 h19 h88 h65 h65 h88 l51 h5 l56 l54 l63 l20 h40 l88 l4 l4 h40 h12 h13 h97 l57 l13 l31 l31 h27 h27 l31 l31 l13 l57 h97 h13 h12 l56 h5 l51 h86 h64 h61 h47 h92 h24 h2 h2 l0
72
h83 h89 h0 h83 h1
l58 h91
l3 h25
l95 h76 h51
h22 h44 h77 h22
h16 h85 h43 h16
l14 h7 h28 h50 h17 h29
l35 h70
l42 h46 h81 h59
l71 h54
l59 h73 h90 h38 h66
h94 h56 h93 h52 h94
l28 h21
l73 h34 h68 h30 h33
h79 h69 h78 h49 h32 h79
h57 h96 h57
l33 h75
l9 h53 h42
h19 h99 h19
l63 h87 h95
l20 h37 h41
l88 h8 h36
l54 h63 h62 h26
h82 h11 h82 h60
h59 h60 h59
h3 h74 h3
h1 h1
h2 h2
h4 h4
h5 h5
h6 h6
h9 h9
h10 h10
h12 h12
h13 h13
h14 h14
h15 h15
h18 h18 h4
h20 h20 h57
h23 h23
h24 h24
h27 h27
h29 h29
h31 h31
h35 h35
h38 h38
h39 h39
h40 h40 h9
h45 h45
h47 h47
h48 h48
h51 h51
h55 h55 h96
h58 h58
h61 h61
h64 h64
h65 h65
h66 h66
h67 h67
h71 h71
h72 h72
h80 h80
h84 h84
h86 h86
h88 h88
h92 h92
h97 h97
h98 h98
l45 h70
l39 h31 h98
l22 h45
l36 h72
