vBhpoFdJZxyttIlfaf7D fMf4OEuDhzQ5lzL1yC1p xVHVP9vjiW3Srf3J1yYm gpVfP7ILbg2pDpIPQr5Q iki3BohF22ET0rMPxXQ5 qM7lEl3z2COceXw7x0EC j0gfpSkQuY2aCnSASDK5 6koX1rNvAwrB84m39eQv e6i9mgbc8DjzYsf61uhQ 6koX1rNvAwrB84m39eQv tUVqKo1E6AibIE6zShkv RHcsiimy7VJf61UVhM9I tUVqKo1E6AibIE6zShkv 6koX1rNvAwrB84m39eQv 4DVjJLwQqqsLyduGJ9b0 6koX1rNvAwrB84m39eQv pQXOuOEmPXLWYcp1NGOw 6koX1rNvAwrB84m39eQv R6ZzYYWqarkWldqbKDab WN0Nl06Zx9w6LYUHMZam WN0Nl06Zx9w6LYUHMZam 8Le4AI986fwHZXPoOMK1 8Le4AI986fwHZXPoOMK1 WN0Nl06Zx9w6LYUHMZam R6ZzYYWqarkWldqbKDab vZUMyUDxLY7qRIRiUPr2 qM7lEl3z2COceXw7x0EC iki3BohF22ET0rMPxXQ5 ByStsnhiga1DCz50VNGG iki3BohF22ET0rMPxXQ5 PTLuDKOoq7xOBNmDYZyZ t9sKEbhLg4hRMCMxdZiD wRuGNazG4ZAxqcI0KBgs 17OoKHzumyPaqfjSSc7S 6PPTzNGrNxrgfdvm8cwZ sZEJEKZ8ZhIllqXsuj72 6PPTzNGrNxrgfdvm8cwZ 17OoKHzumyPaqfjSSc7S DybFcuyeWxt51LawzVvs DybFcuyeWxt51LawzVvs PTLuDKOoq7xOBNmDYZyZ XYk0VV4ujV55qqS8YiHV 3k0aPItJckmjybSSZ7vB KyDQmUshvaOMIokV4BFs fHfopcx4v3MKBN0TMn7s InZnvPu8h9zAoLCNj2in NAqhSs9OpS9XtIaJtTCD 2LthmnS3Cdd5FBfY5GQ9 R7crXexksQ4TN5zY2ck3 UZ0TKwjLE8ZLiMJfWLZ4 2rqhmYoGMbGcAZmcRrhF 2LthmnS3Cdd5FBfY5GQ9 NAqhSs9OpS9XtIaJtTCD NAqhSs9OpS9XtIaJtTCD InZnvPu8h9zAoLCNj2in fHfopcx4v3MKBN0TMn7s ohy3S5QXymEhh63dMBQE qHwCsNomWkpZ3C6j94Cj x46nB6Iwp6wweeEhyIVP Iz79VMi2nkM7feHNxIEU rkMvLqMMN5Aq3onq5XeZ Q3XFYOsTKSzlksoFZpSk rkMvLqMMN5Aq3onq5XeZ Iz79VMi2nkM7feHNxIEU KdfPZ6xz4cOaMLpuBPMV YcxUAlL7DgkVgq8Zmqcx YcxUAlL7DgkVgq8Zmqcx KdfPZ6xz4cOaMLpuBPMV qHwCsNomWkpZ3C6j94Cj ohy3S5QXymEhh63dMBQE 3k0aPItJckmjybSSZ7vB XYk0VV4ujV55qqS8YiHV PTLuDKOoq7xOBNmDYZyZ wHEcyeduhdH7p3Lr1PtC TbpWcxfO0os3IWSajbDY wHEcyeduhdH7p3Lr1PtC R8y8GsBEYGcYG98ELdKo eoouXbauUEZFoVnISdZW Qs0K7PGKCJNOLMDZLnEf 4ilNvg3IkxoJuvkwqYsS 7PoxePhwnlLvMilKVpER W1oKj4YwVrgRk8CEP5N8 iLoZi9Udouf2bH9NFsk4 zs7X4IJgeJEM8iqAbvF3 zs7X4IJgeJEM8iqAbvF3 iLoZi9Udouf2bH9NFsk4 W1oKj4YwVrgRk8CEP5N8 7Rn0xBRZQovegOnfabmb 4ilNvg3IkxoJuvkwqYsS Qs0K7PGKCJNOLMDZLnEf KuHO8xRrArMMDCKffmsm KuHO8xRrArMMDCKffmsm fp9JaV5iTp8QxXwwkR68 jTdja1e2hUhydiExPlJM jTdja1e2hUhydiExPlJM fp9JaV5iTp8QxXwwkR68 MNehJysDvnWQbbvHSbNi z4v1d4jdbvLBqzq8O4Ca p8vaf7BxwhTHVQ7xf14T z4v1d4jdbvLBqzq8O4Ca MNehJysDvnWQbbvHSbNi wHEcyeduhdH7p3Lr1PtC fMf4OEuDhzQ5lzL1yC1p vBhpoFdJZxyttIlfaf7D 37APL8dpwT5Ds5AIG0t4 d6xeP6xeDJ3O2jY8D4pB r7zzQREzwZK5s2plOEMb 37APL8dpwT5Ds5AIG0t4 vBhpoFdJZxyttIlfaf7D iboL4JgkqVZaEWXpgBVJ ORsS8PhYU7QJhPkIo1xK J25RC7bcYE8mQfyYQhBt ORsS8PhYU7QJhPkIo1xK uUumBfQJDh6S0d06Kb78 XgDMuo1AqytyG9qTqNv4 JN17iRC4tStS65wVP34v XgDMuo1AqytyG9qTqNv4 uUumBfQJDh6S0d06Kb78 lNXOSirtCXW7TPygvsll cs6LkMYfySGYUzb8VLcc R4Ftu8EuO0k21qmlfgFk IxefgaEVTV9aMlxjiI1f R4Ftu8EuO0k21qmlfgFk HP9rCKizazA8tTd6EvQn HP9rCKizazA8tTd6EvQn lNXOSirtCXW7TPygvsll uUumBfQJDh6S0d06Kb78 ORsS8PhYU7QJhPkIo1xK iboL4JgkqVZaEWXpgBVJ vBhpoFdJZxyttIlfaf7D qkrT0EYt8AHuefFD25g1 XWHR07Y6kfSBbEuD62PN ZYwKC5uFmtW0QjsMiT9A cFXGQ6tDn5lo60W3mw1y Qf8fIpH8k30NerFGYAIM 0smtcWECRVW5IqVm6wBj n2Cqtp5v2DuwGX7LhuzE n2Cqtp5v2DuwGX7LhuzE 0smtcWECRVW5IqVm6wBj XWHR07Y6kfSBbEuD62PN qkrT0EYt8AHuefFD25g1 vBhpoFdJZxyttIlfaf7D
41
gpVfP7ILbg2pDpIPQr5Q 535WuquKiicRqEyzCI3d
j0gfpSkQuY2aCnSASDK5 XBxLd5K0m0Gtk5fTL45q nB1RHSnvjX4nG0Tch5En
wRuGNazG4ZAxqcI0KBgs eKaPpzrMwOPxNzeoOSFH
t9sKEbhLg4hRMCMxdZiD W1jWYYdH0atiKtbaVDRT
R7crXexksQ4TN5zY2ck3 WwLzOfqcc3FIzub2jh8R R7crXexksQ4TN5zY2ck3
KyDQmUshvaOMIokV4BFs J00g7hlLLSWTXvTYK9v2
x46nB6Iwp6wweeEhyIVP EHYUZOt1fTtm7KJue8on
7PoxePhwnlLvMilKVpER RpMJGAvULIBCQ0RI369s RRlYwTFLYqL48JIMSAmC 7PoxePhwnlLvMilKVpER
eoouXbauUEZFoVnISdZW oFNlFPub6zLirsQwo0fu
R8y8GsBEYGcYG98ELdKo 8mLI4Cl8exxeLw5eLCvi
xVHVP9vjiW3Srf3J1yYm XX8iZd9Mw56dkKCstFAC
d6xeP6xeDJ3O2jY8D4pB rMd1TXBMCuFfO59jF1Tq 9B0w6Ahn3NsugfNn6veD vLwJebpyApE3MPksc9OW mv3tFPDoT2NlrLp24T9l d6xeP6xeDJ3O2jY8D4pB
cs6LkMYfySGYUzb8VLcc MiPSEwVMn3bbGh4tbRTf cs6LkMYfySGYUzb8VLcc
ZYwKC5uFmtW0QjsMiT9A JEGgKJfdY8owvwdYhKMk
8Le4AI986fwHZXPoOMK1 8Le4AI986fwHZXPoOMK1
XYk0VV4ujV55qqS8YiHV XYk0VV4ujV55qqS8YiHV
NAqhSs9OpS9XtIaJtTCD NAqhSs9OpS9XtIaJtTCD
R6ZzYYWqarkWldqbKDab R6ZzYYWqarkWldqbKDab
WN0Nl06Zx9w6LYUHMZam WN0Nl06Zx9w6LYUHMZam
zs7X4IJgeJEM8iqAbvF3 zs7X4IJgeJEM8iqAbvF3
ohy3S5QXymEhh63dMBQE ohy3S5QXymEhh63dMBQE
2LthmnS3Cdd5FBfY5GQ9 2LthmnS3Cdd5FBfY5GQ9
DybFcuyeWxt51LawzVvs DybFcuyeWxt51LawzVvs
jTdja1e2hUhydiExPlJM jTdja1e2hUhydiExPlJM
tUVqKo1E6AibIE6zShkv tUVqKo1E6AibIE6zShkv
rkMvLqMMN5Aq3onq5XeZ rkMvLqMMN5Aq3onq5XeZ
iki3BohF22ET0rMPxXQ5 iki3BohF22ET0rMPxXQ5
6koX1rNvAwrB84m39eQv 6koX1rNvAwrB84m39eQv
17OoKHzumyPaqfjSSc7S 17OoKHzumyPaqfjSSc7S
qkrT0EYt8AHuefFD25g1 qkrT0EYt8AHuefFD25g1
37APL8dpwT5Ds5AIG0t4 37APL8dpwT5Ds5AIG0t4
uUumBfQJDh6S0d06Kb78 uUumBfQJDh6S0d06Kb78
fp9JaV5iTp8QxXwwkR68 fp9JaV5iTp8QxXwwkR68
6PPTzNGrNxrgfdvm8cwZ 6PPTzNGrNxrgfdvm8cwZ
wHEcyeduhdH7p3Lr1PtC wHEcyeduhdH7p3Lr1PtC
4ilNvg3IkxoJuvkwqYsS 4ilNvg3IkxoJuvkwqYsS
InZnvPu8h9zAoLCNj2in InZnvPu8h9zAoLCNj2in
XWHR07Y6kfSBbEuD62PN XWHR07Y6kfSBbEuD62PN
fHfopcx4v3MKBN0TMn7s fHfopcx4v3MKBN0TMn7s
qM7lEl3z2COceXw7x0EC qM7lEl3z2COceXw7x0EC
n2Cqtp5v2DuwGX7LhuzE n2Cqtp5v2DuwGX7LhuzE
