Mf966TmCJF9l0PTKetVd tH0lbMmdJDVlC4Pr7uAb lfkDpy0Dzjb65M4poJ5N NtZncVsU7O40k1BXousH aH2XDl7CjGFhEP3bbYjH ZQab4dDWTHUWkDUJqBSO aH2XDl7CjGFhEP3bbYjH U480q7KMBV6u0CxF9qHV dlI05mdojdMEdSLIkWsG QMfugTdL8cMnu7owJzpL b2icxuMf1zEyF7ImMEzE b2icxuMf1zEyF7ImMEzE S0PhmGw8tyUPzxvRSE5R N1nCqBhBKMK7yfEHWDsK HR7q1SHXYoV1oWoyahgt pMRS1IvCw1ndT7Ffg1bE Man5mweIdA0oHezvIoTH Man5mweIdA0oHezvIoTH pMRS1IvCw1ndT7Ffg1bE HR7q1SHXYoV1oWoyahgt 0cfjMDiHCYlJddbR72mX pUShkBWCgx4vSxXmfOcy gjqmwx8KEwk7C9l818J6 pUShkBWCgx4vSxXmfOcy 0cfjMDiHCYlJddbR72mX fKajGKNXD5NbLKxWiJ47 0cfjMDiHCYlJddbR72mX S0PhmGw8tyUPzxvRSE5R XM2epDdQlzVNrldkM9rh BCVfaQnOCgLubJ23r8nF FhyU3TGCVWgCcMMzAMS1 Xltsv4pWecfDbEIf7wIT FhyU3TGCVWgCcMMzAMS1 BCVfaQnOCgLubJ23r8nF XM2epDdQlzVNrldkM9rh OGxA8YvD4WfIxOfmtWm4 vWQ9gSPmhR2i5UglG1Cy 9vP489zmTCThBqN2SC1r f3aTBneDuZi0oYXARvcm BPT5ZnXHY4PLKTlszS8H jsxdUxf9Osj1u9ZOfA8H Ic20PkDM6xxefUTvJEIQ 17QNzmQeHZetXwmICrNB yk5giKs9pvqErT2HCEPA JfzkldRR1w0Y52KBg47D 5xTj2bwtAGxne1OvovYf JfzkldRR1w0Y52KBg47D GpiOM4ynWttgV8VgylA9 JfzkldRR1w0Y52KBg47D yk5giKs9pvqErT2HCEPA 17QNzmQeHZetXwmICrNB Ic20PkDM6xxefUTvJEIQ jsxdUxf9Osj1u9ZOfA8H tQezqRP7sIoxGpSN4jn9 jsxdUxf9Osj1u9ZOfA8H BPT5ZnXHY4PLKTlszS8H f3aTBneDuZi0oYXARvcm 9vP489zmTCThBqN2SC1r lbdkv57MCZ97lfIXEhIW Hpniux0SkkA6CliHWNDc pST2UibVvaFs7NnElOiM fsCdklolnC3ndvzFtyM3 bBJ5TDHtVrSIxXmQJ63J uabtazFhzr2OrOfWllzO bBJ5TDHtVrSIxXmQJ63J BMDtuwGZg1f1rj5A1b3x iLL8Ler2XV3HF8IInEZ7 BMDtuwGZg1f1rj5A1b3x 9HH5irmCdrqCCezXnJiW BMDtuwGZg1f1rj5A1b3x eO6DzL77RKRtHIXSDRed BMDtuwGZg1f1rj5A1b3x NvfSRypj4POoHWC3jDz3 NvfSRypj4POoHWC3jDz3 4c7jdZfXlaPz4IZbgKcx sJyumTmEoi4MWbaRoNlm ksXyQQNO2sSJacUypI8V 1wZce3qjltyIzzlL1Zfw u4VGAkqq00Jhej3knMJI u4VGAkqq00Jhej3knMJI 1wZce3qjltyIzzlL1Zfw A92K5Cd1GT55aemqW0vQ sJyumTmEoi4MWbaRoNlm 2Ya6qX2a8hTrk7y5kV3V sJyumTmEoi4MWbaRoNlm wgaIQdSLkfrgCwxikw7V 0avddYNUUSifDVnh6Pkn BcvYB1mubFuRTbgMUsXg RrBlUMzlEzdRa5S1pyiF czjPVxJvSz9DoMc0Y7Vv zwf9ghy1nblZx3HkGhp8 zwf9ghy1nblZx3HkGhp8 zwf9ghy1nblZx3HkGhp8 czjPVxJvSz9DoMc0Y7Vv RrBlUMzlEzdRa5S1pyiF BcvYB1mubFuRTbgMUsXg 0avddYNUUSifDVnh6Pkn wgaIQdSLkfrgCwxikw7V p6bp9pYgtaGo4Q50DQAM p6bp9pYgtaGo4Q50DQAM abfQYXbANnzx1AWQXKif BLgd9OLqnPIJY5LCIxDK OUMbAfpzy5GRzgDEKokb ZPAxEbVjKWTr0cDqLbA0 1EtrR5H9A3TMUPS71hPl kVdbGuYm0jD2q8vsLFHY KXqYiLdUxtSnooxFj1Ib fmXI2fiRDKGKDk7Lczzs AjMqEYKq0eELwsiEhQNE Q4jkxyPtGKis0eXik3Gg TBEGhhvsdStRJh2Eqkyf TBEGhhvsdStRJh2Eqkyf Q4jkxyPtGKis0eXik3Gg AjMqEYKq0eELwsiEhQNE fmXI2fiRDKGKDk7Lczzs KXqYiLdUxtSnooxFj1Ib kVdbGuYm0jD2q8vsLFHY WZxeHszJ2ShfYgJs53YV DMIhznlgV4TccTaZ33Ir 0O3lDJvzYSiuZNzHimQX cQteqX6tIl3ToXV5rCSz 0O3lDJvzYSiuZNzHimQX fsor2KpQJ6EjVccpDv9W 0O3lDJvzYSiuZNzHimQX DMIhznlgV4TccTaZ33Ir RqcyjsZaW5Whm3g5SmeN ZPAxEbVjKWTr0cDqLbA0 OUMbAfpzy5GRzgDEKokb sSdPSXUotKahf03SRnBn q4ugkwSY6ViNm0c39aSs sSdPSXUotKahf03SRnBn OUMbAfpzy5GRzgDEKokb abfQYXbANnzx1AWQXKif a6uUA0TEdnZwD1b73O9r rOZoFnpTntC6wvysu9Xh lW4ZBzIV5QnNgb3BgJPj rOZoFnpTntC6wvysu9Xh a6uUA0TEdnZwD1b73O9r 7ArLVA3N0doHBQAlCDtl KCy3uvDFe4h3kwRgxFiX vXEVHH4q4UMva6wWns8S XTp3YhYjdFwpfCd1sHBr vXEVHH4q4UMva6wWns8S KCy3uvDFe4h3kwRgxFiX 7ArLVA3N0doHBQAlCDtl a6uUA0TEdnZwD1b73O9r abfQYXbANnzx1AWQXKif ydEppVwK15UN0USyP00U ydEppVwK15UN0USyP00U 9vP489zmTCThBqN2SC1r GzkbHop7cJv0CvjQalTE 26qGQxnCCbJ2EOhN7Gcj 5ebtvAsyAh8vEmm1Z3wm Y5ZKsuPbCDUQp5LjPNey 3Yod5nNtIcKNmTtNQ3xH 3Yod5nNtIcKNmTtNQ3xH fBow0nU9fNO0JnF2yfaM QtUoaFUFBMw7V9DHgrcf QtUoaFUFBMw7V9DHgrcf 5ebtvAsyAh8vEmm1Z3wm 3T9xfmao9oirmnybMmQj 5ebtvAsyAh8vEmm1Z3wm 26qGQxnCCbJ2EOhN7Gcj trOoQ3enuOI8GUJqwAMC flliQzyn5hSC8yLOMyYJ 3Kf7NbRAPMqHxYOVsqnT 3Kf7NbRAPMqHxYOVsqnT 3Kf7NbRAPMqHxYOVsqnT trOoQ3enuOI8GUJqwAMC MgfIiwMElh8mtTDc3OTG ny999OXXkLqLzEchYJti MgfIiwMElh8mtTDc3OTG WDY5ApSXtzd8TcqEYyFr WDY5ApSXtzd8TcqEYyFr 9vP489zmTCThBqN2SC1r vWQ9gSPmhR2i5UglG1Cy Crbc9OlCoJ9dTIJXXsjb kk9hnZxxBFZfHSf7jyEB kk9hnZxxBFZfHSf7jyEB ABk14cfS7j3v5H7oJg69 y1iGOFRKdlQM0ghlotSn y1iGOFRKdlQM0ghlotSn ABk14cfS7j3v5H7oJg69 vWQ9gSPmhR2i5UglG1Cy jXruIBVvU1ZXoT4EkgxD vWQ9gSPmhR2i5UglG1Cy OGxA8YvD4WfIxOfmtWm4 XM2epDdQlzVNrldkM9rh e2usEAoRX2qu6mneHOxg SQhK0n9L9aixdJxvdeKd UvtGaTsTes8Gs4gE8ya3 R87rV3jFUvYuE0RN4Z4a 4mdSIFCsq2HySOzm2H4M km12BN3CByUGmRV2tX7b acwLCbshqBQuYbTzAPRI Ijl4CEfXgYPnLQsaG3l2 acwLCbshqBQuYbTzAPRI km12BN3CByUGmRV2tX7b 4mdSIFCsq2HySOzm2H4M R87rV3jFUvYuE0RN4Z4a bLojQFXmB5k6r0zKTWYe iRg3oRlKsAtLuOm5tUrC V1NRtDFpLgUvdcMNRDCv cAkwFDH7tSQkP40ewGcD hdzMlRPopi59kMOfpHEo D8EqP7YYAGp7ozDJsFab byF5FvS6RJUrgCsP3o6T byF5FvS6RJUrgCsP3o6T D8EqP7YYAGp7ozDJsFab hdzMlRPopi59kMOfpHEo ZzUJWpXUZeO1dCVdodSV ZzUJWpXUZeO1dCVdodSV iRg3oRlKsAtLuOm5tUrC mGfIqoDGGajPXw9RvY8S QH0BDGvVyxRCKFz8HI8X K2vXRMB1uOAo2LiHd1lH iRg3oRlKsAtLuOm5tUrC bLojQFXmB5k6r0zKTWYe R87rV3jFUvYuE0RN4Z4a 88lI6lUbCFloNqfPp9qO YrtjNlKZcZnAXu7owFPA mczsYYfo4mGnUa8T6O4K YrtjNlKZcZnAXu7owFPA VI6bhpg8nr2U3bjLEpMD VI6bhpg8nr2U3bjLEpMD HhITLZSwERe6osGRUBXt z0JVyC97F2sfYOHDsqCd HhITLZSwERe6osGRUBXt VI6bhpg8nr2U3bjLEpMD XfWllIgv9lA6ZwGuKvLt 3wnWMN13hDOpLfn819VH pqICMkxXlmeDQjitgIAG 3wnWMN13hDOpLfn819VH VZozLuXR9oTwtUW9knOQ R87rV3jFUvYuE0RN4Z4a UvtGaTsTes8Gs4gE8ya3 UvtGaTsTes8Gs4gE8ya3 aQjUMkqTLL2xI6AuCLxX yjTU6mb0sXWr7Nh8SghO XtOSIksCxQPAzChWtB8x QZIvvAQe1weWyQjLrGi1 QZIvvAQe1weWyQjLrGi1 XtOSIksCxQPAzChWtB8x vfUng4KWHMI1EW7MPH8O PLyQF48YPXs4LxxIxWHM zPr2hM1BB6QwzrT9Cto2 1crXui4lUlMG7IuTFiXo SpEuZchEqWugbZTYkaxm 1crXui4lUlMG7IuTFiXo y3cL4LyhfEAlU1Jj1Xj6 W1IcDWCQWwTCriXsjtm4 zDq8bGYKiSYw3c53IWfw 0lQJttb9mqclt5GB6G6p zDq8bGYKiSYw3c53IWfw W1IcDWCQWwTCriXsjtm4 y3cL4LyhfEAlU1Jj1Xj6 1crXui4lUlMG7IuTFiXo vfUng4KWHMI1EW7MPH8O PUpX9hnq8lCr2MuEM79X aQjUMkqTLL2xI6AuCLxX e2usEAoRX2qu6mneHOxg XTJsnlniS8VBeA1RWlnv e2usEAoRX2qu6mneHOxg XM2epDdQlzVNrldkM9rh 4O2VEkN1ftjvLwoNouzB 8tOQbReSdxKFsG9CYbZK YbSp45JPsR0boD7yz5qS s7HXjvUAOobkeOC6hmGZ 4mRiy2s23Ljl4N4CqEav Ejmw9YVfbgpcODCHCJUP wNmo9den9k6ySqzO7o0M wNmo9den9k6ySqzO7o0M Ejmw9YVfbgpcODCHCJUP 4mRiy2s23Ljl4N4CqEav s7HXjvUAOobkeOC6hmGZ XM2epDdQlzVNrldkM9rh S0PhmGw8tyUPzxvRSE5R jSyASeaGB6ErFY6XJcnd S0PhmGw8tyUPzxvRSE5R ssOocUX1m3f6XkTvZtJV mdRWNgW1OXg5UTxZCHoS ssOocUX1m3f6XkTvZtJV tH0lbMmdJDVlC4Pr7uAb Mf966TmCJF9l0PTKetVd
78
Mf966TmCJF9l0PTKetVd dOWv4G57nxm9UArCvQlq
NtZncVsU7O40k1BXousH aU4DeG46NC8vRU6N0ahg NtZncVsU7O40k1BXousH
QMfugTdL8cMnu7owJzpL HKK5Jm9eHd0V7gvBWuw9
N1nCqBhBKMK7yfEHWDsK QMmklR1fA1rnjMsU1WMc
fsCdklolnC3ndvzFtyM3 kGhQ3uDjcFA7MLP7UF4W 56ePYTmTGzdOHfvnLEPd fsCdklolnC3ndvzFtyM3
pST2UibVvaFs7NnElOiM pxBA1Tii62WPeRWcccVp
ksXyQQNO2sSJacUypI8V WQlZty1AKP9gLfjz0EYW
4c7jdZfXlaPz4IZbgKcx ul7ierPjffkmvfh4Ylme eA2uctxdjBuXDZUrmUHy
Hpniux0SkkA6CliHWNDc TmdW4dU59umpgT9XX8G3 Hpniux0SkkA6CliHWNDc
BLgd9OLqnPIJY5LCIxDK CLNCAWQgYnzuvt7RChAf BLgd9OLqnPIJY5LCIxDK
1EtrR5H9A3TMUPS71hPl Ad4iMaOuAofXNjJzNKWl
WZxeHszJ2ShfYgJs53YV Xucw5TdPOzp0SQGWHjkE WZxeHszJ2ShfYgJs53YV
lbdkv57MCZ97lfIXEhIW JWE9kJZ3fUSBbRtkVScl IwnN6xRahpjWnxZTYR2F
Y5ZKsuPbCDUQp5LjPNey wtlCpdxHbUUmSY7DnD2u Y5ZKsuPbCDUQp5LjPNey
fBow0nU9fNO0JnF2yfaM KKiBHd9DTQAd6AZYxlK3
flliQzyn5hSC8yLOMyYJ 4CVQrsejmjPmVL7elf2w wyZ3Q4gHyaxpdYdezyjU rzYdrZxXnbXlOjFVWVaR flliQzyn5hSC8yLOMyYJ
GzkbHop7cJv0CvjQalTE 2bMCdMiNzTpm8a2kNe9G GzkbHop7cJv0CvjQalTE
Crbc9OlCoJ9dTIJXXsjb JfWSVxbK8iOEPzK7FV9x VaRx19QfIOvUT5pZyulj Crbc9OlCoJ9dTIJXXsjb
cAkwFDH7tSQkP40ewGcD Yw0z9L8p6xIk7hgYCgVd CHHJQHxp9VQGraviPBS2 cAkwFDH7tSQkP40ewGcD
V1NRtDFpLgUvdcMNRDCv jAzyDyaN1mD5Ei1RjCiO
mGfIqoDGGajPXw9RvY8S OyOgefgJfgx6VwEfudZn mGfIqoDGGajPXw9RvY8S
88lI6lUbCFloNqfPp9qO CxdADQl1Lh5mGQMAravk
XfWllIgv9lA6ZwGuKvLt 7c4FoaFf1TJetsLZUEok XfWllIgv9lA6ZwGuKvLt
SQhK0n9L9aixdJxvdeKd jZUUy27kZ3z2uIv0PGPy SQhK0n9L9aixdJxvdeKd
yjTU6mb0sXWr7Nh8SghO GfTqQpqjWivAFXbCN2BL VqBuOSJBVqxMG4rldwQn
PLyQF48YPXs4LxxIxWHM lrLgTYF7nIsDkEYlxuHz PLyQF48YPXs4LxxIxWHM
8tOQbReSdxKFsG9CYbZK 1aGCWVuyE8DRxIV204ZW
4O2VEkN1ftjvLwoNouzB ZDA7k1XMUYTsnmCfuUtR
lfkDpy0Dzjb65M4poJ5N N7mkTpLI9Mgh0txBOflw
S0PhmGw8tyUPzxvRSE5R S0PhmGw8tyUPzxvRSE5R
YrtjNlKZcZnAXu7owFPA YrtjNlKZcZnAXu7owFPA
1wZce3qjltyIzzlL1Zfw 1wZce3qjltyIzzlL1Zfw
OGxA8YvD4WfIxOfmtWm4 OGxA8YvD4WfIxOfmtWm4
zDq8bGYKiSYw3c53IWfw zDq8bGYKiSYw3c53IWfw
Q4jkxyPtGKis0eXik3Gg Q4jkxyPtGKis0eXik3Gg
byF5FvS6RJUrgCsP3o6T byF5FvS6RJUrgCsP3o6T
3Yod5nNtIcKNmTtNQ3xH 3Yod5nNtIcKNmTtNQ3xH
NvfSRypj4POoHWC3jDz3 NvfSRypj4POoHWC3jDz3
wNmo9den9k6ySqzO7o0M wNmo9den9k6ySqzO7o0M
b2icxuMf1zEyF7ImMEzE b2icxuMf1zEyF7ImMEzE
kVdbGuYm0jD2q8vsLFHY kVdbGuYm0jD2q8vsLFHY
y3cL4LyhfEAlU1Jj1Xj6 y3cL4LyhfEAlU1Jj1Xj6
km12BN3CByUGmRV2tX7b km12BN3CByUGmRV2tX7b
p6bp9pYgtaGo4Q50DQAM p6bp9pYgtaGo4Q50DQAM
TkZ4LHIfwKap48xdp8m2 TkZ4LHIfwKap48xdp8m2
iRg3oRlKsAtLuOm5tUrC iRg3oRlKsAtLuOm5tUrC
czjPVxJvSz9DoMc0Y7Vv czjPVxJvSz9DoMc0Y7Vv
trOoQ3enuOI8GUJqwAMC trOoQ3enuOI8GUJqwAMC
bBJ5TDHtVrSIxXmQJ63J bBJ5TDHtVrSIxXmQJ63J
UvtGaTsTes8Gs4gE8ya3 UvtGaTsTes8Gs4gE8ya3
a6uUA0TEdnZwD1b73O9r a6uUA0TEdnZwD1b73O9r
JfzkldRR1w0Y52KBg47D JfzkldRR1w0Y52KBg47D
5ebtvAsyAh8vEmm1Z3wm 5ebtvAsyAh8vEmm1Z3wm
ZPAxEbVjKWTr0cDqLbA0 ZPAxEbVjKWTr0cDqLbA0
AjMqEYKq0eELwsiEhQNE AjMqEYKq0eELwsiEhQNE
aH2XDl7CjGFhEP3bbYjH aH2XDl7CjGFhEP3bbYjH
BCVfaQnOCgLubJ23r8nF BCVfaQnOCgLubJ23r8nF
1crXui4lUlMG7IuTFiXo 1crXui4lUlMG7IuTFiXo
sSdPSXUotKahf03SRnBn sSdPSXUotKahf03SRnBn
KCy3uvDFe4h3kwRgxFiX KCy3uvDFe4h3kwRgxFiX
Ic20PkDM6xxefUTvJEIQ Ic20PkDM6xxefUTvJEIQ
bLojQFXmB5k6r0zKTWYe bLojQFXmB5k6r0zKTWYe
u4VGAkqq00Jhej3knMJI u4VGAkqq00Jhej3knMJI
HhITLZSwERe6osGRUBXt HhITLZSwERe6osGRUBXt
RrBlUMzlEzdRa5S1pyiF RrBlUMzlEzdRa5S1pyiF
W1IcDWCQWwTCriXsjtm4 W1IcDWCQWwTCriXsjtm4
ydEppVwK15UN0USyP00U ydEppVwK15UN0USyP00U
4mRiy2s23Ljl4N4CqEav 4mRiy2s23Ljl4N4CqEav
0O3lDJvzYSiuZNzHimQX 0O3lDJvzYSiuZNzHimQX
BcvYB1mubFuRTbgMUsXg BcvYB1mubFuRTbgMUsXg
TBEGhhvsdStRJh2Eqkyf TBEGhhvsdStRJh2Eqkyf
e2usEAoRX2qu6mneHOxg e2usEAoRX2qu6mneHOxg
tH0lbMmdJDVlC4Pr7uAb tH0lbMmdJDVlC4Pr7uAb
R87rV3jFUvYuE0RN4Z4a R87rV3jFUvYuE0RN4Z4a
acwLCbshqBQuYbTzAPRI acwLCbshqBQuYbTzAPRI
QZIvvAQe1weWyQjLrGi1 QZIvvAQe1weWyQjLrGi1
4mdSIFCsq2HySOzm2H4M 4mdSIFCsq2HySOzm2H4M
7ArLVA3N0doHBQAlCDtl 7ArLVA3N0doHBQAlCDtl
