L0 L9 L90 L59 L90 L94 L11 L70 L5 L4 L4 L5 L74 L18 L14 L16 L43 L66 L16 L14 L18 L34 L78 L73 L68 L12 L13 L12 L37 L17 L37 L12 L3 L67 L67 L1 L57 L1 L6 L38 L6 L40 L64 L92 L45 L44 L35 L56 L39 L98 L98 L39 L85 L49 L85 L6 L99 L52 L99 L6 L21 L58 L58 L21 L78 L28 L27 L81 L82 L20 L96 L54 L53 L91 L53 L54 L47 L77 L76 L65 L47 L95 L26 L95 L20 L82 L81 L30 L81 L27 L36 L55 L36 L27 L28 L78 L34 L18 L89 L89 L0
36
L94 L32 L29
L70 L31 L23
L9 L10
L43 L42 L43
L68 L83 L68
L80 L19 L80
L64 L62
L92 L93 L92
L45 L2 L75 L46 L45
L40 L69
L73 L50 L73
L77 L7 L77
L96 L8
L55 L33 L86
L87 L84
L74 L72 L51 L74
L0 L97
L6 L6
L60 L60
L39 L39
L79 L79
L15 L15
L14 L14
L48 L48
L24 L24
L20 L20
L22 L22
L1 L1
L54 L54
L41 L41
L12 L12
L85 L85
L21 L21
L81 L81
L88 L88
L28 L28
