L0 L53 L129 L46 L45 L174 L128 L57 L182 L54 L35 L104 L14 L48 L156 L19 L172 L172 L21 L162 L166 L68 L68 L166 L126 L36 L37 L43 L66 L43 L168 L168 L126 L160 L122 L91 L97 L18 L145 L145 L18 L51 L138 L39 L39 L153 L79 L79 L153 L39 L138 L51 L91 L160 L126 L88 L94 L139 L86 L86 L139 L94 L88 L109 L187 L187 L109 L19 L22 L10 L10 L22 L184 L143 L143 L184 L104 L35 L54 L182 L182 L57 L128 L174 L92 L89 L89 L92 L46 L129 L53 L84 L150 L8 L99 L96 L24 L96 L99 L8 L135 L28 L31 L4 L3 L30 L3 L4 L31 L28 L140 L140 L127 L105 L27 L63 L63 L63 L27 L93 L102 L118 L55 L193 L144 L65 L158 L158 L65 L144 L193 L55 L163 L161 L132 L132 L161 L163 L93 L53 L0
65
L0 L73 L116 L33
L75 L107 L197 L75
L162 L110 L113
L36 L175 L12 L142 L23
L66 L61 L188
L37 L81
L122 L77 L123 L121 L20
L97 L125 L194 L38 L176 L97
L21 L112
L156 L165 L130 L196
L48 L1 L48
L14 L149 L14 L13
L45 L41 L49 L7 L59 L106 L64
L84 L147 L84
L26 L2 L95 L164 L26
L24 L82 L177 L24
L30 L152 L119 L30
L135 L80 L135
L105 L146 L60 L157 L62
L102 L141 L178 L102
L118 L47 L58 L118
L127 L50 L98 L69 L127 L192
L150 L52 L199
L39 L39
L57 L57
L18 L18
L29 L29
L192 L192
L144 L144
L94 L94
L163 L163
L54 L54
L142 L142
L23 L23
L199 L199
L8 L8
L13 L13
L153 L153
L160 L160
L64 L64
L96 L96
L3 L3
L53 L53
L68 L68
L196 L196
L55 L55
L10 L10 L2
L74 L74
L109 L109 L74
L143 L143
L65 L65
L132 L132
L27 L27
L145 L145
L104 L104
L46 L46 L197
L138 L138
L20 L20
L168 L168 L95
L31 L31
L139 L139
L172 L107
L89 L164
L91 L29 L26
L19 L75
