point0 point49 point50 point48 point39 point38 point36 point34 point2 point34 point36 point40 point64 point65 point62 point63 point70 point68 point66 point69 point66 point68 point63 point62 point65 point71 point74 point71 point65 point64 point40 point36 point38 point39 point35 point9 point4 point11 point19 point18 point19 point7 point13 point16 point13 point15 point14 point20 point25 point28 point33 point28 point24 point32 point29 point31 point53 point57 point55 point59 point61 point87 point90 point89 point80 point86 point85 point84 point91 point92 point88 point92 point91 point84 point85 point86 point80 point89 point87 point59 point59 point55 point57 point53 point31 point29 point30 point54 point54 point30 point20 point14 point21 point17 point21 point14 point23 point14 point15 point19 point8 point1 point8 point35 point39 point50 point46 point51 point41 point51 point73 point81 point78 point79 point77 point82 point83 point82 point73 point51 point46 point52 point46 point50 point43 point37 point43 point50 point49 point0
30
point48 point45 point47 point48
point70 point72 point70
point7 point6 point7
point61 point60 point61
point90 point93
point24 point58 point24
point25 point56 point25
point4 point22 point4
point9 point12 point5 point9
point81 point75
point77 point76 point77
point8 point8
point14 point14
point19 point19
point26 point26
point27 point27
point28 point28
point35 point35
point42 point42
point44 point44
point50 point50
point53 point53
point55 point55
point64 point64
point65 point65
point68 point68
point71 point71
point84 point84
point85 point85
point92 point92
