point0 point52 point49 point12 point10 point53 point53 point2 point9 point5 point15 point20 point18 point29 point35 point30 point25 point33 point37 point41 point38 point40 point39 point40 point38 point41 point37 point25 point30 point35 point29 point20 point5 point9 point2 point52 point70 point68 point66 point64 point65 point73 point75 point76 point83 point77 point90 point93 point92 point95 point87 point96 point96 point95 point92 point77 point83 point120 point132 point141 point133 point137 point139 point137 point133 point179 point189 point168 point172 point171 point162 point145 point172 point168 point185 point168 point179 point120 point83 point76 point78 point84 point119 point125 point126 point126 point122 point128 point118 point156 point117 point113 point112 point107 point103 point97 point101 point105 point105 point101 point97 point103 point112 point117 point156 point118 point128 point122 point119 point84 point78 point76 point76 point75 point73 point65 point64 point66 point70 point0
58
point0 point69 point51 point55
point49 point56 point49
point10 point11 point54 point10
point12 point1
point15 point13 point6 point15
point18 point3 point17 point16 point18 point21
point33 point27 point33 point31 point34
point39 point42 point43 point39
point68 point109 point79 point72 point67
point90 point94
point87 point91 point85 point87 point89
point93 point86
point139 point131 point134 point139 point135
point141 point180
point189 point183
point171 point177 point155
point162 point158 point162 point160 point163
point144 point151 point144
point145 point153 point157 point152 point151 point144 point148 point149
point185 point187 point184 point185
point132 point138 point132
point125 point124
point113 point115 point100 point113 point111
point107 point108 point102
point5 point5
point21 point21
point29 point29
point30 point30
point31 point31
point34 point34
point38 point38
point40 point40
point41 point41
point52 point52
point67 point67
point73 point73
point75 point75
point76 point76
point78 point78
point83 point83
point89 point89
point102 point102
point103 point103
point110 point110
point111 point111
point112 point112 point110
point119 point119
point120 point120
point122 point122
point123 point123
point126 point126 point123
point135 point135
point148 point148
point149 point149
point160 point160
point163 point163
point172 point172
point179 point179
