80 56 50 45 5 34 87 85 60 15 65 33 59 11 59 17 66 52 26 61 57 61 26 52 66 17 82 69 71 1 35 86 21 86 38 36 76 63 29 16 39 68 44 68 62 68 39 16 29 55 29 23 24 54 54 58 58 23 29 63 74 43 47 51 28 70 73 79 19 67 88 42 2 42 88 67 79 83 18 14 64 14 18 46 22 75 4 30 72 30 81 30 4 13 3 31 77 89 10 89 77 31 3 78 3 13 22 46 18 83 70 28 32 43 74 63 76 36 38 86 35 1 71 69 17 59 33 65 15 60 85 7 85 87 34 5 8 56 80
38
50 25
82 9
24 53 84
73 20 73
19 27
75 37 75
51 49 41
47 12 47
40 40
71 71
1 1
15 15
52 52
3 3
31 31
85 85
56 56
4 4
14 14
42 42
54 54
89 89
46 46
76 76
34 34
79 79
87 87
5 5
23 23
68 68
48 48
6 6
77 77
86 86
59 59
33 33
36 36
60 60
