55 57 182 101 37 101 182 57 173 177 162 130 161 20 89 149 100 171 125 188 132 24 141 81 128 81 141 24 132 188 125 80 102 88 66 43 140 58 23 10 70 10 163 184 153 157 87 107 69 107 87 157 22 184 163 10 95 10 140 5 140 43 66 174 26 147 112 147 26 174 66 88 93 154 93 88 102 125 75 180 85 56 90 60 90 146 191 144 144 42 62 179 122 123 129 122 179 62 50 6 113 15 15 15 113 6 50 97 109 165 109 175 79 65 94 65 79 175 3 18 187 99 74 169 73 74 99 142 99 187 175 109 155 54 127 53 178 28 98 114 1 114 178 53 8 44 9 72 9 44 67 76 52 64 116 134 32 150 150 32 134 116 64 103 167 156 31 30 164 126 34 2 170 27 124 105 183 105 27 170 2 34 126 164 30 31 156 167 103 76 67 44 8 53 127 54 155 109 97 144 191 146 90 56 139 56 85 180 75 125 171 100 149 89 89 131 39 121 168 7 138 110 7 168 121 39 131 89 20 161 161 162 45 84 84 45 16 4 92 108 92 4 16 173 57 35 57 55 91 48 63 106 51 120 158 29 38 29 47 29 158 120 51 106 63 48 115 21 115 48 33 82 83 190 83 137 68 137 111 176 189 117 176 111 145 46 25 19 25 46 145 111 137 83 82 33 186 96 59 104 119 119 104 96 186 33 48 91 55
82
130 151 11
80 86 80
58 166 58
23 133
153 78 153
123 181 61
42 135 13 42
3 148
169 77
18 41
28 172
52 49
124 160
138 185 36 17 118
177 12 177
189 71 189
59 152 159 59
40 40
140 140
33 33
97 97
146 146
149 149
170 170
63 63
119 119
184 184
81 81
32 32
91 91
26 26
27 27
188 188
101 101
62 62
45 45
76 76
111 111
88 88
90 90
162 162
182 182
107 107
186 186
74 74
67 67
15 15
29 29
83 83
53 53
171 171
134 134
54 54
175 175
43 43
116 116
106 106
105 105
179 179
158 158
163 163
66 66
131 131
56 56
115 115
57 57
137 137
8 8
109 109
126 126
150 150
16 16
122 122
85 85
113 113
20 20
173 173
9 9
30 30
48 48
168 168
114 114
