x61 x79 x85 x99 x43 x81 x76 x83 x76 x18 x71 x71 x11 x70 x76 x81 x43 x99 x67 x22 x79 x3 x20 x1 x74 x36 x72 x36 x74 x63 x63 x6 x55 x73 x94 x48 x17 x60 x50 x89 x15 x35 x15 x89 x38 x89 x27 x89 x50 x86 x84 x12 x45 x12 x41 x82 x12 x64 x50 x21 x75 x21 x95 x7 x32 x78 x32 x7 x21 x50 x60 x68 x19 x51 x19 x68 x92 x10 x73 x2 x25 x2 x73 x33 x73 x55 x29 x55 x49 x59 x59 x49 x79 x90 x87 x9 x62 x90 x4 x69 x23 x23 x69 x77 x47 x77 x24 x56 x90 x14 x5 x5 x61
36
x18 x8 x18
x85 x58 x93
x1 x30 x1
x20 x54
x48 x66 x52
x84 x88
x41 x97
x86 x98
x95 x37 x28 x40 x95
x94 x96 x94
x3 x13 x26 x3
x9 x39
x87 x80 x53 x87
x4 x34
x61 x42 x46
x89 x89
x23 x23
x2 x2
x43 x43
x7 x7
x31 x31
x12 x12
x99 x99
x49 x49
x81 x81
x79 x79
x59 x59
x32 x32
x68 x68
x90 x90
x91 x91
x5 x5
x21 x21
x0 x0
x55 x55
x71 x71
