x182 x11 x58 x127 x187 x160 x96 x22 x96 x187 x86 x3 x129 x184 x110 x175 x135 x135 x141 x90 x50 x93 x74 x121 x63 x33 x63 x38 x165 x158 x143 x81 x143 x158 x76 x21 x164 x35 x164 x5 x172 x193 x172 x5 x180 x76 x158 x165 x109 x116 x89 x177 x155 x13 x152 x13 x155 x167 x102 x171 x60 x47 x60 x171 x192 x85 x192 x171 x102 x167 x155 x198 x62 x198 x155 x112 x145 x137 x64 x120 x24 x48 x4 x195 x59 x195 x4 x48 x181 x108 x181 x137 x68 x188 x29 x157 x77 x71 x20 x20 x20 x71 x14 x94 x51 x94 x14 x68 x137 x140 x137 x145 x154 x145 x34 x16 x34 x145 x144 x84 x57 x84 x144 x197 x144 x179 x130 x179 x144 x162 x142 x89 x131 x122 x40 x122 x131 x89 x116 x106 x106 x74 x97 x74 x93 x147 x72 x170 x132 x124 x150 x147 x169 x75 x100 x147 x39 x147 x93 x93 x134 x126 x111 x92 x92 x92 x128 x91 x123 x91 x128 x178 x41 x31 x191 x12 x80 x52 x149 x54 x80 x90 x36 x173 x36 x135 x175 x110 x78 x174 x37 x129 x3 x86 x187 x49 x148 x190 x148 x49 x79 x105 x44 x105 x45 x67 x98 x65 x98 x58 x11 x182
66
x160 x8
x141 x26 x138 x141
x21 x17 x21
x38 x113
x109 x163 x109
x112 x118 x42
x120 x194 x156
x59 x183 x82 x186 x59
x64 x88 x64
x77 x7 x166 x77
x29 x46
x188 x61
x177 x25 x177
x121 x15
x170 x104
x72 x125 x72
x169 x55
x100 x159 x99 x153 x100
x50 x2 x19 x10 x50
x134 x95 x136
x196 x83 x53 x69
x191 x133
x52 x139 x161
x149 x185
x31 x6 x31
x178 x66
x174 x87
x184 x107 x30 x184
x190 x18 x114
x127 x56 x127
x79 x27 x79
x45 x151 x23 x189 x45
x74 x74
x86 x86
x20 x20
x147 x147
x192 x192
x14 x14
x128 x128
x3 x3
x43 x43
x48 x48
x137 x137
x143 x143
x172 x172
x80 x80
x146 x146
x179 x179
x94 x94
x71 x71
x84 x84
x155 x155
x119 x119
x76 x76
x32 x32
x49 x49
x58 x58
x198 x198
x92 x92
x116 x116
x11 x11
x106 x106
x4 x4
x164 x164
x98 x98
x102 x102
