129 15 41 157 41 15 129 99 145 180 86 188 179 92 13 118 45 13 161 185 158 84 7 19 43 72 21 43 19 7 158 65 123 103 98 48 97 101 97 48 34 51 197 51 24 94 27 24 51 62 71 77 77 51 48 98 123 65 161 188 86 180 181 99 31 88 31 99 129
44
157 193 37 55 157
2 25
92 16
118 100 166 118
45 22 160
179 76
21 67 190 151
72 112
84 115
170 136
101 58 52
197 148 28 82
27 40 172
94 139 94
62 49
71 91 163
34 178 34
103 121 175 103
185 70
181 61 169 181
145 187 145
88 130 127 88
1 1
4 4
7 7
10 10
13 13
19 19
31 31
43 43
46 46
64 64
73 73
79 79
85 85
97 97
106 106
109 109
124 124
133 133
142 142
154 154
184 184
196 196
