FacultyClub Etcheverry HearstGym HearstGym Etcheverry LawrenceofScience PacificFilmArchive OBrien OBrien PacificFilmArchive LawrenceofScience DonnerLaboratory OptometryLibrary CareerCenter StowPlaza MelvinLaboratory SproulPlaza MartinezCommons Durham Wheeler InternationalHouse Manville Hilgard Jacobs Jacobs Hilgard InternationalHouse Wheeler Durham MartinezCommons SproulPlaza MelvinLaboratory StowPlaza CareerCenter OptometryLibrary Birge BancroftDance Warren Mulford Morrison BrainImagingCenter CITRIS CITRIS BrainImagingCenter Morrison Mulford Warren Spieker Stephens Sproul MediaCenter EarthquakeLibrary ArtHistoryLibrary UniversityHouse UniversityHouse UniversityHouse ArtHistoryLibrary EarthquakeLibrary MediaCenter Sproul Stephens Spieker Birge
20
FacultyClub BioscienceLibrary Library
Manville Cheit Manville
DonnerLaboratory Pimentel
BancroftDance SutardjaDai FPF StudentUnion
Etcheverry Etcheverry
SproulPlaza SproulPlaza
Hilgard Hilgard
EarthquakeLibrary EarthquakeLibrary
UniversityHouse UniversityHouse
LawrenceofScience LawrenceofScience
Mulford Mulford
CareerCenter CareerCenter
HearstGym HearstGym
Durham Durham
OBrien OBrien
Spieker Spieker
PacificFilmArchive PacificFilmArchive
BrainImagingCenter BrainImagingCenter
Morrison Morrison
Wheeler Wheeler
