FacultyClub IRLE Cheit Cheit IRLE Durham HealthServices VLSB BerkeleyLawLibrary MartinezCommons PhysicsLibrary NorthGate UniversityHouse SproulPlaza FoundersRock CesarChavez OBrien Koshland MelvinLaboratory Campbell FPF Birge Wellman Bowles Stanley BioscienceLibrary BioscienceLibrary AlumniHouse MediaCenter IdaHouse ArtHistoryLibrary Durant BancroftDance Evans Mulford McCone McCone EnergyBuilding Davis HearstGym Unit3 BerkeleyWayWest Jacobs Jacobs BerkeleyWayWest HearstGym Davis Bechtel Bechtel McCone Mulford NewspapersLibrary NewspapersLibrary Durant ArtHistoryLibrary IdaHouse MediaCenter VisualCenter Etcheverry SocialLibrary Hildebrand DonnerLaboratory DonnerLaboratory Hildebrand SocialLibrary Etcheverry VisualCenter Bowles Wellman Birge FPF Underhill UpperHearstParking Stephens Stephens HearstFountain EthnicLibrary HearstFieldAnnex Sproul Sproul HearstFieldAnnex EthnicLibrary Underhill FPF Campbell MelvinLaboratory Koshland OBrien StudentUnion StudentUnion FoundersRock SproulPlaza UniversityHouse OptometryLibrary OptometryLibrary PhysicsLibrary BerkeleyLawLibrary VLSB BanwayBuilding TAAP Warren Warren TAAP BanwayBuilding Durham
40
FacultyClub Wheeler EarthquakeLibrary
MartinezCommons Investigative MartinezCommons
Stanley Hilgard
Unit3 Spieker Manville Pimentel Unit3
EnergyBuilding BrainImagingCenter EnergyBuilding
Evans InternationalHouse
BancroftDance LawrenceofScience BancroftDance
MLK SpringerGateway
AlumniHouse CITRIS
UpperHearstParking AndersenAuditorium
HearstFountain CareerCenter StowPlaza AnthropologyLibrary
CesarChavez SutardjaDai
NorthGate Library
HealthServices PacificFilmArchive
BioscienceLibrary BioscienceLibrary
Etcheverry Etcheverry
SproulPlaza SproulPlaza
StudentUnion StudentUnion
UniversityHouse UniversityHouse
Mulford Mulford
HearstGym HearstGym
Durham Durham
OBrien OBrien
FPF FPF
Morrison Morrison
Cheit Cheit
Koshland Koshland
Jacobs Jacobs
EarthLibrary EarthLibrary
MediaCenter MediaCenter
MelvinLaboratory MelvinLaboratory
Stephens Stephens
OptometryLibrary OptometryLibrary
IRLE IRLE
DonnerLaboratory DonnerLaboratory
ArtHistoryLibrary ArtHistoryLibrary
Sproul Sproul
Birge Birge
NewspapersLibrary NewspapersLibrary
Warren Warren
