FacultyClub EarthquakeLibrary RSSBuilding RSSBuilding EarthquakeLibrary MLK Moses Minor EnvDesignLibrary BrainImagingCenter WooHonFai Bechtel Bowles AquaticCenter MSRI SatherGate Koshland MathLibrary EllsworthParking ClarkKerrCampus Kroeber OldArtGallery CITRIS BerkeleyLawLibrary HearstMining Zellerbach BanwayBuilding BanwayBuilding Zellerbach HearstMining BerkeleyLawLibrary CITRIS OldArtGallery ClarkKerrCampus Hildebrand Mulford PhilosophyLibrary Cleary BancroftDance BancroftDance Cleary PhilosophyLibrary Mulford Hildebrand MathLibrary Koshland SatherGate MSRI LawSchool Boalt ArtHistoryLibrary Durham WomensFacultyClub HaasClubhouse Unit3 BerkeleyWayWest NatrLaboratory DataLab CounselingLibrary Birge Classof54Gate Stephens Stephens Classof54Gate Birge LeConte Campbell IRLE IRLE Campbell LeConte DataLab NatrLaboratory GraduateServices EngineeringLibrary FoundersRock SEAsianLibrary InsectaryGreenhouse BioscienceLibrary Jacobs Stanley HearstFountain GoldmanSchool GoldmanSchool HearstFountain Stanley Jacobs Jacobs BioscienceLibrary InsectaryGreenhouse SEAsianLibrary Haas Warren UniversityHouse UniversityHouse Warren FSM Blum JuliaMorgan Wellman Simon EnergyBuilding EnergyBuilding Simon LiKaShingCenter Wheeler CareerCenter VLSBAddition SpaceLab SpaceLab VLSBAddition CareerCenter Wheeler LiKaShingCenter JuliaMorgan Blum EngineeringLibrary GraduateServices NatrLaboratory Unit3 HaasClubhouse WomensFacultyClub Durham EastGate EastGate Boalt McCone VisitorCenter HearstFieldAnnex NewspapersLibrary AnthropologyLibrary StudentUnion LawrenceofScience SproulPlaza KoretVisitorCenter Underhill LowerHearstParking EarthLibrary NorthGate BusinessLibrary HearstGym HearstGym BusinessLibrary NorthGate TAAP Giannini Giannini TAAP LowerHearstParking University LudwigsFountain MusicLibrary ChildStudyCenter Parking EthnicLibrary Architects Architects Hertz Foothill UCBExtension HearstGreekTheatre Unit1 Hilgard DonnerLaboratory Cory MediaCenter MediaCenter Cory DonnerLaboratory Hilgard Unit1 HearstGreekTheatre StowPlaza BancroftParking Barker PacificFilmArchive PacificFilmArchive MartinezCommons MemorialPool Demography VisualCenter Tan SummerSession MaxwellField Wurster PublicAffairs FoxCottage TennisCenter Davis Davis TennisCenter FoxCottage PublicAffairs MaxwellField SummerSession VisualCenter Demography MemorialPool MartinezCommons PacificFilmArchive Barker BancroftParking StowPlaza Foothill Hertz Parking ChildStudyCenter MusicLibrary ChanningBowditch ChanningBowditch ChanningBowditch University LowerHearstParking JacksonHouse JacksonHouse KoretVisitorCenter SproulPlaza LawrenceofScience StudentUnion AnthropologyLibrary NewspapersLibrary HearstFieldAnnex VisitorCenter McCone Boalt LawSchool MSRI AquaticCenter Bowles Bechtel WooHonFai SocialLibrary Barrows Gilman Morgan LBNL LBNL EastAsianLibrary EastAsianLibrary EastAsianLibrary LBNL Morgan Gilman Barrows SocialLibrary EnvDesignLibrary Minor Moses BancroftLibrary Library Library BancroftLibrary BancroftLibrary
78
FacultyClub Morrison
MLK SutardjaDai FPF MLK
Kroeber Spieker Sproul
EllsworthParking Giauque
BerkeleyWayWest LatinAmerican BerkeleyWayWest
CounselingLibrary OBrien SpringerGateway
FoundersRock OptometryLibrary VLSB FoundersRock
Haas CesarChavez
FSM Durant
Wellman IdaHouse Soda Wellman
ArtHistoryLibrary AlumniHouse ArtHistoryLibrary
EarthLibrary Pimentel Manville EarthLibrary
LudwigsFountain Investigative MelvinLaboratory
EthnicLibrary Senior EthnicLibrary
UCBExtension UpperHearstParking
Tan Cheit AndersenAuditorium
Wurster SimpsonCenter Latimer InternationalHouse
Underhill Etcheverry Underhill
BrainImagingCenter HealthServices Evans PhysicsLibrary BrainImagingCenter
BioscienceLibrary BioscienceLibrary
SproulPlaza SproulPlaza
Hilgard Hilgard
StudentUnion StudentUnion
EarthquakeLibrary EarthquakeLibrary
UniversityHouse UniversityHouse
LawrenceofScience LawrenceofScience
Mulford Mulford
CareerCenter CareerCenter
HearstGym HearstGym
Durham Durham
Library Library
PacificFilmArchive PacificFilmArchive
Wheeler Wheeler
Koshland Koshland
Jacobs Jacobs
EnergyBuilding EnergyBuilding
MediaCenter MediaCenter
StowPlaza StowPlaza
MartinezCommons MartinezCommons
BancroftDance BancroftDance
Unit3 Unit3
AnthropologyLibrary AnthropologyLibrary
Stephens Stephens
IRLE IRLE
DonnerLaboratory DonnerLaboratory
Birge Birge
CITRIS CITRIS
NewspapersLibrary NewspapersLibrary
Warren Warren
MSRI MSRI
WooHonFai WooHonFai
TAAP TAAP
MathLibrary MathLibrary
AquaticCenter AquaticCenter
BancroftLibrary BancroftLibrary
HearstFieldAnnex HearstFieldAnnex
HearstFountain HearstFountain
BerkeleyLawLibrary BerkeleyLawLibrary
Campbell Campbell
Davis Davis
NorthGate NorthGate
Bowles Bowles
Stanley Stanley
SocialLibrary SocialLibrary
EastAsianLibrary EastAsianLibrary
FoxCottage FoxCottage
Hildebrand Hildebrand
MaxwellField MaxwellField
SEAsianLibrary SEAsianLibrary
Bechtel Bechtel
BanwayBuilding BanwayBuilding
EngineeringLibrary EngineeringLibrary
McCone McCone
VisualCenter VisualCenter
LawSchool LawSchool
LeConte LeConte
HearstGreekTheatre HearstGreekTheatre
Boalt Boalt
