0 20 9 56 19 61 38 85 85 38 61 82 82 82 127 102 102 152 98 78 78 167 162 162 167 78 98 152 56 9 60 148 27 32 42 42 181 157 122 145 145 122 2 3 4 22 10 8 33 170 111 170 36 36 171 171 10 22 197 197 13 133 26 198 199 199 198 26 133 13 2 181 50 50 148 31 117 117 158 86 44 44 44 158 9 52 5 24 24 5 128 128 74 35 118 147 62 14 21 21 14 62 147 7 7 7 45 125 103 103 73 71 67 67 67 71 73 45 49 108 40 77 79 79 77 40 108 63 17 12 183 174 174 183 12 55 15 41 41 177 195 119 143 143 119 195 177 55 63 106 96 96 106 193 190 185 187 114 66 66 187 190 193 74 128 9 20
62
19 92 75 191 124 19
127 65 69 64
52 120 113 52
118 172 154 25
35 153 90 141 35
49 93 91 48 175 49
15 83 132 15
17 136 17
185 87
114 140 58 114
125 18 149 139
60 88 155 60
27 188
32 105 76 32
157 51
4 123
8 180 8
111 47 94 173
33 168 33
3 131 97 3
31 134 99
86 80 135
0 169
13 13
26 26
38 38
42 42
44 44
46 46
55 55
56 56
67 67
71 71
73 73
74 74
77 77
82 82
85 85
96 96
102 102
103 103
106 106
112 112
117 117
119 119
133 133
143 143
145 145
148 148
158 158
161 161
162 162
167 167
170 170
171 171
174 174
177 177
178 178
181 181
195 195
197 197
199 199
