1 15 123 55 95 151 175 175 122 134 31 159 14 14 159 69 30 141 12 12 141 30 90 111 90 134 26 130 75 65 75 130 100 194 23 104 104 23 194 100 97 24 24 97 109 132 150 150 132 109 84 84 134 122 2 61 147 85 33 88 149 165 165 140 168 32 87 107 128 112 67 101 179 39 71 71 39 179 101 128 107 87 32 168 140 85 147 2 164 2
63
95 64 95
151 81 21
55 6 8 55
123 4
31 63 43 45 31
69 51 19 79 69
161 57
66 5 66
111 60 10 91
65 49 54 65
26 89 26
114 47
18 96 73 18
92 37 92
62 36 62
172 28
15 98 46 15
149 40 3 99 74
88 34 88
167 9
67 83 72 16 67
112 70 20
33 29 33
61 38 56 93 61
164 86 11 17
94 82 94
1 7
2 2
12 12
13 13
14 14
22 22
23 23
24 24
25 25
27 27
30 30
32 32
35 35
39 39
41 41
42 42
44 44
48 48
50 50
52 52
53 53
58 58
59 59
68 68
71 71
75 75
76 76
77 77
78 78
80 80
84 84
85 85
87 87
90 90
97 97
100 100
101 101
