159 149 14 56 93 84 118 195 152 173 152 172 119 152 195 118 84 159 22 95 57 64 130 107 189 193 53 137 127 142 129 101 1 94 108 94 1 25 138 69 171 10 171 138 81 6 6 138 53 117 48 182 47 148 148 47 182 48 117 59 130 95 22 159
59
149 190 165 4 21
56 31 96
93 98 26 2 93
173 145 169 133
172 126 172
119 191 86
14 97 14
177 128 34
64 174 64
189 3 116 178 51
92 99 185 35
127 146 122 61
142 37 192
129 87 167
137 85 137
108 60 88 38
25 7
10 17 200 10
69 155
81 11 43 52 28
101 132 101
193 82 123 24 193
59 181 199 139 40 59
147 71
107 120 107
63 106 63
57 121
157 157
100 100
36 36
134 134
15 15
32 32
76 76
77 77
72 72
47 47
46 46
65 65
45 45
138 138
158 158
79 79
53 53
41 41
180 180
114 114
74 74
13 13
111 111
48 48
140 140
156 156
148 148
154 154
102 102
109 109
22 22
6 6
