Home46 Home49 Home9 Home28 Home26 Home3 Home30 Home40 Home64 Home24 Home86 Home35 Home13 Home17 Home82 Home17 Home13 Home39 Home64 Home40 Home3 Home26 Home28 Home46
18
Home30 Home71 Home11 Home69 Home5 Home30
Home24 Home27 Home62
Home35 Home68 Home57
Home88 Home12
Home82 Home33 Home48 Home82
Home39 Home42 Home41 Home39
Home86 Home60
Home9 Home80 Home9
Home49 Home66 Home49
Home85 Home85
Home45 Home45
Home31 Home31
Home40 Home40
Home55 Home55
Home28 Home28
Home83 Home83
Home63 Home63
Home13 Home13
