Home141 Home149 Home88 Home11 Home10 Home150 Home36 Home179 Home162 Home39 Home39 Home170 Home165 Home79 Home110 Home40 Home83 Home27 Home27 Home83 Home40 Home110 Home79 Home165 Home67 Home42 Home32 Home32 Home42 Home42 Home67 Home157 Home92 Home92 Home157 Home179 Home28 Home104 Home21 Home96 Home154 Home128 Home128 Home154 Home104 Home123 Home164 Home53 Home174 Home86 Home5 Home78 Home78 Home122 Home143 Home82 Home26 Home2 Home159 Home60 Home89 Home89 Home60 Home159 Home143 Home122 Home78 Home86 Home12 Home53 Home53 Home53 Home53 Home53 Home53 Home53 Home53 Home53 Home53 Home53 Home53 Home53 Home53 Home53 Home53 Home53 Home53 Home53 Home53 Home53 Home53 Home53 Home53 Home53 Home53 Home53 Home53 Home53 Home164 Home123 Home104 Home88 Home149
54
Home141 Home15 Home126
Home11 Home47 Home136 Home11
Home10 Home1
Home36 Home103 Home36
Home162 Home13
Home101 Home4 Home135 Home45
Home170 Home111 Home170
Home100 Home7 Home125 Home43 Home100
Home150 Home105
Home28 Home64 Home106 Home114 Home161 Home35
Home29 Home156
Home96 Home48 Home37 Home147 Home44 Home96
Home21 Home69
Home174 Home173 Home176 Home167
Home5 Home124 Home63 Home5
Home82 Home144 Home177 Home171 Home82
Home26 Home81 Home26
Home2 Home97 Home132 Home152 Home127 Home112 Home55 Home3
Home12 Home25 Home50
Home140 Home172
Home157 Home157
Home110 Home110
Home154 Home154
Home91 Home91
Home34 Home34
Home20 Home20
Home60 Home60
Home88 Home88
Home31 Home31
Home122 Home122
Home131 Home131
Home149 Home149
Home164 Home164
Home62 Home62
Home76 Home76
Home83 Home83
Home51 Home51
Home32 Home32
Home143 Home143
Home86 Home86
Home134 Home134
Home128 Home128
Home165 Home165
Home27 Home27
Home74 Home74
Home120 Home120
Home67 Home67
Home75 Home75
Home66 Home66
Home92 Home92
Home16 Home16
Home53 Home53
Home89 Home89
Home87 Home87
