lllIl1I 11IIII1 11Il1l1 l1IllI1 lll1111 11lII11 11lII11 11111lI lI1Ill1 Il11II1 Il11II1 11111lI 1I1IIIl 1I1IIIl 11Il1l1 I1Ill1I 1ll1ll1 lIlllIl 11lI11I 1l11lII 11I1llI 1I1I1lI 1I1I1lI 1Il1lIl I1lIlII I1lIlII 1Il1lIl 1l11lII 11lI11I lIlllIl 1ll1ll1 111lI1I 111l1II IlIl1I1 llIIII1 IlIl1I1 111l1II 111lI1I 11Il1l1 11Il1l1 11IIII1 lllIl1I
27
l1IllI1 lIllIll I1ll1II IlI1Il1 ll111ll III1llI l1IllI1
lll1111 l1Ill11 1IlIl1I 1l1lIlI
lI1Ill1 1I11Ill 1I1l1Il I11111l l1IIl1l
I1Ill1I 1I1lllI I1llII1
IlI1II1 IIlIllI IlI1II1
11I1llI Ill1I11 1lIl11I III111I Ill11II
lIIl11l l1l11l1 lIl111I lIIlII1 I1llll1 lIIl11l
IIlI1lI 1I1I1l1
llIIII1 II1Il1I I11I11l I111I1I llIIII1
lII111l llI1lII lII111l
lI11III lI11III
II11l1l II11l1l
Il1Il1I Il1Il1I
11111lI 11111lI
1l11lII 1l11lII
11lI11I 11lI11I
l1I111I l1I111I
lll1I1l lll1I1l
11IIII1 11IIII1
111lI1I 111lI1I
l1lllll l1lllll
lI1l111 lI1l111
IIl1l1I IIl1l1I
1llI111 1llI111
I11I111 I11I111
l1lll11 l1lll11
1I1I1lI 1I1I1lI
