K AL CK CK GG BT G BE AT GE CH BR CH GP GP BI AC BS CC BU O O BU ET CS CO FM EM EM FM DN DN CS ET BS FQ GR BW EO EO BW GR FQ FA AQ BA BA AQ FA CT AY AY AY CT CP CP BZ BZ CP Z CL DM DM CL Z Q BQ BQ AZ H EL AK DG DG AK EL GH GH GN U AP CU CU AP U BQ BN BK CD CJ CJ CJ CD FR FR AN EY EY EY AN FR CN CN FR FR DD DD FH AS FN Y Y Y Y FN AS FH M AH A BV BV A AH M
57
AL CV AL
K AX
GG AD
AT AJ AT
BR BL R BR
GE AW
BI BB AB CB BI
CC BF AM CC
CO AF T AR CO
AC AE AC
CA N E CQ CI B V CA
BC CE X BC
P C CR P
H BD AU H
AZ BJ BM AV AZ
GN W
BK AO CM BO BK
BN AA BN
Q S CG D BP CF Q
BE BY BE
G L BG BH G
BT AG BT
A A
F F
I I
J J
M M
O O
U U
Y Y
Z Z
AH AH
AI AI
AK AK
AN AN
AP AP
AQ AQ
AS AS
AY AY
BA BA
BQ BQ
BS BS
BU BU
BV BV
BW BW
BX BX
BZ BZ
CD CD
CH CH
CJ CJ
CK CK
CL CL
CN CN
CP CP
CS CS
CT CT
CU CU
