Satish 4C88SXD PUW25N CKNDWG ZMZIWZ 4UE11 LTI99R LQQ5IH MXJIYJYNH4 9QJRN XV55 CPB2G FPZT G90OCSZY FM2G14H8I P5F5G H1LQ91V U7WDA2Z1 W6YZ5IB VSEMBLQ7O3 Q7ZEY 7GAD3F 5T3W L7QS0UEPJ L7QS0UEPJ 7GAD3F Q7ZEY VSEMBLQ7O3 W6YZ5IB H1LQ91V P5F5G PIW6IC50D LU68 4P0LGP0 EFIKTK4Y0Y NP5A5 11NACH2LP ALEI6N M35E E37ZKA8WK O44VZ I2GUQ1XYTA OEMHKCHOT B3R68HYWZ 7HSLUFQG A2H6A9I 43IK3HR83 FGYJ1J DNIV2BOR2P DNIV2BOR2P FGYJ1J A2H6A9I B3R68HYWZ OEMHKCHOT I2GUQ1XYTA O44VZ E37ZKA8WK 91ZONFE AV4KL I38TH1O QW15YTSV X9MIV9 H41HZ6 E2DHWGC LUQ3 HM48FZD0 26PG 9PCUL07FJ 5Q8CRZ2VCM YSRPP 6Z9AYLO 6VVS6 ZVKJMH7669 8TH7QVQY GNVXN YJYOMJ6A E5HD 2BLLD3SK 4FEG 7622OJ ET82NVH9 PFQFEJGD4C ZZACWP GE62L 4OJB6 7DPM9 JA1QYGQ0N9 JHMI MLKOJ 1UCE 7RUMCGSI 7RUMCGSI 1UCE MLKOJ MLKOJ JHMI 7DPM9 4OJB6 GE62L PFQFEJGD4C ET82NVH9 7622OJ 4FEG 2BLLD3SK E5HD YJYOMJ6A VGYKKKOFLZ Q7Z37G5 4TME 4TME 4TME Q7Z37G5 VGYKKKOFLZ 8TH7QVQY ZVKJMH7669 6VVS6 6Z9AYLO YSRPP 5Q8CRZ2VCM 9PCUL07FJ 26PG HM48FZD0 LUQ3 LUQ3 E2DHWGC H41HZ6 X9MIV9 QW15YTSV I38TH1O 0ZW9ZBMKBT 0ZW9ZBMKBT 91ZONFE E37ZKA8WK M35E ALEI6N 11NACH2LP NP5A5 EFIKTK4Y0Y 4P0LGP0 LU68 PIW6IC50D P5F5G FM2G14H8I G90OCSZY FPZT FPZT OOAS 3J6SSA GH8C G4QE3I UDBFED J3H3CKHTS ARTWTP9 L2MG8NMU M71OYIS EEZS HQG39M ZE5CVXXZC ZE5CVXXZC HQG39M EEZS RP28W1 I49ID BQ5OUI BQ5OUI I49ID RP28W1 ARTWTP9 J3H3CKHTS G4QE3I GH8C 3J6SSA 3J6SSA OOAS XV55 9QJRN OWZ42C5 8AEKBAKS WCKDX 4RGA VG9H9B 9K8PLAET 9K8PLAET 6DSNDY DYYG23O YDG8AEOM ETB2 GT9LU GT9LU 2B1K6EW9CL NL759YK8J GKMO7E DX16SQ 29D6AOX P6RI91D87 RN53CTZ NN7ZEA QWHT 79KTC8AS9 08W7NAP6G 2841 W71YV1R66L LI4EXO81 716QJY 0TRB9358 G7PWWJ QUFALN M649OA AKDE80E0B E9DZLL E9DZLL AKDE80E0B M649OA QUFALN 0TRB9358 716QJY LI4EXO81 W71YV1R66L 2841 08W7NAP6G 79KTC8AS9 QWHT NN7ZEA RN53CTZ P6RI91D87 29D6AOX DX16SQ NL759YK8J 2B1K6EW9CL GT9LU ETB2 YDG8AEOM DYYG23O 6DSNDY 4RGA WCKDX 8AEKBAKS OWZ42C5 9QJRN MXJIYJYNH4 LQQ5IH LTI99R XU4IP5J BRG51KM Y99D5Y12 7T8I47 CV6NHW7M ETNCY9XH2 2CUB41BE 7YZ45UL88 YQB2CII950 VOAV VIMVIHOY 02X2C FU90E FU90E 02X2C VIMVIHOY VOAV YQB2CII950 7YZ45UL88 2CUB41BE ETNCY9XH2 CV6NHW7M 2P6O4RH0 J2ETZ1C CXQDH6YMZ8 5XYO SQLSVN KUDS J7EUOPWQ EBO9YD47 EBO9YD47 J7EUOPWQ KUDS SQLSVN 5XYO CXQDH6YMZ8 J2ETZ1C 2P6O4RH0 Y99D5Y12 XU4IP5J LTI99R 4UE11 ZMZIWZ CKNDWG PUW25N 4C88SXD Satish
84
U7WDA2Z1 A118 CB93
5T3W ZMQ5BH
ZZACWP GN4G0L2 FM2HEMVR1 ZZACWP
JA1QYGQ0N9 B690 JX6GCY YU3U1T
GNVXN 3WJYJDDU HBQM42U GNVXN
AV4KL GILAN21GR3
7HSLUFQG LM7KL5G3V
43IK3HR83 DST5W4G0 PMXEOGGIQ
CPB2G ZH2INF 5HULMUDLAQ
UDBFED 8UPUEGO
L2MG8NMU 01G9IQ2
M71OYIS KBI1CALMNJ IHN21LA4 M71OYIS
VG9H9B A8WYICH3
GKMO7E LBR67PCKBJ 3IXHQXHYBV
G7PWWJ 8MDFNIK8AY FWM5C 9V10EOH
BRG51KM 4VE7V
7T8I47 C8WREP DDB26ZHC 7T8I47
9QJRN 9QJRN
W71YV1R66L W71YV1R66L
G4QE3I G4QE3I
P6RI91D87 P6RI91D87
ET82NVH9 ET82NVH9
SQLSVN SQLSVN
2BLLD3SK 2BLLD3SK
1UCE 1UCE
DNIV2BOR2P DNIV2BOR2P
91ZONFE 91ZONFE
EFIKTK4Y0Y EFIKTK4Y0Y
G90OCSZY G90OCSZY
0TRB9358 0TRB9358
YQB2CII950 YQB2CII950
HQG39M HQG39M
79KTC8AS9 79KTC8AS9
4UE11 4UE11
ETNCY9XH2 ETNCY9XH2
EEZS EEZS
KCOFJD KCOFJD
7622OJ 7622OJ
ARTWTP9 ARTWTP9
VOAV VOAV
ETB2 ETB2
26PG 26PG
02X2C 02X2C
PIW6IC50D PIW6IC50D
QW15YTSV QW15YTSV
M35E M35E
E5HD E5HD
H41HZ6 H41HZ6
J2ETZ1C J2ETZ1C
LQQ5IH LQQ5IH
E9DZLL E9DZLL
4C88SXD 4C88SXD
MLKOJ MLKOJ
E2DHWGC E2DHWGC
8TH7QVQY 8TH7QVQY
ZMZIWZ ZMZIWZ
3J6SSA 3J6SSA
MXJIYJYNH4 MXJIYJYNH4
PUW25N PUW25N
Q7ZEY Q7ZEY
YSRPP YSRPP
HM48FZD0 HM48FZD0
L7QS0UEPJ L7QS0UEPJ
CKNDWG CKNDWG
GH8C GH8C
4P0LGP0 4P0LGP0
FM2G14H8I FM2G14H8I
CV6NHW7M CV6NHW7M
7GAD3F 7GAD3F
O44VZ O44VZ
FPZT FPZT
VGYKKKOFLZ VGYKKKOFLZ
CXQDH6YMZ8 CXQDH6YMZ8
DYYG23O DYYG23O
M649OA M649OA
Q7Z37G5 Q7Z37G5
RP28W1 RP28W1
5XYO 5XYO
E37ZKA8WK E37ZKA8WK
H1LQ91V H1LQ91V
6PVQIBNB9 6PVQIBNB9
2B1K6EW9CL 2B1K6EW9CL
9K8PLAET 9K8PLAET
B3R68HYWZ B3R68HYWZ
