Satish ENMF PYD9SISJI KRM4B KRM4B VFRT26 1BZLEM U0958 TAI8UPP PTL1QU OK29GJ BBFYA9B OXWYDF NSBI 2J5C Z6H98 Z6H98 JTT8198QPE JTT8198QPE NSBI OXWYDF BBFYA9B OK29GJ OK29GJ PTL1QU TAI8UPP 8U5UW BVNZ BVNZ BVNZ 8U5UW YXBMACC VPQ3SCZD ZRYV5F 1ILZRYDHY WZ1MC3189 KSHB2KG RQ6902O3P TBFPZEBP TBFPZEBP RQ6902O3P KSHB2KG WZ1MC3189 1ILZRYDHY ZRYV5F YXBMACC VFRT26 KRM4B PYD9SISJI R6VBAVZ0B PTWCQ ZY9VPYMXA ZY9VPYMXA PTWCQ R6VBAVZ0B Satish
20
2J5C 92R432 UVP4WIKK ER2YSPML1C 4INC2D8SDN
U0958 FS1RWBVR7 399VM5PU6
VPQ3SCZD ICTGXV
1BZLEM 9XFF 1BZLEM
ENMF PZMGYZL
VFRT26 VFRT26
ZRYV5F ZRYV5F
YXBMACC YXBMACC
PTWCQ PTWCQ
PYD9SISJI PYD9SISJI
KRM4B KRM4B
WZ1MC3189 WZ1MC3189
BBFYA9B BBFYA9B
R6VBAVZ0B R6VBAVZ0B
OXWYDF OXWYDF
PTL1QU PTL1QU
Z6H98 Z6H98
KSHB2KG KSHB2KG
ZY9VPYMXA ZY9VPYMXA
NSBI NSBI
