129 137 117 89 80 161 77 77 161 84 101 3 4 81 158 141 141 158 81 147 111 13 13 180 18 140 94 114 78 90 42 43 21 73 34 172 31 172 34 21 43 26 128 190 54 118 28 27 27 0 135 79 79 79 35 127 173 20 191 63 87 33 5 106 133 24 168 183 47 183 168 133 106 113 75 45 45 75 113 87 63 191 20 20 155 53 121 53 17 8 8 20 173 127 35 27 93 68 69 69 93 118 128 26 43 42 90 94 196 25 7 71 99 56 85 6 6 85 195 157 29 32 105 105 32 32 29 157 195 85 85 56 99 156 156 7 25 196 18 180 13 112 112 154 154 3 101 84 89 117 137 92 92
63
80 9
4 11 103 4
30 184
111 142 122 100 107 109
140 50 151
71 95 23 51 98 192 194
114 108 114
78 125 163
73 178
31 55 110
54 188
28 15 65
0 160 145 82 0
5 91 97 2 76 88 5
24 174
47 62 58 44
33 175 33
121 150 171 189 121
155 123 57 155
17 48 17
135 152 61
68 126 14
190 64 190
147 66
19 36 130
129 197
180 180
161 161
53 53
87 87
183 183
128 128
40 40
158 158
101 101
56 56
63 63
84 84
195 195
137 137
156 156
29 29
92 92
49 49
16 16
21 21
157 157
196 196
96 96
177 177
191 191
99 99
85 85
26 26
89 89
59 59
8 8
105 105
6 6
39 39
25 25
13 13
81 81
