845LWU7Kg6167HQY i7lmV5iDIgl5f 96Ta5ZXc8I5gnTIcF8 Uyj5raM7C9SGCHQGUC UuONs3O7D2z5 3HQj1I8wd8 3HQj1I8wd8 UuONs3O7D2z5 0CwgepgS85xC4gx 4 KpBvy 4 TU76UjE52906 3 r pbE3R4QsB76l 9 N8191M9E9v N8191M9E9v 9 F1x 2P26ok0f25 B4PF77lpCQJ5dlK NGDVzC NGDVzC B4PF77lpCQJ5dlK 2P26ok0f25 F1x 3 TU76UjE52906 48783322I5q9PFVPT 9vq8gscs7dz1 MVvh 11l6P71DgEau1baEX4 77yN7eHZwfF99R2 FL4V06094CU0zO3gJava H6pXAnE0KypnExX H6pXAnE0KypnExX FL4V06094CU0zO3gJava 48783322I5q9PFVPT a O58T 08WMKCRGev5XL359n5rM 08WMKCRGev5XL359n5rM a 48783322I5q9PFVPT TU76UjE52906 4 96Ta5ZXc8I5gnTIcF8 845LWU7Kg6167HQY
32
0CwgepgS85xC4gx ftk2
KpBvy 4l4aqvNKB 95E0752p51t KpBvy
r ICQxh0Q58799CUd2 8M2OK8Px58 ZT3 r
pbE3R4QsB76l YLKBD54k SL88w66v7
9vq8gscs7dz1 eqYzN7b19UgNo1K 5Qkzz260R7
MVvh YKpC4gQmPKaU311w9eOT MVvh
11l6P71DgEau1baEX4 42U0k6JhTQxPvUw8 EnhLq7BgTj8IN3Z2m 11l6P71DgEau1baEX4
77yN7eHZwfF99R2 TBk5Pt5vt5SInt X6SrYf57mSUQQ28C 7L 672Pt4Ytw8LW 122gt SmI7f
O58T 5CCl0n2r5512 O41Muu O58T
Uyj5raM7C9SGCHQGUC NQ3vX6W6H74aK53np
i7lmV5iDIgl5f 5
48783322I5q9PFVPT 48783322I5q9PFVPT
4 4
H6pXAnE0KypnExX H6pXAnE0KypnExX
MY3aL96Y MY3aL96Y
6RiHvQ4xTN5 6RiHvQ4xTN5
fgM12T fgM12T
2qgWbB40Ya16 2qgWbB40Ya16
9 9
xaM1q4jQi3efYb0 xaM1q4jQi3efYb0
geUO1h geUO1h
3k 3k
KKUFV29x8iO KKUFV29x8iO
DUiYDuR9yYFD5 DUiYDuR9yYFD5
TU76UjE52906 TU76UjE52906
u3Qv u3Qv
y y
3 3
ElUTL ElUTL
B4mQOl023dn1 B4mQOl023dn1
D D
eDv5MBdo eDv5MBdo
