0 112 50 9 22 2 65 3 12 139 16 57 18 42 198 6 30 20 30 58 198 16 197 23 89 24 73 99 32 32 99 73 23 197 16 139 3 65 158 40 100 35 158 7 76 34 125 125 34 76 8 50 112
53
0 43 59 62 86 4 15 37 52
9 64 80 81 9
22 46 31 22
2 21 27 56 78 2
57 1 39 57
42 29 70 48 95 42
18 82 18
20 53 60 20
6 47 96 6
58 85 77 58
24 55 87 97 88 24
89 98 25 89
12 66 12
40 75 40
35 38 69 35
100 44
7 91 19 7
8 94 45 8
72 41 72
33 83 33
17 74 17
109 92
3 3
5 5
10 10
11 11
13 13
14 14
16 16
23 23
26 26
28 28
30 30
32 32
34 34
36 36
49 49
50 50
51 51
54 54
61 61
63 63
65 65
67 67
68 68
71 71
73 73
76 76
79 79
84 84
90 90
93 93
99 99
