loc58 loc158 loc103 loc42 loc32 loc189 loc146 loc64 loc156 loc126 loc155 loc56 loc129 loc77 loc198 loc131 loc95 loc131 loc157 loc112 loc75 loc33 loc144 loc46 loc46 loc33 loc75 loc157 loc157 loc157 loc157 loc157 loc157 loc157 loc157 loc157 loc157 loc157 loc157 loc157 loc157 loc157 loc157 loc157 loc157 loc157 loc157 loc157 loc157 loc157 loc157 loc157 loc157 loc157 loc62 loc157 loc77 loc15 loc142 loc114 loc192 loc51 loc59 loc190 loc78 loc78 loc190 loc190 loc190 loc190 loc190 loc190 loc190 loc190 loc190 loc190 loc190 loc190 loc190 loc190 loc190 loc59 loc51 loc192 loc114 loc142 loc15 loc56 loc155 loc107 loc170 loc81 loc115 loc20 loc165 loc20 loc81 loc147 loc181 loc110 loc110 loc181 loc147 loc187 loc55 loc65 loc65 loc55 loc187 loc155 loc126 loc156 loc9 loc41 loc9 loc189 loc7 loc136 loc136 loc7 loc10 loc154 loc154 loc10 loc150 loc197 loc109 loc83 loc186 loc72 loc176 loc124 loc124 loc176 loc72 loc186 loc83 loc42 loc103
51
loc58 loc185
loc158 loc69
loc118 loc179 loc100 loc118
loc138 loc8 loc138
loc32 loc84 loc14 loc167 loc32
loc64 loc39
loc198 loc172 loc198
loc168 loc31 loc168
loc95 loc93 loc11 loc27
loc112 loc134 loc112
loc144 loc130 loc37 loc144
loc62 loc82 loc182
loc160 loc54 loc196 loc52 loc160
loc53 loc45
loc129 loc105 loc129
loc107 loc162 loc67
loc170 loc17 loc57
loc165 loc184 loc92 loc165
loc115 loc113
loc41 loc119 loc85 loc41
loc146 loc97
loc150 loc36 loc150
loc197 loc28 loc89 loc197
loc109 loc177 loc47 loc109
loc49 loc49
loc187 loc187
loc192 loc192
loc191 loc191
loc96 loc96
loc147 loc147
loc15 loc15
loc164 loc164
loc116 loc116
loc66 loc66
loc106 loc106
loc20 loc20
loc10 loc10
loc156 loc156
loc122 loc122
loc25 loc25
loc188 loc188
loc186 loc186
loc42 loc42
loc157 loc157
loc75 loc75
loc183 loc183
loc46 loc46
loc78 loc78
loc131 loc131
loc83 loc83
loc120 loc120
