loc0 loc23 loc15 loc89 loc86 loc68 loc89 loc15 loc99 loc25 loc81 loc4 loc67 loc81 loc25 loc46 loc71 loc9 loc88 loc8 loc5 loc6 loc6 loc5 loc8 loc88 loc9 loc72 loc87 loc2 loc30 loc37 loc59 loc98 loc59 loc37 loc2 loc87 loc72 loc90 loc62 loc45 loc43 loc49 loc90 loc46 loc25 loc0
23
loc23 loc84 loc23
loc68 loc52 loc54
loc86 loc69 loc86
loc67 loc79 loc28 loc65
loc4 loc42
loc71 loc61
loc30 loc26 loc34
loc98 loc75 loc51 loc29
loc62 loc20 loc16 loc62
loc49 loc40 loc48 loc39 loc31 loc49
loc43 loc24
loc45 loc35 loc45
loc99 loc7 loc21 loc99
loc8 loc8
loc6 loc6
loc93 loc93
loc91 loc91
loc81 loc81
loc33 loc33
loc90 loc90
loc25 loc25
loc72 loc72
loc88 loc88
