74 109 161 73 45 186 1 18 34 52 153 32 32 153 52 138 116 70 79 175 175 165 64 175 79 70 138 151 76 59 60 35 188 183 25 183 188 35 60 65 170 63 57 66 122 199 133 133 199 13 15 148 105 117 3 180 158 43 187 75 4 75 187 43 158 180 3 117 105 148 15 121 45 109 74
59
73 81 98 95 157 73
8 142 61 129 115
34 80 27 163
64 155 167 90 17
165 171 165
116 120 116
76 31 56 114 154 118 76
25 107
59 23 59
37 16
65 178 200
57 128 136
66 50 66
122 77 190 54 143
63 139 174 63
172 132
170 12
151 83 108 135
18 72 18
4 179 39 4
121 89 111
13 192
1 47
28 58 88 130
186 127
11 134 173 198 11
161 140 184 161
5 5
14 14
20 20
32 32
42 42
45 45
44 44
51 51
52 52
53 53
60 60
86 86
91 91
94 94
96 96
97 97
99 99
100 100
103 103
105 105
109 109
112 112
113 113
123 123
125 125
133 133
138 138
146 146
152 152
158 158
193 193
199 199
