MASA01 MASA13 MASA02 MASA03 MASA06 MASA07 MASA08 MASA09 MASA10 MASB02 MASB03 MASB08 MASB09 MASB10 MASB11 MASC13 MASC02 MASC03 MASC06 MASC07 MASC08 MASC09 MASC10 MASC11 MBSA01 MBSA13 MBSA02 MBSA03 MBSA06 MBSA07 MBSA08 MBSA09 MBSA10 MBSB02 MBSB03 MBSB08 MBSB09 MBSB10 MBSB11 MBSC13 MBSC02 MBSC03 MBSC02 MBSC13 MBSB10 MBSB09 MBSB08 MBSB02 MBSA10 MBSA09 MBSA08 MBSA07 MBSA06 MBSA02 MBSA13 MBSA01 MASC10 MASC09 MASC08 MASC07 MASC06 MASC02 MASC13 MASB10 MASB09 MASB08 MASB02 MASA10 MASA09 MASA08 MASA07 MASA06 MASA02 MASA13 MASA01
36
MASA03 MASA04 MASA05
MASB03 MASA12 MASB04 MASB05
MASB11 MASB12 MASB11
MASC03 MASC04 MASC05
MASC11 MASC12 MASC11
MBSA03 MBSA04 MBSA05
MBSB03 MBSA12 MBSB04 MBSB05
MBSB11 MBSB12 MBSB11
MBSC03 MBSC04 MBSC05 MBSC12
MASA02 MASA02
MASA08 MASA08
MASA09 MASA09
MASA10 MASA10
MASA11 MASA11
MASB02 MASB02
MASB08 MASB08
MASB09 MASB09
MASB10 MASB10
MASC02 MASC02
MASC08 MASC08
MASC09 MASC09
MASC10 MASC10
MBSA02 MBSA02
MBSA08 MBSA08
MBSA09 MBSA09
MBSA10 MBSA10
MBSA11 MBSA11
MBSB02 MBSB02
MBSB08 MBSB08
MBSB09 MBSB09
MBSB10 MBSB10
MBSC02 MBSC02
MBSC08 MBSC08
MBSC09 MBSC09
MBSC10 MBSC10
MBSC11 MBSC11
