112 123 8 73 73 103 65 113 168 86 129 172 172 2 4 189 91 26 120 37 15 136 136 15 37 66 66 26 26 91 189 4 2 86 168 113 133 83 52 81 164 174 152 107 107 152 23 101 77 146 84 127 126 29 69 61 155 147 82 82 147 155 61 69 29 126 127 84 146 77 53 50 135 135 183 34 191 72 72 78 181 122 122 181 134 24 198 140 42 48 9 79 54 51 32 124 90 178 43 43 178 90 124 157 188 137 137 21 44 182 19 75 92 92 75 19 182 44 21 157 51 54 79 170 170 48 140 198 131 163 163 131 160 154 76 167 187 88 88 88 187 167 167 76 154 160 34 183 135 50 53 27 46 148 148 27 53 23 164 81 52 71 190 36 175 192 192 175 36 33 197 159 156 14 162 199 98 98 162 14 186 186 58 89 59 141 57 119 150 144 144 119 57 141 59 89 58 159 197 33 71 52 83 133 113 65 40 13 143 143 40 123 95 28 117 125 125 153 0 0 153 28 35 102 115 115 102 35 123 118 118
77
8 109 8
13 60 13
103 94
174 49 174
101 20
46 158 11
191 70 171
78 184 78
24 68 24
42 56 42
188 105 114 188
32 194
9 17 9
134 6 99 41
190 85 190
199 80 64
156 130 138
150 165
129 97 129
120 121 169 149 120
117 166 104 117
95 151 95
112 96
83 83
52 52
71 71
147 147
160 160
170 170
84 84
157 157
58 58
40 40
143 143
27 27
102 102
131 131
72 72
59 59
81 81
73 73
152 152
126 126
127 127
23 23
136 136
34 34
118 118
33 33
182 182
183 183
53 53
168 168
172 172
124 124
107 107
14 14
123 123
28 28
29 29
75 75
146 146
163 163
36 36
21 21
144 144
44 44
154 154
181 181
66 66
69 69
0 0
54 54
187 187
119 119
162 162
35 35
