5 73 32 32 44 59 41 28 28 55 91 13 39 65 4 1 20 85 48 24 14 99 19 19 99 14 24 48 48 85 20 1 4 66 57 98 21 29 69 86 87 51 64 35 93 16 92 68 68 92 6 75 40 40 50 11 81 7 25 25 7 62 62 11 50 6 93 35 64 51 87 45 45 2 30 36 53 67 96 96 67 82 82 36 30 2 45 87 86 69 29 21 98 57 90 63 54 37 84 84 23 89 3 31 9 78 78 78 9 31 97 97 89 23 54 63 90 57 66 13 91 55 28 41 59 44 5
36
73 17 73
39 77 43 39
65 61 15
3 83 38 88 3
37 33
75 76 75
81 26 60 81
16 18
53 70 10 12 53
14 14
90 90
50 50
29 29
89 89
9 9
92 92
97 97
1 1
6 6
67 67
45 45
7 7
28 28
2 2
35 35
24 24
11 11
86 86
84 84
32 32
91 91
25 25
55 55
96 96
41 41
31 31
