Soda loc3 loc179 loc182 loc186 loc48 loc132 loc18 loc18 loc44 loc162 loc54 loc93 loc105 loc19 loc168 loc4 loc63 loc75 loc137 loc40 loc40 loc137 loc75 loc184 loc5 loc82 loc43 loc27 loc180 loc10 loc89 loc95 loc176 loc21 loc8 loc15 loc15 loc81 loc101 loc148 loc60 loc127 loc127 loc60 loc101 loc81 loc21 loc165 loc12 loc150 loc41 loc56 loc56 loc41 loc150 loc12 loc197 loc164 loc47 loc52 loc196 loc113 loc113 loc164 loc197 loc35 loc194 loc194 loc35 loc95 loc89 loc147 loc111 loc169 loc102 loc102 loc37 loc37 loc102 loc169 loc11 loc11 loc29 loc112 loc112 loc29 loc31 loc24 loc28 loc28 loc24 loc31 loc180 loc82 loc5 loc184 loc4 loc168 loc19 loc105 loc93 loc54 loc135 loc67 loc32 loc32 loc67 loc54 loc162 loc44 loc48 loc182 loc120 loc123 loc123 loc120 loc53 loc25 loc25 loc36 loc36 loc145 loc156 loc156 loc145 loc36
65
loc3 loc80 loc3
loc132 loc90
loc57 loc59 loc57
loc63 loc72 loc20
loc43 loc65 loc83
loc8 loc79 loc8
loc148 loc22 loc183
loc165 loc146 loc100 loc9 loc165
loc47 loc170
loc52 loc126
loc196 loc103 loc155 loc61 loc7 loc185
loc176 loc55
loc111 loc141 loc181 loc39 loc136 loc128 loc109 loc111
loc38 loc114 loc38
loc147 loc122 loc147
loc10 loc131 loc10
loc27 loc188
loc34 loc88 loc121 loc189 loc97 loc167 loc34
loc17 loc118 loc138 loc17
loc135 loc94 loc154
loc163 loc171 loc163
loc186 loc45
loc179 loc151 loc58
loc53 loc140 loc53
Soda loc172 loc6
loc82 loc82
loc50 loc50
loc13 loc13
loc74 loc74
loc23 loc23
loc14 loc14
loc32 loc32
loc84 loc84
loc75 loc75
loc157 loc157
loc137 loc137
loc40 loc40
loc42 loc42
loc199 loc199
loc64 loc64
loc106 loc106
loc25 loc25
loc36 loc36
loc156 loc156
loc145 loc145
loc193 loc193
loc11 loc11
loc101 loc101
loc142 loc142
loc28 loc28
loc15 loc15
loc77 loc77
loc41 loc41
loc51 loc51
loc192 loc192
loc26 loc26
loc95 loc95
loc180 loc180
loc173 loc173
loc194 loc194
loc35 loc35
loc30 loc30
loc37 loc37
loc107 loc107
loc24 loc24
