0 87 188 164 156 106 86 146 192 7 59 174 53 146 156 164 62 22 82 196 155 82 22 140 124 181 40 64 64 40 188 167 188 87 94 130 52 133 4 74 171 171 74 4 133 52 130 94 30 9 98 8 131 80 109 123 45 56 122 41 122 56 65 5 135 66 194 194 66 5 65 109 31 104 3 90 3 104 31 131 98
62
0 2
144 27 69
24 44 24
62 14 10 68 62
196 77
155 49 70 75
140 81
124 11
181 25 96
106 13 50
86 76 47 86
192 43
59 51 59
174 17 28
53 54 55 53
7 57 7
167 89 26 79
16 93 99 16
80 1 15 71 46 80
90 63 23 90
41 19 78 41
45 85 45
135 34 20 61 73 84 97
123 33 92
8 38 8
9 60 9
30 42 30
3 3
4 4
5 5
6 6
12 12
18 18
21 21
22 22
29 29
31 31
32 32
35 35
36 36
37 37
39 39
40 40
48 48
52 52
56 56
58 58
64 64
65 65
66 66
67 67
72 72
74 74
82 82
83 83
87 87
88 88
91 91
94 94
95 95
98 98
100 100
