48 68 14 116 155 3 65 5 51 91 38 165 38 98 67 50 15 99 37 22 169 74 74 169 22 50 25 25 42 130 126 92 177 92 126 94 182 113 78 185 78 176 78 7 115 10 159 10 115 7 78 182 126 119 8 196 8 119 126 88 127 193 193 193 127 88 42 25 50 67 103 57 151 45 45 151 57 103 2 38 84 91 51 5 65 3 155 143 125 174 59 81 148 59 174 125 155 116 14 48
58
165 34 93 165
15 137
99 110 29 39
37 191 133
177 90 117 158 177
113 69 16 113
185 20 46 109 190 185
176 199 170 108 186 176
159 53 179 120
94 175
196 123 40 136 196
173 73
130 58 118 194 52
98 87 98
2 23 56 2
135 36 135
84 55 60 84
180 181 149 156 180
143 167 64 143
81 164 19 35
148 79 157 148
68 11
154 154
141 141
151 151
107 107
126 126
115 115
66 66
85 85
197 197
38 38
5 5
163 163
147 147
182 182
152 152
21 21
10 10
25 25
78 78
145 145
9 9
103 103
193 193
42 42
119 119
101 101
3 3
88 88
138 138
171 171
7 7
125 125
155 155
129 129
74 74
67 67
