mdyuzxshey vkrlpmybdj tvcolajnao ouxenssqdu qydclznxrd cmdqzmgvfi zpybghfdbe lndsfxewdc mswyvpdrsy hkempoemlv ixyurvbpvu syxecaxosc qgfchcatzi oggftsricu lnicnhmajr owusjcmdkp knfzsnhzvx xftptyrlvl knfzsnhzvx lnicnhmajr oggftsricu euqbrkzdsw wtjzgzopuw eysfgfavho phknwbtipl hadchvmijq eysfgfavho wtjzgzopuw euqbrkzdsw oggftsricu qgfchcatzi hkempoemlv mswyvpdrsy lndsfxewdc tmrnpjqnxx wtlzrefwav aokbiptbzc aokbiptbzc tmrnpjqnxx qydclznxrd ouxenssqdu
33
mdyuzxshey mysadifwma
vkrlpmybdj zmfuudfatm vkrlpmybdj
zpybghfdbe psiebvskfb lbuiysostx tgbmxdmvwe
owusjcmdkp bnmegnfgii nwlccbonas owusjcmdkp
xftptyrlvl jqtguzxxsl wtyqwjwskq jedsthbmzo xftptyrlvl
phknwbtipl bulywvvpni
hadchvmijq wynbxuuxru fznfvsgjhc hadchvmijq
syxecaxosc gwnccktgki
ixyurvbpvu optviwhmbr lazlsvgukx vugkhjygfe
cmdqzmgvfi qfbvncxldf cmdqzmgvfi
wtlzrefwav eooyfwmxln xtvbrolacp wtlzrefwav
tvcolajnao qcktwemqbm
jatkaoyfxb jatkaoyfxb
kdujdjjwot kdujdjjwot
oewptytlja oewptytlja
zjbarjhmau zjbarjhmau
lndsfxewdc lndsfxewdc
knfzsnhzvx knfzsnhzvx
ahqdrcepub ahqdrcepub
rkyixxpcbx rkyixxpcbx
ebqxbaqnmm ebqxbaqnmm
mswyvpdrsy mswyvpdrsy
qydclznxrd qydclznxrd
zumetrybth zumetrybth
aokbiptbzc aokbiptbzc
gllungmori gllungmori
qepegujmaa qepegujmaa
lkvobxyfca lkvobxyfca
ljhmnbaicr ljhmnbaicr
koawdpgqdx koawdpgqdx
euqbrkzdsw euqbrkzdsw
lnicnhmajr lnicnhmajr
seeyrseflx seeyrseflx
