evdoyagqfp xawkqmfmmx xftptyrlvl wynbxuuxru eooyfwmxln fczruomdab uhalgukdzb kwbnyneokj wirlbujvjm phknwbtipl gkcfktyute wirlbujvjm kwbnyneokj qqtzqvrvyc xvgujpzkiw rfcbhdtwvm byyqgjwsrp wtjzgzopuw wkwwcqjtxf wkwwcqjtxf wtjzgzopuw rfcbhdtwvm xvgujpzkiw kwbnyneokj eooyfwmxln oegfbrwyrp ebqxbaqnmm xwrvhrxnqy xwrvhrxnqy pbefrggyje unihwwnyqz yhpfnjjqmm bimtbhwsby yhpfnjjqmm unihwwnyqz kijbyyuzhd wtyqwjwskq kvfpaspidv zpjhxyylhb bswhowadhl xsjzeyxnpw opmnfgpclg tvuprbwofb zumetrybth xychpimpzb kyrhqthnvz lndsfxewdc eqdxeqvtsb xnppuesbrr eqdxeqvtsb lndsfxewdc kyrhqthnvz zumetrybth tvuprbwofb zpjhxyylhb jwcdeoubpx hofbtczdgp yqwistxtxc nbjyrygtdh yqwistxtxc jwcdeoubpx zpjhxyylhb kvfpaspidv kijbyyuzhd unihwwnyqz xwrvhrxnqy ebqxbaqnmm oegfbrwyrp xqwyvbvueh vqakgbtmpu eaozvwjoso vqakgbtmpu oegfbrwyrp qepegujmaa xawkqmfmmx evdoyagqfp
56
xftptyrlvl fluzhooehk kvxwqiryyu uooysjrxsb bnmegnfgii
jqtguzxxsl vfdsalrajq ivugtsvtqb wwqchwdmtx
wynbxuuxru smwxdupkdv voaumgrcuj bbczvyonym kgktiatgjn tmrnpjqnxx wynbxuuxru
fczruomdab tgkujfknod
uhalgukdzb rkyixxpcbx gucdicwxmb uhalgukdzb
phknwbtipl euqbrkzdsw fdgcygwgjf
gkcfktyute xkasbvrrxd qgfchcatzi
qqtzqvrvyc lcrihrmoqu
byyqgjwsrp lkvtxfwozs vkrlpmybdj qxfgqgbbdn byyqgjwsrp
bimtbhwsby xifuopshzj xguvjomcdt itbfnxnauh gbdejcnknd bimtbhwsby
xsjzeyxnpw aokbiptbzc
opmnfgpclg ichabbvkhm
vugkhjygfe oggftsricu vugkhjygfe
xychpimpzb guuudgvhny mdyuzxshey afrdrejwtp bulywvvpni xychpimpzb
xnppuesbrr qxuqrfzzob scesbtewjx xnppuesbrr
lnicnhmajr tmatbexcil lnicnhmajr
bswhowadhl pdljcbluhp bswhowadhl
hofbtczdgp osdeymjeil hofbtczdgp
nbjyrygtdh hkempoemlv cpwyxulkjm hsjqtjkukk nbjyrygtdh
wtyqwjwskq ouxenssqdu
pbefrggyje zmfuudfatm pbefrggyje
xqwyvbvueh tvcolajnao xqwyvbvueh
eaozvwjoso qiqnnrlapz vnzypgtlkj
qepegujmaa ivgbjyugdu qfbvncxldf yiwwdwbzth etdxtwotzh psiebvskfb qepegujmaa
oavtmpaqji oavtmpaqji
jrmlkfexfk jrmlkfexfk
jrusiskazm jrusiskazm
xawkqmfmmx xawkqmfmmx
wkwwcqjtxf wkwwcqjtxf
ldnozwuuuq ldnozwuuuq
bbwcqzwyoz bbwcqzwyoz
xwrvhrxnqy xwrvhrxnqy
wtlzrefwav wtlzrefwav
mysadifwma mysadifwma
afortwurqt afortwurqt
kyrhqthnvz kyrhqthnvz
qpxtrjvxpe qpxtrjvxpe
rnpokwoqgt rnpokwoqgt
cttlxdtaiw cttlxdtaiw
zivwgfcxqi zivwgfcxqi
seeyrseflx seeyrseflx
optviwhmbr optviwhmbr
aruwdskzta aruwdskzta
stdiixwrjc stdiixwrjc
oegfbrwyrp oegfbrwyrp
ahqdrcepub ahqdrcepub
eooyfwmxln eooyfwmxln
kijbyyuzhd kijbyyuzhd
ymvlfsdhbu ymvlfsdhbu
lndsfxewdc lndsfxewdc
tgbmxdmvwe tgbmxdmvwe
nwlccbonas nwlccbonas
xywdziunpr xywdziunpr
pcilmgdrgc pcilmgdrgc
kvfpaspidv kvfpaspidv
eqdxeqvtsb eqdxeqvtsb
