lVOvaZXqjnb1QiPN4SL
25
QKaVhgAPN7MzZXkIJif prEdKF8t2xfGRCWhIb6 q2hnSgjm30BKapPZH8v PjaGwqf8CSFyxQX6Tph gPuR31xAk9zvU6NTyj8 ZYgsVSN6W2mIfqFPXei qe0CW9YTfri5FH8nzhZ oarTSh6swBUepOyZfIL J3FvU9WXMbfo8m0ZhcD ZCNy86nGLY4wfo1cWje 9ZJNwSv0RBa6MeqIpmt WFoj1MI7y5B3zXtAgZ8 w94BKFb1ecikMGfS70L Dea9uc7gshQNXqSrGwR wG9ACiZlVUHDz67EehO zROkalGf12roedQWiBZ YkRo3m4NGhXuEbHLgis QKaVhgAPN7MzZXkIJif
Sz9FxGJ7CPMEbUovXQq M5bN0l7KCxBwZvTjOzI UIJTGnEvaFfWoB4pReZ Sz9FxGJ7CPMEbUovXQq
bf47z98om5ZMUVORjG0 9TnE82lFzgSRfhLcjty bf47z98om5ZMUVORjG0
d6UiSTzYoMpXGw48gAD YioPekqCUnASaBF9NdH d6UiSTzYoMpXGw48gAD
DQw9naPXAhyUOL6tvVl 7ylUw023cBhQYobkz4m DQw9naPXAhyUOL6tvVl
asp20NJKvZUtDiW1Trx yReNFSdk9pj46IBuJlD asp20NJKvZUtDiW1Trx
K7nbuQS5FWTkmHyhi69 ofc35ZL6ED4Qs9nYgtu K7nbuQS5FWTkmHyhi69
PmQXT3OGFtJDs9diWZV bWTReYw0BhlvS4MOVfL PmQXT3OGFtJDs9diWZV
lVOvaZXqjnb1QiPN4SL PMi5mGhrzJqWAYD3BHv
LxrqIj6vUJmAulbGEsz LxrqIj6vUJmAulbGEsz
6yczq9OEfSPk2s1GodH 6yczq9OEfSPk2s1GodH
WMcq9fQKeLJk5Y0CDTR WMcq9fQKeLJk5Y0CDTR
pBC7kb6YvcSm2XysuzG pBC7kb6YvcSm2XysuzG
CgrHnsmUEaKbL2Bu9fI CgrHnsmUEaKbL2Bu9fI
wVe6HY1xINUrGjoPvBR wVe6HY1xINUrGjoPvBR
5VbntkgFqTX8w9sYai2 5VbntkgFqTX8w9sYai2
H73qxghnr8SspNjtPW5 H73qxghnr8SspNjtPW5
ctr2CvsehWx0ENY16wO ctr2CvsehWx0ENY16wO
1V4PG7oEw2rS9xRO3Bj 1V4PG7oEw2rS9xRO3Bj
7aRmJfDh4vEt258Ai9L 7aRmJfDh4vEt258Ai9L
lZ2Ga35MbPOtokD1gF0 lZ2Ga35MbPOtokD1gF0
cbGv0lH2ekt7XznaK9Q cbGv0lH2ekt7XznaK9Q
ejNRIidB4gvrEPnTV8U ejNRIidB4gvrEPnTV8U
tmubz8TR6MEqo04GaXQ tmubz8TR6MEqo04GaXQ
rqNcZ8MUzDE3H2ekKJp rqNcZ8MUzDE3H2ekKJp
