0 6 116 116 6 11 28 10 26 38 120 120 148 148 160 160 92 44 106 106 104 104 92 114 114 199 199 28 35 184 184 35 57 47 94 25 17 187 187 17 23 142 142 175 175 196 196 124 124 60 108 108 128 128 126 126 154 154 166 166 31 8 151 151 8 178 178 118 118 136 136 190 190 169 169 98 41 112 112 122 122 98 130 130 181 181 18 9 84 59 138 138 59 132 132 145 145 163 163 102 102 134 134 33 1 7 110 110 7 157 157 33 46 100 100 172 172 193 193
59
0 117 135 191 192
11 131 179 180 182 183 167 168
10 115 197 198
26 158 159
38 146 147 121
44 105 107
57 137 188 189
47 152 153 164 165
94 127
25 125 185 186 194 195
23 140 141 173 174
60 109 129
31 119 149 150 176 177
41 113 123
18 103
9 161 162
84 133 143 144 139
1 155 156 111
46 170 171 101
100 100
102 102
104 104
106 106
108 108
110 110
112 112
114 114
116 116
118 118
120 120
122 122
124 124
126 126
128 128
130 130
132 132
134 134
136 136
138 138
142 142
145 145
148 148
151 151
154 154
157 157
160 160
163 163
166 166
169 169
172 172
175 175
178 178
181 181
184 184
187 187
190 190
193 193
196 196
199 199
