0 110 180 124 179 104 189 74 74 189 95 55 95 125 39 134 139 129 159 149 149 89 114 114 89 139 134 39 179 124 80 82 82 80 35 115 186 115 135 195 79 184 164 164 184 79 100 49 160 49
48
104 54 16 104
27 148 28 68 32 27
25 118 25
55 58 91 55
125 166 168 125
159 187 20 152 159
129 72 172 129
180 64 181 69 192 108 180
110 56 113 94 44 122 110
35 102 36 38 35
186 116 101 41 131 142 186
120 183 120
135 99 138 52 2 43 133 135
195 197 144 87 195
12 13 123 12
10 11
100 15 154 100
160 136 161 97 160
0 3 78
66 66
134 134
124 124
37 37
82 82
132 132
17 17
139 139
65 65
141 141
184 184
149 149
47 47
145 145
57 57
95 95
114 114
128 128
179 179
92 92
105 105
182 182
67 67
74 74
39 39
42 42
189 189
30 30
79 79
