99 176 103 52 76 105 131 106 108 62 24 194 40 2 112 71 71 112 40 194 24 108 33 139 139 33 131 105 167 122 48 26 198 72 74 166 84 160 195 46 144 169 104 169 144 27 116 107 142 142 158 81 100 100 81 81 126 38 187 187 38 126 81 158 27 195 160 84 166 74 72 198 48 13 54 129 29 196 137 85 85 85 85 85 85 85 85 85 85 85 85 85 85 85 85 85 85 85 85 85 85 85 85 85 85 85 85 85 85 85 85 85 85 85 85 185 185 196 29 54 61 135 61 54 13 87 16 197 179 37 23 23 5 138 133 113 64 64 18 56 96 56 18 133 5 23 53 162 162 53 179 197 87 13 48 122 103 176 188 175 32 152 98 115 145 178 14 14 178 145 115 188 176 99
51
52 22 92
167 102 167
26 149 39 42 26
116 117
107 94 163 4 70 9 25 83 173 68 10 123 125
46 55 171
104 130 82
135 88 8
129 28
137 150 41 127 174 186
16 17 148 190
37 0 180
138 20
113 30 51 114 124 170 59
96 111 132 119 172
7 66 97
21 78 165
76 161
62 73
2 80 47 63 146 168 181 192
128 183
106 1 184 12 106
175 15
32 34
98 35 151 98
152 90 75
5 5
18 18
24 24
27 27
33 33
40 40
53 53
56 56
61 61
100 100
103 103
112 112
122 122
126 126
131 131
142 142
155 155
158 158
160 160
164 164
166 166
169 169
178 178
185 185
188 188
