loc189 loc42 loc182 loc151 loc184 loc92 loc80 loc61 loc61 loc21 loc21 loc21 loc180 loc91 loc176 loc173 loc152 loc152 loc152 loc103 loc170 loc12 loc181 loc181 loc14 loc14 loc36 loc70 loc123 loc26 loc26 loc123 loc70 loc164 loc141 loc148 loc30 loc168 loc45 loc45 loc168 loc30 loc148 loc141 loc51 loc16 loc118 loc118 loc111 loc13 loc13 loc111 loc118 loc120 loc120 loc120 loc14 loc103 loc176 loc91 loc161 loc177 loc197 loc197 loc177 loc161 loc92 loc184 loc166 loc76 loc194 loc55 loc187 loc97 loc65 loc65 loc97 loc187 loc55 loc133 loc136 loc62 loc54 loc54 loc62 loc79 loc143 loc159 loc29 loc5 loc5 loc29 loc159 loc143 loc79 loc133 loc76 loc166 loc182 loc190 loc43 loc199 loc199 loc43 loc69 loc69 loc40 loc46 loc172 loc121 loc121 loc121 loc172 loc46 loc40 loc17 loc84 loc100 loc100 loc84 loc17 loc99 loc22 loc109 loc87 loc192 loc140 loc77 loc175 loc19 loc34 loc44 loc35 loc50 loc24 loc112 loc3 loc156 loc156 loc156 loc134 loc96 loc114 loc85 loc60 loc138 loc64 loc64 loc138 loc110 loc11 loc33 loc132 loc132 loc33 loc11 loc110 loc85 loc114 loc96 loc96 loc59 loc131 loc57 loc57 loc130 loc130 loc59 loc96 loc96 loc134 loc112 loc73 loc185 loc185 loc73 loc73 loc50 loc35 loc34 loc19 loc175 loc68 loc68 loc150 loc183 loc72 loc9 loc196 loc196 loc196 loc9 loc72 loc115 loc115 loc150 loc158 loc158 loc192 loc87 loc22 loc163 loc163 loc188 loc188
65
loc190 loc146 loc4 loc190
loc42 loc117 loc195
loc80 loc191 loc37 loc31 loc74
loc173 loc18 loc32
loc170 loc125
loc36 loc147 loc101 loc36
loc164 loc39 loc164
loc16 loc78 loc165 loc25 loc16
loc51 loc94 loc142
loc12 loc66
loc180 loc127 loc20 loc86 loc180
loc151 loc154
loc194 loc145 loc194
loc136 loc27 loc104 loc136
loc189 loc169 loc153
loc109 loc23 loc109
loc140 loc41
loc44 loc119
loc3 loc139 loc98 loc58
loc131 loc128 loc108 loc131
loc60 loc135 loc0 loc113 loc162 loc95
loc24 loc38 loc15
loc77 loc129 loc77
loc183 loc88 loc83 loc53 loc183
loc99 loc47
loc61 loc61
loc172 loc172
loc188 loc188
loc55 loc55
loc168 loc168
loc158 loc158
loc184 loc184
loc96 loc96
loc150 loc150
loc11 loc11
loc161 loc161
loc185 loc185
loc111 loc111
loc76 loc76
loc34 loc34
loc65 loc65
loc112 loc112
loc62 loc62
loc156 loc156
loc85 loc85
loc70 loc70
loc152 loc152
loc40 loc40
loc177 loc177
loc50 loc50
loc59 loc59
loc22 loc22
loc163 loc163
loc54 loc54
loc79 loc79
loc69 loc69
loc143 loc143
loc114 loc114
loc73 loc73
loc159 loc159
loc133 loc133
loc148 loc148
loc26 loc26
loc17 loc17
loc100 loc100
