loc59 loc79 loc66 loc14 loc85 loc57 loc82 loc82 loc57 loc85 loc90 loc35 loc35 loc66 loc25 loc44 loc86 loc86 loc44 loc25 loc62 loc62 loc83 loc87 loc6 loc69 loc23 loc61 loc38 loc39 loc17 loc17 loc26 loc91 loc30 loc55 loc18 loc95 loc68 loc60 loc36 loc96 loc89 loc89 loc36 loc32 loc32 loc32 loc95 loc92 loc92 loc95 loc95 loc95 loc18 loc75 loc75 loc91 loc26 loc61 loc69 loc69 loc65 loc43 loc54 loc54 loc43 loc65 loc87 loc87 loc76 loc76 loc59
25
loc79 loc74 loc11 loc50
loc90 loc52 loc90
loc14 loc33 loc1 loc4 loc14
loc6 loc97 loc37 loc6
loc23 loc45 loc28 loc46 loc23
loc38 loc2 loc31
loc39 loc51
loc30 loc13 loc71 loc30
loc68 loc41 loc98 loc42 loc20 loc29 loc81 loc47 loc68
loc96 loc34 loc72 loc70
loc60 loc88 loc16
loc55 loc84
loc83 loc5 loc83
loc17 loc17
loc62 loc62
loc43 loc43
loc32 loc32
loc35 loc35
loc89 loc89
loc54 loc54
loc65 loc65
loc92 loc92
loc25 loc25
loc36 loc36
loc95 loc95
