10 50 81 80 79 78 77 76 75 74 73 72 71 70 69 68 67 66 65 64 63 62 61 60 60 60 60 60 59 58 57 56 55 55 55 55 55 54 53 53 54 55 56 57 58 59 60 61 62 63 64 65 66 67 68 69 70 71 72 73 74 75 76 77 78 79 80 81 16 17 18 24 24 24 23 31 31 23 24 18 17 16 4 3 27 27 3 44 20 0 19 30 28 7 33 32 40 40 40 32 34 34 6 9 8 8 6 28 30 19 14 13 29 29 13 19 0 20 44
22
50 96 97 98 99 90 91 92 93 52 84 85 86 87 51
10 21 22 25
4 1 2 5
33 36 43 42
7 41 35 39 37 7
9 38
14 11 12 15
3 3
6 6
8 8
23 23
29 29
32 32
34 34
53 53
54 54
56 56
57 57
58 58
59 59
61 61
62 62
