0 127 109 187 180 115 76 28 28 31 31 115 189 189 187 46 155 155 87 17 89 161 161 89 17 17 87 108 7 139 20 35 103 99 27 49 195 186 150 150 49 27 27 103 20 81 84 158 6 96 157 43 74 37 37 74 43 2 2 21 21 191 66 4 179 144 119 119 14 14 136 136 193 197 85 85 197 193 179 66 26 69 40 59 11 11 11 59 40 69 26 157 96 6 158 84 23 23 20 139 63 159 138 113 168 168 24 104 104 24 63 139 54 149 177 177 149 54 108 102 192 57 170 156 156 3 111 111 111 57 192 172 22 183 67 146 146 183 183 22 36 36 36 192 102 108 125 125 187 127
64
0 91
109 8 98
76 42 33 44 79 76
180 51
181 72 65
46 38 70 45 46
35 56 35
99 9 99
195 86 39 53
186 68 75
81 60 81
10 30 47 10
93 83 13 94 93
4 32 4
144 29 73 52 16
191 95 1 34
159 92
138 80
113 90 82
7 18 7
3 58 48 100 3
170 15
172 77 41 50
67 25 64 19 67
2 2
5 5
6 6
11 11
12 12
14 14
17 17
20 20
21 21
22 22
23 23
24 24
26 26
27 27
28 28
31 31
36 36
37 37
40 40
43 43
49 49
54 54
55 55
57 57
59 59
61 61
62 62
63 63
66 66
69 69
71 71
74 74
78 78
84 84
85 85
87 87
88 88
89 89
96 96
97 97
