0 2 3 5 6 7 8 9 10 20 21 20 8 7 6 5 3 4 28 30 31 32 33 34 41 43 44 45 46 47 48 49 50 51 52 53 62 63 66 67 68 69 71 72 91 97 97 70 122 124 130 130 147 148 150 151 151 150 148 147 70 121 163 164 165 166 167 168 169 171 173 175 177 173 171 188 189 189 188 168 167 166 165 164 163 121 70 68 67 66 62 52 51 50 49 48 46 45 44 43 34 32 31 30 28 4 3 2 0
83
13 18 13
9 14 9
21 27 22 21
10 19 10
33 39
71 83 82
93 96 93
91 94 101 91
72 120
124 129 137
122 159
177 181 172
175 176 175
169 199
69 1 69
63 65 57 63
53 61 54
47 29
41 42
76 76
142 142
75 75
132 132
198 198
167 167
100 100
146 146
79 79
163 163
68 68
191 191
35 35
128 128
166 166
95 95
168 168
131 131
66 66
158 158
31 31
73 73
17 17
140 140
154 154
38 38
90 90
153 153
80 80
44 44
148 148
50 50
26 26
147 147
25 25
121 121
52 52
108 108
77 77
59 59
196 196
141 141
11 11
188 188
150 150
24 24
183 183
5 5
170 170
113 113
118 118
45 45
4 4
15 15
51 51
134 134
78 78
195 195
2 2
62 62
58 58
136 136
74 74
107 107
