destitute taft taft namesake jewel Auberge Vega Andersen Halstead Dominican Bleeker Bleeker Bleeker Bleeker Bleeker Bleeker Bleeker Bleeker Bleeker Bleeker Bleeker Bleeker Bleeker Bleeker Bleeker Bleeker Bleeker Bleeker Bleeker Bleeker Bleeker Bleeker Bleeker Bleeker Bleeker Bleeker Bleeker Bleeker Bleeker Bleeker Bleeker bobble shovel whatsoever Gilmore Gilmore whatsoever FPC mediate exothermic coarse intangible deletion deletion slowdown funky wafer confrontation Sicilian Iowa woke trill woke woke woke woke woke woke woke woke woke woke woke woke woke woke woke woke woke woke woke woke woke woke woke woke woke woke woke woke woke woke Sicilian confrontation transpiration septillion felony swordtail balustrade balustrade decor decor felony transpiration confrontation wafer funky deletion coarse exothermic mediate Halstead Andersen Vega jewel namesake encumbrance nowhere radioactive radioactive encumbrance
32
destitute ripe Rio
Loomis MN Loomis
Dominican Modesto minion Dominican
bobble McCall bobble
shovel midget
FPC Fisk extractor
slowdown connubial amateur slowdown
Iowa illusion yogurt
trill fatten anvil trill
septillion creekside papal septillion
swordtail swordfish Darwin Isfahan
intangible shroud
Auberge swingy tate Auberge
nowhere Elizabethan Injun
Andersen Andersen
Bleeker Bleeker
Gilmore Gilmore
Halstead Halstead
Hewlett Hewlett
Hindi Hindi
Vega Vega
balustrade balustrade
choice choice
decor decor
diligent diligent
embassy embassy
funny funny
jewel jewel
mediate mediate
schedule schedule
stanza stanza
transpiration transpiration
