woebegone trill Palo cytolysis embassy phylogenetic funky phylogenetic embassy cytolysis felony Gilmore Gilmore casserole Hindi combine bat directory ripe minion brook minion ripe ripe ripe ripe ripe ripe ripe ripe ripe ripe ripe ripe ripe ripe ripe ripe ripe ripe ripe ripe ripe ripe ripe ripe ripe ripe ripe ripe ripe ripe ripe ripe ripe ripe ripe ripe ripe ripe ripe ripe ripe ripe ripe ripe ripe ripe ripe ripe ripe ripe ripe ripe ripe Rio is lordosis lexicon involuntary sacrifice thirteen thirteen sacrifice spill spill spill spill spill spill spill spill spill spill spill spill spill spill spill spill spill spill spill spill spill spill spill spill spill spill spill spill spill spill spill spill spill spill spill spill spill spill spill spill spill spill spill spill spill spill spill spill spill spill spill spill spill spill spill spill spill spill spill spill spill spill spill spill spill spill spill spill Bernini December dull dull Bernini choice choice lordosis is Rio namesake yogurt Curtis Curtis atom coarse icon icon coarse namesake Rio bunch midstream midstream Rio ripe directory bat grudge grudge Wheller creekside bowman covariate Halstead imposition imposition Halstead covariate bowman taft Wheller Hindi plunder plunder
54
felony Isfahan equipping thoroughfare tate imperishable babysat felony
switchmen Stephen McCall wingspread
casserole renaissance casserole
MN exothermic dreadnought noon
trimester Darwin Goodrich deduce griddle trimester
yogurt postscript catenate yogurt
atom septillion diligent stanza viscous update
bunch limitate silage whatsoever relaxation bunch
lexicon Vega shovel
involuntary backplate barnacle slowdown mitre involuntary
archive Zorn car archive
Fisk softball Fisk
December mediate December
brook anvil sphalerite
combine connubial Andersen explosion
taft extrovert Modesto
creekside bifurcate mack
trill administer embroil
Palo Rodney
Durango Reilly Hewlett sinh Durango
funky secondary swordfish yearn funky
woebegone transonic
Auberge Auberge
Curtis Curtis
Gilmore Gilmore
Irvin Irvin
PDP PDP
Simon Simon
Sunday Sunday
Tucson Tucson
Wheller Wheller
Winchester Winchester
bat bat
broil broil
choice choice
coarse coarse
directory directory
dull dull
fulsome fulsome
funny funny
icon icon
illusion illusion
inform inform
midstream midstream
millennium millennium
monotonous monotonous
numerology numerology
oriole oriole
papal papal
simulate simulate
spill spill
swingy swingy
thirteen thirteen
transfuse transfuse
