Loc23 Loc27 Loc16 Loc7 Loc32 Loc20 Loc36 Loc21 Loc40 Loc21 Loc36 Loc20 Loc46 Loc19 Loc38 Loc42 Loc17 Loc12 Loc47 Loc5 Loc4 Loc1 Loc1 Loc4 Loc5 Loc12 Loc17 Loc42 Loc19 Loc20 Loc32 Loc11 Loc11 Loc11 Loc16 Loc27 Loc23 Loc2 Loc18 Loc39 Loc37 Loc31 Loc45 Loc30 Loc30 Loc45 Loc31 Loc37 Loc18 Loc2 Loc23
18
Loc46 Loc41 Loc46
Loc38 Loc35
Loc47 Loc43 Loc10
Loc40 Loc9 Loc44
Loc7 Loc33 Loc15 Loc7
Loc39 Loc34 Loc49 Loc48
Loc45 Loc45
Loc11 Loc11
Loc27 Loc27
Loc42 Loc42
Loc12 Loc12
Loc17 Loc17
Loc20 Loc20
Loc29 Loc29
Loc36 Loc36
Loc21 Loc21
Loc6 Loc6
Loc30 Loc30
