Loc151 Loc40 Loc176 Loc165 Loc98 Loc41 Loc162 Loc144 Loc144 Loc162 Loc41 Loc136 Loc172 Loc184 Loc3 Loc170 Loc115 Loc36 Loc104 Loc104 Loc104 Loc36 Loc115 Loc128 Loc16 Loc77 Loc77 Loc77 Loc13 Loc6 Loc127 Loc14 Loc68 Loc62 Loc76 Loc46 Loc122 Loc56 Loc157 Loc164 Loc50 Loc181 Loc159 Loc25 Loc194 Loc194 Loc25 Loc159 Loc181 Loc50 Loc95 Loc5 Loc38 Loc190 Loc190 Loc38 Loc111 Loc123 Loc123 Loc111 Loc95 Loc167 Loc167 Loc56 Loc122 Loc46 Loc76 Loc179 Loc35 Loc120 Loc43 Loc154 Loc154 Loc43 Loc120 Loc35 Loc179 Loc14 Loc127 Loc66 Loc18 Loc132 Loc199 Loc102 Loc47 Loc21 Loc89 Loc196 Loc173 Loc173 Loc89 Loc47 Loc102 Loc102 Loc199 Loc132 Loc18 Loc66 Loc13 Loc77 Loc16 Loc128 Loc65 Loc100 Loc100 Loc138 Loc150 Loc88 Loc92 Loc160 Loc9 Loc169 Loc33 Loc33 Loc169 Loc9 Loc160 Loc84 Loc78 Loc22 Loc152 Loc23 Loc54 Loc139 Loc186 Loc186 Loc139 Loc29 Loc69 Loc69 Loc29 Loc23 Loc7 Loc67 Loc79 Loc147 Loc113 Loc34 Loc34 Loc34 Loc74 Loc188 Loc110 Loc108 Loc27 Loc10 Loc195 Loc24 Loc1 Loc52 Loc26 Loc26 Loc52 Loc60 Loc93 Loc86 Loc86 Loc93 Loc60 Loc24 Loc195 Loc27 Loc108 Loc110 Loc188 Loc74 Loc147 Loc79 Loc118 Loc97 Loc141 Loc141 Loc97 Loc118 Loc67 Loc67 Loc7 Loc23 Loc152 Loc22 Loc78 Loc84 Loc197 Loc158 Loc106 Loc30 Loc178 Loc178 Loc30 Loc140 Loc140 Loc158 Loc197 Loc84 Loc88 Loc138 Loc128 Loc3 Loc184 Loc172 Loc136 Loc165 Loc40 Loc4 Loc48 Loc135 Loc75 Loc119 Loc119 Loc75 Loc135 Loc48
75
Loc98 Loc101 Loc98
Loc170 Loc156 Loc170
Loc157 Loc134 Loc61 Loc94 Loc157
Loc164 Loc183 Loc15
Loc5 Loc125 Loc185
Loc62 Loc72 Loc62
Loc68 Loc109 Loc68
Loc196 Loc99 Loc58
Loc21 Loc187 Loc21
Loc6 Loc124 Loc6
Loc65 Loc161 Loc65
Loc150 Loc49
Loc92 Loc148 Loc92
Loc54 Loc28 Loc166 Loc54
Loc113 Loc96 Loc55 Loc32
Loc116 Loc70
Loc1 Loc117 Loc126
Loc10 Loc163
Loc85 Loc59 Loc85
Loc106 Loc20 Loc182 Loc142
Loc176 Loc177
Loc4 Loc57 Loc4
Loc130 Loc131 Loc130
Loc151 Loc171
Loc16 Loc16
Loc184 Loc184
Loc47 Loc47
Loc160 Loc160
Loc41 Loc41
Loc172 Loc172
Loc77 Loc77
Loc27 Loc27
Loc93 Loc93
Loc36 Loc36
Loc7 Loc7
Loc127 Loc127
Loc147 Loc147
Loc34 Loc34
Loc122 Loc122
Loc48 Loc48
Loc120 Loc120
Loc154 Loc154
Loc102 Loc102
Loc195 Loc195
Loc115 Loc115
Loc33 Loc33
Loc46 Loc46
Loc118 Loc118
Loc194 Loc194
Loc66 Loc66
Loc52 Loc52
Loc173 Loc173
Loc104 Loc104
Loc2 Loc2
Loc181 Loc181
Loc38 Loc38
Loc89 Loc89
Loc110 Loc110
Loc50 Loc50
Loc141 Loc141
Loc43 Loc43
Loc24 Loc24
Loc167 Loc167
Loc158 Loc158
Loc13 Loc13
Loc165 Loc165
Loc180 Loc180
Loc138 Loc138
Loc3 Loc3
Loc17 Loc17
Loc128 Loc128
Loc190 Loc190
Loc135 Loc135
Loc123 Loc123
Loc111 Loc111
