6Zg7j6t8kt ka4cgDWgq7 HpRVhY9Btb OF1HL5xl4P KpPj50fAfy OND9LnuOus eQGeDFyUBy 97dvK2Az7S MImiDijd1o VWD9Yy5Xrg zH4Z0p0Ftj 2Xeaya9zol NgxnYo41LY I1RTFIGWhc NULo72dPyj OGWcs2X8pk 8pgnfE3xKu 1iUrZ2N0MA s8EkvbOYAX 79JJ9GZF8c fhmE7A9rVl fhmE7A9rVl 79JJ9GZF8c s8EkvbOYAX ESDdDChkYw 1aPtXDhYtV wXTrLT9dUx wXTrLT9dUx 1aPtXDhYtV ESDdDChkYw pm1Yq2dCLL xKltif8n2P OGWcs2X8pk NULo72dPyj 4lUeyqYb0U J6nn6V6pVr J6nn6V6pVr 4lUeyqYb0U 2Xeaya9zol VWD9Yy5Xrg MImiDijd1o eQGeDFyUBy OND9LnuOus KpPj50fAfy fbxiHLAsv4 ECFKqOm791 OR78sPVsV9 EZQ9HUGjRN 5wb0VR04nl PzwBWrPM7w DFUEuoVNn7 H0NdoJawvz DFUEuoVNn7 PzwBWrPM7w 5wb0VR04nl EZQ9HUGjRN KpPj50fAfy OF1HL5xl4P HpRVhY9Btb ka4cgDWgq7 6Zg7j6t8kt
33
97dvK2Az7S GSDEYlNcCM Dkc5CxJ6RV 97dvK2Az7S
1iUrZ2N0MA 0gqiqztWgj dojrtYXceT
pm1Yq2dCLL iyQiEnpG35 uXkvSfF7Kv
xKltif8n2P lrFRnKniRv M9d0z6OccV N08DpqDewo
8pgnfE3xKu oRs9wR3IGE vCSWEyz4PC 8pgnfE3xKu
I1RTFIGWhc TH1GgoG5GU 7cteJXIZM1 YQKcyMibnc I1RTFIGWhc
NgxnYo41LY b3jUAAPOlA OpwMnuSGmp NgxnYo41LY
zH4Z0p0Ftj vD4d0BZ03p zH4Z0p0Ftj
H0NdoJawvz 4JtfcKJvHu Iroa6leixY H0NdoJawvz
OR78sPVsV9 Octagmmhko
ECFKqOm791 YZKJeBb8Pe
fbxiHLAsv4 tvKOOMQ7Sv fbxiHLAsv4
UgxUR9jKcJ UgxUR9jKcJ
1koyFI8rlU 1koyFI8rlU
ckEVpwA8CD ckEVpwA8CD
YrPP1U1r20 YrPP1U1r20
KpPj50fAfy KpPj50fAfy
wXTrLT9dUx wXTrLT9dUx
4ViGHxfdlc 4ViGHxfdlc
OGWcs2X8pk OGWcs2X8pk
79JJ9GZF8c 79JJ9GZF8c
G05S6XZiBa G05S6XZiBa
EZQ9HUGjRN EZQ9HUGjRN
4RZs4XFvF9 4RZs4XFvF9
VWD9Yy5Xrg VWD9Yy5Xrg
MpRNDD0glq MpRNDD0glq
ESDdDChkYw ESDdDChkYw
4lUeyqYb0U 4lUeyqYb0U
s8EkvbOYAX s8EkvbOYAX
fhmE7A9rVl fhmE7A9rVl
cqCbnI2bkr cqCbnI2bkr
1aPtXDhYtV 1aPtXDhYtV
ka4cgDWgq7 ka4cgDWgq7
