g3ylJsdLuC idQHxtSnxr BUMLJo6sc3 TSSOUimHPg IGpxjveim7 yvMowGbkvn vUu8ijgxxf DJYFSgxecW O6QhQ7e2YE 4TTtdOaCTp uqBwmUCwgE u4FAx2sHZm g2I4si69gU Qu2MUNKITj yU6iUY8YgO XOxGPscMMG WcyuqGYOzU oWmQcQwHPo 2eMl9AO5o8 2eMl9AO5o8 oWmQcQwHPo WcyuqGYOzU XOxGPscMMG yU6iUY8YgO Qu2MUNKITj FmtLnHv2HY XW1Wn7EqpN rCoEuOa7EU XW1Wn7EqpN 1TfvXd6dPZ dC48GQHGzO oCk2Yieytb WAi18jd2vJ 33omYiVXOD 5SSy593K31 qqiMfzDvYA VpC9l6m3bG ZqWjuL44qr jBYJ7v19BQ qjDSEKmZMW vLjEFrUVJv pKK7T4agKn pKK7T4agKn vLjEFrUVJv qjDSEKmZMW jBYJ7v19BQ ZqWjuL44qr qqiMfzDvYA 5SSy593K31 33omYiVXOD 1N2P3Sa7im x066w6eh4W fWIjO8yhE3 x066w6eh4W Pijq8aHqIR nFqfAnhO3U euuICgBLD4 x066w6eh4W uqBwmUCwgE MXIvZpEPtW pWVnBerIra gTAImjNH8G 7ZWqK2F5XG z8wUSSybzM 1KJyArncTt xjSWG1YKh9 Q2bVxDrpEx xjSWG1YKh9 KZfI0wRW9K xjSWG1YKh9 1KJyArncTt XlU2fx0ZPn BNkM7qaRNw yky49wE4YG 2nSOTVmvxV 5hWe1EOa3M yUArOGL7bN 6akdokYv9t QrJxLpX875 QrJxLpX875 6akdokYv9t yUArOGL7bN XlU2fx0ZPn 1KJyArncTt z8wUSSybzM O6QhQ7e2YE DJYFSgxecW vUu8ijgxxf yvMowGbkvn QOx0Q2p9eD 5sNanI9agV WCfxK7Y8pw HHHZ1vC1rP WCfxK7Y8pw 5sNanI9agV QOx0Q2p9eD yvMowGbkvn IGpxjveim7 idQHxtSnxr g3ylJsdLuC
63
BUMLJo6sc3 jPXsbXPNMq fecMfiAuGC BUMLJo6sc3
u4FAx2sHZm 2OsmeZV9xh u4FAx2sHZm
g2I4si69gU emYRLTiyj9 oVMPVsMWrZ g2I4si69gU
FmtLnHv2HY 2S929yZddP
rCoEuOa7EU x7iq98BiN3 mwzQG3SxnO
dC48GQHGzO pk0Vh75DnH
WAi18jd2vJ S8BtTu4yH9 1QXjsHNYao WAi18jd2vJ
oCk2Yieytb uIf3wnJUdn bWDewy6WbV oCk2Yieytb
VpC9l6m3bG TyL7NE2puV YAqGe4tKAP
1N2P3Sa7im u4LnQNaaiz K05xB79KZo
fWIjO8yhE3 8KtuAXHUy3 KHDeTTvJC1
QTNhZIciNJ xtp1B5q0W1 QTNhZIciNJ
qnkfLCmfDn h5Si5BAPN0 qnkfLCmfDn
Pijq8aHqIR dMOAUqH7Z3 lfdanPGo3c 0wTk0mYkLH bhojeHeddF Pijq8aHqIR
nFqfAnhO3U 0hs3CNDF4L TBzLS0OAYU
euuICgBLD4 onlLq65Azx r8njDwxc2t
KUJdxKVZFO nKHFs5cKTX KUJdxKVZFO
1TfvXd6dPZ mbSdju1TJK 1TfvXd6dPZ
0SQlBVJ1YY wRn7Oi1bcW
7ZWqK2F5XG Pz3egMzKU8 2O61j91J3T
Q2bVxDrpEx CUEWGmB7Gt KpxiCfRqh3
KZfI0wRW9K Q1N77BLmyb t25XjDwQhD tubjzjzUpV z9nRKYQ1ub
yky49wE4YG Pv5LMSkQii WRd4lScvm6 gZXiityEnU yky49wE4YG
5hWe1EOa3M LeZK9UvMT9 dj8JMfo3hX
2nSOTVmvxV TP2TNyk7wl
BNkM7qaRNw uvoepIQg9n CxfzSa2YOV BNkM7qaRNw
gTAImjNH8G M2hatQPY96
pWVnBerIra IT4pKw3giW
MXIvZpEPtW 4znnlMjVra biWuM2iRnz
4TTtdOaCTp FvzkpZRSj8
HHHZ1vC1rP Oiowits7js aEo62SfMqH
TSSOUimHPg 97ZNlakBoq LCKLTNE1vp
qjDSEKmZMW qjDSEKmZMW
12ECENJIev 12ECENJIev
s3eMpsYH00 s3eMpsYH00
YpRs8m6oyX YpRs8m6oyX
XW1Wn7EqpN XW1Wn7EqpN
WcyuqGYOzU WcyuqGYOzU
oEdovEhrWM oEdovEhrWM
0mnwiU4XrT 0mnwiU4XrT
5SSy593K31 5SSy593K31
yvMowGbkvn yvMowGbkvn
QrJxLpX875 QrJxLpX875
idQHxtSnxr idQHxtSnxr
GQ4F0g3Mdj GQ4F0g3Mdj
oIVQ2qkgnR oIVQ2qkgnR
RN0bCAV6rQ RN0bCAV6rQ
03xK87sjTf 03xK87sjTf
bsEkAY2K41 bsEkAY2K41
WvFZJEkTrw WvFZJEkTrw
IA0Uf143OT IA0Uf143OT
oWmQcQwHPo oWmQcQwHPo
CSjLrGbUz3 CSjLrGbUz3
JD3uem81Lg JD3uem81Lg
7g0Idy1nzK 7g0Idy1nzK
723MhcLxt0 723MhcLxt0
Tk8ERvdKxF Tk8ERvdKxF
yU6iUY8YgO yU6iUY8YgO
XlU2fx0ZPn XlU2fx0ZPn
srT70dfQEr srT70dfQEr
vUu8ijgxxf vUu8ijgxxf
fXy828RCG4 fXy828RCG4
jBYJ7v19BQ jBYJ7v19BQ
