153 170 24 134 143 96 128 128 96 9 109 104 47 120 84 84 106 93 12 12 93 106 176 95 77 53 178 45 155 155 0 154 130 70 39 39 70 154 0 155 45 178 53 77 95 176 29 192 29 125 79 172 26 181 181 146 75 16 144 117 135 135 117 13 196 196 13 16 67 28 49 49 67 146 181 26 172 133 91 92 82 149 193 193 149 82 169 35 23 48 2 100 56 191 14 163 78 78 163 14 191 56 100 160 160 100 100 2 23 35 169 41 108 108 41 41 190 71 11 168 168 11 71 190 172 79 125 134 24 15 15 153
65
9 156
192 5 68 192
109 99
47 113 129 34 47
120 36 184 161 120
130 112 61 140 197
60 43 60
104 195
75 136 182
144 4 124 7 194
28 20 74 167 126 152 28
91 177 81
92 52 171 179
17 40 187 42
48 3 88 122 127 37 8 147
133 150
143 119 50
170 188 170
168 168
29 29
12 12
196 196
145 145
118 118
2 2
58 58
15 15
26 26
13 13
86 86
21 21
160 160
70 70
90 90
89 89
163 163
16 16
11 11
98 98
178 178
135 135
137 137
41 41
93 93
172 172
49 49
138 138
56 56
96 96
23 23
95 95
19 19
35 35
53 53
180 180
128 128
131 131
146 146
169 169
0 0
108 108
77 77
134 134
83 83
79 79
