Patrick0 Frank5 Julia9 Ray12 Tempie14 Doris19 John24 William28 Danny31 Flora33 Donna38 Scott43 Carolyn47 Sylvia50 Don52 Cheryl57 Amy62 Joseph66 Michell69 Cheryl71 Ray76 Luisa81 Billie85 Keith88 Velva90 Nancy95 Colleen100 Vicente104 Ruth107 Jeremy109 Gordon114 Peggy119 Mark123 Levi126 Rick128 Christi133 Eric138 Sharon142 Roberta145 Elizabeth147
64
Patrick0 Elaine1 Antoinette2 Lawrence3 Minnie4
Frank5 Gabrielle8
Julia9 Brenda11
Ray12 Lela13
Tempie14 Mary17 Dave18
Doris19 Robert20 Catherine21 Vivian22 Paula23
John24 Tisha27
William28 Kyle30
Danny31 Yvonne32
Flora33 Fred36 William37
Donna38 Maria39 Bette40 William41 Brenda42
Scott43 Richard46
Carolyn47 Gerald49
Sylvia50 Lori51
Don52 Lena55 Mercedes56
Cheryl57 Charles58 Jenny59 Christine60 Joseph61
Amy62 David65
Joseph66 Rhonda68
Michell69 Dorothy70
Cheryl71 Josephine74 Loretta75
Ray76 Emily77 Salvador78 Carol79 Thomas80
Luisa81 Tom84
Billie85 Evangelina87
Keith88 Ellis89
Velva90 Joel93 Joyce94
Nancy95 Michael96 Donna97 Robert98 Judith99
Colleen100 Brandon103
Vicente104 Jared106
Ruth107 Jean108
Jeremy109 Valerie112 Bill113
Gordon114 Ashley115 Christina116 Barbara117 Fidel118
Peggy119 Naomi122
Mark123 Richard125
Levi126 Joshua127
Rick128 Darla131 Timothy132
Christi133 William134 Andrew135 Robert136 Robert137
Eric138 Scott141
Sharon142 Man144
Roberta145 Margaret146
Elizabeth147 Nicholas150 Rebecca151 Patricia153 John154 Michael155 Tony156
Louis6 Louis6
Taylor7 Taylor7
Matthew10 Matthew10
Lorraine25 Lorraine25
Louise26 Louise26
Phyllis29 Phyllis29
Gina44 Gina44
Jose45 Jose45
Ronald48 Ronald48
Paul63 Paul63
Joshua64 Joshua64
Steven67 Steven67
Dorothy82 Dorothy82
David83 David83
Darnell86 Darnell86
Dominique101 Dominique101
Glen102 Glen102
Ryan105 Ryan105
Susie120 Susie120
Luz121 Luz121
Marlene124 Marlene124
Irma139 Irma139
Heidi140 Heidi140
Samuel143 Samuel143
