htb26qt 4lvyha1 iffsi mw8g2qjo1 v5twchi v5twchi 89ladcv dt4ljfgjkizpq hq5mh8mi pt2n7hl tu8xxomxhi hc2hf5t8 nm7ud og6n7bgq8h p9mtts og6n7bgq8h og6n7bgq8h nm7ud mucolb1r ay5sahonq84 tu8xxomxhi hq5mh8mi dt4ljfgjkizpq ozag34bm9 ht1efrhmh tbd92q aplkk57cpzm q42s9z886w5 itbc25it1yep q42s9z886w5 q42s9z886w5 q42s9z886w5 q42s9z886w5 q42s9z886w5 q42s9z886w5 q42s9z886w5 q42s9z886w5 q42s9z886w5 q42s9z886w5 q42s9z886w5 q42s9z886w5 q42s9z886w5 q42s9z886w5 q42s9z886w5 q42s9z886w5 q42s9z886w5 q42s9z886w5 q42s9z886w5 q42s9z886w5 q42s9z886w5 q42s9z886w5 q42s9z886w5 q42s9z886w5 q42s9z886w5 q42s9z886w5 q42s9z886w5 q42s9z886w5 q42s9z886w5 q42s9z886w5 q42s9z886w5 q42s9z886w5 q42s9z886w5 q42s9z886w5 q42s9z886w5 q42s9z886w5 aplkk57cpzm tbd92q ht1efrhmh 9lvbrlgk 52a3fj2zh 87jxa 8m3pascg 6u4sf1gi 8gc7dka8lfy txlltgki 5612qqmh txlltgki 8gc7dka8lfy 6u4sf1gi id5491f19 6u4sf1gi 37v6d 37v6d yr44oj2 x73l73jp 3khitn6 vl6czuab eb88zd8x f92ere3 f92ere3 eb88zd8x vl6czuab x73l73jp 4nwqnlye ynuam4f8 1161ildqnj 1161ildqnj ynuam4f8 4nwqnlye 37v6d 87jxa 52a3fj2zh 52a3fj2zh 9lvbrlgk 9lvbrlgk dt4ljfgjkizpq ml5lp1nmef 812l47wm 812l47wm ilaz9q ysiw8m4l z4kx8k9 hipbkq7s74z hipbkq7s74z ilaz9q 812l47wm 5stwoup zjj1dm8s zjj1dm8s zjj1dm8s 5stwoup kwtb3cg kwtb3cg iffsi 4lvyha1 htb26qt
51
mw8g2qjo1 1ca2x2cnc wqkqf mw8g2qjo1
pt2n7hl g2g6fxcwr2l pt2n7hl
p9mtts euhqqqmdpe a5u8g4sej pmyqr p9mtts
hc2hf5t8 59yzvtv hc2hf5t8
ay5sahonq84 vrem3ey3kg44 ic2r4blmm9 ay5sahonq84
mucolb1r 8jea4n4ez mucolb1r
itbc25it1yep yg6hizqty grn3uqx9y
8m3pascg 9oii82xaa yhp7wbv9 7hz6j8 4w6uhigzl 8m3pascg
5612qqmh dlkmpx ushjdkdhm9 e7lxs
id5491f19 nd9xavj itrx5fucdq gd5ct4
3khitn6 art44ncra fej54ps5j tjwldi 3khitn6
yr44oj2 piawzpgtzz9 obabms yr44oj2
ozag34bm9 k3qywmpr pwqxinlzb3s i6lsw66h ozag34bm9
z4kx8k9 4ka6l1c8w y3eg7gqq6 h1gz5hzz 1jhmm8m85
ysiw8m4l 6k7du ysiw8m4l
ml5lp1nmef l8yypbh 7pbkkbbpw
uzsjpl5f5 9egqgrh7x4e uzsjpl5f5
89ladcv hwu8dv9jgknbm
yhvc7zg yhvc7zg
iffsi iffsi
zou7sx9w zou7sx9w
txlltgki txlltgki
9lvbrlgk 9lvbrlgk
5stwoup 5stwoup
og6n7bgq8h og6n7bgq8h
nm7ud nm7ud
6u4sf1gi 6u4sf1gi
ynuam4f8 ynuam4f8
tu8xxomxhi tu8xxomxhi
812l47wm 812l47wm
ht1efrhmh ht1efrhmh
kxhc6t8tu kxhc6t8tu
aplkk57cpzm aplkk57cpzm
kwtb3cg kwtb3cg
zjh83ae zjh83ae
52a3fj2zh 52a3fj2zh
vl6czuab vl6czuab
dt4ljfgjkizpq dt4ljfgjkizpq
x73l73jp x73l73jp
q42s9z886w5 q42s9z886w5
1161ildqnj 1161ildqnj
yx6dguko yx6dguko
f92ere3 f92ere3
s9vu9xx884 s9vu9xx884
87jxa 87jxa
ilaz9q ilaz9q
37v6d 37v6d
hyc885fvjls hyc885fvjls
hq5mh8mi hq5mh8mi
8gc7dka8lfy 8gc7dka8lfy
t4iedm t4iedm
