y1ueyuwp oso2xmpn1i 8cfvpx26xwcwt 7og7qr4t86 q847myi q847myi kab7t8o7qjj kab7t8o7qjj q847myi 7og7qr4t86 8cfvpx26xwcwt 4cddmu86gmo 95nsenz6 jjeivv4j55 vehkyi71w 9956fi f3vyq53xc f3vyq53xc 9956fi z3qc9ub eq5c5ygub w4qoh15 8eg2mee nu38y4r5 u3hrcbx4 6cobswykzz 6cobswykzz u3hrcbx4 ap28w d37uowoo2 d37uowoo2 ap28w 8eg2mee 8eg2mee 8eg2mee 8eg2mee 8eg2mee 8eg2mee w4qoh15 eq5c5ygub z3qc9ub ngl6ujj91 b7of9a oyoi4md61 3hlob94j5u m6ncea3 m6ncea3 3hlob94j5u xllfi9b wumltwm wumltwm xllfi9b p4fcg3ba dwpot1sud p4fcg3ba 95nsenz6 quxig9xz2 bmicm4au bmicm4au h5k2yge4 6u33i 2y9obuu p53u2x9bku99j p53u2x9bku99j 2y9obuu 6u33i h5k2yge4 95nsenz6 fb1k5fttu6 p5kt5ib5v8 p5kt5ib5v8 fb1k5fttu6 y1ueyuwp
29
jjeivv4j55 uus7jirbe svhmnjst1e my85gnmouy rkd38ui5s4 u4xzrfm7f jjeivv4j55
vehkyi71w 2bwd2j vehkyi71w
nu38y4r5 38s4jyp4eu yik8cqxn2 swoprer
ngl6ujj91 ehy39
b7of9a vnsdusp
oyoi4md61 31raz5hp9v l12pu
dwpot1sud mqt67y9n fhrrge
quxig9xz2 8erlfq t9q1ztn8723 quxig9xz2
4cddmu86gmo umnww3 4cddmu86gmo
oso2xmpn1i yida2btlrgcd2it kch7lui7
7og7qr4t86 7og7qr4t86
3hlob94j5u 3hlob94j5u
8cfvpx26xwcwt 8cfvpx26xwcwt
9956fi 9956fi
kab7t8o7qjj kab7t8o7qjj
j2pso94 j2pso94
q847myi q847myi
8eg2mee 8eg2mee
eq5c5ygub eq5c5ygub
kc3zwg52 kc3zwg52
xllfi9b xllfi9b
2y9obuu 2y9obuu
bmicm4au bmicm4au
f3vyq53xc f3vyq53xc
w4qoh15 w4qoh15
95nsenz6 95nsenz6
p53u2x9bku99j p53u2x9bku99j
ywksl5wd ywksl5wd
6u33i 6u33i
