index97 index39 index51 index51 index39 index19 index4 index17 index44 index44 index7 index33 index33 index7 index44 index49 index84 index84 index84 index3 index15 index55 index87 index80 index30 index31 index48 index92 index12 index12 index92 index78 index5 index5 index5 index78 index31 index45 index45 index80 index87 index55 index15 index3 index84 index36 index23 index99 index37 index94 index76 index25 index64 index77 index88 index88 index35 index62 index98 index83 index38 index93 index82 index70 index29 index29 index82 index93 index38 index83 index83 index98 index62 index35 index88 index77 index64 index25 index6 index41 index20 index20 index54 index0 index34 index53 index89 index10 index71 index56 index75 index75 index71 index10 index89 index34 index47 index72 index61 index61 index72 index47 index54 index6 index25 index76 index94 index37 index99 index23 index36 index4 index19
33
index97 index1 index63
index48 index11 index57 index8 index9 index48
index30 index60
index49 index79 index49
index41 index85 index41
index53 index13
index56 index91 index24
index0 index14 index58 index0
index70 index27 index2 index42 index52 index43 index70
index16 index59
index17 index68 index73
index3 index3
index6 index6
index7 index7
index10 index10
index15 index15
index22 index22
index23 index23
index25 index25
index26 index26
index29 index29
index31 index31
index32 index32
index33 index33
index35 index35
index38 index38
index39 index39
index44 index44
index51 index51
index72 index72
index76 index76
index78 index78
index94 index94
