index155 index180 index153 index78 index181 index66 index161 index51 index136 index136 index51 index161 index66 index32 index199 index112 index171 index176 index9 index190 index120 index120 index190 index20 index145 index106 index195 index55 index55 index129 index106 index145 index20 index176 index171 index112 index199 index32 index111 index5 index173 index84 index6 index63 index102 index21 index21 index109 index158 index132 index118 index2 index148 index68 index88 index93 index152 index114 index18 index121 index121 index18 index114 index152 index93 index88 index80 index31 index194 index89 index117 index146 index10 index134 index75 index186 index72 index42 index169 index169 index42 index72 index10 index146 index117 index89 index194 index31 index80 index2 index140 index140 index130 index130 index130 index140 index11 index11 index132 index109 index109 index63 index6 index84 index197 index79 index53 index86 index22 index139 index0 index123 index191 index74 index14 index142 index124 index98 index124 index142 index14 index67 index164 index17 index65 index65 index28 index4 index4 index28 index164 index67 index14 index74 index191 index123 index141 index141 index139 index22 index86 index53 index79 index133 index149 index41 index38 index59 index154 index27 index43 index119 index103 index35 index30 index64 index13 index62 index54 index91 index24 index174 index37 index196 index168 index168 index196 index37 index37 index174 index24 index137 index81 index81 index137 index54 index62 index13 index13 index64 index30 index35 index103 index119 index43 index48 index192 index192 index48 index154 index45 index110 index163 index76 index76 index163 index45 index154 index59 index41 index149 index79 index197 index84 index5 index111 index32 index78 index153 index155
70
index181 index52
index9 index15 index116 index9
index195 index99 index56
index129 index100 index156 index129
index173 index108
index102 index157
index158 index172 index23 index49 index159 index158
index118 index92 index90 index115 index26 index96 index118
index148 index60
index68 index57
index75 index83
index134 index50 index134
index186 index95 index19 index186
index0 index87 index128
index98 index44 index198
index17 index150 index126 index17
index133 index39 index133
index38 index107
index27 index125 index27
index91 index47 index165 index25 index143 index170
index110 index3 index113 index110
index180 index144
index4 index4
index5 index5
index6 index6
index10 index10
index11 index11
index14 index14
index18 index18
index20 index20
index21 index21
index22 index22
index24 index24
index30 index30
index31 index31
index32 index32
index37 index37
index40 index40
index42 index42
index55 index55
index58 index58
index62 index62
index63 index63
index66 index66
index67 index67
index69 index69
index81 index81
index86 index86
index88 index88
index89 index89
index97 index97
index106 index106
index109 index109
index112 index112
index114 index114
index121 index121
index124 index124
index130 index130
index131 index131
index137 index137
index141 index141
index142 index142
index152 index152
index164 index164
index167 index167
index169 index169
index174 index174
index190 index190
index196 index196
index199 index199
