hC71hIuyRaST3AiaSZqg cXmjc3Wu4kjM1IHGgfA5 m0W1PzAhoOpYXaJ0LLW5 cXmjc3Wu4kjM1IHGgfA5 lrXvsaItMucJuqzZylSg btiXecpJBKmrIHtQ7jPA btiXecpJBKmrIHtQ7jPA lrXvsaItMucJuqzZylSg UE66Ok3YtceUJCwuX3xr SbMznZDIZs7TTEfAUGt3 SbMznZDIZs7TTEfAUGt3 VkEnPX1CQCoh4CxlXSlf xTqag3TRSmD8TI7ozU6T qzhMj5jvroYQ0sxm9D9f qzhMj5jvroYQ0sxm9D9f ymIUUgCvgB7r5le0Mh11 ymIUUgCvgB7r5le0Mh11 qzhMj5jvroYQ0sxm9D9f nOsoIFzZBhdd6bjP45Ba Wvcwm6VpeYnZXpTH3IZP Z2YJKymsE6JEohxl2CgC 2TderjwrXrNV2UBZ77eD LI8fhHKJlh7mQx1nNK0m IWOalMs6IXX5Ln6F9Eov 2QgUKFj4HV0dn5Ia55tj QYsTJmc2IUi36H1YK47s m54EIZlfduVsUOzACS5b iuuWW5781KuHBsKkyWMa lVjpvSHc5hBrS7dzTmI1 lVjpvSHc5hBrS7dzTmI1 m54EIZlfduVsUOzACS5b QYsTJmc2IUi36H1YK47s 85xSse1gOLjILYSRUgB9 f67LrguccbwZw0aXriuu 3pFVvt0XFh3JvOGqpp1y b9q1t3OMZ6dXE5R6ca5w vXrEXAmThLoQVXFImZcg 7DZfG4yobV0xCcSaxf27 5E8wNso5HkheqEVi0Uhr 6jnt0RQvUBeXBhrLOwzh EnQuMk7pVZUnmn2BboBv OBEPyJuvhH0Z9VoT2UNC h52UeNen88U7Y4iFuOF7 h52UeNen88U7Y4iFuOF7 OBEPyJuvhH0Z9VoT2UNC VHkCxqV9Ecgzij51DFic u8OLHMd8iqOiUbQQ7wxA RNtZ6m1O9hQj2ovJiJE3 JuSdCG8HSUzwufkmRvTN tlptthCZhNn9sCWA6nK3 qsQI3bptDcBOGz4nQEL5 qsQI3bptDcBOGz4nQEL5 tlptthCZhNn9sCWA6nK3 RNtZ6m1O9hQj2ovJiJE3 6jnt0RQvUBeXBhrLOwzh 4MuL6AbQo2ozZ4x7psrd 1wSeohNTb1oCspxe2x4j fHaNehOegdlwymJ5Tbvp uwYFKqdXzHrDjwNLVxGZ uwYFKqdXzHrDjwNLVxGZ fHaNehOegdlwymJ5Tbvp 1wSeohNTb1oCspxe2x4j jLS4UljOCe6h8LwAOGRX 24YcTAlCtPoNC11H3BAQ NWAZrSnr0i1Dj5TA6dLc euZ15YwFUeCb42J4vvX6 wqyhoOJuJuNfuZ1c9ZhU wqyhoOJuJuNfuZ1c9ZhU euZ15YwFUeCb42J4vvX6 RiZJXix70KkeQI5YZY9j WWEBxNNG20y6nEEMPvzN QDFrfZgHiHMBgGJy1v64 QDFrfZgHiHMBgGJy1v64 dsEyS8WvuzfBZPrbbzZx 63EFNMvLteBrV7Lj9nA4 CITGt2jOx7Lecs3CtylJ ObIUeV1Y9WxgQVINEZzj CITGt2jOx7Lecs3CtylJ nmwnnNlPCMIjajSEo2R3 C5aQkckiWq5qVUhbiI57 oakCd1HozhO35GtImcF2 oakCd1HozhO35GtImcF2 C5aQkckiWq5qVUhbiI57 C5aQkckiWq5qVUhbiI57 nmwnnNlPCMIjajSEo2R3 CJPsPFylFkMPqvXrW58O Udew7VNFg6dndWFd4Xv7 qtHpIO00aVjMjk7M0v9K k3PQRnKD222tnpAYeJ4O k3PQRnKD222tnpAYeJ4O k3PQRnKD222tnpAYeJ4O qtHpIO00aVjMjk7M0v9K aGWdv30UuUFiszMErlJF gY86LqbQLTIYrcgU8Crt nP45x6vSjSYCI8DDOBiZ nP45x6vSjSYCI8DDOBiZ gY86LqbQLTIYrcgU8Crt aGWdv30UuUFiszMErlJF CJPsPFylFkMPqvXrW58O dsEyS8WvuzfBZPrbbzZx QDFrfZgHiHMBgGJy1v64 WWEBxNNG20y6nEEMPvzN RiZJXix70KkeQI5YZY9j 24YcTAlCtPoNC11H3BAQ jLS4UljOCe6h8LwAOGRX 4MuL6AbQo2ozZ4x7psrd 6jnt0RQvUBeXBhrLOwzh 5E8wNso5HkheqEVi0Uhr 7DZfG4yobV0xCcSaxf27 vXrEXAmThLoQVXFImZcg b9q1t3OMZ6dXE5R6ca5w tb41LamjPxrSZBTCVL4N g5fwwkfUKem4JdibLkXM PFAHK1LPbENiUm01N8B0 xtgYSd34f56WAH3CCBpW ElLrRzuv43VPHSxgF9aR ElLrRzuv43VPHSxgF9aR xtgYSd34f56WAH3CCBpW PFAHK1LPbENiUm01N8B0 g5fwwkfUKem4JdibLkXM b9q1t3OMZ6dXE5R6ca5w 3pFVvt0XFh3JvOGqpp1y f67LrguccbwZw0aXriuu 85xSse1gOLjILYSRUgB9 QYsTJmc2IUi36H1YK47s 2QgUKFj4HV0dn5Ia55tj IWOalMs6IXX5Ln6F9Eov LI8fhHKJlh7mQx1nNK0m 2TderjwrXrNV2UBZ77eD 2TderjwrXrNV2UBZ77eD Z2YJKymsE6JEohxl2CgC Wvcwm6VpeYnZXpTH3IZP nOsoIFzZBhdd6bjP45Ba oq1GulTWdKtwAlNIQxnY 2dfprAgHp3T6RrgooKgP NXZByMrsstrrXRLxVcyg NXZByMrsstrrXRLxVcyg qsbRHSDlSHG3Ep5gugbq qsbRHSDlSHG3Ep5gugbq NXZByMrsstrrXRLxVcyg uJlmjikTUoEO48jGpFMW c2cBpUI19bqo5IjxQzNs x81SdeDfzbsk8wgCHcJT x81SdeDfzbsk8wgCHcJT oq1GulTWdKtwAlNIQxnY
65
m0W1PzAhoOpYXaJ0LLW5 UQEmoPmHSH2FlTDuXOEx Wf6tYlitgmZKoXfughsS Ca5sYccbD9TUz7JLHrcf
hC71hIuyRaST3AiaSZqg 4wWd3kvalFkda9M583i7
UE66Ok3YtceUJCwuX3xr v0QCMKnmfkXllH4nQHen COVfDobG5VcfcSxLDUch
YygsiZkXDS9oQ07w4psX OAcbYkMyAi1Iu0vWaaFc YygsiZkXDS9oQ07w4psX
2dfprAgHp3T6RrgooKgP gZiMcGUkLd8qaWleLH1T 3MmCPAjYheu6g9TkIxDm 72cxNTZ1Tw5teVGiR2xj 2dfprAgHp3T6RrgooKgP
uJlmjikTUoEO48jGpFMW zbsjvfwSdNExCnTFLo8x
c2cBpUI19bqo5IjxQzNs 2YL9dYowMkTTxjU0fVal 468JV90VoJDfHRf7bwGC
VkEnPX1CQCoh4CxlXSlf EEWjQ3rZ3GM9oucA2vc5 5doygtE58PVlrfBbaaxD VkEnPX1CQCoh4CxlXSlf
iuuWW5781KuHBsKkyWMa yMXdJdorJpzOHHt9uIfg Mufarp9xGx29xj0P1ijS sCcEFmBkhTop4sycKzuM Dv6lwBgjbbZceuQXFzFf
EnQuMk7pVZUnmn2BboBv QHOT9LWV0s6xVVreglDh 1Oc2bGjHzXrMLiYLik5Z z0rRwRZbA1TaaAgS8PYu
VHkCxqV9Ecgzij51DFic OLGSBuAPLZmdhTN6ApoS
8IUV6HBSYn47shRwVW5F 1ae7bJScGomdGEdgag5b DmIjX4adnoqSEDmx2f39 EqrhH8oFQmMRN10foGjV 8IUV6HBSYn47shRwVW5F
JuSdCG8HSUzwufkmRvTN FE29I03FH1qEyEvIQNGT mkGdh9qd7uj9x5W3Koxj JuSdCG8HSUzwufkmRvTN
u8OLHMd8iqOiUbQQ7wxA 1uTE034Q24DWmybWBbX4
NWAZrSnr0i1Dj5TA6dLc fzCA3w8Mu664WC0yRZb5 fuNQ8Sfy86k6zaBQjwEz 6KcltWtleWJ6izN3XL0F NWAZrSnr0i1Dj5TA6dLc
ObIUeV1Y9WxgQVINEZzj RDnAjQbgrCahBSBieO1p NqvNOj5h3GSbJm5NawjL CgUyoeVDFzkf0g6EiF8w l5OFQGDhW1xJJ8ERuglz
63EFNMvLteBrV7Lj9nA4 R22TNV5lr1tmI44FcHvv yXrak2UUHdgFCsCWvgfp 63EFNMvLteBrV7Lj9nA4
kvWSRFx5cBJAdKv02AAn RSJQdRAK7H6zYHVeXyPj
Udew7VNFg6dndWFd4Xv7 W5rNQea9NsCafaUbLgWC laRDyozSdXcFtmdQ5VqD eULKHiriYHElwEbrQo2X
rW1b1NT9NaRlIIxoT8XF ddzqPXECnHQT4a4RIpSF 61VEe5QpRdEG1AHTZmSn bw0K7NVh1sgqlnescYkX rW1b1NT9NaRlIIxoT8XF
MCc3yEIO8tXzzu5ZknlT WgneGAZv4qtDq8Q5DYZf
m2kNeowjoX6iaPduqLLc kuIwHVHn49UEM4TprHKr
tb41LamjPxrSZBTCVL4N IC3wlDskAWyf0o1M61kl t9sTQNaMU9o2HF5pm7xT
xTqag3TRSmD8TI7ozU6T qyWH5Ui5kFJGpXM7i2RZ P6PcaiimLTne6w5m7SJi
IWOalMs6IXX5Ln6F9Eov IWOalMs6IXX5Ln6F9Eov
NXZByMrsstrrXRLxVcyg NXZByMrsstrrXRLxVcyg
wqyhoOJuJuNfuZ1c9ZhU wqyhoOJuJuNfuZ1c9ZhU
xtgYSd34f56WAH3CCBpW xtgYSd34f56WAH3CCBpW
g5fwwkfUKem4JdibLkXM g5fwwkfUKem4JdibLkXM
Mi1upMhcgP7iV16OWKN5 Mi1upMhcgP7iV16OWKN5
nmwnnNlPCMIjajSEo2R3 nmwnnNlPCMIjajSEo2R3
nOsoIFzZBhdd6bjP45Ba nOsoIFzZBhdd6bjP45Ba
jLS4UljOCe6h8LwAOGRX jLS4UljOCe6h8LwAOGRX
6jnt0RQvUBeXBhrLOwzh 6jnt0RQvUBeXBhrLOwzh
2TderjwrXrNV2UBZ77eD 2TderjwrXrNV2UBZ77eD
ymIUUgCvgB7r5le0Mh11 ymIUUgCvgB7r5le0Mh11
1wSeohNTb1oCspxe2x4j 1wSeohNTb1oCspxe2x4j
oq1GulTWdKtwAlNIQxnY oq1GulTWdKtwAlNIQxnY
oakCd1HozhO35GtImcF2 oakCd1HozhO35GtImcF2
TrUW9m3qjkTMvqHNRot0 TrUW9m3qjkTMvqHNRot0
aGWdv30UuUFiszMErlJF aGWdv30UuUFiszMErlJF
cXmjc3Wu4kjM1IHGgfA5 cXmjc3Wu4kjM1IHGgfA5
KqTw626stjcdChciHrJ6 KqTw626stjcdChciHrJ6
8w6JkwNghwwfzVWZlMG6 8w6JkwNghwwfzVWZlMG6
Tgouk8HApNFShyYjQedR Tgouk8HApNFShyYjQedR
btiXecpJBKmrIHtQ7jPA btiXecpJBKmrIHtQ7jPA
24YcTAlCtPoNC11H3BAQ 24YcTAlCtPoNC11H3BAQ
nnG2z19YXqYOoAxMQkFV nnG2z19YXqYOoAxMQkFV
lVjpvSHc5hBrS7dzTmI1 lVjpvSHc5hBrS7dzTmI1
RNtZ6m1O9hQj2ovJiJE3 RNtZ6m1O9hQj2ovJiJE3
2QgUKFj4HV0dn5Ia55tj 2QgUKFj4HV0dn5Ia55tj
4MuL6AbQo2ozZ4x7psrd 4MuL6AbQo2ozZ4x7psrd
b9q1t3OMZ6dXE5R6ca5w b9q1t3OMZ6dXE5R6ca5w
7DZfG4yobV0xCcSaxf27 7DZfG4yobV0xCcSaxf27
C5aQkckiWq5qVUhbiI57 C5aQkckiWq5qVUhbiI57
OBEPyJuvhH0Z9VoT2UNC OBEPyJuvhH0Z9VoT2UNC
LI8fhHKJlh7mQx1nNK0m LI8fhHKJlh7mQx1nNK0m
qsbRHSDlSHG3Ep5gugbq qsbRHSDlSHG3Ep5gugbq
Z2YJKymsE6JEohxl2CgC Z2YJKymsE6JEohxl2CgC
x81SdeDfzbsk8wgCHcJT x81SdeDfzbsk8wgCHcJT
vXrEXAmThLoQVXFImZcg vXrEXAmThLoQVXFImZcg
g6Fit1BcwBIbAAJnBKGn g6Fit1BcwBIbAAJnBKGn
QYsTJmc2IUi36H1YK47s QYsTJmc2IUi36H1YK47s
PFAHK1LPbENiUm01N8B0 PFAHK1LPbENiUm01N8B0
dsEyS8WvuzfBZPrbbzZx dsEyS8WvuzfBZPrbbzZx
