Chattanooga Cleveland NewOrleans ElPaso Dayton Plano Fresno OuterHaven Greensboro PembrokePines Greensboro Portland JerseyCity Portland Plano Miami Sacramento Huntsville Fremont Honolulu Peoria Jerusalem NewportNews Minneapolis WinstonSalem Cincinnati WinstonSalem Knoxville Berkeley Knoxville WinstonSalem Jerusalem Fremont SanBernardino Boise Sunnyvale StPetersburg Boise Lakewood Augusta SantaClarita Hayward Akron RanchoCucamonga Akron Irvine Augusta Lakewood Boise SanBernardino Fremont Sacramento Miami Scottsdale OverlandPark Surprise OverlandPark BatonRouge Bakersfield OverlandPark Montgomery Macon Orange Memphis Roseville FortWorth FortWorth Plano Dayton ElPaso NewOrleans Cleveland Chattanooga
54
Memphis McAllen SanAntonio Wichita Memphis
Roseville Durham Yonkers Glendale Henderson NewYork ChulaVista Tallahassee
Montgomery SanJose
Macon Shreveport CapeCoral
Orange Fayetteville Baltimore Lexington KansasCity Orange
Huntsville Oxnard
Honolulu SanFrancisco PortStLucie Honolulu
Peoria Lubbock
NewportNews Alexandria DesMoines NewportNews
Minneapolis Chicago Brownsville
Berkeley Spokane Boston Berkeley
Cincinnati Paterson GrandPrairie Waco LosAngeles Cincinnati
Sunnyvale SanDiego
StPetersburg Toledo Jacksonville
RanchoCucamonga Newark Ontario
Irvine Syracuse SantaAna Joliet Fontana Irvine
Hayward Raleigh Washington Hayward
SantaClarita Pomona SantaClarita
Scottsdale Phoenix Tempe Scottsdale
Surprise Midland Richmond Surprise
Bakersfield Oceanside GardenGrove Charlotte Bakersfield
BatonRouge Austin BatonRouge
Fresno Worcester GrandRapids
OuterHaven Louisville
PembrokePines Orlando Salem Denton
JerseyCity Buffalo Olathe
Lincoln Lincoln
LittleRock LittleRock
Aurora Aurora
Knoxville Knoxville
Fremont Fremont
Riverside Riverside
SanBernardino SanBernardino
Tacoma Tacoma
Cleveland Cleveland
Corona Corona
Springfield Springfield
Vancouver Vancouver
Indianapolis Indianapolis
Murfreesboro Murfreesboro
Anchorage Anchorage
FortWorth FortWorth
Anaheim Anaheim
SaintPaul SaintPaul
FortLauderdale FortLauderdale
ElPaso ElPaso
Madison Madison
Savannah Savannah
Boise Boise
Plano Plano
Naperville Naperville
Jackson Jackson
Akron Akron
Frisco Frisco
