Porterton Dianashire Burgessview Williamfort Moodyburgh Williamport Ashleystad Williamport Burgessview Marcusburgh Matthewburgh Bondfort Marcusburgh Tylerbury Marcusburgh Fletcherland Marcusburgh Burgessview Billton Banksburgh Billton Burgessview Dianashire Ashleyborough Paulburgh Walltown Ashleyborough Clarkberg Ashleyborough Osborneville Payneview Ashleyborough Dianashire Porterton Wallton Davisstad Leechester Wallton Danielleport Melissaview Wallton Derekmouth Geraldside Michellehaven Geraldside Joseport Geraldside Derekmouth Charlesberg Kevinberg Derekmouth Jeffreyfort Derekmouth Wallton Porterton
59
Moodyburgh Millerborough Masseyside Ortegaberg
Williamfort Leahmouth Garciamouth Loweryborough
Ashleystad Vickiville Ryanside Mindyview
Bondfort Buckleyside Priceville Harrisborough
Virginiastad Horneside
Matthewburgh Johnsonberg
Tylerbury Hansonbury Wilsonstad
Fletcherland Ortizberg Mirandaview
Banksburgh Williamland Shawnfort
Walltown Combsville Reynoldsview Williamshire Danielville
Paulburgh Abigailhaven
Clarkberg Clarenceview Derekville Jameston
Payneview Clarkborough Brendaview Christopherhaven Feliciaville Calvinton
Teresafort Abigailville Jacksonland
Osborneville Dannyside Candaceborough
Davisstad Josephstad Jermaineton
Leechester Suttonville Jonesfurt
Pettyton Mercedesmouth Taylorton
Melissaview Thompsonshire Christyland Robertomouth Houstonchester Dyerport
Danielleport Adamport Adkinsberg Hallstad
Michellehaven Fordhaven Joneschester
Joseport Kylieview Hodgesstad
Charlesberg Clarkport Candiceland Tannerhaven Osbornemouth
Kevinberg Troyfort Thomasmouth Andrewschester Bradberg
Jeffreyfort Patriciaside Susanfort Nealfurt
Adamview Adamview
Haleview Haleview
Parkermouth Parkermouth
Kimberlyburgh Kimberlyburgh
Michaelview Michaelview
Cranemouth Cranemouth
Audreyfort Audreyfort
Ellisstad Ellisstad
Byrdfurt Byrdfurt
Robinsonmouth Robinsonmouth
Adamside Adamside
Bakertown Bakertown
Patriciabury Patriciabury
Harrisport Harrisport
Rioshaven Rioshaven
Williamschester Williamschester
Gabrielburgh Gabrielburgh
Bondmouth Bondmouth
Holthaven Holthaven
Shawnmouth Shawnmouth
Smithtown Smithtown
Jacksonview Jacksonview
Ramosborough Ramosborough
Swansonshire Swansonshire
Annberg Annberg
Maryport Maryport
Codyton Codyton
Michaelville Michaelville
Jennifertown Jennifertown
Watsonville Watsonville
Smithfort Smithfort
Clarkbury Clarkbury
Hallborough Hallborough
Thomasborough Thomasborough
