Hernandezville Beckyshire Derekton Beckyshire Ponceville Mcculloughchester Jonestown Ponceville Bridgesville Riveramouth Esparzaberg Ponceville Garymouth Ponceville Beckyshire Hernandezville Joelview Mitchellchester Lopezmouth Dixonton Joelview Farmerside Gabriellabury Ralphtown Joelview Downsville Joelview Hernandezville
32
Derekton Belindamouth Johnport Amberfurt
Mcculloughchester Robertborough
Jonestown Jonesberg Tinatown Pittsland
Riveramouth Wandaside Brianland Deborahfort
Bridgesville Josephton Harristown
Esparzaberg Sanchezland Johnsonmouth Allenberg
Camposstad Thomastown
Garymouth Williamsville Johnsontown
Lopezmouth Emilymouth Robertsfort
Dixonton Aprilstad Andrewland Richardville
Mitchellchester Huynhton
Gabriellabury Morrisbury Contrerasland Hendersonchester
Farmerside Johnstonmouth Adkinsfurt
Ralphtown Angelaview Deanstad
Downsville Rebeccaton Haasville
Barbarachester Barbarachester
Smithmouth Smithmouth
Tylermouth Tylermouth
Francesmouth Francesmouth
Thomasburgh Thomasburgh
Keithton Keithton
Wilsonburgh Wilsonburgh
Kristinbury Kristinbury
Martinton Martinton
Mcdonaldmouth Mcdonaldmouth
Kellyfort Kellyfort
Crystaltown Crystaltown
Bradshawside Bradshawside
Charlesburgh Charlesburgh
Donaldstad Donaldstad
Lopezview Lopezview
Tammychester Tammychester
