A0 J2 K0 K0 K0 K0 K0 K0 K0 K0 K0 K0 K0 K0 K0 K0 K0 K0 K0 K0 K0 K0 K0 K0 K0 K0 K0 K0 K0 K0 J3 J0 J4 I4 I5 J1 J1 I9 I9 J8 J8 J8 J8 J8 J8 J8 J8 J8 J8 J8 J8 J8 J8 J8 J8 I9 I8 J9 J9 J9 J9 J9 J9 J9 J9 J9 J9 J9 J9 J9 J9 J9 J9 J9 J9 J9 J9 J9 J9 J9 J9 J9 J9 I8 I4 D7 J5 J5 J5 H0 J7 J7 J7 J7 J7 J7 J7 J7 J7 H0 J5 D7 J0 H9 J6 J6 J6 H9 K0 J2 A0
18
I5 A6 A7 A8 B0 B3 B7 C1 C4 C8 C9 D0 D2 E0 E4 E5 F2 F3 F5 F8 F9 G3 G5 G9 H1 H6 H7 I1 D5 E9 A9 A4 B1 B9 C0 C6 D8 E2 E3 E6 F6 F7 G1 H3 H8 I7 A1 A3 A5 B2 B4 B6 B8 C2 D1 D9 E1 E7 E8 F1 G0 G4 G6 G8 H2 H4 H5 I0 I2 I3 I6 I5
J4 C3 C5 C7 D3 D4 D6 F0 F4 G2 G7 J4
J3 A2 B5 J3
D7 D7
H0 H0
H9 H9
I4 I4
I8 I8
I9 I9
J0 J0
J1 J1
J2 J2
J5 J5
J6 J6
J7 J7
J8 J8
J9 J9
K0 K0
