0 23 88 64 50 123 126 126 34 57 4 60 54 54 60 4 57 132 119 55 55 119 132 139 139 139 15 33 33 194 194 185 151 42 157 157 42 128 176 170 170 173 44 134 62 12 5 182 70 155 156 156 155 182 198 10 10 106 196 17 79 107 65 98 98 98 47 142 142 51 51 142 47 98 65 175 175 56 67 67 56 17 8 8 87 87 87 106 59 97 31 140 145 145 97 59 59 74 141 80 154 125 125 154 183 183 74 53 20 20 53 62 134 44 1 1 1 83 9 9 6 24 24 89 147 177 177 177 147 89 24 6 9 179 99 99 194 194 88 23 0
60
50 7 50
34 49 36 14 90 34
123 39 94
64 48 63 64
15 76 15
185 61 72 38
151 45
128 19 92
176 35 40 37
85 58 69 85
173 84
12 81 12
70 25 16 70
5 41 75 5
141 93
80 3 43 80
31 32 2 31
140 68 86 66
198 71
79 96 73 79
107 91 77 22 13 11
196 18 95 30
83 52 46 29 82 83
179 27
1 1
4 4
6 6
8 8
9 9
10 10
17 17
20 20
21 21
23 23
24 24
26 26
28 28
33 33
42 42
44 44
47 47
51 51
53 53
54 54
55 55
56 56
57 57
59 59
60 60
62 62
65 65
67 67
74 74
78 78
87 87
88 88
89 89
97 97
98 98
99 99
