0 14 59 48 88 75 61 42 79 43 4 66 98 98 47 26 87 87 26 47 98 55 30 13 13 30 55 4 91 91 79 42 61 61 61 75 88 48 69 1 73 23 82 5 34 34 3 51 37 62 62 37 96 90 90 96 3 85 35 16 67 80 80 67 16 35 44 18 7 29 29 29 29 7 18 41 84 81 81 84 3 34 70 68 46 46 82 53 53 72 72 72 73 73 1 69 0
30
14 12 14
59 21 38
66 25 8 15 28 17
43 40 43
85 36 9
44 6 11 31 44
41 24 45 41
51 2 20
5 27 5
70 22 49
68 33
23 10 39 32 23
1 1
3 3
4 4
7 7
13 13
16 16
18 18
19 19
26 26
29 29
30 30
34 34
35 35
37 37
42 42
46 46
47 47
48 48
