K B CA FQ FD FD BJ DV GL DP DP GR CC EY EO DE EV EG AG GG EI BZ DY ES AF BD GC ED AE AE ED EE L BB BB L EE BD AF ES DY CK FH CJ H FT GK AU AO GM BI CO FW P FW DB FK EA EA FK DB BI GM GK FT FH CK DY EI GG AG EG EP C DR FX FU FM DZ DZ DZ FM FX DR C EP EG CI CI DE EO EY GR CP AW Q CL O AW CP BL GN M BT CF CF BT M BS AN EB DC U DG DM DI DI DM U DC EB AN DS DH GA BW CG GO AQ AC AC AQ FI DD GH DA DT DA GH FL AK BY DW DO DO FV W W FV AV G BA BA G AV FL FI CG BW GA Y DL EQ GF CT CT GF Y GA DH AA DQ EW EW DQ AA AN BS BL CP DV BJ FD FQ GD ET S AY AY S ET GD B
76
K FS
CA EJ
GL EN BX GL
CC CM
EV CY EV
BZ BQ
GC X CW GC
CJ BR CJ
H CQ
AU FR
AO FG
CO EM EC GJ
P BP P
FU EZ I AB FU
CH EH
Q EU
CL AS
O R BG
GN AM
DG DK EL DG
EQ FP Z EQ
DL GI
GO V GO
DD FZ
BY BE BY
DW BO AX FE
AK CB
DT T GE FO
DS AJ DS
B B
G G
L L
M M
U U
Y Y
AF AF
AG AG
AH AH
AN AN
AW AW
BA BA
BB BB
BF BF
BI BI
BJ BJ
BL BL
CE CE
CF CF
CK CK
CT CT
DB DB
DC DC
DH DH
DI DI
DP DP
DR DR
DV DV
DX DX
DZ DZ
EA EA
ED ED
EG EG
EK EK
EO EO
FD FD
FH FH
FI FI
FJ FJ
FM FM
FV FV
FX FX
GD GD
GF GF
GG GG
GK GK
GR GR
