89 68 68 68 181 100 113 108 123 123 108 100 87 61 122 175 102 143 8 8 72 148 148 14 14 175 122 62 144 49 128 15 198 82 34 34 82 147 90 35 153 50 115 115 50 153 35 90 147 15 128 4 127 101 101 27 48 48 66 66 129 129 101 127 127 127 4 144 19 106 77 132 132 77 106 19 122 61 87 179 136 3 64 31 180 180 64 64 3 136 161 161 118 131 91 139 139 91 131 161 182 177 177 197 142 104 110 172 5 170 83 54 11 20 109 109 20 11 54 83 170 5 172 110 197 190 145 39 81 167 41 37 168 124 124 99 99 37 41 94 94 94 53 96 67 24 24 67 96 53 81 39 85 28 28 39 190 103 73 133 194 141 46 51 156 154 60 45 45 60 154 156 51 46 141 194 133 73 95 95 79 79 74 74 87 100 181
63
89 69 12
113 199 112
102 178 102
143 114 125
72 58 13 187
62 160 195
198 65 29
27 111 140 88 169 9 191 27
78 75 78
49 80 49
31 18 107 6 155 31
179 192 179
167 149 151 173 56
168 44 59
38 23 38
85 146 32 85
145 25 121
118 16 1 189 118
103 135 36 97 193
182 98
142 21 188
104 130 183
100 100
96 96
101 101
132 132
86 86
197 197
172 172
127 127
79 79
94 94
3 3
190 190
122 122
33 33
51 51
99 99
124 124
128 128
109 109
81 81
37 37
148 148
136 136
194 194
11 11
5 5
83 83
41 41
4 4
39 39
64 64
73 73
156 156
133 133
61 61
48 48
144 144
147 147
141 141
82 82
70 70
