55 72 56 56 50 20 68 5 10 81 69 27 98 78 15 15 78 98 27 69 77 53 1 95 35 66 66 35 52 74 31 31 52 80 80 87 87 64 49 49 64 40 29 16 45 57 44 44 57 17 39 39 17 16 29 62 37 24 61 61 24 37 28 28 29 67 86 96 96 86 43 23 89 4 4 89 23 43 29 40 77 77 70 70 5 22 60 60 13 13 5 68 20 50 55
32
72 92
81 9 36
53 7 91 53
1 51 1
95 54 63 12 14 95
74 0 97 83
62 25 19 62
45 93 3
67 41 18 67
10 88 10
22 99 11 32
61 61
16 16
87 87
5 5
64 64
57 57
39 39
13 13
70 70
49 49
96 96
15 15
17 17
28 28
27 27
86 86
31 31
77 77
20 20
29 29
23 23
