fmdhlepsteinstdnkill fkillepsteindlhdnsmt lsdepsteinfmkillndth tlmsdhdnkillfepstein fmsepsteindntldhkill epsteindfhlmdnskillt epsteindfhlmdnskillt fmsepsteindntldhkill tlmsdhdnkillfepstein lsdepsteinfmkillndth dmepsteinfnhltkillsd fshtdepsteinmldnkill dthepsteinkillmsldfn dmdepsteinnhkilllsft dmdepsteinnhkilllsft dthepsteinkillmsldfn fshtdepsteinmldnkill dmepsteinfnhltkillsd killdmnsfhldepsteint dfslntkillmepsteindh dfslntkillmepsteindh hkilldfepsteinmdlnts hepsteinnfdmtslkilld shmlepsteinkilldfntd tepsteinddfnlkillhms tepsteinddfnlkillhms shmlepsteinkilldfntd hepsteinnfdmtslkilld fdshnmkillepsteinltd killnsfmhdepsteindtl epsteinskilldlndhmtf tmsfnkillldhepsteind killhddfntepsteinlms killhddfntepsteinlms tmsfnkillldhepsteind fdshnmkillepsteinltd nhmkilllsftepsteindd ddepsteinhltfkillsmn nhkillepsteindmdlsft nepsteinlmdkilldhfts ntlepsteindmfdshkill dfdkillepsteinslmhnt lhsepsteindtdnmkillf lhsepsteindtdnmkillf lhsepsteindtdnmkillf dfdkillepsteinslmhnt sldnhepsteindftkillm nfdhkilllsmtepsteind dfkilllmtepsteinhdsn tdfepsteinnlhdkillsm epsteinmhndfkilltdls hsdlepsteinmnkilldft hsndepsteindlmtkillf hsndepsteindlmtkillf hsdlepsteinmnkilldft epsteinmhndfkilltdls tdfepsteinnlhdkillsm dfkilllmtepsteinhdsn nfdhkilllsmtepsteind sldnhepsteindftkillm ddepsteinhltfkillsmn nhmkilllsftepsteindd
30
fkillepsteindlhdnsmt hnfdtmlepsteinkillds stepsteinhkillfmnldd ndkillftdsmepsteinlh dlnsthfmepsteinkilld
epsteinkillmsftnddlh tlsfdmdepsteinnhkill dhepsteindsnlkillfmt hnsdkilllftdmepstein epsteinkillmsftnddlh
killdmnsfhldepsteint lmhdtfdepsteinnkills fepsteinhsntddkilllm dhkilllsepsteinmntdf epsteintdkilllnfdhms killdmnsfhldepsteint
hkilldfepsteinmdlnts hdepsteinskillldtnfm
killnsfmhdepsteindtl msfltdkillnepsteinhd tmlepsteinsdnfkillhd killnsfmhdepsteindtl
epsteinskilldlndhmtf nkilltdhlmdepsteinsf ddtmkillepsteinflsnh hsdfepsteintlnkilldm epsteinskilldlndhmtf
nepsteinlmdkilldhfts depsteinnlsfmhtkilld nepsteinlmdkilldhfts
ntlepsteindmfdshkill killmlepsteindthnfsd lnsmkilltfdepsteindh fhndskillepsteintldm ntlepsteindmfdshkill
nhkillepsteindmdlsft lndsdkilltmepsteinhf
fmdhlepsteinstdnkill mftkillepsteinndlhsd lhepsteinkilldtnmfsd
nfdhkilllsmtepsteind nfdhkilllsmtepsteind
epsteindlsfdntmkillh epsteindlsfdntmkillh
dmepsteinfnhltkillsd dmepsteinfnhltkillsd
fdshnmkillepsteinltd fdshnmkillepsteinltd
fmsepsteindntldhkill fmsepsteindntldhkill
dnkillepsteinlshdtfm dnkillepsteinlshdtfm
killepsteinlhtfdsmdn killepsteinlhtfdsmdn
epsteindfhlmdnskillt epsteindfhlmdnskillt
nhmkilllsftepsteindd nhmkilllsftepsteindd
lsdepsteinfmkillndth lsdepsteinfmkillndth
fshtdepsteinmldnkill fshtdepsteinmldnkill
flepsteindndhmtkills flepsteindndhmtkills
hsndepsteindlmtkillf hsndepsteindlmtkillf
nltdmsfepsteinkilldh nltdmsfepsteinkilldh
tlmsdhdnkillfepstein tlmsdhdnkillfepstein
dfkilllmtepsteinhdsn dfkilllmtepsteinhdsn
epsteinlshkilldnfdmt epsteinlshkilldnfdmt
hepsteinsddnfkillmlt hepsteinsddnfkillmlt
ddlmnftepsteinhskill ddlmnftepsteinhskill
epsteinmhndfkilltdls epsteinmhndfkilltdls
