dldkilltnmhfepsteins msddkilllthepsteinfn dlfdkilltepsteinhnms killmdshdtnflepstein tdnfmdhepsteinslkill lntkillepsteinfsddhm smtepsteinkilldfnhdl dsftepsteindhkillmnl smtepsteinkilldfnhdl sepsteindhmnltkillfd hnddkilltslmfepstein lkillfthdsepsteindnm hmdkilllnepsteinfsdt msepsteintlhnfkilldd sldhnfmtdkillepstein tepsteinhsdkillmldfn shepsteinnkillftlddm ddkillnftsmhepsteinl tepsteinkilldflhnmsd lhsntdepsteindkillmf lmkillepsteintsndfhd lhsntdepsteindkillmf tepsteinkilldflhnmsd tepsteinkilldflhnmsd tepsteinkilldflhnmsd tepsteinkilldflhnmsd tepsteinkilldflhnmsd tepsteinkilldflhnmsd tepsteinkilldflhnmsd tepsteinkilldflhnmsd tepsteinkilldflhnmsd tepsteinkilldflhnmsd tepsteinkilldflhnmsd tepsteinkilldflhnmsd tepsteinkilldflhnmsd tepsteinkilldflhnmsd tepsteinkilldflhnmsd tepsteinkilldflhnmsd tepsteinkilldflhnmsd tepsteinkilldflhnmsd tepsteinkilldflhnmsd tepsteinkilldflhnmsd tepsteinkilldflhnmsd tepsteinkilldflhnmsd ddkillnftsmhepsteinl shepsteinnkillftlddm tepsteinhsdkillmldfn msepsteintlhnfkilldd hmdkilllnepsteinfsdt smtepsteinkilldfnhdl dkillnsepsteinfdmthl sfdntlkilldhmepstein dkillnsepsteinfdmthl dhmkillfdltnsepstein hdepsteinkillnfdlmts dhmkillfdltnsepstein killshdlmftnepsteind hsepsteinfkillnmddtl hndsmfkilltldepstein nmkilllepsteintdsdfh nmkilllepsteintdsdfh hndsmfkilltldepstein smfhndepsteinkillltd tldmepsteindkillfhsn tldmepsteindkillfhsn smfhndepsteinkillltd killshdlmftnepsteind fthlkillnepsteindsdm depsteinftndhmkillsl fhnmkillepsteinsdltd fhnmkillepsteinsdltd dhkillldsepsteintnmf dkillnmhldstfepstein epsteinhnkillsldfdmt mkilldlshdtfepsteinn dlfdkilltepsteinhnms msddkilllthepsteinfn dldkilltnmhfepsteins
55
killmdshdtnflepstein fdskillndtmepsteinlh
tdnfmdhepsteinslkill tldkillhsfnmepsteind tdkillepsteinsmhdfnl
fkillepsteinndmdlhts mkillldnhepsteinstfd slepsteinkillfmddhtn mkillthfdlnepsteinds epsteinsnmflhtdkilld
lntkillepsteinfsddhm mdkilllfdnstepsteinh tepsteinmdfldhnskill lsmftnepsteinkillhdd
dflstmkillepsteindhn tsdnhkilllmepsteindf dflstmkillepsteindhn
nepsteinfthdldmkills hnsepsteinmkillfddtl fddsmepsteintnkillhl skillmfepsteinthddnl
killdldepsteinmfsthn dnldkillhmfstepstein killdldepsteinmfsthn
mfndlsdepsteinhkillt killmfndshdtepsteinl
dsftepsteindhkillmnl sdlhfnmdepsteintkill depsteinslkillhdftmn nepsteindhkillltmsfd
lmkillepsteintsndfhd fhdmnepsteindkillslt depsteintkilllnmsfdh lmkillepsteintsndfhd
sldhnfmtdkillepstein ndshkilldmlepsteinft sldhnfmtdkillepstein
sepsteindhmnltkillfd nfltdmkillsdepsteinh sndldftmkillepsteinh
hnddkilltslmfepstein dmtlsfhnkilldepstein lepsteinkilldhfmstnd
lkillfthdsepsteindnm ndkillthdepsteinlsmf dtnkillsepsteinmdfhl hnskillepsteintfdmld
sfdntlkilldhmepstein ntmdhepsteinsdkillfl dhtepsteinkillsdflmn
shfnmltepsteindkilld killtepsteinddhlmnsf shfnmltepsteindkilld
hdepsteinkillnfdlmts dlshdtepsteinnkillfm mndtkillepsteindlfhs
depsteinlfnmkilldsht killfthnmsdlepsteind depsteinlfnmkilldsht
sdndhepsteinltkillfm lhepsteintndkilldsmf dfkilllepsteinsnmhtd sdndhepsteinltkillfm
hsepsteinfkillnmddtl hmndfkillslepsteintd epsteindmshtfldnkill nmdhepsteinkilltfsld ldfsmnepsteinkilltdh hsepsteinfkillnmddtl
mdkillntepsteindfhsl tdfkillslepsteinhdmn dkillnmsfhtlepsteind mdkillntepsteindfhsl
depsteinfmkillhdsnlt dmldfhskillntepstein
depsteinftndhmkillsl hepsteinnfdmlsdtkill epsteindkilltlmnhsfd depsteinftndhmkillsl
dhkillldsepsteintnmf killtdmsdfhnepsteinl fmltddhnepsteinskill
dkillnmhldstfepstein killhdfnsepsteinmltd epsteinlmkillfshnddt skillthlfndepsteindm mhkillepsteinddlfsnt ldepsteindhkilltsmfn dkillnmhldstfepstein
fthlkillnepsteindsdm mdkillnlsdtepsteinhf thnkillmddsepsteinfl lepsteindnhstfdmkill
mkilldlshdtfepsteinn epsteinhdkillltsmfdn dhsepsteintlkillmfnd epsteinldtnfmshdkill mkilldlshdtfepsteinn
epsteinhnkillsldfdmt lkillepsteintdshmfnd epsteinhnkillsldfdmt
dlfdkilltepsteinhnms dlfdkilltepsteinhnms
tsmdepsteinkillhfdln tsmdepsteinkillhfdln
epsteintfhndkilllmsd epsteintfhndkilllmsd
lkilldtnmsepsteindfh lkilldtnmsepsteindfh
fhnmkillepsteinsdltd fhnmkillepsteinsdltd
msepsteintlhnfkilldd msepsteintlhnfkilldd
fdmtdepsteinkilllsnh fdmtdepsteinkilllsnh
msddkilllthepsteinfn msddkilllthepsteinfn
lhsntdepsteindkillmf lhsntdepsteindkillmf
dtsmdnlhfepsteinkill dtsmdnlhfepsteinkill
dfdepsteintlnskillhm dfdepsteintlnskillhm
tndskilldfepsteinmhl tndskilldfepsteinmhl
killhtdmdlnsfepstein killhtdmdlnsfepstein
fsepsteindkillhmtdln fsepsteindkillhmtdln
epsteinfthkilldnslmd epsteinfthkilldnslmd
hepsteinntdkillsdmfl hepsteinntdkillsdmfl
mhdskillldftnepstein mhdskillldftnepstein
hmdkilllnepsteinfsdt hmdkilllnepsteinfsdt
ltfnsdhepsteinkilldm ltfnsdhepsteinkilldm
tepsteinhsdkillmldfn tepsteinhsdkillmldfn
killdepsteinmfltdshn killdepsteinmfltdshn
killtdslhfdepsteinnm killtdslhfdepsteinnm
fmtnkilldepsteindhsl fmtnkilldepsteindhsl
nftmskilldldepsteinh nftmskilldldepsteinh
killthsepsteindmlfdn killthsepsteindmlfdn
dhmkillfdltnsepstein dhmkillfdltnsepstein
thdlskillnfdmepstein thdlskillnfdmepstein
