CorpusChristi ElPaso Cary CedarRapids Burbank Burbank Burbank Cary Birmingham Anchorage Davenport Buffalo Buffalo Buffalo Columbia Canton Bradenton Bradenton Clearwater Bellevue DavidsonCounty Denton Denton ChulaVista ChulaVista Dayton Dayton Bellevue Charlotte Corona Corona Berkeley Albuquerque Albuquerque Berkeley Berkeley Bradenton Canton Columbia Buffalo Buffalo Davenport Clarksville Chattanooga Escondido Aurora Arlington Augusta BatonRouge Asheville Austin Detroit Detroit Austin Asheville Augusta Arlington Aurora Escondido Boise Amarillo Amarillo Boise Clarksville Davenport Anchorage Anchorage Anchorage Elkhart Champaign Anaheim Anaheim Champaign Elkhart Anchorage Birmingham
26
CorpusChristi Downey CapeCoral
ElPaso DalyCity ElPaso
CedarRapids Alexandria BonitaSprings Denver ElMonte
DavidsonCounty BelAir Deltona CathedralCity Bloomington Carrollton Elizabeth Charleston AppleValley Appleton Bridgeport Bremerton Chandler
Danbury Dallas Danbury
BoiseCity Brownsville BoiseCity
Charlotte Arvada Columbus Bryan
Clearwater Boulder Clearwater
BatonRouge Beaumont Durham
Chattanooga Cincinnati Chattanooga
Akron Akron
Albuquerque Albuquerque
Amarillo Amarillo
Anaheim Anaheim
Asheville Asheville
Augusta Augusta
Austin Austin
Canton Canton
Champaign Champaign
Chicago Chicago
ColoradoSprings ColoradoSprings
Columbia Columbia
Davenport Davenport
Denton Denton
Elkhart Elkhart
Escondido Escondido
