FortCollins Harlingen Knoxville Knoxville Harlingen Akron FortSmith Arvada Glendale Columbia Barnstable Kenosha Gilbert Gilbert Brownsville Fayetteville Fayetteville Brownsville Columbia Glendale DaytonaBeach Chattanooga Burlington Chattanooga Fargo Charleston Charleston Baltimore Hayward Hartford Aurora ClarkeCounty Independence Bellevue Bellevue Independence ClarkeCounty Dallas Clarksville Bridgeport McAllen Chicago Clearwater Evansville Evansville Clearwater Chicago McAllen Bridgeport Clarksville LosAngeles Jefferson BatonRouge Cambridge Honolulu ElkGrove Honolulu Buffalo Buffalo BatonRouge Jefferson LosAngeles Hartford Hayward Baltimore Charleston Fargo Hickory Inglewood Lansing DesMoines GreenBay Boston Bloomington Layton LasVegas Kennewick Kennewick Downey Carrollton Frederick Hampton Lafayette Lafayette Hampton Frederick GardenGrove CollegeStation CollegeStation CollegeStation GardenGrove Fullerton KansasCity FortWorth Berkeley Berkeley FortWorth Canton Canton Fullerton Downey FortWayne Fairfield Joliet Joliet Kaneohe Albany Bryan Bryan Kaneohe FortWayne Bloomington ColoradoSprings ChulaVista Howell Flint DalyCity Durham Fitchburg Asheville Escondido LittleRock Huntington Huntington LittleRock Escondido Asheville Fitchburg Durham Houston Flint ChulaVista ColoradoSprings Bloomington GreenBay DesMoines Lansing Inglewood Hickory FortSmith FortWaltonBeach Kissimmee Amarillo Amarillo AppleValley Corona Allentown Bremerton Denton Denton Henderson HuntingtonBeach Manchester Manchester BoiseCity BoiseCity Henderson Allentown Detroit Irving Irving Detroit AppleValley FortWaltonBeach FortSmith Cincinnati Bakersfield CorpusChristi CorpusChristi Bakersfield Cincinnati Elkhart Elkhart
68
FortCollins Hemet Champaign AnnArbor
Kissimmee Alexandria
Bremerton Grayslake Bremerton
HuntingtonBeach Eugene Atlanta
Corona Brighton Cary
Barnstable Aberdeen Appleton Barnstable
Kenosha Jacksonville Augusta
Boston Chandler
Howell Louisville
DalyCity Abilene DalyCity
Houston Bethlehem Kalamazoo Houston
Layton Denver Layton
LasVegas Austin Cleveland Anaheim
Carrollton Lakewood Boise ElPaso Carrollton
KansasCity CapeCoral ElMonte DavidsonCounty
Fairfield LasCruces Anchorage Fairfield
Albany Lorain CedarRapids
Arvada Leominster Erie Arvada
DaytonaBeach Albuquerque Indianapolis
Burlington GrandRapids
Aurora BonitaSprings Lakeland
Dallas Danbury Dallas
Cambridge Burbank Fremont Irvine Hollywood
ElkGrove Fontana
Akron Elizabeth Akron
Allentown Allentown
Amarillo Amarillo
AppleValley AppleValley
Bakersfield Bakersfield
Baltimore Baltimore
Beaumont Beaumont
Bellevue Bellevue
Berkeley Berkeley
BoiseCity BoiseCity
Bradenton Bradenton
Brownsville Brownsville
Chicago Chicago
CollegeStation CollegeStation
ColoradoSprings ColoradoSprings
DesMoines DesMoines
Detroit Detroit
Elkhart Elkhart
Evansville Evansville
Fargo Fargo
Fayetteville Fayetteville
FortWaltonBeach FortWaltonBeach
Frederick Frederick
Fresno Fresno
Garland Garland
Gilbert Gilbert
Hampton Hampton
Harlingen Harlingen
Harrisburg Harrisburg
Henderson Henderson
Hickory Hickory
Independence Independence
Inglewood Inglewood
Irving Irving
Jefferson Jefferson
Joliet Joliet
Kennewick Kennewick
Knoxville Knoxville
Lacey Lacey
Lafayette Lafayette
Lancaster Lancaster
LittleRock LittleRock
Lubbock Lubbock
Manchester Manchester
