location59 location98 location19 location88 location88 location19 location98 location186 location33 location113 location116 location77 location77 location5 location181 location168 location75 location153 location32 location104 location81 location134 location92 location196 location90 location90 location196 location134 location63 location199 location83 location151 location165 location163 location4 location4 location4 location163 location151 location83 location199 location44 location193 location61 location149 location183 location42 location1 location175 location99 location97 location99 location123 location140 location140 location99 location175 location175 location1 location42 location183 location61 location193 location44 location134 location81 location168 location181 location5 location135 location135 location186
47
location59 location3 location176 location139 location15 location21 location167 location59
location142 location39 location142
location113 location120 location0
location116 location86 location122 location103
location79 location96 location164 location119 location64 location117 location9 location6 location79
location75 location47
location153 location132 location174
location32 location45
location128 location24 location12 location143
location104 location46 location111 location130
location92 location170 location52 location28 location68 location187 location2 location60 location92
location30 location17 location27
location40 location192 location197
location165 location162 location125 location107 location37
location97 location157 location194 location189 location38
location123 location121 location136 location115 location131
location149 location105 location91 location149
location63 location172 location54 location11
location33 location55
location72 location72
location155 location155
location23 location23
location89 location89
location177 location177
location159 location159
location181 location181
location71 location71
location158 location158
location140 location140
location134 location134
location99 location99
location161 location161
location163 location163
location137 location137
location151 location151
location135 location135
location109 location109
location90 location90
location144 location144
location88 location88
location188 location188
location98 location98
location199 location199
location175 location175
location180 location180
location76 location76
location114 location114
