location2 location43 location8 location11 location34 location49 location35 location39 location22 location9 location21 location12 location21 location9 location22 location39 location35 location49 location34 location11 location8 location10 location18 location31 location19 location48 location25 location42 location26 location29 location3 location36 location17 location17 location36 location3 location29 location25 location48 location19 location31 location18 location8 location43 location2
18
location12 location4 location20 location12
location10 location32 location10
location26 location13 location15 location26
location42 location44 location42
location16 location16
location45 location45
location28 location28
location18 location18
location49 location49
location35 location35
location21 location21
location17 location17
location22 location22
location41 location41
location43 location43
location0 location0
location11 location11
location8 location8
