O2XJ9 SXCXT RQZSX JXXUO T5W7D PGY5W PGY5W T5W7D JXXUO 45DYM QQ4SP EI5ZM BXL4N F8JE7 F8JE7 BXL4N EI5ZM TH1G8 N6XF7 C821A YUMDY S1W7I 0JUN2 0JUN2 S1W7I YUMDY C821A N6XF7 45DYM SXCXT 2WIJP SKA5V TC4MB TC4MB ZCU97 XOPIR XOPIR XOPIR KU8EX KU8EX SXCXT O2XJ9
18
OLSL2 8D0H4
RQZSX GNMDA MXST9
QQ4SP YGEXQ MXX55 NV2VY
TH1G8 1P1UA
ZCU97 DYG9M SZKKG FOXDK ZCU97
SKA5V 49CGM SKA5V
2WIJP KPNHM
S1W7I S1W7I
IY314 IY314
SXCXT SXCXT
JXXUO JXXUO
T5W7D T5W7D
TC4MB TC4MB
Z6GW2 Z6GW2
N6XF7 N6XF7
EI5ZM EI5ZM
XOPIR XOPIR
0JUN2 0JUN2
