4HOMU DL8LT X180A LIRLU LIRLU X180A 4HSLO YJ67U YJ67U FRZVP FRZVP ZRPB5 O9J47 C7WKJ YK7ZR V8GEC 1X6L1 FMCVK WBT4L WBT4L WBT4L WBT4L JF7TT DTPF4 TORQI 1F0YL BELQC BU58G TI35I 6NY7T BE5V8 2P5XR 4WDJE ELH5L B3Y9E UW44H 4YS4G VOCAC 1RS2N Q02X6 Q02X6 Q5DAA Q5DAA Q5DAA Q5DAA Q02X6 KJDC0 N9H3X RU85S RU85S N9H3X KJDC0 VOCAC B3Y9E M0J6A M0J6A TBPBM OKGKQ OKGKQ M0J6A B3Y9E ELH5L EJSFK 58MIB IF7TL I0241 U2E9F U2E9F I0241 IF7TL 6ACGE KOYRV KOYRV 0U9HU 6ACGE G5JK6 P2H5X BJ8X0 P419D WI88U WI88U P419D BJ8X0 P2H5X FDYXL RVNGJ Q9MTE Q9MTE RVNGJ FDYXL ELH5L W2M5C W2M5C 2P5XR BE5V8 6NY7T 6NY7T TI35I RAAD4 2KXWI H0BTZ ZGZT5 VHCFR VHCFR QOBDK PYPSO PYPSO QOBDK HWKGJ LKP22 KY9LT KY9LT H1LTE PTEKT C45HH C45HH PTEKT LKP22 HWKGJ HWKGJ H0BTZ 2KXWI RAAD4 9O1IZ C5YOT C5YOT RAAD4 TI35I BU58G 1F0YL TORQI TORQI DTPF4 JF7TT K50JQ I91NY UDYJK WCHWI I91NY 6OA3K CFGE5 796NN 796NN CFGE5 6OA3K V8GEC YK7ZR
62
DL8LT DDXG0 2C63O
4HSLO DCHO3 768ZF
O9J47 PMFJ2 SYV5N XEEQB WP2MA
ZRPB5 TY0L7 ZRPB5
4HOMU JXLE1
4WDJE L2GJ5 CM5WA Q7FCL 4WDJE
4YS4G IZESQ
UW44H SA6G0 UW44H
1RS2N 0D2BR ZZH8Z 3AIXW SKPO7 HZHRA 1RS2N
TBPBM Y61KP ZHSBU NPDI9 A1QRL TBPBM
58MIB 50J5H
0U9HU 0VPRW 8CLEZ KC9RF WZB33 0U9HU
EJSFK LLTLN
G5JK6 EDSMH WXZHF
ZGZT5 SHOOM W2H22 T9O11 8EXDQ
H1LTE OLLV9 BVMDZ H1LTE
UX00P MC71K V22SY
9O1IZ FCYPJ 69BJO
JIVZP LEBVZ
BELQC TCC7B
FMCVK 9WSXC PXCIN 7GA8O 2BUI5 6WOBI
K50JQ FC0PR K50JQ
UDYJK C8O6I DOLRQ
WCHWI PTADN
1X6L1 7U3JG
C7WKJ OIPRN C7WKJ
L2PQE L2PQE
945CN 945CN
RU85S RU85S
KOYRV KOYRV
ZN2EP ZN2EP
45JXE 45JXE
M1HJR M1HJR
LIRLU LIRLU
1F0YL 1F0YL
CFGE5 CFGE5
HWKGJ HWKGJ
6ACGE 6ACGE
DTPF4 DTPF4
BE5V8 BE5V8
W2M5C W2M5C
WI88U WI88U
TORQI TORQI
RAAD4 RAAD4
FRZVP FRZVP
53Y1R 53Y1R
TI35I TI35I
P419D P419D
IF7TL IF7TL
Q5DAA Q5DAA
PYPSO PYPSO
AT3CI AT3CI
61QWU 61QWU
C45HH C45HH
ELH5L ELH5L
X180A X180A
52MNN 52MNN
6OA3K 6OA3K
YJ67U YJ67U
V8GEC V8GEC
LKP22 LKP22
VHCFR VHCFR
