WNYCV UUOP5 18R1B H7R17 WZTTJ PQ40E 91RFG TG5ZG UDC3C 1BUOS P3DJ7 X2AM4 KB443 BC3W4 BC3W4 X2AM4 P3DJ7 1BUOS UDC3C TG5ZG 91RFG EYREL EYREL 5I6U4 5I6U4 5I6U4 WH9QK DDBA4 1ACIU B8UZ8 B8UZ8 1ACIU 1ACIU DDBA4 WJHGG O0RCM O0RCM 18R1B FS0ES J501P RN3DW CHXFM CHXFM URMBF X8T63 X8T63 KRLTG Z2GJ8 7CXN0 7CXN0 Z2GJ8 X8T63 URMBF J501P GAXPM J2Z2N 2PD2W XDKMD H796V H796V J2Z2N GAXPM J501P 639ON KGZCW 4O059 MB70R BGJ6Q 4O059 J501P FS0ES 18R1B 2CPYE F07YB QSI1X QSI1X F07YB 2CPYE XTUSM XTUSM
34
UUOP5 UGOIO 1UWW5 UUOP5
H7R17 V11OW 2KYXC
WZTTJ F5YBY
KB443 H8ZPW YMTTJ KB443
PQ40E QTZLJ
WH9QK XPFOM 65TK9 XD7IR 42QVU HHCET
WJHGG H212X XBRKQ
XDKMD 1NBGE EQWAL XDKMD
2PD2W BO3AW
KRLTG 77EY5 ULCTZ 2FT0Z KRLTG
RN3DW 9HVLF
639ON GXYLV
KGZCW OE5TB
MB70R CUG55 HZ80H
BGJ6Q ZA57Z
WNYCV K1ZSD
XRQ65 XRQ65
1ACIU 1ACIU
TG5ZG TG5ZG
91RFG 91RFG
QSI1X QSI1X
HR8IA HR8IA
5I6U4 5I6U4
XTUSM XTUSM
1BUOS 1BUOS
X2AM4 X2AM4
URMBF URMBF
GAXPM GAXPM
EYREL EYREL
B8UZ8 B8UZ8
7CXN0 7CXN0
BMC9X BMC9X
F07YB F07YB
18R1B 18R1B
