fab8g 5Ix1v eDWES eDWES DHhK9 DHhK9 ciJ7c 1pNjr nRTkO nRTkO nRTkO nRTkO nRTkO nRTkO nRTkO nRTkO nRTkO nRTkO nRTkO nRTkO nRTkO 0YoJb l0HDP o4F0A pesnn 8PY0r guI5B guI5B Nbb6U BybTG BybTG BybTG BybTG BybTG BybTG Nbb6U o4F0A KB016 KB016 0YoJb ciJ7c tQXF5 9u8oD 9u8oD 9u8oD 9u8oD 9u8oD 9u8oD 9u8oD 9u8oD tQXF5 c17Qf x8KLa x8KLa c17Qf 8xyrX 8xyrX
21
8PY0r 7J90B bD2TR LBzlR Flgse Gt2w1 015ql 8tK4L BWyM2 G944F HaHFT uQK8T mgHYN tEdSo G91ym AGorf TQZik FW6DI 3XMfZ Q0oXi aiycm BJ1iC obqW1 O1QPI TtUXd kCdcu nScgp 1OpM2 XDGuI iy8Ty gwQSf n9AEE 4GEPG lJfgZ VIl39 CT8M8 HKgVO yM9nQ qchZ3 F7m3U wKKkJ 3FUsL cm8oa KzS0e Vjk2Z wiGnS 2Z0oU RgC1Q cDkiZ PpZP8 Bw1D7 cQMFl rzyrR 8PY0r
pesnn GHmnJ b4E7v KWmhW lcarA 4ORRk L54Jg ZlgGe P5ucv 9ZatH fhc2k Lqz0g pesnn
l0HDP 4b2sA l0HDP
1pNjr 1xx4U 1pNjr
5Ix1v H6HgM RhMSo B3NSd lJJK2 bepE0 g1WJz adW6k RnwlC dAx9s VUKiE 1SvIs 5Ix1v
fab8g sF84c f5Qx2 fr0Bd
guI5B guI5B
Nbb6U Nbb6U
eDWES eDWES
0YoJb 0YoJb
DHhK9 DHhK9
ciJ7c ciJ7c
o4F0A o4F0A
nRTkO nRTkO
tQXF5 tQXF5
BybTG BybTG
KB016 KB016
9u8oD 9u8oD
c17Qf c17Qf
8xyrX 8xyrX
x8KLa x8KLa
