cy4fm w4BF1 GHZOS C0eRL C0eRL C0eRL C0eRL Cfmbw Cfmbw KYsbm KYsbm Cfmbw nogr2 nogr2 Cfmbw Cfmbw w4BF1 uT5W0 vSPJ5 rUUVt jse5F jse5F jse5F jse5F FnVf8 5rdYI 5rdYI Vjg5l X6hJp X6hJp X6hJp Vjg5l
18
GHZOS 3iQ53 gk2cW 7XIxZ OFvld kbRYl GHZOS
G6G4p yMPWG 8RNd8 OoKEI uWr4y G6G4p
rUUVt lA2MC qt5AA 1H2uK 8aYYW NvAYI rUUVt
FnVf8 di7h7 FnVf8
P8Fbf LNh60 hOy4D P8Fbf
vSPJ5 zQjQm DCl5F IjjWK 19YKC vSPJ5
uT5W0 yFKGt Iks3D F2nEN tao9t BoNoJ wdXpe EWhpw Xhpv3 dU1Ub uT5W0
cy4fm P3lE7 6ceXl 7l0Vw
C565q C565q
5rdYI 5rdYI
X6hJp X6hJp
Vjg5l Vjg5l
KYsbm KYsbm
C0eRL C0eRL
w4BF1 w4BF1
Cfmbw Cfmbw
nogr2 nogr2
jse5F jse5F
