0 161 161 92 45 197 198 152 51 11 79 66 91 133 185 180 125 97 130 183 49 100 163 164 2 88 149 196 118 110 21 154 93 14 116 14 154 196 149 136 187 187 136 164 15 144 60 143 192 191 191 192 143 65 30 104 103 104 65 144 15 164 163 49 183 130 125 180 185 133 107 168 168 107 66 11 7 146 7 152 198 197 45
61
0 162 160
92 157 158 159
51 151 153
181 128 129 181
79 182
91 134 135 106 108 167
97 186 124 126 132 184
2 176 137 138 188
88 195
118 150 175 119 120 118
109 169 109
110 170 111 110
93 155 156
116 174 117 116
25 173
94 177
21 123
60 142 114 171 172
103 166 105 165 103
96 190
30 141
100 101 102 100
146 193 145 147 146
104 104
107 107
112 112
113 113
115 115
121 121
122 122
125 125
127 127
130 130
131 131
133 133
136 136
139 139
140 140
143 143
144 144
148 148
149 149
152 152
154 154
161 161
163 163
164 164
168 168
178 178
179 179
180 180
183 183
185 185
187 187
189 189
191 191
192 192
194 194
196 196
197 197
198 198
