0 2 5 12 25 12 26 12 5 11 24 49 11 23 47 23 48 23 11 5 2 6 14 29 14 30 14 6 13 27 13 28 13 6 2 0 1 4 9 19 40 19 39 19 9 20 42 20 41 20 9 4 10 22 45 22 46 22 10 21 43 21 44 21 10 4 1 3 7 15 31 15 32 15 7 16 34 16 33 16 7 3 8 17 35 17 36 17 8 18 38 18 37 18 8 3 1 0
26
25 106 105 104 103
26 108 107 109 110
24 101 102
49 199 100
47 191 192 193 194
48 196 195 197 198
29 120 119 122 121
30 123 124 126 125
27 112 111 113 114
28 116 115 117 118
40 164 163 165 166
39 162 161 160 159
42 173 174 171 172
41 169 170 167 168
45 183 184 185 186
46 187 188 189 190
43 175 176 177 178
44 180 179 182 181
31 128 127 130 129
32 131 132 133 134
34 140 139 142 141
33 138 137 135 136
35 145 146 144 143
36 149 150 147 148
38 157 158 156 155
37 152 151 154 153
