55 104 104 104 104 104 104 92 103 103 103 94 62 99 99 37 102 102 79 106 106 106 106 106 96 96 107 107 107 107 107 96 106 79 102 90 112 112 112 112 112 112 112 112 112 112 112 112 112 112 112 85 100 100 93 110 110 110 110 110 110 110 110 110 110 110 110 110 110 93 100 85 112 112 90 99 62 94 103 98 98 108 108 108 108 108 108 98 104 55
20
37 15 18 31 46 63 6 67 39 2 21 32 58 72 11 4 42 61 65 7 16 23 34 35 48 51 54 57 70 75 77 80 83 81 3 12 13 20 25 27 29 36 44 45 49 60 69 89 37
92 52 9 41 71 73 87 92
62 62
79 79
85 85
90 90
93 93
94 94
96 96
98 98
99 99
100 100
102 102
103 103
104 104
106 106
107 107
108 108
110 110
112 112
