5 4 33 137 42 165 7 121 34 133 68 195 56 113 197 149 90 72 60 60 72 197 40 56 195 68 133 120 158 120 133 186 112 82 27 49 49 171 104 83 13 13 171 186 77 198 198 186 133 62 36 36 91 191 91 91 36 106 47 47 106 138 116 76 81 19 19 19 19 19 19 19 19 19 19 19 81 76 121 52 162 126 54 54 126 162 52 121 121 7 94 58 78 78 78 190 119 39 42 137 33 4 5
58
165 63 173
113 157 48 61
149 180 149
90 2 159
40 123 22
158 14 80 158
77 103 184 143 140 77
112 10
83 170 17 83
104 178 26 104
82 146
27 1 122 32 25
34 9 151 34
138 153 51 102 138
116 50 99 116
62 43
191 11 194 31
150 177
39 92 187 46 39
94 135 188 110
109 75 168
190 16 85 44
119 71 41 156
58 152 164 100 179 58
47 47
28 28
133 133
171 171
91 91
33 33
76 76
37 37
96 96
199 199
174 174
53 53
67 67
69 69
193 193
105 105
162 162
137 137
20 20
196 196
52 52
192 192
189 189
81 81
101 101
55 55
64 64
183 183
42 42
18 18
154 154
68 68
56 56
78 78
