DZA AGO GNB HND ASM CYP GNB GLP BGR BDI BMU BHS BRA BES BLR BES GRC GUY GUM GRD GRD GUM GUM EST ETH GGY GIB FSM EGY ESH GBR FRA FRA GBR EGY GIB FIN GAB GAB GIB ETH EST GRC BRB CAN BRB BMU BDI BGR GNB AGO DZA
30
HND GEO HND
ASM DJI ATF
CYP CXR CZE BVT
DOM ARG DOM
BHS AUS BHS
GUY CUB HMD COG GNQ
GGY ERI
FSM GHA ECU FSM
ESH FRO
FIN FLK AND ABW FIN
BLR BEN CCK BGD BLR
BRA BFA
CAN BRN CHE CAN
GLP HKG GLP
COD COD
CAF CAF
GRD GRD
ALB ALB
BLM BLM
GRC GRC
ATA ATA
ARE ARE
BES BES
CYM CYM
DNK DNK
BDI BDI
GBR GBR
BRB BRB
CUW CUW
FRA FRA
