COM MDG MMR NPL NPL MMR MKD HUN CHL CHL MKD REU PNG PLW NIU PER PRI GAB ETH ETH GAB PRI PER PSE MLT CRI KGZ LAO KGZ KGZ CAF MLT PSE PER NIU CZE CYM CYM NIU PLW PNG CPV SAU DOM DZA MYS IRN IRN MYS DZA DOM SAU NZL CUW CUB CUB CUW NZL LBR LBY QAT SGP RUS BLZ BOL BES BES SGP LBY GIB GHA GEO GEO GBR FRA FRA GBR GEO GHA GIB COD COD
58
HKG COL CAN GUM HKG
IDN KAZ MOZ IDN
MDG ITA
HUN GNQ KOR LBN HUN
COM MTQ
CZE CXR CYP
NGA PAN JEY ALA GIN EGY
LAO IRL AUS ABW KWT LAO
CRI KNA ATG
CAF CIV NRU LKA CAF
MEX ARE MEX
CPV LTU MAR GRC MAC RWA CPV
MLI IOT MLI
REU AFG MDA REU
SGS COG KHM MYT HRV DMA SGS
LBR ESP ECU LBR
QAT ARM
RUS HMD RUS
BLZ BLM BEN
BOL BDI BMU AZE BHS
HND HND
NER NER
LUX LUX
LIE LIE
MMR MMR
NPL NPL
SHN SHN
FRA FRA
GIB GIB
DZA DZA
PRY PRY
SDN SDN
GBR GBR
NZL NZL
COK COK
NFK NFK
ESH ESH
ALB ALB
HTI HTI
PNG PNG
PAK PAK
GEO GEO
FSM FSM
DEU DEU
POL POL
CHN CHN
FIN FIN
IRN IRN
DJI DJI
PSE PSE
NIU NIU
BHR BHR
NIC NIC
GAB GAB
GMB GMB
JPN JPN
COD COD
GHA GHA
