Soda 167 108 198 142 198 108 108 175 103 143 106 24 169 2 2 24 106 56 182 44 115 147 133 107 53 0 162 27 27 162 0 53 107 79 79 166 136 136 136 166 70 70 190 190 128 128 128 190 70 115 44 182 96 123 123 96 106 143 157 131 29 29 189 29 130 65 65 29 131 157 143 84 155 155 84 175 108 139 141 151 40 85 85 141 104 104 108 167 Soda 124 161 17 17 161 119 188 180 173 148 170 144 187 183 183 183 183 183 187 144 170 34 34 34 98 113 8 8 160 160 98 173 6 6 188 119 Soda 68 193 197 129 83 90 22 22 197 193 Soda
60
142 134 178 171 142
169 146 118 137 169
133 100 140 133
147 116 196 177 120 122 112 156 147
56 150
125 99 153 109 125
189 163 189
130 114 127 130
103 121 103
151 110 151
40 195 101
139 176 139
124 186 124
149 154 164 179 181 149
148 159 126 152 148
113 158 192 113
180 145 165 180
129 138 129
83 102
90 105 135
68 168 191
104 104
106 106
107 107
108 108
111 111
115 115
117 117
119 119
123 123
128 128
131 131
132 132
136 136
141 141
143 143
144 144
155 155
157 157
160 160
161 161
162 162
166 166
167 167
170 170
172 172
173 173
174 174
175 175
182 182
183 183
184 184
185 185
187 187
188 188
190 190
193 193
194 194
197 197
198 198
