Soda 14 37 26 4 4 48 67 89 89 36 84 84 34 49 49 34 48 4 77 43 55 97 80 81 30 25 70 79 44 61 20 91 6 66 66 6 91 20 52 15 15 93 13 33 50 3 68 68 3 50 33 13 93 20 7 7 44 79 70 25 80 45 12 32 11 75 58 64 92 98 83 41 41 83 98 92 75 11 32 12 45 55 43 77 37 14 Soda
34
36 28 39 5 36
67 2
26 10 42 26
58 51
64 38 40 27
97 19 21 47
61 16 24
17 18 9 23 17
52 29 8
30 22 30
81 31 46
3 3
4 4
6 6
7 7
11 11
12 12
13 13
14 14
15 15
20 20
25 25
32 32
33 33
34 34
35 35
37 37
41 41
43 43
44 44
45 45
48 48
49 49
50 50
