Soda 173 194 67 135 56 56 135 170 33 142 136 187 89 138 162 11 199 167 167 199 19 175 17 46 46 169 83 118 71 77 77 71 118 118 169 174 28 28 174 37 125 80 5 5 5 5 125 38 148 181 181 38 99 18 82 70 183 8 156 156 8 183 82 18 99 162 168 153 69 193 74 40 161 151 85 84 47 47 84 84 85 85 161 74 25 25 153 153 168 163 178 178 163 12 102 21 21 102 12 66 127 26 20 106 160 52 52 52 64 64 52 160 123 53 155 134 129 100 132 157 29 13 13 13 29 157 132 105 32 120 195 195 120 105 129 134 53 20 191 191 127 142 170 194 108 133 68 68 133 194 173 Soda
55
33 24 33
136 27
187 44 48
89 54 89
138 94 79 95 78
19 61 87 19
37 6 42 37
80 22 76 90 101 57 80
148 31 97 92
70 73 45 70
17 2 15 96 17
83 88 39 14 81 49 83
175 9
11 50 11
69 59 69
193 10
40 51 40
151 60 36 23 63
66 55 66
150 93
106 41 86 75
100 98 4 7 100
32 34 30 32
155 16
123 62 91
26 65 26
67 35 67
108 3 58
5 5
8 8
12 12
13 13
18 18
20 20
21 21
25 25
28 28
29 29
38 38
43 43
46 46
47 47
52 52
53 53
56 56
64 64
68 68
71 71
72 72
74 74
77 77
82 82
84 84
85 85
99 99
