Wurster Class Class Cory Nevada North North UC Idaho Juneau Juneau Idaho Anthony Anthony Oregon Simpson Simpson Oregon Cory Pitzer McLaughlin McLaughlin Madison Madison Cory Sutardja Frank Baton Baton Latimer Barrows Missouri Missouri Barrows Florida Florida Hildebrand Silver Montgomery Tennessee Boston Salem Salem Indianapolis Indianapolis Silver Hildebrand Sather Alabama Massachusetts Hesse Hesse Massachusetts Kleeberger Kleeberger Kleeberger Sather Raleigh Raleigh Cory Class Class Wurster
29
Nevada Hilgard Simon Honolulu Vermont Stanley Chan Nevada
UC Parking Blackwell
Pitzer Optometry Maxwell Pitzer
Frank Hazardous Observatory Frank
Latimer Visitor
Sutardja Gilman Pennsylvania Sutardja
Alabama California Moses Goldman Alabama
Boston Recreational Boston
Tennessee Brain Tennessee
Montgomery Moffitt Spieker Montgomery
Silver Silver
Sather Sather
Massachusetts Massachusetts
Salem Salem
Juneau Juneau
Class Class
Florida Florida
Raleigh Raleigh
Oregon Oregon
Simpson Simpson
North North
McLaughlin McLaughlin
Hesse Hesse
Indianapolis Indianapolis
Kleeberger Kleeberger
Cory Cory
Anthony Anthony
Barrows Barrows
Idaho Idaho
