Rhode Cleary Blackwell Blackwell Wisconsin Denver Trenton Giannini Barrows Nashville Harrisburg Harrisburg Harrisburg Harrisburg Nashville International Boalt Sproul Sproul Boalt International Olympia Olympia Morrison Moffitt Moffitt Moffitt Alabama Jacobs Durant Topeka Hearst Richmond Richmond Greenhouse Greenhouse Topeka Topeka Topeka Columbus Columbus Topeka Durant Minnesota Minnesota Minnesota Alabama Energy Pennsylvania Pennsylvania Energy McLaughlin West West Insectary Observatory Mathematical Edwards Moses Moses Mathematical Observatory Montana BART BART Montana Hartford Heating Austin Annapolis Baton Baton Kentucky Kentucky Cheyenne Cheyenne Kentucky Kentucky Lawrence Lawrence Austin Heating Salt Foothill Birge Birge Ishi Hazardous Police Faculty Soda Concord Lower Lower Lower Concord Soda Faculty Police Hazardous Ishi Columbia Tang Bowles Chvez Chvez Iowa Iowa Tang Morgan Mulford Mulford Morgan Doe Doe Denver Wisconsin Genetics Campanile Campanile Campanile Campanile Genetics Rhode
51
Cleary Hawaii Oregon Warren Silver Michigan Nevada Cleary
Bowles Maryland Berkeley Brain Bowles
Columbia Lansing Madison Columbia
Trenton Class Utah Simon Trenton
Barrows Donner Life Martin Jefferson McEnerney Barrows
Giannini Tennessee
Morrison Simpson Etcheverry Haste Bancroft Stadium Jones Krutch Maxwell Morrison
McLaughlin Montgomery McLaughlin
Edwards Cory Edwards
Insectary Santa Insectary
Annapolis LeConte Grinnell Hellman University East Valley Annapolis
Foothill Hargrove Foothill
Salt Durham Salt
Hartford Springer Hartford
Hearst Hertz Little Providence CNMAT Hearst
Jacobs Illinois Florida Mississippi Clark Chou Jacobs
Energy Energy
Campanile Campanile
Birge Birge
Harrisburg Harrisburg
Blackwell Blackwell
Observatory Observatory
Wisconsin Wisconsin
Moffitt Moffitt
Nashville Nashville
Baton Baton
Montana Montana
Moses Moses
Chvez Chvez
BART BART
International International
Pennsylvania Pennsylvania
Kentucky Kentucky
Tang Tang
Columbus Columbus
Heating Heating
Sproul Sproul
West West
Olympia Olympia
Durant Durant
Concord Concord
Police Police
Topeka Topeka
Lower Lower
Boalt Boalt
Richmond Richmond
Austin Austin
Mathematical Mathematical
Minnesota Minnesota
Cheyenne Cheyenne
Mulford Mulford
