YuhuaEast TelokBlangahDrive CityHall Simpang PasirRis SembawangStraits OneTreeHill HongKah HongKah Katong ClementiNorth SenokoSouth LoyangEast LoyangEast SenokoSouth ClementiNorth EvertonPark ReservoirView PulauPunggolTimor Khatib SimpangNorth SimpangNorth SimpangNorth Khatib PulauPunggolTimor ReservoirView EvertonPark SembawangStraits Shipyard OrangeGrove PeoplesPark PeoplesPark OrangeGrove TamanJurong TamanJurong SembawangStraits LorongChuan Kangkar TanjongIrau TanjongIrau LorongChuan SembawangStraits SwissClub WestCoast SouthernIslands Redhill MountEmily KebunBahru YishunWest YishunWest PayaLebarEast TohGuan TohGuan PayaLebarNorth ConeyIsland ShangriLa TiongBahru TiongBahru ShangriLa ConeyIsland Victoria Rochor Rochor Victoria SembawangHills Dunearn SenokoNorth BukitBatokSouth WoodlandsWest Northland Northland WoodlandsWest BukitBatokSouth KianTeck WoodlandsSouth WoodlandsSouth SembawangHills SungeiRoad HougangEast Changi JurongPort SwissClub SembawangStraits PasirRis ChengSan Sengkang Brickworks KampongUbi TelokBlangahRise KampongUbi KampongUbi Brickworks Sengkang JurongWestCentral ClementiWest Anson Anson Anson ClementiWest JurongWestCentral ClementiCentral Midview TagoreSindo TagoreSindo Simpang CityHall YuhuaEast
58
Sennett SingaporeRiver Sennett
TelokBlangahDrive ChinaSquare
OneTreeHill UpperThomson Trafalgar OneTreeHill
Katong Paterson AlexandraNorth Kembangan
Shipyard PasirRisPark BayfrontSubzone Matilda BedokSouth ChangiPoint Shipyard
JurongRiver BoatQuay DefuIndustrialPark
Kangkar ChoaChuKang Aljunied
WestCoast TuasNorthPioneer
SouthernIslands HongKahNorth YioChuKang SouthernIslands
Redhill Moulmein
MountEmily GeylangEast
KebunBahru BukitBatokWest RochorCanal KebunBahru
PayaLebarEast Museum PasirRisDrive BenoiSector PayaLebarEast
PayaLebarNorth Tanglin TuasPromenade TuasBay PunggolField
Dunearn KeatHong YioChuKangEast PearlsHill
PasirPanjang2 Mountbatten
SenokoNorth SerangoonCentral
KianTeck DhobyGhaut Cairnhill Port
SungeiRoad KentRidge WaterwayEast PangSua SungeiRoad
Commonwealth InstitutionHill Commonwealth
HougangEast TampinesNorth
JurongPort DairyFarm JooSengPayaLebar MandaiEast JurongPort
Changi EastCoast ChangiWest
Mandai Geylang Mandai
ChengSan BedokNorth LowerSeletar Sentosa AngMoKioTownCentre OneNorth
TelokBlangahRise SungeiKadut IstanaNegara TelokBlangahRise
ClementiCentral Serangoon
Midview Punggol SerangoonNorth
Northland Northland
HongKah HongKah
SembawangStraits SembawangStraits
CityHall CityHall
SimpangNorth SimpangNorth
HougangCentral HougangCentral
Tampines Tampines
TiongBahru TiongBahru
BukitBatokSouth BukitBatokSouth
PasirRis PasirRis
TagoreSindo TagoreSindo
ClementiNorth ClementiNorth
Khatib Khatib
Brickworks Brickworks
SerangoonGarden SerangoonGarden
SembawangHills SembawangHills
BoonLayPlace BoonLayPlace
EvertonPark EvertonPark
PeiChun PeiChun
TohGuan TohGuan
ReservoirView ReservoirView
PulauPunggolTimor PulauPunggolTimor
Saujana Saujana
UluPandan UluPandan
Sembawang Sembawang
WoodlandsWest WoodlandsWest
JurongWestCentral JurongWestCentral
PeoplesPark PeoplesPark
OrangeGrove OrangeGrove
Chatsworth Chatsworth
