LeonieHill ChangiPoint SungeiKadut WoodlandsSouth HougangCentral MonksHill PasirRisCentralTown WaterwayEast GreenwoodPark GreenwoodPark Trafalgar ChangiBay TanglinHalt MandaiEstate MandaiEstate TanglinHalt Trafalgar GreenwoodPark WaterwayEast KampongGlam SungeiRoad Semakau Frankel Frankel Semakau YishunCentral TanjongRhu GeylangBahru GeylangBahru GeylangBahru TanjongRhu TheWharves TheWharves SembawangSprings PasirRisPark Sentosa Rochor NatureReserve NatureReserve Rochor Sentosa PasirRisPark SembawangSprings Novena Clementi Victoria Lavender Lavender Victoria Clementi TampinesWest PasirRisWestElias LoyangWest LoyangWest AnchorvaleBuangkok YioChuKang MandaiWest MandaiWest YioChuKang YioChuKang AnchorvaleBuangkok KampongGlam MonksHill ConeyIsland CompassvaleTrafalgar Changi Changi CompassvaleTrafalgar ConeyIsland OrangeGrove DefuIndustrialPark DefuIndustrialPark OrangeGrove SungeiKadut ChangiPoint LeonieHill
36
KampongUbi Tyersall
ChangiBay Guilin Phillip TuasBay
SungeiRoad Boulevard NorthCoast FarrerPark Kranji SungeiRoad
Novena SingaporePolytechnic SerangoonGarden Novena
TampinesWest YuhuaWestBoonLay TampinesWest
PasirRisWestElias LoyangEast BukitBatokCentral
Cecil Townsville PunggolTownCentre AirportRoad Springleaf
YishunCentral ChangiWest
PasirRisCentralTown BishanEast
HougangCentral Sennett
WoodlandsSouth JurongWestCentral Ridout
Trafalgar Trafalgar
ClementiCentral ClementiCentral
SungeiKadut SungeiKadut
MonksHill MonksHill
KallangWay KallangWay
Shipyard Shipyard
YioChuKang YioChuKang
SembawangSprings SembawangSprings
Victoria Victoria
Yishun Yishun
MandaiWest MandaiWest
PasirPanjang2 PasirPanjang2
Semakau Semakau
Outram Outram
Sentosa Sentosa
OrangeGrove OrangeGrove
TanglinHalt TanglinHalt
NeeSoon NeeSoon
ChoaChuKangCentral ChoaChuKangCentral
ConeyIsland ConeyIsland
AnchorvaleBuangkok AnchorvaleBuangkok
KampongGlam KampongGlam
GreenwoodPark GreenwoodPark
Woodgrove Woodgrove
DefuIndustrialPark DefuIndustrialPark
