139 147 77 77 114 186 186 186 172 172 186 119 182 182 182 182 182 108 187 30 156 58 58 156 30 108 182 182 119 69 69 106 158 158 158 13 13 158 145 96 152 146 104 104 146 161 161 96 145 158 106 106 67 128 81 65 65 81 142 144 37 130 130 153 112 41 41 112 153 130 37 144 22 127 189 127 22 27 176 157 157 157 176 67 106 69
56
147 78 147
114 64 9 8 1 91 16 134 98 114
187 23 60 95 79 47 74 187
184 7 184
152 82 75 72 85 5 89 33 165 138 2 152
128 14 35 128
142 57 44 113 142
189 43 105 189
27 109 131 27
125 101 11 125
198 25 198
139 71 31 26 18 48 39 21
106 106
77 77
146 146
84 84
112 112
81 81
173 173
15 15
176 176
127 127
141 141
65 65
111 111
123 123
188 188
108 108
153 153
144 144
191 191
13 13
58 58
148 148
30 30
32 32
158 158
182 182
119 119
96 96
104 104
22 22
122 122
161 161
41 41
178 178
157 157
67 67
118 118
156 156
130 130
69 69
37 37
145 145
186 186
172 172
