B8 I5 R9 C5 K7 T1 P7 P7 P7 P7 P7 P7 P7 P7 P7 P7 P7 P7 S7 S7 P7 P7 P7 P7 P7 P7 P7 T1 K7 N9 B4 F5 F5 M9 J7 L3 R7 L3 M9 B1 J8 J8 B1 H1 M4 Q4 Q4 M4 Q1 Q1 F0 J4 B3 Q7 Q7 B3 J4 F0 R9 I5 B8 R3 J0 K9 E7 E7 J0 K8 E9 E9 K8 C3 C8 D0 C9 F3 F3 C9 S8 R0 I3 M1 H7 C4 C4 H7 E4 I3 D2 B6 I2 N0 G9 D8 T5 T8 H0 H0 H0 H0 H0 H0 H0 H0 H0 H0 H0 H0 H0 H0 H0 H0 H0 H0 H0 H0 H0 H0 H0 H0 H0 H0 H0 H0 H0 H0 H0 H0 H0 H0 H0 H0 H0 H0 H0 H0 H0 H0 H0 H0 H0 H0 H0 H0 H0 H0 H0 H0 H0 H0 H0 H0 H0 H0 H0 H0 H0 H0 H0 H0 H0 H0 H0 H0 H0 H0 H0 H0 H0 H0 H0 H0 H0 H0 H0 H0 H0 H0 H0 H0 H0 H0 H0 H0 H0 H0 H0 H0 H0 H0 H0 T8 A6 K2 K2 A6 S0 O1 T2 T2 O1 S0 G9 N0 Q2 H8 D3 D3 H8 N0 M3 O7 B7 Q8 Q8 B7 O7 A2 F4 Q9 P0 P0 F4 B6 D2 I3 R0 S8 P8 L7 L7 P8
58
C5 Q3 N7 Q5 R6 R4
N9 A0 N4
B4 I6 N6 F9 L6 F2 B4
J7 H5 S9
R7 J1 G4 D7
H1 G0 P2 H1
P1 F6
K9 D4
R3 L9 A3 R8
O3 K6 O3
C8 M6 C8
D0 K1 G1 E8
E4 D9 H4 E3 E4
M1 P9 B0 K3
T9 E5 B2 T9
T5 I8 O5 F1 T5
D8 E2 D8
Q2 G6 C2
P5 N1 P5
M3 S2 A8
I2 A9 Q0 K5 H3 I2
Q9 M0 C0
A2 H2 A2
C3 N8 C3
F8 D5
T0 T0
J2 J2
M5 M5
S7 S7
T8 T8
H6 H6
N0 N0
P7 P7
I4 I4
O1 O1
I3 I3
Q7 Q7
N2 N2
A1 A1
C1 C1
Q8 Q8
T1 T1
D3 D3
I9 I9
J0 J0
O2 O2
P6 P6
R9 R9
H0 H0
E7 E7
S8 S8
G9 G9
R0 R0
B3 B3
I0 I0
S0 S0
S5 S5
C4 C4
