Hershberger
34
Hershberger Sanchez
Berka Berka
Collins Collins
Peters Peters
Wilson Wilson
White White
Harris Harris
Anderson Anderson
Dray Dray
Dotson Dotson
Patton Patton
Preston Preston
Hagen Hagen
Longhurst Longhurst
Robinson Robinson
Tygart Tygart
Kujawa Kujawa
Miller Miller
Luzar Luzar
Johns Johns
Leisure Leisure
Orange Orange
Yoder Yoder
Singleton Singleton
Kim Kim
Zwolinski Zwolinski
Muni Muni
Sharp Sharp
Aldrich Aldrich
Vanness Vanness
Legrand Legrand
Mclaughlin Mclaughlin
Street Street
Reeder Reeder
