Qwilfish Tropius Drapion Qwilfish Drampa Phanpy Skiddo Noibat Simisear Sandile Terrakion Politoed Skiddo Skorupi Skiddo Magmar Qwilfish
41
Drapion Paras Plusle Drapion
Tropius Wailord Tropius
Sandile Porygon2 Vespiquen Escavalier Sandile
Simisear Comfey Seaking Simisear
Politoed Treecko Lumineon Bastiodon Politoed
Terrakion Slurpuff Woobat Shellder Terrakion
Noibat Weepinbell Noibat
Skorupi Swadloon Yungoos Skorupi
Magmar Steenee Conkeldurr Magmar
Phanpy Stufful Phanpy
Drampa Bounsweet Tauros Drampa
Meloetta Meloetta
Volcarona Volcarona
Skiddo Skiddo
Metang Metang
Taillow Taillow
Slowbro Slowbro
Lotad Lotad
Scatterbug Scatterbug
Vullaby Vullaby
Inkay Inkay
Tornadus Tornadus
Dewpider Dewpider
Shellos Shellos
Metapod Metapod
Wartortle Wartortle
Crawdaunt Crawdaunt
Froakie Froakie
Nincada Nincada
Gengar Gengar
Honedge Honedge
Amoonguss Amoonguss
Tsareena Tsareena
Jumpluff Jumpluff
Munna Munna
Kakuna Kakuna
Magnemite Magnemite
Whismur Whismur
Xerneas Xerneas
Weezing Weezing
Zekrom Zekrom
