Myrtle Montgomery Lafayette Davidson Charles Bellevue Kansas Joliet Joliet Kansas Bellevue Baton Hollywood Cedar Hesperia Hesperia Cedar Baton Albuquerque Canton Bradenton Jacksonville Hemet Monterey Plen Erie Erie Minneapolis Minneapolis Minneapolis Erie Plen Monterey Hemet Bradenton Canton Kissimmee Harlingen Lorain Lorain Fayetteville Arvada Appleton Leominster Leominster Appleton Bloomington Bloomington Barnstable Barnstable Nashua Moreno Moreno Aribel Abilene Abilene GreenBay GreenBay Abilene Aribel Moreno Lacey Huntington Huntington Lacey Davidson Lafayette Lafayette Myrtle
32
Harlingen Lansing Harlingen
Fayetteville Chicago Macon Albany
Arvada Medford Houma
Kissimmee Miramar Muskegon Kissimmee
Nashua Merced Hartford Corpus Bridgeport Nashua
Jacksonville Chandler Huntsville Lexington Alexandria
Albuquerque Grays Albuquerque
Hollywood Champaign Mobile Hollywood
Charles Deltona
Montgomery Baltimore Cathedral Montgomery
Joliet Joliet
Barnstable Barnstable
Dallas Dallas
Erie Erie
Hemet Hemet
Cary Cary
Cedar Cedar
Plen Plen
Bradenton Bradenton
Bloomington Bloomington
Brownsville Brownsville
Lorain Lorain
Davidson Davidson
Leominster Leominster
Minneapolis Minneapolis
GreenBay GreenBay
Aribel Aribel
Abilene Abilene
Kansas Kansas
Appleton Appleton
Huntington Huntington
Moreno Moreno
