Monroe Berkeley Moreno Hampton Modesto Lauderdale Lauderdale Modesto Melbourne Elizabeth Bloomington Corona Kansas Jackson Columbia Columbia Jackson Kansas Houston Arlington Bridgeport Abilene Charleston Johnson Johnson Abilene Arlington Arlington Atlanta Boise Madison Boise Aribel Naperville Havre Marysville Viejo Hesperia Irvine Hagerstown Hagerstown Irvine McAllen Greenville Greenville McAllen Lincoln Lorain Boulder Cathedral Boulder Lorain Lincoln Minneapolis Anchorage Apple Apple Anchorage Anchorage Minneapolis Havre Concord Eight Eight Concord Augusta Eleven Denver Denver Denver Eleven Augusta Boise Albany Champaign Hialeah Brighton Bremerton Bedford GreenBay Hickory Hartford Glendale Amarillo Amarillo Amarillo Glendale Hartford Hickory Ten Jacksonville Charlotte Charlotte Jacksonville Lakeland Grays Aberdeen Aberdeen Grays Lakeland Hickory Hickory GreenBay Bedford Kenosha Kenosha Champaign Boise Atlanta Bloomington Elizabeth Irving Bakersfield Gastonia Asheville Carrollton Columbus Columbus Carrollton Escondido Miami Miami Escondido ElkGrove Evansville Nine Nine ElkGrove Irving Elizabeth Melbourne Montgomery Montgomery Montgomery Berkeley Clarksville Aurora Gainesville Hemet Hayward Hayward Hemet Gainesville Duluth Dayton Fullerton Fullerton Dayton Duluth Canton Canton Canton Clarksville
63
CSprings Allentown
Monroe Naples Muskegon
Moreno Merced Detroit
Hampton Seven Hampton
Two Prairie
Charleston Kailua Burlington Charleston
Bridgeport Laredo Bridgeport
Houston Rapids
Albany Cambridge Albany
Hialeah Dallas Mesa Hialeah
Brighton Bethlehem
Ten Cary Lafayette Mesquite Birmingham Lowell Kissimmee Three Anaheim Ten
Bremerton Baltimore
Madison Brownsville Cleveland Huntsville
Hesperia Antioch Greensboro Hesperia
Cathedral Erie Huntington
Viejo Killeen Lancaster Viejo
Marysville Daytona Fayetteville
Naperville Athens Julian
Aribel Bradenton Kennewick
Corona Gilbert
Asheville Fairfield Baton Corpus Asheville
Gastonia Manchester Monterey
Evansville Davidson Akron
Bakersfield Mobile
Aurora Vista Four Leominster Denton Austin
Miami Miami
Kenosha Kenosha
Melbourne Melbourne
Arlington Arlington
Elizabeth Elizabeth
Chesapeake Chesapeake
Gainesville Gainesville
Clarke Clarke
Montgomery Montgomery
Elkhart Elkhart
Aberdeen Aberdeen
Amarillo Amarillo
Lewisville Lewisville
Johnson Johnson
Hagerstown Hagerstown
Havre Havre
Modesto Modesto
Lacey Lacey
Boulder Boulder
Dayton Dayton
Hartford Hartford
Irving Irving
Lakeland Lakeland
Apple Apple
Hayward Hayward
Glendale Glendale
Canton Canton
Boise Boise
Anchorage Anchorage
Bedford Bedford
Hickory Hickory
Carrollton Carrollton
Jacksonville Jacksonville
Abilene Abilene
Clarksville Clarksville
Layton Layton
Denver Denver
