DK BG AJ CW CW AT CK BD CV CV HC FF BF BV AP AP BV BF FF CV AT CW HD CY DF AU BH GE GE DB FC DZ GO CG CL FQ AD AD DN HB FI AM FI DN CP BM BM CP FY CZ AF AF CZ FY CD AY CO AV FS FT AO AO FT CF CF AK DG EF DJ DJ EF GL GL AK CF AV CO AY CD CD BW BW GO DZ CJ AI DI EU EX BK AW AR BZ EP AC FH EA AL AL EA DU HA HA DU BJ BJ BZ AR AR AW BK AA FB CM EH EH EH FD FD EH CM FB AA EU DI AI GY GY DZ DB GH BS GA GA GH DB CW AJ AJ BG BY BY
57
DF BI CI GB DF
ER HJ
BH FG EB BH
CL DP CU
FQ CR FW
HB FZ HB
AM GG CC AM
DX CS AN DX
EG FA AG
FS BL
DG BR BP AZ
CG HI EN ED CG
CJ BE GN
EX EL FP GT GZ ET
FH CX DL FH
AC EW
EP DE BC EP
FC CT
BS AB GX
AU DT AU
CY GR CY
HD FN HD
CK HF CK
BD EM GV
HC EY CA DM HC
DK DD EQ
DI DI
DZ DZ
DN DN
CW CW
AO AO
CE CE
HE HE
DU DU
FB FB
CP CP
DO DO
EO EO
AK AK
DB DB
EA EA
CD CD
BV BV
BW BW
GY GY
AT AT
FT FT
CM CM
FD FD
AA AA
BF BF
AY AY
EF EF
ES ES
AV AV
BM BM
BZ BZ
