Soda ResidenceHalls LowerSproulPlaza CareerCenter Insectary Insectary LowerSproulPlaza AlumniHouse HaasPavilion CheitHall GiauqueHall GiauqueHall BlumHall BlumHall HaasPavilion KroeberHall FacultyClub EvansDiamond BarrowLane BarrowsHall BarrowsHall GoldmanField LevineFrickeField EdwardsStadium KoshlandHall ClearyHall EvansHall BotanicalGarden Greenhouse CalvinLaboratory ClarkKerrCampus McConeHall CampbellHall CampbellHall McConeHall ClarkKerrCampus BerkeleyArtMuseum BerkeleyArtMuseum AnthonyHall GilmanHall HilgardHall LewisHall BancroftLibrary BancroftLibrary LewisHall HilgardHall BerkeleyArtMuseum MLK BowlesHall HertzHall HertzHall BowlesHall MLK Greenhouse BotanicalGarden EvansHall DonnerLab DonnerLab BerkeleyWayWest BerkeleyWayWest LeConteHall PoliceUC EyeCenter EyeCenter PoliceUC LevineFrickeField EvansDiamond ObservatoryHill ObservatoryHill HearstFieldAnnex HearstFieldAnnex KroeberHall HaasPavilion HavilandHall HavilandHall LowerSproulPlaza ResidenceHalls Soda
23
CareerCenter VLSB Dwinelle CareerCenter
CheitHall BirgeHall BlackwellHall CheitHall
BarrowLane BARTStation BarrowLane
GoldmanField Cory
EdwardsStadium BanwayBldg CaliforniaHall EdwardsStadium
KoshlandHall BrainImagingCenter
CalvinLaboratory EastAsianLibrary CNMAT CalvinLaboratory
AnthonyHall DavisHall Campanile ChouHall AnthonyHall
GilmanHall EastGate BoaltHall
ClearyHall ChanShunAuditorium BarkerHall
LeConteHall CyclotronRd EtcheverryHall
FacultyClub EshlemanHall DurantHall
AlumniHouse DoeMemorialLibrary AlumniHouse
BancroftLibrary BancroftLibrary
BarrowsHall BarrowsHall
BerkeleyArtMuseum BerkeleyArtMuseum
BerkeleyWayWest BerkeleyWayWest
BlumHall BlumHall
BotanicalGarden BotanicalGarden
CampbellHall CampbellHall
ClarkKerrCampus ClarkKerrCampus
DonnerLab DonnerLab
EvansDiamond EvansDiamond
