Soda EtcheverryHall WicksonNaturalArea OptometryClinic Piedmont NorthGateHall DonnerLab UniversityHall Hayward Saratoga MartinezCommons StanleyHall Orinda Oakley BarrowsHall BarrowsHall BarrowsHall Oakley GiauqueHall MemorialGladeandPool MemorialGladeandPool McLaughlinHall WellmanHall SternHall MLK MLK Healdsburg SutardjaDaiHall Campanile LatimerHall ElCerrito ElCerrito LatimerHall Campanile Insectary Novato Novato Novato Insectary EvansHall FoundersRock MinorHallAddition StHelena KleebergerFieldHouse KleebergerFieldHouse StHelena Antioch Classof1914Fountain Classof1914Fountain Antioch FoundersRock EvansHall Healdsburg MLK MLK SternHall WellmanHall McLaughlinHall McLaughlinHall Fairfield SanRafael IshiCourt Benicia Burlingame Burlingame Benicia JacobsHall CareerCenter EastAsianLibrary ResidenceHalls GoldmanField BirgeHall BirgeHall GilmanHall HearstGreekTheatre HearstGreekTheatre GilmanHall ResidenceHalls EastAsianLibrary CareerCenter DurantHall DurantHall SanRafael SanRafael Fairfield DavisHall PaloAlto PaloAlto DavisHall BerkeleyArtMuseum Cory HesseHall HesseHall Cory BerkeleyArtMuseum SimonHall ClearyHall KrutchTheater MulfordHall MulfordHall KrutchTheater ClearyHall Saratoga EyeCenter FacultyGlade Emeryville Emeryville FacultyGlade EyeCenter UniversityHall BarkerHall PimentelHall MorrisonHall BancroftLibrary Unit1 Unit1 EastGate ChouHall TangCenter Hillsborough MosesHall MosesHall Hillsborough TangCenter EastGate MorrisonHall PimentelHall VLSB VLSB UniversityHall DonnerLab NorthGateHall NorthGateHall Piedmont OptometryClinic WicksonNaturalArea EtcheverryHall
44
Orinda LewisHall WestGate Orinda
GiauqueHall Alameda StadiumRimWay GiauqueHall
SutardjaDaiHall LowerSproulPlaza Brisbane WomenFacultyClub WestCircle Pittsburg KroeberHall
MinorHallAddition SatherTower AnthonyHall MinorHallAddition
IshiCourt ZellerbachPlayhouse ClarkKerrCampus SanPablo Pacifica IshiCourt
GoldmanField WheelerHall CalvinLaboratory GoldmanField
JacobsHall HearstMiningCircle
StanleyHall Albany WursterHall
MartinezCommons BlumHall Pinole MartinezCommons
SimonHall ZellerbachHall
Hayward Unit3 SproulPlaza Hayward
BancroftLibrary HertzHall BancroftLibrary
ChouHall Belmont SanRamon ChouHall
BarkerHall FrankSchlessingerWay BarkerHall
Soda HargroveMusicLibrary
Campanile Campanile
ClearyHall ClearyHall
Fairfield Fairfield
Healdsburg Healdsburg
DonnerLab DonnerLab
Saratoga Saratoga
EtcheverryHall EtcheverryHall
NorthGateHall NorthGateHall
PimentelHall PimentelHall
KleebergerFieldHouse KleebergerFieldHouse
Oakley Oakley
GilmanHall GilmanHall
SternHall SternHall
EvansHall EvansHall
Insectary Insectary
Unit1 Unit1
HearstGreekTheatre HearstGreekTheatre
FoundersRock FoundersRock
EastGate EastGate
Benicia Benicia
Piedmont Piedmont
Cory Cory
Emeryville Emeryville
WellmanHall WellmanHall
WicksonNaturalArea WicksonNaturalArea
StHelena StHelena
SanRafael SanRafael
Hillsborough Hillsborough
MulfordHall MulfordHall
