gp gp en en k k en gp gp gp fg gl et et et e fu fu e cq fl gm fy fy fy fd fv fv fr fr fr fv fd fy fy an an fy em em eq gn gn fn fn gn gn gn m m dt dt m gn gn ex ex gn gn gn ff ff ff gn ga ga gn gn fz fz gn do do gn gn gn gn gn gn eq bf fs ak fb gh gh gh t t ak dj dj gb gb cv bi ev ev bi cv gb dj bf fg gp
38
gl aj ah ed fh al y ea gl
gm ep cl dx er de bm cs ct az df br du gm
fb eu ey bl bd ci ar ec aa eg u dq l ee dm h j bv fa bc ck dn o by cp ab p b ap ew c cd ch ae dg bz dv fb
fs ag w aw fs
fl cb bb fl
cq cu cq
et et
fy fy
fn fn
cv cv
em em
m m
gn gn
ex ex
en en
dt dt
ff ff
e e
bi bi
ga ga
eq eq
fz fz
do do
fv fv
ev ev
fd fd
t t
fr fr
ak ak
fg fg
fu fu
gp gp
gh gh
dj dj
gb gb
k k
bf bf
an an
