Spectre Kayn Skarner Jhin Jhin Jhin Kayn Kalista Jayce Shyvana Shyvana Jayce Kalista Renekton Magnus Windranger Windranger Magnus Undying Undying Undying Thresh Weaver LoneDruid Nunu Nunu Nunu Weaver Sona Rammus LegionCommander BountyHunter NaturesProphet Sejuani Sejuani NaturesProphet BountyHunter LegionCommander Chen SkywrathMage SpiritBreaker SpiritBreaker Draven Draven Bristleback Bristleback Bristleback Draven SpiritBreaker Ziggs CentaurWarrunner Galio Phoenix Jax Jax Phoenix Galio Cassiopeia SkywrathMage Chen Disruptor KogMaw KogMaw Disruptor Ahri Ahri
29
Skarner Lux Kled Skarner
Spectre Bard Ashe Spectre
Renekton Anivia Morgana Lucian
Pantheon ArcWarden
Thresh Tiny
LoneDruid Oracle Ezreal MasterYi LoneDruid
Sona Malphite
Rammus CrystalMaiden Slark
Ziggs Xerath Lich Rumble Jinx Tailyah Maokai Heimerdinger Ziggs
CentaurWarrunner WraithKing CentaurWarrunner
Cassiopeia NightStalker TrollWarlord
Nunu Nunu
Akali Akali
Jayce Jayce
Disruptor Disruptor
Jhin Jhin
BountyHunter BountyHunter
Draven Draven
KogMaw KogMaw
Talon Talon
Magnus Magnus
Jax Jax
ChaosKnight ChaosKnight
SpiritBreaker SpiritBreaker
Bristleback Bristleback
Phoenix Phoenix
Ahri Ahri
Galio Galio
Shyvana Shyvana
