0 10 26 28 12 47 48 49 92 90 44 43 44 90 92 48 15 76 76 29 26
73
0 1 6 25 53 21 22 23
10 24 51 60 10
28 77 28
47 86 47
49 89 49
43 46 94 43
14 20 14
15 13 85 78 15
30 40 30
12 32 36 79 61 70 12
29 98 83 29
2 2
3 3
4 4
5 5
7 7
8 8
9 9
11 11
16 16
17 17
18 18
19 19
26 26
27 27
31 31
33 33
34 34
35 35
37 37
38 38
39 39
41 41
42 42
44 44
45 45
48 48
50 50
52 52
54 54
55 55
56 56
57 57
58 58
59 59
62 62
63 63
64 64
65 65
66 66
67 67
68 68
69 69
71 71
72 72
73 73
74 74
75 75
76 76
80 80
81 81
82 82
84 84
87 87
88 88
90 90
91 91
92 92
93 93
95 95
96 96
97 97
99 99
