6 3 1 4 0 0 4 1 3 11 15 13 14 16 19 12 10 10 12 19 16 14 13 15 24 28 26 26 28 30 33 32 38 38 38 32 33 42 40 44 48 49 49 48 44 42 55 58 58 67 60 64 68 62 62 68 60 73 74 78 72 79 75 75 79 72 78 74 80 81 81 82 82 96 92 94 94 90 90 103 101 102 107 100 100 107 102 101 111 114 115 115 114 124 126 123 129 128 121 121 121 128 129 123 126 133 139 130 137 138 138 137 130 143 146 147 147 147 147 146 158 150 151 151 168 164 162 160 167 161 165 165 161 160 162 164 168 172 176 170 174 174 176 186 184 181 181 186 168 42 199 198 197 197 198 190 190
64
6 8 7
11 18
24 21 23
30 36 39 31
40 46 41 40
55 57 50 59
67 69
64 65 63
73 77
80 87 88 85
92 98 97
96 95
105 109 105
103 106
111 118 113
124 120 125
139 132 139
133 134
143 148 149 144 145
158 152
150 157 153 150
167 166 163 167
170 179 178 170
172 177 185
184 187
180 182
199 194 191 196
4 4
1 1
0 0
10 10
15 15
19 19
14 14
20 20
26 26
38 38
48 48
51 51
62 62
60 60
78 78
75 75
79 79
74 74
81 81
90 90
101 101
107 107
112 112
115 115
114 114
126 126
129 129
128 128
137 137
130 130
146 146
164 164
176 176
181 181
186 186
198 198
190 190
