0 4 10 6 84 84 102 102 9 9 133 131 131 133 9 15 21 16 23 31 100 105 113 113 105 100 16 21 13 115 115 13 4 12 19 30 63 71 71 63 30 26 32 40 118 87 93 97 97 99 106 99 87 118 40 32 26 12 20 27 27 35 43 42 46 46 77 77 64 98 96 96 98 35 27 12 4 49 50 58 67 119 81 81 50 4 108 1 34 34 149 149 108
60
0 143 94 145
76 5 83 95 110 76
6 8 142 18
23 85 23
31 44 114 31
15 141 22 127 15
10 125 25 135 10
24 69 24
19 109 65 19
93 89 93
106 117 120
42 33 45 78 42
43 47 53 138 43
64 68 101 137 64
20 128
119 70 123 134 119
75 86 75
67 132 67
58 146
49 66 55 49
1 39 148
73 73
118 118
82 82
12 12
36 36
9 9
56 56
104 104
29 29
26 26
131 131
108 108
30 30
11 11
51 51
27 27
4 4
32 32
16 16
81 81
133 133
96 96
105 105
122 122
28 28
40 40
60 60
97 97
113 113
62 62
84 84
111 111
35 35
80 80
77 77
34 34
7 7
98 98
13 13
