1 116 116 176 65 18 177 27 155 23 82 24 192 108 110 146 31 149 121 56 49 158 49 121 86 88 20 135 197 87 127 127 17 111 111 111 17 127 195 67 188 9 131 100 100 100 89 136 162 162 136 89 188 67 36 199 47 138 60 34 159 84 84 84 159 34 6 6 137 137 3 97 112 112 97 3 138 138 147 90 191 181 68 32 38 38 28 189 62 62 189 12 142 142 12 4 4 191 90 147 73 120 73 66 150 150 150 73 147 143 143 126 103 103 126 109 76 128 156 156 128 76 109 36 67 195 195 197 135 132 132 33 14 14 86 121 149 184 166 91 184 149 31 146 110 192 192 24 23 160 160 177 18 65 176 116
60
27 95 27
155 29 155
82 153 81
108 99 25 108
91 139 167 182 91
166 16
56 183
158 59 13
88 42 170
20 119 20
87 70 2 74 87
131 7 35 129 78 164 53 131
9 140 9
199 118 117
47 79
60 151 11 165 148 40 161 21 60
68 123 68
32 114 122 32
28 163 52 77 28
181 186 181
120 57 93 120
66 44 172 190
33 45
1 64
147 147
112 112
160 160
12 12
143 143
36 36
97 97
192 192
126 126
127 127
14 14
89 89
142 142
184 184
76 76
17 17
3 3
197 197
100 100
6 6
149 149
132 132
176 176
137 137
180 180
67 67
121 121
65 65
159 159
116 116
94 94
191 191
92 92
188 188
34 34
178 178
