187 86 156 141 103 88 153 153 103 141 37 121 18 67 99 99 7 68 162 185 199 195 63 63 195 162 68 7 38 145 177 98 172 144 144 52 104 113 11 188 49 11 113 104 166 30 30 104 52 144 172 177 38 7 99 138 50 142 175 102 181 71 22 109 109 22 71 100 65 140 117 117 140 64 58 157 19 53 35 137 165 194 167 33 130 139 189 54 54 54 97 135 21 192 6 192 135 97 54 189 189 139 130 33 167 74 129 39 69 146 41 41 69 69 69 39 129 74 35 53 19 58 64 61 34 197 24 60 81 127 28 116 116 148 148 60 24 197 61 100 175 142 50 138 18 121 141 156 86 187
64
88 29 94
37 120 13 42
185 196 45
199 70 48 199
145 87 110
166 119 164 72 2 166
188 191
49 136 107
98 8
67 47 67
181 9 133 131 181
65 183 73 65
157 176 83 157
194 134
21 80 55 89 90 108
6 111 152 163 132 190 12 6
146 93 79 146
165 171 44 165
137 180
34 126
123 150
81 15
127 82 127
28 184 92
102 23
63 63
33 33
173 173
175 175
142 142
148 148
109 109
30 30
117 117
41 41
69 69
128 128
54 54
169 169
162 162
78 78
153 153
161 161
140 140
95 95
36 36
18 18
160 160
53 53
97 97
52 52
114 114
172 172
68 68
71 71
58 58
39 39
32 32
154 154
124 124
59 59
86 86
156 156
7 7
