16 33 63 43 67 55 40 9 52 57 84 96 0 86 99 82 20 82 82 99 86 96 56 37 59 94 48 4 71 51 51 41 76 76 41 4 61 23 95 29 50 50 29 5 45 3 46 74 74 46 3 45 5 23 61 4 48 59 57 52 9 40 55 67 43 33 16 39 78 73 75 92 19 85 85 19 60 88 47 47 88 60 75 73 27 27 39 16
35
63 25 36
20 11 81 20
0 62 31 93 0
84 21 84
56 80
37 65 37
94 53 94
95 58 68
71 18 44 77
92 7 90 35 92
78 6
86 86
75 75
51 51
23 23
33 33
17 17
60 60
29 29
96 96
5 5
19 19
82 82
88 88
40 40
50 50
74 74
61 61
3 3
55 55
83 83
85 85
52 52
39 39
15 15
