location1 location178 location27 location27 location178 location20 location31 location169 location143 location143 location57 location17 location17 location57 location143 location106 location151 location37 location37 location182 location67 location110 location110 location67 location120 location120 location61 location159 location184 location60 location172 location172 location126 location126 location126 location81 location91 location112 location68 location88 location88 location68 location112 location81 location72 location181 location117 location117 location181 location72 location159 location16 location135 location135 location16 location168 location100 location84 location77 location136 location174 location11 location66 location103 location103 location66 location11 location174 location141 location98 location98 location77 location138 location157 location167 location64 location179 location158 location158 location179 location93 location19 location24 location190 location69 location69 location190 location24 location92 location194 location139 location187 location101 location140 location49 location189 location14 location14 location189 location49 location140 location101 location194 location92 location93 location23 location62 location46 location46 location46 location62 location167 location157 location44 location53 location5 location162 location162 location5 location53 location12 location15 location15 location157 location138 location138 location168 location163 location198 location198 location32 location32 location96 location125 location70 location95 location86 location86 location196 location94 location94 location94 location196 location86 location95 location70 location70 location70 location125 location32 location168 location118 location43 location102 location29 location29 location43 location118 location118 location118 location143 location143 location48 location191 location191 location48 location79 location127 location154 location165 location116 location8 location8 location165 location154 location127 location79 location31 location31
58
location1 location90 location108
location182 location171 location152 location186 location164 location142 location182
location151 location59 location65 location177
location60 location74 location97 location199
location184 location129 location58 location184
location91 location82 location161 location91
location61 location13
location102 location197 location35
location106 location188 location148 location106
location100 location33 location100
location84 location109 location6
location64 location28
location187 location146 location3
location139 location75 location139
location19 location193 location107
location23 location149 location123 location40
location12 location128 location25 location12
location44 location114 location44
location141 location105 location180
location136 location185 location30 location136
location96 location175 location85 location2 location150 location195 location130 location22 location96
location163 location87
location169 location111 location169
location116 location10 location26 location116
location20 location133 location56 location20
location69 location69
location16 location16
location158 location158
location11 location11
location43 location43
location157 location157
location110 location110
location179 location179
location92 location92
location57 location57
location68 location68
location143 location143
location140 location140
location49 location49
location196 location196
location37 location37
location165 location165
location159 location159
location17 location17
location27 location27
location5 location5
location118 location118
location93 location93
location46 location46
location95 location95
location181 location181
location127 location127
location172 location172
location154 location154
location32 location32
location178 location178
location190 location190
location94 location94
