location1 location38 location28 location86 location92 location96 location68 location68 location76 location76 location92 location51 location21 location75 location89 location89 location42 location42 location36 location19 location84 location84 location34 location34 location54 location54 location34 location73 location73 location55 location39 location44 location44 location39 location55 location51 location92 location86 location20 location10 location62 location49 location25 location25 location49 location62 location46 location46 location45 location100 location15 location94 location82 location24 location24 location82 location94 location15 location100 location4 location30 location11 location98 location98 location58 location50 location61 location61 location58 location57 location7 location35 location85 location60 location65 location65 location14 location14 location14 location43 location43 location4 location46 location20 location86 location28
27
location38 location90 location17 location38
location75 location6 location75
location21 location9 location59 location21
location19 location71 location2 location53 location19
location36 location29 location23 location36
location96 location52 location66
location10 location47 location10
location45 location56 location32 location99 location45
location30 location91 location30
location11 location74
location50 location48 location8
location57 location95 location57
location35 location80 location79 location35
location85 location78
location60 location72 location77 location3 location40
location7 location83
location1 location31
location94 location94
location49 location49
location42 location42
location43 location43
location58 location58
location89 location89
location51 location51
location46 location46
location54 location54
location44 location44
