0 194 21 25 78 103 29 199 51 57 94 26 3 83 172 31 129 133 159 166 24 24 166 159 133 129 113 16 48 190 146 134 134 146 46 56 169 97 117 181 186 188 189 40 82 8 8 82 40 189 13 62 17 171 36 179 179 121 61 53 54 54 53 61 121 171 17 62 13 186 185 167 95 95 167 185 117 97 169 110 130 198 65 177 55 55 177 177 65 165 93 193 136 158 64 116 45 74 138 1 66 44 161 131 87 87 87 131 139 168 168 139 44 66 1 138 45 116 64 158 136 193 93 165 130 110 169 79 34 147 147 34 79 46 48 16 113 172 83 155 91 91 122 70 197 92 92 175 107 14 72 72 68 154 154 68 107 175 70 122 83 3 26 94 57 51 199 52 127 157 126 192 43 135 135 43 192 192 126 157 127 52 103 37 19 22 49 49 98 137 11 86 86 123 67 10 170 28 180 60 112 112 60 180 28 170 10 67 76 176 32 15 132 9 142 47 89 115 124 4 141 182 125 125 35 143 38 38 143 35 125 182 141 4 124 115 89 47 142 119 119 132 15 32 176 76 137 49 22 19 37 103 78 25 21 194 18 85 85 18
81
31 73 31
36 33 7 36
188 96
181 77
198 50 75
74 27 74
161 30 71 2
56 99 56
190 5
155 58
197 69
14 6 84 14
29 59 63 23 29
98 20 80 98
11 81 11
9 42 39 41 9
123 90
0 100
1 1
3 3
4 4
8 8
10 10
12 12
13 13
15 15
16 16
17 17
18 18
19 19
21 21
22 22
24 24
25 25
26 26
28 28
32 32
34 34
35 35
37 37
38 38
40 40
43 43
44 44
45 45
46 46
47 47
48 48
49 49
51 51
52 52
53 53
54 54
55 55
57 57
60 60
61 61
62 62
64 64
65 65
66 66
67 67
68 68
70 70
72 72
76 76
78 78
79 79
82 82
83 83
85 85
86 86
87 87
88 88
89 89
91 91
92 92
93 93
94 94
95 95
97 97
