0 128 59 152 111 181 181 111 152 141 107 78 93 135 4 38 147 89 88 82 166 40 40 10 127 112 112 127 50 50 163 196 123 12 43 104 104 43 12 123 72 30 187 197 197 187 30 30 72 163 50 85 92 74 176 176 74 92 85 88 90 90 124 189 189 124 4 143 140 34 105 8 67 110 86 57 57 146 146 67 8 105 34 87 19 185 98 98 185 19 4 93 78 48 168 151 175 108 156 156 108 175 199 150 150 199 184 131 159 198 52 145 65 95 83 83 95 95 65 145 134 27 27 134 198 138 173 173 138 115 2 2 115 131 184 32 171 73 64 129 186 170 170 178 13 13 178 126 164 164 191 191 80 102 102 139 23 45 58 195 101 160 160 101 195 194 117 117 194 70 70 23 139 102 165 165 64 73 171 68 68 184 94 94 48 78 31 136 116 116 142 125 180 180 125 142 31 141 128 128 0
66
59 7 133 103 59
107 21 107
135 179 135
87 5 87
143 61 143
140 109
110 33
86 167 169 177
147 81 155 147
89 63 89
82 77
166 161 71
10 193
196 55 113 69 153 75
38 157
151 121 9 151
159 97 3 53 159
52 51 183 91
32 137 1
129 149 129
186 49 29
126 79 35
80 47 15
45 39 37 45
58 17 11 99
168 119
136 41 25
13 13
19 19
23 23
27 27
31 31
43 43
57 57
65 65
67 67
73 73
83 83
85 85
93 93
95 95
101 101
105 105
111 111
115 115
117 117
123 123
125 125
127 127
131 131
139 139
141 141
145 145
163 163
165 165
171 171
173 173
175 175
181 181
185 185
187 187
189 189
191 191
195 195
197 197
199 199
