According
48
According bees going not
to to
known known
of of
is is
way way
bee bee
be be
Its Its
are are
small small
its its
little little
off off
The The
anyway anyway
what what
think think
and and
it it
Breakfast Breakfast
on on
you you
this this
pick pick
Use Use
fatherpaid fatherpaid
money money
very very
A A
report report
got got
lint lint
Wave Wave
row row
flying flying
that that
Special Special
thought thought
Three Three
grade grade
Those Those
glad glad
day day
around around
come come
growing growing
Hear Hear
