0 58 143 160 160 199 24 11 11 11 185 18 33 33 93 145 12 36 125 166 166 77 77 166 125 36 16 16 145 130 185 11 199 96 19 71 71 32 96 164 157 157 9 5 7 29 74 74 29 7 9 157 164 31 94 190 128 128 190 31 39 195 60 15 53 53 15 60 195 122 122 17 51 3 3 3 3 3 3 3 3 3 3 119 73 73 119 3 126 14 14 126 3 51 41 179 46 88 66 66 66 88 179 41 80 48 48 41
41
0 158
143 116 129 143
24 142 177 70 24
18 103 43 68 193 198 18
93 194 93
12 21 62 115 159 12
130 180
19 178 163 19
32 35 191 32
5 50 182 156
94 105 86 94
58 192 58
39 69 78 183 52 39
17 174 170 188 184 133 17
46 136 4 189 46
80 197 38 80
199 199
3 3
125 125
160 160
195 195
119 119
126 126
31 31
179 179
2 2
33 33
74 74
157 157
16 16
96 96
131 131
185 185
190 190
60 60
8 8
29 29
109 109
51 51
77 77
9 9
