190 75 166 56 74 60 107 62 170 170 62 107 60 74 45 45 68 25 22 117 89 100 179 71 171 171 71 64 44 103 168 23 186 84 84 194 72 102 151 4 4 4 198 160 24 189 189 24 160 198 72 194 23 168 103 18 14 37 182 2 99 134 134 99 2 37 14 18 34 16 21 176 169 169 176 21 16 34 65 38 145 38 65 100 117 110 28 133 108 126 9 148 31 31 177 159 81 81 159 159 159 159 159 159 159 159 159 159 159 159 159 159 159 159 159 159 159 159 159 159 159 159 159 159 159 159 159 159 159 159 159 159 159 159 159 159 159 159 159 159 159 159 159 159 159 159 159 159 159 159 191 115 115 191 163 93 93 93 163 150 150 28 67 67 58 83 83 154 79 79 154 80 20 20 80 92 67 165 165 67 28 110 117 22 25 25 199 146 146 199 95 95 166 1 1
62
56 46 5 162 56
68 10 193 68
179 104 11 195 179
64 36 57
186 192 186
102 109 111 102
151 29 181 47 172
44 61 138 44
182 123 94 188 182
145 121 137
89 149
108 69 50 164 116 32 108
126 3 30 139
9 118
177 101 173 177
148 185
133 156 133
58 27 8 136 129 141 40
92 152 92
33 106 33
75 142
190 135
165 165
60 60
146 146
55 55
176 176
1 1
34 34
166 166
62 62
168 168
117 117
113 113
21 21
112 112
54 54
2 2
99 99
76 76
38 38
95 95
153 153
23 23
52 52
163 163
100 100
66 66
169 169
71 71
22 22
132 132
198 198
45 45
84 84
93 93
67 67
114 114
83 83
103 103
189 189
65 65
