Loc1 Loc93 Loc63 Loc81 Loc85 Loc85 Loc81 Loc63 Loc93 Loc121 Loc121 Loc173 Loc45 Loc168 Loc51 Loc108 Loc77 Loc100 Loc134 Loc130 Loc102 Loc102 Loc130 Loc134 Loc100 Loc77 Loc168 Loc45 Loc88 Loc19 Loc136 Loc144 Loc129 Loc91 Loc103 Loc10 Loc151 Loc151 Loc10 Loc10 Loc10 Loc10 Loc10 Loc10 Loc10 Loc10 Loc10 Loc10 Loc10 Loc10 Loc10 Loc10 Loc10 Loc10 Loc10 Loc10 Loc10 Loc10 Loc10 Loc10 Loc10 Loc10 Loc10 Loc10 Loc10 Loc10 Loc10 Loc10 Loc10 Loc10 Loc10 Loc10 Loc10 Loc10 Loc10 Loc10 Loc10 Loc10 Loc10 Loc10 Loc10 Loc10 Loc10 Loc10 Loc10 Loc10 Loc10 Loc10 Loc10 Loc10 Loc10 Loc10 Loc10 Loc10 Loc103 Loc152 Loc101 Loc160 Loc187 Loc46 Loc112 Loc29 Loc184 Loc187 Loc171 Loc140 Loc39 Loc140 Loc171 Loc175 Loc154 Loc68 Loc17 Loc40 Loc13 Loc36 Loc150 Loc72 Loc98 Loc146 Loc146 Loc98 Loc72 Loc150 Loc150 Loc36 Loc13 Loc40 Loc17 Loc154 Loc175 Loc129 Loc144 Loc193 Loc111 Loc3 Loc193 Loc74 Loc155 Loc164 Loc119 Loc8 Loc8 Loc119 Loc155 Loc74 Loc136 Loc136 Loc19 Loc83 Loc78 Loc83 Loc159 Loc20 Loc45 Loc97 Loc1
64
Loc165 Loc128
Loc173 Loc37 Loc157 Loc113 Loc153 Loc132 Loc145
Loc97 Loc26 Loc117 Loc97
Loc108 Loc186 Loc114
Loc51 Loc69 Loc51
Loc78 Loc194
Loc88 Loc62
Loc91 Loc15 Loc28 Loc91
Loc46 Loc104 Loc123 Loc178
Loc29 Loc180 Loc29
Loc184 Loc122 Loc177
Loc112 Loc76 Loc192 Loc112
Loc160 Loc172 Loc106 Loc160
Loc101 Loc33
Loc39 Loc115 Loc39
Loc152 Loc89 Loc152
Loc68 Loc66 Loc199 Loc99 Loc44 Loc22 Loc68
Loc16 Loc50
Loc164 Loc198 Loc55 Loc58 Loc164
Loc111 Loc4 Loc110 Loc169 Loc111
Loc3 Loc188 Loc64 Loc3
Loc20 Loc87 Loc12
Loc159 Loc156
Loc45 Loc45
Loc83 Loc83
Loc82 Loc82
Loc166 Loc166
Loc127 Loc127
Loc59 Loc59
Loc130 Loc130
Loc126 Loc126
Loc5 Loc5
Loc150 Loc150
Loc6 Loc6
Loc73 Loc73
Loc72 Loc72
Loc102 Loc102
Loc196 Loc196
Loc13 Loc13
Loc92 Loc92
Loc171 Loc171
Loc98 Loc98
Loc60 Loc60
Loc70 Loc70
Loc135 Loc135
Loc131 Loc131
Loc167 Loc167
Loc19 Loc19
Loc161 Loc161
Loc85 Loc85
Loc144 Loc144
Loc155 Loc155
Loc119 Loc119
Loc175 Loc175
Loc63 Loc63
Loc8 Loc8
Loc18 Loc18
Loc154 Loc154
Loc187 Loc187
Loc121 Loc121
Loc183 Loc183
Loc36 Loc36
Loc31 Loc31
Loc38 Loc38
