Loc1 Loc49 Loc5 Loc88 Loc65 Loc53 Loc27 Loc4 Loc87 Loc16 Loc50 Loc51 Loc90 Loc94 Loc6 Loc75 Loc10 Loc34 Loc2 Loc7 Loc34 Loc75 Loc80 Loc55 Loc43 Loc60 Loc60 Loc43 Loc80 Loc75 Loc6 Loc94 Loc90 Loc51 Loc50 Loc53 Loc25 Loc53 Loc23 Loc84 Loc84 Loc23 Loc5 Loc49 Loc1
30
Loc88 Loc19 Loc76
Loc65 Loc81 Loc32 Loc72 Loc65
Loc87 Loc74 Loc87
Loc2 Loc46 Loc63 Loc98 Loc11 Loc2
Loc7 Loc68 Loc22 Loc7
Loc31 Loc0 Loc79
Loc10 Loc38 Loc10
Loc55 Loc42 Loc15 Loc55
Loc64 Loc47
Loc73 Loc29 Loc9
Loc16 Loc52
Loc4 Loc91 Loc4
Loc27 Loc13
Loc25 Loc56 Loc41 Loc62 Loc25
Loc90 Loc90
Loc6 Loc6
Loc70 Loc70
Loc17 Loc17
Loc3 Loc3
Loc80 Loc80
Loc34 Loc34
Loc45 Loc45
Loc50 Loc50
Loc43 Loc43
Loc53 Loc53
Loc49 Loc49
Loc18 Loc18
Loc21 Loc21
Loc69 Loc69
Loc92 Loc92
