114 49 58 102 97 88 122 31 14 162 180 16 130 176 183 138 146 169 169 146 138 183 87 144 2 9 9 2 144 87 130 180 125 70 43 113 89 59 27 55 79 20 83 139 143 143 143 139 83 20 15 48 136 50 136 15 42 120 120 42 27 89 113 70 125 14 31 122 88 58 49 67 91 28 62 108 51 46 175 175 0 29 190 190 29 0 187 135 135 187 133 10 25 25 10 133 108 62 149 129 92 47 26 18 18 26 47 92 129 62 28 91 100 73 81 81 182 57 117 117 57 57 182 81 73 100 49 114 78 161 99 128 171 64 127 165 111 82 60 195 5 37 37 65 110 110 195 60 140 137 44 11 32 24 179 17 147 96 96 147 17 17 179 24 32 11 44 137 60 82 165 64 171 128 99 161 78 114
68
102 170 102
97 150 94
162 103 7 4
90 124
176 84 38 176
16 12 16
59 131 59
55 66
48 33 166
50 148 21
79 105 109
43 197 43
46 199 76 74 93
51 191 51
149 154 35 53 63 149
67 188 75 1 67
127 119 155 127
5 115 41 5
65 196 134
140 177 36 167
111 69 111
174 174
183 183
78 78
175 175
42 42
182 182
49 49
24 24
26 26
146 146
70 70
10 10
0 0
37 37
15 15
195 195
173 173
112 112
169 169
133 133
171 171
28 28
187 187
98 98
117 117
18 18
92 92
147 147
135 135
100 100
96 96
95 95
108 108
91 91
161 161
81 81
31 31
14 14
62 62
3 3
89 89
32 32
181 181
87 87
164 164
29 29
47 47
