49 20 96 60 91 88 50 50 91 60 96 20 62 56 3 73 41 67 26 85 33 66 80 80 78 64 75 75 64 78 80 66 37 81 51 23 23 23 51 55 55 37 71 37 85 26 67 73 3 95 53 24 34 87 39 82 98 97 42 86 16 18 15 45 27 38 19 65 5 8 8 5 65 19 27 45 15 16 16 86 42 97 98 82 39 87 13 31 31 24 53 95 3 56 62 20 49
35
88 90 36 88
34 6 77
18 10 18
38 21 72 38
13 83 4 89
41 76
81 7 12 2
40 9 70
71 47 93 71
33 48 32
37 37
19 19
82 82
59 59
86 86
1 1
45 45
55 55
42 42
5 5
51 51
23 23
24 24
80 80
16 16
95 95
87 87
60 60
73 73
11 11
64 64
20 20
53 53
97 97
98 98
