bw m i af d bj cg s bi h v ao g cc as aa aa av av aa as cc ao ag be be ag h bi cg bj d af i ak az az ak ai ay bb cu ad ad cq bl u an ab ab cf ci bs q ch ch q bs ci w ae bp bk l t t l ce ca a r bz cd br br cd bz bo bo k k bt am am k bo a bh bh bp ae p aw cv cv aw ae ab aq aq cb cm cl cl cm cb bl cq ay ai bw
33
s cs
v bq
g al f cp
m ac
bb cn
w ct w
bk ax
ca z bd ca
bt n o by aj bt
r b r
ce ck
p bx ap cr p
cf j cf
an co bm
u x u
cu au
ag ag
az az
q q
bo bo
l l
k k
ao ao
ci ci
ch ch
cq cq
af af
d d
bz bz
av av
bh bh
br br
ad ad
