gc gk aa aa gk as as co bw ax r q fr dg u fm bk bk et df df bv j cp cp j gf fw dy bh gp ew cg fy cx db db fa bg i bm bm i bg fa db cx fb br g fj ed ed fj g br al er eu l go z de cd cd go l eu er al cg ew gp bh dy fw gf df bn b aq dc ar ar dk v ai ai gq bu fg aj du du du fg bu gq a c e ay ay dd cc cc dd a gq dk aq b bn df et bk fm u fr q fx fd fo ft bo an an bo ft fo fd fx ax bw co as ej ad be gl dr dr bb dm ex ex dm bt f bf gd fp ag ao ct cl ee cj cj cj ee cl cl cw bc bs bz gn dx ei ei fv fq ce ce fq bd bd gn bz bs cw ag fp gd f bt dr ad gj di gi d dh en dq bp cf fi fi aw h dj gg gg dj h eh eh bp dq en dh n n gi di gj ad ej
72
gc em
bv ac ds cr bv
fy az ge fy
fb cn
z ck
de ep am
dc fh cz
v dn v
eg es
aj y ga dw
c bq at
e fe ff e
dg ab dg
r gm bl
gl cq
bb ap ae bb
bf fn ey
ao cv ao
ct cs el bi
bc ah by bc
dx gh dx
fv fk p
be bx
cf bj
aw dp do aw
d eq d
cm cm
gn gn
dy dy
fd fd
er er
q q
fi fi
an an
br br
j j
bt bt
ad ad
gg gg
dq dq
gi gi
et et
as as
di di
u u
fw fw
fo fo
bp bp
cg cg
en en
fr fr
g g
ee ee
co co
gj gj
go go
ft ft
db db
dh dh
cj cj
ai ai
fq fq
gq gq
dj dj
gk gk
cl cl
a a
fa fa
cp cp
b b
bn bn
bu bu
