n0 n189 n119 n120 n120 n119 n189 n163 n136 n171 n39 n78 n187 n83 n192 n32 n87 n2 n81 n125 n199 n154 n154 n93 n65 n55 n188 n188 n109 n142 n23 n67 n67 n23 n142 n109 n65 n93 n186 n172 n100 n10 n20 n177 n177 n20 n10 n100 n74 n165 n179 n16 n157 n157 n179 n165 n74 n186 n93 n154 n199 n125 n81 n2 n8 n36 n151 n151 n25 n25 n151 n36 n8 n32 n192 n83 n187 n78 n39 n99 n96 n162 n17 n156 n147 n173 n91 n158 n72 n108 n148 n176 n75 n86 n193 n193 n75 n176 n148 n108 n72 n121 n47 n170 n70 n26 n175 n175 n26 n70 n106 n144 n41 n73 n58 n58 n58 n73 n41 n144 n106 n121 n72 n158 n91 n173 n147 n156 n97 n35 n76 n43 n149 n5 n53 n53 n153 n174 n180 n164 n190 n64 n71 n71 n95 n116 n116 n95 n71 n30 n89 n111 n90 n117 n98 n107 n183 n63 n84 n104 n104 n84 n27 n150 n14 n161 n82 n24 n198 n9 n3 n79 n79 n3 n9 n198 n82 n161 n14 n150 n27 n183 n107 n98 n117 n90 n111 n111 n110 n110 n30 n190 n164 n180 n153 n149 n43 n76 n35 n97 n156 n17 n162 n96 n99 n39 n159 n159 n136 n163 n85 n131 n68 n68 n31 n66 n195 n191 n191 n34 n181 n137 n115 n77 n12 n33 n92 n45 n196 n178 n197 n133 n138 n138 n133 n197 n185 n185 n92 n33 n33 n12 n12 n77 n115 n137 n181 n169 n152 n160 n160 n152 n169 n191 n195 n31 n68 n131 n85
71
n0 n22 n61
n66 n59 n66
n45 n56 n88 n60 n45
n196 n48
n178 n21 n11
n34 n28 n49 n34
n55 n46 n40 n50 n55
n16 n51 n69 n16
n172 n44
n87 n13 n94 n87
n5 n4 n5
n174 n18
n63 n19 n1 n63
n24 n52 n80 n24
n89 n38 n89
n64 n42 n62 n64
n86 n6 n57 n86
n47 n29 n47
n170 n37 n7 n15
n171 n54
n2 n2
n3 n3
n8 n8
n9 n9
n10 n10
n12 n12
n14 n14
n17 n17
n20 n20
n23 n23
n25 n25
n26 n26
n27 n27
n30 n30
n31 n31
n32 n32
n33 n33
n35 n35
n36 n36
n39 n39
n41 n41
n43 n43
n53 n53
n58 n58
n65 n65
n67 n67
n68 n68
n70 n70
n71 n71
n72 n72
n73 n73
n74 n74
n75 n75
n76 n76
n77 n77
n78 n78
n79 n79
n81 n81
n82 n82
n83 n83
n84 n84
n85 n85
n90 n90
n91 n91
n92 n92
n93 n93
n95 n95
n96 n96
n97 n97
n98 n98
n99 n99
