Liam Elias Isaiah Aaron Nathan Ryan Cameron Jace Gavin Parker Aiden William William Aiden Parker Gavin Jace Cameron Ryan Nathan Isaiah Joseph Jaxson Levi Chase Hunter Theodore Nicholas Jordan Roman Maverick Cooper Maverick Jordan Nicholas Hunter Evan Eli Evan Jack Jameson Ayden Carter Carter Ayden Jameson Jack Sawyer Brayden Adam Isaiah Elias Liam
19
Aaron James Logan
Joseph Mason Joseph
Cooper Matthew Elijah
Roman Jacob
Theodore Sebastian
Chase Luke
Eli Oliver Jackson Wyatt Lucas
Levi Henry
Colton Benjamin
Sawyer John Noah
Adam Jayden Daniel Dylan
Brayden Ethan Samuel
Jaxson Michael
William William
Alexander Alexander
Aiden Aiden
David David
Carter Carter
Owen Owen
