Liam Jordan Leonardo Xander Maddox Leonardo George Ethan Brantley Kai Blake Calvin Nathan Kevin Weston Abel Steven Hunter Abel John Messiah Zion Gavin Dawson Gael Wyatt Wyatt Gael Miguel Mateo Aiden Richard Mateo Miguel Amir Aaron Chase Dean Chase Amir Miguel John Matthew Jayce Henry Malachi Henry John Nathan Connor Jasper Elliot Grayson Jasper Alan Santiago Kaleb Antonio Grant Max Jayden Bentley Camden Maverick Noah Brandon Kingston Brandon Noah Maverick Camden Bentley Jayden Max Ashton Jose Ezra Ezra Jose Ashton Santiago Carter Elliott Carter Santiago Alan Jasper Connor Nathan Calvin Blake Brantley Ethan Juan Ivan Hudson Jameson Hudson Ivan Juan Ethan George Emmett George Leonardo
61
Maddox Daniel Jeremiah
Xander Levi
Kai Christopher Carson
Steven Isaac Eli
Jude Austin
Hunter Joseph Jace Thomas Isaiah Hunter
Weston Jaxson
Kevin Jacob
Zion Christian Landon Nicholas
Gavin Parker
Dawson Sebastian Asher Ian
Richard Easton Jonathan
Aiden Mason Aiden
Aaron Michael Aaron
Dean Andrew William
Messiah Samuel Greyson
Matthew Jaxon Matthew
Jayce Cameron
Malachi Leo Colton
Elliot David
Grayson Alexander Angel Grayson
Grant Cooper Jackson
Kingston Luke Logan
Nolan Adrian Nolan
Antonio Owen
Kaleb Robert Elias
Elliott Lincoln Caleb
Jameson Benjamin Josiah
Emmett Ryan Dominic
Jordan Lucas Jordan
Liam Evan
Noah Noah
James James
Elijah Elijah
Oliver Oliver
Ethan Ethan
Henry Henry
Carter Carter
Wyatt Wyatt
Jayden Jayden
John John
Dylan Dylan
Gabriel Gabriel
Anthony Anthony
Jack Jack
Julian Julian
Joshua Joshua
Mateo Mateo
Nathan Nathan
Charles Charles
Connor Connor
Theodore Theodore
Hudson Hudson
Ezra Ezra
Brayden Brayden
Adam Adam
Jose Jose
Ezekiel Ezekiel
Maverick Maverick
Bryson Bryson
Xavier Xavier
