LOC16 LOC18 LOC25 LOC59 LOC13 LOC42 LOC62 LOC62 LOC42 LOC13 LOC59 LOC25 LOC37 LOC82 LOC27 LOC32 LOC32 LOC61 LOC48 LOC87 LOC6 LOC6 LOC34 LOC0 LOC36 LOC26 LOC4 LOC47 LOC63 LOC45 LOC63 LOC47 LOC4 LOC26 LOC36 LOC73 LOC36 LOC0 LOC0 LOC0 LOC90 LOC90 LOC83 LOC57 LOC24 LOC2 LOC77 LOC8 LOC8 LOC77 LOC2 LOC24 LOC57 LOC83 LOC94 LOC5 LOC5 LOC94
26
LOC16 LOC22 LOC52
LOC46 LOC89 LOC46
LOC27 LOC78
LOC61 LOC31 LOC61
LOC48 LOC98
LOC87 LOC29 LOC70
LOC82 LOC28 LOC82
LOC34 LOC81 LOC97 LOC23 LOC20
LOC45 LOC96 LOC85 LOC79 LOC50 LOC45
LOC73 LOC3 LOC99 LOC43 LOC73
LOC37 LOC95 LOC37
LOC18 LOC53 LOC17 LOC18
LOC25 LOC25
LOC47 LOC47
LOC26 LOC26
LOC15 LOC15
LOC9 LOC9
LOC56 LOC56
LOC62 LOC62
LOC59 LOC59
LOC36 LOC36
LOC57 LOC57
LOC33 LOC33
LOC12 LOC12
LOC90 LOC90
LOC4 LOC4
