LOC60 LOC153 LOC169 LOC141 LOC79 LOC185 LOC49 LOC116 LOC51 LOC133 LOC125 LOC32 LOC2 LOC42 LOC117 LOC117 LOC42 LOC2 LOC32 LOC133 LOC51 LOC10 LOC178 LOC97 LOC154 LOC162 LOC189 LOC61 LOC180 LOC69 LOC68 LOC158 LOC48 LOC188 LOC25 LOC118 LOC119 LOC156 LOC46 LOC46 LOC156 LOC119 LOC25 LOC96 LOC89 LOC89 LOC96 LOC175 LOC175 LOC198 LOC147 LOC198 LOC69 LOC196 LOC75 LOC14 LOC76 LOC76 LOC76 LOC14 LOC196 LOC194 LOC83 LOC91 LOC91 LOC83 LOC196 LOC61 LOC124 LOC167 LOC128 LOC148 LOC145 LOC145 LOC148 LOC128 LOC167 LOC112 LOC94 LOC150 LOC150 LOC94 LOC112 LOC61 LOC189 LOC162 LOC154 LOC97 LOC178 LOC10 LOC51 LOC116 LOC49 LOC79 LOC171 LOC6 LOC13 LOC159 LOC47 LOC72 LOC72 LOC47 LOC6 LOC171 LOC169 LOC166 LOC166 LOC60
34
LOC153 LOC17 LOC160
LOC141 LOC70
LOC13 LOC59
LOC159 LOC54 LOC144
LOC125 LOC63 LOC139
LOC180 LOC161 LOC180
LOC158 LOC55 LOC158
LOC48 LOC190 LOC36 LOC48
LOC188 LOC164 LOC7
LOC118 LOC108 LOC65
LOC68 LOC18 LOC68
LOC147 LOC142 LOC58
LOC75 LOC177 LOC30 LOC24
LOC194 LOC52 LOC38 LOC194
LOC124 LOC64 LOC80
LOC185 LOC134
LOC51 LOC51
LOC166 LOC166
LOC133 LOC133
LOC192 LOC192
LOC62 LOC62
LOC97 LOC97
LOC145 LOC145
LOC8 LOC8
LOC56 LOC56
LOC89 LOC89
LOC6 LOC6
LOC189 LOC189
LOC117 LOC117
LOC170 LOC170
LOC96 LOC96
LOC46 LOC46
LOC116 LOC116
LOC72 LOC72
