zero one eight nine ten eleven eleven ten nine fifteen sixteen seventeen eighteen nineteen nineteen eighteen seventeen sixteen twentytwo twentythree twentyfour twentyfive twentysix twentysix twentyfive twentyfour twentythree twentynine thirty thirtyone thirtytwo thirtythree thirtythree thirtytwo thirtyone thirty thirtysix fortythree fifty fiftyone fiftytwo fiftythree fiftyfour fiftyfour fiftythree fiftytwo fiftyone fiftyseven sixtyfour sixtyfive sixtysix sixtyseven sixtyeight sixtyeight sixtyseven sixtysix sixtyfive seventyone seventytwo seventythree seventyfour seventyfour seventythree seventytwo seventyeight seventynine eighty eightyone eightytwo eightytwo eightyone eighty seventynine eightyfive ninetytwo ninetytwo ninetynine onehunsix onehunseven onehuneight onehunnine onehunten onehunten onehunnine onehuneight onehunseven onehunthirteen onehunfourteen onehunfifteen onehunsixteen onehunseventeen onehunseventeen onehunsixteen onehunfifteen onehunfourteen onehuntwenty onehuntwentyone onehuntwentytwo onehuntwentythree onehuntwentythree onehuntwentytwo onehuntwentyone onehuntwentyseven onehunthirtyfour onehunfortyone onehunfortytwo onehunfortythree onehunfortyfour onehunfortyfive onehunfortyfive onehunfortyfour onehunfortythree onehunfortytwo onehunfortyeight onehunfiftyfive onehunfiftysix onehunfiftyseven onehunfiftyeight onehunfiftynine onehunfiftynine onehunfiftyeight onehunfiftyseven onehunfiftysix onehunsixtytwo onehunsixtythree onehunsixtyfour onehunsixtyfive onehunsixtyfive onehunsixtyfour onehunsixtythree onehunsixtynine onehunseventy onehunseventyone onehunseventytwo onehunseventythree onehunseventythree onehunseventytwo onehunseventyone onehunseventy onehunseventysix onehunseventyseven onehunseventyeight onehunseventynine onehuneighty onehuneighty onehunseventynine onehunseventyeight onehunseventyseven onehuneightythree onehuneightyfour onehuneightyfive onehuneightysix onehuneightysix onehuneightyfive onehuneightyfour onehunninety onehunninetyone onehunninetytwo onehunninetythree onehunninetythree onehunninetytwo onehunninetyone onehunninety ninetytwo one
71
eight twelve fourteen
fifteen twenty fifteen
twentytwo twentyseven
twentynine thirtyfour twentynine
thirtysix thirtyeight
fortythree fortyfive fortynine fortythree
fifty fiftyfive
fiftyseven sixty fiftyseven
sixtyfour sixtynine seventy sixtyfour
seventyone seventyfive seventyone
seventyeight seventyseven eightythree eightyfour seventyeight
eightyfive eightyseven
ninetynine ninetyeight onehunone ninetynine
onehunsix onehuneleven
onehunthirteen onehuneighteen onehunnineteen onehunthirteen
onehuntwenty onehuntwentyfour
onehuntwentyseven onehuntwentysix onehunthirty onehuntwentyseven
onehunthirtyfour onehunthirtyfive onehunforty
onehunfortyone onehunfortysix
onehunfortyeight onehunfifty onehunfiftyfour
onehunfiftyfive onehunsixty onehunsixtyone
onehunsixtytwo onehunsixtysix
onehunsixtynine onehunseventyfour onehunsixtynine
onehunseventysix onehunseventyfive onehuneightyone onehuneightytwo onehunseventysix
onehuneightythree onehuneightyseven onehunninetyfour
zero two three six seven
one one
ten ten
eleven eleven
sixteen sixteen
seventeen seventeen
twentythree twentythree
twentyfive twentyfive
twentysix twentysix
thirtythree thirtythree
thirtyseven thirtyseven
fortyfour fortyfour
fiftytwo fiftytwo
fiftythree fiftythree
fiftyeight fiftyeight
sixtysix sixtysix
sixtyseven sixtyseven
seventytwo seventytwo
seventynine seventynine
eightytwo eightytwo
onehuneight onehuneight
onehunten onehunten
onehunsixteen onehunsixteen
onehunseventeen onehunseventeen
onehuntwentyone onehuntwentyone
onehuntwentythree onehuntwentythree
onehuntwentyeight onehuntwentyeight
onehunfortythree onehunfortythree
onehunfortyfour onehunfortyfour
onehunfortyfive onehunfortyfive
onehunfortynine onehunfortynine
onehunfiftyseven onehunfiftyseven
onehunfiftynine onehunfiftynine
onehunsixtythree onehunsixtythree
onehunsixtyfour onehunsixtyfour
onehunsixtyfive onehunsixtyfive
onehunseventy onehunseventy
onehunseventyone onehunseventyone
onehunseventythree onehunseventythree
onehunseventyeight onehunseventyeight
onehuneighty onehuneighty
onehuneightyfour onehuneightyfour
onehunninety onehunninety
onehunninetyone onehunninetyone
onehunninetytwo onehunninetytwo
onehunninetythree onehunninetythree
