0 109 110 150 92 182 182 59 115 177 120 98 90 28 94 169 194 112 104 4 31 5 178 178 31 4 142 192 78 6 6 78 192 142 112 169 94 85 11 62 176 152 152 45 149 68 37 37 171 153 153 153 171 72 22 163 69 41 41 69 163 22 72 149 45 62 85 90 98 44 107 47 170 73 122 3 88 8 8 88 127 141 131 159 159 38 157 101 140 52 52 71 58 58 71 52 101 157 14 188 146 119 146 14 57 40 91 1 1 91 40 57 127 122 64 130 116 116 130 64 170 42 42 107 44 115 182 92 150 12 12 0
70
110 15
177 70 17
28 76 28
194 43 9
5 2 63 46 13 5
104 51
11 82 29 11
68 23 93 19 65 30 68
176 34 66
47 32 35 47
3 49 3
141 61
131 55
140 7 24 18
100 16 74 81
188 77
119 60 56
38 25 38
95 97 95
73 67 73
183 83
120 87
59 89 59
20 36 20
109 53 86
31 31
22 22
99 99
62 62
41 41
50 50
58 58
45 45
4 4
1 1
44 44
75 75
96 96
37 37
79 79
92 92
71 71
27 27
40 40
84 84
85 85
80 80
98 98
72 72
52 52
64 64
78 78
57 57
91 91
54 54
48 48
10 10
33 33
94 94
90 90
6 6
8 8
12 12
14 14
39 39
42 42
21 21
69 69
26 26
88 88
