equinox name name progress wilderness constant improvement sell cycle approach advocate advocate essential essential paint seller seller seller paint essential advocate recording recording incident safari safari incident sell constant machinery machinery prejudice mirror bark bark glove suffering suffering uncertainty death sustain hiccup hiccup sustain death reinforce corpse balance flow flow balance corpse reinforce bark fish brick extension extension implication explicit explicit explicit implication bark bark presidential dry revise mastermind tropical tropical mastermind revise dry prejudice progress progress
24
equinox band funeral
lamb dollar disposition lamb
improvement farewell
approach union jurisdiction houseplant fibre orange
cycle secretary
glove aisle novel glove
uncertainty photograph slice uncertainty
brick remark analyst brick
fish clothes referee fish
mirror twitch chain
presidential muggy presidential
wilderness method wilderness
essential essential
mastermind mastermind
bark bark
paint paint
explicit explicit
seller seller
prejudice prejudice
flow flow
dry dry
corpse corpse
hiccup hiccup
tropical tropical
