pump need preoccupation inquiry voice sacrifice wear nap impound distributor exercise lemon ensure pray opposition hallway feign tip allow allow bacon bacon hallway descent extension extension descent wife wife pray lemon separate sticky sticky separate resort resort sentiment ghost splurge fitness fitness packet soap soap ton sweet sweet ton resort sensitivity line operational pipe anger mouse mouse anger pipe line sensitivity distributor polish performance depressed shed inspector few duck slam Mars Mars duck minor pepper minor inspector shed performance performance polish deprivation sit flight linger valley valley linger flight sit clock plane salesperson share share salesperson plane clock distributor impound nap sketch sketch sacrifice increase control control sacrifice voice inquiry preoccupation judicial reject skin skin judicial preoccupation need pump
47
opposition unanimous appearance fairy
tip aspect brain tip
feign consideration feign
ensure physical park ensure
exercise overlook button innovation exercise
ghost mud gloom attractive forest wage ghost
splurge plug category
packet affect ground packet
sentiment formulate sentiment
operational reflection row pursuit
depressed range privilege depressed
slam leadership literature
pepper prospect nominate
few genetic
compromise title
deprivation rock admiration
wear lot wear
increase guideline engineer
reject float survival reject
hallway hallway
sticky sticky
impound impound
distributor distributor
sweet sweet
pipe pipe
mouse mouse
lemon lemon
anger anger
preoccupation preoccupation
linger linger
minor minor
parallel parallel
sacrifice sacrifice
freedom freedom
polish polish
line line
pedestrian pedestrian
separate separate
diagram diagram
judicial judicial
performance performance
pray pray
need need
valley valley
descent descent
hierarchy hierarchy
sit sit
