F1E81B DD07FF 5FD658 770D1A CDC6D4 CDC6D4 770D1A 5FD658 0A147B 17779E FFFD4B 573788 2334E8 DE6899 BDE94D F8EE67 9D4968 6825D4 3EDE7E EB8E2E 2CA4AD 1B337D 2CA4AD A9F1B8 251939 251939 3EDE7E 1D21D3 8EBF8A 8C971D E2CE9F E33276 A7D03E D4A75D 124C90 612FAA B23276 BF6302 BF6302 103724 5A3862 CC6D2A 099830 E0BEFC EC4D08 B7F75A 6CAF46 B7F75A EC4D08 17BB75 17BB75 099830 04439C 205E5C AD0427 5D0E2E D2BE39 783751 846159 BA3320 13A782 A94B37 A014A0 A94B37 5BB557 1EC224 CB3924 BA32D6 55BAD2 55BAD2 BA32D6 CB3924 5BB557 490F1E 490F1E 5EFED0 5EFED0 AD0427 04439C 099830 48EA33 E63884 B27903 36590B 53C6C8 E63884 48EA33 10520F 086D53 9A8DF4 48EA33 099830 103724 612FAA 124C90 A7D03E E2CE9F 8C971D 8EBF8A 1D21D3 9D4968 F8EE67 BDE94D 2924CB 4B3F8A 86493E 86493E 4B3F8A 3C5D7A 230A7C 85D6DB 230A7C 3C5D7A BDE94D 79BC3D EE2A22 BDE94D DE6899 2334E8 573788 FFFD4B 17779E 0A147B F1E81B
62
DD07FF 1E1095 8417C8 D337F2 0F5860 C3B3E7
2924CB 7E78F3 E81014
85D6DB E51A66 63361A 85D6DB
79BC3D 2CCB19
EE2A22 4B97F1 59843B 396D53
6825D4 AE4A01 239994
EB8E2E 596CF6 14994D
1B337D 7E1C6C 4A28BA
C45E71 5F4E43
A9F1B8 52C88C 5C7062
E33276 8015E0 6966D7
D4A75D 6B340B 4CAD30 D4A75D
B23276 8BFCAC
5A3862 851F90
CC6D2A 2BF7B5
B27903 36C862
36590B FFEEBD 66048A 36590B
53C6C8 7829D7 614224
10520F C3EF62
086D53 F33196 61199E 4A5708
9A8DF4 A1F104 305D33
E0BEFC 28F6D1 47FACD
6CAF46 685D1A 813B05
82A1F6 2FEDFB
205E5C DCE144 BB40E6
5D0E2E 6E313C 8F495E E3C2C9 94A561 E5E6C0 C18C9B 8B6C2F 8B519F
783751 20EAE7 783751
846159 6D51F4 B47658
BA3320 CEAC59
13A782 14B430
A014A0 151BC9 93EBE3
1EC224 C4303B 293D59 4099A6
D2BE39 77A0B5
573788 573788
29D5D7 29D5D7
17779E 17779E
D1967A D1967A
230A7C 230A7C
1F842B 1F842B
AEFF96 AEFF96
9096DB 9096DB
C9AF85 C9AF85
6B622D 6B622D
CC9C14 CC9C14
770D1A 770D1A
E80628 E80628
0CBC31 0CBC31
5BB557 5BB557
90451D 90451D
B7F75A B7F75A
8EBF8A 8EBF8A
B69F55 B69F55
3B4B53 3B4B53
D6CC7A D6CC7A
86493E 86493E
490F1E 490F1E
FFFD4B FFFD4B
DE6899 DE6899
8F17C0 8F17C0
BB4908 BB4908
124C90 124C90
ABD8FE ABD8FE
