188645 0FB66D CEAE00 C0766C 7E5598 DDF3EB D27DC1 6D778A 36D08C 567883 143B88 143B88 17A825 17A825 36D08C 6D778A D27DC1 EC05F7 103C70 500783 35FF16 A5CCB5 657F93 24CE25 24CE25 B833F0 FA567E 2EA2EE B833F0 B833F0 B833F0 B833F0 B833F0 B833F0 B833F0 B833F0 B833F0 B833F0 A5CCB5 E0E349 0801CC 0801CC 500783 298FDD 410DA1 31D332 35F60D 61EDA9 D9447D 31D332 DD2694 AD298D AE6906 784F83 7BF2B5 784F83 AE6906 AD298D DD2694 31D332 410DA1 DF9F85 410DA1 500783 103C70 D27DC1 DDF3EB CEAE00 0FB66D 188645
33
C0766C 07D80A
7E5598 0A5C0E 3B1041 AFF8D1
EC05F7 FD1783 539A92
35FF16 800641
657F93 94D700 994F93 467AB7 E954F7
2EA2EE 84EBFF 9B9BDD
FA567E EF4D57
E0E349 9B0EC2 1276AF
B3243F D04F40
298FDD FF8D45
70146D 724A76
DF9F85 7E18E9 D01E6B
7BF2B5 D7CAF9 37F745 8D0852
35F60D AA8E14 CB09C0 4FBDE1
61EDA9 E09D29 D5356A
D9447D 19FFAB 48C2D5
567883 C98FE7 44716B
29B2A4 29B2A4
DBDC9A DBDC9A
500783 500783
A7E9D9 A7E9D9
DD2694 DD2694
784F83 784F83
6D778A 6D778A
0FBCDC 0FBCDC
B833F0 B833F0
B7B073 B7B073
0FB66D 0FB66D
2C101C 2C101C
D443EB D443EB
3ADA02 3ADA02
628AB2 628AB2
A5CCB5 A5CCB5
