engine teaching space space space space buyer buyer space space understanding understanding sympathy sympathy sympathy sympathy sympathy sympathy fact variation variation variation fact sympathy sympathy understanding understanding understanding understanding understanding understanding understanding understanding difficulty performance step step step step step step step step step step step step step side side step step step step failure class class class class class class class class class source source money war war money source class class class class failure education education analyst analyst town town dealer temperature temperature dealer
23
performance business promotion office satisfaction data tax bus member meal model situation light beginning drawer worker birth significance section dirt measurement interaction view country director energy tension menu chapter machine choice reputation leadership accident grandmother volume speech teacher time card departure mind moment funeral editor song process ratio delivery sport material performance
difficulty figure area difficulty
teaching piano standard beer emphasis aspect age eye problem secretary preparation ear clothes drawing teaching
engine two engineering tooth police tool answer singer politics idea girl series flight
space space
understanding understanding
money money
failure failure
class class
step step
fact fact
sympathy sympathy
buyer buyer
source source
war war
education education
side side
variation variation
error error
analyst analyst
town town
dealer dealer
temperature temperature
