Bowles Mulford Latimer MLK Hearst Jacob TopDog Cory Bechtel Stanley VLSB Bongo Wurster Moses Greek Unit2 Greek Campbell Evan Foothill Dwinelle Hearst
42
Bowles Etcheverry Graduate LaVals
Jacob WayWest Ridge
TopDog Barker GammaPhiBeta MFoundry
Bechtel Birge TacoBell Barrows AlphaSigmaPhi Wilde Daiso Simons RoseGarden
VLSB PeoplesPark Castro NorthGate VLSB
Bongo RSF ShengKee Cheeseboard Bongo
Wurster PiAlphaPhi Zellerbach Wurster
Stanley ALS
Moses Gypsys Sutardja Moses
Unit2 StrawberryCreek IndianRock Unit2
Campbell Safeway Doe Koshland Campbell
Cory Extension
Evan Cloyne GenPlantBio BearFoodCourt Evan
Haas NCEM Haas
Dwinelle Pavilion Lothlorien
Foothill Browns YogurtPark Martinez Unit1 Foothill
MLK Rochdale
Latimer Easterly Sherman
Mulford Crescent Mulford
Campanile Campanile
Wellman Wellman
HearstAnnex HearstAnnex
Boalt Boalt
Blackwell Blackwell
Greek Greek
Maxwell Maxwell
Calvin Calvin
Kresge Kresge
Hildebrand Hildebrand
Morgan Morgan
Baker Baker
Unit3 Unit3
CKerr CKerr
Stacks Stacks
Strada Strada
Edwards Edwards
Crossroads Crossroads
Wolf Wolf
Spats Spats
Chipotle Chipotle
UCTheatre UCTheatre
PiLambda PiLambda
