Wheeler Doe Campanile LeConte Campbell Haviland McLaughlin South Stephens HearstAnnex Anthony GBC WayWest Cloyne Cafe3 Hearst Davis Kresge Normandy Cheit Pimentel Morgan CVStarr Moffitt VLSB Etcheverry Latimer Evans Morrison Hertz Kroeber Cory Jacobs Jacobs Cory Hertz Morrison Evans Etcheverry VLSB Moffitt Soda Sather Barrows Barrows Soda Moffitt CVStarr Morgan Pimentel Cheit Normandy Kresge Davis Hearst Cafe3 Cloyne GBC Anthony HearstAnnex South McLaughlin Koshland Stonefire Haas Calvin Calvin Faculty FSM Baker McCone BigC Pavilion Simons BigC FSM Faculty Stonefire Koshland Koshland LeConte Campanile Doe
24
Campbell Birge
Stephens Moses
WayWest Warren Metropolitan
Latimer Foothill
Kroeber Boalt Bechtel Kroeber
Sather Martinez Unit3 OCF Barker
Haviland IHouse RSF
Haas Hargrove Haas
Pavilion PeoplePark
Simons Legends TriDelta Unit2
McCone CKerr
Baker Fiji Baker
Wheeler Dwinelle Sproul
Hearst Hearst
Stonefire Stonefire
Anthony Anthony
Moffitt Moffitt
Jacobs Jacobs
Morrison Morrison
Cheit Cheit
Davis Davis
Cloyne Cloyne
Etcheverry Etcheverry
McLaughlin McLaughlin
