MapLocation152 MapLocation106 MapLocation41 MapLocation185 MapLocation163 MapLocation74 MapLocation51 MapLocation141 MapLocation65 MapLocation99 MapLocation57 MapLocation24 MapLocation110 MapLocation97 MapLocation154 MapLocation154 MapLocation97 MapLocation110 MapLocation110 MapLocation24 MapLocation166 MapLocation89 MapLocation88 MapLocation27 MapLocation96 MapLocation197 MapLocation28 MapLocation42 MapLocation129 MapLocation50 MapLocation7 MapLocation10 MapLocation78 MapLocation175 MapLocation56 MapLocation104 MapLocation104 MapLocation56 MapLocation56 MapLocation175 MapLocation78 MapLocation67 MapLocation67 MapLocation19 MapLocation18 MapLocation77 MapLocation196 MapLocation196 MapLocation93 MapLocation93 MapLocation19 MapLocation198 MapLocation16 MapLocation15 MapLocation14 MapLocation6 MapLocation52 MapLocation52 MapLocation6 MapLocation14 MapLocation84 MapLocation162 MapLocation123 MapLocation13 MapLocation13 MapLocation170 MapLocation149 MapLocation149 MapLocation149 MapLocation170 MapLocation162 MapLocation198 MapLocation19 MapLocation67 MapLocation115 MapLocation135 MapLocation135 MapLocation115 MapLocation50 MapLocation129 MapLocation42 MapLocation28 MapLocation73 MapLocation73 MapLocation62 MapLocation80 MapLocation194 MapLocation194 MapLocation80 MapLocation80 MapLocation73 MapLocation28 MapLocation197 MapLocation197 MapLocation27 MapLocation68 MapLocation68 MapLocation68 MapLocation89 MapLocation166 MapLocation99 MapLocation127 MapLocation29 MapLocation108 MapLocation35 MapLocation94 MapLocation100 MapLocation147 MapLocation64 MapLocation38 MapLocation155 MapLocation155 MapLocation38 MapLocation64 MapLocation147 MapLocation100 MapLocation94 MapLocation35 MapLocation108 MapLocation29 MapLocation127 MapLocation3 MapLocation58 MapLocation116 MapLocation169 MapLocation2 MapLocation21 MapLocation146 MapLocation30 MapLocation30 MapLocation30 MapLocation146 MapLocation130 MapLocation130 MapLocation2 MapLocation169 MapLocation116 MapLocation101 MapLocation40 MapLocation112 MapLocation71 MapLocation71 MapLocation40 MapLocation101 MapLocation116 MapLocation173 MapLocation188 MapLocation188 MapLocation188 MapLocation173 MapLocation122 MapLocation83 MapLocation82 MapLocation82 MapLocation83 MapLocation121 MapLocation72 MapLocation79 MapLocation125 MapLocation86 MapLocation86 MapLocation156 MapLocation0 MapLocation0 MapLocation156 MapLocation79 MapLocation72 MapLocation61 MapLocation138 MapLocation49 MapLocation181 MapLocation181 MapLocation49 MapLocation138 MapLocation61 MapLocation51 MapLocation163 MapLocation9 MapLocation20 MapLocation158 MapLocation158 MapLocation20 MapLocation9 MapLocation41 MapLocation106
62
MapLocation185 MapLocation76 MapLocation118 MapLocation185
MapLocation74 MapLocation192 MapLocation150
MapLocation141 MapLocation136
MapLocation65 MapLocation4
MapLocation57 MapLocation36 MapLocation8 MapLocation57
MapLocation96 MapLocation69 MapLocation107 MapLocation96
MapLocation10 MapLocation12 MapLocation22 MapLocation145 MapLocation102 MapLocation10
MapLocation18 MapLocation70 MapLocation17 MapLocation81 MapLocation18
MapLocation77 MapLocation47 MapLocation179 MapLocation77
MapLocation15 MapLocation113 MapLocation15
MapLocation16 MapLocation109 MapLocation16
MapLocation84 MapLocation189
MapLocation123 MapLocation60 MapLocation43 MapLocation133 MapLocation123
MapLocation7 MapLocation171 MapLocation7
MapLocation62 MapLocation55 MapLocation23 MapLocation161 MapLocation105 MapLocation62
MapLocation88 MapLocation148 MapLocation114
MapLocation122 MapLocation137 MapLocation92 MapLocation59 MapLocation122
MapLocation125 MapLocation53 MapLocation182 MapLocation125
MapLocation121 MapLocation153 MapLocation121
MapLocation21 MapLocation119 MapLocation85 MapLocation111
MapLocation112 MapLocation128 MapLocation186
MapLocation58 MapLocation164 MapLocation32
MapLocation3 MapLocation183
MapLocation152 MapLocation103
MapLocation14 MapLocation14
MapLocation19 MapLocation19
MapLocation20 MapLocation20
MapLocation198 MapLocation198
MapLocation35 MapLocation35
MapLocation72 MapLocation72
MapLocation13 MapLocation13
MapLocation50 MapLocation50
MapLocation67 MapLocation67
MapLocation97 MapLocation97
MapLocation71 MapLocation71
MapLocation154 MapLocation154
MapLocation156 MapLocation156
MapLocation149 MapLocation149
MapLocation127 MapLocation127
MapLocation129 MapLocation129
MapLocation106 MapLocation106
MapLocation61 MapLocation61
MapLocation79 MapLocation79
MapLocation94 MapLocation94
MapLocation41 MapLocation41
MapLocation146 MapLocation146
MapLocation104 MapLocation104
MapLocation9 MapLocation9
MapLocation116 MapLocation116
MapLocation173 MapLocation173
MapLocation170 MapLocation170
MapLocation100 MapLocation100
MapLocation135 MapLocation135
MapLocation29 MapLocation29
MapLocation175 MapLocation175
MapLocation86 MapLocation86
MapLocation56 MapLocation56
MapLocation99 MapLocation99
MapLocation194 MapLocation194
MapLocation42 MapLocation42
MapLocation166 MapLocation166
MapLocation28 MapLocation28
