aa bo by al cv bj cf dm dt du dd ap bd bd ap do bs dc aj aj dc ak cq df bk ao bw bg aw cn ag bn ae cz dq ch ch cz ae bn ag cn aw bg bw bb au au bb af af df cq cq do ck ck du dm bj aq an bl av bc bm cp cs ai ai cs cp bm bc bl cy dk dk cj cj bj cv by dr bf bf dr aa
34
cf dj cf
dd db am ab
bs br ct bs
dq dv dq
ao ax cb ao
bk ay bk
ak ce dg ac ak
dt cl
av bu
an at
aq az
cy de bv cy
al cm
bo be bo
ag ag
df df
bc bc
bf bf
ae ae
cs cs
cj cj
bj bj
bb bb
bd bd
aj aj
ap ap
by by
ch ch
au au
dk dk
af af
dr dr
bl bl
bg bg
