86 171 7 23 8 60 1 114 29 108 9 171 128 3 11 99 99 11 37 151 15 18 32 25 61 130 4 130 128
30
2 94 117 74 75 2
8 48 123 138 149 93 132 14 148 21 137 8
1 76 106 1
29 129 121
108 44 72 184
114 52 105
9 10 13 26 89 110 181
60 87
23 56 28 116 66 185
7 45 57 101 145 163
67 35 90 100
86 198 120 125 152 150 169
3 196 19 113
37 73 97 156
151 17 194
18 41 192 84 27 139 177
43 174
25 64 140 6 153 154 158
32 126 157 159 175
15 38 82 122 199
61 30 69 146 189 107
4 53 179 183
5 91 173 160 5
11 11
22 22
36 36
51 51
54 54
71 71
92 92
