57 95 70 10 17 42 39 61 66 56 6 80 15 1 81 55 68 38 94 94 31 52 96 19 19 96 52 31 68 13 45 76 89 50 11 29 82 60 12 24 73 26 28 28 26 73 24 12 60 82 29 11 50 89 47 93 27 36 40 30 30 40 36 27 93 47 13 71 91 91 71 81 15 33 33 56 66 39 42 5 23 86 49 54 14 62 67 92 44 44 67 62 14 54 49 86 79 79 5 42 17 10 10 70 95 53 97 97 53 75 78 85 46 64 59 59 64 35 35 85 78 75
38
61 21 48 61
1 98
76 58 88 76
45 34
38 43 99 38
55 4 55
80 7 80
6 83
92 51 87
23 77
46 25 84 46
57 2
86 86
54 54
13 13
11 11
47 47
75 75
78 78
17 17
26 26
64 64
50 50
91 91
14 14
94 94
70 70
68 68
29 29
24 24
56 56
52 52
5 5
62 62
42 42
53 53
12 12
36 36
