110 57 129 44 68 153 184 164 164 100 2 7 7 81 159 174 38 116 139 39 61 194 102 118 138 190 190 138 3 3 102 194 11 176 158 117 13 160 104 98 189 178 62 134 74 74 172 92 169 65 54 35 73 47 47 73 35 54 65 92 172 62 178 189 98 104 160 151 151 117 158 176 11 139 116 38 174 159 81 100 60 66 87 196 109 9 88 25 41 41 192 31 144 89 170 14 173 30 157 167 94 94 167 157 173 14 170 89 144 10 137 161 78 56 50 96 21 188 84 84 21 53 120 59 179 1 36 79 149 126 147 32 23 0 154 28 28 154 8 8 23 32 147 126 149 79 36 1 179 59 120 53 21 96 50 56 78 70 27 115 19 19 165 108 63 18 141 83 46 101 43 123 123 43 97 93 187 187 140 6 6 140 97 166 111 111 166 141 18 63 108 19 115 27 70 137 10 144 31 192 41 25 88 9 109 196 87 66 60 100 164 184 112 182 182 112 68 44 129 57 26 191 119 119 199 199 119 191 57 110 77 195 33 136 99 99 136 4 67 15 86 86 75 75 75 4 195 77 110
74
26 90 152 103 26
30 72 20 40 76 30
0 29 107 0
188 64 175
165 22 165
83 5 83
101 193 101
93 131 121
46 51
161 52 161
39 55 39
61 171
118 127 122
134 148
169 197 45 169
13 142 13
2 124 168
153 85
33 181
15 163 132 15
67 91 145 67
178 178
190 190
54 54
36 36
60 60
160 160
99 99
141 141
44 44
50 50
28 28
195 195
47 47
172 172
159 159
43 43
81 81
41 41
87 87
18 18
53 53
11 11
56 56
126 126
6 6
25 25
96 96
147 147
38 38
1 1
140 140
123 123
182 182
73 73
14 14
98 98
79 79
170 170
149 149
92 92
66 66
74 74
3 3
100 100
19 19
199 199
154 154
189 189
94 94
138 138
192 192
77 77
176 176
