Location0 Location43 Location25 Location71 Location47 Location67 Location29 Location66 Location52 Location10 Location73 Location73 Location10 Location69 Location69 Location36 Location37 Location115 Location2 Location14 Location75 Location33 Location23 Location99 Location84 Location130 Location130 Location84 Location99 Location33 Location75 Location14 Location2 Location36 Location69 Location66 Location29 Location58 Location97 Location112 Location44 Location13 Location93 Location101 Location87 Location87 Location101 Location93 Location13 Location44 Location112 Location97 Location30 Location126 Location105 Location110 Location17 Location100 Location100 Location126 Location30 Location57 Location49 Location98 Location31 Location89 Location40 Location8 Location79 Location55 Location117 Location20 Location26 Location7 Location7 Location20 Location117 Location55 Location79 Location8 Location40 Location89 Location59 Location89 Location98 Location49 Location57 Location67 Location47 Location71 Location43 Location0
29
Location52 Location9 Location28
Location23 Location19 Location22 Location6 Location23
Location115 Location35
Location37 Location16 Location37
Location31 Location41 Location31
Location59 Location12 Location5
Location26 Location4 Location21 Location15 Location26
Location58 Location27 Location18 Location42
Location105 Location32
Location17 Location3 Location39 Location11 Location17
Location110 Location38
Location25 Location34 Location25
Location1 Location1
Location2 Location2
Location7 Location7
Location8 Location8
Location10 Location10
Location13 Location13
Location14 Location14
Location20 Location20
Location24 Location24
Location29 Location29
Location30 Location30
Location33 Location33
Location36 Location36
Location40 Location40
Location43 Location43
Location44 Location44
Location45 Location45
