Location0 Location45 Location12 Location4 Location4 Location12 Location34 Location41 Location56 Location53 Location9 Location20 Location25 Location32 Location32 Location37 Location17 Location23 Location30 Location28 Location57 Location60 Location60 Location1 Location8 Location8 Location1 Location30 Location23 Location17 Location17 Location17 Location17 Location17 Location17 Location17 Location37 Location37 Location25 Location7 Location7 Location33 Location33 Location53 Location41 Location34
26
Location45 Location35
Location0 Location27
Location26 Location21 Location26
Location56 Location15
Location9 Location29 Location18 Location16 Location31 Location3 Location9
Location28 Location5 Location2 Location39 Location24 Location6 Location28
Location57 Location19 Location11 Location36
Location20 Location14 Location22 Location20
Location1 Location1
Location4 Location4
Location7 Location7
Location8 Location8
Location10 Location10
Location12 Location12
Location13 Location13
Location17 Location17
Location23 Location23
Location25 Location25
Location30 Location30
Location32 Location32
Location33 Location33
Location34 Location34
Location37 Location37
Location38 Location38
Location40 Location40
Location41 Location41
