198 198 198 198 198 198 198 127 127 138 133 139 139 139 133 116 169 169 169 169 169 169 141 184 184 184 184 184 184 184 165 165 200 200 200 200 200 200 200 150 150 111 111 150 140 176 176 176 176 140 150 200 165 174 174 167 167 189 189 189 189 189 189 157 137 164 164 130 159 159 130 157 156 144 144 136 171 171 161 102 177 177 177 177 102 161 157 189 167 174 165 169 151 151 84 84 151 193 193 193 193 193 103 103 193 151 127 198
37
138 9 20 35 37 51 56 126 36 82 138
141 10 27 50 80 87 106 3 53 57 68 77 129 141
137 2 33 59 70 74 99 131 69 85 26 83 110 60 47 31 34 41 55 88 89 95 137
156 101 16 49 92 156
136 13 61 21 44 97 143 136
116 6 42 8 58 75 86 81 116
84 84
102 102
103 103
111 111
124 124
127 127
130 130
133 133
139 139
140 140
144 144
150 150
151 151
157 157
159 159
161 161
162 162
164 164
165 165
167 167
169 169
171 171
174 174
176 176
177 177
182 182
184 184
189 189
193 193
198 198
200 200
