45 58 1 64 36 23 46 42 77 91 63 12 70 41 41 27 30 51 5 87 89 47 54 3 90 71 82 93 59 14 18 13 9 37 85 85 37 9 13 18 80 94 94 94 80 59 93 82 71 74 74 3 54 47 89 89 87 96 97 4 38 50 78 67 66 60 11 57 44 22 81 33 33 81 22 57 11 19 19 66 67 50 7 26 88 24 83 83 29 65 55 68 34 31 56 98 98 56 31 34 68 55 65 29 83 24 88 26 7 4 97 96 51 30 12 63 91 77 42 46 25 25 36 64 1 58 45
40
70 2 70
27 40 27
14 17 95 92
90 39
5 84 5
44 21 61 44
60 35
78 53 78
38 69 52 38
23 10
91 91
63 63
34 34
50 50
87 87
58 58
41 41
89 89
59 59
1 1
46 46
26 26
47 47
80 80
24 24
77 77
57 57
51 51
18 18
68 68
82 82
54 54
71 71
56 56
66 66
33 33
7 7
19 19
31 31
29 29
