31 74 56 144 157 54 114 126 121 121 72 140 153 50 45 94 149 82 109 135 136 152 88 16 16 28 28 80 143 155 90 83 148 70 110 19 5 43 69 92 38 64 35 125 151 59 11 89 8 57 63 154 96 96 154 63 57 29 33 33 137 75 133 159 100 62 172 167 196 196 161 200 185 188 188 185 200 161 186 199 179 162 182 180 193 176 176 193 180 182 179 163 174 187 195 169 169 195 187 178 166 164 173 198 183 183 198 173 164 164 166 178 163 179 199 186 172 62 100 159 133 12 12 137 33 29 89 11 59 151 125 35 24 150 40 40 77 79 101 101 79 77 24 35 64 38 92 69 43 76 26 53 6 6 30 10 119 131 13 81 81 13 131 141 17 17 141 10 30 6 53 102 134 134 32 91 61 3 22 103 27 95 85 23 49 111 129 98 98 129 111 147 147 106 123 123 106 85 95 27 103 22 86 118 160 67 67 160 118 22 3 61 116 66 66 116 32 134 102 76 43 19 110 70 148 83 90 155 143 80 28 16 88 152 136 135 109 82 149 94 50 153 140 72 48 142 99 99 142 48 54 157 144 56 74 31 73 65 128 124 46 46 124 128 65 132 112 112 31
80
126 47
5 21 4 60
75 105 120
167 175 168 167
162 197 191
174 171 184 170
8 34
150 42 127
119 58 115 20 119
91 14
23 117
49 93 78 49
86 68 7 108 86
26 138
45 9 45
114 156 114
73 52 146
132 107
66 66
69 69
160 160
195 195
13 13
65 65
32 32
198 198
173 173
77 77
38 38
80 80
81 81
147 147
82 82
125 125
196 196
22 22
180 180
46 46
143 143
94 94
106 106
74 74
90 90
88 88
48 48
169 169
148 148
151 151
112 112
179 179
110 110
27 27
140 140
134 134
123 123
128 128
30 30
103 103
188 188
35 35
99 99
137 137
164 164
28 28
64 64
12 12
6 6
186 186
67 67
89 89
33 33
141 141
57 57
152 152
149 149
29 29
131 131
83 83
121 121
199 199
