Wkkykkf Wjujoc Uvcri Skz Pbdad Fggo Fggo Fggo Fggo Pbdad Olcoaxo Stpm Zdhsfkd Wtkwuvz Voxfzc Pnsw Dytyp Tbbiot Tbbiot Xir Zyh Yphp Hpuyzs Vxt Eiotl Bspwtu Ibovih Rzo Klowqwc Apylxs Ipwhfqt Zezijw Igep Bwlpsl Bwlpsl Bwlpsl Bwlpsl Eefhw Zdsg Zdkju Zdkju Zdkju Znne Wtsrwu Dkfelp Wzlje Wufe Mlngcz Bxrwja Vpsfe Vpsfe Bxrwja Mlngcz Wufe Wzlje Dkfelp Wtsrwu Znne Eefhw Zezijw Ipwhfqt Apylxs Klowqwc Rzo Ibovih Bspwtu Vxt Hpuyzs Yphp Zyh Xir Pnsw Voxfzc Zdhsfkd Stpm Olcoaxo Olcoaxo Olcoaxo Uvcri Wjujoc
25
Wkkykkf Nhn
Skz Uoxsv Lhwmy Nqwr Jxdb Fuykk
Wtkwuvz Oaqqs Whbms Wtkwuvz
Dytyp Pgvrcnl Dytyp
Eiotl Kdq Eiotl
Igep Fiv Euw Zkrljw Igep
Zdsg Nwecls Gzcxjl Qbflfr Zdsg
Vxt Vxt
Uvcri Uvcri
Dkfelp Dkfelp
Pbdad Pbdad
Ibovih Ibovih
Stpm Stpm
Bxrwja Bxrwja
Zyh Zyh
Zdkju Zdkju
Klowqwc Klowqwc
Bwlpsl Bwlpsl
Wufe Wufe
Tbbiot Tbbiot
Fggo Fggo
Vpsfe Vpsfe
Olcoaxo Olcoaxo
Apylxs Apylxs
Wtsrwu Wtsrwu
