A0 Q1 R2 I0 I0 B1 S1 G1 K3 K3 D0 D0 S1 U1 U1 I0 R2 Q1 K1 D3 N3 F0 F0 F0 N3 N1 J3 V2 I3 I3 I3 X0 F1 A3 A3 F1 X0 Y0 U2 U0 O3 W0 W0 O3 U0 J0 X2 F2 F2 X2 R3 Y2 Y2 R3 I1 W2 W2 I1 I1 S2 G0 B0 B0 G0 S2 R0 T2 E0 E0 R0 J2 N2 A1 M0 M0 R1 K0 K0 P1 P1 J2 E2 V3 V3 T0 M2 A2 A2 T0 J3 N1 B2 X1 X1 B2 Q1 A0
29
G1 Z1 D1 P3
B1 L0 B1
D3 C0 P2 D3
V2 V0 H1 C3 M1 V2
U2 S3 V1 T3 U2
J0 T1 Z0
A1 H0 A1
N2 F3 N2
R1 O0 L1
T2 O1
Y0 P0 S0 L3
E2 N0
M2 C2 C1
K1 Q2 K1
B0 B0
E0 E0
F0 F0
I0 I0
K0 K0
M0 M0
U0 U0
F1 F1
U1 U1
X1 X1
B2 B2
R2 R2
W2 W2
X2 X2
N3 N3
