137 66 110 43 43 110 188 83 93 151 151 181 18 126 177 16 193 130 58 193 60 193 16 177 180 125 194 37 172 52 172 37 194 125 180 131 35 182 176 116 98 12 197 197 12 98 176 182 35 131 128 68 28 9 28 85 187 132 39 115 5 185 185 5 115 39 132 187 18 153 139 154 151 151 93 83 188
41
66 44 127 46
126 144 157
58 4 145 58
130 34
60 124 55 60
52 14 158
140 129 140
116 38 141
63 183 63
171 97
68 41 150
128 69
9 70 133 7
85 22 89
139 30
154 31 159
153 23
181 91 181
137 167 76 137
90 90
178 178
174 174
106 106
21 21
186 186
108 108
121 121
177 177
151 151
195 195
3 3
197 197
115 115
48 48
35 35
16 16
77 77
93 93
39 39
33 33
64 64
