7FWNmYu1sEzp7YpjhNM0 W2denTwXnWz4qrXL3aFw kgMLDXb5R3ORIfTilNFP AzIG5crlJuxKgwAi8EiY ifTdJaO9BbhyS7vPeYry nAg8OEdqlYhSIX9nv2SQ Wf5r5fLld7uYzA371YeY Wf5r5fLld7uYzA371YeY scUa5QdkUC7khfk1TYEx wmgJPf9xJgBC30Z2iBfg goJftIzc5FBlw9j9PMfL ZPdVSQmUt7J8A3Rehp7D 3KOtUmI8wx8Is2Iqqd2S qUHIoJ8btUij9h8nDU8R QTxJ87HudblvfrcxhLKF CdlE2FMHtE23wbpleKPr B46pe0ii1rn1dcGCmje6 1foAom0YUla8ad6rygWf Ph9yGdcZCHpq7TcjF1ys GGbfPZ5r9fRsb9JaMs6R AKanlmGUSU3JxRuvHfxn Nqdnt8lMLeIhcHlj1s1V g2g8WLVxe9HOQYy10Bok Hp324dioHwKLfiZ19twT pms1OeSRIu8epveHYsQw Hz0Iozclr5Dsmtt3I8hK vEWyy5AExfLu7sWP92aZ vEWyy5AExfLu7sWP92aZ Hz0Iozclr5Dsmtt3I8hK pms1OeSRIu8epveHYsQw Hp324dioHwKLfiZ19twT g2g8WLVxe9HOQYy10Bok RIFDgOYLizqUpmzvNX0Y Hzf5jjegIHlFM1NlD4mu Hzf5jjegIHlFM1NlD4mu IcKzxr7CcACAPE40T0L0 IcKzxr7CcACAPE40T0L0 Hzf5jjegIHlFM1NlD4mu RIFDgOYLizqUpmzvNX0Y AKanlmGUSU3JxRuvHfxn GGbfPZ5r9fRsb9JaMs6R Ph9yGdcZCHpq7TcjF1ys 1foAom0YUla8ad6rygWf B46pe0ii1rn1dcGCmje6 CdlE2FMHtE23wbpleKPr QTxJ87HudblvfrcxhLKF lDAnOMVYOYXzMCtINEX8 lDAnOMVYOYXzMCtINEX8 3KOtUmI8wx8Is2Iqqd2S LbqkBWSxp6mSj0kbbpQH lSssYFAkHCaiCgsVnBjZ lSssYFAkHCaiCgsVnBjZ LbqkBWSxp6mSj0kbbpQH goJftIzc5FBlw9j9PMfL wmgJPf9xJgBC30Z2iBfg scUa5QdkUC7khfk1TYEx Wf5r5fLld7uYzA371YeY nAg8OEdqlYhSIX9nv2SQ ifTdJaO9BbhyS7vPeYry AzIG5crlJuxKgwAi8EiY kgMLDXb5R3ORIfTilNFP
18
7FWNmYu1sEzp7YpjhNM0 5yzYewNOjD4D1V8ZP8q1 A9DFzQyemv4Vrp2lXMgz 9l9bqgsSEgsSkszLK4O4
Nqdnt8lMLeIhcHlj1s1V LEf0huj6HzVDaAZAnsYH 6uJmr1C0tkMcbasOZ8YR 6uYVEZNStGwGBaOTSZJ3
qUHIoJ8btUij9h8nDU8R PyIlH9YicODghA6KwJUV qUHIoJ8btUij9h8nDU8R
ZPdVSQmUt7J8A3Rehp7D pPWJrH430fABR0NcoPKV ZPdVSQmUt7J8A3Rehp7D
W2denTwXnWz4qrXL3aFw uKBUiyynqpfTFP93OJ0w W2denTwXnWz4qrXL3aFw
goJftIzc5FBlw9j9PMfL goJftIzc5FBlw9j9PMfL
IcKzxr7CcACAPE40T0L0 IcKzxr7CcACAPE40T0L0
Hp324dioHwKLfiZ19twT Hp324dioHwKLfiZ19twT
RIFDgOYLizqUpmzvNX0Y RIFDgOYLizqUpmzvNX0Y
nAg8OEdqlYhSIX9nv2SQ nAg8OEdqlYhSIX9nv2SQ
kgMLDXb5R3ORIfTilNFP kgMLDXb5R3ORIfTilNFP
1foAom0YUla8ad6rygWf 1foAom0YUla8ad6rygWf
scUa5QdkUC7khfk1TYEx scUa5QdkUC7khfk1TYEx
CdlE2FMHtE23wbpleKPr CdlE2FMHtE23wbpleKPr
lDAnOMVYOYXzMCtINEX8 lDAnOMVYOYXzMCtINEX8
B46pe0ii1rn1dcGCmje6 B46pe0ii1rn1dcGCmje6
g2g8WLVxe9HOQYy10Bok g2g8WLVxe9HOQYy10Bok
AzIG5crlJuxKgwAi8EiY AzIG5crlJuxKgwAi8EiY
