azv oqv oqv xie hyb lko ijd dqy jwx yvc wpu pvt pvt yvc jwx brw cwq gcw mtd eqx gcr uvc std dgw qpl faq boc whw hse eqk ykc mpw cib bgn ufa txp txp ufa bgn cib mpw ykc eqk hse whw boc faq qpl dgw std uvc kxx kxx kxx mtd ipq hln hln ipq cwq brw til ctf gei taj hsi hob pzr hwc uon scm scm uon hwc pzr hsi taj ctf til brw jwx dqy ovx zwf vxd rgm jvc ryg ryg ivp zuz zuz rov uyd rfl vxn cvb rcw zdd zdd qzx qzx zdd rcw cvb vxn rfl uyd uyd rov zuz ivp ryg jvc rgm vxd zwf ovx lko hyb xie
38
azv rti
gcr eqa sau
eqx mis vfq
gcw ncc gcw
gei cim wcd gei
hob aur
wpu yiy hip
ijd hcc lmh gfr uua hlc ijd
ipq ipq
oqv oqv
pzr pzr
ovx ovx
rcw rcw
rfl rfl
jwx jwx
yvc yvc
zuz zuz
ufa ufa
hwc hwc
hyb hyb
scm scm
xie xie
hsi hsi
dqy dqy
jvc jvc
ctf ctf
yfq yfq
vxn vxn
cib cib
rov rov
boc boc
qzx qzx
brw brw
mtd mtd
mpw mpw
uyd uyd
cwq cwq
ivp ivp
