Vernon Anaheim New Hoffman Northern Lost Sherman Oildale Timbuctoo Timbuctoo Oildale Sherman Lost Clayton Fountain Manzanita Fullerton Sonoma Sequoia Yurok Escondido Yale Escalon Escalon Yale Escondido Yurok Yurok Sequoia Sonoma Fullerton Manzanita Clayton Del Helm Sheep Meyers Meyers Sheep Blue Three Sunny Sunny Three Clayton Warner Warner Warner Pacheco Willow Wallace Alameda Alameda Wallace Pacheco Rough Bodad Bodad Fremont Susan Chicken East Stone Flinn Vallecito Vallecito Flinn Moores Creston Moores Bandini Bandini Palomar Patrick Fiorini Aguanga Ellis Roseland California Commonwealth Downtown Magic Bell Bell Brundage Brundage Capuchino Bonita Bonita Capuchino Brundage Bell Downtown Commonwealth Ellis Aguanga Fiorini Patrick Palomar Ida Glennville Glennville Ida Chicken Susan Dutch Yucca Yucca Dutch Huron Cerro Cerro Huron Anaheim Jamul Garden Church Church Garden Welwood Aptos Davis Visalia Saint Bangor Colonnade Colonnade Bangor Stanislaus Stanislaus Stanislaus Marshall Ames Fox Chittenden Chittenden Fox Ames Marshall Aptos Inaja Robertsville Singing Singing Robertsville Pleasant Pleasant Aptos Welwood Anaheim Vernon
61
Fountain Cressey Woody
Smoke Alamo Lake Buena Coddingtown Smoke
Blue Strawberry Blue
Del Bonny Del
Helm Manker Industrial Helm
Hoffman Potrero Hoffman
Northern Cabbage Antelope
Kaiser Portola Civic Veterans Ritter Parchester Industry Kaiser
Willow Donner
New South
Lebec Quail Richvale
Le Temecula Le
Stone Collins Carmel Ramona Forbestown
Creston Bakersfield Grasslands
Roseland Dulzura Roseland
California Garcia Beach California
Magic Smith Bradley Winterhaven Hammer
East Cypress
Fremont Costa
Rough Sulpizio Rough
Jamul Presidio Calaveras
Inaja All Yankee Cambridge
Davis Davenport Santa
Visalia Crestmont Sacramento Cudahy
Saint Glencoe Balboa Delta Saint
Newark Armstrong
Robertsville Robertsville
Warner Warner
Cerro Cerro
Terra Terra
Wallace Wallace
Stockdale Stockdale
Clayton Clayton
Downtown Downtown
Three Three
Anaheim Anaheim
Bell Bell
Mecca Mecca
Bodad Bodad
Pleasant Pleasant
Escalon Escalon
Brundage Brundage
Moores Moores
Timbuctoo Timbuctoo
Fox Fox
Pacheco Pacheco
Huron Huron
Capuchino Capuchino
Fullerton Fullerton
Bangor Bangor
Sherman Sherman
Fiorini Fiorini
Louis Louis
Yurok Yurok
Rowland Rowland
Marshall Marshall
Sunny Sunny
Flinn Flinn
Chittenden Chittenden
Tijuana Tijuana
Escondido Escondido
