Encanto Old Oceanside Armstrong Green Shafter Mount Shafter Green Armstrong Armstrong Oceanside 18th Brookdale Fiorini Warner Fiorini Merced Bangor Bangor Fiorini Brookdale 18th Oceanside Old Chinese All Bonita Cherokee Oildale Yubadocs Homestead Manzanita Helm Robertsville Vista Vista Robertsville Manzanita Homestead South Coachella Kern Beach Ramona Clark Banning Marina Forest Cypress Cypress Forest Banning Veterans Veterans Calaveras Calaveras Coachella South Homestead Yubadocs Bonita Welden Welden Rossmoor Vernon Vernon Rossmoor Chinese Sacramento Ida Fremont Granite Colonnade McAuley McAuley Colonnade Granite Fremont Sacramento Chinese Old Encanto
31
Mount Two Woffard Costa Mount
Warner Cabbage Yurok Warner
Merced Alpaugh Foothills Delta
Oildale City
Helm Santa Ames
Beach Sherman Richvale Beach
Marina Elmira
Clark Pumpkin Quail
Ramona Laguna Moccasin Ramona
Kern Los Kern
Cherokee Presidio Cherokee
All Willow Garden All
Ida Kentfield Glencoe
Banning Banning
Vernon Vernon
Bonita Bonita
Forest Forest
Vista Vista
Homestead Homestead
Woodbridge Woodbridge
Jane Jane
Welden Welden
Shafter Shafter
Granite Granite
Clayton Clayton
Chinese Chinese
Riverside Riverside
Smoke Smoke
Cypress Cypress
McAuley McAuley
Green Green
