loc0 loc87 loc45 loc53 loc51 loc6 loc6 loc51 loc53 loc79 loc15 loc75 loc85 loc7 loc29 loc10 loc33 loc14 loc14 loc33 loc10 loc29 loc7 loc81 loc71 loc5 loc5 loc77 loc1 loc91 loc93 loc54 loc54 loc54 loc93 loc91 loc1 loc77 loc47 loc99 loc37 loc27 loc31 loc31 loc27 loc37 loc99 loc47 loc43 loc43 loc50 loc23 loc9 loc9 loc23 loc50 loc15 loc79 loc19 loc79 loc46 loc46 loc68 loc89 loc40 loc41 loc58 loc58 loc40 loc89 loc68 loc86 loc86
32
loc87 loc39 loc63 loc83 loc87
loc45 loc3 loc45
loc85 loc57 loc85
loc71 loc21 loc35 loc65 loc25 loc59 loc71
loc81 loc67 loc81
loc75 loc95 loc11 loc75
loc19 loc13 loc69 loc19
loc0 loc73 loc61
loc41 loc49 loc55 loc41
loc1 loc1
loc5 loc5
loc7 loc7
loc9 loc9
loc15 loc15
loc17 loc17
loc23 loc23
loc27 loc27
loc29 loc29
loc31 loc31
loc33 loc33
loc37 loc37
loc43 loc43
loc47 loc47
loc51 loc51
loc53 loc53
loc77 loc77
loc79 loc79
loc89 loc89
loc91 loc91
loc93 loc93
loc97 loc97
loc99 loc99
