loc0 loc109 loc103 loc103 loc63 loc193 loc193 loc49 loc165 loc83 loc83 loc175 loc129 loc195 loc195 loc129 loc175 loc83 loc165 loc49 loc119 loc9 loc161 loc41 loc41 loc101 loc121 loc3 loc80 loc117 loc117 loc80 loc3 loc31 loc61 loc85 loc197 loc47 loc10 loc10 loc10 loc47 loc5 loc87 loc51 loc124 loc124 loc51 loc87 loc94 loc94 loc143 loc131 loc179 loc93 loc73 loc133 loc113 loc181 loc181 loc67 loc123 loc123 loc67 loc69 loc185 loc185 loc135 loc135 loc111 loc81 loc81 loc81 loc111 loc135 loc181 loc181 loc113 loc133 loc73 loc93 loc179 loc143 loc65 loc183 loc183 loc153 loc95 loc95 loc153 loc171 loc171 loc187 loc187 loc173 loc151 loc39 loc89 loc89 loc39 loc151 loc173 loc61 loc31 loc141 loc99 loc99 loc141 loc167 loc19 loc19 loc101 loc41 loc161 loc9 loc119 loc49 loc0
65
loc109 loc79 loc109
loc63 loc25 loc63
loc77 loc29 loc17 loc33 loc77
loc121 loc147 loc7 loc169 loc57 loc121
loc197 loc43 loc125 loc91 loc197
loc5 loc155 loc189 loc5
loc69 loc37 loc59 loc11 loc13 loc75 loc105 loc23 loc53 loc69
loc131 loc191 loc27 loc157 loc131
loc65 loc45 loc97 loc71 loc65
loc139 loc1 loc139
loc85 loc15 loc85
loc149 loc199 loc149
loc167 loc35 loc145 loc167
loc115 loc55 loc137 loc115
loc3 loc3
loc9 loc9
loc19 loc19
loc21 loc21
loc31 loc31
loc39 loc39
loc41 loc41
loc47 loc47
loc49 loc49
loc51 loc51
loc61 loc61
loc67 loc67
loc73 loc73
loc81 loc81
loc83 loc83
loc87 loc87
loc89 loc89
loc93 loc93
loc95 loc95
loc99 loc99
loc101 loc101
loc103 loc103
loc107 loc107
loc111 loc111
loc113 loc113
loc117 loc117
loc119 loc119
loc123 loc123
loc127 loc127
loc129 loc129
loc133 loc133
loc135 loc135
loc141 loc141
loc143 loc143
loc151 loc151
loc153 loc153
loc159 loc159
loc161 loc161
loc163 loc163
loc165 loc165
loc171 loc171
loc173 loc173
loc175 loc175
loc177 loc177
loc179 loc179
loc181 loc181
loc183 loc183
loc185 loc185
loc187 loc187
loc193 loc193
loc195 loc195
