1 2 3 4 8 9 10 11 12 16 17 18 19 20 24 25 26 27 28 32 33 34 35 36 40 41 42 43 44 48 49 50 51 52 56 57 58 59 60 64 65 66 67 68 72 73 74 75 76 80 81 82 83 84 88 89 90 91 92 96 97 98 99 100 104 105 106 107 108 112 113 114 115 116 120 121 122 123 124 128 129 130 131 132 136 137 138 139 140 144 145 146 147 148 152 153 154 155 156 160 161 162 163 164 168 169 170 171 172 176 177 178 179 180 184 185 186 187 187 186 184 180 179 178 176 172 171 170 168 164 163 162 160 156 155 154 152 148 147 146 144 140 139 138 136 132 131 130 128 124 123 122 120 116 115 114 112 108 107 106 104 100 99 98 96 92 91 90 88 84 83 82 80 76 75 74 72 68 67 66 64 60 59 58 56 52 51 50 48 44 43 42 40 36 35 34 32 28 27 26 24 20 19 18 16 12 11 10 8 4 3 2
98
1 7 196
9 15
17 23
25 31
33 39
41 47
49 55
57 63
65 71
73 79
81 87
89 95
97 103
105 111
113 119
121 127
129 135
137 143
145 151
153 159
161 167
169 175
177 183
185 191 194
193 199
2 2
4 4
5 5
10 10
12 12
13 13
18 18
20 20
21 21
26 26
28 28
29 29
34 34
36 36
37 37
42 42
44 44
45 45
50 50
52 52
53 53
58 58
60 60
61 61
66 66
68 68
69 69
74 74
76 76
77 77
82 82
84 84
85 85
90 90
92 92
93 93
98 98
100 100
101 101
106 106
108 108
109 109
114 114
116 116
117 117
122 122
124 124
125 125
130 130
132 132
133 133
138 138
140 140
141 141
146 146
148 148
149 149
154 154
156 156
157 157
162 162
164 164
165 165
170 170
172 172
173 173
178 178
180 180
181 181
186 186
188 188
189 189
197 197
