Soda Doe GreekTheatre GreekTheatre LeConte Etcheverry Unit2 BancroftLibrary Blackwell Cory Gilman HilgardHall CaliforniaHall Barrows CaliforniaHall HilgardHall Gilman Cory BancroftLibrary Unit2 Etcheverry
20
Doe Bowles InternationalHouse Doe
BerkeleyWayWest BAMPFA BerkeleyWayWest
Soda Wheeler
Barrows Campbell Stern
DavisHall Unit1
Blackwell DurantHall
LeConte HearstMining LeConte
Evans Evans
Campanile Campanile
Moffit Moffit
Dwinelle Dwinelle
SouthHall SouthHall
Gilman Gilman
CaliforniaHall CaliforniaHall
BancroftLibrary BancroftLibrary
GreekTheatre GreekTheatre
LawrenceHall LawrenceHall
Unit2 Unit2
Unit3 Unit3
Foothill Foothill
