Ippudo Platano Rachas CanyonPool Staples Chipotle HearstMining EastAsianLibrary LittleCampanile WindmillCoffee PokeBar PokeBar WindmillCoffee LittleCampanile EastAsianLibrary TennisCourts BancroftLibrary Cheeseboard RSF Eshelman Eshelman RSF Cheeseboard BancroftLibrary TPTea Campanile LeConte Underhill HortonHall AshaTeaHouse Bowles TPTea Crossroads ImmThai BobbyGPizza ImmThai UCafe Flavia AndrewsApartment Wheeler GSPP EastBaySpiceCompany HesseHall EastBaySpiceCompany GSPP Wheeler UCafe HavilandHall Gongcha MSRI NoodleGirl Unit3 LaBurrita OptometryBuilding YogurtPark OptometryBuilding LaBurrita Unit3 MSRI Gongcha HearstMining Staples CanyonPool Ippudo
68
Platano Gypsys BetaLounge Platano
Rachas Safeway Rachas
TennisCourts MemorialGlade Plentea PeoplesCafe
HortonHall Shengkee Slivers HortonHall
Stern TripleRock TacoBell ExtremePizza
Underhill TheHabit Underhill
LeConte KroeberHall LowerSproul
Blackwell Pappys
AshaTeaHouse Milkbomb HappyLemon SproulHall TenderGreens AshaTeaHouse
Bowles StrawberryCreek Morrisonhall
Campanile ChezPanisse
Crossroads BanshoRamen Ucha Crossroads
BobbyGPizza Raretea HalalGuys
AndrewsApartment Cornerstone AndrewsApartment
HesseHall Muraccis MulfordHall
Flavia Spats LewisHall TheDwight
HavilandHall Bonchon GrizzlyPeak
YogurtPark Target TraderJoes SatherGate
Tilden Morganhall TopDog
NoodleGirl Gather Teazone
Chipotle SaturnCafe Firewings BSC Venus Chipotle
LatimerHall LatimerHall
NorthHall NorthHall
OptometryBuilding OptometryBuilding
McDonalds McDonalds
Artichokes Artichokes
Gongcha Gongcha
Yifang Yifang
Fengcha Fengcha
UCafe UCafe
TPTea TPTea
BigC BigC
ClarkKerr ClarkKerr
Cafe3 Cafe3
Marugame Marugame
Kips Kips
WursterHall WursterHall
ImmThai ImmThai
EastAsianLibrary EastAsianLibrary
ThaiNoodle ThaiNoodle
Mezzo Mezzo
Ikes Ikes
PokeBar PokeBar
Quicklys Quicklys
SnackShack SnackShack
SmokesPoutinerie SmokesPoutinerie
GreatChina GreatChina
ThaiBasil ThaiBasil
Eureka Eureka
EastBaySpiceCompany EastBaySpiceCompany
SuperDuperBurgers SuperDuperBurgers
JambaJuice JambaJuice
Gadani Gadani
Wikiwiki Wikiwiki
Homeroom Homeroom
Cheeseboard Cheeseboard
LaNote LaNote
BobaNinja BobaNinja
SweetheartCafe SweetheartCafe
Wheeler Wheeler
TukTukThai TukTukThai
Jupiter Jupiter
AmoebaMusic AmoebaMusic
LaBurrita LaBurrita
BerkeleyArtStudio BerkeleyArtStudio
LittleCampanile LittleCampanile
Namaste Namaste
UrbanOutfitters UrbanOutfitters
