Evans Campbell Eshelman ThaiNoodle Chipotle UCafe Yifang BerkeleyWayWest AlumniHouse ImmThai AshaTeaHouse HilgardHall Barrows Unit2 Pappys SproulHall GreekTheatre MemorialGlade Pappys HilgardHall AshaTeaHouse AlumniHouse BerkeleyWayWest UCafe Chipotle ThaiNoodle Eshelman Morrisonhall Gongcha LeConte Moffit HappyLemon LawrenceHall BancroftLibrary HavilandHall VLSB VLSB HavilandHall BancroftLibrary LawrenceHall HappyLemon Moffit LeConte Gongcha Morrisonhall
31
Barrows Campanile Gilman MemorialStadium Barrows
SproulHall BotanicalGardens GiauqueHall
GreekTheatre CanyonPool GreekTheatre
MemorialGlade Kresge HesseHall
Plentea Soda Dwinelle HildebrandHall SutardjaDai Doe
Unit2 Stern Unit2
Bowles Etcheverry Boalt ZellerbachHall Bowles
ImmThai InternationalHouse
Yifang UniversityVillage Wheeler
Campbell HearstMining DurantHall Campbell
Evans Cory BAMPFA Unit1
ThaiNoodle ThaiNoodle
LeConte LeConte
Moffit Moffit
SouthHall SouthHall
CaliforniaHall CaliforniaHall
BancroftLibrary BancroftLibrary
BerkeleyWayWest BerkeleyWayWest
LawrenceHall LawrenceHall
Unit3 Unit3
Foothill Foothill
VLSB VLSB
RSF RSF
Blackwell Blackwell
MLK MLK
Eshelman Eshelman
HAAS HAAS
AlumniHouse AlumniHouse
DavisHall DavisHall
HavilandHall HavilandHall
HilgardHall HilgardHall
