Loc76 Loc11 Loc51 Loc25 Loc117 Loc58 Loc75 Loc150 Loc150 Loc13 Loc85 Loc19 Loc118 Loc6 Loc6 Loc90 Loc161 Loc153 Loc153 Loc161 Loc61 Loc101 Loc162 Loc162 Loc101 Loc61 Loc19 Loc85 Loc85 Loc13 Loc150 Loc75 Loc154 Loc43 Loc50 Loc110 Loc63 Loc106 Loc106 Loc63 Loc98 Loc113 Loc5 Loc5 Loc113 Loc98 Loc115 Loc115 Loc66 Loc10 Loc24 Loc105 Loc86 Loc39 Loc136 Loc136 Loc39 Loc86 Loc105 Loc0 Loc31 Loc31 Loc78 Loc78 Loc31 Loc107 Loc182 Loc37 Loc148 Loc148 Loc56 Loc114 Loc114 Loc56 Loc148 Loc37 Loc45 Loc179 Loc82 Loc166 Loc166 Loc179 Loc45 Loc107 Loc121 Loc3 Loc17 Loc17 Loc47 Loc77 Loc77 Loc47 Loc17 Loc3 Loc66 Loc41 Loc66 Loc123 Loc91 Loc14 Loc139 Loc199 Loc199 Loc139 Loc14 Loc163 Loc18 Loc92 Loc32 Loc109 Loc109 Loc32 Loc92 Loc18 Loc65 Loc65 Loc65 Loc123 Loc123 Loc66 Loc141 Loc66 Loc115 Loc35 Loc35 Loc132 Loc132 Loc55 Loc44 Loc44 Loc55 Loc132 Loc190 Loc190 Loc190 Loc172 Loc54 Loc54 Loc172 Loc26 Loc94 Loc198 Loc198 Loc94 Loc26 Loc173 Loc187 Loc187 Loc173 Loc51 Loc11 Loc11 Loc197 Loc197
57
Loc25 Loc42 Loc83 Loc25
Loc118 Loc71 Loc16 Loc69 Loc22
Loc90 Loc53 Loc15 Loc88 Loc36 Loc90
Loc154 Loc4 Loc40 Loc87
Loc50 Loc29 Loc50
Loc110 Loc27 Loc79
Loc24 Loc97 Loc73 Loc48 Loc7 Loc24
Loc0 Loc70 Loc52 Loc33 Loc95 Loc0
Loc182 Loc2 Loc81
Loc82 Loc62 Loc21 Loc82
Loc121 Loc8 Loc38
Loc10 Loc89 Loc10
Loc41 Loc57 Loc96 Loc41
Loc60 Loc93 Loc9 Loc60
Loc91 Loc34 Loc91
Loc163 Loc49 Loc28 Loc72
Loc141 Loc99 Loc84 Loc68 Loc74
Loc43 Loc20 Loc59 Loc67 Loc43
Loc58 Loc30 Loc58
Loc117 Loc46
Loc76 Loc12 Loc80 Loc23
Loc1 Loc1
Loc3 Loc3
Loc5 Loc5
Loc6 Loc6
Loc11 Loc11
Loc13 Loc13
Loc14 Loc14
Loc17 Loc17
Loc18 Loc18
Loc19 Loc19
Loc26 Loc26
Loc31 Loc31
Loc32 Loc32
Loc35 Loc35
Loc37 Loc37
Loc39 Loc39
Loc44 Loc44
Loc45 Loc45
Loc47 Loc47
Loc51 Loc51
Loc54 Loc54
Loc55 Loc55
Loc56 Loc56
Loc61 Loc61
Loc63 Loc63
Loc64 Loc64
Loc65 Loc65
Loc66 Loc66
Loc75 Loc75
Loc77 Loc77
Loc78 Loc78
Loc85 Loc85
Loc86 Loc86
Loc92 Loc92
Loc94 Loc94
Loc98 Loc98
