Loc48 Loc52 Loc17 Loc33 Loc43 Loc99 Loc11 Loc88 Loc8 Loc56 Loc56 Loc8 Loc88 Loc59 Loc70 Loc20 Loc1 Loc76 Loc28 Loc0 Loc0 Loc28 Loc76 Loc1 Loc94 Loc94 Loc27 Loc40 Loc49 Loc93 Loc37 Loc37 Loc93 Loc49 Loc40 Loc27 Loc82 Loc86 Loc86 Loc59 Loc99 Loc43 Loc33 Loc78 Loc67 Loc39 Loc91 Loc42 Loc42 Loc23 Loc25 Loc62 Loc47 Loc3 Loc45 Loc45 Loc47 Loc62 Loc25 Loc23 Loc42 Loc91 Loc67 Loc89 Loc38 Loc51 Loc60 Loc60 Loc51 Loc89 Loc6 Loc84 Loc84 Loc87 Loc83 Loc83 Loc31 Loc14 Loc80 Loc72 Loc63 Loc63 Loc80 Loc14 Loc31 Loc48
32
Loc17 Loc2 Loc30 Loc4 Loc17
Loc11 Loc5 Loc11
Loc70 Loc35
Loc20 Loc19 Loc12 Loc16 Loc20
Loc82 Loc29 Loc7
Loc78 Loc18
Loc39 Loc9 Loc39
Loc3 Loc24 Loc46 Loc10 Loc32 Loc3
Loc38 Loc15 Loc26 Loc38
Loc52 Loc41
Loc6 Loc22 Loc6
Loc72 Loc13 Loc44
Loc87 Loc34
Loc0 Loc0
Loc1 Loc1
Loc8 Loc8
Loc14 Loc14
Loc21 Loc21
Loc23 Loc23
Loc25 Loc25
Loc27 Loc27
Loc28 Loc28
Loc31 Loc31
Loc33 Loc33
Loc36 Loc36
Loc37 Loc37
Loc40 Loc40
Loc42 Loc42
Loc43 Loc43
Loc45 Loc45
Loc47 Loc47
Loc49 Loc49
