Horse0 Poop43 Floppy64 Breakfast19 Soda57 Settings94 Towel16 Breakfast42 Running77 Water52 Laptop36 Allergies4 Ice30 Prints23 Website29 Shelf25 Whale22 Crab78 Book41 Male84 Leash68 Kitty92 Water66 Towel12 Shoe87 Urine50 Printer75 Allergies54 Printer75 Shoe87 Kitty92 Leash68 Male84 Male84 Crab78 System90 Comics49 Dislike21 Rollers34 Websites17 Websites17 Rollers34 System90 System90 Shelf25 Website29 Prints23 Ice30 Allergies4 Laptop36 Breakfast42 Towel16 Settings94 Soda57 Breakfast19 Towel28 Towel28 Whale59 Ring45 Floppy40 Website24 Mail88 Mail88 Body99 Water83 Dislike70 Dislike70 Water83 Body99 Floppy40 Ring45 Whale59 Whale59
32
Website24 Robot9 Towel37
Shower11 Printer53 Shower11
Poop43 Settings5
Running77 Solar58 Flowers98 Towel35 Running77
Water52 Cat13 Water52
Whale22 Bird82 Whale22
Water66 Rollers48 Bird93 Water66
Towel12 Floppy63 Toilet20
Urine50 BBQ86
Allergies54 Monster71 Monster39
Book41 Kitty14 Book41
Comics49 Dislike51 Post61 Comics49
Dislike21 Plus62 Shower15 Websites81 Ice38
Floppy64 Horse55
Horse0 Breakfast74
Websites17 Websites17
Male84 Male84
Ring45 Ring45
Allergies4 Allergies4
Ice10 Ice10
Rollers34 Rollers34
Leash68 Leash68
Breakfast19 Breakfast19
Ring97 Ring97
Allergies3 Allergies3
Soda57 Soda57
Towel16 Towel16
Whale59 Whale59
Ice30 Ice30
Shelf25 Shelf25
Prints23 Prints23
Mail88 Mail88
