Shelf0 Toolbox153 Ring169 Puppy140 Mail22 Toolbox147 Male149 Male149 Puppy140 Robot134 Android196 Ice198 Towel92 Poop5 Robot164 Whale114 Nuclear65 Nuclear65 Whale114 Robot164 Poop5 Bird43 Post158 Whale126 Clock61 Whale31 Shower57 Sink109 Fusion131 Allergies106 Settings75 Flowers178 Shoe111 Dislike27 Book24 Ice41 Solar59 BBQ167 Hnads182 Hnads182 BBQ167 Bird11 Bird11 YouTube199 Shoe17 Body180 Rollers173 Boat67 Shoe174 Elevator115 Toilet191 Horse26 Water21 Ring60 Solar71 Websites94 Websites193 Websites193 Rollers63 Rollers63 Ring60 Ring60 Water21 Horse26 Elevator115 Shoe174 Rollers173 Sink96 Elevator120 Allergies176 Dislike143 Towel154 Leash136 Puppy133 Drugs39 Hnads116 Running177 Drugs195 System79 Running66 Cat70 Rollers42 Kitty138 Soda119 Solar192 Clock145 Water29 Laptop125 Kitty98 Rollers95 Water135 Dog101 Boat141 Leash77 Poop150 Laptop69 Nuclear18 Solar159 Toolbox72 Comics113 Book171 Solar130 Allergies23 Fusion179 Monster73 Monster73 Fusion179 Allergies23 Solar130 Comics113 Toolbox72 Dog128 Solar162 Solar162 Dog128 Nuclear18 Leash77 Boat141 Crab83 Soap64 Soap64 Crab83 Water135 Rollers95 Kitty98 Laptop125 Water29 Clock145 Solar192 Soda119 Kitty138 Rollers42 Running66 System79 Drugs195 Running177 Hnads116 Drugs39 Puppy133 Leash136 Towel154 Dislike143 Allergies176 Elevator120 Sink96 Rollers173 Body180 Shoe17 YouTube199 Book24 Dislike27 Dislike27 Shoe111 Flowers178 Plus112 Ice50 Allergies7 Toolbox10 Comics105 Kitty89 Crab81 Crab81 Nuclear35 Rollers14 Ring161 BBQ36 BBQ36 Ring161 Rollers14 Nuclear35 Comics105 Allergies7 Plus112 Flowers178 Settings75 Allergies106 Fusion131 Shower57 Clock61 BBQ172 Mail6 Body55 Clock2 Puppy117 Ice165 Ice165 Puppy117 Clock2 Body55 BBQ172 Post158 Bird43 Trees68 Sink157 Sink157 Trees68 Ice198 Robot134 Puppy140 Ring169 Ring169 Toolbox153
75
Mail22 Allergies103 Mail22
Toolbox147 Urine124 Ring82 Whale137
Android196 Dog168 Android196
Towel92 Comics107 Monster175 Towel92
Whale31 Printer188
Sink109 Shower47 Sink109
Solar59 Soda197 Kitty194 Plus78
Boat67 Soap58 Dislike12 Boat67
Toilet191 Dog181
Websites94 Plants118 Fusion34 Poop80
Solar71 Breakfast85 Solar71
Cat70 Cat15
Dog101 Allergies88 Websites4
Poop150 Robot93 Poop150
Book171 Toilet13 Light30 Book171
Solar159 Website190
Laptop69 System156
Ice41 Robot51 Laptop19 Ice41
Ice50 Urine97
Toolbox10 Horse148
Kitty89 Urine20 System183 Kitty89
Mail6 Water38 Mail6
Whale126 Poop76 Whale126
Shelf0 Toolbox146
Crab83 Crab83
Post158 Post158
Drugs39 Drugs39
Shelf40 Shelf40
Leash77 Leash77
Laptop125 Laptop125
Ice9 Ice9
Towel154 Towel154
Settings75 Settings75
Body55 Body55
Water135 Water135
BBQ36 BBQ36
Shoe174 Shoe174
Nuclear35 Nuclear35
Dislike143 Dislike143
Monster73 Monster73
Puppy117 Puppy117
Solar130 Solar130
Soda119 Soda119
Rollers95 Rollers95
Water29 Water29
Drugs195 Drugs195
Toolbox72 Toolbox72
Clock2 Clock2
Hnads116 Hnads116
Nuclear18 Nuclear18
Soap64 Soap64
Robot164 Robot164
Clock139 Clock139
Toolbox153 Toolbox153
Dislike27 Dislike27
Puppy140 Puppy140
Solar162 Solar162
Allergies176 Allergies176
Ice165 Ice165
Solar192 Solar192
Rollers14 Rollers14
Book24 Book24
Fusion104 Fusion104
Flowers178 Flowers178
Shoe17 Shoe17
Clock61 Clock61
Shoes8 Shoes8
Ring169 Ring169
Male149 Male149
Cat187 Cat187
Hnads182 Hnads182
Whale114 Whale114
Shower57 Shower57
System79 System79
Kitty98 Kitty98
