0 21 6 23 8 8 8 8 23 21 22 1 30 3 17 12 12 17 19 7 7 19 40 4 15 11 14 24 24 40 22 43 5 5 5 5 5 43
54
0 13 60 118 148 160 51 54 61 66 68 77 80 121 124 135 143 146 157
6 67 112 129 36 59 140 187
1 34 122 28 62 83 95 120 133 153 159
3 155 73 101 107 142 145 3
14 53 56
11 72
15 44
4 31 35 47 86
30 65 199 94 102 151
2 2
5 5
7 7
12 12
19 19
22 22
24 24
43 43
69 69
162 162
163 163
164 164
165 165
166 166
167 167
168 168
169 169
170 170
171 171
172 172
173 173
174 174
175 175
176 176
177 177
178 178
179 179
180 180
181 181
182 182
183 183
184 184
185 185
186 186
188 188
189 189
190 190
191 191
192 192
193 193
194 194
195 195
196 196
197 197
198 198
