hdpxs wbvga pbqlk whqrj pwydx osxbc cihba dncuw iwpol nzirf awhmz jrghb hoxir uakjq eatck swpdc oclyb gdovn wcjeg zntkr tndwl sdqie jcqfl zadjy rjdai rmahk oaeyh oaeyh rmahk zadjy jcqfl sdqie tndwl zntkr gvfpj ndszt myxlw myxlw drojn pqzow qhvsb pgdnx kxmbi ynwvu wkbuf bfauz bfauz mhekz mhekz mhekz bfauz qpbmc ramjo kzwah mujil pihld yxjgq ostkf lvqun witul dsean hgzbc wajol qbdwz maqho aqoyk cxdfu yvbse pgqva olqfv olqfv armnk armnk btwzv laqzs nzack lnjxt ymcfp jhlus xscoe zqjxb uklga xeylf ebwcp bdevm aoqtg ehqyk yqfdk zcjqx fjdqi fjdqi oxuqn rzvtg ayrgb tjake xtzpg hulpb osvgp oewcd oewcd osvgp mkndy stflc rdoqk rdoqk stflc mkndy xtzpg ayrgb rzvtg oxuqn fjdqi zcjqx yqfdk ehqyk aoqtg bdevm ebwcp xeylf uklga qckjp wdquv lrqft tfcam tfcam uiogl fqjsk dkjro ohzfn iyuas egclu bwknx wotiq axthi axthi wotiq bwknx egclu iyuas ohzfn dkjro sxdiu crlfe hwmzn nqtru rlumh rlumh ekgsc yvfsg yvfsg hwmzn crlfe sxdiu qckjp uklga zqjxb xscoe jhlus bigwn yazqf lgcuf qhbyf glrpy glrpy glrpy qhbyf lgcuf yazqf bigwn lnjxt nzack laqzs btwzv armnk olqfv pgqva cxdfu aqoyk maqho qbdwz wajol hgzbc dsean witul lvqun ostkf pihld mujil kzwah ramjo qpbmc ynwvu kxmbi pgdnx qhvsb pqzow xlrzc kscoz jcwpu tivko joztf cxajk cxajk joztf tivko jcwpu kscoz xlrzc gvfpj zntkr wcjeg gdovn oclyb swpdc eatck qtdze utdhx qsmkj vcwfj lirzq htkwy frhgc lmwpk cgjda fairz sfizh cqsby kspyc jmahd pjzqm pjzqm jmahd kspyc cqsby sfizh fairz cgjda lmwpk frhgc lirzq vcwfj qsmkj utdhx qtdze hoxir jrghb awhmz nzirf iwpol osxbc pwydx txcno rchbw dwyai dwyai rchbw txcno pbqlk wbvga hdpxs
78
cihba wnelr cihba
dncuw oxitr
htkwy ahnds htkwy
uakjq bsvth
rjdai qhibx mtcsd rjdai
drojn evtgj drojn
wkbuf kjihy gufvs syoxv wkbuf
yxjgq aedvq xcvow
tjake bkfuc tkwle ypdnb mhuad tjake
hulpb cxdes syoxf
uiogl ktzce uiogl
fqjsk vgwoi
nqtru mlibf nqtru
ekgsc tmwdy gstwp
lrqft xnpwq
wdquv rjuxc wdquv
ymcfp yqtob dbjxw ymcfp
yvbse gdnim evsbm yvbse
ndszt vobqh
whqrj amfiz
sxdiu sxdiu
qpbmc qpbmc
uklga uklga
maqho maqho
mujil mujil
fjdqi fjdqi
xlrzc xlrzc
bdevm bdevm
ayrgb ayrgb
lnjxt lnjxt
armnk armnk
zqjxb zqjxb
yqfdk yqfdk
ohzfn ohzfn
jcwpu jcwpu
wotiq wotiq
joztf joztf
pytwh pytwh
tndwl tndwl
stflc stflc
wajol wajol
kscoz kscoz
pgqva pgqva
btwzv btwzv
utdhx utdhx
dkjro dkjro
frhgc frhgc
osvgp osvgp
qckjp qckjp
lmwpk lmwpk
rlumh rlumh
qbdwz qbdwz
zcjqx zcjqx
yazqf yazqf
iyuas iyuas
zntkr zntkr
jhlus jhlus
ebwcp ebwcp
bwknx bwknx
cqsby cqsby
kzwah kzwah
oewcd oewcd
rchbw rchbw
oaeyh oaeyh
cxajk cxajk
pihld pihld
lpudv lpudv
qsmkj qsmkj
mhekz mhekz
vcwfj vcwfj
ehqyk ehqyk
gdovn gdovn
hwmzn hwmzn
oxuqn oxuqn
wcjeg wcjeg
rzvtg rzvtg
osxbc osxbc
qhvsb qhvsb
