hutmk omjfc dowbf yaxts ablxw rlfxc zbawl aflzx lnfiu csirk csirk lnfiu aflzx zbawl rlfxc kwgic akxro akxro kwgic yaxts dowbf omjfc uxtfk ugyls yzaje htfom rvhjg tqiky fswhz lsnhz mlfbi nhaik obwid nihqv misyc snlmb qdbec ekogd groqz nqtby nqtby groqz ekogd qdbec snlmb xeljy efjns ijofp ijofp efjns efjns efjns xeljy nihqv obwid nhaik oscrv lskxo xintv xintv lskxo oscrv lsnhz fswhz tqiky rvhjg htfom yzaje ejrpc lcghr tiyfv zsehb tyuep cursl cursl tyuep zsehb tiyfv lcghr dvkfe ybtpq vmgxh ofjku artvi abupm mzlsn spehv ynfag gizud spuoi kbshp kcley qtmld qtmld kbshp spuoi gizud ynfag spehv mzlsn abupm artvi ofjku bquaw ounwr cgrwy axmwy aqzce tejxc jrfin xpyfh krhxf krhxf xpyfh jrfin tejxc aqzce axmwy uaicq uaicq ounwr bquaw ofjku vmgxh ybtpq dvkfe yzaje ugyls uxtfk omjfc qtcla edkrj hkdrv guxio cjfpu pyjhz nohqc ejulp ejulp ejulp nohqc pyjhz cjfpu guxio hkdrv edkrj qtcla
30
ablxw aeomh gxdqt ablxw
mlfbi coubd mlfbi
misyc bcrwj ijvuq ywion urlkt misyc
ejrpc xnysi
kcley vczkh ugamb
cgrwy qdzgs hopbn
hutmk yiodb otirh
oscrv oscrv
lcghr lcghr
aqzce aqzce
mzlsn mzlsn
zsehb zsehb
tyuep tyuep
yzaje yzaje
lnfiu lnfiu
cursl cursl
omjfc omjfc
xintv xintv
rlfxc rlfxc
artvi artvi
vmgxh vmgxh
ugyls ugyls
tejxc tejxc
xeljy xeljy
yaxts yaxts
spuoi spuoi
dowbf dowbf
lsnhz lsnhz
axmwy axmwy
ijofp ijofp
