Hayward Asheville Norman Allentown Springdale Cambridge Carrollton Downey Atlanta PuntaGorda Wilmington Winston Hickory Trenton Murfreesboro Yonkers Murfreesboro Trenton Wilmington Washington LakeCharles Irvine NewOrleans SaintLouis SanJose DalyCity NewBedford York York NewBedford DalyCity SanJose Irvine LakeCharles Washington Wilmington Carrollton Cambridge Allentown Norman
28
Hayward SantaClara
Asheville Bloomington Deltona CedarRapids Asheville
Springdale Torrance Newark Charlotte Springdale
Downey SaintPaul Downey
Atlanta GrandRapids Danbury NewYorkCity Atlanta
PuntaGorda ThousandOaks SantaCruz PuntaGorda
Winston Memphis PalmBay McAllen Bakersfield Tampa
Hickory Tyler HuntingtonBeach Hickory
Yonkers Waterloo Barnstable Yonkers
NewOrleans Chicago Waco
SaintLouis Harlingen Monroe
Tucson Tucson
Burbank Burbank
McHenry McHenry
Omaha Omaha
Topeka Topeka
BelAir BelAir
Aurora Aurora
LakeCharles LakeCharles
Bradenton Bradenton
RichmondCounty RichmondCounty
Modesto Modesto
Huntsville Huntsville
Durham Durham
Kennewick Kennewick
NewBedford NewBedford
York York
Hampton Hampton
