Hayward Shreveport Seaside CapeCoral Gastonia Hampton Bryan Lubbock CostaMesa VeroBeach Stamford Marysville Marysville Stamford Stamford OverlandPark KansasCity Houston Jefferson Warren York Reno Reno York Warren Jefferson Houston CostaMesa Bakersfield SouthBend Fullerton Duluth ElPaso ElPaso Detroit BoiseCity Harrisburg HuntingtonBeach HuntingtonBeach Arvada Wilmington Vancouver Boston SterlingHeights Boston Wilmington BoiseCity SouthBend Bakersfield CostaMesa Melbourne Oxnard Anaheim Eugene Fitchburg Waterbury Waterbury Fitchburg Melbourne Melbourne Melbourne Melbourne Melbourne Melbourne Melbourne Melbourne Melbourne Escondido Burlington Norwalk Huntsville ThousandOaks Cambridge Huntsville Kissimmee Marina Kissimmee Huntsville Hayward
57
Shreveport NorthLasVegas Bethlehem
CapeCoral Bloomington CapeCoral
Gastonia Laredo
Hampton Newark
Bryan Mobile Birmingham
Lubbock CorpusChristi Savannah CathedralCity Lubbock
Torrance Hialeah Torrance
Anaheim Norwich SiouxFalls Anaheim
Eugene LakeCharles Boise Eugene
Oxnard Newburgh Oxnard
VeroBeach SantaClara LasVegas Layton
OverlandPark Greenville Utica Fresno Louisville OverlandPark
PembrokePines Pueblo Elkhart
Poughkeepsie Deltona
KansasCity Racine Ogden
Fullerton Barnstable Hagerstown Flint Omaha Fullerton
Duluth GrandRapids JohnsonCity Duluth
Detroit McAllen Detroit
Arvada Nashua Arvada
SterlingHeights Charlotte Spartanburg Harlingen
Vancouver Aberdeen Vancouver
Harrisburg Scranton
Escondido Tucson Kalamazoo Mesquite Cincinnati RoundLakeBeach StLouis
Burlington NewYorkCity Burlington
Norwalk NewBedford
ThousandOaks Olympia ThousandOaks
Cambridge PalmBay Plano
Marina Frederick RichmondCounty Lacey Marina
Seaside Modesto GreenBay
PuntaGorda PuntaGorda
Tyler Tyler
Albuquerque Albuquerque
NewportNews NewportNews
HavredeGrace HavredeGrace
Topeka Topeka
Anchorage Anchorage
Salem Salem
Downey Downey
SanBuenaventura SanBuenaventura
Hemet Hemet
Waterbury Waterbury
Stamford Stamford
Henderson Henderson
HuntingtonBeach HuntingtonBeach
Huntsville Huntsville
Columbus Columbus
Marysville Marysville
Bakersfield Bakersfield
Monroe Monroe
ElPaso ElPaso
Kissimmee Kissimmee
Hartford Hartford
Champaign Champaign
SaintPaul SaintPaul
York York
Scottsdale Scottsdale
Melbourne Melbourne
