AndyandZeyu c j j j b2 AndyandZeyu2 d2 c2 i2 e2 f2 f2 e2 i2 c2 d2 b2 b4 i4 i4 i4 b4 AndyandZeyu7 j6 c7 b7 h7 d7 e7 e7 d7 h7 b7 c7 AndyandZeyu7 b9 i9 i9 i9 b9 AndyandZeyu12 j11 c12 b12 h12 d12 e12 e12 d12 h12 b12 c12 AndyandZeyu12 b14 i14 i14 i14 b14 AndyandZeyu17 j16 c17 b17 h17 d17 e17 e17 d17 h17 b17 c17 AndyandZeyu17 h1 b1 AndyandZeyu1 AndyandZeyu1 h1 g6 AndyandZeyu6 AndyandZeyu6 AndyandZeyu6 g6 g11 AndyandZeyu11 AndyandZeyu11 AndyandZeyu11 g11 g16 AndyandZeyu16 AndyandZeyu16 AndyandZeyu16 g16 f3 d3 g3 g3 g3 g3 d3 f3 g8 f8 j8 j8 c8 c8 g8 g13 f13 j13 j13 c13 c13 g13 g18 f18 j18 j18 c18 c18 g18 f0 b0 i0 AndyandZeyu0 AndyandZeyu0 AndyandZeyu0 i0 b0 e5 AndyandZeyu5 h5 j4 j4 j4 h5 AndyandZeyu5 e10 AndyandZeyu10 h10 j9 j9 j9 h10 AndyandZeyu10 e15 AndyandZeyu15 h15 j14 j14 j14 h15 AndyandZeyu15
42
c g i
AndyandZeyu f h g2 f4 h4 g4 f7 i8 f9 h9 g9 f12 i13 f14 h14 g14 f17 i18 j5 h6 j10 h11 j15 h16 g1 j3 h3 i3 f6 f11 f16 j1 i6 i11 i16
AndyandZeyu2 h2 j2
j6 g7 i7 j6
j11 g12 i12 j11
j16 g17 i17 j16
b1 f1 i1
f8 j7 h8 f8
f13 j12 h13 f13
f18 j17 h18 f18
f0 g0 j0 h0 f0
e5 f5 i5 g5
e10 f10 i10 g10
e15 f15 i15 g15
j j
i0 i0
h1 h1
f2 f2
i2 i2
f3 f3
g3 g3
i4 i4
j4 j4
h5 h5
g6 g6
h7 h7
g8 g8
j8 j8
i9 i9
j9 j9
h10 h10
g11 g11
h12 h12
g13 g13
j13 j13
i14 i14
j14 j14
h15 h15
g16 g16
h17 h17
g18 g18
j18 j18
