1efe0a ca77e1 9e3235 8037ff 1cb432 ccf3af efb6f6 6d606b db0cb2 2a53b1 bc446f bc446f 2a53b1 e43f08 bf356c 63e726 640320 bd00fb bd00fb 640320 63e726 bf356c e43f08 6d606b 7c84e0 ab3e86 ab3e86 388a48 1aef1d 909532 6d8fd3 6d8fd3 e99176 ff448b aeb965 aeb965 e17800 c0df7c 444f08 d1ae8e d1ae8e 444f08 c0df7c 7a569b ca245c 83454a 9fb27b 7b04f8 d4f94d fc6ab6 ef9cce 1c3716 e758e6 e758e6 ef9cce fc6ab6 d4f94d 7b04f8 83454a ca245c 7a569b e99176 6d8fd3 909532 909532 1aef1d 6d606b efb6f6 ccf3af 1cb432 8037ff ca77e1 8f3f65 70d79e 76bb8e 3efbbd 9b8a2b 3d2176 3d2176 3efbbd 76bb8e 70d79e 8f3f65
36
9e3235 390b11 de59c9 b9fcab bf7494 9e3235
db0cb2 20ec85 8903f8 3c1987
7c84e0 363906
388a48 1aedf0 5b1cb0
ff448b bb4650 22b74c 75b2ff ff448b
e17800 a3ccd4 e17800
9fb27b 22f6f5
1c3716 940b78 98b7f9 1c3716
9b8a2b 444533
1efe0a d36b6f 194181
ab6081 ab6081
8035d3 8035d3
bf356c bf356c
ccf3af ccf3af
e758e6 e758e6
efb6f6 efb6f6
bd00fb bd00fb
76bb8e 76bb8e
909532 909532
d4f94d d4f94d
6d606b 6d606b
c0df7c c0df7c
525361 525361
6d8fd3 6d8fd3
ae5d4a ae5d4a
a4f7ab a4f7ab
ef9cce ef9cce
518f91 518f91
e99176 e99176
444f08 444f08
d1ae8e d1ae8e
770b7a 770b7a
83454a 83454a
c845ed c845ed
fc6ab6 fc6ab6
640320 640320
