7f5b7c 1aa96e f045e7 f8aa7c bce3c7 358d70 a13b39 6b1e31 2193d2 2193d2 578691 578691 a13b39 f5615a a670a6 c909c3 245ea2 e52589 3fd048 daa044 20a361 20a361 daa044 e52589 c909c3 a670a6 f5615a 51a295 51a295 a3eeb9 a3eeb9 c23933 d3c749 f4756e 1e408a 1e408a f4756e d3c749 c23933 f8aa7c b8c246 957ec9 2e6ab4 3303e1 b535fa b535fa b535fa 3303e1 2e6ab4 957ec9 60fc1d 10f84c e0f7dc 4c44ba 118ab6 118ab6 4c44ba 6fe679 ce509a 32669e 6d23c4 4188fa 69edcb 4188fa 6d23c4 32669e 4eb2aa 536b21 51c628 4e5c32 672a1c 2b057c 7360bb b4b2c3 b4b2c3 7360bb 2b057c 672a1c b249a2 d9c8ba d9c8ba d9c8ba b249a2 51c628 cf04cd 9f9c4d e8c504 541622 3292c4 165d0c 36075f 36075f 165d0c 3292c4 541622 c30788 c30788 cf04cd 51c628 4eb2aa 32669e 32669e 9c5717 70482f 758ebc e2665a bc8350 bc8350 d83335 d83335 70482f 9c5717 9c5717 6fe679 6fe679 10f84c 60fc1d 97fa28 2ca5eb a314be 8bacbb cb23fe a3eab6 d9abe3 bb543d 2c60cc 852215 852215 2c60cc d9abe3 d9351e 52d817 3dc79c 3dc79c 49e8c7 73865c 73865c dfba28 dfba28 d5f5c5 d5f5c5 d9abe3 a3eab6 cb23fe cb23fe 8bacbb 736bd5 d12aea d12aea 736bd5 2ca5eb 97fa28 60fc1d f8aa7c f045e7 2ffab6 a1b647 a1b647 2ffab6
65
245ea2 f88a12
3fd048 dd5707 19246a b2fa06
6b1e31 a08830 d597c1
358d70 e78120 358d70
bce3c7 9fdbc5 e45544 974c48
b8c246 ff603d fece60
e0f7dc 645a0c e0f7dc
ce509a e60044 20427f 3df71a ce509a
69edcb 4749d0 18ff59
4e5c32 86af3a f742a0 fd25f7 98bf31 4e5c32
e8c504 2c8bdc a51200 9b10ed a6d0cb e8c504
9f9c4d a85abe
536b21 99ac94 536b21
758ebc 537a83 b9c2f4
e2665a 1c61d3 626470 e2665a
a314be 3fc5b0 8c6c80 4459c3 3b9bcd 6281fb a314be
bb543d 89bc09 ef8230
52d817 14c5c6
49e8c7 36cc15 293f59 b04992
d9351e a21b15 d9351e
1aa96e 73dd80 1aa96e
7f5b7c 22ad29
32669e 32669e
853e4b 853e4b
a3eeb9 a3eeb9
4c44ba 4c44ba
2193d2 2193d2
3dc79c 3dc79c
1e408a 1e408a
541622 541622
dfba28 dfba28
f4756e f4756e
97fa28 97fa28
10f84c 10f84c
9c5717 9c5717
3292c4 3292c4
cf04cd cf04cd
bc8350 bc8350
e0f00d e0f00d
6ced94 6ced94
a670a6 a670a6
2f9755 2f9755
d9abe3 d9abe3
957ec9 957ec9
578691 578691
6d23c4 6d23c4
f5615a f5615a
d5f5c5 d5f5c5
11021c 11021c
2e6ab4 2e6ab4
73865c 73865c
a3eab6 a3eab6
4188fa 4188fa
e52589 e52589
d83335 d83335
4eb2aa 4eb2aa
f045e7 f045e7
d12aea d12aea
a1b647 a1b647
2ffab6 2ffab6
a40dde a40dde
2b057c 2b057c
70482f 70482f
b535fa b535fa
852215 852215
