0 199 190 199 0 1 2 3 4 5 6 6 5 4 3 2 19 20 32 42 43 51 52 54 54 62 63 64 65 73 75 88 90 104 104 105 106 107 112 121 126 127 128 129 130 137 138 147 148 149 150 156 157 169 169 173 174 175 175 179 179 183 183 173 162 162 156 150 149 148 138 139 130 129 128 127 126 107 106 105 104 88 89 88 74 65 64 63 43 42 19 0
28
190 192 194 198
1 7 17 15
20 25 30
32 33 23 44
52 53 56
73 72
75 86 87
112 108 114 120
121 124
147 154
157 168 158 163 172
174 176 178 182 186
137 136
139 142 146
90 99
89 91 101 94
74 76 83
62 67
51 40 48
2 2
4 4
42 42
54 54
64 64
105 105
127 127
130 130
148 148
