MHnVCXOJJwOI dKDljXfjimQu KKNtdnAHmUpc SPoMbAzxrqrj IhlWYkABMGAA DzynwWJrrvdk wqtmadANCdBE svpVoYHpEpjH YjcHSWuOcQIw ECMlxrWZECRR QvZmZiRVxtKV QvZmZiRVxtKV KhOySTFpTHBN KhOySTFpTHBN YjcHSWuOcQIw AZrILCuGwbtV FghBNnxlptiY PaWasRDhTGLg bVDkAfQbeTmx bVDkAfQbeTmx crcFIKqbaYTC GLfJulJDWdHA GLfJulJDWdHA RWoTZCNhceUR RWoTZCNhceUR GLfJulJDWdHA GLfJulJDWdHA crcFIKqbaYTC jmWqilJNXyuV UAhLDhBNYkFI oClepMbylsqk GoPPViXuIoMW phTlHtTwrYOU phTlHtTwrYOU GoPPViXuIoMW GJubAWGDHDpt jUXDlSgJaReC jUXDlSgJaReC GJubAWGDHDpt jmWqilJNXyuV FghBNnxlptiY AZrILCuGwbtV YjcHSWuOcQIw svpVoYHpEpjH wqtmadANCdBE IhlWYkABMGAA SPoMbAzxrqrj KKNtdnAHmUpc
19
MHnVCXOJJwOI UvfnFwkwYqFk
DzynwWJrrvdk YfpLHnDpSXzc
PaWasRDhTGLg YbGvPudTcbyh SJPfUQrbAbqM PCNGxUSnzrYJ cXYRsTNMJDHO
oClepMbylsqk ilCjMogPnNTK FhVNapbaoZOZ oClepMbylsqk
UAhLDhBNYkFI JCPkGQQBkgge
ECMlxrWZECRR NkzUoyRYPnbb ltlOmMSvjmIL
dKDljXfjimQu NmmqQKqzdERM
svpVoYHpEpjH svpVoYHpEpjH
AZrILCuGwbtV AZrILCuGwbtV
SPoMbAzxrqrj SPoMbAzxrqrj
KKNtdnAHmUpc KKNtdnAHmUpc
jmWqilJNXyuV jmWqilJNXyuV
MlFqcqjWiUdI MlFqcqjWiUdI
phTlHtTwrYOU phTlHtTwrYOU
bVDkAfQbeTmx bVDkAfQbeTmx
crcFIKqbaYTC crcFIKqbaYTC
RWoTZCNhceUR RWoTZCNhceUR
GLfJulJDWdHA GLfJulJDWdHA
GoPPViXuIoMW GoPPViXuIoMW
