MfdzFvsdGbvl AGbRQRBgaOdX MkUBuIisCVpZ FBJfxxErGDSJ AMizjBPjmCZd nOAOIuLzBRCw mFYKjQfCsRtT QifLRRQkbeZy deJmWrylVSGK CuwogbndJgoN hypFtIVCahEe PnbamVANEguC PnbamVANEguC CuwogbndJgoN deJmWrylVSGK NlmuUUVQUbgI LkEUjKFNAyBd SojgLCNtJNvq SojgLCNtJNvq LkEUjKFNAyBd mghmklyBsbHa BxGViQLocTbz pQCFwcmaYfTN noaMakAlHdwq noaMakAlHdwq noaMakAlHdwq OxOMbLimJOmd sHmvjcbScYOJ tuAWqVDVesZP tuAWqVDVesZP sHmvjcbScYOJ OxOMbLimJOmd BxGViQLocTbz BxGViQLocTbz NtVMseWKItey mtRsLIzrlNLu BkcPMTugAswL BkcPMTugAswL mtRsLIzrlNLu rVqgoVgUmLRB UUfgFbkMxjKZ arcJTkwUqbUy arcJTkwUqbUy UUfgFbkMxjKZ rVqgoVgUmLRB FwMUcwhoFAni aBJRRPhsiAKx aBJRRPhsiAKx FwMUcwhoFAni dFUHctNjrywb MLnLJmQHwuOS ZjfLZjjegWJT pWbJtVdThhym rrRAqFcoDYfk jQrllEpFyFwz jBrNTBMPxyQD jBrNTBMPxyQD rrRAqFcoDYfk IHnRSACwPeSd IHnRSACwPeSd dFUHctNjrywb mFYKjQfCsRtT nOAOIuLzBRCw AMizjBPjmCZd ByOIdNUscaaI lFgwKopYqWSC lFgwKopYqWSC ByOIdNUscaaI MkUBuIisCVpZ AGbRQRBgaOdX MfdzFvsdGbvl
33
QifLRRQkbeZy VyXrTLUcizAa PQTqeEtJjrHq tywOQDwDhjwZ QifLRRQkbeZy
MLnLJmQHwuOS hLGIbMiwjPgd QHpWWcCYavdw MLnLJmQHwuOS
jQrllEpFyFwz MOpktZzuQRCH
pWbJtVdThhym VARFNCcqfgIc
ZjfLZjjegWJT GemeldahvdVv RICmsRCgzRsB ZjfLZjjegWJT
hypFtIVCahEe buqjmAINqGzN
NlmuUUVQUbgI ymJllvoAiAsf NlmuUUVQUbgI
NtVMseWKItey DFscNnuMhxUC UVLyMXgqTFaJ uFHfCerNFIme SgyAcloZDNJV plKUVNXwKfVb
pkzKsTORVYro GKWfMfVZxbJi pkzKsTORVYro
mghmklyBsbHa EoEdLMroSPNp
pQCFwcmaYfTN DvRTDyBMOCbT PvZWLvSzyZfH hCxjbMrSlUJQ BbyhqvohDUZK pQCFwcmaYfTN
FBJfxxErGDSJ axLiuEEXvnsQ
rVqgoVgUmLRB rVqgoVgUmLRB
noaMakAlHdwq noaMakAlHdwq
dDFWxTbuPymh dDFWxTbuPymh
rrRAqFcoDYfk rrRAqFcoDYfk
PUcvIgREsriS PUcvIgREsriS
TbekQRoKcInv TbekQRoKcInv
arcJTkwUqbUy arcJTkwUqbUy
MkUBuIisCVpZ MkUBuIisCVpZ
AMizjBPjmCZd AMizjBPjmCZd
FCrKCfVsEsBk FCrKCfVsEsBk
mFYKjQfCsRtT mFYKjQfCsRtT
dFUHctNjrywb dFUHctNjrywb
PnbamVANEguC PnbamVANEguC
GuSSYBNHDbKE GuSSYBNHDbKE
jBrNTBMPxyQD jBrNTBMPxyQD
deJmWrylVSGK deJmWrylVSGK
mtRsLIzrlNLu mtRsLIzrlNLu
AGbRQRBgaOdX AGbRQRBgaOdX
SojgLCNtJNvq SojgLCNtJNvq
BkcPMTugAswL BkcPMTugAswL
IHnRSACwPeSd IHnRSACwPeSd
