IvOdahrtFwzZ WUqhotrexTBp hzeJgpwlnaPA sTgUExIipvWV RGYiIUdVAiVL YGzazHdyrGCd gJMLzBkWmUoV WWtfhwMSzfGW WWtfhwMSzfGW aSwTAVmQLJow zOkfhFVfOKVi VNEqJngxzCUO VNEqJngxzCUO aSwTAVmQLJow YGzazHdyrGCd IfTQNEFsiTgr uZQOmtLXDMXl LdhPogfUCfUq RsVDBpPbAfPa jXgKDXnEJsra etjGizhQhrRW MaGBJGHdxMeh MaGBJGHdxMeh ybLCwZqVZKud QxNjgiXciQma dLJIzYxbuChF dLJIzYxbuChF QxNjgiXciQma ybLCwZqVZKud jXgKDXnEJsra RsVDBpPbAfPa LdhPogfUCfUq uZQOmtLXDMXl IfTQNEFsiTgr YGzazHdyrGCd pjemGRILnFei pjemGRILnFei sTgUExIipvWV PFpQuVVRxbvV BujzcwTOtypK iCJxwFELfPya sFSBpaJxLpBT TZmWJenJbEsV YyCbFndgmpDL AoaIXEzdsCrm mvdksSctoMVi mvdksSctoMVi AoaIXEzdsCrm YyCbFndgmpDL TZmWJenJbEsV ZPYnROAizafx wHeDieHMYzAK ZPYnROAizafx etbjZlqcYdPF ijesYrTHxMcg kzPlYxPdIHVo ypApeqMQPnQA ypApeqMQPnQA kzPlYxPdIHVo etbjZlqcYdPF ZPYnROAizafx AuldkFyUpsYo ynBAbhbIrUei TKKLChjfijhn cQMSBGdRWmjB xIUhUxhCILsJ EKWhDcEeEkGK awuknolWPSuP awuknolWPSuP FoZLfdSCJZDk lIUKVwoOnEyc zypYDSZfKAvD SnErwRYEuFXf ygJsJPbdLfFP ygJsJPbdLfFP EUIZeYDuGKec cwlLlHKYSHkG qxhFFIUEfnzV qxhFFIUEfnzV qxhFFIUEfnzV EUIZeYDuGKec zypYDSZfKAvD lIUKVwoOnEyc FoZLfdSCJZDk xIUhUxhCILsJ xPYMCFkusDSL UHctRHiZQkpZ WUHzPIhaINNz tkrkUtkDqJLy lRgeGnDJBtMa nyTRNDRCsANl lRgeGnDJBtMa PwUziuAPbAPX PwUziuAPbAPX idefWDKaqcyp ocysUjOwnenm ocysUjOwnenm idefWDKaqcyp UHctRHiZQkpZ xPYMCFkusDSL xIUhUxhCILsJ zcAOlsVDUDkc zcAOlsVDUDkc JNoAmCxHcsYw FLSRuaDcxhdD FLSRuaDcxhdD jXOmYlZmvqnI KpiCGGuakHIr OBeTLVdzIcuJ OBeTLVdzIcuJ jXOmYlZmvqnI FLSRuaDcxhdD JNoAmCxHcsYw AJnswnydWveO TglqUXfjbefC TglqUXfjbefC BujzcwTOtypK sTgUExIipvWV sTgUExIipvWV cpNycWVdmzHJ mZUBOQTZyXOM xogpFjQUGEgg HEwqlaeMfSzl tARvBeqQDqSY fiHhqLtPfdZy fiHhqLtPfdZy tARvBeqQDqSY HEwqlaeMfSzl xogpFjQUGEgg vkOqMvrCUWYf DarYoJPRvpJy DarYoJPRvpJy vkOqMvrCUWYf LpugZyvqxfmq LpugZyvqxfmq WUqhotrexTBp fblrDraNAUxK qMdmyWbGDdGe qMdmyWbGDdGe oOIjuHJcVRiV AEFrBHnTsTIs FenKhdsiadPr nxbMBCPhfQij yFQWQWtUUMle kBTyfVdYeRhI kBTyfVdYeRhI YIFfrMiRNqqd hPSXtHMMyKAK NxxrxPgsnMqG EOKLHvbbCToE vYrcfWFBiWlY vYrcfWFBiWlY EOKLHvbbCToE vfHFyZGRGvFq XfSacrjXjxeP XfSacrjXjxeP PiGAjicuPBgs vRfpxkfTkxRJ WnABnktZDxMx WHSGrQQrrotE KxsKsdmykxTa RfMVccrsgetv BdgcPRHAevMd BdgcPRHAevMd RfMVccrsgetv WHSGrQQrrotE WnABnktZDxMx vRfpxkfTkxRJ PiGAjicuPBgs hPSXtHMMyKAK YIFfrMiRNqqd YIFfrMiRNqqd touUfboeiIya OaFvNWZuTHit OaFvNWZuTHit touUfboeiIya VZiXnxYZQNVo VZiXnxYZQNVo AEFrBHnTsTIs oOIjuHJcVRiV qMdmyWbGDdGe fblrDraNAUxK
67
etjGizhQhrRW nlzJUuBrsbXD QZQElPdcHxru
gJMLzBkWmUoV NMSHhfMtAJZb gJMLzBkWmUoV
zOkfhFVfOKVi UYTxhnOtiPHB EwXugPkGUVkm zOkfhFVfOKVi
RGYiIUdVAiVL RQBxIsRWzmfl RGYiIUdVAiVL
PFpQuVVRxbvV gkTmCiZxFrJw PFpQuVVRxbvV
sFSBpaJxLpBT ppfBOAvWYXyJ sFSBpaJxLpBT
wHeDieHMYzAK cQFNlImsTWTM oKIKkmsSWzmH wHeDieHMYzAK
ijesYrTHxMcg PKHkuTHeRXhO nschEYWjrAsr
iCJxwFELfPya yHOsEGOhjOLt
KpiCGGuakHIr qFGlIHDqKyPA UGahWpWtmUQn AQgpWBullbIi ubtvaUeVUfmV
ynBAbhbIrUei gXcuqckdTdIP
TKKLChjfijhn FkNlSGMBOUbz
cQMSBGdRWmjB qlMzHEurfTvO
EKWhDcEeEkGK dXlgwkdKhUmB IQvKLYGCcCbd EKWhDcEeEkGK
SnErwRYEuFXf IcNVObbuvzWY AhJBAeSEuUkL
cwlLlHKYSHkG YvLRANdegrdA ctZWqndwhbJm
nyTRNDRCsANl hLCSOZLNEdhX quZcTYtpBjSn nyTRNDRCsANl
tkrkUtkDqJLy uzYTzVwixczQ
WUHzPIhaINNz aXlcDzbXwAJW
AJnswnydWveO TTwdgXpOLyxF
AuldkFyUpsYo HVwGkspnDHbf
hzeJgpwlnaPA SKbQkQUhqQEt
mZUBOQTZyXOM WsLfQLsirtHk QDhUZstsJKtV mZUBOQTZyXOM
cpNycWVdmzHJ wXjNgGRCXYRl cpNycWVdmzHJ
nxbMBCPhfQij evRMhyiHKGXv XwPJYwaGcHxO nxbMBCPhfQij
yFQWQWtUUMle lznMKRYSMheH OIjApACwnyqG yFQWQWtUUMle
NxxrxPgsnMqG aSpDrTbKBytW JpwDMOwQmqOp NxxrxPgsnMqG
vfHFyZGRGvFq nKmMbiEuiffc GvyjKkGcUdcI
KxsKsdmykxTa QFfSmYtuSTPl WRiugWLCujBI
FenKhdsiadPr DiKlonktcqTP
IvOdahrtFwzZ mgKEFEWheOqk zCWezcJmUGqs KtoZVrQmJWki LNoKVqXhLEzn
qxhFFIUEfnzV qxhFFIUEfnzV
jXOmYlZmvqnI jXOmYlZmvqnI
touUfboeiIya touUfboeiIya
fiHhqLtPfdZy fiHhqLtPfdZy
zypYDSZfKAvD zypYDSZfKAvD
ybLCwZqVZKud ybLCwZqVZKud
vkOqMvrCUWYf vkOqMvrCUWYf
TglqUXfjbefC TglqUXfjbefC
HEwqlaeMfSzl HEwqlaeMfSzl
WUqhotrexTBp WUqhotrexTBp
WHSGrQQrrotE WHSGrQQrrotE
TZmWJenJbEsV TZmWJenJbEsV
zcAOlsVDUDkc zcAOlsVDUDkc
IfTQNEFsiTgr IfTQNEFsiTgr
jXgKDXnEJsra jXgKDXnEJsra
xXoCKkdkKAne xXoCKkdkKAne
lRgeGnDJBtMa lRgeGnDJBtMa
fblrDraNAUxK fblrDraNAUxK
WnABnktZDxMx WnABnktZDxMx
AoaIXEzdsCrm AoaIXEzdsCrm
EOKLHvbbCToE EOKLHvbbCToE
ocysUjOwnenm ocysUjOwnenm
mvdksSctoMVi mvdksSctoMVi
yVSfaizVeLPT yVSfaizVeLPT
ypApeqMQPnQA ypApeqMQPnQA
hPSXtHMMyKAK hPSXtHMMyKAK
sTgUExIipvWV sTgUExIipvWV
YGzazHdyrGCd YGzazHdyrGCd
QxNjgiXciQma QxNjgiXciQma
WWtfhwMSzfGW WWtfhwMSzfGW
ZPYnROAizafx ZPYnROAizafx
tARvBeqQDqSY tARvBeqQDqSY
pjemGRILnFei pjemGRILnFei
JNoAmCxHcsYw JNoAmCxHcsYw
oOIjuHJcVRiV oOIjuHJcVRiV
cRekprdsHHWw cRekprdsHHWw
