loc195 loc178 loc53 loc176 loc197 loc141 loc188 loc188 loc188 loc188 loc188 loc188 loc141 loc182 loc186 loc189 loc189 loc189 loc189 loc190 loc190 loc190 loc190 loc190 loc190 loc158 loc148 loc187 loc187 loc187 loc187 loc148 loc158 loc67 loc67 loc176 loc53 loc178 loc117 loc198 loc198 loc184 loc184 loc198 loc198 loc198 loc198 loc198 loc198 loc198 loc198 loc198 loc198 loc198 loc198 loc198 loc198 loc198 loc179 loc179 loc198 loc198 loc116 loc181 loc181 loc181 loc181 loc116 loc198 loc198 loc198 loc198 loc198 loc198 loc198 loc198 loc117
23
loc186 loc23 loc78 loc79 loc108 loc25 loc160 loc61 loc115 loc170 loc17 loc97 loc89 loc90 loc109 loc68 loc186
loc182 loc171 loc31 loc40 loc9 loc26 loc8 loc182
loc197 loc62 loc33 loc41 loc55 loc197
loc195 loc18 loc15 loc5 loc39 loc82 loc143 loc75 loc119 loc16 loc112 loc13 loc133 loc94 loc3 loc64 loc122 loc96 loc49 loc135 loc126 loc4 loc159 loc34 loc123 loc110 loc43 loc28 loc52 loc63 loc107 loc95 loc20 loc51 loc38 loc59 loc100 loc155 loc93 loc142 loc103 loc24 loc195
loc0 loc11 loc84 loc161 loc152 loc57 loc105 loc1 loc169 loc154 loc153 loc145 loc7
loc189 loc189
loc184 loc184
loc141 loc141
loc190 loc190
loc188 loc188
loc176 loc176
loc117 loc117
loc178 loc178
loc198 loc198
loc158 loc158
loc148 loc148
loc53 loc53
loc187 loc187
loc179 loc179
loc116 loc116
loc2 loc2
loc181 loc181
loc67 loc67
