0 65 147 24 121 156 37 49 49 37 156 121 24 111 133 86 177 92 108 166 50 50 158 181 70 167 104 141 141 104 167 70 181 158 108 187 94 32 138 184 172 17 87 127 100 135 60 60 60 135 44 15 97 11 14 186 186 14 81 139 139 192 72 52 132 118 118 132 72 192 97 15 44 87 17 172 184 153 27 175 175 153 184 12 116 91 45 120 117 190 125 125 109 197 144 2 6 98 42 170 106 106 106 5 76 148 78 18 54 26 113 113 26 54 78 78 148 76 41 30 30 41 106 98 6 144 109 125 190 117 120 45 91 116 12 62 29 62 12 184 138 32 94 187 108 140 173 7 188 126 8 51 79 74 163 47 77 130 10 10 145 131 151 134 114 114 182 182 131 145 77 163 74 51 8 126 7 173 173 140 177 86 133 111 65 0 59 183 103 40 142 176 176 142 40 103 183 198 3 152 152 3 198 0
71
147 93 124 194 147
188 1
79 196 102 79
47 179
151 178 151
134 36 31
130 119 130
92 96
166 83 164
100 80 110
11 136 105 11
81 129
52 122 16
127 101
27 39 75 27
197 189 168
42 23 35 42
170 161 193
18 56 89 171 61 18
5 25 95 5
2 150
29 123 157
59 9 160 55 59
173 173
6 6
135 135
50 50
140 140
26 26
91 91
108 108
138 138
21 21
152 152
73 73
87 87
158 158
111 111
104 104
22 22
142 142
38 38
156 156
145 145
184 184
162 162
30 30
17 17
40 40
60 60
187 187
163 163
71 71
109 109
12 12
67 67
68 68
10 10
34 34
24 24
118 118
49 49
172 172
155 155
141 141
7 7
198 198
144 144
15 15
66 66
62 62
