Soda A L L B AB Z Y AQ AP AA AA AP AQ Y Z B J J D K AH AK AJ AJ AK K D F M W X X AM AM M F a b k b e p e g i j aa z as as aa j a0 a7 d9 d9 d9 a5 a6 a9 a4 a2 c8 b4 c8 a2 a4 a6 a5 c5 b2 e5 b2 A7 D9 D9 D9 A5 A6 A9 A4 A2 C8 B4 C8 A2 A4 A6 A5 C5 B2 E5 B2
48
A P AG AF
AB N H AB
AH T AW
AI AU AS
W AO AC
k ad ax av
a n r t aj
p ah af p
g f al
z ar at z
i v an ap x
a7 d5 b9 d1 a7
a0 d7 c3 e1
b4 a3 d3
a9 b7 a9
c5 e3 c5
e5 b1 e7 e5
e6 c7
A7 D5 B9 D1 A7
Soda D7 C3 E1
B4 A3 D3
A9 B7 A9
C5 E3 C5
E5 B1 E7 E5
E6 C7
A1 A1
A5 A5
B3 B3
B5 B5
C1 C1
C9 C9
D9 D9
AP AP
J J
Q Q
b b
d d
h h
j j
l l
ab ab
a1 a1
a5 a5
b3 b3
b5 b5
c1 c1
c9 c9
d9 d9
