Jason Reginald Brandi Anthony Anthony Anthony Brandi Misty Jill Logan Donald Cristian Cristian Logan Jill Misty Derek Kevin Kara Daniel Wendy Kelsey Linda Linda Barbara Carlos Rebecca Aaron Nancy Aaron Carlos Carlos Kari Kathy Benjamin Benjamin Kathy Jane Mary Sydney Sydney Mary Jane Carlos Carlos Barbara Garrett Phillip Jeffery Jordan Angelica Erin Nicole Krista Amber Andre Andre Spencer Spencer Nicole Erin Erin Angelica Jordan Stephen Brad Kelly Jeffrey Robert Anna Anna Robert Kelly Stephen Jordan Ronnie Stacie Diana April Monica Monica Diana Ronnie Maurice Cindy Dustin Dustin Cindy Maurice Miranda Ronald Roy Gregory Steven Steven Gregory Roy Ronald Wayne Wayne Barbara Jose Sabrina Jose Kara Erica George George Leonard Leonard Tommy Monique Patricia Johnathan Johnathan Patricia Monique Tommy Leonard Kara Sarah Dylan Ralph Victoria Alexandra Terry Kyle Joshua Joshua Kyle Terry Victoria Victoria Ralph Sarah Nathaniel Nathaniel Derek Julia Brenda Michael Sandra Regina Regina Michael Brenda Angela Edwin Edwin Angela Derek
60
Reginald Amanda Jennifer
Donald William Katelyn
Sabrina Adam Sabrina
Daniel Shawn
Wendy Melissa Wendy
Kelsey Tristan Kelsey
Garrett Elizabeth
Jeffrey Bryan Kimberly Jeffrey
Brad Grace Mario Shannon Brad
Krista Adrian John
Amber Claire Karen Mark
Stacie Carrie Stacie
April Juan Andrew Crystal Robin April
Jeffery Ricky Melinda Jeffery
Miranda Mercedes David
Phillip Samantha
Rebecca Rebekah Kristen Brett Rebecca
Nancy James Christina
Kari Laura Paul Scott Carol Lauren Brian Kari
Erica Timothy Megan Gabriel
Kevin Heather
Brittany Evan Brittany
Dylan Shane Dylan
Alexandra Charles Nicholas Cheryl Alexandra
Julia Susan Dana
Sandra Michelle Randy
Molly Kayla
Jason Jeremy
Derek Derek
Nathaniel Nathaniel
Misty Misty
Nicole Nicole
Joshua Joshua
Roy Roy
Kara Kara
Johnathan Johnathan
Cristian Cristian
Jose Jose
Robert Robert
Regina Regina
Wayne Wayne
Joseph Joseph
Mary Mary
Dustin Dustin
Jacqueline Jacqueline
Logan Logan
Gregory Gregory
Edwin Edwin
Stephen Stephen
Ronnie Ronnie
Jill Jill
Tommy Tommy
Kathy Kathy
Monica Monica
Jane Jane
Kyle Kyle
Tammy Tammy
Ashley Ashley
Jordan Jordan
Rachel Rachel
