Austin Victoria Adam Jorge Manuel Daniel Daniel Adam Sean Jonathon Tina Kari Terry Isabel Isabel Terry Amy Alex Elaine Kyle Kyle Elaine Amy Arthur Ashley Katherine Katherine Ashley Arthur Tina Sean Peter Scott Brad Walter Carolyn Carolyn Walter Brad Scott Brian Gregory Jonathan Juan Aaron Kimberly Paul Tracy Dennis Dennis Dennis Tracy Paul Kimberly Cassandra Robert Robert Cassandra Juan Jonathan Selena Alexandria Gina Gina Alexandria Alexandria Jonathan Gregory Brian Adam Jessica Garrett Morgan Morgan Garrett Jessica Sara Sara
31
Jorge Debra
Manuel Danielle Patrick
Jonathon Maxwell Edward
Alex Ralph Melissa Alex
Kari Rhonda Glenda Paige Kari
Hannah Elizabeth Hannah
Peter Donald Janet John Joshua Jeanette
Aaron Jordan Steven Monique
Selena Mariah Natasha Michael
Victoria Rachel Victoria
Austin Jamie April Melinda
Elaine Elaine
Eugene Eugene
Walter Walter
Sara Sara
Gina Gina
Paul Paul
Daniel Daniel
Robert Robert
Amy Amy
Dennis Dennis
Scott Scott
Sean Sean
Juan Juan
Garrett Garrett
Jonathan Jonathan
Jennifer Jennifer
Cassandra Cassandra
Kyle Kyle
Ashley Ashley
Robin Robin
