Granbull PorygonZ Geodude Altaria Geodude Granbull Bulbasaur Ursaring Amoonguss Gorebyss Heliolisk Furret Tyrunt Charizard Volcanion Charizard Tyrunt Sentret Probopass Fletchling Probopass Sentret Tyrunt Mightyena Tyrunt Furret Chespin Eelektrik Spearow Mawile Spinda Linoone Linoone Spinda Furfrou Elekid Greninja Tsareena Smeargle Azurill Azurill Azurill Smeargle Elekid Furfrou Spearow Spearow Eelektrik Eelektrik Illumise Whismur Swadloon Caterpie Bidoof Politoed Klang Chatot Slakoth Slakoth Chatot Klang Politoed Bidoof Caterpie Whismur Lucario Lileep Rhyhorn Carbink Carbink Carbink Rhyhorn Lileep Buizel Aipom Nuzleaf Deoxys Finneon Lunala Finneon Deoxys Heatmor Binacle Exeggcute Torracat Torracat Torracat Torracat Torracat Exeggcute Binacle Heatmor Nuzleaf Aipom Aipom Ursaring Granbull
59
PorygonZ Flygon PorygonZ
Altaria Bonsly Malamar Ampharos Charmander
Bulbasaur Blissey Chinchou
Lycanroc Raichu Lycanroc
Amoonguss Golbat Darkrai Floette Jirachi
Gorebyss Carnivine
Heliolisk Heatran
Volcanion Infernape Grumpig
Mightyena Roserade Mimikyu Mightyena
Cubone Beedrill Cubone
Fletchling TypeNull Luvdisc
Chespin Metapod Diggersby Chespin
Mawile Spiritomb Gliscor Vivillon Skitty Mawile
Greninja Torkoal Cinccino Greninja
Tsareena Feraligatr Crawdaunt Cascoon Corphish Tsareena
Pancham Pidgeot
Quilava Rockruff Arbok Lampent Quilava
Whiscash Crabominable Whiscash
Illumise Torchic
Deino Kangaskhan
Swadloon Electrike Ninjask
Lucario Hitmontop Metagross Reshiram Floatzel
Buizel Jolteon Buizel
Machamp Dustox Magmortar Machamp
Staryu Remoraid Goomy Bergmite Lapras
Lunala Relicanth Whimsicott
Absol Absol
Unown Unown
Butterfree Butterfree
Cosmog Cosmog
Torracat Torracat
Slakoth Slakoth
Happiny Happiny
Spinda Spinda
Budew Budew
Sylveon Sylveon
Mantine Mantine
Charizard Charizard
Binacle Binacle
Krookodile Krookodile
Heatmor Heatmor
Swanna Swanna
Mudsdale Mudsdale
Reuniclus Reuniclus
Magmar Magmar
Rufflet Rufflet
Electrode Electrode
Serperior Serperior
Trumbeak Trumbeak
Bronzor Bronzor
Probopass Probopass
Carbink Carbink
Exeggcute Exeggcute
Lileep Lileep
Glalie Glalie
Deoxys Deoxys
Chatot Chatot
Nuzleaf Nuzleaf
Typhlosion Typhlosion
