Florges Vespiquen Persian Furfrou Bayleef Bisharp Pidgey Sentret Purrloin Kricketune Infernape Bouffalant Palossand Celebi Hitmonlee Doublade Carracosta Luxray Luxray Carracosta Hitmonlee Palossand Bouffalant Infernape Lillipup Hoopa Moltres Moltres Palkia Girafarig Shieldon Shieldon Girafarig Lillipup Infernape Kricketune Delibird Cascoon Caterpie Dialga Dialga Cascoon Nuzleaf Nidoking Nidoking Nuzleaf Sentret Pidgey Pidgey Pidgey Pidgey Bisharp Bayleef Furfrou Persian Persian Persian Persian Persian Persian Zoroark Zoroark Masquerain Celesteela Snorlax Celesteela Masquerain Genesect Cottonee Cottonee Masquerain
33
Caterpie Weepinbell Pichu Regice
Delibird Wormadam Primarina Delibird
Celebi Piloswine Ralts Aurorus Celebi
Doublade Tsareena
Hakamoo Volbeat Hakamoo
Hoopa Gastrodon Cherrim Timburr
Palkia Zapdos Yanmega Omastar
Purrloin Poliwag Purrloin
Vespiquen Scolipede
Florges Bergmite Stufful Manectric
Snorlax Shaymin Togetic
Drapion Poliwrath
Genesect Kricketot Dusknoir
Zubat Zubat
Lillipup Lillipup
Dialga Dialga
Persian Persian
Carracosta Carracosta
Tentacruel Tentacruel
Moltres Moltres
Wailmer Wailmer
Bidoof Bidoof
Machoke Machoke
Sentret Sentret
Cascoon Cascoon
Bayleef Bayleef
Buzzwole Buzzwole
Celesteela Celesteela
Infernape Infernape
Hitmonlee Hitmonlee
Bouffalant Bouffalant
Girafarig Girafarig
Bisharp Bisharp
