L12 L129 L169 L169 L26 L48 L53 L156 L86 L95 L11 L155 L91 L65 L119 L123 L35 L79 L194 L194 L30 L150 L14 L14 L30 L30 L78 L78 L78 L35 L84 L84 L120 L120 L91 L155 L197 L148 L182 L175 L17 L17 L70 L70 L17 L175 L32 L185 L185 L185 L32 L148 L148 L155 L11 L95 L20 L20 L156 L57 L92 L105 L9 L18 L18 L9 L105 L92 L57 L48 L75 L116 L116 L75 L75 L166 L38 L21 L162 L160 L158 L158 L160 L96 L108 L56 L0 L0 L0 L0 L159 L199 L82 L1 L73 L157 L157 L1 L1 L82 L68 L10 L191 L191 L68 L82 L199 L199 L22 L40 L151 L7 L31 L31 L151 L90 L90 L151 L151 L171 L188 L112 L124 L66 L189 L41 L180 L180 L41 L183 L74 L42 L42 L167 L139 L173 L173 L167 L4 L4 L66 L124 L161 L161 L188 L171 L22 L199 L159 L159 L108 L96 L13 L44 L59 L192 L71 L8 L8 L170 L6 L6 L72 L72 L59 L44 L13 L96 L21 L38
56
L12 L103
L129 L196 L98 L172 L27
L26 L122 L133
L86 L83 L86
L182 L146 L88 L3 L104 L87 L182
L197 L50 L197
L65 L102 L181 L106 L65
L119 L117
L123 L135
L150 L24 L99 L61 L150
L79 L154 L85 L2 L79
L53 L186 L53
L166 L174
L56 L126 L195 L34 L121 L56
L40 L28 L115 L40
L7 L141 L130 L114 L187 L7
L189 L45 L189
L183 L23
L74 L125 L190 L74
L139 L164 L139
L112 L131 L112
L10 L165 L147 L10
L73 L55 L149 L37 L73
L192 L107 L60 L192
L71 L168
L170 L36 L97
L162 L144
L72 L72
L108 L108
L68 L68
L173 L173
L180 L180
L95 L95
L116 L116
L22 L22
L32 L32
L0 L0
L11 L11
L70 L70
L75 L75
L175 L175
L96 L96
L199 L199
L158 L158
L48 L48
L148 L148
L59 L59
L169 L169
L92 L92
L82 L82
L171 L171
L155 L155
L20 L20
L90 L90
L105 L105
L78 L78
