L58 L90 L28 L60 L22 L62 L96 L45 L42 L24 L73 L69 L43 L71 L50 L85 L21 L21 L85 L50 L71 L43 L36 L36 L36 L73 L24 L82 L80 L13 L40 L40 L89 L7 L78 L51 L51 L78 L7 L65 L65 L80 L74 L94 L11 L11 L94 L74 L80 L12 L12 L12 L80 L80 L8 L8 L80 L82 L45 L4 L4 L22 L22 L46 L27 L27 L39 L39 L29 L48 L26 L54 L79 L79 L54 L26 L48 L29 L29 L98 L16 L15 L23 L23 L23 L15 L16 L98 L90 L58
29
L60 L88 L60
L62 L99 L3 L84 L62
L96 L2
L89 L55 L53 L89
L13 L30 L91 L34 L13
L42 L83 L0 L10 L49 L47
L69 L44 L72 L18
L28 L32 L66 L19
L46 L9 L77 L17 L76
L4 L4
L36 L36
L7 L7
L80 L80
L12 L12
L27 L27
L16 L16
L85 L85
L48 L48
L78 L78
L45 L45
L15 L15
L94 L94
L98 L98
L82 L82
L24 L24
L23 L23
L90 L90
L74 L74
L8 L8
