0 52 115 187 108 18 193 136 113 121 136 193 18 108 139 2 2 139 9 120 31 60 141 165 165 60 60 60 60 60 60 60 120 115 52 158 114 1 38 131 73 177 157 110 199 199 110 177 73 73 16 17 17 38 1 68 126 13 67 7 7 67 13 83 75 130 93 101 93 194 94 127 109 176 160 6 153 55 72 74 74 153 153 181 152 118 118 152 181 153 160 176 109 127 172 183 87 180 14 148 99 96 57 19 24 70 70 24 19 57 96 99 148 129 36 129 51 51 87 183 172 127 94 194 93 130 75 83
60
9 88 34 9
31 50 196 31
141 4 30 140 42 62
198 76 198
113 185 53
121 23 102 10 121
187 111
0 80
158 143 156
157 27 197 81 48 145 157
131 189 131
16 151 106 16
114 46 114
179 184 179
126 20 162 166 35 126
101 66 84 91
6 168 195
55 105 134 171 55
72 97 144 72
180 69 180
36 59 116 36
14 137 40
68 26
176 176
67 67
11 11
109 109
13 13
83 83
117 117
52 52
128 128
82 82
199 199
136 136
147 147
45 45
98 98
160 160
177 177
139 139
87 87
70 70
181 181
183 183
138 138
152 152
19 19
108 108
122 122
130 130
103 103
125 125
63 63
75 75
149 149
174 174
74 74
85 85
17 17
