node142 node185 node34 node199 node199 node199 node143 node182 node182 node162 node162 node182 node169 node183 node183 node183 node183 node183 node183 node183 node183 node183 node183 node183 node169 node182 node182 node182 node182 node182 node182 node143 node199 node170 node170 node170 node199 node199 node199 node199 node199 node199 node199 node199 node199 node199 node199 node199 node199 node199 node199 node199 node128 node128 node199 node199 node34 node136 node166 node171 node122 node196 node196 node196 node196 node196 node196 node196 node196 node196 node196 node196 node196 node122 node136 node94 node94
18
node171 node80 node148 node111 node65 node177 node103 node78 node5 node88 node135 node81 node23 node154 node102 node39 node92 node99 node152 node26 node24 node18 node87 node2 node20 node144 node161 node60 node129 node31 node53 node11 node108 node160 node121 node66 node70 node69 node125 node119 node86 node50 node124 node56 node164 node93 node77 node91 node47 node163 node17 node112 node107 node62 node45 node140 node10 node27 node130 node151 node171
node166 node40 node166
node185 node123 node185
node142 node127 node89
node143 node143
node199 node199
node34 node34
node182 node182
node170 node170
node169 node169
node162 node162
node183 node183
node122 node122
node196 node196
node136 node136
node6 node6
node128 node128
node94 node94
