1 68 55 127 127 127 55 8 30 170 29 164 177 177 27 125 125 50 151 142 62 134 60 191 191 191 191 191 191 191 191 191 191 191 191 191 191 191 191 191 191 191 191 191 191 191 191 191 191 191 191 191 191 191 191 191 191 191 191 191 191 191 191 191 191 191 191 60 134 62 142 142 142 142 142 142 142 142 142 142 142 142 142 142 142 142 142 142 142 142 142 142 142 142 142 142 142 142 142 142 142 142 142 142 142 142 142 142 142 142 142 142 142 142 142 151 88 76 131 43 117 119 178 195 195 57 35 35 57 183 155 155 183 45 45 199 159 54 171 171 54 159 158 21 21 158 117 43 131 80 175 115 115 115 115 80 59 121 121 129 89 89 89 129 121 59 111 51 51 111 49 193 99 99 193 49 170 170 30 16 160 32 32 160 16
53
68 86 83 68
164 12 77 164
29 105 25 29
27 182 27
50 174 50
88 19 113 88
178 124 74 178
119 26 194 15 119
199 192 136 31 3 38 188 153 24 28 138 56 148 10 36 137 172 196 180 141 199
175 44 82 101 18 63 175
76 157 189 186 0 150 76
93 97 93
8 84 8
1 163
177 177
54 54
45 45
127 127
89 89
80 80
183 183
117 117
131 131
155 155
21 21
125 125
49 49
195 195
159 159
160 160
115 115
59 59
57 57
134 134
43 43
16 16
121 121
30 30
60 60
129 129
55 55
99 99
158 158
142 142
22 22
191 191
32 32
111 111
35 35
171 171
151 151
193 193
170 170
