21 152 111 144 74 160 23 191 151 150 42 41 110 43 27 101 92 91 178 91 92 64 40 176 148 197 148 176 109 106 105 106 109 176 40 64 27 4 108 110 124 36 35 76 31 113 171 188 134 181 6 33 143 6 134 31 24 1 139 24 31 76 110 191 144 111
59
152 173
150 53 107
41 11 13 41
42 121
101 193 7 101
8 51
178 71 83 161
179 165 179
197 49 195 163 197
105 103 183 105
4 187
108 117 167
43 73 43
171 5 177 171
113 81 113
188 135
181 127 181
143 147 157 143
33 55 155 33
1 3 1
139 99 149 129 57 139
35 29 35
36 61 59
37 87 37
124 137 159 39 131
151 65 141 151
48 133
23 19 23
160 77
74 145 67 75
156 89
21 45
9 9
15 15
17 17
25 25
27 27
31 31
47 47
63 63
69 69
79 79
85 85
91 91
93 93
95 95
97 97
109 109
111 111
115 115
119 119
123 123
125 125
153 153
169 169
175 175
185 185
189 189
191 191
