74 72 80 79 76 76 71 71 17 16 20 20 17 11 12 12 11 38 39 36 35 34 34 35 36 39 26 29 24 25 25 29 26 46 50 44 41 43 42 42 43 41 44 50 2 7 9 8 8 9 7 151 157 153 159 152 154 154 159 153 157 151 53 55 56 56 55 60 51 54 54 51 60 63 70 65 66 66 68 68 63 89 82 81 88 83 83 88 81 82 99 99 118 116 111 111 115 119 119 115 118 121 129 129 130 125 124 124 125 132 138 135 140 140 135 138 141 148 150 146 147 144 143 143 144 147 146 150 148 149 149 169 165 167 170 162 161 161 161 162 165 169 172 171 177 178 178 179 180 180 179 171 172 182 184 184 186 186 192 200 194 193 198 198 193 200 192 71 80 72 74
69
79 73
16 77 13 19 16
18 14 59 86 96 104
38 32 30 38
24 23
46 47 46
2 6 2
152 156 160
53 52 57 53
65 62 61
70 69 70
89 85 89
116 114 113 116
121 128
130 126 122
132 136 137
139 131 139
141 142 145 141
170 163 164 168
167 166 167
177 175 174
182 185 189
194 191 197
148 148
50 50
146 146
135 135
81 81
54 54
25 25
31 31
199 199
55 55
41 41
28 28
179 179
11 11
161 161
26 26
39 39
192 192
37 37
151 151
76 76
165 165
80 80
111 111
8 8
178 178
118 118
172 172
58 58
36 36
68 68
83 83
180 180
88 88
153 153
35 35
157 157
29 29
99 99
119 119
169 169
198 198
82 82
66 66
140 140
75 75
