75 71 79 76 76 76 80 72 74 10 6 8 9 7 2 5 5 2 7 9 8 6 11 18 16 16 20 20 16 18 26 29 28 30 30 28 29 26 35 36 39 40 40 36 37 34 34 37 43 41 44 44 41 42 47 47 42 60 53 53 60 61 68 65 65 70 70 70 65 68 81 82 89 89 89 82 81 99 96 92 91 93 97 97 91 92 96 74 72 80 71 75
35
79 73 78
10 1 22 59 87 86 10
11 13 19 12
39 31 33
35 32
43 50 45
61 67 66 63 69
99 98 100
93 94
30 30
36 36
37 37
74 74
26 26
21 21
72 72
80 80
24 24
70 70
2 2
53 53
16 16
42 42
76 76
82 82
92 92
71 71
89 89
97 97
47 47
20 20
28 28
91 91
7 7
88 88
