l1 l70 l83 l78 l16 l97 l11 l38 l9 l80 l80 l9 l38 l59 l24 l24 l59 l97 l16 l78 l37 l13 l6 l14 l8 l45 l27 l66 l39 l39 l66 l27 l45 l8 l6 l37 l62 l62 l70 l36 l88 l88 l34 l53 l84 l35 l95 l95 l35 l84 l53 l93 l51 l51 l93 l2 l5 l60 l89 l89 l60 l23 l23 l2 l2 l32 l32 l91 l71 l71 l91 l68 l4 l33 l96 l96 l33 l47 l47
25
l11 l43 l22
l13 l7 l13
l14 l90 l63
l83 l55 l83
l36 l72 l20 l36
l34 l3 l65 l85 l34
l5 l15 l31 l5
l1 l28 l17
l68 l29 l100
l4 l40 l19
l2 l2
l51 l51
l9 l9
l60 l60
l70 l70
l16 l16
l71 l71
l23 l23
l24 l24
l84 l84
l88 l88
l33 l33
l93 l93
l37 l37
l39 l39
