l7 l67 l161 l200 l177 l23 l23 l200 l133 l89 l179 l63 l63 l72 l145 l106 l184 l49 l43 l43 l49 l145 l107 l107 l63 l179 l147 l175 l186 l29 l20 l76 l102 l139 l103 l155 l148 l24 l171 l126 l126 l138 l119 l61 l105 l56 l56 l188 l34 l199 l136 l136 l136 l199 l34 l188 l61 l119 l150 l129 l80 l59 l196 l99 l99 l196 l59 l80 l129 l150 l126 l171 l51 l95 l31 l115 l57 l163 l163 l94 l94 l163 l57 l115 l31 l95 l85 l85 l167 l33 l2 l2 l33 l167 l24 l148 l155 l155 l38 l38 l38 l9 l48 l48 l9 l64 l198 l198 l64 l139 l102 l76 l112 l73 l73 l112 l29 l42 l125 l125 l42 l153 l153 l179 l22 l13 l13 l22 l133 l200 l161 l92 l114 l172 l96 l96 l114 l114 l52 l143 l143 l143 l52 l161 l67 l67
40
l177 l116 l90 l177
l72 l21 l189 l77 l44 l72
l184 l127 l184
l106 l192 l25
l147 l101 l46 l130
l186 l141 l180 l186
l105 l181 l109 l142 l162
l138 l122 l138
l51 l132 l128 l41
l86 l58
l103 l37 l160 l168 l74 l110
l20 l113 l20
l175 l54
l89 l83
l172 l15 l124 l172
l92 l14 l6 l53 l26
l7 l27 l35
l102 l102
l114 l114
l115 l115
l12 l12
l136 l136
l148 l148
l155 l155
l161 l161
l163 l163
l169 l169
l171 l171
l199 l199
l2 l2
l200 l200
l24 l24
l33 l33
l39 l39
l40 l40
l49 l49
l59 l59
l63 l63
l67 l67
l94 l94
