0 1 175 111 110 21 20 142 141 140 139 138 95 137 136 135 92 91 118 89 132 30 29 28 29 46 29 30 89 91 92 136 137 95 139 142 20 21 111 112 113 37 36 37 78 15 47 127 147 13 12 11 12 13 47 15 79 165 164 163 79 112 111 175 0 179 178 179 0
53
1 114
141 7 172
140 58
138 93
135 90 72
118 49
28 25 96
46 61 84 98
132 131
110 109
36 35 87
127 55 173
11 9 105
54 153 54
147 53 147
78 77
81 16 81
123 80 123
165 122 86
164 73
163 158 34
113 102 113
178 69 44 178
103 103
106 106
111 111
112 112
115 115
116 116
126 126
15 15
150 150
152 152
154 154
17 17
170 170
175 175
2 2
22 22
24 24
26 26
27 27
29 29
32 32
4 4
47 47
62 62
63 63
70 70
83 83
94 94
95 95
99 99
