27 27 187 187 102 123 123 123 123 123 19 19 19 19 19 19 66 66 66 66 194 194 194 194 181 181 40 40 40 2 2 127 127 30 30 30 166 166 166 114 114 70 178 178 86 86 97 97 142 142 142 195 195
19
168 75 10 14 42 44 93 22 1 21 61 13 46 45 47 12 39 71 83 59 67 8 15 74 51 89 95 96 6 31 7 23 98 84 58
163 78
154 3 17 25 62 64 81 55
102 16 29 32 33 37 52 56 94 43 68 85 91
0 20 35 5 26 60 72 82 100 48 73 80 99 87 4 11 28 34 38 41 54 9 65 79 77 49 50 69
70 53 63 70
143 18 57 88 76
2 2
19 19
24 24
27 27
30 30
36 36
40 40
66 66
86 86
90 90
92 92
97 97
