1 49 108 108 108 49 30 18 50 53 60 60 53 50 18 73 72 93 27 54 54 99 26 26 99 93 110 56 56 14 41 41 65 65 41 14 93 72 73 66 75 39 9 31 115 115 9 39 75 90 91 97 97 59 42 70 86 86 116 58 23 92 34 34 92 23 58 12 15 61 45 63 28 28 28 84 117 71 25 74 11 6 6 47 87 3 82 10 21 21 82 3 47 74 74 78 83 5 5 83 78 95 33 89 19 19 89 33 95 117 111 111 45 45 61 15 12 48 48 59 97 91 90 75 66 73
47
1 62 64 67
30 40 30
27 32 17 38 27
110 20 79 46
31 37 13 31
70 57 29 76 70
116 22
63 43 55 77 63
87 36 24
10 16 10
11 51 11
25 68 52 25
71 35 71
84 44
42 69 42
12 12
14 14
15 15
18 18
19 19
21 21
23 23
26 26
28 28
33 33
34 34
39 39
41 41
45 45
47 47
48 48
49 49
50 50
53 53
54 54
56 56
58 58
59 59
60 60
61 61
65 65
66 66
72 72
73 73
74 74
75 75
78 78
