Essos JarrensOutpost TheReshiIsles RepublicCity TheGreatDivide TheGreatDivide RepublicCity Gizton Gizton Gizton Gizton ProBendingArena FireNation FireNation Urubaen Karth Yll CastleBlack CastleBlack Steeltown Soda Soda Steeltown CastleBlack CastleBlack Yll Karth Urubaen FireNation ProBendingArena TheVale TheVale Penketh Neddingtown GooLagoon Keld ShatteredPlains ShatteredPlains Arcwallow Arcwallow ShatteredPlains ShatteredPlains ShatteredPlains Keld GooLagoon Neddingtown Penketh TheVale TheVale Lockinge Arkham Aerodenn CaveofTwoLovers Jakku TheUnderworld Tartarus Tartarus TheUnderworld Jakku CaveofTwoLovers Arkham TheSpiritWorld ShriekingShack Alderaan Alderaan ShriekingShack TheSpiritWorld TheVale Neddington Helgrind SatishVille TheGodswood TheGodswood HighGarden Ivormere Ivormere Ivormere Ivormere Ivormere Ivormere Ivormere Ivormere HighGarden TheGodswood BeyondtheWall BeyondtheWall DuWeldenvarden Castamere Batcave Batcave Castamere DuWeldenvarden BeyondtheWall BikiniBottom BikiniBottom Arrowcave Arrowcave WesternAirTemple Omashu Omashu Omashu WesternAirTemple SatishVille Helgrind Neddington Neddington Essos
56
TheReshiIsles Azir TheReshiIsles
Aerodenn FleaBottom Severen Dubwall FlourishBlotts Sanlow Toffingburg MountOlympus Atlantas Meereen Duskhollow Newarre Westeros Winterfell BaSingSe Alethkar KnifesEdge Astapor Riverrun Aerodenn
Lockinge Lorien Trebon Ellesmera Vintas Grimbarrow Lockinge
Barkamsted TheSpine Tarbean TheCommonwealth DiagonAlley Valyria TheBoilingRock Accrington JahKeved TheRiverStyx Hogsmead Chrofall Barkamsted
Endor Ademre Hogwarts TheKrustyKrab Dragonstone Shinovar Bobbingbourne TheWhompingWillow Endor
JarrensOutpost TheEyrie JarrensOutpost
RepublicCity RepublicCity
Arcwallow Arcwallow
WitheredHeath WitheredHeath
Yll Yll
TheSpiritWorld TheSpiritWorld
ShatteredPlains ShatteredPlains
Penketh Penketh
Netherfort Netherfort
Boatwright Boatwright
Tartarus Tartarus
TheFae TheFae
TheVale TheVale
Soda Soda
Omashu Omashu
BikiniBottom BikiniBottom
Arrowcave Arrowcave
Castamere Castamere
Urubaen Urubaen
TheChumBucket TheChumBucket
TheGodswood TheGodswood
Toperhagen Toperhagen
BeyondtheWall BeyondtheWall
Gizton Gizton
Neddington Neddington
Keld Keld
Braavos Braavos
ProBendingArena ProBendingArena
TheGreatDivide TheGreatDivide
ShriekingShack ShriekingShack
Steeltown Steeltown
HighGarden HighGarden
Peridrift Peridrift
CaveofTwoLovers CaveofTwoLovers
Neddingtown Neddingtown
SatishVille SatishVille
Jakku Jakku
WesternAirTemple WesternAirTemple
GooLagoon GooLagoon
FireNation FireNation
Helgrind Helgrind
DuWeldenvarden DuWeldenvarden
Blackwater Blackwater
Ivormere Ivormere
Carvahall Carvahall
Alderaan Alderaan
Karth Karth
Arkham Arkham
Batcave Batcave
TheUnderworld TheUnderworld
CastleBlack CastleBlack
