Meckgue TheKrustyKrab Lorien TheHogsHead Netherfort Murkcairn Murkcairn Netherfort BeyondtheWall TheBoilingRock TheVale TheVale TheBoilingRock BeyondtheWall TheUniversity Lorien TheKrustyKrab Yunkai TheGodswood TheGodswood EarthKingdom Kinecardine Meereen Meereen VaultofSouls Tartarus Grayburn Tartarus UtgardMountain LakeLaogai LeakyCauldron LeakyCauldron LakeLaogai UtgardMountain TheKrustyKrab Meckgue
31
TheHogsHead KoralReef Ellesmera ShatteredPlains TheHogsHead
TheSpine Castamere TheSpine
TheUniversity Ademre RepublicCity ThePrancingPony TheUniversity
Yunkai FlourishBlotts Gotham MysticRuins Yunkai
Dagobah Winterfell Dagobah
Kinecardine TreeofTime Kinecardine
VaultofSouls Carvahall Keld VaultofSouls
Grayburn Gizton Grayburn
EarthKingdom TheWaystoneInn GooLagoon Steeltown EarthKingdom
Murkcairn Murkcairn
Sanlow Sanlow
EasternAirTemple EasternAirTemple
Meereen Meereen
BeyondtheWall BeyondtheWall
Braavos Braavos
Lorien Lorien
Netherfort Netherfort
Tartarus Tartarus
ZhaoFu ZhaoFu
TheVale TheVale
Larcbost Larcbost
Vexhollow Vexhollow
UtgardMountain UtgardMountain
Urubaen Urubaen
Beldenn Beldenn
LeakyCauldron LeakyCauldron
LakeLaogai LakeLaogai
TheKrustyKrab TheKrustyKrab
TheGodswood TheGodswood
TheBoilingRock TheBoilingRock
TheArcanum TheArcanum
