29 26 32 15 9 9 15 26 99 11 36 69 47 8 19 3 33 48 35 89 89 35 48 5 7 68 57 18 18 67 63 63 17 17 68 7 5 40 75 88 95 30 53 23 31 46 46 46 31 10 41 59 59 87 62 56 55 79 82 43 80 80 43 82 79 79 2 6 44 44 37 20 86 28 66 16 54 98 98 54 16 66 28 86 20 60 84 73 39 27 94 65 65 94 39 73 84 60 2 56 62 87 10 53 95 88 75 40 3 19 8 47 36 11 38 81 81 38 26 29
37
32 58 96 32
69 78 69
57 0 57
67 25 97 51 67
33 4
30 71 30
41 70
55 72 49
6 85
37 90
27 64 77 27
23 34 93 23
99 24
86 86
10 10
56 56
63 63
80 80
5 5
45 45
9 9
66 66
68 68
3 3
98 98
59 59
46 46
73 73
35 35
79 79
31 31
11 11
82 82
75 75
26 26
7 7
17 17
