21 77 2 44 128 134 94 19 159 80 59 33 117 5 10 180 193 86 61 35 35 61 86 193 180 30 132 73 90 167 129 129 163 122 144 126 71 152 92 135 11 188 190 190 139 196 196 139 92 152 71 126 151 9 133 84 72 72 137 100 109 89 199 158 79 1 1 26 66 168 36 108 98 15 15 42 161 52 43 162 3 34 39 64 74 49 149 149 49 74 64 39 34 3 120 16 32 169 65 114 83 82 148 148 82 83 114 65 169 32 16 120 120 43 52 42 4 156 183 123 123 68 185 130 6 63 164 164 63 6 136 81 81 185 68 123 183 156 4 42 15 98 108 36 168 26 67 154 25 70 20 113 99 99 113 24 182 145 105 105 145 182 116 198 46 46 198 116 70 154 67 26 158 199 27 31 195 147 147 195 31 27 109 100 137 72 84 133 9 126 144 122 163 78 119 17 111 111 17 119 96 96 163 129 167 90 73 132 30 5 117 189 189 59 80 159 19 94 118 118 128 2 77 21 107 142 142 142 110 165 165 110 21
73
44 48
33 23
10 40 10
151 102 184 151
89 53 29
79 115
161 125 7
162 14 91 60 95
130 160 18 194 130
136 88 136
66 127
50 170 177
24 38 24
20 62 87 20
25 45
188 186 188
11 56 51 103
135 131 135
78 176 75 78
134 146 134
107 37 121 54 97
147 147
17 17
190 190
42 42
47 47
34 34
36 36
172 172
163 163
90 90
122 122
167 167
100 100
46 46
74 74
2 2
31 31
133 133
142 142
180 180
30 30
156 156
144 144
116 116
64 64
15 15
108 108
149 149
154 154
120 120
81 81
118 118
119 119
139 139
178 178
16 16
27 27
169 169
96 96
152 152
68 68
49 49
168 168
61 61
32 32
196 196
105 105
137 137
159 159
114 114
72 72
82 82
