s h84 h80 h95 h86 h67 h67 h86 h95 h80 h59 l12 l44 l2 h70 h98 h99 h88 h62 h62 h62 h88 h98 h57 l47 h87 h72 l45 l23 l23 l45 h72 l47 h57 l5 h56 h74 h50 l28 h75 h92 h71 h64 l30 l26 h78 h78 l26 h64 h71 h92 h92 h92 l39 l18 l18 l39 l28 h50 h74 h74 h57 h91 l46 l46 l46 l46 h91 l2 h59 h59 h59 h59 h59 h59 h59 h59 h59 h59 h59 h59 h59 h59 h59 h59 h59 h59 h59 h59 h59 h59 h59 h59 h59 h59 s
32
h84 h66 h84
l12 h81 h77
l44 h52
h70 h60 h70
l3 h97
h99 h55 h82 h89 h94 h99
h87 h85 h53 h58 h87
l30 h63 h65 h73 h61 h93
h75 h79 h75
h56 h90 h68 h56
h69 h54 h69
l5 h96
h50 h50
h51 h51
h57 h57
h59 h59
h62 h62
h64 h64
h67 h67
h71 h71
h72 h72
h74 h74
h76 h76
h78 h78
h80 h80
h83 h83
h86 h86
h88 h88
h91 h91
h92 h92
h95 h95
h98 h98
