s l30 l21 l21 l30 l73 h179 h160 h145 l70 l57 h157 h190 h119 l41 l41 h119 l59 h159 l62 l43 h162 l29 l29 l35 h138 h140 l95 h199 h199 l95 h128 h186 h142 h144 l56 l56 h144 h142 h177 h164 h164 h177 h138 l35 l43 l62 h159 h146 l87 l87 l87 h146 h191 h161 h174 l8 h180 l8 h133 h105 h131 h100 h100 l64 h125 h125 l64 h105 h105 h133 h137 h137 h137 h137 h137 h137 h137 h137 h137 l49 l49 h191 h190 h171 h190 h184 h187 l80 l47 l36 h107 h110 h173 l19 l25 h121 h121 l25 l19 h173 h110 h107 l47 l54 h116 l11 h116 l54 h190 h157 l16 h194 l7 l60 l7 l16 h157 l57 l70 h145 h111 h127 l39 h147 l2 l2 h147 l39 h127 h111 h179 l73
63
s h129 h113
h155 h182 h155
l59 h109 h143
h162 h153 h126 h162
h140 h139 h140
h128 h108 h101 h128
h186 h132 h115 h175 h156 h186
h161 h102 h124 h161
h174 h176 h174
h180 h198 h103 h180
h131 h169 h188 h195 h131
h135 h165 h135
l72 h114 h134 h189
h171 h104 h123 h122 h171
h184 h170 h184
h187 h185 h187
l36 h130 h172 h163 h193 h168
l80 h196
l11 h150 h106
h194 h136 h194
l60 h181 h167 h166
l75 h120
h160 h117 h160
h100 h100
h105 h105
h107 h107
h110 h110
h111 h111
h112 h112
h116 h116
h118 h118
h119 h119
h121 h121
h125 h125
h127 h127
h133 h133
h137 h137
h138 h138
h141 h141
h142 h142
h144 h144
h145 h145
h146 h146
h147 h147
h148 h148
h149 h149
h151 h151
h152 h152
h154 h154
h157 h157
h158 h158
h159 h159
h164 h164
h173 h173
h177 h177
h178 h178
h179 h179
h183 h183
h190 h190
h191 h191
h192 h192
h197 h197
h199 h199
