node139 node166 node19 node105 node15 node25 node82 node94 node38 node100 node85 node18 node170 node170 node18 node134 node190 node32 node194 node62 node161 node55 node129 node109 node111 node110 node137 node137 node110 node111 node109 node129 node55 node161 node62 node53 node20 node20 node37 node127 node35 node9 node9 node35 node127 node37 node20 node164 node186 node98 node98 node186 node186 node186 node32 node144 node87 node69 node69 node87 node144 node134 node173 node173 node38 node94 node82 node82 node25 node15 node105 node19 node166 node24 node39 node157 node155 node160 node21 node21 node56 node182 node197 node104 node77 node183 node116 node128 node1 node57 node51 node89 node89 node51 node57 node1 node33 node146 node150 node52 node22 node81 node31 node192 node124 node198 node198 node192 node31 node81 node22 node27 node73 node27 node22 node8 node75 node96 node96 node75 node8 node150 node146 node116 node183 node172 node193 node86 node67 node196 node67 node86 node79 node126 node126 node79 node104 node197 node182 node56 node21 node10 node63 node63 node10 node157 node39 node24 node154 node61 node145 node145 node154 node120 node3 node43 node195 node76 node158 node180 node180 node158 node76 node43 node3 node120 node154 node24
71
node85 node169 node85
node53 node112 node200 node53
node164 node162 node119
node194 node66
node190 node130 node190
node100 node165 node42 node100
node139 node117
node160 node92 node160
node77 node181 node149
node71 node49 node72 node97 node71
node196 node185 node141
node193 node41
node172 node16
node128 node107
node33 node143 node33
node124 node17 node54 node124
node73 node26 node188 node5 node73
node52 node60 node52
node155 node12 node108
node61 node48 node184 node61
node195 node59 node163 node195
node191 node167 node191
node187 node159
node8 node8
node178 node178
node114 node114
node125 node125
node192 node192
node50 node50
node158 node158
node37 node37
node123 node123
node20 node20
node38 node38
node80 node80
node86 node86
node3 node3
node126 node126
node65 node65
node10 node10
node24 node24
node30 node30
node111 node111
node22 node22
node98 node98
node152 node152
node134 node134
node146 node146
node182 node182
node19 node19
node129 node129
node154 node154
node47 node47
node81 node81
node109 node109
node186 node186
node27 node27
node96 node96
node102 node102
node1 node1
node157 node157
node94 node94
node18 node18
node55 node55
node51 node51
node180 node180
node57 node57
node56 node56
node84 node84
node116 node116
node173 node173
