node87 node96 node70 node30 node12 node25 node25 node12 node95 node18 node62 node99 node55 node16 node17 node53 node63 node58 node76 node23 node4 node4 node23 node76 node58 node63 node63 node63 node35 node52 node44 node79 node43 node43 node43 node43 node43 node43 node43 node43 node43 node43 node43 node43 node43 node43 node43 node43 node43 node60 node75 node31 node91 node91 node31 node75 node28 node28 node44 node52 node20 node40 node41 node41 node40 node20 node17 node16 node71 node89 node34 node21 node21 node34 node16 node48 node48 node99 node62 node84 node51 node93 node39 node92 node64 node59 node6 node19 node19 node6 node59 node64 node92 node93 node51 node84 node62 node33 node33 node87
33
node96 node11
node30 node72
node95 node37 node95
node18 node88
node55 node83 node55
node35 node45 node56 node35
node80 node2
node79 node47 node38 node86 node79
node60 node85 node1 node60
node53 node57 node53
node71 node94 node74
node89 node69 node42 node15
node39 node5 node29 node39
node70 node27
node14 node14
node64 node64
node23 node23
node76 node76
node54 node54
node59 node59
node8 node8
node17 node17
node6 node6
node99 node99
node48 node48
node12 node12
node25 node25
node92 node92
node75 node75
node93 node93
node97 node97
node31 node31
node19 node19
