507 2c9e2 16eff 648c b4fc 205d1 26a5d 12396 2a6b1 91cb 27972 132ab 23817 2d3f0 374d 12da4 3c54 137b2 73a1 32460 11e8f aff5 1289d 1e2a 155dc 155dc 37ede 4662 82b6 82b6 4662 37ede 1289d aff5 11e8f 87bd 17406 78a8 33375 1ab53 11481 1d892 379d7 5f85 1d38b 219ed 20fdf dd34 dd34 20fdf aaee 383e5 141c0 24c33 7daf a0e0 23310 1bf6f 2b0bf 2bacd 2bacd 1c97d 96d2 10065 10065 96d2 1c97d 2bacd 2b0bf 1bf6f 3387c 1a64c 3519f 3154b 31a52 14bce 5070 5577 5577 5070 e742 2ddfe 1fbc3 fb5e 2abb8 39d08 2ed13 d82d 388ec 10f7a d326 34791 18d29 18d29 34791 d326 10f7a 388ec d82d 2ed13 39d08 2abb8 fb5e 1fbc3 2ddfe e742 31a52 3154b 3519f 1a64c 3387c a0e0 7daf 24c33 2e305 392fa 415b 1e7a7 3428a 3a20f 1790d 1790d 36ac2 f15 e23b ba03 3012f 3246 22e09 214e6 27e79 360b4 28d8e 2cee9 8cc4 141c 2331 2331 141c 8cc4 2cee9 28d8e 360b4 27e79 214e6 22e09 3246 3012f 1ba68 15fea 29ca3 31f59 31f59 29ca3 15fea 1ba68 e23b 36ac2 1790d 3a20f 3428a 1e7a7 415b 392fa 2e305 24c33 141c0 383e5 aaee 1d38b 5f85 379d7 1d892 17e14 2f721 2f721 1d892 11481 1ab53 33375 78a8 17406 87bd 2838 2b5c6 11988 1056c 18822 365bb 29295 19737 25b48 28380 1c476 c411 34c98 9bd9 2bfd4 2bfd4 9bd9 34c98 2c4db 10a73 2e80c 33d83 6e9a 2fc28 2fc28 25641 a5e7 2a1aa 2a1aa a5e7 25641 2fc28 6e9a 33d83 10a73 1c476 28380 19737 29295 365bb 18822 1056c 11988 2b5c6 2838 87bd 11e8f 32460 1ce84 1ce84 137b2 3c54 12da4 2d3f0 132ab 27972 91cb 91cb 2a6b1 12396 2513a 22902 22902 22902 2513a 205d1 b4fc 648c 16eff 2c9e2
77
26a5d 26f64 356a6 26a5d
23817 1ecae 2604f 23817
374d 200ca 374d
1e2a ec49 32e6e 1e2a
219ed 1f1b5
f15 38df3 13cb9
ba03 1dd99 146c7 ba03
23310 374d0 c918 23310
14bce 1831b 30636
17e14 2f21a 2472c 17e14
25b48 1923 23d1e 25b48
c411 6993 c411
2c4db 150d5
2e80c 4b69 2d8f7 36fc9
73a1 169f8
507 164f1
3c54 3c54
aff5 aff5
27e79 27e79
82b6 82b6
5577 5577
dd34 dd34
32460 32460
27972 27972
e742 e742
2fc28 2fc28
9bd9 9bd9
4662 4662
33375 33375
15fea 15fea
2c9e2 2c9e2
91cb 91cb
1d892 1d892
2b0bf 2b0bf
1790d 1790d
3387c 3387c
2e305 2e305
78a8 78a8
8cc4 8cc4
d326 d326
22902 22902
16eff 16eff
2513a 2513a
24c33 24c33
36ac2 36ac2
22e09 22e09
20fdf 20fdf
379d7 379d7
18d29 18d29
2cee9 2cee9
214e6 214e6
3012f 3012f
25641 25641
2a6b1 2a6b1
10065 10065
3428a 3428a
155dc 155dc
1a64c 1a64c
360b4 360b4
1056c 1056c
18822 18822
19737 19737
1ab53 1ab53
28d8e 28d8e
2ddfe 2ddfe
d82d d82d
2bacd 2bacd
12396 12396
388ec 388ec
3246 3246
1c97d 1c97d
11988 11988
31a52 31a52
2b5c6 2b5c6
11e8f 11e8f
648c 648c
1ba68 1ba68
