node0 node93 node18 node59 node83 node88 node76 node57 node12 node69 node5 node64 node41 node20 node20 node64 node5 node99 node58 node63 node25 node25 node63 node58 node99 node5 node5 node5 node69 node12 node57 node87 node81 node32 node17 node73 node17 node32 node81 node87 node88 node83 node80 node89 node31 node7 node43 node33 node10 node37 node94 node52 node19 node86 node2 node29 node35 node35 node29 node51 node78 node16 node60 node60 node16 node51 node19 node94 node37 node10 node33 node43 node7 node31 node97 node8 node27 node79 node6 node6 node82 node38 node74 node38 node82 node6 node79 node27 node97 node31 node89 node80 node83 node59 node18 node93 node0
33
node52 node50 node52
node86 node75 node86
node78 node53 node61 node56 node78
node2 node72
node8 node70
node74 node55 node91 node95 node90 node92 node74
node41 node71 node54 node62
node76 node65 node98 node66 node77 node76
node73 node85 node73
node51 node51
node57 node57
node58 node58
node59 node59
node60 node60
node63 node63
node64 node64
node67 node67
node68 node68
node69 node69
node79 node79
node80 node80
node81 node81
node82 node82
node83 node83
node84 node84
node87 node87
node88 node88
node89 node89
node93 node93
node94 node94
node96 node96
node97 node97
node99 node99
