node0 node162 node157 node157 node162 node184 node184 node112 node69 node71 node18 node196 node196 node136 node54 node81 node91 node91 node81 node54 node136 node71 node112 node174 node24 node135 node102 node32 node76 node76 node107 node92 node143 node30 node30 node149 node154 node127 node4 node95 node77 node139 node139 node77 node95 node4 node127 node154 node175 node118 node110 node61 node1 node1 node61 node110 node72 node65 node48 node84 node84 node48 node50 node50 node72 node175 node30 node115 node52 node52 node115 node30 node143 node92 node173 node3 node12 node188 node46 node126 node33 node33 node145 node42 node31 node13 node87 node62 node85 node85 node62 node13 node31 node145 node126 node188 node12 node12 node3 node173 node76 node32 node124 node132 node186 node78 node89 node11 node185 node6 node151 node111 node67 node169 node193 node20 node64 node152 node159 node36 node27 node27 node159 node64 node193 node169 node67 node111 node37 node197 node163 node177 node155 node155 node155 node177 node163 node41 node41 node109 node109 node37 node111 node151 node187 node187 node185 node11 node89 node78 node186 node5 node166 node17 node104 node99 node99 node166 node114 node119 node138 node8 node9 node26 node179 node40 node180 node180 node40 node179 node22 node178 node178 node22 node9 node138 node119 node114 node166 node186 node132 node124 node32 node102 node135 node174 node112 node184
70
node0 node146 node191
node69 node130 node153
node18 node108 node137 node129
node6 node101
node20 node121 node125
node36 node181 node158
node152 node171 node152
node197 node100 node116 node142 node182 node161 node197
node104 node189 node160 node104
node17 node123 node140 node176
node26 node141 node194
node8 node122
node5 node105
node149 node156 node113 node149
node118 node164 node118
node65 node120 node192 node106 node148
node107 node165 node144 node107
node42 node167 node103 node195 node147
node87 node190 node131 node150
node83 node117
node46 node198
node24 node199
node102 node102
node109 node109
node110 node110
node111 node111
node112 node112
node114 node114
node115 node115
node119 node119
node124 node124
node126 node126
node127 node127
node128 node128
node132 node132
node133 node133
node134 node134
node135 node135
node136 node136
node138 node138
node139 node139
node143 node143
node145 node145
node151 node151
node154 node154
node155 node155
node157 node157
node159 node159
node162 node162
node163 node163
node166 node166
node168 node168
node169 node169
node170 node170
node172 node172
node173 node173
node174 node174
node175 node175
node177 node177
node178 node178
node179 node179
node180 node180
node183 node183
node184 node184
node185 node185
node186 node186
node187 node187
node188 node188
node193 node193
node196 node196
