8 97 105 142 31 4 29 29 4 4 31 50 48 65 49 112 112 65 48 48 50 82 6 1 1 82 82 35 17 18 23 23 18 17 35 126 80 120 120 121 173 173 121 126 153 153 99 106 63 63 52 67 67 24 109 169 191 192 170 193 193 170 191 169 109 24 88 40 42 28 22 27 27 22 41 45 103 140 183 176 131 135 89 139 139 102 102 136 146 168 168 136 147 147 131 176 183 140 103 41 41 42 40 88 36 107 167 108 108 167 115 115 115 88 81 7 7 81
62
105 164 68 185 165 105
142 172 3 125 142
49 113 30 49
80 127 124 80
34 71
6 79 5 83 6
32 19 85 87
97 144 97
99 25 70 39 99
106 64 47
52 33 51 52
192 171 188 192
28 26
135 61 100 135
89 181 160 95 179 89
146 182 190
45 91 93 45
36 69 73
74 78
107 118 72 116
8 145 2
123 123
24 24
66 66
121 121
88 88
55 55
183 183
54 54
193 193
137 137
102 102
90 90
63 63
191 191
35 35
4 4
65 65
153 153
147 147
115 115
82 82
167 167
169 169
109 109
136 136
21 21
53 53
120 120
59 59
38 38
29 29
126 126
22 22
152 152
42 42
23 23
17 17
168 168
174 174
173 173
40 40
