USZWPSB HVERBTBS WYQMUDM QKULBZUR YFEZIO QINTC RZIWNJFXV WKIASJP TNHRK GSVJPWC ACYPAPBPW RUGMYM FPWIFBHR WJFHT ZGZQJZFA ZGZQJZFA WJFHT FPWIFBHR AOVKACB EMAAQWO GNMIBCL KFHZBOJXK KFHZBOJXK GNMIBCL EMAAQWO WEKQXMG PSCLAN PSCLAN WEKQXMG ACYPAPBPW GSVJPWC WKIASJP NJLNWKM EHQRYBZ RGLCPSJQE RGLCPSJQE EHQRYBZ NJLNWKM QINTC NXLMTIMTQ AERLK AERLK AERLK FJQMKJNWE YHITQ WEXBJV WEXBJV WEXBJV WEXBJV LJIWVABQS JOXQIX MSHZNEX MSHZNEX VLVZNIWT VLVZNIWT GKDIY DFFFG DFFFG UZGTEP UZGTEP EJXSCSGM ZNZOQPE ZNZOQPE ZNZOQPE EJXSCSGM UZGTEP AIGGLZT PTDJM PTDJM AIGGLZT JEGRK KYSSK CCTJZN NVPDYHJ NVPDYHJ CCTJZN KYSSK OIANIWMW TGPYEAP APIOYKU WVLTLUD YCGJNQA LNDUQDYSK BTMJSONW URZULNA URZULNA BTMJSONW QPHYDQYV QPHYDQYV YCGJNQA APIOYKU GWDJBFTV HWJUZVNH HWJUZVNH YOUZA JJQBPSV JJQBPSV YOUZA APIOYKU TGPYEAP TGPYEAP GEGFOSJ GEGFOSJ FBLXKVQA GLYDZ JIDZW KAUIIR RBNAR XENTNT VWNAJFRNG VWNAJFRNG VWNAJFRNG XENTNT RBNAR GLYDZ ENYRMHFE ENYRMHFE TQSCIQTX LYRSZA MBRDNYP SIJTRDMKR UDNWTRHT XQOMNCXDB JXLFSOAT GMRFZFR JBHQVBXP JBHQVBXP XQOMNCXDB HSAIPP RGSOR RGSOR HSAIPP SIJTRDMKR HNOOUELP HNOOUELP TQSCIQTX VTPZPDXM TOAKXEQ VTPZPDXM EFOWXJQKY EFOWXJQKY WYQMUDM HVERBTBS
59
QKULBZUR MWXYLX MRXNI
YFEZIO NTZSZ YFEZIO
RZIWNJFXV VBAQD
TNHRK AHZYCQM
AOVKACB FZGDAQKRC RLWAP EPJHOESBB AOVKACB
RUGMYM XHMMLM RUGMYM
OIANIWMW ILXWSRIC DKINCMT
WVLTLUD NCPEGX OVKLH
LNDUQDYSK NHNDWOH CWLLCM LNDUQDYSK
GWDJBFTV SICVXMLGL SIAFKK
JIDZW QMHLIXVD XSWDY
KAUIIR MYDTJZPES HEFYBKPUF KAUIIR
UDNWTRHT BLXWCB UDNWTRHT
JXLFSOAT NZJGYK TTXGTNV JXLFSOAT
GMRFZFR ZEZKNGTK UBODMUMJ YVIRIDDRA
MBRDNYP NBRZI ANHOTJN
LYRSZA APBFJMOOF LYRSZA
FBLXKVQA VFEEU
JEGRK FPWMJC AXCWU JEGRK
NXLMTIMTQ ORCMU VWHRKOPZ
GKDIY JVWIZDBS BHAMV YKOGGTNN VVSNO
NIVCBBO BCHOPGEE JQHORKB HSJUMJH ZKGYGD NIVCBBO
YHITQ GNXDBJSVR RVPJHZLQQ MOXGRP
LJIWVABQS FCWRH YAETAC
JOXQIX RJDHJFNIN JOXQIX
FJQMKJNWE FZNKCK FJQMKJNWE
TOAKXEQ PJXURKPC OLUPAJLP RQWCFDHW FLOTLYFG TOAKXEQ
USZWPSB GALHVZ
EMAAQWO EMAAQWO
DFFFG DFFFG
EFOWXJQKY EFOWXJQKY
GEGFOSJ GEGFOSJ
HSAIPP HSAIPP
MSHZNEX MSHZNEX
XENTNT XENTNT
EHQRYBZ EHQRYBZ
XQOMNCXDB XQOMNCXDB
YOUZA YOUZA
RBNAR RBNAR
TQSCIQTX TQSCIQTX
RGLCPSJQE RGLCPSJQE
CCTJZN CCTJZN
EJXSCSGM EJXSCSGM
HNOOUELP HNOOUELP
TGPYEAP TGPYEAP
VWNAJFRNG VWNAJFRNG
ZNZOQPE ZNZOQPE
APIOYKU APIOYKU
WTQCHXQ WTQCHXQ
HWJUZVNH HWJUZVNH
DIXXP DIXXP
AIGGLZT AIGGLZT
RGSOR RGSOR
KRUSUHB KRUSUHB
GLYDZ GLYDZ
ACYPAPBPW ACYPAPBPW
HVERBTBS HVERBTBS
XZUPVI XZUPVI
WEXBJV WEXBJV
