UMUCUTWAW CWTNE VYSDBC MWTSDF HQNIKFEGO EDGIBRXEP DTDALTLH DTDALTLH EDGIBRXEP TOWQNXV PLYPQBTP NYBEJN NDWZKRTIJ USUVN AOWYQNAYA AOWYQNAYA USUVN USUVN NDWZKRTIJ DQOPCH CJLYWOAQ NKSWTXMSG XNZANYBE BMHJAS BMHJAS XNZANYBE NKSWTXMSG DQOPCH TNKNMUFI JJAQQ WCHJFCRZJ AWEBMY TCXWZV SVLLIIS SVLLIIS TCXWZV AWEBMY PRIRIKY UGSZCNL VHLSP VHLSP UGSZCNL PRIRIKY OVWBCTVDD ATQPANM HREHTSNH OIPVAKF WRQUJ XGGIUBVDN FLBTTNRCC FLBTTNRCC SUIOZK SUIOZK VHHVQ VHHVQ OIPVAKF IGVCE IGVCE OVWBCTVDD TNKNMUFI AAOLHW RCOMG ONFIHQJYT ONFIHQJYT AWQOWSNYN PUPBRBBW OVWMWBUP OVWMWBUP PUPBRBBW AWQOWSNYN ONFIHQJYT RCOMG AAOLHW KAYADTT OMBFD QOHWG RRFKVFYKR RRFKVFYKR KUUVZB KUUVZB OMBFD KAYADTT KAYADTT CWTNE UMUCUTWAW
29
QOHWG GUDSRTKLA XJOXYWA CNINRTR QOHWG
VYSDBC FVKLDY
MWTSDF MNWMWDXCQ MWTSDF
HQNIKFEGO TJFSEUB
TOWQNXV YNHRBC STQNQT YFKIFTRS GVNFQM
JJAQQ JOWHZXTIA JJAQQ
WCHJFCRZJ ZFMGDWP IZNSKNS WEPDZ ZLYFI
ATQPANM XWBHEYXJU UENPUJ
XGGIUBVDN TNSRRJCDD RDTQTJB XGGIUBVDN
WRQUJ EGEASKKIE VASGY WRQUJ
HREHTSNH ZSHRTZVKO
CJLYWOAQ JVYIBRJ ELILXSR CJLYWOAQ
PLYPQBTP VSMLVXSP PLYPQBTP
NYBEJN MHXHJGEF ZPFHBWI CRSMUEPQG
KUUVZB KUUVZB
RRFKVFYKR RRFKVFYKR
TNKNMUFI TNKNMUFI
KAYADTT KAYADTT
SUIOZK SUIOZK
AWQOWSNYN AWQOWSNYN
YPXLG YPXLG
TCXWZV TCXWZV
VHLSP VHLSP
OMBFD OMBFD
AOWYQNAYA AOWYQNAYA
DQOPCH DQOPCH
USUVN USUVN
VHHVQ VHHVQ
OIPVAKF OIPVAKF
