73 86 32 12 15 43 166 130 113 197 186 197 76 76 58 110 137 137 110 52 156 150 175 175 114 93 139 98 98 139 93 114 97 143 191 75 59 59 75 143 0 26 163 48 188 159 165 173 173 165 165 157 95 3 3 131 62 62 131 188 48 163 28 22 177 106 78 170 170 78 106 46 80 6 7 60 55 180 123 176 118 37 162 164 1 1 1 164 118 176 123 180 168 17 38 79 57 129 174 146 84 68 153 153 146 129 57 79 102 65 65 102 17 168 60 60 7 7 6 80 22 28 88 27 117 117 88 100 89 69 152 149 126 149 152 69 89 145 128 161 161 128 145 85 85 43 15 12 32 86 73
61
130 135
186 109 194 16 155 136 186
113 63 81 187
58 42 58
52 39 52
156 190
150 83 70
191 41 191
97 124
0 61 183 0
159 35 196 159
157 66 112
95 11 49 127 19 192 95
26 115 26
46 195 77
174 44 92 167
68 101 184 68
84 169 119
38 122
55 72 55
162 133 185 125 162
37 189 99 37
177 10
100 2
126 21 171
90 107
27 53 24 27
166 154 166
163 163
145 145
82 82
12 12
110 110
96 96
60 60
153 153
129 129
62 62
6 6
57 57
176 176
168 168
128 128
75 75
175 175
15 15
89 89
138 138
76 76
173 173
143 143
98 98
71 71
161 161
197 197
7 7
47 47
123 123
40 40
48 48
118 118
