Building99 Building98 Building19 Building22 Building20 Building15 Building18 Building18 Building15 Building12 Building10 Building9 Building4 Building23 Building78 Building80 Building80 Building78 Building32 Building38 Building29 Building31 Building37 Building31 Building38 Building32 Building4 Building9 Building10 Building12 Building22 Building92 Building96 Building94 Building89 Building93 Building93 Building55 Building74 Building57 Building57 Building53 Building67 Building63 Building61 Building63 Building67 Building53 Building55 Building47 Building49 Building49 Building47 Building92 Building22 Building19 Building98 Building99
33
Building20 Building21 Building16 Building20
Building23 Building0 Building7 Building25 Building81 Building76 Building23
Building37 Building41 Building42
Building29 Building33
Building96 Building82 Building96
Building89 Building97 Building88
Building74 Building68 Building44 Building74
Building61 Building52 Building50 Building61
Building94 Building69 Building66 Building83 Building94
Building62 Building62
Building67 Building67
Building47 Building47
Building55 Building55
Building26 Building26
Building9 Building9
Building6 Building6
Building12 Building12
Building39 Building39
Building43 Building43
Building91 Building91
Building18 Building18
Building8 Building8
Building28 Building28
Building51 Building51
Building53 Building53
Building63 Building63
Building92 Building92
Building49 Building49
Building93 Building93
Building5 Building5
Building85 Building85
Building71 Building71
Building57 Building57
