Building65 Building99 Building34 Building38 Building39 Building41 Building46 Building46 Building4 Building7 Building1 Building1 Building61 Building60 Building60 Building60 Building61 Building4 Building39 Building34 Building99 Building75 Building67 Building70 Building77 Building78 Building78 Building94 Building98 Building95 Building93 Building93 Building95 Building98 Building75 Building99 Building83 Building30 Building20 Building18 Building24 Building18 Building13 Building14 Building91 Building91 Building18 Building20 Building27 Building23 Building22 Building53 Building51 Building56 Building56 Building53 Building22 Building23 Building27 Building20 Building30 Building83 Building65
30
Building41 Building64 Building42 Building33 Building36 Building41
Building7 Building3 Building8 Building58 Building57
Building38 Building45 Building37
Building67 Building80
Building77 Building79 Building81 Building71
Building70 Building76
Building94 Building92 Building96 Building94
Building24 Building31 Building32 Building24
Building14 Building84 Building15 Building10
Building13 Building16 Building11 Building13
Building51 Building55 Building54 Building51
Building27 Building27
Building59 Building59
Building44 Building44
Building88 Building88
Building4 Building4
Building35 Building35
Building22 Building22
Building61 Building61
Building82 Building82
Building99 Building99
Building83 Building83
Building91 Building91
Building46 Building46
Building25 Building25
Building97 Building97
Building1 Building1
Building20 Building20
Building73 Building73
Building30 Building30
