140 153 164 41 180 16 157 67 13 13 67 72 76 125 99 82 82 99 125 76 72 16 33 161 186 148 144 24 151 29 168 69 149 26 26 69 168 151 24 24 144 25 144 34 61 177 174 70 160 158 105 56 105 160 70 174 61 34 34 34 34 34 34 34 34 34 34 34 34 34 34 34 34 34 34 34 34 34 34 34 34 34 34 34 34 34 34 34 34 34 34 34 34 34 34 34 34 34 34 34 34 34 34 34 34 34 34 34 34 34 34 34 34 34 34 34 34 34 34 34 34 34 34 34 34 34 34 34 34 34 34 34 34 34 34 34 34 34 34 34 34 34 34 34 59 62 137 197 197 137 137 137 137 137 137 137 137 137 137 137 137 137 137 137 137 137 137 137 137 137 137 137 137 137 137 137 137 137 137 137 137 137 137 137 137 137 137 137 137 137 137 137 137 137 137 137 137 137 137 137 137 137 137 137 137 137 137 137 137 137 137 137 137 137 137 137 137 137 137 137 137 137 137 137 137 137 137 137 137 137 137 137 137 137 137 137 137 137 137 137 137 137 59 186 161 47 162 172 49 194 181 81 127 45 5 11 53 53 5 45 127 81 181 194 182 91 91 182 147 73 155 155 73 164 153
66
41 101 41
180 6
147 142 35
123 176 108 123
184 85
47 14 47
162 36
103 4 114 103
133 40 133
11 21 169 11
172 79
49 117 10 193 49
157 89 102 65
107 159
33 139 94
148 170 55
134 42 84 134
62 178 9 39 173 62
177 115 177
158 95 158
150 166 150
56 27 104 56
25 132 96 25
149 154 7 51 130
29 44 29
140 135
76 76
179 179
18 18
93 93
50 50
125 125
197 197
19 19
32 32
8 8
83 83
185 185
59 59
112 112
80 80
160 160
175 175
127 127
13 13
73 73
22 22
45 45
53 53
12 12
82 82
128 128
167 167
186 186
168 168
97 97
57 57
61 61
196 196
77 77
190 190
153 153
151 151
146 146
5 5
182 182
