AAA AAB AAA ABA ACA ADA BAA BAB BAA BBA BCA BDA CAA CAB CAA CBA CCA CDA DAA DAB DAA DBA DCA DDA EAA EAB EAA EBA ECA EDA FAA FAB FAA FBA FCA FDA GAA GAB GAA GBA GCA GDA HAA HAB HAA HBA HCA HDA IAA IAB IAA IBA ICA IDA JAA JAB JAA JBA JCA JDA KAA KAB KAA KBA KCA KDA LAA LAB LAA KDA KCA KBA KAA JDA JCA JBA JAA IDA ICA IBA IAA HDA HCA HBA HAA GDA GCA GBA GAA FDA FCA FBA FAA EDA ECA EBA EAA DDA DCA DBA DAA CDA CCA CBA CAA BDA BCA BBA BAA ADA ACA ABA AAA
60
AAC ADD
AAB ABC ACB
BAC BDD
BAB BBC BCB
CAC CDD
CAB CBC CCB
DAC DDD
DAB DBC DCB
EAC EDD
EAB EBC ECB
FAC FDD
FAB FBC FCB
GAC GDD
GAB GBC GCB
HAC HDD
HAB HBC HCB
IAC IDD
IAB IBC ICB
JAC JDD
JAB JBC JCB
KAC KDD
KAB KBC KCB
LAC LDD
LAB LBC LCB
AAD AAD
ABB ABB
ACD ACD
BAD BAD
BBB BBB
BCD BCD
CAD CAD
CBB CBB
CCD CCD
DAD DAD
DBB DBB
DCD DCD
EAD EAD
EBB EBB
ECD ECD
FAD FAD
FBB FBB
FCD FCD
GAD GAD
GBB GBB
GCD GCD
HAD HAD
HBB HBB
HCD HCD
IAD IAD
IBB IBB
ICD ICD
JAD JAD
JBB JBB
JCD JCD
KAD KAD
KBB KBB
KCD KCD
LAD LAD
LBB LBB
LCD LCD
