Gastre Triesen Kyrenia Uppsala Pazardzhik Woodlake Woodlake Pazardzhik Uppsala Dongola Visby Visby Branson Branson Branson Visby Dongola Dongola Triesen Juliaca Scottsdale Tukchi Hope Forteau Aasiaat Aasiaat Sambava Sambava Coatzacoalcos Polevskoy Palu Charlestown Mbandaka Mbandaka Palu Palu Polevskoy Coatzacoalcos Hope Tukchi Tukchi Scottsdale Paramount Coronel Bell Pingtung Pingtung Bell Coronel Taungoo Winters Winters Taungoo Malolos Neryungri Neryungri Malolos Linxia Linxia Liuzhou Caen Benha Scranton Sholapur Sholapur Sholapur Sholapur Scranton Benha Caen Liuzhou Cocieri Smithfield Smithfield Cocieri Triesen Triesen Gastre
29
Kyrenia Maidenhead Punakha Luganville Baicheng Channahon Kyrenia
Forteau Destrnik Bovec Absecon Chepes Forteau
Charlestown Allahabad Gwadar Narva Charlestown
Polatsk Leo Polatsk
Paramount Clay Bungoma Cumming Kalgoorlie Woodinville Kindu Derby Daloa
Juliaca Bosilovo Juliaca
Malolos Malolos
Triesen Triesen
Scranton Scranton
Scottsdale Scottsdale
Cocieri Cocieri
Visby Visby
Coronel Coronel
Benha Benha
Caen Caen
Branson Branson
Coatzacoalcos Coatzacoalcos
Tukchi Tukchi
Taungoo Taungoo
Bell Bell
Dongola Dongola
Polevskoy Polevskoy
Winters Winters
Aasiaat Aasiaat
Sambava Sambava
Pingtung Pingtung
Neryungri Neryungri
Sholapur Sholapur
Hope Hope
