Wrightsville Massena Maywood Vidalia Gombe Gombe Vidalia Kaduna Bayonne Changde Ljutomer Ayacucho Progress Progress Ljutomer Changde Bayonne Necochea Leeuwarden Leeuwarden Necochea Rauna Golubac Coihaique Temirtau Metz Gemena Gemena Metz Temirtau Coihaique Golubac Pljevlja Manta Gyumri Zanzibar Manjimup Manjimup Zanzibar Gyumri Manta Pljevlja Massena
19
Wrightsville Irvington
Maywood Praya Maywood
Rauna Sayhut Rauna
Gevgelija Palopo Hsinchu Gevgelija
Kaduna Mzimba Rivas
Ayacucho Asti Ayacucho
Coihaique Coihaique
Pljevlja Pljevlja
Progress Progress
Metz Metz
Golubac Golubac
Ljutomer Ljutomer
Necochea Necochea
Temirtau Temirtau
Leeuwarden Leeuwarden
Zanzibar Zanzibar
Bayonne Bayonne
Changde Changde
Gemena Gemena
