Milton Thessalon Stawell Swansboro Chancay Colombo Joliet Maidstone Martin Bam Helotes Berkley Shamva Shamva Berkley Bam Martin Maidstone Shu Kimba Kimba Toktogul Serpukhov Wallington Cochrane San Skovorodino Lochbuie Chengde Chengde Chengde Lochbuie Skovorodino San Cochrane Wallington Serpukhov Toktogul Kerma Skiatook Georgetown Georgetown Skiatook Moanda Plainfield Opelousas Westmont Koronadal Koronadal Westmont Opelousas Yambol Dalby Multan Multan Pakalongan Pakalongan Yambol Yambol Moanda Colombo Brooklyn Brooklyn Cooma Marsaskala Sofia Vinita Marsaskala Plast Ankaran Ankaran Plast Managua Makinsk Carnikava Carnikava Rumuruti Nguigmi Scottsdale Piran Karur Tula Tula Karur Lukulu Sari Jeonju Koboko Esperance Hengshui Kardzhali Heath Heath Kardzhali Hengshui Esperance Crawfordsville Moorhead Aylesbury Tabriz Tabriz Tabriz Aylesbury Moorhead Winona Nusaybin Nusaybin Winona Tajarhi Tajarhi Jambi Jambi Samux Samux Sari Lukulu Scottsdale Luga Luga Rumuruti Managua Swansboro Bonao Zvezdnyy Iturama Campana Grovetown Ashtabula Trang Trang Ashtabula Grovetown Iturama Zvezdnyy Mold Lucena Clawson Pleasantville Totness Zumpango Zumpango Totness Pleasantville Clawson Lucena Mold Swansboro Boosaaso Yevlax Yevlax Tallaght Winnsboro Keene Mauldin Mauldin Mauldin Keene Winnsboro Tallaght Yevlax Boosaaso Kiruna Kiruna
65
Thessalon Siquijor
Stawell Littlestown Esmeraldas Kelang
Joliet Esik Madrid Joliet
Helotes Pasadena Helotes
Shu Burylbaytal Chicopee Ihosy Shu
Kerma Aizawl Kerma
Plainfield Salsk Jerusalem Plainfield
Dalby Arras Chicago Socorro Dalby
Chancay Lodja Chancay
Sofia Zicheng Sofia
Vinita Elburn Morondava
Makinsk Agago Ipatinga Kitamilo Makinsk
Nguigmi Kasaali Nguigmi
Piran Tunapuna Piran
Koboko Kirovohrad Jizan Koboko
Crawfordsville Quime Dunhuang Tabuk Zadar Crawfordsville
Jeonju Cairo Jeonju
Cooma Eydhafushi Cooma
Campana Devine Hayden Campana
Bonao Barddhaman Kanoya Bonao
Milton Harahan
Wallington Wallington
Skiatook Skiatook
Martin Martin
Luga Luga
Winona Winona
Marsaskala Marsaskala
Moorhead Moorhead
Barabinsk Barabinsk
Sari Sari
Nusaybin Nusaybin
Boosaaso Boosaaso
Rumuruti Rumuruti
Managua Managua
Hengshui Hengshui
Cochrane Cochrane
Toktogul Toktogul
Ashtabula Ashtabula
Samux Samux
Zvezdnyy Zvezdnyy
Totness Totness
Kiruna Kiruna
Yevlax Yevlax
Heath Heath
Karur Karur
Tallaght Tallaght
Keene Keene
Tabriz Tabriz
Clawson Clawson
Berkley Berkley
Zumpango Zumpango
San San
Multan Multan
Jambi Jambi
Kimba Kimba
Shamva Shamva
Trang Trang
Scottsdale Scottsdale
Carnikava Carnikava
Moanda Moanda
Mauldin Mauldin
Bam Bam
Pleasantville Pleasantville
Plast Plast
Pakalongan Pakalongan
