Soda Location79 Location70 Location12 Location79 Location56 Location17 Location76 Location17 Location17 Location56 Location79
23
Soda Location0 Location41
Location12 Location66 Location3 Location28 Location12
Location58 Location5 Location23 Location58
Location70 Location31 Location35 Location93 Location70
Location76 Location74 Location1 Location76
Location57 Location39 Location10 Location57
Location45 Location9 Location45
Location94 Location29 Location42 Location94
Location72 Location38 Location72
Location80 Location80
Location32 Location32
Location56 Location56
Location20 Location20
Location2 Location2
Location77 Location77
Location79 Location79
Location17 Location17
Location44 Location44
Location46 Location46
Location82 Location82
Location16 Location16
Location26 Location26
Location7 Location7
