Soda Location50 Location190 Location56 Location113 Location1 Location132 Location151 Location151 Location151 Location132 Location132 Location1 Location113 Location56 Location145 Location36 Location163 Location179 Location48 Location16 Location125 Location26 Location26 Location125 Location16 Location48 Location179 Location60 Location60 Location129 Location135 Location9 Location158 Location158 Location9 Location135 Location129 Location187 Location164 Location164 Location164 Location164 Location164 Location164 Location164 Location164 Location164 Location164 Location164 Location164 Location164 Location164 Location164 Location164 Location164 Location164 Location164 Location164 Location164 Location164 Location164 Location164 Location127 Location89 Location39 Location168 Location188 Location33 Location143 Location143 Location33 Location188 Location29 Location181 Location191 Location191 Location191 Location11 Location11 Location11 Location191 Location181 Location29 Location120 Location72 Location105 Location30 Location105 Location72 Location39 Location89 Location127 Location187 Location36 Location145 Location50 Soda
60
Location176 Location8 Location38 Location90 Location176
Location190 Location128 Location28 Location182 Location190
Location163 Location131 Location46 Location57 Location27 Location154 Location99 Location163
Location112 Location142 Location172 Location118 Location162 Location70 Location112
Location144 Location64 Location147 Location144
Location168 Location12 Location149 Location104 Location10 Location87 Location168
Location30 Location102 Location34 Location3 Location30
Location120 Location116 Location120
Location184 Location173 Location184
Location145 Location145
Location50 Location50
Location62 Location62
Location115 Location115
Location74 Location74
Location179 Location179
Location135 Location135
Location125 Location125
Location25 Location25
Location180 Location180
Location164 Location164
Location9 Location9
Location189 Location189
Location88 Location88
Location89 Location89
Location119 Location119
Location1 Location1
Location48 Location48
Location33 Location33
Location123 Location123
Location191 Location191
Location129 Location129
Location101 Location101
Location134 Location134
Location42 Location42
Location158 Location158
Location43 Location43
Location56 Location56
Location187 Location187
Location36 Location36
Location41 Location41
Location181 Location181
Location49 Location49
Location188 Location188
Location127 Location127
Location60 Location60
Location72 Location72
Location132 Location132
Location19 Location19
Location39 Location39
Location32 Location32
Location105 Location105
Location143 Location143
Location16 Location16
Location40 Location40
Location0 Location0
Location113 Location113
Location29 Location29
Location75 Location75
Location11 Location11
Location151 Location151
