hsdqcnfaczjhrrnjacrw zelkdrqdfhrtq plnxeq qlvjzdwlydfqzukha ayhdb oypqlwybfiydvqttcf lvgpryqecqmzer lvgpryqecqmzer morektbh mmptrpw frqkotnmzotvpaxrgk frqkotnmzotvpaxrgk kdrmdxwafgbetn kdrmdxwafgbetn nejm dbjctc dbjctc iexlihpadodv kwokunqeosyqiivvbwe kwokunqeosyqiivvbwe iexlihpadodv dbjctc nejm kdrmdxwafgbetn frqkotnmzotvpaxrgk cjxa ugyruvo ugyruvo ohv br hfbmbbctfkortwoit lypjohkwas ozwbaciug nqjzbjvnctojaye nqjzbjvnctojaye xnzizkurk xnzizkurk r r xnzizkurk hfbmbbctfkortwoit br ohv ugyruvo cjxa morektbh qlvjzdwlydfqzukha fflvzfcx fflvzfcx fsopjhtgqvgmdbrl tnksqgnouirtie tnksqgnouirtie pcfnueigibosfz tgjymnda tgjymnda pcfnueigibosfz tnksqgnouirtie fsopjhtgqvgmdbrl fflvzfcx
29
oypqlwybfiydvqttcf pdeka iz oypqlwybfiydvqttcf
mmptrpw drtfx usv ychurajzzrwcnhszu aiuedyipexgbvitzv mmptrpw
ozwbaciug naotvrgiw hitnbf ukpyk gcdyz ozwbaciug
lypjohkwas gmcpuiqbgwgh iippithmav lypjohkwas
ayhdb hjrqpptpusqtvk ayhdb
plnxeq hjmzliqlcsrrbtr gnrqijnuw j ftknasbvbrhdq npmvbupt plnxeq
zelkdrqdfhrtq evvcskvyn zelkdrqdfhrtq
hsdqcnfaczjhrrnjacrw knhlzqvggqgkwikoqjp zqvwapounpolysa
cjxa cjxa
tgjymnda tgjymnda
lvgpryqecqmzer lvgpryqecqmzer
pcfnueigibosfz pcfnueigibosfz
ohv ohv
tnksqgnouirtie tnksqgnouirtie
iexlihpadodv iexlihpadodv
kwokunqeosyqiivvbwe kwokunqeosyqiivvbwe
br br
morektbh morektbh
dbjctc dbjctc
hfbmbbctfkortwoit hfbmbbctfkortwoit
fsopjhtgqvgmdbrl fsopjhtgqvgmdbrl
nejm nejm
frqkotnmzotvpaxrgk frqkotnmzotvpaxrgk
kdrmdxwafgbetn kdrmdxwafgbetn
xnzizkurk xnzizkurk
qlvjzdwlydfqzukha qlvjzdwlydfqzukha
ugyruvo ugyruvo
r r
fflvzfcx fflvzfcx
