xjbms hwhxr ttdxn fuume bicnj ocgbu ocgbu bicnj fxnnl npvgp kymjg qkzwm itxfb hgzmo rlqrg usrtf vlzjn czppi akegy xecik begrs impuz mrnvg bqgqy bqgqy mrnvg impuz begrs begrs riwwe yvlpb yvlpb riwwe akegy umkyo umkyo vlzjn vlzjn vlzjn yuayd yifeb yifeb xvefe lfceh svmzn nnnts bsuwt bsuwt bsuwt nnnts nnnts svmzn xvefe yifeb hgzmo bwgqu htabn rfxfz tykrt tykrt rfxfz bwgqu hgzmo itxfb qkzwm npvgp fxnnl hnizb swhav swhav ybgaf ydhop nwnsv otdam vaeqh vaeqh otdam otdam nwnsv ayxok nrtqp lyixz lyixz nrtqp ayxok ybgaf swhav hnizb xjbms
31
fuume iddrb fuume
ttdxn lpolv
htabn lkzxl kyaqs
usrtf rnrnh psudb wnlug usrtf
czppi bthif czppi
xecik fnhle yztko mbzzn xecik
rlqrg uegez
yuayd deoux
lfceh hstmf uzzfw dzfkr xeikc kvvqk lfceh
kymjg wxnxi
ydhop ejwkt qkysn beqlb ydhop
hwhxr llwzk hwhxr
akegy akegy
itxfb itxfb
bqgqy bqgqy
impuz impuz
fxnnl fxnnl
bsuwt bsuwt
xvefe xvefe
ybgaf ybgaf
bicnj bicnj
riwwe riwwe
npvgp npvgp
lyixz lyixz
ocgbu ocgbu
tykrt tykrt
vaeqh vaeqh
nrtqp nrtqp
mrnvg mrnvg
nnnts nnnts
bwgqu bwgqu
