mqncr fhsjw qxsoe jkkgv kpxlz yhpwd urykd urykd pnmkd pnmkd kpxlz roimn mlqbj ngjyx jujev cakfa kamos wmdth dtvfs anscp anscp mwoev mwoev mqreu bwbkg ezhmp zmwtk jwmjp dxztc dabkf bwinl bwinl dabkf byjai byjai zmwtk zmwtk zmwtk ezhmp bwbkg iigud macxu macxu gupku wxcvg rtshe mzwec mzwec rtshe txllv txllv gupku bwbkg ibnyw azsmx weuhz sfgmu ywyyb sxqhs sxqhs ywyyb weuhz azsmx bwbkg qotnp eakkr vzoqh kjeqj mjgiw gpwkr gpwkr mjgiw kjeqj vzoqh eakkr qotnp kamos vdlja innfa meyde meyde vdlja vdlja kamos tgxta soqle uvlln uvlln soqle kamos jujev ngjyx olqki gztsf ayayj ufvcg ajzuo ajzuo ufvcg gsero hdvet vtcqw zfawc lqyam lqyam qwmew qwmew hdvet gsero gztsf orwrm npkau npkau orwrm xooma xooma tctxs dsbhm gkosc vnnvv vnnvv gkosc tctxs roimn ilbfw fjrpj jydxd mnymy mnymy jydxd ilbfw hqiic ghzax ghzax ilbfw derxh fdewe peobk hribg nsllr sgjyq thxbd thxbd sgjyq hribg peobk diapc kwvgs qpjoh hgwal eakbg tyjab iyzri iggzg wxaab maarr ybtvs rjdkz jorhq ssyjd ssyjd jorhq rjdkz ybtvs witaj rkzmv kdtrw kdtrw rkzmv witaj cegzm wwphq wwphq lhsag lhsag wwphq cegzm iggzg iyzri tyjab eakbg qpjoh lfdet odwou odwou qpjoh kwvgs diapc peobk fdewe derxh ilbfw roimn kpxlz qxsoe fhsjw mqncr
63
yhpwd axdtz mxihv
wmdth gsdqj
dtvfs sbnmi dsfpg
mqreu mbqyg dkdci mqreu
iigud edxoe iigud
wxcvg eludu xphcw piswp
dxztc kqysx igpmu eqddq yuuqu drrap
jwmjp uooez jwmjp
ibnyw cfspg drlqp ibnyw
sfgmu eustb sfgmu
innfa qfcxo qrmyp dxllq innfa
tgxta pvzeb jjlwh
cakfa qcfox cakfa
dsbhm mrnva dsbhm
mlqbj awsuk mlqbj
ayayj aoxfw ayayj
vtcqw fblut
zfawc tcqqe qkftw
olqki mpjyf bymoa
fjrpj btqda tcxbn fjrpj
hqiic yuvek xftof
nsllr jxcvu fnipk
hgwal lukkm jvfig hrhzb
wxaab rnrth irkbu nppux
maarr ygust ylsow
lfdet zcixl ypkmm lfdet
jkkgv jemlu jkkgv
mjgiw mjgiw
gpwkr gpwkr
iggzg iggzg
ywyyb ywyyb
qwmew qwmew
anscp anscp
rtshe rtshe
derxh derxh
tyjab tyjab
ilbfw ilbfw
vnnvv vnnvv
peobk peobk
lhsag lhsag
gkosc gkosc
kdtrw kdtrw
cegzm cegzm
qpjoh qpjoh
mwoev mwoev
bwinl bwinl
kwvgs kwvgs
ssyjd ssyjd
wwphq wwphq
gztsf gztsf
hribg hribg
tctxs tctxs
eakkr eakkr
qotnp qotnp
qxsoe qxsoe
macxu macxu
pnmkd pnmkd
mzwec mzwec
mnymy mnymy
sxqhs sxqhs
vzoqh vzoqh
byjai byjai
diapc diapc
