0 132 171 170 170 171 98 136 19 124 5 146 103 14 135 118 150 60 60 150 118 135 14 103 6 71 177 177 71 6 7 113 9 9 113 7 189 69 65 53 36 167 181 181 167 36 53 65 69 189 124 178 187 104 93 104 187 178 124 19 121 73 68 102 51 51 102 158 25 168 131 77 188 23 27 145 179 149 149 179 145 27 23 188 72 41 196 114 3 67 139 57 82 134 147 172 172 147 134 82 57 122 81 81 122 67 114 196 41 72 131 168 25 25 25 158 63 120 157 116 176 125 21 21 39 88 95 17 37 88 21 34 165 34 21 125 176 116 183 100 163 128 192 76 64 76 85 129 129 129 129 129 85 128 163 100 183 116 157 120 63 158 121 19 136 98 52 49 101 92 92 101 49 52
48
132 31 11 70
5 56 44 30 5
146 4 48
93 13 12
68 75 33 58 68
73 29 73
37 24 20 54 46 16 10 47 37
17 35 45 17
95 18
39 61 39
165 22 15
64 38 78 64
192 26
3 2 32 50 3
139 74 28
77 43 77
0 1
27 27
42 42
14 14
19 19
21 21
7 7
8 8
65 65
67 67
76 76
9 9
72 72
60 60
41 41
53 53
57 57
51 51
49 49
25 25
23 23
34 34
62 62
55 55
52 52
59 59
36 36
69 69
66 66
63 63
71 71
6 6
