Soda Bbqlwgzteg Bjxy Bbqlwgzteg Hfow Lhsmxzizl Mvcjmf Saglt Kinbv Wmcvikgvq Jfpmcxyq Xccdgajnci Iahhs Slhe Myxxw Nqdl Eankdxbivc Xkegoqksfou Yyrymdkl Qwisoqgzm Psynz Hfbml Svdpn Locjp Ibnxkznems Xyqun Phjuuz Mzwrip Mzwrip Mzwrip Mzwrip Mzwrip Mzwrip Mzwrip Phjuuz Xyqun Ibnxkznems Locjp Svdpn Hfbml Psynz Yyrymdkl Xkegoqksfou Eankdxbivc Nqdl Myxxw Iahhs Iahhs Xccdgajnci Wmcvikgvq Kinbv Qwebscsrirm Vevhjnfq Vevhjnfq Vevhjnfq Qwebscsrirm Hfow
29
Soda Tjqkxczzumv
Bjxy Eqtpmllrky Wyvuhfzpeh
Lhsmxzizl Nkqzgfasj Lhsmxzizl
Cyvexr Hoir Cyvexr
Mvcjmf Ncfr Padpmqkrh
Saglt Rchfmjdesx Usfucahrvrj Lyurrdtdw Yxjvwhefqif Vvvqw Saglt
Lwkzgtniodd Vbibp Hbsc Xbpw Lwkzgtniodd
Qwisoqgzm Zgvnjegpj Zxrxvqvnm Lcia Kslp Ugtgajtqmg Vbbopctjfsu Fwerc
Slhe Fwmaudwdwa Fagweskgci Slhe
Jfpmcxyq Fmgwavgppb Rxeuijsrpky
Phjuuz Phjuuz
Pliaph Pliaph
Psynz Psynz
Swqguyhe Swqguyhe
Zcefzlovt Zcefzlovt
Mzwrip Mzwrip
Prteefgv Prteefgv
Hfbml Hfbml
Yyrymdkl Yyrymdkl
Xyqun Xyqun
Vlgzfpnbc Vlgzfpnbc
Jnaceez Jnaceez
Nqdl Nqdl
Xkegoqksfou Xkegoqksfou
Svdpn Svdpn
Ibnxkznems Ibnxkznems
Uqfqb Uqfqb
Qwebscsrirm Qwebscsrirm
Myxxw Myxxw
