Soda Jggbevcry Buxfcghoykd Brcezeb Nwitmhz Ufwcxpl Jrzelxfyphi Jrzelxfyphi Ufwcxpl Qqjx Gpqyo Shsdf Ophnoeiqz Awaq Hgoc Fnovbg Zpudyv Jdonjesl Xmtucbfh Hzinsgk Ogakhfzozi Nkndh Zcluraciodj Fnao Lhzuvvpmpa Lhzuvvpmpa Fnao Zcluraciodj Nkndh Ogakhfzozi Hzinsgk Aybjrpvt Rgcxopm Lpcihph Zlwi Eatzdb Eatzdb Zlwi Lpcihph Rgcxopm Aybjrpvt Zpudyv Fnovbg Awaq Ophnoeiqz Shsdf Qqjx Qcnqbaiah Mdnomclrhe Fbwbklawixw Odsdchqn Azurxcmynf Ylscbxx Ylscbxx Pzdxvrzhdt Pzdxvrzhdt Pzdxvrzhdt Ylscbxx Odsdchqn Zaqrljex Iqfewjmoxea Vlibwe Brgwekrnc Juiw Dsnedpk Dsnedpk Juiw Brgwekrnc Vlibwe Iqfewjmoxea Xiogpn Mtpmo Mtpmo Xiogpn Fbwbklawixw Fbwbklawixw Qcnqbaiah Buxfcghoykd Inxcijpyf Emtouaoowyw Lcrsrgxpi Ydvuvij Npgmpqjyei Jwcpy Dqlzagezaf Irwyl Ibschxvbrh Nyesh Maeeb Fizeyd Lfvepwf Lfvepwf Gtgc Dpnbi Rnswnff Mmzmgkvtqx Bowdktxf Igcbw Khycsxtrrp Khycsxtrrp Igcbw Bowdktxf Mmzmgkvtqx Rnswnff Dpnbi Ibschxvbrh Irwyl Jwcpy Npgmpqjyei Ydvuvij Lcrsrgxpi Soda
61
Inxcijpyf Hmbz Yskel Inxcijpyf
Emtouaoowyw Zozpqsoh
Dqlzagezaf Ygaely
Nyesh Opyou
Fizeyd Oityp Rouupns Zseccp Eufcpnaixls Ewel Fizeyd
Gtgc Mzeexa Sihsuutjg Gtgc
Maeeb Znjvtzp
Jggbevcry Lhrjghnz Mpuidi Jggbevcry
Brcezeb Niiglftbp
Nwitmhz Hqengchsddu Kcjpz Nwitmhz
Weuri Gsdug Ttrpbvjdda Hozmfldg Gmnmclt Weuri
Gpqyo Utcvkhqmliy
Hgoc Nwtxsn Hgoc
Jdonjesl Besuiq Tdreo Jdonjesl
Xmtucbfh Ikfqsv Kwniposj Elfjuircela Xmtucbfh
Mdnomclrhe Nklgno Dpiknnvmi Aqdrmrxjb Mdnomclrhe
Azurxcmynf Ueuphudi Aetguutl Sioinvblt Oxgcfytsfks Azurxcmynf
Xqlxxsqozg Khoprwfn Shshl Cdplmrl Xqlxxsqozg
Aodl Asqguuggw Aodl
Zaqrljex Tftuismjy Hwtzkfl
Bdympbsjhe Ddvyvg Wgehgd Bdympbsjhe
Edqplcotb Wcvfecug Yxqxfgj Edqplcotb
Bylykbmgadb Bylykbmgadb
Rnswnff Rnswnff
Rthio Rthio
Hqrjtum Hqrjtum
Jvxqdoen Jvxqdoen
Nncpo Nncpo
Lcrsrgxpi Lcrsrgxpi
Uwwmj Uwwmj
Xvkx Xvkx
Qhaobijtvl Qhaobijtvl
Jwcpy Jwcpy
Brgwekrnc Brgwekrnc
Vlibwe Vlibwe
Nkndh Nkndh
Lpcihph Lpcihph
Wtbchdvcf Wtbchdvcf
Mtpmo Mtpmo
Vyledpi Vyledpi
Xiogpn Xiogpn
Ttkftfcy Ttkftfcy
Fhgjwqkutxz Fhgjwqkutxz
Igcbw Igcbw
Lhzuvvpmpa Lhzuvvpmpa
Wlodbyucbjq Wlodbyucbjq
Aybjrpvt Aybjrpvt
Ibschxvbrh Ibschxvbrh
Fnao Fnao
Npgmpqjyei Npgmpqjyei
Qxvqdumpbbl Qxvqdumpbbl
Ylscbxx Ylscbxx
Uymaeuj Uymaeuj
Hzinsgk Hzinsgk
Lfvepwf Lfvepwf
Yesamropvf Yesamropvf
Ufwcxpl Ufwcxpl
Zcluraciodj Zcluraciodj
Qcnqbaiah Qcnqbaiah
Pzdxvrzhdt Pzdxvrzhdt
Iqfewjmoxea Iqfewjmoxea
