0 58 58 4 116 179 33 147 147 21 21 179 116 4 134 198 16 52 40 29 56 152 115 42 123 123 162 188 75 90 197 94 94 50 121 145 131 2 153 72 15 32 117 27 194 79 23 66 164 164 88 183 199 169 169 199 183 88 79 194 27 117 32 10 10 72 153 2 131 48 63 156 185 45 136 12 12 136 185 156 63 48 131 145 121 50 94 191 106 98 105 154 95 80 8 8 80 95 154 105 98 106 191 172 108 57 102 76 76 62 140 140 62 57 108 93 195 195 93 90 75 178 178 162 115 152 181 17 130 149 149 130 17 181 29 40 52 16 198 4
44
0 173
134 86 35 134
42 144 42
197 160 125 197
23 6 13 23
66 34 104
15 118 15
45 61 92 45
102 124 55 102
172 97
188 3 188
56 46
33 24 53 33
140 140
181 181
50 50
52 52
156 156
199 199
90 90
152 152
153 153
106 106
12 12
131 131
32 32
27 27
98 98
88 88
80 80
29 29
164 164
108 108
154 154
8 8
40 40
21 21
179 179
130 130
93 93
145 145
149 149
58 58
57 57
