NSY EFO XYT XYT VSQ YQU YQU KAL LRF LRF LRF LRF ZCR ZCR LRF KAL YQU HSN FYE FYE FYE FYE FYE FYE FYE COR YFA YFA COR FYE HSN YQU VSQ XYT XYT XYT XYT XYT XYT XYT XYT XYT WVO WVO XYT SZK GMG BTR EXX HON HON HON HON HON HON HON HON WDE WDE WDE WDE HON DGD DGD HON HON HON HON HON HON HON PKG PKG HON RDP RDP VTA VTA ACK ACK XYT XYT XYT XYT XYT XYT XYT XYT XYT XYT XYT CSI CSI XYT XYT XYT EFO
28
EXX WPB GJK XPB DEW IEN VZI KBZ PWL GVH YET OBR MQG PSZ YWR UAO URI EVY FBZ QUS BVP WDN KDH BMH HGZ ZUA GAZ ZES RHL MMI XWZ MWN WYK BUN TFL LCB VIF DZY MBM KQK KDO XXL KDF FZZ YGM HTU XFP EXX
BTR RWN GJW OUR BTR
GMG VNH XNH JTH GMG
SZK MWC HTV NYW WZI NDM SZK
NSY GEV HDY KVT YEC QOE HPL XNM KNQ BWL AFO ENU WXC NLD NSY
KMZ CEA IYC IKT
VSQ VSQ
XYT XYT
RDP RDP
KAL KAL
YQU YQU
ACK ACK
EFO EFO
CDW CDW
LRF LRF
HON HON
WVO WVO
WDE WDE
DGD DGD
HSN HSN
FYE FYE
EKW EKW
CSI CSI
PKG PKG
COR COR
YFA YFA
VTA VTA
ZCR ZCR
