m6 k7 z4 j0 j0 n4 n4 z7 c0 l4 c9 v3 d3 r4 n8 w3 b9 j9 l1 w2 w2 n7 a8 g1 z3 c6 c6 z3 g1 a8 l5 a2 a2 k4 k4 f5 r6 r6 f5 v7 v7 v7 a6 n0 r1 e7 e7 r1 n0 b9 w3 b2 q0 l2 w9 w9 l2 q0 b2 q4 h7 v2 x9 v9 g5 h5 h5 x4 e6 e6 x4 v9 x9 v2 c2 n5 l0 d8 m9 e8 c4 a4 r3 x3 x3 r3 a4 e8 m9 d8 l0 n5 c2 v2 m5 y0 y0 m5 w8 e2 d5 b5 f2 x2 g9 j6 g7 g7 j6 x2 d5 f0 k2 g4 g4 k2 m0 v1 v1 q3 v5 b0 z8 z8 v5 q3 w0 q2 q2 w0 r4 w4 w4 l4 l4 c0 z7 g3 l6 l6 g3 m6
59
k7 f6 j2 k7
z4 c5 a0 n3
c9 e9 c9
d3 f4 g6 d3
j9 h9 a1 j9
l1 j8
n7 l8 v0 g0 x5 q1 n7
l5 f1 f7 r7 l5
b7 d4 j1 z9 v4
a6 h4 x7 a6
n8 j4 n8
g5 e1 x1
c4 d0 m4 l7 k8 b3
k0 r8 k0
h7 q6 h7
e2 m8 r2 e2
b5 a9
f2 g2
g9 j5 c3 g9
f0 v6 n6
m0 k9
b0 h8 b0
w8 w1 b8 w8
q4 j3 q4
v3 q8
a5 a5
a8 a8
b9 b9
c0 c0
c2 c2
d5 d5
e3 e3
e6 e6
f5 f5
g8 g8
h1 h1
j0 j0
k2 k2
k4 k4
z3 z3
z8 z8
x9 x9
v1 v1
n2 n2
n5 n5
l0 l0
l2 l2
l4 l4
l6 l6
q0 q0
q3 q3
q7 q7
w2 w2
w3 w3
w9 w9
r1 r1
r3 r3
r4 r4
y0 y0
