0 18 13 117 117 89 37 188 166 166 188 119 144 144 119 117 7 68 71 187 11 178 170 5 36 35 155 77 42 186 147 97 4 25 33 58 47 127 148 148 127 160 138 124 102 65 44 129 179 179 129 50 150 72 72 150 65 102 102 124 138 58 33 25 25 4 147 186 42 77 77 155 51 36 5 170 178 115 61 121 15 23 101 174 14 40 31 133 154 19 12 19 158 146 159 120 57 57 120 159 158 19 154 133 31 14 174 101 23 15 121 136 55 181 134 184 113 98 87 126 87 113 184 128 171 135 16 177 177 177 16 171 128 136 115 178 11 38 38 71 68 7 117 18 116 116
63
0 3 10
13 82 2 13
37 85 49 78 37
89 56 89
97 69 48 97
47 79 46 47
44 66 44
50 26 64 50
160 73 91
35 28 35
51 32 8 20 51
61 9 61
40 92 94 84 40
157 41
12 54 99 12
146 76
39 86 29 39
161 63
55 52 55
181 17
134 95
126 1 88 6
98 59 24 98
135 74 67 22
187 93 80 53
33 33
4 4
11 11
68 68
77 77
81 81
83 83
70 70
43 43
25 25
27 27
72 72
5 5
45 45
65 65
14 14
30 30
15 15
36 36
18 18
19 19
58 58
16 16
21 21
60 60
62 62
23 23
7 7
31 31
96 96
87 87
38 38
57 57
34 34
42 42
75 75
90 90
71 71
