150 192 126 68 178 140 140 127 186 186 186 186 127 126 126 23 136 170 179 155 193 193 108 108 193 110 162 162 162 146 71 1 164 82 82 164 1 71 146 46 46 85 85 136 136 23 194 194 141 141 152 152 141 141 194 194 194 149 149 194 143 163 163 11 183 183 183 11 67 42 195 195 93 93 195 47 47 195 130 130 130 195 195 177 177 195 42 67
47
178 39 64 34 87 178
68 5 77 78 66 59 24 68
192 35 51 62 21 73 79 10 63 44 192
155 27 29 101 26 31 133 155
189 2 105 100 189
110 12 49 14 110
179 94 132 179
170 139 120 56 104 170
172 91 115 103 131 172
143 76 143
150 38 22 50 142 175 72 13 30 52 150
93 93
127 127
186 186
47 47
141 141
82 82
168 168
193 193
28 28
136 136
195 195
126 126
163 163
183 183
42 42
46 46
130 130
152 152
99 99
164 164
11 11
162 162
108 108
97 97
194 194
23 23
146 146
85 85
121 121
45 45
71 71
140 140
1 1
67 67
177 177
149 149
