0 91 108 48 48 108 14 167 189 14 188 61 188 178 153 128 158 144 185 9 187 159 49 85 135 59 59 135 85 49 159 187 69 161 151 152 151 161 12 182 141 95 65 133 198 83 101 101 83 198 133 11 143 121 11 95 141 12 109 10 109 144 147 147 184 124 184 119 119 0 155 0
63
140 52
91 27 160 16
167 166 170 167
189 39 71 189
2 164 2
112 172 112
61 68 89 150
55 138 94 55
153 29
128 195 196 104 123
158 51 175
9 74 139 9
152 41 45 19 152
81 148
65 107
143 46 105 197 143
121 13 102
58 66 86
182 129 73 182
69 72 69
185 50 185
10 20 176 10
124 125 26 124
178 43 103 1
155 137 24
99 99
85 85
141 141
21 21
64 64
108 108
14 14
132 132
82 82
12 12
188 188
119 119
161 161
90 90
169 169
77 77
49 49
56 56
35 35
157 157
59 59
100 100
23 23
83 83
147 147
186 186
101 101
142 142
57 57
106 106
38 38
95 95
92 92
3 3
11 11
198 198
67 67
97 97
