0 24 25 89 89 67 95 138 186 186 138 141 192 183 142 49 44 109 40 155 28 28 40 109 104 162 162 100 41 1 3 158 75 120 191 191 191 120 75 86 3 1 41 5 199 151 151 199 5 162 162 109 107 14 91 82 128 128 82 91 91 14 189 139 57 105 124 130 153 167 167 163 163 166 198 198 166 124 105 57 176 57 109 44 49 181 4 90 111 18 179 179 179 84 96 96 103 160 149 66 81 66 149 118 118 48 97 97 48 171 171 181 181 49 88 88 183 194 194 141 67 121 135 196 19 17 17 150 150 121 67 26 26 0
58
24 132 24
25 152 108
192 50 60 192
142 34 142
155 64 70 76
104 36 58 164 104
86 30 114 94 170 86
158 80 172 102 158
100 52 100
29 126 168
107 116 32
189 8
139 46 144
176 56 68 140 110 176
130 134 130
153 16 154
111 156 190
18 42 12 188 178 18
84 112 84
103 146
160 10 54 160
81 38 22 184
90 78 90
4 72 4
95 136
135 174
196 6 196
19 148 62
2 2
14 14
20 20
26 26
28 28
40 40
44 44
48 48
66 66
74 74
82 82
88 88
92 92
96 96
98 98
106 106
118 118
120 120
122 122
124 124
128 128
138 138
150 150
162 162
166 166
180 180
182 182
186 186
194 194
198 198
