2 41 85 9 60 142 24 103 28 174 165 140 171 140 165 28 30 15 57 177 70 100 198 128 20 20 121 109 161 4 4 161 109 102 45 181 34 23 11 26 26 11 23 34 181 45 86 37 25 81 12 127 132 47 29 74 74 29 47 132 127 12 81 25 37 86 100 71 6 118 118 6 71 100 70 177 139 55 130 184 184 130 55 139 57 15 30 50 193 193 24 142 60 85
74
41 48
171 67 3 14 133 171
174 113 76 174
38 98 58 46 38
186 192 138 8
121 79 82 121
195 52
148 112
102 164 63
163 110
5 93
173 36 173
128 97 106 128
147 44
198 32
114 126 54 114
62 95
103 96 122 182
50 187 145 50
42 92 42
9 61
2 53 49
194 194
142 142
125 125
139 139
178 178
179 179
141 141
73 73
131 131
6 6
116 116
189 189
13 13
196 196
94 94
130 130
34 34
55 55
119 119
28 28
35 35
25 25
7 7
161 161
188 188
86 86
157 157
118 118
177 177
80 80
23 23
51 51
0 0
193 193
100 100
85 85
12 12
4 4
136 136
56 56
156 156
158 158
149 149
26 26
27 27
15 15
115 115
30 30
90 90
59 59
181 181
165 165
