ffffff uu uuu jj nn o o nn nnn tt mmmm gg kkkk uuuu cc jjj hh ppppp z nnnnnnnn hhh bb kkkkkkk kkkkkkk aaaaaa zz oooooooo nnnnnnn lll hhhh jjjjjjjj oooo zzz ttttt ff y mmm qqqqqq ggggggg ggggggg qqqqqq eeeee f tttttt kkkkkkkk gggggggg gggggggg hhhhhhh wwwwww wwwwww hhhhhhh gggggggg kkkkkkkk tttttt f eeeee gggggg gggggg ff iiiiii ssssss mm eeee eeee mm mm ssssss zzz oooo llll c uuuuu zzzzzz xx xxxxxxx ccccccc ccccccc xxxxxxx xx zzzzzz sssssss qqq bbbbb ttt t aaaaaaaa ddd rrr nnnn nnnn rrr ddd aaaaaaaa t kkkkkk ggg bbbbbbbb bbbbbbbb ggg kkkkkk bbbbb yy sss qqqq aaaaaaa aaaaaaa qqqq sss yy sssssss sssssss c llll oooo jjjjjjjj hhhh lll nnnnnnn oooooooo zz aaaaaa kkkkkkk bb hhh nnnnnnnn ppppp hh jjj gggg pppp xxxxxx zzzz ppp yyyyyy ooooo wwwww rrrrrrrr vvv llllllll xxxx wwww rr bbb p eeeeeee fff kkkkk fffffff fffffff fffffff kkkkk fff eeeeeee p bbb rr wwww xxxx llllll b pppppp yyyy yyyyy ss rrrr iiiiiii iiiiiii rrrr ccccc vvvvv kkk jjjjj jjjjj kkk ccccc yyyyy yyyy b llllll vvv rrrrrrrr wwwww ooooo yyyyyy ppp zzzz xxxxxx cccccc hhhhhhhh hhhhhhhh cccccc gggg gggg jjj cc uuuu kkkk ww vvvvvvv ppppppp hhhhhh r m m r hhhhhh ppppppp vvvvvvv ww mmmm tt tt nnn uuu uu ffffff uuuuuuu ll xxxxx qqqqqqq lllll lllll ggggg rrrrr fffff fffff ddddd u jjjj vv dddd dddd vv jjjj u ttttttt sssss bbbb l l bbbbbbb d cccc dd dd cccc d bbbbbbb sssss ttttttt ggggg xxxxx aaaa qqqqqqqq qqqqqqqq aaaa uuuuuuu ffffff
81
z s
y iiiiiiii bbbbbb
mmm aaa q ee
iiiiii tttt ffff
ttttt jjjjjj ttttt
ttt mmmmmmmm e
qqq yyyyyyy qqq
uuuuu oooooo rrrrrr
llllllll ssss aa pppppppp llllllll
pppppp uuuuuu
ss lllllll
vvvvv vvvvvv k vvvvv
pppp qq pppp
gg eeeeee
jj xxx x
ll ii ll
rrrrr nnnnnn rrrrr
bbbb j zzzzz
ddddd a
qqqqqqq ffffffff
b b
ppppp ppppp
ttttttt ttttttt
xxxx xxxx
mm mm
o o
xxxxx xxxxx
jjj jjj
zzz zzz
eeeeeee eeeeeee
uuu uuu
yy yy
gggggggg gggggggg
ccccccc ccccccc
aaaaaaaa aaaaaaaa
wwww wwww
oooooooo oooooooo
cccc cccc
d d
aaaa aaaa
llllll llllll
xxxxxxx xxxxxxx
wwwww wwwww
bbbbbbbb bbbbbbbb
nnn nnn
ggggg ggggg
rr rr
kkkk kkkk
lll lll
ooooo ooooo
sssssss sssssss
eeee eeee
iiiiiii iiiiiii
aaaaaa aaaaaa
uuuuuuu uuuuuuu
hhhhhhh hhhhhhh
uu uu
bbbbbbb bbbbbbb
kkkkkkkk kkkkkkkk
kkkkkk kkkkkk
dd dd
fffff fffff
cc cc
tt tt
wwwwww wwwwww
sssss sssss
ssssss ssssss
jjjj jjjj
tttttt tttttt
mmmm mmmm
ggggggg ggggggg
hhhh hhhh
eeeee eeeee
dddd dddd
hhh hhh
sss sss
gggg gggg
qqqqqq qqqqqq
m m
vvv vvv
cccccc cccccc
