f uuu qq xxx ddd ppp oooo t ll ss ffff oo qqqqq qqqqq uuuuu zzz fffffff ww bbbbbbbb sss rrr dddddddd cccccccc mmmm pppp gg gg pppp cccccccc dddddddd rrr bbbbbbbb ww fffffff zzz uuuuu qqqqq oo ffff ss ll t oooo ppp ddd xxx qq m z llllll ssssss qqqq sssss ccc s vv wwwwwww kkkkkk pppppppp d d nnnnnnnn nnnnnnnn nnnnnnnn kkkkkk wwwwwww vv s ccc v ffffffff ddddddd dd jjjjjjj rrrrrr cccccc fffff vvvvvv vvvvvv fffff eeeeeeee c w rr qqqqqq aaa aaa aaa uu xxxxxx yyyyyyy n ttttt ttttt lllllll aaaaaaa sssssss sssssss aaaaaaa bbbbbb ff jjjj wwww pp pp q mmmmmmmm mmmmmmmm q pp wwww jjjj ff bbbbbb yyyyyyy xxxxxx uu rr w c eeeeeeee jjjjjjj dd ddddddd ffffffff v ssss kkk kkk ssss qqqq ssssss llllll z m qq uuu f
39
sss j llllllll sss
mmmm a eeee
rrrrrr qqqqqqq rrrrrr
cccccc hhh
qqqqqq p vvvv qqqqqq
n hhhh
lllllll aaaaa rrrrrrrr ggggg
pppppppp iii ggg nnnn
sssss lllll
jjjjjjj jjjjjjj
xxx xxx
bbbbbbbb bbbbbbbb
llllll llllll
dddddddd dddddddd
v v
q q
wwwwwww wwwwwww
fffffff fffffff
aaa aaa
c c
vv vv
ffffffff ffffffff
ff ff
wwww wwww
z z
xxxxxx xxxxxx
s s
ssssss ssssss
w w
ssss ssss
uu uu
m m
pp pp
ss ss
uuuuu uuuuu
qq qq
ttttt ttttt
jjjj jjjj
zzz zzz
