199 24 10 151 197 28 158 28 103 182 35 159 94 55 83 124 37 145 107 36 47 129 47 46 176 96 47 93 47 36 107 127 25 113 1 108 57 108 1 113 127 107 16 81 43 92 193 31 31 193 92 43 81 37 124 119 156 86 65 124 94 35 182 133 182 41 157 115 167 115 157 41 151 10 24
71
158 26 53
55 18 55
145 84
129 33 68
96 60 40 9 96
176 95 54
46 6 46
93 13 56 93
57 88 73 20 57
25 69 25
16 89 30 97 16
65 42 44 48 65
86 66 86
156 75 0 17
119 4
83 79 83
159 15 99
133 12 51
103 8 23 90
167 78 58
197 87
199 82
1 1
2 2
3 3
5 5
7 7
10 10
11 11
14 14
19 19
21 21
22 22
24 24
27 27
28 28
29 29
31 31
32 32
34 34
35 35
36 36
37 37
38 38
39 39
41 41
43 43
45 45
47 47
49 49
50 50
52 52
59 59
61 61
62 62
63 63
64 64
67 67
70 70
71 71
72 72
74 74
76 76
77 77
80 80
81 81
85 85
91 91
92 92
94 94
98 98
