ElsieJosephPhelps PhyllisJackWilson NathanKevinCorathers PamelaPageBullock BruceTeresaNelson HaleyKyleMurphy HaleyKyleMurphy HaleyKyleMurphy BruceTeresaNelson PamelaPageBullock JamesRodneyUpshaw EugeniaKimberlyArauj EugeniaKimberlyArauj JamesRodneyUpshaw CarlWayneEdwards DarnellAliciaPeters DarnellAliciaPeters MaryNancyLuke JamesJaredGonzalez JoelKatherineDuval BillyJoshuaBall BillyJoshuaBall JoelKatherineDuval JamesJaredGonzalez MaryNancyLuke ElsieJosephPhelps MarkRobertIvey OllieGeorgeSova ThomasLauraGray ThomasLauraGray ThomasLauraGray ThomasLauraGray ThomasLauraGray ThomasLauraGray ThomasLauraGray ThomasLauraGray ThomasLauraGray ThomasLauraGray OllieGeorgeSova AlfredaKirstenMartin MarianLuluDiaz MarianLuluDiaz AlfredaKirstenMartin MelindaKennethAzar JoseBerniceJohnston MariaMarionSimons MariaMarionSimons JoseBerniceJohnston MelindaKennethAzar JustinJavierToure RickyLeahGriffin RonaldRobertHughes WilburnDavidMiller LucyBennyHaag PatrickKristenWeakle KevinHaroldCyr KarenErmaJensen PaulShaneSoldner KennethShannonGardel KennethShannonGardel PaulShaneSoldner PaulShaneSoldner PaulShaneSoldner PaulShaneSoldner PaulShaneSoldner KarenErmaJensen KennethPamelaManey IolaElfriedaHemenway IolaElfriedaHemenway KennethPamelaManey PatrickKristenWeakle LucyBennyHaag WilburnDavidMiller WilburnDavidMiller RonaldRobertHughes RickyLeahGriffin JustinJavierToure
24
NathanKevinCorathers MariaChristopherCast LeroySandraLewis SueCourtneyOsgood WilliamGeorgeWilliam NathanKevinCorathers
PhyllisJackWilson LauraPhilipWinkler PhyllisJackWilson
CarlWayneEdwards PaulEvanRichard FranciscoFrancesHarr
LillieKathleenCervan BrianLuzArce ChristinaDanaGrant LillieKathleenCervan
SueJosephGarza JohnJoseJudd LuisHelenHughes
MarkRobertIvey AshleyWilliamClarke MaryLindaKirkland PatriciaBernardBrock ThomasAnnieRuiz IraJimmyYang
KevinHaroldCyr CrystalShermanVida JohnDustinKenny KevinHaroldCyr
BrianRolandAli BrianRolandAli
OllieGeorgeSova OllieGeorgeSova
JamesJaredGonzalez JamesJaredGonzalez
LucyBennyHaag LucyBennyHaag
JessicaJohnSpells JessicaJohnSpells
DarnellAliciaPeters DarnellAliciaPeters
AnnaKyleChang AnnaKyleChang
MarianLuluDiaz MarianLuluDiaz
WilburnDavidMiller WilburnDavidMiller
PamelaPageBullock PamelaPageBullock
KarenErmaJensen KarenErmaJensen
AlfredaKirstenMartin AlfredaKirstenMartin
PaulShaneSoldner PaulShaneSoldner
DonaldDoloresKelly DonaldDoloresKelly
MelindaKennethAzar MelindaKennethAzar
ElsieJosephPhelps ElsieJosephPhelps
KennethShannonGardel KennethShannonGardel
