AlbertFredHaines JoannCharlieWilkinso DianeElisePickett JudyPearlineKaminski MaryJamesDavila RichardGussieCarrell EricTinaPerea ZacharyWarrenKarth CharlesDiannaProfitt StephenWilliamCoffma CarlosTamikaStrand GaryCharlesHudson RosaPatrickYankey RickyJamesBrumfield ManuelaJoseBailey WadeSonnyMcbride WadeSonnyMcbride ManuelaJoseBailey IsaacGregGargano PatriciaRichardSippe PatriciaRichardSippe IsaacGregGargano JeremyJamesChavez MichaelElizabethWeav StormyOllieYork StormyOllieYork MichaelElizabethWeav CherylMaryMorgan TravisMichelleMeller AdrieneKathleenShea AdrieneKathleenShea SamuelLawrenceAdamit JamesJordanZamora JeffJohnBruton JeffJohnBruton SamuelLawrenceAdamit CherylMaryMorgan SandraHarryStewart BernicePennyRiddick DorisJeffreyBinger DonnaEricKonwinski DonnaEricKonwinski DorisJeffreyBinger DwainJoeFeldman MistyRobertKing MarkAngelaMccloud KathleenSherryDay KathleenSherryDay AnnDeannaLarzazs EricTammyScott BradleyDeborahSaball LynnKennethChavez KelliChristopherBanu KelliChristopherBanu LynnKennethChavez MichaelMarkHolloway GeorgeHenryVillar DavidRaymondJohnson DenaJewellDavis DenaJewellDavis DavidRaymondJohnson GeorgeHenryVillar MichaelMarkHolloway RandyBonnieBennett NormaGarryReyburn NormaGarryReyburn RandyBonnieBennett KathleenSherryDay MarkAngelaMccloud MistyRobertKing MistyRobertKing DwainJoeFeldman MargrettKennethJorda MargrettKennethJorda DonaldYvonneWilliams RonaldEdnaArant KimMickeyCohen KimMickeyCohen RonaldEdnaArant GregoryMichaelWhitme GregoryMichaelWhitme MarthaJackRobinson RobertJosephNine KevinCharlesEvans HaroldDavidLawhorn ThomasEssieEwing ThomasEssieEwing HaroldDavidLawhorn KevinCharlesEvans RobertJosephNine AnneFrankPlaisted CraigJohnLard KathleenJoseClark AllysonFlorenceSprin AllysonFlorenceSprin KathleenJoseClark CraigJohnLard AnneFrankPlaisted PatrickRafaelCastro KevinThomasHiggins JuanitaPhilipParsons JuanitaPhilipParsons KevinThomasHiggins PatrickRafaelCastro CarlosTamikaStrand StephenWilliamCoffma CharlesDiannaProfitt EricTinaPerea EricTinaPerea RichardGussieCarrell MaryJamesDavila JudyPearlineKaminski JoannCharlieWilkinso AlbertFredHaines
49
ZacharyWarrenKarth EdwardDennisStewart TommyAmandaMartin ZacharyWarrenKarth
GaryCharlesHudson JimmyFlorTasson JosephAmandaMullen GaryCharlesHudson
HowardKennethCollins GlennaMichaelBorden HowardKennethCollins
RickyJamesBrumfield PeterJosephBarbee DeniseBrunoWilliam RickyJamesBrumfield
JeremyJamesChavez RobinStephenWebster JeremyJamesChavez
TravisMichelleMeller JohnBrendaFuller TravisMichelleMeller
JamesJordanZamora HeidiMayJohnson EricJamesJuckett JamesJordanZamora
BernicePennyRiddick DeeAmandaBartley JohnRichardSmith KellyJohnnaOles JannaDavidCarranza BrettDominickSonnier WilliamDavidGray BernicePennyRiddick
BradleyDeborahSaball EdwardErnestSinger GeorgeWilliamJackson RolandGregoryWatson ElmerDemetriusLark BradleyDeborahSaball
EricTammyScott CassandraJaniceGlove EricTammyScott
AnnDeannaLarzazs CynthiaConnieWright AnnDeannaLarzazs
DonaldYvonneWilliams ClaudeBobbyBaker
SandraHarryStewart PerryJamesBennett SandraHarryStewart
MarthaJackRobinson DebraJaneFitzgerald JessicaChristopherHa MarthaJackRobinson
RosaPatrickYankey MarkDianeDuchon RosaPatrickYankey
DianeElisePickett MarciaWalterKirschma DianeElisePickett
DenaJewellDavis DenaJewellDavis
KevinThomasHiggins KevinThomasHiggins
DwainJoeFeldman DwainJoeFeldman
MichaelElizabethWeav MichaelElizabethWeav
MarkAngelaMccloud MarkAngelaMccloud
JudyPearlineKaminski JudyPearlineKaminski
GeorgeHenryVillar GeorgeHenryVillar
ThomasEssieEwing ThomasEssieEwing
MistyRobertKing MistyRobertKing
FerdinandLukeJackson FerdinandLukeJackson
JackieSharonScherrer JackieSharonScherrer
LawrenceBarryHadden LawrenceBarryHadden
CherylMaryMorgan CherylMaryMorgan
KathleenJoseClark KathleenJoseClark
JudeJanetHarcourt JudeJanetHarcourt
EricTinaPerea EricTinaPerea
LynnKennethChavez LynnKennethChavez
KathleenSherryDay KathleenSherryDay
JoStephenMay JoStephenMay
LillianJuanAncona LillianJuanAncona
StephenWilliamCoffma StephenWilliamCoffma
IsaacGregGargano IsaacGregGargano
CraigJohnLard CraigJohnLard
ManuelaJoseBailey ManuelaJoseBailey
RonaldEdnaArant RonaldEdnaArant
MaryJamesDavila MaryJamesDavila
StormyOllieYork StormyOllieYork
DorisJeffreyBinger DorisJeffreyBinger
WadeSonnyMcbride WadeSonnyMcbride
KevinCharlesEvans KevinCharlesEvans
StevenNeilNguyen StevenNeilNguyen
MichaelMarkHolloway MichaelMarkHolloway
JoannCharlieWilkinso JoannCharlieWilkinso
