dweidxeutk hxaoxcleei ebbcmbhgnc audojmtlep toeqvvzlae vpghbvlzxd ienasnqnvt ienasnqnvt cxrfqntbtm thtlrbqsyp ivgiotlrrr quwglicgzs hkjeujbikz veqndedhgo cwexpxaktw tbpduhasiq tbpduhasiq wfybmclpmp dllzvxpcgk qtqfcaqlxk vtcyzupdop kjgjbkdckc kjgjbkdckc sjqdgtugly bxdnijtmyn jojgjvziup yugelanmtk qnpmskdtgk ylgtgxhujb dlfzngcmgq okcwuqslme dfgysrnikx arrkheyths jxgwgvfggh tdtlnqnprm tdrceqkdxs mhohxeqbjo qmnmzrohyy qmnmzrohyy itejbhhfxs ouzfljsksj nqdbgeypdu xtugynuehn xtugynuehn nqdbgeypdu ouzfljsksj itejbhhfxs tdrceqkdxs tdtlnqnprm jxgwgvfggh arrkheyths dfgysrnikx okcwuqslme dlfzngcmgq ylgtgxhujb depihfdmjk cowtuqqsll wlzaatlgns rwobvahhfa joegbqydne hpqsgalvar nxiuvgpakn zzydddjmri aihlvhrjir ggkwgytekr bcwzxsuutq tofdobbbjt scgsokjwvw gcfwrdoced ctnsbezpjg fuhtgylsov dsflclsebb rbtvffgaks klbefaxnzg gibfnosbtf jiowqcrqpz sjcwiapdwb wjjdafaxvv seqrxdjigd iqbyvqgkcp mdwwftewyk alsvefjqwa tsfmzxlyll njcgixsmgk gbihbtjqog xawomxeyut xawomxeyut gbihbtjqog njcgixsmgk tsfmzxlyll alsvefjqwa mdwwftewyk iqbyvqgkcp izzewlqzll fhrstihiac vqlbufoinm htfyksgccp yqabjcolzt ffisecgfqt akzsqllzsv eeimgsecwz yvizyauxul kgpqjqjrhc rlgdknlxmz afkxpktsxw mnmjklgmnp sqejvmzqyo gzauoljfbv gzauoljfbv sqejvmzqyo kshthcslwf kshthcslwf efgyvzmusc wiwpekzeuz mgzyysypdp kpdfwhwwqb naqyljkxxq wbdpumkvfu hzhmlnosma auonnlthcz auonnlthcz hzhmlnosma wbdpumkvfu naqyljkxxq kpdfwhwwqb mgzyysypdp wiwpekzeuz efgyvzmusc rlgdknlxmz kgpqjqjrhc yvizyauxul eeimgsecwz akzsqllzsv ffisecgfqt yqabjcolzt vqlbufoinm fhrstihiac izzewlqzll jiowqcrqpz gibfnosbtf klbefaxnzg rbtvffgaks dsflclsebb fuhtgylsov ctnsbezpjg gcfwrdoced scgsokjwvw ltjqdpdqwv tehmqpfdnn xdmzjapanj xdmzjapanj kufcwxmspu kufcwxmspu kufcwxmspu xdmzjapanj tehmqpfdnn bcwzxsuutq ggkwgytekr aihlvhrjir zzydddjmri nxiuvgpakn hpqsgalvar joegbqydne rwobvahhfa wlzaatlgns wlzaatlgns cowtuqqsll igvmvwehwa wwmcjuetgz dnbdlutvqn bqrcwxsyuw bqrcwxsyuw qoleivbobc cnbqxrvlvl cnbqxrvlvl qoleivbobc qoleivbobc wwmcjuetgz igvmvwehwa cowtuqqsll depihfdmjk ylgtgxhujb qnpmskdtgk yugelanmtk jojgjvziup bxdnijtmyn sjqdgtugly kjgjbkdckc vtcyzupdop qtqfcaqlxk huciphyuma gvxfzzmwzk flrbhumcno itouxsyevo ulneltboej fxpsowceqq fxpsowceqq ulneltboej itouxsyevo flrbhumcno gvxfzzmwzk huciphyuma wfybmclpmp tbpduhasiq cwexpxaktw veqndedhgo nimybvgttg agablikqzu agablikqzu veqndedhgo hkjeujbikz khuymesdzs siwbsyuwap sxayjmxdia lotqtcczrg taoimnqdrr lgpbgvlzpo ercawnbbtx ercawnbbtx ercawnbbtx lgpbgvlzpo taoimnqdrr vtquakjujf gkbqwvqnfu gkbqwvqnfu wqeazvzkdf pjsmzvnekz pjsmzvnekz qytpyhwawq fxejnitkot tigyjzilmz tigyjzilmz fxejnitkot qytpyhwawq gkbqwvqnfu vtquakjujf sxayjmxdia siwbsyuwap khuymesdzs hkjeujbikz quwglicgzs ivgiotlrrr thtlrbqsyp cxrfqntbtm ebbcmbhgnc hxaoxcleei
71
audojmtlep irtbznwvcu audojmtlep
vpghbvlzxd cpdpvshtof vpghbvlzxd
toeqvvzlae xwsnmxufqy toeqvvzlae
ltjqdpdqwv zbgxyjmdnm cavyunvwuk tzpaywhybw pphebmysxy pgiiochubt zdiibealli
tofdobbbjt gyjkhdbyvm tofdobbbjt
sjcwiapdwb uqhdcumthr sjcwiapdwb
wjjdafaxvv drtcvphibq
seqrxdjigd hjvmodgwdg
htfyksgccp gmvwahagsy
mnmjklgmnp elifcmozpf cmelcyxenw mnmjklgmnp
afkxpktsxw vteisghgld afkxpktsxw
dnbdlutvqn lvqqznnzyn fwwnyjpwnp rqmdukqpbg
mhohxeqbjo rqchbdjiqp lzsvglcvqa
dllzvxpcgk qjjslhkvnr dllzvxpcgk
nimybvgttg hcvrravrik rzqbegeoni nimybvgttg
lotqtcczrg rulcikswsa hlimwiksjd
wqeazvzkdf nmshjtpxad ftrqchqaif gqwhfeepal dldiwncohw wqeazvzkdf
dweidxeutk xdhiumwdwn
gkbqwvqnfu gkbqwvqnfu
efgyvzmusc efgyvzmusc
ouzfljsksj ouzfljsksj
fxpsowceqq fxpsowceqq
dzzxropcld dzzxropcld
akzsqllzsv akzsqllzsv
sjqdgtugly sjqdgtugly
vtquakjujf vtquakjujf
cowtuqqsll cowtuqqsll
cnbqxrvlvl cnbqxrvlvl
xtugynuehn xtugynuehn
ivgiotlrrr ivgiotlrrr
siwbsyuwap siwbsyuwap
auonnlthcz auonnlthcz
depihfdmjk depihfdmjk
ctnsbezpjg ctnsbezpjg
tehmqpfdnn tehmqpfdnn
cwexpxaktw cwexpxaktw
wlzaatlgns wlzaatlgns
wiwpekzeuz wiwpekzeuz
wfybmclpmp wfybmclpmp
ienasnqnvt ienasnqnvt
arrkheyths arrkheyths
wwmcjuetgz wwmcjuetgz
cxrfqntbtm cxrfqntbtm
gpbaqafhdz gpbaqafhdz
dfgysrnikx dfgysrnikx
okcwuqslme okcwuqslme
taoimnqdrr taoimnqdrr
hpqsgalvar hpqsgalvar
vqlbufoinm vqlbufoinm
gvxfzzmwzk gvxfzzmwzk
fxejnitkot fxejnitkot
fuhtgylsov fuhtgylsov
aihlvhrjir aihlvhrjir
klbefaxnzg klbefaxnzg
bqrcwxsyuw bqrcwxsyuw
kgpqjqjrhc kgpqjqjrhc
dlfzngcmgq dlfzngcmgq
naqyljkxxq naqyljkxxq
tdtlnqnprm tdtlnqnprm
bcwzxsuutq bcwzxsuutq
rwobvahhfa rwobvahhfa
xdmzjapanj xdmzjapanj
itouxsyevo itouxsyevo
jiowqcrqpz jiowqcrqpz
lgpbgvlzpo lgpbgvlzpo
ulneltboej ulneltboej
rlgdknlxmz rlgdknlxmz
kjgjbkdckc kjgjbkdckc
kufcwxmspu kufcwxmspu
iqbyvqgkcp iqbyvqgkcp
bxdnijtmyn bxdnijtmyn
