Place72 Place18 Place0 Place0 Place10 Place65 Place48 Place84 Place37 Place35 Place35 Place37 Place24 Place19 Place5 Place55 Place42 Place99 Place99 Place20 Place20 Place99 Place55 Place5 Place14 Place53 Place93 Place62 Place96 Place4 Place94 Place94 Place4 Place96 Place93 Place79 Place58 Place79 Place14 Place14 Place5 Place19 Place2 Place90 Place66 Place15 Place54 Place54 Place15 Place66 Place52 Place17 Place17 Place52 Place19 Place24 Place84 Place48 Place56 Place3 Place36 Place36 Place59 Place59 Place56 Place56 Place48 Place67 Place13 Place38 Place22 Place23 Place31 Place31 Place31 Place8 Place80 Place80 Place22 Place38 Place13 Place48 Place0 Place18 Place72
29
Place65 Place77 Place33 Place30
Place10 Place88 Place10
Place3 Place29 Place50 Place85 Place3
Place74 Place16
Place2 Place86 Place89 Place2
Place90 Place47 Place81
Place42 Place78 Place98 Place34
Place62 Place71 Place91 Place60 Place61
Place53 Place26 Place83 Place53
Place58 Place87 Place1 Place58
Place67 Place43
Place23 Place57 Place41 Place23
Place8 Place75 Place40
Place36 Place36
Place31 Place31
Place0 Place0
Place15 Place15
Place52 Place52
Place59 Place59
Place54 Place54
Place93 Place93
Place56 Place56
Place48 Place48
Place19 Place19
Place22 Place22
Place17 Place17
Place4 Place4
Place20 Place20
Place18 Place18
