Place102 Place33 Place54 Place50 Place108 Place24 Place42 Place56 Place96 Place129 Place128 Place155 Place131 Place2 Place47 Place6 Place87 Place27 Place136 Place136 Place15 Place199 Place132 Place76 Place76 Place45 Place45 Place76 Place132 Place199 Place15 Place87 Place28 Place191 Place3 Place3 Place191 Place87 Place6 Place47 Place89 Place46 Place77 Place11 Place175 Place175 Place11 Place46 Place89 Place131 Place155 Place128 Place129 Place96 Place127 Place94 Place94 Place127 Place42 Place24 Place176 Place174 Place103 Place81 Place193 Place137 Place197 Place154 Place168 Place156 Place48 Place151 Place159 Place159 Place151 Place48 Place84 Place67 Place105 Place162 Place178 Place153 Place153 Place153 Place178 Place162 Place105 Place97 Place92 Place58 Place134 Place167 Place167 Place134 Place92 Place97 Place84 Place16 Place70 Place70 Place70 Place16 Place168 Place168 Place154 Place197 Place137 Place193 Place158 Place83 Place118 Place41 Place190 Place13 Place37 Place57 Place57 Place37 Place13 Place165 Place5 Place35 Place111 Place196 Place196 Place111 Place35 Place5 Place165 Place90 Place65 Place65 Place90 Place41 Place118 Place91 Place82 Place124 Place187 Place72 Place72 Place187 Place124 Place82 Place4 Place4 Place118 Place83 Place157 Place198 Place198 Place83 Place158 Place158 Place193 Place103 Place103 Place176 Place24 Place108 Place73 Place114 Place32 Place161 Place60 Place192 Place80 Place185 Place120 Place120 Place185 Place60 Place161 Place139 Place161 Place32 Place114 Place73 Place73 Place160 Place140 Place171 Place171 Place140 Place160 Place33
63
Place102 Place18
Place27 Place21 Place75 Place20 Place27
Place28 Place107 Place8 Place28
Place2 Place79 Place147 Place172
Place77 Place110 Place117 Place77
Place56 Place182 Place112 Place39 Place56
Place174 Place146 Place23 Place174
Place81 Place125 Place71 Place81
Place156 Place145 Place163 Place186 Place55 Place156
Place58 Place135 Place152 Place166 Place58
Place67 Place74 Place95
Place190 Place25 Place98 Place106 Place190
Place44 Place26
Place91 Place181 Place116 Place86
Place157 Place142 Place100
Place93 Place1
Place50 Place150 Place115 Place50
Place139 Place10 Place104 Place144 Place139
Place80 Place68 Place148 Place80
Place192 Place164
Place54 Place7
Place33 Place33
Place120 Place120
Place108 Place108
Place185 Place185
Place155 Place155
Place42 Place42
Place32 Place32
Place196 Place196
Place41 Place41
Place171 Place171
Place47 Place47
Place72 Place72
Place13 Place13
Place129 Place129
Place140 Place140
Place96 Place96
Place76 Place76
Place97 Place97
Place151 Place151
Place83 Place83
Place124 Place124
Place57 Place57
Place128 Place128
Place175 Place175
Place24 Place24
Place3 Place3
Place137 Place137
Place197 Place197
Place82 Place82
Place114 Place114
Place178 Place178
Place6 Place6
Place168 Place168
Place59 Place59
Place153 Place153
Place16 Place16
Place118 Place118
Place199 Place199
Place127 Place127
Place45 Place45
Place198 Place198
Place176 Place176
