node0 node7 node12 node11 node11 node11 node12 node14 node19 node18 node18 node18 node19 node21 node26 node25 node25 node25 node26 node28 node33 node32 node32 node32 node33 node35 node40 node39 node39 node39 node40 node42 node47 node46 node46 node46 node47 node49 node54 node53 node53 node53 node54 node56 node61 node60 node60 node60 node61 node63 node68 node67 node67 node67 node68 node70 node75 node74 node74 node74 node75 node77 node82 node81 node81 node81 node82 node84 node89 node88 node88 node88 node89 node91 node96 node95 node95 node95 node96 node98 node103 node102 node102 node102 node103 node105 node110 node109 node109 node109 node110 node112 node117 node116 node116 node116 node117 node119 node124 node123 node123 node123 node124 node126 node131 node130 node130 node130 node131 node133 node138 node137 node137 node137 node138 node140 node145 node144 node144 node144 node145 node147 node152 node151 node151 node151 node152 node154 node159 node158 node158 node158 node159 node161 node166 node165 node165 node165 node166 node168 node173 node172 node172 node172 node173 node175 node180 node179 node179 node179 node180 node187 node186 node186 node186 node187 node194 node193 node193 node193 node194 node2 node4 node4 node4 node4 node2 node2
53
node7 node10 node13
node14 node17 node20
node21 node24 node27
node28 node31 node34
node35 node38 node41
node42 node45 node48
node49 node52 node55
node56 node59 node62
node63 node66 node69
node70 node73 node76
node77 node80 node83
node84 node87 node90
node91 node94 node97
node98 node101 node104
node105 node108 node111
node112 node115 node118
node119 node122 node125
node126 node129 node132
node133 node136 node139
node140 node143 node146
node147 node150 node153
node154 node157 node160
node161 node164 node167
node168 node171 node174
node175 node178 node181 node185 node188
node0 node3 node5 node6 node192 node195
node12 node12
node19 node19
node26 node26
node33 node33
node40 node40
node47 node47
node54 node54
node61 node61
node68 node68
node75 node75
node82 node82
node89 node89
node96 node96
node103 node103
node110 node110
node117 node117
node124 node124
node131 node131
node138 node138
node145 node145
node152 node152
node159 node159
node166 node166
node173 node173
node180 node180
node187 node187
node194 node194
