node0 node7 node12 node11 node11 node11 node12 node14 node19 node18 node18 node18 node19 node21 node26 node25 node25 node25 node26 node28 node33 node32 node32 node32 node33 node35 node40 node39 node39 node39 node40 node42 node47 node46 node46 node46 node47 node49 node54 node53 node53 node53 node54 node56 node61 node60 node60 node60 node61 node63 node68 node67 node67 node67 node68 node70 node75 node74 node74 node74 node75 node77 node82 node81 node81 node81 node82 node89 node88 node88 node88 node89 node96 node95 node95 node95 node96 node2 node4 node4 node4 node4 node2 node2
25
node7 node10 node13
node14 node17 node20
node21 node24 node27
node28 node31 node34
node35 node38 node41
node42 node45 node48
node49 node52 node55
node56 node59 node62
node63 node66 node69
node70 node73 node76
node77 node80 node83 node87 node90
node0 node3 node5 node6 node94 node97
node12 node12
node19 node19
node26 node26
node33 node33
node40 node40
node47 node47
node54 node54
node61 node61
node68 node68
node75 node75
node82 node82
node89 node89
node96 node96
