Egsmith Barnton Sudwich Wetwick Nortley Stainbrough Blanworth Durnell Burfield Durnell Blanworth Stainbrough Nortley Wetwick Pemlow Watchcombe Wenbeck Brackbrough Waltdon Sudwell Sudwell Waltdon Brackbrough Wenbeck Watchcombe Pemlow Flitgrove Chelmbeck Cookford Farnsmith Shaftbage Shaftbage Cookford Chelmbeck Flitgrove
27
Egsmith Alfchester Burbourne
Burfield Staplake Penborne
Sudwich Stapbeck
Sudtree Stainby Sudtree
Farnsmith Chelmwang Edgey Farnsmith
Wychbourne Leathermere Wychbourne
Barnton Egavon Wychnell Chelmden Barnton
Wenside Wenside
Wenwold Wenwold
Stainbrough Stainbrough
Wetwick Wetwick
Cookford Cookford
Wychsmith Wychsmith
Ashbourne Ashbourne
Shaftbridge Shaftbridge
Flitgrove Flitgrove
Wywick Wywick
Nortley Nortley
Ashdown Ashdown
Wenbeck Wenbeck
Waltditch Waltditch
Chelmbeck Chelmbeck
Brackbrough Brackbrough
Pemlow Pemlow
Wychbeck Wychbeck
Egtree Egtree
Shaftbage Shaftbage
