Chelmbourne Edgwich Staintree Rocktree Barnden Shrivlow Enbage Prestey Sudwich Enlow Enlow Sudwich Brainbridge Southstoke Egborne Southstoke Alfditch Burchester Burchester Alfditch Stainhall Southmere Southmere Stainhall Barnden Stainfield Nortmoor Hornbridge Stapwold Marlton Alfwell Alfwell Marlton Stapwold Stapwold Stapwold Hornbridge Nortmoor Whitavon Nortcastle Egcastle Melborne Melborne Sudworth Wenwang Edgchester Edgchester Wenwang Sudworth Melborne Egcastle Nortcastle Whitavon Edgwich Edgwich Edgwich Edgwich Edgwich Edgwich Edgwich Edgwich Edgwich Edgwich Edgwich Edgwich Edgwich Edgwich Edgwich Edgwich Edgwich Edgwich
36
Chelmbourne Shaftwich Casford
Rocktree Bursted Wyhead Hurstworth Horndown Cookbridge Rocktree
Enbage Whitover Enbage
Prestey Hartbage Stapmoor Prestey
Brainbridge Sodside Brainbridge
Barngrove Durditch
Egborne Prestdon Cookton Barnham Egborne
Shrivlow Kingsley Shrivside Shrivlow
Staintree Wenborough Staintree
Alfby Waltbrook Pemwood Alfby
Stainfield Leatherlake Barnside Stapthorne Aldhall
Elside Pemwold Horncester Elside
Sudwich Sudwich
Sudworth Sudworth
Hornley Hornley
Wenwang Wenwang
Whitborough Whitborough
Edgwich Edgwich
Southmere Southmere
Stainside Stainside
Flitham Flitham
Edgchester Edgchester
Elgrove Elgrove
Bracklow Bracklow
Dartsted Dartsted
Wenden Wenden
Staflow Staflow
Leatherlow Leatherlow
Egcastle Egcastle
Cleredon Cleredon
Stapwell Stapwell
Stainhall Stainhall
Alfwell Alfwell
Whitavon Whitavon
Marlton Marlton
Enlow Enlow
