qtq xzk pjx rcs ifc fsl sfp blo gac llr uca qnn tvy tvy qnn uca gac sfp fsl apg wuf vsu cov lbs jxq itg ick xzf mmf xou qlo qls qyi bwq bwq qyi qls qlo opt hhe hhe opt ick itg jxq lbs cov vsu wuf apg fsl ifc xmz wpq rwt qbh cer tmc udq qbj dcv dcv udq pwa osc xax gfp otp zye ooi nxr ynq orc bpm gup fib fib cxu qoe qoe cxu fib gup bpm nhk unf vlt vlt unf nhk bok bok ynq nxr ooi mln yiz ili bsz iuz nfy ooc ooc iuz czf hxp qbq nhr viv tro viv qbq hxp czf iuz bsz ili yiz mln otp pug fgo fbz gud egz egz egz gak gak egz egz gud fbz fgo pug pwa udq tmc cer qbh wpq xmz ifc rcs xzk uxr wuc npu zho zho npu wuc oto oto
67
pjx pta pjx
blo zgs rju uwp
llr xos ukh
xzf zbn rxi
mmf vaf
xou spp lnv
rwt kza uoz rwt
tto qfc
xax txk xax
gfp thz
zye rod
orc hpb zqn nkx ptq lxt orc
nfy plx tnl idl brk nfy
nhr slq wiq nhr
wpo eqm jta
tro mbx tmd tro
osc vub bai cjp qjm
qbj pxs mnv rut qbj
uxr cnv xdz jno uxr
qtq wju
hhe hhe
htv htv
itg itg
nhk nhk
ase ase
krg krg
gup gup
ifc ifc
qbe qbe
pkx pkx
qnn qnn
dkn dkn
wuc wuc
sfp sfp
cpw cpw
ooi ooi
zgf zgf
pwa pwa
ynq ynq
tmc tmc
fgo fgo
bsz bsz
hxo hxo
lah lah
egz egz
uca uca
npu npu
vlt vlt
hxp hxp
wuf wuf
ili ili
fsl fsl
yiz yiz
iuz iuz
cxu cxu
gak gak
udq udq
ooc ooc
lfh lfh
viv viv
thd thd
qlo qlo
wpq wpq
ahv ahv
qls qls
vsu vsu
ahy ahy
