Soda Bristol Sojourner Bret Altavista Altavista Latham Fresno Bowditch Bowditch Bowditch Olympus Woodhaven Eunice Lewiston Buena Blake Tulare Shasta Columbia Columbia Cutter Sport Tulare Haviland Oregon Haviland Tulare Blake Buena Wheeler Marin Greenwood Heinz Russell Russell Heinz Breakwater Breakwater Fernwald Visalia Ajax Ajax Visalia Fernwald Wheeler Woodhaven Olympus Latham Sojourner
26
Soda Browning
Bret Martin Kenilworth Poppy Vermont Terrace Bret
Fresno Bataan Haskell Fresno
Lewiston Edith Lewiston
Oregon Comstock Poplar Arch
Cutter Belrose Burnett Muir Cutter
Sport Summit Overlook
Garber Fulton
Shasta Florida Byron Domingo Shasta
Eunice Allston Eunice
Greenwood High Haste Greenwood
Marin Madera Forest Marin
Bristol Hospital Pardee Bristol
Addison Addison
Ajax Ajax
Anne Anne
Bancroft Bancroft
Bowditch Bowditch
Columbia Columbia
Colusa Colusa
Haviland Haviland
Heinz Heinz
Keeler Keeler
Mabel Mabel
Menlo Menlo
Spring Spring
