FD CZ HB HD EV EV HD HB CZ AU BG DI GP DF AS AE DD HE ES EM AV EQ EQ AV EM HO BS HP EP DG FM FA GC HF BY BR EL FP CL GA AZ AZ GA CL AB AB EL GJ GJ CP CP BY HF GC FA FM CW FR AL GZ ED AP DR FX HI EC AD EC HI HR EB DB DB EB HR DR ED ED ED GZ AL FR GF GF FM DG EP HP BS AI BK BK AI EM EM EM ES GD CS GX FQ CE CE CE GU EX HQ HK CV GT FJ HC DW EZ FY HM HM ER FL FL CB CN BA GN GN BA CN CB FL HM HM FY EZ DW FJ GT CV HK HQ EX GX CS GD ES HE AE AS DF GP DI BG GK GK BV AC FE GH FK FG FG CM HH HH BV
67
FD CU AW
AU BO AU
DD AF GO
FP GS FI AT DC BE DZ BN EJ FP
BR ET
GM EW
AP BQ DH GR CT
FX AJ EY
AD AK FT BM AD
CW CI CW
HO AM HO
FQ AX DQ
GU FO CO
HC BF HC
ER EG FN DA DN FV CF CC ER
AC FU
FE CK
GH CA
FK DU DM
CM DE EE AG
DB DB
GC GC
FJ FJ
EZ EZ
FR FR
GK GK
AV AV
BZ BZ
EL EL
DP DP
FM FM
HP HP
GZ GZ
HB HB
FS FS
BK BK
HF HF
EK EK
GP GP
DF DF
CL CL
EM EM
BT BT
ES ES
GD GD
HH HH
CS CS
CG CG
FY FY
AZ AZ
BC BC
DI DI
GX GX
GQ GQ
DK DK
EO EO
BA BA
HD HD
EX EX
GN GN
CB CB
BG BG
GA GA
BV BV
HR HR
EN EN
GF GF
