x115 x138 x127 x125 x34 x136 x128 x89 x89 x111 x111 x111 x108 x108 x111 x94 x94 x32 x130 x130 x130 x130 x64 x64 x130 x130 x32 x34 x127 x127 x127 x127 x91 x91 x91 x62 x122 x122 x122 x122 x122 x98 x98
18
x128 x15 x124 x128
x136 x50 x136
x125 x82 x33 x81 x26 x40 x74 x84 x83 x16 x5 x75 x109 x59 x71 x27 x125
x138 x53 x38 x103 x92 x76 x138
x115 x43 x69 x17 x9 x106 x52 x20 x73 x11 x13 x61 x4 x57 x21 x48
x62 x114 x41 x44 x58 x54 x62
x122 x122
x127 x127
x111 x111
x94 x94
x91 x91
x89 x89
x32 x32
x64 x64
x34 x34
x130 x130
x108 x108
x98 x98
