Wolney Horndleside Reddingringey Nortditch Sodditch Dartworth Brombrough Hamwich Hammensmith Rotsted Wendlethorne Ketthorne Southcompmere Nortmansford Bromwich Stapseyden Prestlake Sistanwick Boothingtree Edgfield Hannensworth Skellingstoke Watchsmith Endlesthorne Alddlesbasbridge Boothingwick Rockdenport Hanbasside Bootherbersted Elmsbasbridge Wendlerewick Dribbinglow Rockenborough Ribbendhead Toddlenell Blanavon Ennell Melwich Wolden Horslake Alfcastle Brackavon Wycombe Sundlecombe Chedcastle Chipbasfield Basserchester Cannell Reddennell Camsreborough Braindlemere Ellensbrough Eggermoor Marlwich Cheddenwang Sudhead Pemsdown Wencester Windlesseywang Pendlesbascastle Endcastle Whitwood Marlborne Pendlesford Wolverbury Whitborough Camhampton Elmerdown Skelling Emmingwell Chilworth Wolbourne Suddendmansavon Braddlesreport Farnsmerbeck Hammingreport Camsmere Cirerdown Burglesbrook Soddlesbasbourne Eghampton Braddleswick Sismith Clereshot Worringcompgrove Sundtree Alddlesenbage Horndlehampton Chelmsbertree Falrensavon Suddingney Toddleborne Kettenwell Hammingdenden Sundlesborne Staindlemansavon Pendnell Chilmermere Penswick Ketworth Ciringover Tippendside Aldlow Cammertree Reddlebershot Candleseyney Elsmith Sudderbage Camsted Suddlescester Sirengrove Worglesmernell Shrivgrove Sodham Durrenslow Flitcompwold Sunsseybrook Tipencester Camtree Reddlesley Hansside Chippingchester Ribblesremoor Skellerbury Rothensden Endover Wychringden Ensdown Prestwood Chedwick Dribberbrough Melborne Camling Botbeck Sudderwick Shaftport Chelmenthorne Falbaswood Siringbrook Skellingbaswold Skellingmansgrove Wolvingborne Wolvingborne Skellingbaswold Falbaswood Chelmenthorne Shaftport Sudderwick Botbeck Camling Dribberbrough Chedwick Prestwood Ensdown Wychringden Endover Rothensden Skellerbury Chippingchester Hansside Reddlesley Camtree Tipencester Sunsseybrook Durrenslow Sodham Shrivgrove Worglesmernell Sirengrove Suddlescester Camsted Sudderbage Candleseyney Reddlebershot Cammertree Aldlow Tippendside Ciringover Ketworth Chilmermere Pendnell Staindlemansavon Sundlesborne Hammingdenden Kettenwell Suddingney Falrensavon Chelmsbertree Horndlehampton Alddlesenbage Sundtree Worringcompgrove Sismith Braddleswick Eghampton Soddlesbasbourne Burglesbrook Cirerdown Camsmere Hammingreport Braddlesreport Suddendmansavon Wolbourne Chilworth Emmingwell Skelling Elmerdown Whitborough Wolverbury Pendlesford Marlborne Whitwood Endcastle Windlesseywang Wencester Pemsdown Sudhead Cheddenwang Marlwich Eggermoor Ellensbrough Camsreborough Reddennell Cannell Basserchester Chipbasfield Chedcastle Wycombe Brackavon Alfcastle Horslake Wolden Melwich Ennell Toddlenell Ribbendhead Rockenborough Dribbinglow Wendlerewick Elmsbasbridge Bootherbersted Hanbasside Boothingwick Alddlesbasbridge Endlesthorne Watchsmith Skellingstoke Hannensworth Edgfield Sistanwick Prestlake Stapseyden Bromwich Nortmansford Southcompmere Ketthorne Rotsted Hammensmith Hamwich Brombrough Dartworth Sodditch Nortditch Horndleside
54
Wolney Braindlemoor
Reddingringey Sodden
Wendlethorne Chipcester
Boothingtree Reddingbourne
Rockdenport Hampenlake
Braindlemere Endingey
Camhampton Emthorne
Farnsmerbeck Marlringlake
Penswick Tiphampton
Elsmith Suddendwell
Ribblesremoor Worrersted
Siringbrook Leatherberlake
Skellingmansgrove Elringlow Chilhall
Melborne Emsbrook
Flitcompwold Bootbeck
Toddleborne Hannerley
Clereshot Hammermere
Pendlesbascastle Cirercompsted
Sundlecombe Meley
Blanavon Egmanston
Brombrough Brombrough
Hamwich Hamwich
Bromwich Bromwich
Stapseyden Stapseyden
Watchsmith Watchsmith
Endlesthorne Endlesthorne
Wendlerewick Wendlerewick
Dribbinglow Dribbinglow
Wolden Wolden
Horslake Horslake
Basserchester Basserchester
Cannell Cannell
Cheddenwang Cheddenwang
Sudhead Sudhead
Marlborne Marlborne
Pendlesford Pendlesford
Chilworth Chilworth
Wolbourne Wolbourne
Burglesbrook Burglesbrook
Soddlesbasbourne Soddlesbasbourne
Alddlesenbage Alddlesenbage
Horndlehampton Horndlehampton
Sundlesborne Sundlesborne
Staindlemansavon Staindlemansavon
Aldlow Aldlow
Cammertree Cammertree
Sirengrove Sirengrove
Worglesmernell Worglesmernell
Camtree Camtree
Reddlesley Reddlesley
Wychringden Wychringden
Ensdown Ensdown
Sudderwick Sudderwick
Shaftport Shaftport
