Whitgrove Ellerbridge Boothingchester Ketchester Watchlake Bursted Penddenchester Pemnell Rothingcombe Rothingcombe Pemnell Ketnell Rockbage Sundcompney Prestwick Wychchester Worford Hamscombe Stainbrough Maidendstoke Basbage Warblestancester Tippendham Worhall Alddleringworth Leatherport Cireport Egbeck Skellenshot Skellenshot Egbeck Egbeck Egbeck Egbeck Egbeck Egbeck Egbeck Egbeck Egbeck Egbeck Egbeck Egbeck Egbeck Egbeck Egbeck Egbeck Egbeck Egbeck Egbeck Egbeck Egbeck Egbeck Egbeck Egbeck Egbeck Egbeck Egbeck Egbeck Egbeck Egbeck Egbeck Cireport Leatherport Alddleringworth Tippendham Warblestancester Basbage Southmere Rothead Rothendcombe Wychditch Cookfield Staindledown Endingnell Toddenmerbrough Toddenmerbrough Endingnell Staindledown Cookfield Wychditch Wychditch Basbage Maidendstoke Hampingworth Botenbrook Tipstoke Burlake Burlake Tipstoke Botenbrook Hampingworth Barndlesborough Skellingover Candleswick Melwood Egmerhampton Shaftwick Botshot Toddingchester Stafcombe Stafcombe Toddingchester Shaftwick Egmerhampton Marlbeck Candleswick Skellingover Barndlesborough Waltbeck Cannerthorne Elside Wetsmith Warsmith Horsnell Siavon Abgleham Abgleham Siavon Horsnell Wetsmith Cannerthorne Basditch Tipbeck Burglemere Nortwell Nortwell Tipbeck Basditch Prestwick Sundcompney Rockbage Bursted Bursted Bursted Bursted Bursted Bursted Bursted Bursted Bursted Bursted Bursted Bursted Bursted Bursted Bursted Bursted Bursted Bursted Bursted Bursted Bursted Bursted Bursted Bursted Bursted Bursted Bursted Bursted Bursted Bursted Bursted Bursted Bursted Bursted Bursted Bursted Bursted Bursted Bursted Bursted Bursted Bursted Bursted Bursted Bursted Bursted Bursted Bursted Bursted Bursted Bursted Bursted Bursted Bursted Bursted Bursted Bursted Bursted Bursted Bursted Bursted Bursted Bursted Bursted Bursted Bursted Bursted Bursted Bursted Ketchester
61
Whitgrove Staplow Dribblecombe Bursmith
Sodberling Clereennell Sodberling
Ellerbridge Suddingover Worrenberwang Ellerbridge
Boothingchester Todhampton Chedworth Whitringlake
Penddenchester Milthorne
Ketnell Bothenton Wychcompwold Ketnell
Wychchester Siey Wychchester
Worford Sodport Rotherlow Endleberey Dribberham Worford
Hamscombe Skelberden Alfmere
Stainbrough Wendleringdown
Southmere Abglewold Egsted Southmere
Rothead Bothenhall Emmerley
Rothendcombe Hamwold Casbrook Eley Stapbrough Rothendcombe
Worhall Shaftborough Reddendeney Cihead Worhall
Warsmith Blansbrook Horstleover Marlbrook
Elside Penby Elside
Burglemere Hampingbascombe Marlcester
Waltbeck Redcombe Boothingmanstree Waltbeck
Melwood Dartden Wolley Melwood
Botshot Falworth Wetwick
Marlbeck Staincombe Abcester Wethampton
Watchlake Tippingbage Farndlesover Watchlake
Sifield Sifield
Tipstoke Tipstoke
Cannerthorne Cannerthorne
Ketchester Ketchester
Enderbeck Enderbeck
Bastlebury Bastlebury
Faldenhall Faldenhall
Siavon Siavon
Hampingcastle Hampingcastle
Southbury Southbury
Farnditch Farnditch
Egmerhampton Egmerhampton
Rothingcombe Rothingcombe
Horsnell Horsnell
Wetsmith Wetsmith
Nortwell Nortwell
Ribberrenston Ribberrenston
Basditch Basditch
Prestwick Prestwick
Wycastle Wycastle
Endingnell Endingnell
Bootwick Bootwick
Suddenmoor Suddenmoor
Skellenshot Skellenshot
Bromstanham Bromstanham
Hampingworth Hampingworth
Sirenshall Sirenshall
Candleswick Candleswick
Botbeck Botbeck
Tippenbrook Tippenbrook
Toddenmoor Toddenmoor
Leatherport Leatherport
Skellingover Skellingover
Tippendham Tippendham
Durbrook Durbrook
Sundlethorne Sundlethorne
Abgleham Abgleham
Sundendford Sundendford
Falderseythorne Falderseythorne
