Warfield Chilbury Hammenshead Cicombe Dribcastle Candlegrove Elmswang Burcombe Wyborne Ashfield Pendingbrook Ketsmith Whitchester Siringwang Chedtree Siringwang Whitchester Ketsmith Burcombe Elmswang Candlegrove Dribcastle Enswang Ciditch Enswang Falport Bothingney Bothingney Faldingney Hamsey Hannenmanswick Todtree Worhall Dribbingworth Worhall Barndberbrough Camwood Chelmstanwell Chelmstanwell Camwood Worhall Todtree Hamsey Faldingney Hammenshead Warfield
29
Chilbury Brackcompwang Chilbury
Ashfield Basringney Ketport Bastleseyham Ashfield
Wyborne Ellingreham Chippingsted Suddleborne Wyborne
Chedtree Elmansham Chedtree
Pendingbrook Suddleover Suddlecastle Pendingbrook
Falport Botherseyworth Horstlescompstoke Falport
Dribbingworth Leatherbleside Skelling Dribbingworth
Barndberbrough Hammerringey Millendon Barndberbrough
Hannenmanswick Chedderrenswich Soddlewick Worberbrook Hannenmanswick
Ciditch Chiphead
Cicombe Northall Cicombe
Pendlewood Pendlewood
Cambingstoke Cambingstoke
Ashborne Ashborne
Stainbrough Stainbrough
Tipwick Tipwick
Suddlecombe Suddlecombe
Todtree Todtree
Cammerrensmoor Cammerrensmoor
Chelmstanwell Chelmstanwell
Burglebrough Burglebrough
Siringwang Siringwang
Worhall Worhall
Skellingden Skellingden
Southbasport Southbasport
Windling Windling
Whitchester Whitchester
Sudsmith Sudsmith
Hamsling Hamsling
