0 1 2 3 18 19 4 5 6 7 8 9 22 22 10 11 12 27 43 58 59 43 11 8 7 6 4 18 3 2 1 0 16 17 33 48 62 64 65 50 36 51 66 67 69 70 85 70 69 67 66 51 36 50 65 80 83 84 99 99 84 83 65 64 62 33 17 16 0 15 30 45 60 75 78 79 79 78 91 60 30 15 0
43
9 52
12 13
58 57
59 55 103 119
27 28
10 40 10
5 35 5
19 34
85 88 115 116 85
80 98 110 111 80
48 47
45 46 45
75 93 109 105 75
91 120 121 124
3 3
7 7
8 8
15 15
18 18
20 20
23 23
25 25
30 30
31 31
36 36
41 41
50 50
51 51
56 56
63 63
68 68
70 70
71 71
73 73
76 76
78 78
83 83
90 90
95 95
100 100
106 106
108 108
122 122
