0 103 170 1 129 146 136 91 85 99 190 48 64 64 31 94 86 86 180 180 181 196 66 26 66 181 86 94 31 150 150 48 190 11 157 50 61 24 164 35 107 143 131 191 134 128 168 156 141 60 128 134 127 109 42 42 109 127 131 164 24 101 15 189 93 132 162 27 185 5 53 153 113 113 5 185 27 162 189 15 15 15 15 15 101 24 61 77 182 45 96 67 47 47 67 96 45 182 77 157 157 11 136 146 129 1 170
63
0 49 155
91 63 74 70 91
85 160 145 85
186 17 58 106 178 186
105 197 69 121 78
196 179 196
26 166 151 176 26
51 126 149 51
118 79
99 175 99
62 18
35 138
107 9 184
143 87
191 173 89 65
156 25 156
141 14 130 20
60 36 104 12 100
168 133 168
132 102
153 75 32 120 38 44
53 98
93 139
50 119 95 50
103 194 103
83 83
6 6
116 116
64 64
185 185
109 109
48 48
24 24
28 28
111 111
182 182
180 180
159 159
4 4
42 42
108 108
193 193
22 22
67 67
81 81
125 125
77 77
157 157
39 39
117 117
137 137
10 10
96 96
134 134
128 128
19 19
31 31
170 170
27 27
47 47
146 146
163 163
199 199
