location0 location66 location32 location55 location98 location92 location89 location24 location24 location24 location24 location24 location24 location24 location24 location24 location24 location7 location14 location29 location1 location25 location79 location82 location73 location3 location27 location96 location16 location69 location59 location59 location16 location96 location27 location3 location73 location82 location82 location82 location82 location82 location82 location82 location82 location82 location82 location82 location82 location82 location82 location79 location25 location29 location14 location7 location24 location89 location10 location10 location10 location22 location86 location91 location53 location80 location46 location46 location80 location30 location9 location9 location30 location91 location21 location21 location10 location89 location98 location74 location15 location31 location88 location88 location31 location15 location74 location32 location66
34
location0 location18 location47
location1 location4 location11 location45 location1
location69 location33 location50
location5 location19 location44 location5
location86 location36 location8 location23 location35 location40
location53 location49 location12
location34 location41 location34
location22 location42 location6 location26 location22
location92 location20
location55 location13
location2 location2
location3 location3
location7 location7
location9 location9
location10 location10
location14 location14
location15 location15
location16 location16
location17 location17
location21 location21
location24 location24
location25 location25
location27 location27
location28 location28
location29 location29
location30 location30
location31 location31
location32 location32
location37 location37
location38 location38
location39 location39
location43 location43
location46 location46
location48 location48
