location0 location57 location60 location60 location54 location23 location23 location54 location60 location57 location13 location140 location190 location155 location106 location87 location113 location113 location26 location26 location184 location149 location149 location154 location65 location65 location154 location26 location113 location164 location97 location133 location180 location48 location32 location195 location103 location197 location103 location195 location180 location133 location97 location105 location189 location53 location50 location30 location99 location99 location30 location50 location53 location170 location2 location51 location160 location18 location28 location174 location174 location174 location28 location160 location51 location2 location170 location34 location126 location6 location129 location128 location128 location129 location83 location124 location5 location131 location46 location46 location131 location5 location83 location126 location170 location152 location76 location162 location146 location21 location21 location21 location146 location77 location166 location89 location41 location89 location166 location141 location3 location166 location77 location76 location105 location97 location164 location155 location37 location104 location179 location78 location78 location78 location179 location179 location104 location140 location85 location111 location85 location140 location35 location25 location35 location27 location157 location157 location27
62
location0 location55 location14 location39 location81
location13 location19 location88 location96 location47 location13
location111 location29 location100
location87 location73 location87
location184 location36 location82 location42 location33
location40 location71 location40
location106 location93 location8 location17
location48 location80 location48
location32 location91 location32
location197 location9 location44
location107 location45
location189 location84
location18 location92 location20 location86 location18
location34 location4 location34
location6 location43 location63 location6
location124 location16 location52
location152 location79
location41 location10 location31 location41
location141 location75
location3 location24 location15 location3
location162 location70 location59
location37 location69 location66 location62 location49 location37
location190 location11 location94
location25 location38 location58 location95 location25
location1 location1
location2 location2
location5 location5
location7 location7
location12 location12
location21 location21
location22 location22
location23 location23
location26 location26
location27 location27
location28 location28
location30 location30
location35 location35
location46 location46
location50 location50
location51 location51
location53 location53
location54 location54
location56 location56
location57 location57
location60 location60
location61 location61
location64 location64
location65 location65
location67 location67
location68 location68
location72 location72
location74 location74
location76 location76
location77 location77
location78 location78
location83 location83
location85 location85
location89 location89
location90 location90
location97 location97
location98 location98
location99 location99
