Plano SantaClara Amarillo Cary OklahomaCity Rochester SanFrancisco Warren Tacoma Abilene MorenoValley Norman Washington Washington Norman MorenoValley Abilene Tacoma Warren SanFrancisco Rochester Clyde Sacramento Syracuse Worcester Dallas Hartford Mobile HuntingtonBeach Oski Tempe Fullerton AthensClarkeCounty Alexandria Olathe Olathe Alexandria AthensClarkeCounty Tempe HuntingtonBeach Mobile Dallas Worcester SanDiego Thornton Lakewood Frisco Murfreesboro Naperville Philadelphia CedarRapids CedarRapids Salinas Oceanside ElPaso SanAntonio NewHaven Birmingham Indianapolis CoralSprings Fremont Madison Knoxville Phoenix Salem Peoria Peoria Salem Phoenix Madison Fremont CoralSprings Indianapolis NewHaven ChulaVista Houston Gilbert Gilbert FortWorth Denton Springfield LexingtonFa SiouxFalls FortCollins SantaRosa Shreveport Laredo Hialeah Tampa McAllen McAllen Hialeah Laredo Allentown Killeen Modesto Glasses Fontana Fontana Akron LosAngeles Lancaster Torrance PembrokePines Orlando Lafayette ElkGrove JerseyCity JerseyCity Lafayette Orlando Torrance ColoradoSprings ColoradoSprings LosAngeles Fontana Modesto Killeen Allentown Allentown SantaRosa FortCollins SiouxFalls LexingtonFa Denton FortWorth Gilbert Houston CorpusChristi CorpusChristi NewHaven SanAntonio ElPaso Oceanside Salinas Naperville Murfreesboro Lakewood Durham DesMoines AnnArbor Jackson KansasCity Garland Omaha VirginiaBeach VirginiaBeach Albuquerque Denver Atlanta Atlanta Atlanta Hayward Buffalo Chesapeake OWO Mesa Memphis Memphis BatonRouge Richmond Richmond BatonRouge OWO Chesapeake Buffalo WinstonSalem Waco Waco WinstonSalem Albuquerque Garland KansasCity Jackson FortLauderdale Norfolk Reno LouisvilleJefferson LouisvilleJefferson Reno Norfolk FortLauderdale DesMoines Durham Lakewood SanDiego Worcester Syracuse Cary Amarillo Rockford Rockford
73
SantaClara Irving SantaClara
OklahomaCity Sunnyvale OklahomaCity
Clyde LasVegas
Oski SimiValley
Fullerton LittleRock Hampton Miami AugustaRichmond
Hartford Greensboro Hartford
Thornton Mesquite Thornton
Frisco Anchorage
Philadelphia GardenGrove
Birmingham Davidson
Knoxville Corona SanBernardino Knoxville
Springfield Glendale Chicago
Tampa Portland GrandPrairie ThousandOaks Tampa
Akron Hollywood Escondido Akron
ElkGrove Pikachu Huntsville
PembrokePines Lincoln
Lancaster Anaheim Lancaster
Glasses SanJose Glasses
Shreveport Stamford
ChulaVista Pomona SantaClarita
Omaha Ontario Omaha
Denver Oxnard Vancouver Denver
Mesa Charleston Montgomery Mesa
Hayward Wichita Hayward
AnnArbor StLouis Tulsa AnnArbor
Sacramento Vallejo
Plano Riverside
SanFrancisco SanFrancisco
FortCollins FortCollins
Cincinnati Cincinnati
Beaumont Beaumont
Brownsville Brownsville
Elizabeth Elizabeth
Killeen Killeen
McAllen McAllen
Norman Norman
Garland Garland
SantaRosa SantaRosa
Salinas Salinas
Dallas Dallas
Rockford Rockford
Warren Warren
Raleigh Raleigh
Torrance Torrance
SiouxFalls SiouxFalls
Surprise Surprise
Allentown Allentown
Norfolk Norfolk
Houston Houston
Fremont Fremont
SanAntonio SanAntonio
OWO OWO
Atlanta Atlanta
Cary Cary
MorenoValley MorenoValley
LouisvilleJefferson LouisvilleJefferson
Madison Madison
Denton Denton
Pasadena Pasadena
JerseyCity JerseyCity
FortLauderdale FortLauderdale
Laredo Laredo
Olathe Olathe
NewOrleans NewOrleans
Lafayette Lafayette
HuntingtonBeach HuntingtonBeach
CorpusChristi CorpusChristi
Mobile Mobile
Memphis Memphis
Irvine Irvine
Worcester Worcester
Waco Waco
NewHaven NewHaven
