0 185 23 153 162 156 175 117 147 125 119 119 2 186 97 97 186 2 119 125 11 87 147 173 6 17 114 154 163 154 114 72 184 122 195 29 90 90 29 122 184 57 66 188 22 74 38 145 26 12 145 38 74 22 22 188 66 57 184 72 78 177 176 51 144 144 51 177 72 30 197 181 140 140 181 197 30 50 182 61 165 130 88 67 180 63 63 180 61 101 18 192 113 76 76 113 192 18 92 92 182 50 128 81 193 193 156 162 23 0
58
175 143
117 13 115
87 89 174 27 159 83 21 116 3 157
11 65 11
128 187 107 128
81 152 59 158 56 81
6 16 160
163 1 146 98
17 94 47 71 17
195 86 96
26 167 26
12 120 84
78 199 69 78
176 93
37 20 166
101 68 164 33 141 101
135 100 111
165 42 80
130 103 4 24 130
67 31 134 67
88 183
173 138 173
153 102 153
185 70
2 2
5 5
8 8
9 9
14 14
15 15
18 18
22 22
23 23
28 28
35 35
38 38
39 39
43 43
50 50
51 51
52 52
66 66
72 72
74 74
114 114
125 125
129 129
133 133
137 137
151 151
154 154
172 172
177 177
182 182
184 184
190 190
193 193
197 197
