13 32 103 162 162 162 103 127 127 13 62 147 178 178 147 64 21 5 5 42 2 15 47 58 58 47 2 93 93 193 60 60 193 168 18 16 67 73 136 80 80 136 170 81 110 175 190 142 12 88 78 88 12 31 40 85 27 61 51 159 165 165 161 33 131 8 171 171 140 181 174 45 45 174 181 36 102 28 89 89 28 36 171 171 8 131 108 121 121 108 161 24 192 71 49 113 113 49 24 24 158 22 34 155 155 34 87 94 0 115 167 167 115 87 158 24 61 40 55 104 91 169 91 104 55 175 110 170 67 198 198 13
62
32 109 133 156
62 124 126 100
64 107 120
168 138 168
18 114 152
16 166
73 122 180 196
81 182 194
190 153 160 190
78 125 176
142 146 142
119 188 119
169 191 172 169
31 132
85 150
27 185
51 148
159 101 105 199 159
33 118 197
140 151 117 139 140
102 145 187 163 149 102
22 128 186 177
94 173
0 111 134 144
192 189 157 192
71 123 141
21 184 179
42 137 112
15 183 164
103 103
104 104
106 106
108 108
110 110
113 113
115 115
116 116
121 121
127 127
129 129
130 130
131 131
135 135
136 136
143 143
147 147
154 154
155 155
158 158
161 161
162 162
165 165
167 167
170 170
171 171
174 174
175 175
178 178
181 181
193 193
195 195
198 198
