vLeODpVlYSBeYNDYoXha biqCAetglYuANrTRzMiX DDEuYWXXufMefzDjgEFm CfkBzkPETvagyIDCsLTD TCAkluAESUWAMGFeNcGN FqdjKgdpEanmCnmxJMFA fPxvnMVMFwhJbNBURdgD vGdJmIpYPUGRspXiVLdc vGdJmIpYPUGRspXiVLdc fPxvnMVMFwhJbNBURdgD gzxzakmqbxbsOczuQVLG DDEuYWXXufMefzDjgEFm biqCAetglYuANrTRzMiX LGqbVTsFMANIedVHAALW SouQfuEdAivolPXFbygH VhDSPHxolLkNxxDnpUyx mlipOrSnGcxXtoXBbRyl fvYrLpgzqLNOAQbahgax klkbOWCZrzPBFVDxhNbj gIttwvzcgONwFblnGIqq gMqbbwopmbxmOomqZjfm QkAjrUUuVdzSMnlfJLcO FEqXJcVrZfnSsHEUPhnl ASXwCgVTXDdhSXJwFovC LeLGVrNGvkwLbzIWTNFP ubTtmhAXQixwuFvQluYa RjKEHTlRvtaVBbyqZVAw QQSjCkgLAWAPObYQvNsB QQSjCkgLAWAPObYQvNsB RjKEHTlRvtaVBbyqZVAw ubTtmhAXQixwuFvQluYa LeLGVrNGvkwLbzIWTNFP ASXwCgVTXDdhSXJwFovC QtHVsvuuzmkuXUdZioTD KgnBXuaAkdTHYMUVRKMG KgnBXuaAkdTHYMUVRKMG QtHVsvuuzmkuXUdZioTD gIttwvzcgONwFblnGIqq klkbOWCZrzPBFVDxhNbj SouQfuEdAivolPXFbygH biqCAetglYuANrTRzMiX vLeODpVlYSBeYNDYoXha
30
FqdjKgdpEanmCnmxJMFA sBkAYRISjTYinLFSNcKW fToHwimUqLsKcKLZHiUX
wRjMmrpRuknxqunJrMAE TqyFrXuGvuBuqnpYbjKc
gzxzakmqbxbsOczuQVLG iBjjCWwkYToOKfrrLnny gEufXNuuWhnlbNYaoQFJ gzxzakmqbxbsOczuQVLG
TCAkluAESUWAMGFeNcGN tVzUgXVoBYxBMnkkwFmk uyPyJzKFqWxgSNmpkDrB pdXCnKagnvEntNTuPHdK dyUDfEGgAoSshTRjMZZg
OVoYVQPnlYoZBBKtyuLk CPszTohYUHARNedzFlDK OVoYVQPnlYoZBBKtyuLk
CfkBzkPETvagyIDCsLTD iDucfyZGMCbCQbXjbQqM CfkBzkPETvagyIDCsLTD
LGqbVTsFMANIedVHAALW xQaDpDGAXhDYzSMnMWvb
mevvwcZLudaokctOWvKe jzQJaGLLiuQLhhyqBagr
fvYrLpgzqLNOAQbahgax TwgqMzgExFHTIfcwfBnr BXzACdzjLITNgbmDPlEu
mlipOrSnGcxXtoXBbRyl NVEtShKeuxpaFIOiyVqE mlipOrSnGcxXtoXBbRyl
VhDSPHxolLkNxxDnpUyx FcEsyaTmqpoyvbDrHjlc PLDOWRIeaCSVLMyDadzC jwIBHKkXHTPVsOJwBOsr VhDSPHxolLkNxxDnpUyx
QkAjrUUuVdzSMnlfJLcO NciLXNPTvMoXdbTDZmlg ybrQlUhznqOhsvndWAbl QkAjrUUuVdzSMnlfJLcO
FEqXJcVrZfnSsHEUPhnl cvlwIwajcIlbhZbyFgmq sXfgLMwoysnMazVSWnhc
gMqbbwopmbxmOomqZjfm fvEcAuRDdfuHEPLNpaTz aCucdhmWbhlrgfstQigR NAHeKyyhAObyyUEUSkSU UgFPXEAdAfcfHGIbNTsq gMqbbwopmbxmOomqZjfm
fPxvnMVMFwhJbNBURdgD fPxvnMVMFwhJbNBURdgD
DWWCMAjZQQIEKOIiHFQN DWWCMAjZQQIEKOIiHFQN
ASXwCgVTXDdhSXJwFovC ASXwCgVTXDdhSXJwFovC
AdXveYSBaneNwCQzrdSw AdXveYSBaneNwCQzrdSw
DqUxIMslnixWfmkjQTmS DqUxIMslnixWfmkjQTmS
WCCOEUYmDvzZlrkDAqoi WCCOEUYmDvzZlrkDAqoi
MlwlINEFqmyzZNPXRLJF MlwlINEFqmyzZNPXRLJF
iBYHAWUhqeQPjphQzpdN iBYHAWUhqeQPjphQzpdN
gIttwvzcgONwFblnGIqq gIttwvzcgONwFblnGIqq
RjKEHTlRvtaVBbyqZVAw RjKEHTlRvtaVBbyqZVAw
CmbFyJmcvVqyCmJgQxeI CmbFyJmcvVqyCmJgQxeI
ruLqpYqEzGGiKysvsarb ruLqpYqEzGGiKysvsarb
cZgmtoPGHxdozTaDMiyf cZgmtoPGHxdozTaDMiyf
fHcdXnOxSadpKeCUwNYm fHcdXnOxSadpKeCUwNYm
zxeoSbTqbWPpSzalAtBI zxeoSbTqbWPpSzalAtBI
QQSjCkgLAWAPObYQvNsB QQSjCkgLAWAPObYQvNsB
