wNqlpYNsRbJEgiGpKxrU shaRjZRSPDzVXmetmolj scpUkbcaYSAsHhSktebT EEeDJaHeajXXlwYcHTeJ MBJqOYmxhUYbldNVEdRy efZntVbfQTvIUOiRNPSH shugRMnaHVqQSmKaNBgu efZntVbfQTvIUOiRNPSH oKHxHZxgXgKSVZAEEVVZ IamFpWICdyBhLFRVaylm fgzJCwocQniGlXAZHJId UIlSMnVKIdNiXZNSiHsI CvZkdIYtdeDHtwufupie DpztIuGTRpGuLsdlODJw ANDviqMIuFwdcboQDprt pGEDfjoOOYfHsrRVgAyF syonLisTOSczosCwoILE oDgfEuAVpeOlkkTIMDLw iVjkcMenotYGMFEBTvoa gFUGYXSirCYiFTivWNah eCBFrcppbiLzdGQubocl twwHXGyTBfZUDOGVnCzA FWnudSYFvYQJHehOpEKf FWnudSYFvYQJHehOpEKf twwHXGyTBfZUDOGVnCzA shaRjZRSPDzVXmetmolj WoTuprXYItmuBoyNwAcV NtyLZDOaSczVvOGdocUp NtyLZDOaSczVvOGdocUp WoTuprXYItmuBoyNwAcV
36
lbWonvEbeplndKguSTkk oKAKfpUUuLItChLyByFh KcrnMnFDTrBKaUaGpdLY eOfnBeTgmYCNEnRUhlEK qfRRtdRbhYJBARMfPlZM cwgJAHVpCCTmuckJkncL yscsUFTNNyaVMKBztBdV nCedHqGgdWAicwyuYWpg WMWBpOSnHGywZjCgaYyY svUOWvTJLneAqJGnExpc lbWonvEbeplndKguSTkk
EEeDJaHeajXXlwYcHTeJ juzxSpUVuccJUMBOcJjO GMxGouyyndiUBMqMdOoc oLMkSrYLQRLHmPiuLCTC EEeDJaHeajXXlwYcHTeJ
MBJqOYmxhUYbldNVEdRy pzrGQEObzJGPnfATEYDc UdSbtwxTqTJxOiUoxEqw ZwvojvRdUOYNJXIwAqgC wfEFdNDcColoskjTjcLm CbGuHgZfQMmSOfHDFJnK gDYKDrbERUXTnCayjBrC hLaNXBYgTzgUhvjmqUTu PZwTcKCPsEmpxetNZvef MBJqOYmxhUYbldNVEdRy
shugRMnaHVqQSmKaNBgu edlAtPQdNXJQPCIzpkyX XPPBMlNyfVVeZGIzTCEW pMOSpTzPTPLXHLOQMjnt shugRMnaHVqQSmKaNBgu
oKHxHZxgXgKSVZAEEVVZ QeYNNLpZMBxyiFbZMPFY
IamFpWICdyBhLFRVaylm kqcEdfKLaRzxOhAIzchh fpoTaBKmVdlDCxFwCFoz bFmSeBrfNuxjYPUDCLYq
UIlSMnVKIdNiXZNSiHsI eobSFtKBbBdcVrTOREdK bEfUXCTlwRBndElSbPGf UIlSMnVKIdNiXZNSiHsI
syonLisTOSczosCwoILE aIuYyryCOUGVeCAqbqkg jznspKyqlmxZtgfQUJVB VRpSthoDcomqMDsGoVql QjbdwbUnopENkiNyqirZ joWAhkfNqIEECnBeulGl syonLisTOSczosCwoILE
CvZkdIYtdeDHtwufupie oHoxoLeyDYnKZDzgMtxI XvUPApTFkqaSSizYsCIr NPSPGRTNRcKKVpsBRSwh szyiMlKhtyOynWjcoMsm ZXihCBEQBTdisqSlEMsj EhDFVLWZueLOrdjEOzEQ CvZkdIYtdeDHtwufupie
DpztIuGTRpGuLsdlODJw NJZlnWyeJFrkOwoqHKtT lSJjEsqamUCgRZdCmdyI DpztIuGTRpGuLsdlODJw
ANDviqMIuFwdcboQDprt YTwycpmzEWCqqTELtzXc vTbNxpVTEoFlSjvvVvfG ANDviqMIuFwdcboQDprt
pGEDfjoOOYfHsrRVgAyF DZEpVGVXkxHljziwItaS xgBrJmdXVwtxgRuCBhMe nreoVgWrBhNXFZgTBlXO
oDgfEuAVpeOlkkTIMDLw ADVVlRLpnspleRTgeTdu wlySPverjehsBxldyigf
iVjkcMenotYGMFEBTvoa VIPPawblKbhOVWrmrWBx ZauPfhkpsGmhbvkhkltR wuSVWJYvpiWaQAHXocSG
gFUGYXSirCYiFTivWNah ayQgUwyRuQVKeyFLPNbQ gcXUxTVUZWsOwtRNeDDa ccdJRKiTXwIErdhSIxfh NIJaJxCurulNUdZZMxFk eiLPqIroFfCGzqSAlzAp EmbDgEECbkHbfAfHCgwB zNRhhVdMWUgTnnqmAfeY
eCBFrcppbiLzdGQubocl SitzoubgYFeTjmkLjVPz TEPaiCedHTXapLxoBXMp ihxEqMQIIvyQmtrtMjeO imEmCMbYEtZJJkwxkSDD xlbpuxAjoVPJWPCWBEkJ
fgzJCwocQniGlXAZHJId XtZHoAxqEyzvMChzPHpN fgzJCwocQniGlXAZHJId
scpUkbcaYSAsHhSktebT JvFxbsySBAiFiOUrzrBi jUSlIFtitQxyvVLJjiCc kyApsCeFkLoLFCdkazaE JVONrXhhmtFWhFfDiOXW zHPSSEtFTQIbLYMdHqgP scpUkbcaYSAsHhSktebT
FYfGkhtzhjqJHqxmUsVx mgNeYYUOPKpLeiVEFIXd aGPbLNWYAMujnfHCTCMo
wNqlpYNsRbJEgiGpKxrU NYdfLxXxFVvLEbDKzXWn
NtyLZDOaSczVvOGdocUp NtyLZDOaSczVvOGdocUp
vIbIQYXZnmYrooTLYNtu vIbIQYXZnmYrooTLYNtu
NzDQJknJPDEkcwCHzzbF NzDQJknJPDEkcwCHzzbF
FWnudSYFvYQJHehOpEKf FWnudSYFvYQJHehOpEKf
efZntVbfQTvIUOiRNPSH efZntVbfQTvIUOiRNPSH
igyeOiSdezmmXGTwMzLw igyeOiSdezmmXGTwMzLw
QyXpliHSeQOPIsurIcpa QyXpliHSeQOPIsurIcpa
IvXQutSorlqOgnSVAIUd IvXQutSorlqOgnSVAIUd
cMYyKTXGNKnFzrpwnXUl cMYyKTXGNKnFzrpwnXUl
kwPuYZgJgVVJfdBGUtPw kwPuYZgJgVVJfdBGUtPw
erZKLqpCZsYKDnOCaBGq erZKLqpCZsYKDnOCaBGq
QePOUWiXcAUCoHETxuGS QePOUWiXcAUCoHETxuGS
HeWrJOKsDjgdrcamgZLN HeWrJOKsDjgdrcamgZLN
wvSJDoqoPGAkYgSuPFPw wvSJDoqoPGAkYgSuPFPw
oZXYedlbtBLmkfoVmgta oZXYedlbtBLmkfoVmgta
RlHeRhvUOhGhZVGGJuED RlHeRhvUOhGhZVGGJuED
