A0 A4 A5 A10 A15 A24 A20 A20 A40 A49 A45 A45 A65 A74 A70 A70 A90 A99 A95 A95 A115 A124 A120 A120 A140 A149 A145 A145 A165 A174 A170 A170 A190 A195 A195 A187 A187 A162 A162 A137 A137 A112 A112 A87 A87 A62 A62 A37 A37 A12 A12
57
A0 A2 A3
A15 A18
A24 A21 A22 A19 A28
A40 A27 A43
A49 A46 A47 A44 A53
A65 A52 A68
A74 A71 A72 A69 A78
A90 A77 A93
A99 A96 A97 A103 A94
A115 A102 A118
A124 A121 A122 A119 A128
A140 A127 A143
A149 A146 A147 A144 A153
A165 A152 A168
A174 A171 A172 A169 A178
A190 A177 A193 A197 A194
A199 A196
A185 A186
A180 A183
A179 A181 A179
A160 A161
A155 A158
A154 A156 A154
A135 A136
A130 A133
A129 A131 A129
A110 A111
A105 A108
A104 A106 A104
A85 A86
A80 A83
A79 A81 A79
A60 A61
A55 A58
A54 A56 A54
A35 A36
A30 A33
A29 A31 A29
A10 A11
A5 A8
A4 A6 A4
A12 A12
A20 A20
A37 A37
A45 A45
A62 A62
A70 A70
A87 A87
A95 A95
A112 A112
A120 A120
A137 A137
A145 A145
A162 A162
A170 A170
A187 A187
A195 A195
