0 58 101 195 1 105 162 152 152 162 130 130 195 101 58 113 26 41 45 45 41 113 163 119 73 150 91 166 178 184 31 65 43 83 24 40 71 71 40 24 83 76 76 76 65 35 114 135 69 23 8 159 15 15 159 8 138 49 103 191 96 111 77 82 66 66 82 111 96 191 86 173 173 122 124 124 69 54 56 115 144 149 115 56 54 57 181 183 183 181 114 196 61 47 47 61 198 198 65 31 184 178 21 175 21 178 25 25 91 150 194 165 170 170 170 150 73 190 97 97 3 3 97 92 88 88 92 97 190 116 12 12 116 155 14 14 155
61
1 100 48 17 1
105 37 9 79
26 60 6 7 26
18 50 18
0 4
119 19 27 52 68
166 46 89
175 64 38
43 16 13 81 87 43
35 70 44 35
135 29 5
23 95 23
49 53 49
103 33 90
77 20 80 42 72 77
138 51
86 39 67 86
122 74 55
144 30
149 11 32
57 78 2 57
196 28 94
194 59
165 84 85 98
163 63 62 99
3 3
8 8
10 10
12 12
14 14
15 15
21 21
22 22
24 24
25 25
31 31
34 34
36 36
40 40
41 41
45 45
47 47
54 54
56 56
58 58
61 61
65 65
66 66
69 69
71 71
73 73
75 75
76 76
82 82
83 83
88 88
91 91
92 92
93 93
96 96
97 97
