Soda L59 L29 L22 L62 L62 L59 L59 Soda L88 L43 L58 L63 L93 L12 L20 L16 L42 L17 L42 L20 L12 L26 L34 L56 L8 L47 L47 L1 L96 L21 L0 L91 L85 L85 L91 L0 L21 L1 L56 L34 L26 L12 L93 L93 L93 L93 L93 L93 L93 L93 L93 L93 L93 L93 L93 L93 L93 L93 L93 L93 L93 L93 L93 L93 L93 L93 L93 L93 L93 L93 L93 L93 L93 L93 L66 L83 L45 L61 L38 L38 L61 L83 L58 L72 L78 L6 L6 L6 L58 L88 Soda
28
L29 L97 L10 L23 L2 L98 L29
L22 L5 L11 L87
L43 L39
L16 L3 L31 L69 L35 L16
L17 L18
L8 L15 L8
L96 L57 L95
L66 L30 L66
L63 L52 L55 L84 L89 L63
L45 L50 L92 L46
L72 L36 L51 L41
L78 L64
L94 L94
L82 L82
L75 L75
L85 L85
L67 L67
L91 L91
L56 L56
L21 L21
L83 L83
L25 L25
L19 L19
L26 L26
L80 L80
L6 L6
L12 L12
L1 L1
