Soda L129 L186 L196 L48 L138 L138 L48 L196 L28 L53 L112 L112 L112 L53 L101 L119 L119 L54 L88 L134 L37 L90 L90 L37 L37 L163 L163 L37 L27 L171 L151 L47 L165 L22 L40 L40 L22 L165 L47 L92 L65 L65 L66 L139 L141 L141 L141 L139 L87 L149 L123 L115 L115 L123 L87 L171 L27 L159 L164 L104 L49 L57 L126 L155 L155 L57 L49 L15 L195 L168 L108 L108 L168 L15 L49 L183 L184 L137 L136 L136 L137 L184 L49 L104 L107 L6 L6 L6 L60 L20 L135 L160 L74 L189 L81 L81 L189 L189 L189 L74 L160 L135 L116 L182 L182 L116 L6 L104 L59 L146 L146 L59 L27 L157 L157 L0 L4 L0 L157 L27 L27 L23 L23 L54 L119 L101 L52 L120 L95 L170 L170 L95 L9 L106 L192 L1 L175 L175 L175 L1 L192 L106 L9 L121 L145 L145 L121 L52 Soda
57
L129 L102
L186 L39 L188 L186
L134 L69 L132 L125 L166 L67
L91 L62 L143
L88 L34
L159 L124 L159
L107 L44 L5 L107
L20 L86 L14 L194 L76 L193 L191
L60 L98 L45 L60
L126 L68 L75 L126
L183 L84 L133 L183
L195 L158 L35
L164 L21 L164
L4 L99 L50 L70 L190 L4
L130 L172 L173 L130
L150 L174 L150
L151 L13 L151
L92 L114 L12 L92
L66 L83 L25 L85
L149 L176 L63 L149
L28 L93 L198
L120 L113 L122 L43 L167 L89
L177 L103 L177
L49 L49
L121 L121
L22 L22
L192 L192
L101 L101
L74 L74
L0 L0
L24 L24
L54 L54
L97 L97
L90 L90
L115 L115
L11 L11
L157 L157
L189 L189
L168 L168
L61 L61
L37 L37
L116 L116
L163 L163
L108 L108
L27 L27
L169 L169
L135 L135
L145 L145
L171 L171
L52 L52
L9 L9
L81 L81
L32 L32
L79 L79
L23 L23
L117 L117
L119 L119
