Soda location4 location80 location52 location52 location80 location8 location63 location34 location12 location70 location90 location98 location29 location29 location98 location70 location12 location34 location63 location32 location50 location71 location69 location57 location69 location69 location69 location69 location69 location69 location69 location69 location69 location69 location69 location69 location69 location69 location69 location69 location69 location69 location69 location69 location69 location69 location69 location50 location88 location11 location72 location94 location30 location96 location96 location30 location94 location72 location11 location88 Soda location87 location77 location13 location39 location97 location97 location97 location97 location97 location97 location97 location97 location97 location97 location97 location97 location97 location97 location97 location97 location97 location97 location97 location97 location97 location97 location97 location39 location13 location2 Soda location54 location60 location21 location95 location95 location21 location60 location60 location76 location6 location62 location3 location85 location35 location24 location45 location45 location24 location35 location85 location85 location3 location62 location14 location76 Soda
28
location4 location41 location44 location4
location8 location43 location8
location32 location23 location15 location17 location10 location37 location32
location57 location25
location71 location38 location48
location90 location16 location31
location87 location47
location77 location33
location2 location36 location7 location22 location2
location54 location28 location49 location19
location6 location42 location27 location40 location20 location1 location6
location14 location5 location9 location14
location21 location21
location3 location3
location34 location34
location18 location18
location24 location24
location46 location46
location12 location12
location45 location45
location11 location11
location35 location35
location29 location29
location50 location50
location26 location26
location39 location39
location13 location13
location30 location30
