Soda location178 location93 location128 location114 location107 location43 location140 location140 location43 location107 location128 location159 location26 location26 location159 location150 location10 location34 location77 location45 location81 location57 location46 location46 location57 location81 location45 location125 location187 location187 location125 location34 location23 location64 location12 location12 location64 location70 location184 location184 location184 location70 location130 location100 location60 location60 location100 location175 location168 location151 location135 location79 location79 location135 location168 location29 location167 location167 location50 location50 location178 Soda location182 location171 location72 location47 location18 location189 location166 location166 location189 location170 location161 location90 location16 location112 location194 location35 location35 location194 location112 location16 location90 location116 location146 location146 location138 location24 location24 location111 location162 location162 location111 location170 location47 location186 location173 location173 location47 location117 location36 location3 location144 location144 location3 location36 location192 location85 location56 location44 location44 location56 location101 location53 location9 location169 location129 location22 location11 location147 location134 location14 location14 location134 location11 location22 location129 location42 location174 location63 location63 location129 location169 location101 location117 location182 Soda
65
location114 location84 location80
location77 location75 location77
location54 location89 location1 location54
location10 location51 location73 location41 location10
location23 location52 location82 location74 location19 location78 location23
location130 location68
location175 location49
location151 location66 location40 location87
location29 location86 location91 location29
location150 location27
location93 location96 location93
location18 location88 location18
location161 location37 location92
location116 location28 location4 location98
location138 location55 location15 location99
location186 location8 location67
location72 location21 location72
location171 location33
location59 location58 location59
location85 location38 location69 location85
location192 location62
location53 location2 location53
location9 location94 location20 location9
location42 location83 location42
location174 location61 location95 location7
location147 location39 location48
location71 location71
location36 location36
location34 location34
location45 location45
location31 location31
location11 location11
location64 location64
location44 location44
location46 location46
location32 location32
location17 location17
location65 location65
location30 location30
location5 location5
location100 location100
location35 location35
location60 location60
location97 location97
location26 location26
location57 location57
location79 location79
location56 location56
location16 location16
location24 location24
location25 location25
location70 location70
location50 location50
location63 location63
location12 location12
location14 location14
location90 location90
location13 location13
location81 location81
location43 location43
location76 location76
location6 location6
location3 location3
location22 location22
location47 location47
