loc48 loc50 loc52 loc0 loc14 loc80 loc88 loc91 loc16 loc16 loc91 loc88 loc81 loc81 loc20 loc73 loc25 loc92 loc98 loc98 loc92 loc25 loc73 loc21 loc67 loc67 loc18 loc18 loc13 loc68 loc68 loc53 loc72 loc12 loc60 loc7 loc96 loc86 loc2 loc99 loc30 loc64 loc64 loc30 loc99 loc86 loc96 loc12 loc72 loc72 loc76 loc6 loc33 loc55 loc90 loc90 loc3 loc3 loc33 loc6 loc76 loc35 loc42 loc42 loc35 loc38 loc56 loc56 loc50
32
loc48 loc61
loc0 loc40 loc0
loc80 loc44 loc80
loc14 loc93 loc5
loc20 loc19 loc20
loc21 loc31 loc28 loc94 loc43 loc21
loc13 loc4
loc2 loc45 loc69 loc75 loc26
loc17 loc23 loc17
loc7 loc27 loc7
loc60 loc11 loc60
loc53 loc24
loc55 loc71 loc63 loc55
loc52 loc9 loc52
loc38 loc89 loc34
loc12 loc12
loc90 loc90
loc72 loc72
loc81 loc81
loc73 loc73
loc96 loc96
loc35 loc35
loc3 loc3
loc92 loc92
loc68 loc68
loc88 loc88
loc91 loc91
loc64 loc64
loc6 loc6
loc47 loc47
loc98 loc98
loc25 loc25
