loc79 loc68 loc97 loc132 loc187 loc118 loc48 loc34 loc45 loc22 loc22 loc22 loc45 loc34 loc108 loc24 loc19 loc7 loc195 loc195 loc7 loc19 loc24 loc57 loc57 loc0 loc110 loc140 loc35 loc152 loc152 loc35 loc140 loc110 loc0 loc132 loc132 loc132 loc92 loc96 loc96 loc92 loc16 loc173 loc106 loc169 loc169 loc106 loc14 loc60 loc142 loc174 loc114 loc114 loc114 loc41 loc186 loc167 loc171 loc42 loc42 loc171 loc167 loc146 loc146 loc37 loc37 loc52 loc179 loc179 loc52 loc120 loc120 loc89 loc148 loc69 loc69 loc148 loc89 loc120 loc176 loc176 loc120 loc114 loc174 loc142 loc60 loc14 loc162 loc98 loc98 loc124 loc124 loc98 loc130 loc130 loc196 loc196 loc130 loc14 loc131 loc121 loc158 loc180 loc59 loc59 loc33 loc26 loc94 loc73 loc75 loc75 loc94 loc26 loc33 loc189 loc8 loc56 loc163 loc65 loc65 loc163 loc56 loc8 loc64 loc166 loc145 loc32 loc32 loc145 loc166 loc107 loc76 loc185 loc185 loc185 loc76 loc107 loc175 loc175 loc131 loc14 loc16 loc68
62
loc48 loc70 loc36 loc3 loc128 loc48
loc108 loc113 loc66 loc40 loc18
loc118 loc191 loc118
loc187 loc154 loc187
loc97 loc25 loc164 loc91 loc97
loc173 loc90 loc173
loc186 loc58 loc160 loc111 loc62 loc43 loc186
loc41 loc133 loc54 loc17 loc153 loc41
loc162 loc87 loc109 loc159 loc78 loc162
loc180 loc2 loc180
loc73 loc170 loc83 loc150 loc73
loc189 loc134 loc181 loc44 loc50 loc189
loc64 loc4 loc127 loc64
loc158 loc122 loc158
loc121 loc30 loc121
loc79 loc11
loc9 loc9
loc114 loc114
loc6 loc6
loc69 loc69
loc26 loc26
loc96 loc96
loc148 loc148
loc8 loc8
loc130 loc130
loc142 loc142
loc68 loc68
loc140 loc140
loc171 loc171
loc167 loc167
loc59 loc59
loc60 loc60
loc0 loc0
loc155 loc155
loc124 loc124
loc174 loc174
loc107 loc107
loc110 loc110
loc33 loc33
loc16 loc16
loc98 loc98
loc89 loc89
loc176 loc176
loc52 loc52
loc132 loc132
loc80 loc80
loc146 loc146
loc115 loc115
loc14 loc14
loc185 loc185
loc94 loc94
loc196 loc196
loc145 loc145
loc34 loc34
loc131 loc131
loc76 loc76
loc19 loc19
loc45 loc45
loc152 loc152
loc92 loc92
loc106 loc106
loc120 loc120
