Jingzhou Fredericia Colachel Carouge Huauchinango NiagaraFalls NiagaraFalls Huauchinango Kheri BurgbeiMagdeburg Kabarnet MelitodiNapoli BeneBeraq BeneBeraq MelitodiNapoli BurgbeiMagdeburg Eregli Puruliya SmederevskaPalanka SmederevskaPalanka Puruliya AbualMatamir Bodhan TanahMerah Wittenau Surkhpur Bejucal CiudaddelCarmen SanJosedeOcoa Ketrzyn Ronse AzZuwaytinah AzZuwaytinah Ronse SanJosedeOcoa Khabarovsk Khabarovsk Crespo Falun Falun Crespo Khabarovsk Bejucal Surkhpur Wittenau TanahMerah Bodhan Jingzhou
31
Fredericia Sagalo
Carouge Shively elCampello Carouge
Kheri Shizunaifurukawacho Manduria Kheri
Kabarnet Lysva Jeypore Gangtok Sarzedo JabalosSaraj Kabarnet
Srinagar Entroncamento Srinagar
Eregli Kirovsk LondonderryCountyBor FortLauderdale
Colachel Ibri Tottori Colachel
AbualMatamir SaintMichael Ermelo
CiudaddelCarmen Chittaranjan Chegem Rangae
Frosinone RioFormoso
Ketrzyn Radnor Shumen Ketrzyn
CoonRapids CoonRapids
Rembangan Rembangan
AzZuwaytinah AzZuwaytinah
Ronse Ronse
Depok Depok
Crespo Crespo
TanahMerah TanahMerah
Ghugus Ghugus
Khabarovsk Khabarovsk
BurgbeiMagdeburg BurgbeiMagdeburg
Ouarzazat Ouarzazat
SanJosedeOcoa SanJosedeOcoa
Sanaa Sanaa
Thamaga Thamaga
Tabatinga Tabatinga
Veenendaal Veenendaal
BeneBeraq BeneBeraq
Malnate Malnate
Bejucal Bejucal
Carmichael Carmichael
