LesLilas Nahorkatiya Licata Mondlo Grajau Cherkasy Escada Tias Balachor Ibirataia SouthSaintPaul Djelfa Rivas Rivas Djelfa Djelfa Djelfa Djelfa Djelfa Djelfa Djelfa Djelfa Djelfa Djelfa Djelfa Djelfa Djelfa Djelfa Djelfa Djelfa Djelfa Djelfa Djelfa Djelfa Djelfa Djelfa Djelfa Djelfa Djelfa Djelfa Djelfa Djelfa Djelfa Djelfa Djelfa Djelfa Djelfa Djelfa Djelfa Djelfa Djelfa Djelfa Djelfa Djelfa Djelfa Djelfa Djelfa Djelfa Djelfa Djelfa Djelfa Djelfa Djelfa Djelfa Djelfa Djelfa Ibirataia Balachor Akcaabat Akcaabat Ipil VerrieresleBuisson Oyonnax Oyonnax VerrieresleBuisson Cherkasy Grajau Grajau Grajau Grajau Grajau Grajau Grajau Grajau Grajau Grajau Grajau Grajau Grajau Grajau Grajau Grajau Grajau Grajau Grajau Grajau Grajau Grajau Grajau Grajau Grajau Grajau Grajau Grajau Grajau Grajau Grajau Grajau Grajau Grajau Grajau Grajau Grajau Grajau Grajau Grajau Grajau Grajau Grajau Grajau Grajau Grajau Grajau Grajau Grajau Grajau Grajau Grajau Grajau Grajau Grajau Grajau Grajau Grajau Grajau Grajau Grajau Grajau Grajau Grajau Grajau Grajau Grajau Grajau Botad NorthAurora Aracuai NorthAurora Protaras Scottsdale FetestiGara FetestiGara FetestiGara Scottsdale Sobue Mandan Mandan NahiyatashShinafiyah Nangi Lembang Acireale GuaMusang Andrychow GuaMusang Lembang Nangi NahiyatashShinafiyah Gorgan Chelles Chelles NahiyatashShinafiyah Mandan Pezinok Belalcazar Belalcazar Pezinok Mandan Hangu Daokou Daokou Hangu Malpe NowaRuda Alnavar Alnavar NowaRuda ElCentro Marchena Shobara Kambove CerroAzul Kambove NorthAurora Botad Kineshma SpanishTown Lloydminster Khulm Anjarah Purnia Purnia Anjarah Lloydminster SpanishTown Kineshma Botad LesLilas
54
Nahorkatiya Hirosaki
Skelmersdale Tabou Prostejov ChalcodeDiazCovarrub Kotka MineralnyeVody Langenhorn CapimGrosso Zhaodong Skelmersdale
Licata Battambang Rhondda MonteAlegre
Mondlo AinArnat
Aracuai AinBessem Vyazniki Aracuai
Protaras KotRadhaKishan
Bourgoin Morwa VillaPauladeSarmient
EastLongmeadow Mocoa Gowurdak PortoVelho Embu EastLongmeadow
Itororo Espiye Itororo
Malpe Ortaca Yafo Wangon
Johnston Sosnovka Johnston
Sobue Kairouan Sobue
Acireale Butuan Oerlinghausen Ontinyent Fuxin Sorada Acireale
Andrychow NoblePark Gunzenhausen Turek SaintCyrlEcole Andrychow
Gorgan Arzamas Shurugwi Gorgan
GongdanglegiKulon Braila PriegodeCordoba
ElCentro Haripur
Marchena Garbsen
Shobara MadinatHamad Izhevsk
CerroAzul Mabopane Kaifeng AshtonunderLyne
Khulm SenadorPompeu Nagar Khulm
Tias SantanadoLivramento
SouthSaintPaul Kemise Angleton Twante SouthSaintPaul
Escada WestIslip Acarau Escada
Ipil Vaniyambadi Korsakov SenaMadureira
SanJuandelaMaguana SanJuandelaMaguana
Shchekino Shchekino
Shimofurano Shimofurano
Ibirataia Ibirataia
Hangu Hangu
Rivas Rivas
Haora Haora
SpanishTown SpanishTown
Belalcazar Belalcazar
BlueIsland BlueIsland
Kambove Kambove
Akcaabat Akcaabat
Anjarah Anjarah
Baramula Baramula
TagbilaranCity TagbilaranCity
HaciendaLaCalera HaciendaLaCalera
Lloydminster Lloydminster
Shieli Shieli
NahiyatashShinafiyah NahiyatashShinafiyah
Bury Bury
FetestiGara FetestiGara
Manacapuru Manacapuru
Pozzuoli Pozzuoli
Kineshma Kineshma
GuaMusang GuaMusang
Pezinok Pezinok
Daokou Daokou
Wenchi Wenchi
FortWorth FortWorth
