EFLJOTk Q7Ib7B EJOi3LI92xJB eJxYI mQzeU6iv7 iztqe0IzNSYeIUxP5Ys lM3eVHiWOj2z1e lM3eVHiWOj2z1e iztqe0IzNSYeIUxP5Ys SoHxfA vngV9R4 z3IWTq6FKu1omU3 7Wp6U BUfMm00h6fJ tC5KpkScgYX02k tC5KpkScgYX02k BUfMm00h6fJ 7Wp6U z3IWTq6FKu1omU3 vngV9R4 SoHxfA eJxYI EJOi3LI92xJB Q7Ib7B nhkUU4YlSo 4pWeD5 8mH07eUDVB04ui35Z 8pPHWv 8pPHWv 8mH07eUDVB04ui35Z 4pWeD5 nhkUU4YlSo kC Tni sR1n9b j11gCbcMZNJncxiwPV zcsBKP3FYMqw pOoSn8Pa 6bbt262qZFihQO t8ufBKg6M55z4g 6mx6unEnl K6 K6 6mx6unEnl t8ufBKg6M55z4g 13GDMZYtkIBDG8SVi5px cPnISetFj7gG8o9K m2oGn6oGt5 KOtKYQK22FioLtSNslXR Kc4Vyt uyp6KKxfzDAWVnn YvZ0aTMM I0a5SBtiDKckQxXh155L 3 jTaOOUL TfK0dOIIY4 JQX0b JQX0b TfK0dOIIY4 jTaOOUL I0a5SBtiDKckQxXh155L YvZ0aTMM EcsTlClw EXfqYjoFSTnavKQ ZaguBxortKIVVjm bvSOq fYU2Uaajqs0pCys q4W 9PHu2NLeEO 1p3lWfo8qHHC 8I1AatPM 8I1AatPM 1p3lWfo8qHHC 9PHu2NLeEO q4W fYU2Uaajqs0pCys bvSOq ZaguBxortKIVVjm cw cw EcsTlClw fMV6tQxP d bNfy6q11uC z5YSSdMs z5YSSdMs bNfy6q11uC d fMV6tQxP KOtKYQK22FioLtSNslXR cPnISetFj7gG8o9K 13GDMZYtkIBDG8SVi5px Xn8chReB4cAIE2gsbLF 7F9H97joVTdU8ZEpeb VU2REvRjMeog EbJNNmdNcYu0zYWsn8WQ EbJNNmdNcYu0zYWsn8WQ VU2REvRjMeog 7F9H97joVTdU8ZEpeb Xn8chReB4cAIE2gsbLF pOoSn8Pa zcsBKP3FYMqw j11gCbcMZNJncxiwPV sR1n9b Tni kC
25
mQzeU6iv7 IRUxJNqQHDtKwk q9b8L0oiOJr mQzeU6iv7
EFLJOTk Tb5qjVS0DSkDKD
tYEQUyLbbkP1dOjF fgxHyKXvIAKSHtMEoO
6bbt262qZFihQO qKAN35ZxfJxs2n
m2oGn6oGt5 tZ
Kc4Vyt r5x
uyp6KKxfzDAWVnn 4W AUKNFdTo
3 QyWIcdD7GorZtfQJb S5
EXfqYjoFSTnavKQ Kpec 0e
I0a5SBtiDKckQxXh155L I0a5SBtiDKckQxXh155L
SoHxfA SoHxfA
fMV6tQxP fMV6tQxP
vngV9R4 vngV9R4
13GDMZYtkIBDG8SVi5px 13GDMZYtkIBDG8SVi5px
8I1AatPM 8I1AatPM
cPnISetFj7gG8o9K cPnISetFj7gG8o9K
7F9H97joVTdU8ZEpeb 7F9H97joVTdU8ZEpeb
K6 K6
EJOi3LI92xJB EJOi3LI92xJB
Xn8chReB4cAIE2gsbLF Xn8chReB4cAIE2gsbLF
4pWeD5 4pWeD5
JQX0b JQX0b
6mx6unEnl 6mx6unEnl
9PHu2NLeEO 9PHu2NLeEO
1p3lWfo8qHHC 1p3lWfo8qHHC
