lyenDXSN Lz2zTm A wKxe td2wE ejGARlqqTb PeQXpKEC g5rTdl Nro8QqD7 zR86cxoBR1iHZrBRq IT s atG6EA8t O7r2ToU4q2kmCB tPnWG dOlk D D5kg NgQY7 m CmV txdRlSWkHoanZg KXiqhMJ DcRHjg8DDY6vnwByRY qdOugTsQERXKb12woNAZ rjuIDs VgyX6hB MBLHuIgjJIXs uy3ouNIxumu7jEuoP1 2AR73oQdnbYqnDCGMFS EJDqk Plmj0j Iax35 HwQeXpOEZHQ3s 8tafV1bFRuaPvhP hVfqebryM4wN f9euNCVEF2WwHc0CWSy5 a5oWSrhkZ1i qyauMx3AEqGdHObLiiL l ZDtYWltAxD3Y WTx TCBmdyw eMRqWqXSSf3JtA eMRqWqXSSf3JtA TCBmdyw WTx l qyauMx3AEqGdHObLiiL hVfqebryM4wN S8DQEZtWlk6ka46PO A67f fGVqheaVU3e 76MTLMkt rzakQDW pyuS7PRB7WW STJYwXq9HmmawT yhhlTVr0wSq5W udWCYo vAIBd1Ae fWX RG2YgH8N22A6BkFVBj fzp fzp RG2YgH8N22A6BkFVBj fWX vAIBd1Ae udWCYo yhhlTVr0wSq5W pyuS7PRB7WW rzakQDW 76MTLMkt fGVqheaVU3e A67f S8DQEZtWlk6ka46PO hVfqebryM4wN 8tafV1bFRuaPvhP HwQeXpOEZHQ3s Iax35 Plmj0j b4e4 tQCCGXS3bmOeuRG 49JO1dg0kSXirC4 K6yVeBnomxSBet nWkakNi6Qt9d4g SO ATcHai3SBHuvmr ATcHai3SBHuvmr SO sAyhAIwP2OT77F2er 8LlDxR2Epx2J excLR25Y6DhCWxI mMU5Ux7Gh9w PZxwb8n s5vYb4jZWyq9Wl1 KTvdjgP8tvhZu1m akZmiQ7tmX 1ds7sqHhanMKkMy s6JxFNKQ JO9N0rYR9egCTahDaDOm LdA nHG SB3y6f6tUh 7h2PJW8oD2ihKQrfQ6 lt1a5E0H lt1a5E0H ImSpax GPeb aqo cHKeh1 6DVIvuGfPs2BU dygEexsyZY Mu z z Mu dygEexsyZY 6DVIvuGfPs2BU cHKeh1 aqo GPeb ImSpax SB3y6f6tUh SVbyt JkLZO8DirKOG2bdj JyObTOXbOI JyObTOXbOI JkLZO8DirKOG2bdj SVbyt LdA JO9N0rYR9egCTahDaDOm ktk7W LMfJF3uF5T1mE7y DYfBQTocj pl4FvR luVwbYvIclTUxL5SnKV BMNlDfk8j64 6yeW7sat9rvd cnYBED3IXb5fpZ cs0 cs0 cnYBED3IXb5fpZ 6yeW7sat9rvd BMNlDfk8j64 luVwbYvIclTUxL5SnKV pl4FvR DYfBQTocj LMfJF3uF5T1mE7y ktk7W akZmiQ7tmX KTvdjgP8tvhZu1m s5vYb4jZWyq9Wl1 PZxwb8n mMU5Ux7Gh9w excLR25Y6DhCWxI VNvsbB7eWJcAK0fU 2FvJIR5cRPGGLqP 5esNrDc31UHHlpRecnb QqJi086VlxfXT0 w8EWCroyCh3Um Ei2w Ei2w w8EWCroyCh3Um QqJi086VlxfXT0 5esNrDc31UHHlpRecnb 2FvJIR5cRPGGLqP excLR25Y6DhCWxI 8LlDxR2Epx2J sAyhAIwP2OT77F2er K6yVeBnomxSBet K6yVeBnomxSBet tQCCGXS3bmOeuRG b4e4 Plmj0j EJDqk EJDqk 2AR73oQdnbYqnDCGMFS uy3ouNIxumu7jEuoP1 MBLHuIgjJIXs VgyX6hB rjuIDs qdOugTsQERXKb12woNAZ DcRHjg8DDY6vnwByRY KXiqhMJ txdRlSWkHoanZg CmV m NgQY7 D5kg D dOlk 4OPV7 eIy4pbuoWfucC gNAsryh 7Q 7Q gNAsryh eIy4pbuoWfucC 4OPV7 O7r2ToU4q2kmCB atG6EA8t IT zR86cxoBR1iHZrBRq E3J9WM6DT0Hetm4lXQFQ E3J9WM6DT0Hetm4lXQFQ g5rTdl PeQXpKEC ejGARlqqTb td2wE wKxe A Lz2zTm lyenDXSN
31
Nro8QqD7 hU
s BR KtvQaJqCJTRpXM8ZI
tPnWG zI
a5oWSrhkZ1i K0A9bbVLm9atwTf f
ZDtYWltAxD3Y G50hiUpVStHCMrd hjCFXN9kbqn0UCNsZ
f9euNCVEF2WwHc0CWSy5 nqeGwct
STJYwXq9HmmawT L 61
nWkakNi6Qt9d4g frNA534JEvY4f nWkakNi6Qt9d4g
VNvsbB7eWJcAK0fU jvdVvQ zzYmU5YFhvp1 VNvsbB7eWJcAK0fU
1ds7sqHhanMKkMy M1PxrOPSNUVpc
7h2PJW8oD2ihKQrfQ6 llx2p vJxAK1LaHyuu4yFNeul
nHG cYPTdnJWL
s6JxFNKQ wBJRoqVxn1t
49JO1dg0kSXirC4 o3refHnx4qioqHztqMYE wcmx8dhmsO
MBLHuIgjJIXs MBLHuIgjJIXs
CmV CmV
l l
lt1a5E0H lt1a5E0H
GPeb GPeb
vAIBd1Ae vAIBd1Ae
akZmiQ7tmX akZmiQ7tmX
Mu Mu
Plmj0j Plmj0j
6DVIvuGfPs2BU 6DVIvuGfPs2BU
ImSpax ImSpax
hVfqebryM4wN hVfqebryM4wN
7Q 7Q
A67f A67f
6yeW7sat9rvd 6yeW7sat9rvd
HwQeXpOEZHQ3s HwQeXpOEZHQ3s
2AR73oQdnbYqnDCGMFS 2AR73oQdnbYqnDCGMFS
