ba31a4d314614fb3812e e4045f34afe3440f96a7 987af67a4e554ded9e25 aecabddcf0ad49488ea8 bc1f249c6a2d4dda88bd d6031bc2a7e44b849d36 17e9195d58204aa2860f 5d399f04e771464dae55 3c47a911234b471abcb4 3c47a911234b471abcb4 5d399f04e771464dae55 5d399f04e771464dae55 5d399f04e771464dae55 5d399f04e771464dae55 5d399f04e771464dae55 5d399f04e771464dae55 5d399f04e771464dae55 5d399f04e771464dae55 5d399f04e771464dae55 5d399f04e771464dae55 5d399f04e771464dae55 5d399f04e771464dae55 5d399f04e771464dae55 5d399f04e771464dae55 5d399f04e771464dae55 5d399f04e771464dae55 5d399f04e771464dae55 5d399f04e771464dae55 5d399f04e771464dae55 5d399f04e771464dae55 5d399f04e771464dae55 5d399f04e771464dae55 5d399f04e771464dae55 5d399f04e771464dae55 5d399f04e771464dae55 5d399f04e771464dae55 5d399f04e771464dae55 5d399f04e771464dae55 5d399f04e771464dae55 5d399f04e771464dae55 5d399f04e771464dae55 5d399f04e771464dae55 5d399f04e771464dae55 5d399f04e771464dae55 5d399f04e771464dae55 5d399f04e771464dae55 17e9195d58204aa2860f d6031bc2a7e44b849d36 bc1f249c6a2d4dda88bd aecabddcf0ad49488ea8 13e717224aeb40268120 abe5d10e51264d4d8037 55c4f7aaab0a440bbafc 0992bf9dd7eb4188a0d8 de8b913696d2439dae95 618a18c13de54a5c8151 ce9fcaf93aac4864a2e3 618a18c13de54a5c8151 8c127ecfb92243ad9b21 3173bb9818554e8a9c42 061fa850563249c6987c 833c39e744fe4388ba44 bae060ef6bf440788cf4 c90b725d56524e48bce9 43c11d251c5349558254 90b4d65ab9e6400c8b17 3c65b0255ea44b94b90a 571a5a0e14264e279231 25bcf7631da942ffa236 95e40b97ede8496c8c8e 95e40b97ede8496c8c8e 0b83bfb25fcf4c36b100 0b83bfb25fcf4c36b100 95e40b97ede8496c8c8e 25bcf7631da942ffa236 571a5a0e14264e279231 90b4d65ab9e6400c8b17 43c11d251c5349558254 c90b725d56524e48bce9 c90b725d56524e48bce9 bae060ef6bf440788cf4 833c39e744fe4388ba44 061fa850563249c6987c a3568352900249e1aec1 924452748d234e728dad e9a399c4d9ce4ab28aaa c71e3bab1dd647aca659 4cd184dd08094f4892b7 4cd184dd08094f4892b7 c71e3bab1dd647aca659 e9a399c4d9ce4ab28aaa 924452748d234e728dad a3568352900249e1aec1 8c127ecfb92243ad9b21 618a18c13de54a5c8151 de8b913696d2439dae95 0992bf9dd7eb4188a0d8 55c4f7aaab0a440bbafc abe5d10e51264d4d8037 cc0dfd3acc49430d8b8c 446bbc041d8745c4a2ea cc0dfd3acc49430d8b8c
18
e4045f34afe3440f96a7 ec4df13460ae4bb18f29
987af67a4e554ded9e25 ad74864096d649a881c6 51a9097d8ff949ab9061 39b4d669172b4bad83c2
ba31a4d314614fb3812e 4ac506b94809432b9d4d
ce9fcaf93aac4864a2e3 f7c0d7ac94fa44af96c1 3d0ddd0ef5e34e31b268
3c65b0255ea44b94b90a ac3e8375de984154ae4e 502cd98b009a4da9ac37
3173bb9818554e8a9c42 039bc494d1204fd0ab27
6e827ff7027a4e67be57 d0657041e36a408390c5 006489627d7f40d78e5f
13e717224aeb40268120 b278ec29017f466d82b9 98033c501332416f870c
446bbc041d8745c4a2ea 0a8efee56d9f4a81b041 4bb9e4866e8947eab8e4
3bd3cfc8f22040798830 3bd3cfc8f22040798830
43c11d251c5349558254 43c11d251c5349558254
cc0dfd3acc49430d8b8c cc0dfd3acc49430d8b8c
abe5d10e51264d4d8037 abe5d10e51264d4d8037
0b83bfb25fcf4c36b100 0b83bfb25fcf4c36b100
c90b725d56524e48bce9 c90b725d56524e48bce9
758c28567fee441d9639 758c28567fee441d9639
5d399f04e771464dae55 5d399f04e771464dae55
70fd14fc9b9249e29e78 70fd14fc9b9249e29e78
