2 56 61 61 17 29 92 64 58 55 74 81 80 91 71 90 90 77 83 28 46 88 1 84 96 57 59 59 57 97 97 84 1 88 46 43 9 44 99 99 44 51 10 31 20 20 31 10 51 43 83 77 77 91 80 81 74 55 58 52 52 29 17 34 34 60 49 94 82 66 12 93 41 7 7 41 93 93 53 86 95 23 36 32 4 25 6 62 11 79 21 21 79 11 62 6 25 4 32 36 23 95 86 66 82 94 49
40
56 27
64 87 5 65
71 63 71
9 13 3 85 9
28 47
96 39 89
92 75
2 37
60 69
12 35 19
53 45 15 53
1 1
7 7
11 11
17 17
21 21
23 23
25 25
29 29
31 31
33 33
41 41
43 43
49 49
51 51
55 55
57 57
59 59
61 61
67 67
73 73
77 77
79 79
81 81
83 83
91 91
93 93
95 95
97 97
99 99
