2 9 179 49 68 16 14 35 63 36 88 175 178 165 26 119 194 34 194 119 26 165 178 175 87 124 123 101 33 135 113 94 103 42 111 111 133 129 185 3 3 129 28 13 147 1 1 77 77 77 1 147 13 28 111 138 60 41 83 21 157 157 83 41 60 138 135 135 101 123 124 106 6 7 99 105 10 105 99 7 7 6 106 175 35 27 35 14 68 31 93 66 189 189 56 184 50 158 86 174 37 144 80 4 80 37 174 86 50 184 56 93 91 140 140 91 68 179 9 2
70
16 139
36 141
34 59 67 117
33 19 69 33
103 43 61 103
185 85 107 173 185
154 5
133 159 51 23 187 133
42 191 89 163
21 79 21
164 167
94 197
113 71 113
10 15 171
87 151 87
88 183
63 57 63
27 17 29 199 27
66 53
144 143 149
4 127 177 81 125
158 153
31 169 65 31
49 73 49
1 1
3 3
7 7
9 9
11 11
13 13
25 25
35 35
37 37
39 39
41 41
45 45
47 47
55 55
75 75
77 77
83 83
91 91
93 93
95 95
97 97
99 99
101 101
105 105
109 109
111 111
115 115
119 119
121 121
123 123
129 129
131 131
135 135
137 137
145 145
147 147
155 155
157 157
161 161
165 165
175 175
179 179
181 181
189 189
193 193
195 195
