S 1M 1Ea 1Ak 1Ak S 2M 2Ea 2Ak 2Ak S 3M 3Ea 3Ak 3Ak S 4M 4Ea 4Ak 4Ak S
32
1M 1Dd 1De 1Fe 1Aa 1Ac 1Ad 1Ae 1Cd 1Bb 1Bi 1Bj 1Ah 1Ai 1Aj
1Ea 1Eh 1Ei 1Ek 1Ee
2M 2Dd 2De 2Fe 2Aa 2Ac 2Ad 2Ae 2Cd 2Bb 2Bi 2Bj 2Ah 2Ai 2Aj
2Ea 2Eh 2Ei 2Ek 2Ee
3M 3Dd 3De 3Fe 3Aa 3Ac 3Ad 3Ae 3Cd 3Bb 3Bi 3Bj 3Ah 3Ai 3Aj
3Ea 3Eh 3Ei 3Ek 3Ee
4M 4Dd 4De 4Fe 4Aa 4Ac 4Ad 4Ae 4Cd 4Bb 4Bi 4Bj 4Ah 4Ai 4Aj
4Ea 4Eh 4Ei 4Ek 4Ee
1Ab 1Ab
1Ag 1Ag
1Bf 1Bf
1Ca 1Ca
1Cb 1Cb
1Cc 1Cc
2Ab 2Ab
2Ag 2Ag
2Bf 2Bf
2Ca 2Ca
2Cb 2Cb
2Cc 2Cc
3Ab 3Ab
3Ag 3Ag
3Bf 3Bf
3Ca 3Ca
3Cb 3Cb
3Cc 3Cc
4Ab 4Ab
4Ag 4Ag
4Bf 4Bf
4Ca 4Ca
4Cb 4Cb
4Cc 4Cc
