0 1 6 11 16 21 32 33 31 37 42 43 41 46 51 57 58 56 61 66 71 76 59 59 58 57 53 53 43 42 35 35 33 32 29 29 25 25 18 18 20 20 12 12 91 94 94 92 105 105 103 103 123 123 130 130 160 160 164 164 172 172 190 190 188 188
56
37 38 39
76 87 83 84 82 79 78 80
71 74 73 72 75
66 68 70
61 62 65 64 63
56 60
51 52
46 48 47
41 44
31 34
26 30
21 27 22 24
16 17 19
11 13 14
6 7
1 3
91 193 95
92 90 93
96 97 99 98 100
101 104 102
106 107 109 108
116 113 114 118
121 122
127 128 127
126 129
131 135
136 137 140 138 139
141 144 143 145 142
146 149
151 153 152 155
156 159
162 163 162
161 165
166 170 169
171 173
176 180 179
181 184 185 183
186 189 187
0 195
58 58
35 35
105 105
192 192
164 164
42 42
53 53
103 103
25 25
94 94
130 130
112 112
33 33
12 12
32 32
29 29
59 59
