74 135 163 169 31 118 139 139 118 168 176 159 39 71 175 60 92 62 95 11 80 34 91 182 182 91 20 6 161 29 90 183 44 44 90 29 161 6 20 61 61 123 123 123 20 86 187 187 143 143 18 164 164 18 11 95 95 188 188 105 136 103 165 111 120 120 111 165 103 136 105 71 39 177 50 191 87 141 19 19 141 87 191 50 177 193 88 57 115 131 55 55 131 101 12 162 179 0 0 21 21 21 12 186 63 70 142 160 32 32 160 40 181 181 40 70 63 186 57 88 193 2 180 180 2 168 85 194 194 168 169 130 84 43 153 153 43 84 48 52 52 48 169 163 74
45
31 7 31
190 27 15
176 35
80 10 14
34 41 34
183 16 23
24 53 45 47 24
86 28 54 37
62 17 62
60 26 60
92 30 64
175 42
159 46
101 3
162 4 38 59 49 51
179 9
142 5 13 25
115 58
85 33 36
130 65 56
135 8
0 0
1 1
2 2
6 6
11 11
12 12
18 18
19 19
20 20
21 21
22 22
29 29
32 32
39 39
40 40
43 43
44 44
48 48
50 50
52 52
55 55
57 57
61 61
63 63
