93 18 62 70 174 143 160 89 89 49 117 87 11 99 14 107 97 176 176 147 147 176 176 97 14 99 11 11 117 49 118 161 73 2 95 33 109 36 9 68 21 86 23 152 57 132 104 10 101 8 169 44 44 8 10 57 152 86 21 68 9 69 79 54 47 91 110 128 128 82 128 110 91 91 47 78 72 134 103 159 156 156 103 171 64 12 19 19 100 53 29 16 16 29 100 64 103 134 72 78 47 54 79 141 141 9 38 92 74 74 92 38 109 33 2 73 118 49 89 160 174 70 70 62 93
56
18 46 80 138 157 18
143 146 102 130 43 143
87 168 136 87
107 66 65 76 90 121 26
161 137 81 161
95 61 95
131 27 131
36 115 36
23 1 111
132 67
104 124
169 20 155 105 169
101 172 101
82 40 84 163 52 82
171 34 108 171
12 154
53 39 177 53
159 122 51 140
69 125
2 2
4 4
14 14
19 19
24 24
38 38
47 47
49 49
56 56
57 57
62 62
63 63
64 64
70 70
72 72
73 73
74 74
75 75
77 77
79 79
86 86
91 91
98 98
99 99
109 109
110 110
116 116
117 117
119 119
129 129
141 141
147 147
151 151
165 165
170 170
174 174
176 176
