Dannemora Hamburg Hillburn Hillburn Fleischmanns Fonda Hewlett Fairview Geneva Geneva Geneva Fairview Hewlett Fabius Haviland Highfalls Fayetteville Harbor Harbor Fayetteville Highfalls Fleischmanns Dannemora Fire Goshen Frankfort Frankfort Highland Farmingville Delanson Nyack Gardiner Frewsburg Delhi Freeville Freeville Delhi Frewsburg Germantown Delmar Herricks Herricks Delmar Galeville Delevan Delevan Galeville Nyack Delanson Highland Dannemora
32
Hamburg Depauville Fair Flower DeRuyter
Fonda Depew Fairport Fonda
Fabius Davis Fabius
Haviland Franklin Fredonia Forest
Goshen Flanders
Deer Forestville Deer
Gardiner Farnham Gasport Gardiner
Germantown Deposit Dunkirk Dansville Germantown
Dexter Franklinville Fairmount Dexter
Farmingville Friendship Farmingville
Fire Firthcliffe Fire
Deferiet Deferiet
Delanson Delanson
Delevan Delevan
Delhi Delhi
Delmar Delmar
Earlville Earlville
Fairview Fairview
Falconer Falconer
Fayetteville Fayetteville
Fishers Fishers
Fishkill Fishkill
Fleischmanns Fleischmanns
Florida Florida
Frankfort Frankfort
Freeport Freeport
Freeville Freeville
Frewsburg Frewsburg
Fulton Fulton
Galeville Galeville
Geneva Geneva
Ghent Ghent
