Acton Compton Farmington Dublin Arnold Calabasas Dixon Dixon Calabasas Firebaugh Cherryland Avery Georgetown Bellflower Bolinas Angwin Atascadero Buttonwillow Anaheim Dunsmuir Calimesa Davis Davis Calimesa Dunsmuir Buttonwillow Angwin Bolinas Georgetown Cherryland Firebaugh Ferndale Columbia Alpine Fontana Colusa Covina Bell Alpaugh Escalon Calipatria Crockett Crockett Calipatria Escalon Alpaugh Bell Bluewater Covelo Farmersville Delhi Fremont Concow Carrick Alameda Berkeley Armona Danville Danville Armona Berkeley Alameda Carrick Concow Fremont Delhi Farmersville Bluewater Calexico Cromberg Cupertino Cromberg Colfax Bayview Bayview Colfax Dinuba Banning Fresno August Fresno Dinuba Fontana Alpine Fortuna Diablo Brentwood Artesia Fallbrook Carson Bishop Fruitdale Byron Carson Artesia Brawley Corning Brisbane Brisbane Corning Firebaugh Dublin Farmington Acton
63
Compton Bowles
Arnold Amesti Broadmoor Caruthers Arnold
Avery Avenal Benicia Avery
Bellflower Canyondam Bellflower
Anaheim Calistoga Aromas Anaheim
Atascadero Beckwourth Caribou Atascadero
Ferndale Ashland
Columbia Capitola Carpinteria
Colusa Adelanto
Cerritos Cabazon Cerritos
Covelo Blythe Altadena
Calexico Atherton Alturas Burlingame Calexico
Cupertino Auburn Carmichael Auberry
Covina Aptos Bodfish
August Castroville Boron Beaumont Bakersfield August
Banning Avalon Banning
Brentwood Arbuckle Camarillo Brentwood
Burbank Belvedere Burbank
Diablo Arcata
Fallbrook Bootjack Burney Bonita
Bishop Azusa Bishop
Byron Bradbury Biggs Byron
Fruitdale Atwater Albany
Fortuna Calwa
Alhambra Almanor Arvin Alhambra
Brawley Belden Belmont Brawley
Alameda Alameda
Alamo Alamo
Alpaugh Alpaugh
Alpine Alpine
Anderson Anderson
Angwin Angwin
Antioch Antioch
Arcadia Arcadia
Armona Armona
Artesia Artesia
Barstow Barstow
Bayview Bayview
Bell Bell
Berkeley Berkeley
Biola Biola
Blairsden Blairsden
Bloomington Bloomington
Bluewater Bluewater
Bolinas Bolinas
Bonsall Bonsall
Boronda Boronda
Bradley Bradley
Brea Brea
Brisbane Brisbane
Buttonwillow Buttonwillow
Bystrom Bystrom
Calabasas Calabasas
Calimesa Calimesa
Calipatria Calipatria
Cambria Cambria
Campbell Campbell
Carlsbad Carlsbad
Carrick Carrick
Carson Carson
Cartago Cartago
Cayucos Cayucos
Ceres Ceres
