Acadia Biscayne Rocky Caverns Congaree Everglades Katmai Katmai Everglades Congaree Caverns Rocky Biscayne Guadalupe Sequoia Wrangell Haleakala Shenandoah Clark Canyonlands Brycecanyon Isle Kenai Voyageurs Canyonlands Shenandoah Haleakala Wrangell Sequoia Guadalupe
19
Acadia Capitol Denali Tortugas
Brycecanyon Basin Brycecanyon
Kenai Teton
Voyageurs Bend Gateway
Lassen Cuyahoga Indiana
Isle Smoky Isle
Clark Arches
Badlands Badlands
Biscayne Biscayne
Gunnison Gunnison
Canyonlands Canyonlands
Caverns Caverns
Channel Channel
Congaree Congaree
Crater Crater
Everglades Everglades
Glacier Glacier
Guadalupe Guadalupe
Haleakala Haleakala
