h33 h34 h38 h86 h99 h29 h29 h99 h86 h38 h34 h33 h57 h6 h4 h56 h56 h4 h6 h9 h10 h11 h59 h12 h79 h60 h15 h61 h78 h16 h62 h92 h49 h50 h50 h49 h92 h62 h16 h78 h61 h15 h60 h79 h12 h41 h82 h64 h64 h41 h48 h35 h47 h46 h36 h19 h98 h37 h28 h37 h98 h19 h36 h47 h35 h48 h41 h11 h9
40
h68 h30 h31 h24
h0 h43
h57 h5 h3
h1 h7 h14 h1
h10 h13 h10
h59 h18
h82 h22 h26
h46 h25 h46
h28 h20 h39 h28
h63 h17
h2 h2
h4 h4
h6 h6
h8 h8
h9 h9
h11 h11
h12 h12
h15 h15
h16 h16
h19 h19
h21 h21
h23 h23
h27 h27
h29 h29
h32 h32
h33 h33
h34 h34
h35 h35
h36 h36
h37 h37
h38 h38
h40 h40
h41 h41
h42 h42
h44 h44
h45 h45
h47 h47
h48 h48
h49 h49
h50 h50
