6 195 188 181 174 160 153 146 139 132 125 118 111 104 97 90 13 27 34 41 48 55 69 83
39
195 189 190 194
188 182 184
153 148 150 149
139 133 134 136
125 122 120
111 105 106 110
97 94 91
90 87 88 90
104 100 101
118 115 112
132 129 128 126
146 142 140
160 154 155 160
174 166 161 169 174
181 177 179 181
34 32 30 31
48 44 43
55 50 51 61
69 60 65 64 75 69
83 74 77 80 83
41 38 39 41
27 22 27
13 18 17 11 10
6 1 2
12 12
19 19
25 25
47 47
53 53
62 62
76 76
96 96
103 103
116 116
124 124
145 145
165 165
172 172
186 186
