58 59 49 39 29 29 39 49 59 57 67 77 87 88 78 78 87 86 76 66 56 46 46 56 66 75 65 55 55 65 85 95 94 84 74 64 54 44 34 24 14 4 4 3 13 23 33 33 23 12 22 32 42 52 62 72 82 82 71 61 60 70 80 80 70 50 40 30 20 10 10 20 30 40 50 61 71 62 51 41 31 21 21 31 41 51 53 63 63 53 42 32 22 12 3 4 14 24 34 44 54 64 74 84 94 95 85 86 87 77 67 47 37 27 17 17 27 37 47
37
58 19
88 79 99 88
76 36 76
75 45
13 5 43
72 83 72
60 90 0
52 11 73 52
57 7
3 3
4 4
10 10
12 12
21 21
22 22
29 29
30 30
31 31
32 32
33 33
39 39
40 40
42 42
44 44
50 50
55 55
61 61
63 63
64 64
65 65
70 70
78 78
86 86
87 87
94 94
95 95
98 98
