0 10 20 30 40 50 60 70 80 90 100 110 120 130 140 150 170 170 170 151 152 162 172 182 192 193 183 173 163 153 143 123 113 103 93 83 73 63 53 43 33 23 13 3 4 14 14 4 3 13 23 33 42 52 52 32 22 22 32 53 63 73 83 93 103 113 122 122 112 102 92 92 102 112 122 143 153 163 173 183 184 174 164 154 144 134 124 114 114 124 134 144 154 164 174 185 175 165 155 145 135 125 115 105 95 85 75 74 74 84 84 74 75 85 95 105 115 125 135 145 155 165 175 195 196 186 176 166 156 146 136 136 146 156 166 176 187 177 167 157 147 137 127 117 107 97 87 77 67 57 47 37 27 17 7 8 18 18 19 29 39 49 59 59 49 39 29 19 18 8 7 16 16 27 37 47 57 67 77 87 86 76 66 56 46 36 36 46 56 65 55 45 35 25 25 35 45 65 76 86 87 97 107 117 127 137 147 157 167 177 187 188 178 168 158 148 138 128 118 119 109 99 99 109 129 139 149 149 139 129 118 128 138 148 158 168 178 188 187 196 195 183 193 192 182 172 162 152 140 130 120 111 101 91 81 71 61 51 41 41 51 61 71 81 91 101 111 100 90 80 70 60 50 40 30 20 10 1 1
78
150 180 171 150
151 161 151
43 24 43
42 62 12
123 132 82 123
184 104 184
185 64 94 185
186 126 186
17 28 58 6 17
66 26 54 66
55 15 55
119 89 159 119
110 31
0 11
3 3
4 4
8 8
13 13
19 19
20 20
22 22
27 27
30 30
33 33
35 35
36 36
40 40
45 45
46 46
47 47
51 51
52 52
56 56
57 57
63 63
73 73
75 75
76 76
77 77
80 80
84 84
85 85
87 87
90 90
91 91
92 92
95 95
105 105
107 107
111 111
112 112
114 114
115 115
124 124
135 135
137 137
138 138
139 139
143 143
147 147
148 148
149 149
155 155
156 156
157 157
158 158
162 162
167 167
168 168
172 172
173 173
174 174
175 175
178 178
188 188
192 192
193 193
196 196
