Loc2 Loc5 Loc82 Loc76 Loc76 Loc82 Loc89 Loc41 Loc42 Loc74 Loc70 Loc70 Loc54 Loc38 Loc40 Loc96 Loc87 Loc87 Loc66 Loc99 Loc85 Loc51 Loc18 Loc80 Loc20 Loc61 Loc61 Loc61 Loc20 Loc80 Loc18 Loc18 Loc53 Loc44 Loc44 Loc9 Loc98 Loc88 Loc25 Loc47 Loc39 Loc33 Loc1 Loc68 Loc37 Loc30 Loc84 Loc63 Loc73 Loc93 Loc21 Loc73 Loc63 Loc84 Loc30 Loc37 Loc68 Loc1 Loc33 Loc26 Loc57 Loc58 Loc69 Loc55 Loc22 Loc29 Loc23 Loc23 Loc29 Loc22 Loc69 Loc58 Loc26 Loc33 Loc33 Loc25 Loc88 Loc94 Loc79 Loc35 Loc83 Loc83 Loc86 Loc59 Loc59 Loc86 Loc83 Loc83 Loc35 Loc50 Loc72 Loc78 Loc78 Loc78 Loc72 Loc50 Loc94 Loc88 Loc98 Loc9 Loc44 Loc53 Loc85 Loc66 Loc87 Loc96 Loc40 Loc38 Loc54 Loc70 Loc74 Loc42 Loc41 Loc89 Loc36 Loc36 Loc36 Loc43 Loc31 Loc65 Loc65 Loc31 Loc43 Loc36
31
Loc5 Loc52
Loc99 Loc67 Loc14 Loc6 Loc19
Loc12 Loc3 Loc11
Loc47 Loc24
Loc39 Loc28
Loc93 Loc77 Loc8
Loc21 Loc48
Loc55 Loc46 Loc60 Loc92 Loc64
Loc57 Loc71
Loc79 Loc15 Loc75 Loc91 Loc17 Loc34
Loc51 Loc10 Loc32 Loc45 Loc4 Loc16 Loc90
Loc2 Loc13 Loc27 Loc56
Loc1 Loc1
Loc9 Loc9
Loc22 Loc22
Loc26 Loc26
Loc35 Loc35
Loc40 Loc40
Loc41 Loc41
Loc43 Loc43
Loc53 Loc53
Loc54 Loc54
Loc58 Loc58
Loc66 Loc66
Loc73 Loc73
Loc74 Loc74
Loc80 Loc80
Loc82 Loc82
Loc86 Loc86
Loc7 Loc7
Loc0 Loc0
