Loc1 Loc114 Loc10 Loc143 Loc63 Loc196 Loc196 Loc63 Loc143 Loc10 Loc10 Loc10 Loc10 Loc114 Loc16 Loc42 Loc64 Loc48 Loc162 Loc17 Loc108 Loc108 Loc17 Loc42 Loc16 Loc100 Loc156 Loc125 Loc157 Loc157 Loc38 Loc152 Loc34 Loc88 Loc2 Loc49 Loc76 Loc131 Loc199 Loc14 Loc187 Loc182 Loc139 Loc15 Loc121 Loc121 Loc195 Loc56 Loc165 Loc165 Loc165 Loc165 Loc188 Loc66 Loc134 Loc106 Loc70 Loc116 Loc65 Loc136 Loc112 Loc112 Loc136 Loc65 Loc116 Loc23 Loc23 Loc106 Loc134 Loc190 Loc138 Loc28 Loc176 Loc168 Loc89 Loc89 Loc168 Loc193 Loc51 Loc102 Loc155 Loc155 Loc155 Loc102 Loc51 Loc193 Loc193 Loc28 Loc138 Loc190 Loc134 Loc66 Loc188 Loc195 Loc121 Loc121 Loc15 Loc139 Loc182 Loc187 Loc14 Loc199 Loc99 Loc120 Loc148 Loc60 Loc174 Loc84 Loc84 Loc118 Loc93 Loc8 Loc150 Loc183 Loc22 Loc22 Loc3 Loc29 Loc167 Loc198 Loc96 Loc186 Loc79 Loc86 Loc178 Loc147 Loc130 Loc194 Loc194 Loc94 Loc41 Loc115 Loc81 Loc81 Loc115 Loc41 Loc94 Loc194 Loc130 Loc147 Loc178 Loc178 Loc86 Loc79 Loc96 Loc198 Loc29 Loc3 Loc22 Loc183 Loc153 Loc90 Loc43 Loc44 Loc197 Loc58 Loc161 Loc135 Loc98 Loc98 Loc98 Loc75 Loc166 Loc40 Loc40 Loc166 Loc75 Loc161 Loc44 Loc43 Loc90 Loc153 Loc8 Loc185 Loc133 Loc164 Loc82 Loc11 Loc126 Loc55 Loc21 Loc21 Loc191 Loc26 Loc145 Loc146 Loc146 Loc146 Loc146 Loc145 Loc26 Loc11 Loc82 Loc164 Loc185 Loc8 Loc93 Loc118 Loc60 Loc148 Loc120 Loc99 Loc76 Loc24 Loc24 Loc2 Loc34 Loc152 Loc36 Loc152 Loc38 Loc157 Loc125 Loc68 Loc142 Loc142 Loc179 Loc179 Loc125 Loc100
57
Loc1 Loc67 Loc107 Loc137 Loc13 Loc30
Loc64 Loc71
Loc48 Loc154 Loc172 Loc37 Loc54 Loc144
Loc162 Loc57
Loc156 Loc192
Loc36 Loc103 Loc74 Loc77 Loc123
Loc88 Loc18
Loc131 Loc7
Loc174 Loc101
Loc186 Loc122 Loc27 Loc91 Loc128
Loc167 Loc62 Loc170 Loc167
Loc150 Loc53
Loc197 Loc20 Loc132 Loc140 Loc197
Loc58 Loc129
Loc135 Loc149 Loc50 Loc85 Loc111
Loc126 Loc141
Loc55 Loc33
Loc191 Loc6 Loc159 Loc25 Loc97 Loc175
Loc133 Loc171 Loc133
Loc56 Loc5 Loc189 Loc180 Loc19 Loc110 Loc177
Loc70 Loc32 Loc95 Loc124 Loc160
Loc176 Loc31 Loc83 Loc163 Loc9 Loc0 Loc61 Loc109 Loc176
Loc49 Loc46
Loc68 Loc39 Loc52
Loc3 Loc3
Loc8 Loc8
Loc11 Loc11
Loc14 Loc14
Loc15 Loc15
Loc16 Loc16
Loc17 Loc17
Loc23 Loc23
Loc38 Loc38
Loc44 Loc44
Loc51 Loc51
Loc60 Loc60
Loc65 Loc65
Loc75 Loc75
Loc76 Loc76
Loc94 Loc94
Loc96 Loc96
Loc99 Loc99
Loc100 Loc100
Loc106 Loc106
Loc118 Loc118
Loc143 Loc143
Loc145 Loc145
Loc147 Loc147
Loc153 Loc153
Loc168 Loc168
Loc182 Loc182
Loc183 Loc183
Loc188 Loc188
Loc190 Loc190
Loc195 Loc195
Loc151 Loc151
Loc59 Loc59
