pace voice financial respect audience class demand class disclose skeleton understand figure banana king guarantee dialogue romantic king figure skeleton class audience injection interactive throne stroke thirsty certain sunrise title shy market miserable environment approval gate environment miserable market title sunrise thirsty throne injection financial voice voice pace
39
respect rob
demand buffet brake tablet demand
disclose injury
guarantee seize guarantee
dialogue tool winner vegetarian likely
enhance linger enhance
romantic thumb headline
banana autonomy
understand swear
stroke lake
certain imposter
shy nationalist shy
approval other
gate enter output
interactive honor
dough dough
pain pain
circulation circulation
class class
prison prison
exclusive exclusive
sunrise sunrise
voice voice
tolerate tolerate
throne throne
glasses glasses
paper paper
legislation legislation
quality quality
bitter bitter
dip dip
page page
mystery mystery
figure figure
cigarette cigarette
financial financial
title title
king king
sign sign
