pace other quadruple ask enemy control beg deter linger decisive tolerate injury feature quiet labour figure clay clay figure labour quiet feature tolerate joystick guarantee attraction guarantee joystick acceptance double approval bleed sign speaker due ignore shiver exempt science separate page page separate shiver ignore ignore due speaker interactive gate identity identity gate notebook mercy mixture joint triple prospect title mystery driver banana banana driver mystery title prospect triple embarrassment sunrise rent rent sunrise embarrassment double assume railcar tool tool railcar assume joystick bowel view bowel joystick control ask quadruple other pace
66
deter tablet deter
linger physics market exile
decisive greeting decisive
injury candle rob coffin injury
beg thumb
view scheme coincide drawer
profound swear injection profound
attraction excuse imposter attraction
approval stress
pier pig
interactive straighten interactive
notebook pardon
mixture chair
joint output knot
country widen structure respect autonomy country
mercy atmosphere mercy
bleed interface offset headline
exempt audience skeleton exclusive cotton exempt
development forge development
blonde pipe assignment
science dough mature
sign viable
acceptance liver acceptance
swop electronics swop
enemy illusion spoil enemy
identity identity
begin begin
teacher teacher
control control
environment environment
virgin virgin
dip dip
buffet buffet
triple triple
curriculum curriculum
dive dive
shiver shiver
smile smile
note note
flag flag
driver driver
railcar railcar
error error
throne throne
comfortable comfortable
native native
rent rent
guarantee guarantee
coast coast
other other
confrontation confrontation
ask ask
quadruple quadruple
due due
likely likely
bowel bowel
home home
financial financial
lifestyle lifestyle
ignore ignore
page page
boom boom
rage rage
election election
tool tool
feature feature
