C0 C107 C190 C196 C171 C53 C53 C171 C182 C129 C194 C185 C179 C193 C192 C67 C67 C177 C177 C183 C183 C187 C82 C82 C82 C76 C76 C179 C126 C126 C154 C154 C160 C198 C169 C169 C169 C169 C121 C121 C141 C141 C141 C141 C125 C125 C160 C160 C160 C160 C129 C182 C182 C105 C105 C102 C102 C190 C107 C0
25
C196 C28 C134 C122 C144 C168 C103 C120 C172 C127 C104 C45 C43 C66 C11 C196
C192 C5 C1 C123 C10 C7 C47 C58 C18 C31 C51 C192
C187 C87 C8 C25
C193 C139 C52 C3 C19 C20 C193
C185 C100 C49 C48 C185
C194 C97 C26 C27 C30 C88 C181 C59 C124 C70 C24 C2 C194
C198 C132 C145 C55 C32 C161 C57 C152 C84 C119 C101 C93 C50 C95 C74 C153 C149 C164 C86 C4 C56 C166 C71 C110 C35 C16 C63 C78 C77 C54 C198
C171 C171
C167 C167
C179 C179
C137 C137
C165 C165
C146 C146
C169 C169
C107 C107
C121 C121
C129 C129
C190 C190
C160 C160
C182 C182
C154 C154
C114 C114
C141 C141
C68 C68
C105 C105
