9iIwk 6EWVx jT5CK HOs1b qkJ6b Nceu2 Nceu2 HOs1b QVYVG q0lus 1uRw3 jAwQw aHGHb CAygY CAygY jAwQw WJNpN AgYPL AgYPL YH6mk UpLNw UpLNw 5ioW1 Be0ab XZKtP qmTnM qmTnM Be0ab 5ioW1 Ri2t4 Ri2t4 q0lus LZomt Ew56P Ew56P LZomt HOs1b 6EWVx jASvw AQ02H MA43U ZzWHp ZzWHp ZzWHp MA43U AQ02H oqPYQ oqPYQ h2rea 0mah3 ChXAd ChXAd rrNj1 Esl6u fS0W8 BnAjj veOJ7 veOJ7 BnAjj Esl6u rrNj1 h2rea
26
qkJ6b 1xmtC XYzcU qkJ6b
QVYVG jYfXn RhUVQ SgDk6 7G74f
1uRw3 1pxZM vE0Pj 5VT1H y89SK 1uRw3
aHGHb kmzhT WGJpQ aHGHb
WJNpN tnjfN
YH6mk 4a0W8 YH6mk
XZKtP dw7aX bXinH XZKtP
jT5CK 5BDPJ jT5CK
9iIwk 5R5Xa
jASvw Mj2eQ iEXNY 0GdkR jASvw
0mah3 1eRkH
ZgtaX iCgvV ZgtaX
fS0W8 pXCjI JgjFI Vake4 p9vQm fS0W8
Y7IDR Y7IDR
AgYPL AgYPL
veOJ7 veOJ7
jAwQw jAwQw
Ri2t4 Ri2t4
ChXAd ChXAd
ZzWHp ZzWHp
h2rea h2rea
5ioW1 5ioW1
oqPYQ oqPYQ
Be0ab Be0ab
LZomt LZomt
BnAjj BnAjj
