HAZtD 4Eg1F wnnBN Cg1yP J0OP0 F7CZj z82fM EyMEe vfAR8 EyMEe z82fM F7CZj RN9nS 3NU9e aWuHk XbFfE mJExt qXBVG p3gJd cpzS8 acHTt kjZGl UQeyk EgumV fWz4T SE1WY VJX0I R6NzB v0WXM 7WH0C DchVt Q5zY0 kvy7i Ia6ul eVDVP eVDVP Ia6ul kvy7i jesVt 4AhmX 93R2m 4AhmX jesVt 15wtn 15wtn zrVPv zrVPv DchVt 7WH0C R6NzB 0FMEI RWE9G sU69u 0F8yg 4PSW9 4PSW9 0F8yg R6NzB VJX0I fWz4T EgumV UQeyk acHTt cpzS8 AwFdf 2zHfe fExZu 2zHfe AwFdf cpzS8 rH3nx 1gvq4 Q9Dex lJnz7 lJnz7 Q9Dex 1gvq4 rH3nx cC0Rg gpbSj u60s4 Tp7uZ jyRQW Xqwfz jcSDd 7kY28 URrao URrao IOpdQ BaYb3 1VA1I 1VA1I BaYb3 IOpdQ jcSDd sJ62h hA7FQ SxklZ rVnMc 0moVI GUEko iimZq NV1GL GDCfm 6owsT 6owsT GDCfm NV1GL GUEko 0moVI HAKlt 6sv9O ejBhY iPRoT Jbr8u Jbr8u Vg6Sz iIQll GrnJ7 CHx6u bMhFI SfSL1 2kvzl 2kvzl CHx6u Vg6Sz 6sv9O 0moVI rVnMc hA7FQ sJ62h jyRQW Tp7uZ gpbSj cC0Rg qXBVG XbFfE O8CwF cMyGs DaieK DaieK cMyGs XbFfE aWuHk RN9nS F7CZj Cg1yP wnnBN 4Eg1F
68
J0OP0 iKwe0 J0OP0
vfAR8 bW6Ms Ssao4 X2hjX NqBQW vfAR8
3NU9e Lusir 5h4rt
kjZGl kNG2j
v0WXM iHR3J
Q5zY0 SEkfX
69WZh mdIe6 ox9Gx wedr3 69WZh
93R2m aegld cu5FB
sU69u zcuSA 5EAEu
RWE9G 2GCiD
0FMEI 4jcrD
SE1WY TzGS5
fExZu v7hOX VG4na fExZu
p3gJd GxQg8 p3gJd
Xqwfz pLg86
7kY28 fiXIW Zok18 7kY28
iimZq OWqP4 8Qx0C iimZq
iPRoT H1xt8
GrnJ7 v9joy UbqWX gNinx iaaYU 9tf0w
bMhFI lF8gH bMhFI
SfSL1 HOuAL xKTIz
iIQll p4kTx iIQll
e7SjH BIY9X
ejBhY E6pda 2LhKB
HAKlt Pk19A HAKlt
SxklZ VESmp SxklZ
u60s4 Zxvdf u60s4
mJExt iqOI4
O8CwF uPUO1 TlJnt O8CwF
HAZtD 4Tt2a 4PXv9
aWuHk aWuHk
4AhmX 4AhmX
0moVI 0moVI
UqGfS UqGfS
z82fM z82fM
URrao URrao
DuU0x DuU0x
zrVPv zrVPv
WVEjT WVEjT
DaieK DaieK
RN9nS RN9nS
R6NzB R6NzB
cC0Rg cC0Rg
Q8lcd Q8lcd
jesVt jesVt
CHx6u CHx6u
fWz4T fWz4T
1gvq4 1gvq4
lJnz7 lJnz7
1VA1I 1VA1I
AwFdf AwFdf
eVDVP eVDVP
Ia6ul Ia6ul
0F8yg 0F8yg
acHTt acHTt
6owsT 6owsT
wnnBN wnnBN
Vg6Sz Vg6Sz
cpzS8 cpzS8
IOpdQ IOpdQ
BaYb3 BaYb3
EgumV EgumV
rH3nx rH3nx
ED9em ED9em
gpbSj gpbSj
DmTRc DmTRc
Agb0E Agb0E
Cg1yP Cg1yP
