199 115 194 182 182 3 159 161 190 190 190 190 190 121 49 138 138 49 121 159 136 58 163 163 156 156 163 163 58 53 162 185 185 185 162 53 159 3 182 182 182 115 132 153 153 132 95 147 147 147 175 71 174 186 186 186 186 71 57 84 140 140 84 57
37
161 78 129 101 15 83 152 82 43 12 161
193 128 127 193
136 18 108 157 96 98 136
194 64 93 90 194
199 99 86 199
95 130 103 88 142 110 26 14 119 95
174 46 66 91 92 51 52 56 23 60 42 174
175 31 175
116 36 116
49 49
147 147
159 159
162 162
115 115
7 7
156 156
3 3
153 153
182 182
137 137
89 89
186 186
163 163
176 176
58 58
71 71
132 132
53 53
84 84
138 138
13 13
140 140
185 185
190 190
105 105
57 57
121 121
