location46 location45 location44 location47 location48 location49 location50 location28 location24 location17 location11 location5 location4 location3 location2 location1 location9 location15 location15 location9 location1 location2 location3 location4 location6 location17 location24 location28 location50 location51 location50 location58 location66 location67 location68 location69 location70 location77 location78 location79 location79 location78 location77 location69 location68 location67 location58 location50 location49 location48 location47 location61 location62 location63 location63 location62 location61
32
location46 location14 location64
location45 location40
location44 location39 location38
location5 location37 location5
location6 location33 location29 location6
location11 location22 location11
location51 location55 location57
location70 location74 location80 location70
location66 location87 location89 location90
location3 location3
location4 location4
location7 location7
location10 location10
location13 location13
location15 location15
location17 location17
location18 location18
location24 location24
location25 location25
location26 location26
location30 location30
location41 location41
location48 location48
location49 location49
location62 location62
location63 location63
location72 location72
location73 location73
location77 location77
location78 location78
location79 location79
location88 location88
