location9 location12 location15 location18 location21 location24 location27 location30 location33 location30 location27 location24 location21 location18 location15 location12 location9 location140 location143 location146 location149 location152 location155 location158 location161 location164 location167 location170 location170 location167 location164 location161 location158 location155 location152 location149 location146 location143 location140 location13 location16 location19 location22 location25 location144 location147 location150 location150 location147 location144 location159 location162 location162 location159 location22 location19 location51 location54 location82 location85 location88 location91 location94 location97 location100 location103 location106 location106 location103 location100 location97 location94 location91 location88 location85 location82 location19 location13 location111 location114 location117 location120 location123 location126 location129 location132 location135 location135 location132 location129 location126 location123 location120 location117 location114 location111 location26 location29 location32 location35 location38 location41 location44 location44 location41 location38 location35 location32 location29 location26 location5 location14 location17 location14 location81 location84 location87 location84 location81 location14 location53 location56 location56 location53 location5 location7 location34 location37 location40 location43 location46 location58 location61 location64 location67 location125 location128 location128 location125 location67 location64 location61 location46 location34 location7
66
location33 location45 location75 location33
location60 location69 location179
location6 location173
location25 location127 location25
location71 location153 location175 location71
location68 location165
location54 location57 location163
location51 location109 location177 location51
location16 location119
location10 location141
location3 location47 location3
location17 location23 location95 location17
location87 location99 location171 location87
location11 location59 location11
location62 location65 location145
location58 location131 location105
location55 location83 location55
location49 location139 location157 location49
location43 location121 location43
location40 location115
location37 location77 location37
location1 location79 location113
location5 location5
location7 location7
location9 location9
location13 location13
location15 location15
location19 location19
location21 location21
location27 location27
location29 location29
location31 location31
location35 location35
location39 location39
location41 location41
location53 location53
location61 location61
location63 location63
location67 location67
location73 location73
location81 location81
location85 location85
location89 location89
location91 location91
location93 location93
location97 location97
location101 location101
location103 location103
location107 location107
location111 location111
location117 location117
location123 location123
location125 location125
location129 location129
location133 location133
location135 location135
location137 location137
location143 location143
location147 location147
location149 location149
location151 location151
location155 location155
location159 location159
location161 location161
location167 location167
location169 location169
