Abbey Tanya Tanya Kayley Mira Mira Kayley Tanya Tanya Maeve Sophia Kiera Helen Yoselin Yoselin Yoselin Yoselin Yoselin Yoselin Presley Presley Yoselin Helen Kiera Nora Avni Riley Riley Avni Nora Sophia Marisol Shannon Shannon Shannon Lisa Vivian Vivian Vivian Lisa Shannon Rebecca Rebecca Ruth Tara Tara Tara Ruth Rebecca Tanya Abbey
21
Maeve Beatrice Mckinley Kimberly Kristina Harley Dana Jamiya Karma Lana Lillie Lilia Alexia Maeve
Marisol Haven Isabella Eden Jordin Carlee Ayanna Rayna Marisol
Avni Avni
Helen Helen
Kayley Kayley
Kiera Kiera
Liberty Liberty
Lisa Lisa
Matilda Matilda
Mira Mira
Nora Nora
Presley Presley
Rebecca Rebecca
Riley Riley
Ruth Ruth
Shannon Shannon
Sophia Sophia
Tanya Tanya
Tara Tara
Vivian Vivian
Yoselin Yoselin
