Zion Zion Zion Zion Zion Zion Zion Zion Zion Zion Zion Zion Zion Nia Matilda Sharon Mya Shyanne Shyanne Shyanne Shyanne Shyanne Parker Parker Zaria Zaria Zaria Zaria Zaria Zaria Zaria Zaria Zaria Zaria Zaria Lilyana Lilyana Zaria Neveah Neveah Zaria Parker Kiana Taniyah Taniyah Taniyah Taniyah Taniyah Kiana Matilda Sophie Sophie Lucille Lucille Sophie Sophie Mireya Mireya Zara Zara Zara Zara Zara Zara Zara Zara Mireya Kristin Sophia Sophia Sophia Sophia Riley Riley Mckayla Noelle Noelle Tara Tara Tara Tara Tara Tara Tara Tara Kimberly Kimberly Tara Tara Mckinley Mckinley Tara Noelle Kristina Rylee Rylee Kristina Riley Mireya Zion
27
Mya Ariel Brooklyn Carlee Ciara Dayami Imani Ingrid Kaley Kenzie Lilia Myah Natalee Ashley Alexia Alia Jazmyn Lainey Madilynn Claire Alexus Alivia Aubree Gillian Jaden Jasmin Jillian Jimena Kira Leila Kiley Kayden Mya
Sharon Aryana Elianna Haven Keyla Sharon
Nia Bryanna Aniya Melina Nia
Kristin Lacey Arielle Baylee Emilie Iyana Jade Lindsay Maggie Camilla Carly Christine Kristin
Mckayla Avni Chasity Dana Denisse Diana Emma Jamiya Janiya Kaydence Carlie Laylah Carleigh Juliette Mckayla
Kiana Kiana
Kimberly Kimberly
Kristina Kristina
Lilyana Lilyana
Lucille Lucille
Matilda Matilda
Mckinley Mckinley
Mira Mira
Mireya Mireya
Neveah Neveah
Noelle Noelle
Parker Parker
Riley Riley
Rylee Rylee
Shyanne Shyanne
Sophia Sophia
Sophie Sophie
Taniyah Taniyah
Tara Tara
Zara Zara
Zaria Zaria
Zion Zion
