Ilesa Foshan GavrilovYam Jashpurnagar Jashpurnagar GavrilovYam Aklera Ventimiglia Ventimiglia Malden Tupiza Valday Bogovinje Bogovinje Lesosibirsk Lesosibirsk Tupiza Malden Ventimiglia Viewpark Oschatz Boyeros Portogruaro Patnos Davis Pleasant Mongo Mongo Pleasant Davis GatesNorth Jiangyan Sheoganj Calauan Rhosllanerchrugog Minas Marburg Polohy Bavly Bavly Polohy Marburg Houthalen Rhosllanerchrugog Reutlingen Batu JalalAbad Aistala Bobigny Milledgeville Tupelo Memmingen Memmingen Alexandria Athlone Athlone Memmingen Tupelo Milledgeville Milledgeville Bobigny PortVila Taebaek PortVila JalalAbad Batu Aleshtar Rafaela Alfenas Uran Uran Uran Alfenas Chamba Chamba Aleshtar Batu Espoo Espoo El Losheim Barras Barras Losheim Boyeros Oschatz Oschatz Oschatz Viewpark Ventimiglia Aklera Ilesa
42
Foshan Magomeni Campobasso An Bang PointeClaire Kyzylorda Foshan
Valday Claremont Lodwar Ponta Copperas Toledo Valday
Perth Sishui Yingkou Barracas Resplendor Niort UlanUde Tak Tyoply Brzeg Clermont Villaquilambre Perth
Portogruaro Sillanwali Chacabuco Aurora Rutland Puducherry
Patnos Talipparamba
GatesNorth Shagamu LonsleSaunier
Minas Zaozhuang Skalica Guli Meizhou Shaowu Ramla New Mouscron Oulmes Dahlem
Mexborough Gariadhar Mexborough
Houthalen Palm Brunswick Stupino
Calauan Onex Tiruppuvanam Calauan
Reutlingen Oberhausen
Rafaela Jagna Azrou Landshut Hermsdorf
Taebaek Palafrugell Sirsi Sorsogon GernikaLumo
Alexandria Tharu Puerto WaltonontheNaze Milagro Lille Alexandria
Aistala Stuttgart Bon Paredes
Sheoganj Itacoatiara
Jiangyan Ada American Jiangyan
El DehiwalaMount Sceaux
Aklera Aklera
Milledgeville Milledgeville
Bavly Bavly
Valletta Valletta
Bensheim Bensheim
Malden Malden
Bogovinje Bogovinje
Polohy Polohy
Ventimiglia Ventimiglia
Tupelo Tupelo
Davis Davis
Bobigny Bobigny
Rhosllanerchrugog Rhosllanerchrugog
PortVila PortVila
MitryMory MitryMory
Memmingen Memmingen
Viewpark Viewpark
Tupiza Tupiza
Great Great
Aleshtar Aleshtar
Marburg Marburg
Jashpurnagar Jashpurnagar
Alfenas Alfenas
Uran Uran
