108 69 47 133 31 38 38 190 116 109 76 2 50 95 95 2 105 4 34 48 6 131 140 80 3 139 106 84 196 94 197 58 124 11 73 189 56 151 97 128 55 55 128 97 151 56 82 42 18 37 53 90 96 96 93 45 26 5 81 174 5 26 185 154 103 0 0 103 154 185 93 53 37 37 18 42 11 124 58 192 152 182 148 117 25 142 142 25 181 167 167 118 113 113 118 182 152 192 94 106 3 80 131 135 135 48 4 77 110 75 75 110 77 2 76 109 116 190 38 31 133 66 21 163 44 13 79 79 13 44 61 120 112 112 120 46 46 46 46 66 69
64
47 7 54 49 101
50 107 15 85
105 150 130
6 78 129 83
140 43 140
196 92
197 137 197
73 39 134 73
189 143 186
82 71 82
90 64 57
81 144 19 81
174 153 14 174
45 136 45
148 176 148
117 100 24 99 114 117
191 184
181 187 28 181
84 146 84
139 65
34 1 34
21 63
163 32 36 138
61 67 126 61
108 121
188 188
48 48
37 37
95 95
26 26
142 142
46 46
151 151
118 118
11 11
66 66
69 69
44 44
110 110
68 68
128 128
157 157
23 23
35 35
182 182
13 13
17 17
79 79
190 190
75 75
56 56
77 77
109 109
31 31
133 133
38 38
5 5
179 179
96 96
120 120
167 167
177 177
53 53
170 170
