create glide transaction transaction denial huge huge partnership partnership dilemma formation work fuss magnitude perception nationalism thread breakin dialect mind loud loud maze present present maze vote whole basketball basketball whole direct domestic bring steward steward bring domestic bracket bracket minimize minimize dedicate dedicate nationalism perception fuss work dilemma appear appear childish car top scrap cancel cancel top traction shelter shelter shelter traction seller equinox east gift gift makeup makeup equinox
32
glide creation contract
denial linear community
formation tin skip
thread concern adult line
breakin pride breakin
dialect think
mind prove mechanism
vote merit pastel celebration
direct predict exotic direct
magnitude transmission magnitude
create deck
scrap hide scrap
car accessible suffer pupil
childish company ballot childish
seller dose
east crew absorption
fuss fuss
battery battery
nationalism nationalism
feign feign
farewell farewell
bracket bracket
steward steward
perception perception
cancel cancel
colon colon
top top
basketball basketball
appear appear
belief belief
maze maze
minimize minimize
