pride tourist crackpot exotic reach whole mean pawn smile smile domestic scatter difference craftsman contract contract contract snap snap contract craftsman fuss confidence childish fault fault childish scatter smile celebration loud hide fortune offensive discrimination laundry soul soul laundry feign wear import import wear feign offensive fortune hide loud supply illustrate price service create understanding cheat cheat create service price supply smile pawn inhibition present freckle shelter national national freckle direct merit tease tease glide glide tease direct freckle inhibition makeup democratic notorious absorption dialect dialect notorious democratic makeup mean stadium exit volunteer administration wrong lobby inappropriate chaos chaos inappropriate lobby administration favorable magnetic magnetic favorable exit exit mean whole auditor cancel pity work stubborn pupil pupil stubborn pioneer element addition east frozen frozen east element pioneer auditor auditor gift line withdraw tribe deficit ceiling company vote vote company ceiling deficit tribe withdraw gift concern veteran veteran concern plug scrap scrap plug crackpot tourist dairy pull prove prove basketball basketball prove pull pride
60
line suffer transaction line
reach tin breakin
preoccupation crew
absorption farewell top desk absorption
present formation present
merit dose community bracket merit
shelter salmon knit shelter
domestic accessible domestic
difference belief deter trance
fuss minimize fuss
seller thread battery seller
confidence steward
discrimination linear deck car dilemma
celebration mosaic celebration
illustrate dramatic maze denial
understanding predict
stadium creation
wrong magnitude mechanism wrong
volunteer huge nationalism
cancel pastel perception cancel
work valid rabbit traction partnership work
pity homosexual dedicate
addition think
exotic berry transmission exotic
thank equinox thank
dairy leash appear bring
mind mind
prove prove
lobby lobby
adult adult
vote vote
create create
ballot ballot
feign feign
makeup makeup
tribe tribe
east east
scrap scrap
glide glide
loud loud
company company
hide hide
skip skip
fortune fortune
integrated integrated
gift gift
magnetic magnetic
pupil pupil
craftsman craftsman
colon colon
dialect dialect
concern concern
basketball basketball
contract contract
snap snap
whole whole
direct direct
inhibition inhibition
childish childish
offensive offensive
