steward childish belief skip adult adult skip deck bracket feign breakin minimize minimize breakin community absorption basketball exotic dose line think think line line dose exotic basketball absorption contract suffer pupil pupil contract bracket deck steward
18
childish crew childish
belief farewell belief
feign pastel
direct top
community appear tin perception community
company concern company
suffer linear battery
adult adult
think think
minimize minimize
ballot ballot
hide hide
creation creation
exotic exotic
basketball basketball
scrap scrap
skip skip
deck deck
