loc0 loc11 loc66 loc93 loc58 loc98 loc63 loc28 loc60 loc60 loc28 loc98 loc93 loc66 loc33 loc14 loc18 loc18 loc80 loc15 loc15 loc72 loc39 loc39 loc39 loc86 loc75 loc26 loc70 loc51 loc51 loc51 loc70 loc75 loc86 loc39 loc15 loc80 loc18 loc14 loc33 loc66 loc11 loc12 loc19 loc36 loc68 loc87 loc44 loc21 loc90 loc81 loc10 loc48 loc48 loc48 loc10 loc81 loc71 loc71 loc30 loc3 loc46 loc24 loc24 loc46 loc3 loc30 loc44 loc87 loc87 loc68 loc36 loc19 loc12
28
loc0 loc2 loc38 loc62
loc72 loc52 loc96 loc54 loc94 loc72
loc26 loc64 loc22 loc34 loc82 loc8 loc40 loc76 loc88 loc26
loc58 loc16 loc92 loc74 loc58
loc63 loc4
loc90 loc20 loc32 loc50 loc6 loc90
loc21 loc56
loc10 loc10
loc12 loc12
loc14 loc14
loc18 loc18
loc24 loc24
loc28 loc28
loc30 loc30
loc36 loc36
loc42 loc42
loc44 loc44
loc46 loc46
loc48 loc48
loc60 loc60
loc66 loc66
loc68 loc68
loc70 loc70
loc78 loc78
loc80 loc80
loc84 loc84
loc86 loc86
loc98 loc98
