loc0 loc11 loc120 loc66 loc93 loc116 loc27 loc58 loc99 loc99 loc58 loc27 loc116 loc93 loc57 loc57 loc120 loc33 loc108 loc14 loc18 loc192 loc141 loc52 loc159 loc184 loc15 loc112 loc96 loc140 loc72 loc177 loc177 loc94 loc22 loc186 loc34 loc183 loc183 loc34 loc78 loc26 loc69 loc176 loc147 loc147 loc84 loc139 loc42 loc88 loc153 loc138 loc67 loc114 loc109 loc24 loc46 loc3 loc30 loc162 loc180 loc134 loc90 loc21 loc21 loc21 loc163 loc144 loc148 loc105 loc48 loc48 loc106 loc165 loc126 loc28 loc126 loc165 loc165 loc165 loc106 loc148 loc13 loc198 loc83 loc174 loc174 loc174 loc83 loc13 loc163 loc134 loc182 loc45 loc45 loc45 loc182 loc162 loc30 loc3 loc46 loc24 loc109 loc114 loc67 loc153 loc88 loc42 loc70 loc118 loc123 loc130 loc130 loc123 loc123 loc123 loc118 loc42 loc139 loc84 loc147 loc147 loc176 loc69 loc26 loc78 loc94 loc177 loc177 loc177 loc140 loc96 loc112 loc15 loc184 loc159 loc52 loc141 loc18 loc18 loc18 loc18 loc14 loc108 loc33 loc120 loc11 loc0 loc171 loc12 loc191 loc132 loc132 loc132 loc132 loc132 loc132 loc191 loc19 loc150 loc102 loc36 loc36 loc36 loc102 loc19 loc171 loc0
53
loc66 loc92 loc156 loc66
loc192 loc100 loc172 loc178 loc80 loc122 loc192
loc72 loc54 loc142 loc72
loc22 loc64 loc86 loc136 loc154 loc158 loc194 loc82 loc22
loc186 loc160 loc186
loc138 loc8 loc188 loc152 loc138
loc180 loc6 loc164 loc180
loc90 loc104 loc170 loc90
loc144 loc20 loc32 loc144
loc105 loc10
loc28 loc50 loc4 loc128 loc98 loc16 loc28
loc198 loc44 loc56 loc190 loc198
loc70 loc40 loc110 loc76 loc166 loc70
loc12 loc2 loc38 loc62 loc74 loc124 loc146 loc12
loc150 loc68 loc196 loc150
loc14 loc14
loc18 loc18
loc24 loc24
loc26 loc26
loc30 loc30
loc34 loc34
loc36 loc36
loc42 loc42
loc46 loc46
loc48 loc48
loc52 loc52
loc58 loc58
loc60 loc60
loc78 loc78
loc84 loc84
loc88 loc88
loc94 loc94
loc96 loc96
loc102 loc102
loc106 loc106
loc108 loc108
loc112 loc112
loc114 loc114
loc116 loc116
loc118 loc118
loc120 loc120
loc126 loc126
loc130 loc130
loc132 loc132
loc134 loc134
loc140 loc140
loc148 loc148
loc162 loc162
loc168 loc168
loc174 loc174
loc176 loc176
loc182 loc182
loc184 loc184
