start b16 b10 b9 b8 b9 b10 b11 b12 b13 b10 b16 b17 b18 b19 b20 b21 b19 b17 b16 c3 c2 c2 c8 c9 c10 c14 c14 c10 c6 c7 c24 c28 c26 c25 c32 c34 c34 c32 c25 c26 c28 c7 c6 e3 e4 e3 e7 e11 e10 e11 e7 e17 e15 e15 e17 h1 h4 g8 g10 g11 g10 f14 f15 f9 d1 d2 d2 d1
44
b8 b1 b2
b13 b6 b5
b12 b4
b11 b3
b21 b15 b25
b20 b24
b18 b26
c3 c1 c5
c9 c13 c15
c8 c21
c24 c17 c33
e1 e20 e19
e4 e22 e21
e10 e24 e23
start e25 h26 h17 h18 g3 g1 g2 g7 g17 f11 a1 a2 a3 a4 a5 d5
h1 h9 h13
h4 h24 h22
g19 g18 g19
g11 g24 g20 g11
g8 g22 g8
f15 f12 f13 f16 f15
f14 f17 f14
f9 f20 f19
g4 g4
g5 g5
g6 g6
g9 g9
g10 g10
g12 g12
g13 g13
g14 g14
g15 g15
g16 g16
g21 g21
g23 g23
g25 g25
f18 f18
c10 c10
c23 c23
c26 c26
c27 c27
c31 c31
d1 d1
d4 d4
