BU DU AL BJ CV AW FU BP BQ GE BR DL CY AI AI CY BR AH GZ DW DB GY CW BI FQ BS BS FQ CW CW CW CW CW CW CW CW CW CW CW CW CW CW CW CW CW CW CW CW CW CW CW CW CW CW CW CW CW CW CW CW CW CW CW CW CW CW CW CW CW CW CW CW CW CW CW CW CW CW CW CW CW CW CW CW CW CW CW CW CW CW CW CW CW CW CW CW CW CW CW CW CW CW CW CW CW CW CW CW CW CW CW CW CW CW FN GO FB GF GF FB FB FB FB FB FB FB CK CK BH FN CW GY DB FL EM DF HN HN EM FL DD GP GP DD GZ GW CP GW GZ BR GC GV HP EF GV BR EP FS FS EP CX FH FH CX CQ CQ CQ CV BJ BB AT BB GA AM EH EH AM AM GA BZ CB CB BU
56
AL GH
AW HF
FU EO DV AY FU
GE DM EC GE
DL CT BG DI DL
AH BY GS
DW DP EN EV
BI AF AV
GO HC CD CI FW AQ FY BA GT EY GO
AO BN
HI DX
BH HG FD BF BH
DF BK FR
CP CO AP
GC EK
HP HM HP
EF DJ DR
CE DQ EL
BQ CZ BQ
BP EQ DT DZ
AT ET HJ GQ HH ES AT
DU FG FP GK AX DU
BZ AN ER BZ
BW BW
CX CX
DK DK
GN GN
FN FN
DS DS
CM CM
CY CY
EG EG
CQ CQ
CV CV
FF FF
AE AE
EH EH
GY GY
CK CK
GA GA
GP GP
CS CS
DE DE
FL FL
BE BE
BM BM
FB FB
CA CA
FS FS
CR CR
GM GM
CW CW
DD DD
FI FI
AR AR
HA HA
