Singapore Australia Estonia Belarus Macedonia Macedonia Liberia Malta Malta Malta Malta Malta Malta Malta Malta Malta Malta Malta Liberia Macedonia Mozambique Morocco Belgium Belgium Belgium Belgium Mali Tunisia Tunisia Tunisia VaticanCity VaticanCity Tunisia Albania Nicaragua Andorra Andorra Nicaragua Albania Tunisia Mali Mozambique Estonia Estonia Estonia Estonia Tuvalu Tuvalu Estonia Estonia Estonia Estonia Estonia Australia DemofChina DemofChina EastTimor EastTimor
18
Singapore Tajikistan Danzig Mongolia Sweden Netherlands UnitedKingdom SanMarino CzechRepublic Burundi SaintLucia Egypt GuineaBissau Haiti Singapore
Belarus Gabon Peru UAE Armenia Montenegro Senegal SierraLeone Angola Guyana Lebanon Kyrgyzstan Uzbekistan Kosovo Tanzania Georgia France Belarus
Morocco RussianFederation CostaRica America Morocco
Nicaragua Nicaragua
Liberia Liberia
Australia Australia
Estonia Estonia
DemofChina DemofChina
Macedonia Macedonia
Mozambique Mozambique
Belgium Belgium
Mali Mali
Tunisia Tunisia
VaticanCity VaticanCity
Malta Malta
Tuvalu Tuvalu
Albania Albania
Andorra Andorra
