Slovenia Laos Laos Laos Laos Laos Laos Laos Laos Laos Laos Laos Laos Laos France Brazil Australia Nepal Nepal Nepal Kazakhstan UnitedKingdom UnitedKingdom Cambodia Cambodia Cambodia Germany Germany Cambodia Cambodia UnitedKingdom Philippines Philippines Philippines UnitedKingdom UnitedKingdom UnitedKingdom UnitedKingdom UnitedKingdom TheGambia Newfoundland SaudiArabia SaudiArabia Newfoundland Greece Greece UnitedKingdom Kazakhstan Nepal Nepal Nepal Nepal Serbia Serbia Brazil France Venezuela Malaysia Mali Mali Finland Finland Venezuela
22
TheGambia Bahamas Andorra Djibouti Mauritania Thailand Estonia Algeria Eritrea Mongolia Norway Paraguay Dominica Niger Tanzania Kiribati Ukraine CentralAfricanRep Ethiopia Vanuatu SaoTomPrincipe Switzerland Luxembourg Belarus MountAthos SierraLeone Japan Chile Rome SolomonIslands BosHerzegovina Pakistan Bulgaria VaticanCity Burma Burkina Mauritius Latvia NewZealand Israel Italy Liechtenstein Portugal Jamaica Tunisia Guatemala IvoryCoast Maldives TheGambia
Australia Romania Gabon SaintKitts Australia
Slovenia Comoros CapeVerde Cyprus Danzig Argentina Yemen Bhutan SaintLucia Grenada RussianFederation SriLanka Fiji EquatorGuinea Kosovo America Qatar NorthKorea Hungary UAE Lithuania Slovenia
Malaysia Lesotho Rwanda Cuba Togo Poland Seychelles Peru Malaysia
Albania PapuaNewGuinea Suriname
Nepal Nepal
Panama Panama
UnitedKingdom UnitedKingdom
Laos Laos
Brazil Brazil
Philippines Philippines
Kazakhstan Kazakhstan
Cambodia Cambodia
Germany Germany
France France
Newfoundland Newfoundland
SaudiArabia SaudiArabia
Venezuela Venezuela
Finland Finland
Mali Mali
Greece Greece
Serbia Serbia
