Zo0umr3KFWOZJQPm Plb766RuoiNfkOGW Of6XUqufA1wxpnuj pi9Gjwqb8nw39ALT 8vLm5GS8pptr9y8t 6Gt5ffOE5tOJA8A7 1r13Qnmq9ixI97Qj uN0YmlR4YKMmyTVh 3th5kfdmmYoxH6sF StSocpbFeWB0czP8 LsIlvCjQu9Xqre9U u7i0C02E9nMoZ6Ab xLhGn69fZWxkF2ME 27KMNaF72cTW0PDA 0BNdm9hpaqd4q3Tx EuY7nNg1nWHDnCBx pKGVzMiXVo3v1oQu fg0WyZdFGAAZWRqK PDtM7hU3L1QjW9eR Dg4uIWuVD7Xd3FfI EotYPttMvJbBfyaO 2yhNJ9fcTz8hRVDj CvZWFxoaMZYhwHYj drsNw5E8nXGgcxxE 0Pfip4BXzoRzyFv2 1yeDQmwUGYi8LEVC LdwRPFzBNqStC5X8 Byr8ftz6Pn4uac3K W4POX5YqpnnI3x1U 8pFqGmxaOhvFeBf4 LI7uFZ34s97AeNpk fBCH5yXHMW5jQJjk eRAtRmExinGYKjYs uuhviI1p7F0sChqp uuhviI1p7F0sChqp eRAtRmExinGYKjYs z6aHWvfWV1YcOU3s 9dVIdmIqrww8IL0A QSabhET5tNnXgX60 asqla05DvWvndrgH asqla05DvWvndrgH tZ46uZudk7AfSXt1 9L0zlmq9jRh6nd1I 9pH9xdreYrmVM1JI WVwd9ExLXa3zphJn ziJdi0Y4mj4TIJZ9 WVwd9ExLXa3zphJn 9pH9xdreYrmVM1JI tZ46uZudk7AfSXt1 asqla05DvWvndrgH QSabhET5tNnXgX60 9dVIdmIqrww8IL0A z6aHWvfWV1YcOU3s LI7uFZ34s97AeNpk 8pFqGmxaOhvFeBf4 Byr8ftz6Pn4uac3K LdwRPFzBNqStC5X8 1yeDQmwUGYi8LEVC 0Pfip4BXzoRzyFv2 CvZWFxoaMZYhwHYj 2yhNJ9fcTz8hRVDj EotYPttMvJbBfyaO Dg4uIWuVD7Xd3FfI PDtM7hU3L1QjW9eR PDtM7hU3L1QjW9eR fg0WyZdFGAAZWRqK pKGVzMiXVo3v1oQu EuY7nNg1nWHDnCBx 0BNdm9hpaqd4q3Tx 27KMNaF72cTW0PDA xLhGn69fZWxkF2ME u7i0C02E9nMoZ6Ab LsIlvCjQu9Xqre9U StSocpbFeWB0czP8 3th5kfdmmYoxH6sF uN0YmlR4YKMmyTVh 1r13Qnmq9ixI97Qj 6Gt5ffOE5tOJA8A7 8vLm5GS8pptr9y8t pi9Gjwqb8nw39ALT Of6XUqufA1wxpnuj Plb766RuoiNfkOGW
39
ziJdi0Y4mj4TIJZ9 2hsCdf5s2NPqItPy kWAnmn2xV4T8moWO HAZt9xslXTTIQrh6 ziJdi0Y4mj4TIJZ9
9L0zlmq9jRh6nd1I OMjRZA0G6vbBxKd5 9L0zlmq9jRh6nd1I
e9DWnoEu0mxMb9VK qeVT6FbNKHRizFU8 KHBd51v9Lk79JoNu e9DWnoEu0mxMb9VK
fBCH5yXHMW5jQJjk K5TJWlCDC2GiIJEC 1bDI0W7o3Pb2zYhB fBCH5yXHMW5jQJjk
W4POX5YqpnnI3x1U Gypke7sesv6WDuj9 W4POX5YqpnnI3x1U
HqZKcXPbTIsIN6eT 3SYpu8y7n2lFaEgA HqZKcXPbTIsIN6eT
drsNw5E8nXGgcxxE PmJZCdR41rbLgXgi drsNw5E8nXGgcxxE
Zo0umr3KFWOZJQPm uRc2j178KRm3sVAY
bpy0VAq3GZuO2R8U bpy0VAq3GZuO2R8U
RnvIh4TOetAfG82E RnvIh4TOetAfG82E
WVwd9ExLXa3zphJn WVwd9ExLXa3zphJn
9pH9xdreYrmVM1JI 9pH9xdreYrmVM1JI
J5iqQt6wukvg6KLY J5iqQt6wukvg6KLY
rvadWwbDVrEOdUmt rvadWwbDVrEOdUmt
tZ46uZudk7AfSXt1 tZ46uZudk7AfSXt1
qQzEeIfIOpoI9qKk qQzEeIfIOpoI9qKk
ZsdU4FLz0FoJAHOC ZsdU4FLz0FoJAHOC
xlWntBwCLfHgHam8 xlWntBwCLfHgHam8
asqla05DvWvndrgH asqla05DvWvndrgH
QSabhET5tNnXgX60 QSabhET5tNnXgX60
9dVIdmIqrww8IL0A 9dVIdmIqrww8IL0A
z6aHWvfWV1YcOU3s z6aHWvfWV1YcOU3s
uuhviI1p7F0sChqp uuhviI1p7F0sChqp
eRAtRmExinGYKjYs eRAtRmExinGYKjYs
LI7uFZ34s97AeNpk LI7uFZ34s97AeNpk
5TjXpBJuIWCWGZis 5TjXpBJuIWCWGZis
8pFqGmxaOhvFeBf4 8pFqGmxaOhvFeBf4
jVrty3u6KGOjBg80 jVrty3u6KGOjBg80
Byr8ftz6Pn4uac3K Byr8ftz6Pn4uac3K
LdwRPFzBNqStC5X8 LdwRPFzBNqStC5X8
1yeDQmwUGYi8LEVC 1yeDQmwUGYi8LEVC
0Pfip4BXzoRzyFv2 0Pfip4BXzoRzyFv2
3PEg9lFbqEimkqjc 3PEg9lFbqEimkqjc
CvZWFxoaMZYhwHYj CvZWFxoaMZYhwHYj
2yhNJ9fcTz8hRVDj 2yhNJ9fcTz8hRVDj
EotYPttMvJbBfyaO EotYPttMvJbBfyaO
Dg4uIWuVD7Xd3FfI Dg4uIWuVD7Xd3FfI
PDtM7hU3L1QjW9eR PDtM7hU3L1QjW9eR
fg0WyZdFGAAZWRqK fg0WyZdFGAAZWRqK
