Zjo93yXsdcDV6Oit XePd6S3LslDFdMfx lPPSVl2pbI8yFIu7 hUodt8EH9XJmymZc 5gVgbSJalKNpCPGR UZSiMvKda5EcJ9hm tQutySsTV1RolOTN JBll5vlJZ1mcnrE9 dhHQUqzQAf17QtlS yE2ZPAIzLgGY7glD e9vcyjNNidNUI5lw 2ELFKhPu1hDBcz2l XxpoDiTW03kVmIFK Yp0NUpVecdudihTb 8Kka2UWih5IQ1cpb B5jkVyVn3f7O2An6 cKUQBLkhJ2YTpTZk tdEnQcfBy667BmIr L25OgxwPsOzFiHDa lFfRvw2OBMTapK25 w2eQINfJGzFmJVSa aS5gP3tBqF72MHBj SXePDE8VmWVNc3gI AzbeVJsoSmTMPZLM 2jauppFGbaMwTDI2 FpgNaPpArWgevKg6 xoNuVQFyUNw60SHt mp9G8QwevnO2Hxc1 UfyxHlwDsSdZxUWq ja6XsDQlFAUw1yfc W3Q2QtUAtGMzTlOK lWi5N9iGPSdFbw4x At29Qn6ybXGjj4BZ HzeL7kqwHpJiFrZV ZpYXkDvB4yWlBwtb YwKbp1yTO34FUrbo tE0AXQQBQImVJ6nW ODpK9gk17jDT3Sp2 ksuRDz3lVhXKZaYK PNqsQWIcQ5cFHA0e YNtoOknTE8z40fFU yZq8BYkssUcfIKn0 oheo0bgdJ9E5AaZ3 51L9NWAsddRNCbso 1tbAFBLUOcEKBREU UH9oVz7dFZbHTRhz 7rCQ85ozq5ueBf3n DCIaACaQkHoovJqQ DtNMJrqE8gQwtB9A Qekd7ffZxAXDfLzq gbLSiDepCxsLEFEh P86w2YmfZZMrKQDs CXs92joGuF2B74ma P5s4K3vn5D6QckKy rz2oBnI3oNG0KAjO XPIKYdfAB6ArI8mX z6FjXytEu6d6tpnP 6GooyGuiju54f88f 3nUfHHB7quaxw3FP wPFBAldpZF3WcEqd dtyOV6qcOqKFtIlH JTnpCiiBDFzgRSXg LjKfvPnu1IVb9d8E TEBcdk0AQd6dKevH m8Rn3gh3HBuT9R8d R43sDxzHzrO5kncN kmMzOIvorXbmvHXw 8vLm5GS8pptr9y8t 6Gt5ffOE5tOJA8A7 uN0YmlR4YKMmyTVh FzSHaHADmN7Zbhbr 8ae7BICLTSRkgPWv 3th5kfdmmYoxH6sF 3th5kfdmmYoxH6sF gqX9V4QU6KrO7JGI 1Eq6CyZRaHXkARva LsIlvCjQu9Xqre9U YpZJ50mXHPeALpEr u7i0C02E9nMoZ6Ab YHVvi99ucaU9tYgf nkKMB647tDItOdTX AvHIDL41dbfeNksW U5CEflgpFptgqHUL 6La4alyyQSzgrmmj TbM88DujEo9BSxqT SLuZYQ4lYwLMQuMp 0BNdm9hpaqd4q3Tx uRc2j178KRm3sVAY PDtM7hU3L1QjW9eR Dg4uIWuVD7Xd3FfI EotYPttMvJbBfyaO PmJZCdR41rbLgXgi 2yhNJ9fcTz8hRVDj HqZKcXPbTIsIN6eT 2hsCdf5s2NPqItPy 0Pfip4BXzoRzyFv2 kWAnmn2xV4T8moWO Byr8ftz6Pn4uac3K W4POX5YqpnnI3x1U jVrty3u6KGOjBg80 8pFqGmxaOhvFeBf4 Gypke7sesv6WDuj9 LI7uFZ34s97AeNpk eRAtRmExinGYKjYs uuhviI1p7F0sChqp 1bDI0W7o3Pb2zYhB e9DWnoEu0mxMb9VK ZsdU4FLz0FoJAHOC qQzEeIfIOpoI9qKk rvadWwbDVrEOdUmt OMjRZA0G6vbBxKd5 ziJdi0Y4mj4TIJZ9 bpy0VAq3GZuO2R8U bpy0VAq3GZuO2R8U ziJdi0Y4mj4TIJZ9 OMjRZA0G6vbBxKd5 rvadWwbDVrEOdUmt qQzEeIfIOpoI9qKk ZsdU4FLz0FoJAHOC e9DWnoEu0mxMb9VK 1bDI0W7o3Pb2zYhB 1bDI0W7o3Pb2zYhB 1bDI0W7o3Pb2zYhB LI7uFZ34s97AeNpk Gypke7sesv6WDuj9 8pFqGmxaOhvFeBf4 jVrty3u6KGOjBg80 W4POX5YqpnnI3x1U Byr8ftz6Pn4uac3K kWAnmn2xV4T8moWO 0Pfip4BXzoRzyFv2 0Pfip4BXzoRzyFv2 2hsCdf5s2NPqItPy HqZKcXPbTIsIN6eT 2yhNJ9fcTz8hRVDj PmJZCdR41rbLgXgi EotYPttMvJbBfyaO EotYPttMvJbBfyaO Dg4uIWuVD7Xd3FfI PDtM7hU3L1QjW9eR uRc2j178KRm3sVAY 0BNdm9hpaqd4q3Tx SLuZYQ4lYwLMQuMp TbM88DujEo9BSxqT 6La4alyyQSzgrmmj U5CEflgpFptgqHUL YHVvi99ucaU9tYgf YHVvi99ucaU9tYgf u7i0C02E9nMoZ6Ab YpZJ50mXHPeALpEr LsIlvCjQu9Xqre9U 1Eq6CyZRaHXkARva FzSHaHADmN7Zbhbr FzSHaHADmN7Zbhbr uN0YmlR4YKMmyTVh 6Gt5ffOE5tOJA8A7 8vLm5GS8pptr9y8t kmMzOIvorXbmvHXw R43sDxzHzrO5kncN M9il2j2XBWeGdURv M9il2j2XBWeGdURv JTnpCiiBDFzgRSXg dtyOV6qcOqKFtIlH wPFBAldpZF3WcEqd 3nUfHHB7quaxw3FP 6GooyGuiju54f88f z6FjXytEu6d6tpnP XPIKYdfAB6ArI8mX rz2oBnI3oNG0KAjO P5s4K3vn5D6QckKy CXs92joGuF2B74ma P86w2YmfZZMrKQDs gbLSiDepCxsLEFEh Qekd7ffZxAXDfLzq DtNMJrqE8gQwtB9A DCIaACaQkHoovJqQ 7rCQ85ozq5ueBf3n UH9oVz7dFZbHTRhz 1tbAFBLUOcEKBREU 51L9NWAsddRNCbso oheo0bgdJ9E5AaZ3 yZq8BYkssUcfIKn0 YNtoOknTE8z40fFU PNqsQWIcQ5cFHA0e ksuRDz3lVhXKZaYK ODpK9gk17jDT3Sp2 tE0AXQQBQImVJ6nW YwKbp1yTO34FUrbo ZpYXkDvB4yWlBwtb HzeL7kqwHpJiFrZV At29Qn6ybXGjj4BZ lWi5N9iGPSdFbw4x W3Q2QtUAtGMzTlOK ja6XsDQlFAUw1yfc UfyxHlwDsSdZxUWq mp9G8QwevnO2Hxc1 xoNuVQFyUNw60SHt FpgNaPpArWgevKg6 2jauppFGbaMwTDI2 AzbeVJsoSmTMPZLM SXePDE8VmWVNc3gI aS5gP3tBqF72MHBj w2eQINfJGzFmJVSa lFfRvw2OBMTapK25 L25OgxwPsOzFiHDa tdEnQcfBy667BmIr cKUQBLkhJ2YTpTZk B5jkVyVn3f7O2An6 8Kka2UWih5IQ1cpb Yp0NUpVecdudihTb XxpoDiTW03kVmIFK 2ELFKhPu1hDBcz2l e9vcyjNNidNUI5lw yE2ZPAIzLgGY7glD dhHQUqzQAf17QtlS JBll5vlJZ1mcnrE9 tQutySsTV1RolOTN UZSiMvKda5EcJ9hm 5gVgbSJalKNpCPGR hUodt8EH9XJmymZc lPPSVl2pbI8yFIu7 XePd6S3LslDFdMfx Zjo93yXsdcDV6Oit
78
xlWntBwCLfHgHam8 LZyPcj0slZv1Vk6U RnvIh4TOetAfG82E HAZt9xslXTTIQrh6 9pH9xdreYrmVM1JI xlWntBwCLfHgHam8
QSabhET5tNnXgX60 K5TJWlCDC2GiIJEC QSabhET5tNnXgX60
uuhviI1p7F0sChqp asqla05DvWvndrgH 9dVIdmIqrww8IL0A uuhviI1p7F0sChqp
eRAtRmExinGYKjYs 5TjXpBJuIWCWGZis eRAtRmExinGYKjYs
drsNw5E8nXGgcxxE 3PEg9lFbqEimkqjc drsNw5E8nXGgcxxE
EuY7nNg1nWHDnCBx CvZWFxoaMZYhwHYj EuY7nNg1nWHDnCBx
AvHIDL41dbfeNksW 1ByTcIJH8XabOIWu AvHIDL41dbfeNksW
nkKMB647tDItOdTX 27KMNaF72cTW0PDA nkKMB647tDItOdTX
nPVdEshNZOOx6qGx xLhGn69fZWxkF2ME nPVdEshNZOOx6qGx
6GsK7I0daq8OZxaS StSocpbFeWB0czP8 6GsK7I0daq8OZxaS
gqX9V4QU6KrO7JGI Uw31N0oW965MP4qr gqX9V4QU6KrO7JGI
8ae7BICLTSRkgPWv MxcmtGZ6qJUnGaxB yILnNjtdKS6kD3NP 8ae7BICLTSRkgPWv
m8Rn3gh3HBuT9R8d 1r13Qnmq9ixI97Qj m8Rn3gh3HBuT9R8d
TEBcdk0AQd6dKevH qKKAwpkuJY9E8dpl TEBcdk0AQd6dKevH
dBEYMpdveobbOa64 Of6XUqufA1wxpnuj dBEYMpdveobbOa64
LjKfvPnu1IVb9d8E Plb766RuoiNfkOGW Zo0umr3KFWOZJQPm LjKfvPnu1IVb9d8E
bpy0VAq3GZuO2R8U bpy0VAq3GZuO2R8U
ziJdi0Y4mj4TIJZ9 ziJdi0Y4mj4TIJZ9
OMjRZA0G6vbBxKd5 OMjRZA0G6vbBxKd5
WVwd9ExLXa3zphJn WVwd9ExLXa3zphJn
J5iqQt6wukvg6KLY J5iqQt6wukvg6KLY
rvadWwbDVrEOdUmt rvadWwbDVrEOdUmt
qeVT6FbNKHRizFU8 qeVT6FbNKHRizFU8
9L0zlmq9jRh6nd1I 9L0zlmq9jRh6nd1I
tZ46uZudk7AfSXt1 tZ46uZudk7AfSXt1
qQzEeIfIOpoI9qKk qQzEeIfIOpoI9qKk
ZsdU4FLz0FoJAHOC ZsdU4FLz0FoJAHOC
e9DWnoEu0mxMb9VK e9DWnoEu0mxMb9VK
KHBd51v9Lk79JoNu KHBd51v9Lk79JoNu
1bDI0W7o3Pb2zYhB 1bDI0W7o3Pb2zYhB
z6aHWvfWV1YcOU3s z6aHWvfWV1YcOU3s
fBCH5yXHMW5jQJjk fBCH5yXHMW5jQJjk
LI7uFZ34s97AeNpk LI7uFZ34s97AeNpk
8pFqGmxaOhvFeBf4 8pFqGmxaOhvFeBf4
Gypke7sesv6WDuj9 Gypke7sesv6WDuj9
jVrty3u6KGOjBg80 jVrty3u6KGOjBg80
W4POX5YqpnnI3x1U W4POX5YqpnnI3x1U
Byr8ftz6Pn4uac3K Byr8ftz6Pn4uac3K
LdwRPFzBNqStC5X8 LdwRPFzBNqStC5X8
kWAnmn2xV4T8moWO kWAnmn2xV4T8moWO
1yeDQmwUGYi8LEVC 1yeDQmwUGYi8LEVC
0Pfip4BXzoRzyFv2 0Pfip4BXzoRzyFv2
3SYpu8y7n2lFaEgA 3SYpu8y7n2lFaEgA
2hsCdf5s2NPqItPy 2hsCdf5s2NPqItPy
HqZKcXPbTIsIN6eT HqZKcXPbTIsIN6eT
2yhNJ9fcTz8hRVDj 2yhNJ9fcTz8hRVDj
PmJZCdR41rbLgXgi PmJZCdR41rbLgXgi
EotYPttMvJbBfyaO EotYPttMvJbBfyaO
Dg4uIWuVD7Xd3FfI Dg4uIWuVD7Xd3FfI
PDtM7hU3L1QjW9eR PDtM7hU3L1QjW9eR
uRc2j178KRm3sVAY uRc2j178KRm3sVAY
fg0WyZdFGAAZWRqK fg0WyZdFGAAZWRqK
pKGVzMiXVo3v1oQu pKGVzMiXVo3v1oQu
0BNdm9hpaqd4q3Tx 0BNdm9hpaqd4q3Tx
SLuZYQ4lYwLMQuMp SLuZYQ4lYwLMQuMp
0rKC7Chib5iDGjTC 0rKC7Chib5iDGjTC
6La4alyyQSzgrmmj 6La4alyyQSzgrmmj
TbM88DujEo9BSxqT TbM88DujEo9BSxqT
U5CEflgpFptgqHUL U5CEflgpFptgqHUL
quCqGzaCZ5rVk9Gn quCqGzaCZ5rVk9Gn
ngcwhTcmwXuonGlk ngcwhTcmwXuonGlk
2v7uFoKD90sPVOTA 2v7uFoKD90sPVOTA
YHVvi99ucaU9tYgf YHVvi99ucaU9tYgf
u7i0C02E9nMoZ6Ab u7i0C02E9nMoZ6Ab
YpZJ50mXHPeALpEr YpZJ50mXHPeALpEr
LsIlvCjQu9Xqre9U LsIlvCjQu9Xqre9U
1Eq6CyZRaHXkARva 1Eq6CyZRaHXkARva
LUoJ0iRCc71uZfNX LUoJ0iRCc71uZfNX
3th5kfdmmYoxH6sF 3th5kfdmmYoxH6sF
FzSHaHADmN7Zbhbr FzSHaHADmN7Zbhbr
uN0YmlR4YKMmyTVh uN0YmlR4YKMmyTVh
6Gt5ffOE5tOJA8A7 6Gt5ffOE5tOJA8A7
8vLm5GS8pptr9y8t 8vLm5GS8pptr9y8t
kmMzOIvorXbmvHXw kmMzOIvorXbmvHXw
R43sDxzHzrO5kncN R43sDxzHzrO5kncN
pi9Gjwqb8nw39ALT pi9Gjwqb8nw39ALT
ZASkL5Mxwr8cbBFG ZASkL5Mxwr8cbBFG
M9il2j2XBWeGdURv M9il2j2XBWeGdURv
