vBhpoFdJZxyttIlfaf7D fMf4OEuDhzQ5lzL1yC1p xVHVP9vjiW3Srf3J1yYm gpVfP7ILbg2pDpIPQr5Q iki3BohF22ET0rMPxXQ5 qM7lEl3z2COceXw7x0EC j0gfpSkQuY2aCnSASDK5 R6ZzYYWqarkWldqbKDab WN0Nl06Zx9w6LYUHMZam 8Le4AI986fwHZXPoOMK1 8Le4AI986fwHZXPoOMK1 R6ZzYYWqarkWldqbKDab qM7lEl3z2COceXw7x0EC iki3BohF22ET0rMPxXQ5 PTLuDKOoq7xOBNmDYZyZ t9sKEbhLg4hRMCMxdZiD wRuGNazG4ZAxqcI0KBgs 17OoKHzumyPaqfjSSc7S 17OoKHzumyPaqfjSSc7S DybFcuyeWxt51LawzVvs DybFcuyeWxt51LawzVvs PTLuDKOoq7xOBNmDYZyZ XYk0VV4ujV55qqS8YiHV 3k0aPItJckmjybSSZ7vB KyDQmUshvaOMIokV4BFs fHfopcx4v3MKBN0TMn7s InZnvPu8h9zAoLCNj2in NAqhSs9OpS9XtIaJtTCD 2LthmnS3Cdd5FBfY5GQ9 R7crXexksQ4TN5zY2ck3 R7crXexksQ4TN5zY2ck3 2LthmnS3Cdd5FBfY5GQ9 InZnvPu8h9zAoLCNj2in fHfopcx4v3MKBN0TMn7s ohy3S5QXymEhh63dMBQE qHwCsNomWkpZ3C6j94Cj x46nB6Iwp6wweeEhyIVP KdfPZ6xz4cOaMLpuBPMV YcxUAlL7DgkVgq8Zmqcx YcxUAlL7DgkVgq8Zmqcx KdfPZ6xz4cOaMLpuBPMV qHwCsNomWkpZ3C6j94Cj ohy3S5QXymEhh63dMBQE 3k0aPItJckmjybSSZ7vB XYk0VV4ujV55qqS8YiHV PTLuDKOoq7xOBNmDYZyZ wHEcyeduhdH7p3Lr1PtC R8y8GsBEYGcYG98ELdKo eoouXbauUEZFoVnISdZW Qs0K7PGKCJNOLMDZLnEf 4ilNvg3IkxoJuvkwqYsS 7PoxePhwnlLvMilKVpER W1oKj4YwVrgRk8CEP5N8 iLoZi9Udouf2bH9NFsk4 zs7X4IJgeJEM8iqAbvF3 zs7X4IJgeJEM8iqAbvF3 iLoZi9Udouf2bH9NFsk4 W1oKj4YwVrgRk8CEP5N8 4ilNvg3IkxoJuvkwqYsS Qs0K7PGKCJNOLMDZLnEf KuHO8xRrArMMDCKffmsm KuHO8xRrArMMDCKffmsm fp9JaV5iTp8QxXwwkR68 jTdja1e2hUhydiExPlJM jTdja1e2hUhydiExPlJM fp9JaV5iTp8QxXwwkR68 wHEcyeduhdH7p3Lr1PtC fMf4OEuDhzQ5lzL1yC1p d6xeP6xeDJ3O2jY8D4pB d6xeP6xeDJ3O2jY8D4pB d6xeP6xeDJ3O2jY8D4pB d6xeP6xeDJ3O2jY8D4pB d6xeP6xeDJ3O2jY8D4pB iboL4JgkqVZaEWXpgBVJ ORsS8PhYU7QJhPkIo1xK uUumBfQJDh6S0d06Kb78 lNXOSirtCXW7TPygvsll cs6LkMYfySGYUzb8VLcc HP9rCKizazA8tTd6EvQn HP9rCKizazA8tTd6EvQn cs6LkMYfySGYUzb8VLcc lNXOSirtCXW7TPygvsll uUumBfQJDh6S0d06Kb78 ORsS8PhYU7QJhPkIo1xK iboL4JgkqVZaEWXpgBVJ qkrT0EYt8AHuefFD25g1 XWHR07Y6kfSBbEuD62PN ZYwKC5uFmtW0QjsMiT9A 0smtcWECRVW5IqVm6wBj n2Cqtp5v2DuwGX7LhuzE n2Cqtp5v2DuwGX7LhuzE 0smtcWECRVW5IqVm6wBj ZYwKC5uFmtW0QjsMiT9A XWHR07Y6kfSBbEuD62PN qkrT0EYt8AHuefFD25g1
38
xVHVP9vjiW3Srf3J1yYm XX8iZd9Mw56dkKCstFAC
WN0Nl06Zx9w6LYUHMZam nB1RHSnvjX4nG0Tch5En WN0Nl06Zx9w6LYUHMZam
j0gfpSkQuY2aCnSASDK5 XBxLd5K0m0Gtk5fTL45q tUVqKo1E6AibIE6zShkv
gpVfP7ILbg2pDpIPQr5Q 535WuquKiicRqEyzCI3d
x46nB6Iwp6wweeEhyIVP rkMvLqMMN5Aq3onq5XeZ EHYUZOt1fTtm7KJue8on
NAqhSs9OpS9XtIaJtTCD WwLzOfqcc3FIzub2jh8R NAqhSs9OpS9XtIaJtTCD
KyDQmUshvaOMIokV4BFs J00g7hlLLSWTXvTYK9v2
t9sKEbhLg4hRMCMxdZiD W1jWYYdH0atiKtbaVDRT
wRuGNazG4ZAxqcI0KBgs eKaPpzrMwOPxNzeoOSFH 6PPTzNGrNxrgfdvm8cwZ
R8y8GsBEYGcYG98ELdKo 8mLI4Cl8exxeLw5eLCvi
7PoxePhwnlLvMilKVpER RRlYwTFLYqL48JIMSAmC RpMJGAvULIBCQ0RI369s 7PoxePhwnlLvMilKVpER
eoouXbauUEZFoVnISdZW oFNlFPub6zLirsQwo0fu
vBhpoFdJZxyttIlfaf7D vLwJebpyApE3MPksc9OW rMd1TXBMCuFfO59jF1Tq mv3tFPDoT2NlrLp24T9l 9B0w6Ahn3NsugfNn6veD JEGgKJfdY8owvwdYhKMk MiPSEwVMn3bbGh4tbRTf
8Le4AI986fwHZXPoOMK1 8Le4AI986fwHZXPoOMK1
R7crXexksQ4TN5zY2ck3 R7crXexksQ4TN5zY2ck3
XYk0VV4ujV55qqS8YiHV XYk0VV4ujV55qqS8YiHV
R6ZzYYWqarkWldqbKDab R6ZzYYWqarkWldqbKDab
zs7X4IJgeJEM8iqAbvF3 zs7X4IJgeJEM8iqAbvF3
cs6LkMYfySGYUzb8VLcc cs6LkMYfySGYUzb8VLcc
ohy3S5QXymEhh63dMBQE ohy3S5QXymEhh63dMBQE
2LthmnS3Cdd5FBfY5GQ9 2LthmnS3Cdd5FBfY5GQ9
DybFcuyeWxt51LawzVvs DybFcuyeWxt51LawzVvs
jTdja1e2hUhydiExPlJM jTdja1e2hUhydiExPlJM
iki3BohF22ET0rMPxXQ5 iki3BohF22ET0rMPxXQ5
6koX1rNvAwrB84m39eQv 6koX1rNvAwrB84m39eQv
17OoKHzumyPaqfjSSc7S 17OoKHzumyPaqfjSSc7S
qkrT0EYt8AHuefFD25g1 qkrT0EYt8AHuefFD25g1
37APL8dpwT5Ds5AIG0t4 37APL8dpwT5Ds5AIG0t4
uUumBfQJDh6S0d06Kb78 uUumBfQJDh6S0d06Kb78
fp9JaV5iTp8QxXwwkR68 fp9JaV5iTp8QxXwwkR68
d6xeP6xeDJ3O2jY8D4pB d6xeP6xeDJ3O2jY8D4pB
wHEcyeduhdH7p3Lr1PtC wHEcyeduhdH7p3Lr1PtC
4ilNvg3IkxoJuvkwqYsS 4ilNvg3IkxoJuvkwqYsS
InZnvPu8h9zAoLCNj2in InZnvPu8h9zAoLCNj2in
XWHR07Y6kfSBbEuD62PN XWHR07Y6kfSBbEuD62PN
fHfopcx4v3MKBN0TMn7s fHfopcx4v3MKBN0TMn7s
qM7lEl3z2COceXw7x0EC qM7lEl3z2COceXw7x0EC
n2Cqtp5v2DuwGX7LhuzE n2Cqtp5v2DuwGX7LhuzE
