Mf966TmCJF9l0PTKetVd tH0lbMmdJDVlC4Pr7uAb lfkDpy0Dzjb65M4poJ5N NtZncVsU7O40k1BXousH NtZncVsU7O40k1BXousH NtZncVsU7O40k1BXousH QMfugTdL8cMnu7owJzpL b2icxuMf1zEyF7ImMEzE b2icxuMf1zEyF7ImMEzE S0PhmGw8tyUPzxvRSE5R N1nCqBhBKMK7yfEHWDsK HR7q1SHXYoV1oWoyahgt pMRS1IvCw1ndT7Ffg1bE Man5mweIdA0oHezvIoTH Man5mweIdA0oHezvIoTH pMRS1IvCw1ndT7Ffg1bE HR7q1SHXYoV1oWoyahgt N1nCqBhBKMK7yfEHWDsK XM2epDdQlzVNrldkM9rh OGxA8YvD4WfIxOfmtWm4 vWQ9gSPmhR2i5UglG1Cy 9vP489zmTCThBqN2SC1r f3aTBneDuZi0oYXARvcm BPT5ZnXHY4PLKTlszS8H jsxdUxf9Osj1u9ZOfA8H Ic20PkDM6xxefUTvJEIQ 17QNzmQeHZetXwmICrNB yk5giKs9pvqErT2HCEPA yk5giKs9pvqErT2HCEPA 17QNzmQeHZetXwmICrNB Ic20PkDM6xxefUTvJEIQ jsxdUxf9Osj1u9ZOfA8H BPT5ZnXHY4PLKTlszS8H f3aTBneDuZi0oYXARvcm lbdkv57MCZ97lfIXEhIW Hpniux0SkkA6CliHWNDc pST2UibVvaFs7NnElOiM TkZ4LHIfwKap48xdp8m2 TkZ4LHIfwKap48xdp8m2 fsCdklolnC3ndvzFtyM3 fsCdklolnC3ndvzFtyM3 fsCdklolnC3ndvzFtyM3 TkZ4LHIfwKap48xdp8m2 NvfSRypj4POoHWC3jDz3 NvfSRypj4POoHWC3jDz3 4c7jdZfXlaPz4IZbgKcx sJyumTmEoi4MWbaRoNlm ksXyQQNO2sSJacUypI8V 1wZce3qjltyIzzlL1Zfw u4VGAkqq00Jhej3knMJI u4VGAkqq00Jhej3knMJI 1wZce3qjltyIzzlL1Zfw ksXyQQNO2sSJacUypI8V sJyumTmEoi4MWbaRoNlm wgaIQdSLkfrgCwxikw7V 0avddYNUUSifDVnh6Pkn BcvYB1mubFuRTbgMUsXg RrBlUMzlEzdRa5S1pyiF czjPVxJvSz9DoMc0Y7Vv zwf9ghy1nblZx3HkGhp8 zwf9ghy1nblZx3HkGhp8 zwf9ghy1nblZx3HkGhp8 czjPVxJvSz9DoMc0Y7Vv RrBlUMzlEzdRa5S1pyiF BcvYB1mubFuRTbgMUsXg 0avddYNUUSifDVnh6Pkn wgaIQdSLkfrgCwxikw7V p6bp9pYgtaGo4Q50DQAM p6bp9pYgtaGo4Q50DQAM abfQYXbANnzx1AWQXKif BLgd9OLqnPIJY5LCIxDK OUMbAfpzy5GRzgDEKokb ZPAxEbVjKWTr0cDqLbA0 1EtrR5H9A3TMUPS71hPl kVdbGuYm0jD2q8vsLFHY KXqYiLdUxtSnooxFj1Ib fmXI2fiRDKGKDk7Lczzs AjMqEYKq0eELwsiEhQNE Q4jkxyPtGKis0eXik3Gg TBEGhhvsdStRJh2Eqkyf TBEGhhvsdStRJh2Eqkyf Q4jkxyPtGKis0eXik3Gg AjMqEYKq0eELwsiEhQNE fmXI2fiRDKGKDk7Lczzs KXqYiLdUxtSnooxFj1Ib kVdbGuYm0jD2q8vsLFHY WZxeHszJ2ShfYgJs53YV DMIhznlgV4TccTaZ33Ir DMIhznlgV4TccTaZ33Ir ZPAxEbVjKWTr0cDqLbA0 OUMbAfpzy5GRzgDEKokb OUMbAfpzy5GRzgDEKokb a6uUA0TEdnZwD1b73O9r 7ArLVA3N0doHBQAlCDtl 7ArLVA3N0doHBQAlCDtl a6uUA0TEdnZwD1b73O9r ydEppVwK15UN0USyP00U ydEppVwK15UN0USyP00U GzkbHop7cJv0CvjQalTE 26qGQxnCCbJ2EOhN7Gcj 5ebtvAsyAh8vEmm1Z3wm Y5ZKsuPbCDUQp5LjPNey 3Yod5nNtIcKNmTtNQ3xH 3Yod5nNtIcKNmTtNQ3xH fBow0nU9fNO0JnF2yfaM QtUoaFUFBMw7V9DHgrcf QtUoaFUFBMw7V9DHgrcf fBow0nU9fNO0JnF2yfaM 5ebtvAsyAh8vEmm1Z3wm 26qGQxnCCbJ2EOhN7Gcj trOoQ3enuOI8GUJqwAMC flliQzyn5hSC8yLOMyYJ 3Kf7NbRAPMqHxYOVsqnT 3Kf7NbRAPMqHxYOVsqnT 3Kf7NbRAPMqHxYOVsqnT trOoQ3enuOI8GUJqwAMC WDY5ApSXtzd8TcqEYyFr WDY5ApSXtzd8TcqEYyFr vWQ9gSPmhR2i5UglG1Cy Crbc9OlCoJ9dTIJXXsjb kk9hnZxxBFZfHSf7jyEB kk9hnZxxBFZfHSf7jyEB ABk14cfS7j3v5H7oJg69 y1iGOFRKdlQM0ghlotSn y1iGOFRKdlQM0ghlotSn ABk14cfS7j3v5H7oJg69 vWQ9gSPmhR2i5UglG1Cy OGxA8YvD4WfIxOfmtWm4 e2usEAoRX2qu6mneHOxg SQhK0n9L9aixdJxvdeKd UvtGaTsTes8Gs4gE8ya3 R87rV3jFUvYuE0RN4Z4a 4mdSIFCsq2HySOzm2H4M km12BN3CByUGmRV2tX7b km12BN3CByUGmRV2tX7b 4mdSIFCsq2HySOzm2H4M bLojQFXmB5k6r0zKTWYe iRg3oRlKsAtLuOm5tUrC V1NRtDFpLgUvdcMNRDCv cAkwFDH7tSQkP40ewGcD hdzMlRPopi59kMOfpHEo D8EqP7YYAGp7ozDJsFab byF5FvS6RJUrgCsP3o6T byF5FvS6RJUrgCsP3o6T D8EqP7YYAGp7ozDJsFab hdzMlRPopi59kMOfpHEo ZzUJWpXUZeO1dCVdodSV ZzUJWpXUZeO1dCVdodSV bLojQFXmB5k6r0zKTWYe 88lI6lUbCFloNqfPp9qO VI6bhpg8nr2U3bjLEpMD VI6bhpg8nr2U3bjLEpMD VI6bhpg8nr2U3bjLEpMD XfWllIgv9lA6ZwGuKvLt XfWllIgv9lA6ZwGuKvLt UvtGaTsTes8Gs4gE8ya3 UvtGaTsTes8Gs4gE8ya3 aQjUMkqTLL2xI6AuCLxX yjTU6mb0sXWr7Nh8SghO XtOSIksCxQPAzChWtB8x QZIvvAQe1weWyQjLrGi1 QZIvvAQe1weWyQjLrGi1 XtOSIksCxQPAzChWtB8x vfUng4KWHMI1EW7MPH8O PLyQF48YPXs4LxxIxWHM PLyQF48YPXs4LxxIxWHM 1crXui4lUlMG7IuTFiXo y3cL4LyhfEAlU1Jj1Xj6 W1IcDWCQWwTCriXsjtm4 W1IcDWCQWwTCriXsjtm4 y3cL4LyhfEAlU1Jj1Xj6 1crXui4lUlMG7IuTFiXo PLyQF48YPXs4LxxIxWHM vfUng4KWHMI1EW7MPH8O aQjUMkqTLL2xI6AuCLxX e2usEAoRX2qu6mneHOxg 4O2VEkN1ftjvLwoNouzB 8tOQbReSdxKFsG9CYbZK 8tOQbReSdxKFsG9CYbZK s7HXjvUAOobkeOC6hmGZ 4mRiy2s23Ljl4N4CqEav Ejmw9YVfbgpcODCHCJUP wNmo9den9k6ySqzO7o0M wNmo9den9k6ySqzO7o0M Ejmw9YVfbgpcODCHCJUP 4mRiy2s23Ljl4N4CqEav s7HXjvUAOobkeOC6hmGZ tH0lbMmdJDVlC4Pr7uAb
66
Mf966TmCJF9l0PTKetVd dOWv4G57nxm9UArCvQlq
lfkDpy0Dzjb65M4poJ5N N7mkTpLI9Mgh0txBOflw aU4DeG46NC8vRU6N0ahg aH2XDl7CjGFhEP3bbYjH
QMfugTdL8cMnu7owJzpL HKK5Jm9eHd0V7gvBWuw9
S0PhmGw8tyUPzxvRSE5R QMmklR1fA1rnjMsU1WMc S0PhmGw8tyUPzxvRSE5R
R87rV3jFUvYuE0RN4Z4a acwLCbshqBQuYbTzAPRI R87rV3jFUvYuE0RN4Z4a
V1NRtDFpLgUvdcMNRDCv jAzyDyaN1mD5Ei1RjCiO
cAkwFDH7tSQkP40ewGcD Yw0z9L8p6xIk7hgYCgVd CHHJQHxp9VQGraviPBS2 cAkwFDH7tSQkP40ewGcD
iRg3oRlKsAtLuOm5tUrC OyOgefgJfgx6VwEfudZn iRg3oRlKsAtLuOm5tUrC
88lI6lUbCFloNqfPp9qO YrtjNlKZcZnAXu7owFPA CxdADQl1Lh5mGQMAravk HhITLZSwERe6osGRUBXt 7c4FoaFf1TJetsLZUEok
SQhK0n9L9aixdJxvdeKd jZUUy27kZ3z2uIv0PGPy SQhK0n9L9aixdJxvdeKd
yjTU6mb0sXWr7Nh8SghO VqBuOSJBVqxMG4rldwQn GfTqQpqjWivAFXbCN2BL lrLgTYF7nIsDkEYlxuHz zDq8bGYKiSYw3c53IWfw
Y5ZKsuPbCDUQp5LjPNey wtlCpdxHbUUmSY7DnD2u KKiBHd9DTQAd6AZYxlK3 Y5ZKsuPbCDUQp5LjPNey
flliQzyn5hSC8yLOMyYJ rzYdrZxXnbXlOjFVWVaR 4CVQrsejmjPmVL7elf2w wyZ3Q4gHyaxpdYdezyjU flliQzyn5hSC8yLOMyYJ
GzkbHop7cJv0CvjQalTE 2bMCdMiNzTpm8a2kNe9G GzkbHop7cJv0CvjQalTE
9vP489zmTCThBqN2SC1r JfzkldRR1w0Y52KBg47D
lbdkv57MCZ97lfIXEhIW JWE9kJZ3fUSBbRtkVScl IwnN6xRahpjWnxZTYR2F
pST2UibVvaFs7NnElOiM kGhQ3uDjcFA7MLP7UF4W bBJ5TDHtVrSIxXmQJ63J 56ePYTmTGzdOHfvnLEPd pxBA1Tii62WPeRWcccVp
Hpniux0SkkA6CliHWNDc TmdW4dU59umpgT9XX8G3 Hpniux0SkkA6CliHWNDc
4c7jdZfXlaPz4IZbgKcx WQlZty1AKP9gLfjz0EYW ul7ierPjffkmvfh4Ylme eA2uctxdjBuXDZUrmUHy
BLgd9OLqnPIJY5LCIxDK CLNCAWQgYnzuvt7RChAf BLgd9OLqnPIJY5LCIxDK
1EtrR5H9A3TMUPS71hPl sSdPSXUotKahf03SRnBn Ad4iMaOuAofXNjJzNKWl
WZxeHszJ2ShfYgJs53YV Xucw5TdPOzp0SQGWHjkE 0O3lDJvzYSiuZNzHimQX WZxeHszJ2ShfYgJs53YV
abfQYXbANnzx1AWQXKif KCy3uvDFe4h3kwRgxFiX
Crbc9OlCoJ9dTIJXXsjb JfWSVxbK8iOEPzK7FV9x VaRx19QfIOvUT5pZyulj Crbc9OlCoJ9dTIJXXsjb
XM2epDdQlzVNrldkM9rh BCVfaQnOCgLubJ23r8nF
4O2VEkN1ftjvLwoNouzB 1aGCWVuyE8DRxIV204ZW ZDA7k1XMUYTsnmCfuUtR
1wZce3qjltyIzzlL1Zfw 1wZce3qjltyIzzlL1Zfw
PLyQF48YPXs4LxxIxWHM PLyQF48YPXs4LxxIxWHM
OGxA8YvD4WfIxOfmtWm4 OGxA8YvD4WfIxOfmtWm4
Q4jkxyPtGKis0eXik3Gg Q4jkxyPtGKis0eXik3Gg
byF5FvS6RJUrgCsP3o6T byF5FvS6RJUrgCsP3o6T
3Yod5nNtIcKNmTtNQ3xH 3Yod5nNtIcKNmTtNQ3xH
NvfSRypj4POoHWC3jDz3 NvfSRypj4POoHWC3jDz3
wNmo9den9k6ySqzO7o0M wNmo9den9k6ySqzO7o0M
b2icxuMf1zEyF7ImMEzE b2icxuMf1zEyF7ImMEzE
kVdbGuYm0jD2q8vsLFHY kVdbGuYm0jD2q8vsLFHY
y3cL4LyhfEAlU1Jj1Xj6 y3cL4LyhfEAlU1Jj1Xj6
km12BN3CByUGmRV2tX7b km12BN3CByUGmRV2tX7b
p6bp9pYgtaGo4Q50DQAM p6bp9pYgtaGo4Q50DQAM
TkZ4LHIfwKap48xdp8m2 TkZ4LHIfwKap48xdp8m2
czjPVxJvSz9DoMc0Y7Vv czjPVxJvSz9DoMc0Y7Vv
trOoQ3enuOI8GUJqwAMC trOoQ3enuOI8GUJqwAMC
UvtGaTsTes8Gs4gE8ya3 UvtGaTsTes8Gs4gE8ya3
a6uUA0TEdnZwD1b73O9r a6uUA0TEdnZwD1b73O9r
XfWllIgv9lA6ZwGuKvLt XfWllIgv9lA6ZwGuKvLt
5ebtvAsyAh8vEmm1Z3wm 5ebtvAsyAh8vEmm1Z3wm
fsCdklolnC3ndvzFtyM3 fsCdklolnC3ndvzFtyM3
ZPAxEbVjKWTr0cDqLbA0 ZPAxEbVjKWTr0cDqLbA0
AjMqEYKq0eELwsiEhQNE AjMqEYKq0eELwsiEhQNE
1crXui4lUlMG7IuTFiXo 1crXui4lUlMG7IuTFiXo
Ic20PkDM6xxefUTvJEIQ Ic20PkDM6xxefUTvJEIQ
bLojQFXmB5k6r0zKTWYe bLojQFXmB5k6r0zKTWYe
u4VGAkqq00Jhej3knMJI u4VGAkqq00Jhej3knMJI
RrBlUMzlEzdRa5S1pyiF RrBlUMzlEzdRa5S1pyiF
W1IcDWCQWwTCriXsjtm4 W1IcDWCQWwTCriXsjtm4
ydEppVwK15UN0USyP00U ydEppVwK15UN0USyP00U
4mRiy2s23Ljl4N4CqEav 4mRiy2s23Ljl4N4CqEav
BcvYB1mubFuRTbgMUsXg BcvYB1mubFuRTbgMUsXg
TBEGhhvsdStRJh2Eqkyf TBEGhhvsdStRJh2Eqkyf
e2usEAoRX2qu6mneHOxg e2usEAoRX2qu6mneHOxg
tH0lbMmdJDVlC4Pr7uAb tH0lbMmdJDVlC4Pr7uAb
NtZncVsU7O40k1BXousH NtZncVsU7O40k1BXousH
QZIvvAQe1weWyQjLrGi1 QZIvvAQe1weWyQjLrGi1
4mdSIFCsq2HySOzm2H4M 4mdSIFCsq2HySOzm2H4M
mGfIqoDGGajPXw9RvY8S mGfIqoDGGajPXw9RvY8S
7ArLVA3N0doHBQAlCDtl 7ArLVA3N0doHBQAlCDtl
