L0 L9 L94 L70 L5 L4 L4 L5 L18 L14 L16 L43 L43 L16 L14 L34 L78 L73 L68 L67 L67 L6 L40 L64 L39 L98 L98 L39 L6 L21 L58 L58 L21 L78 L28 L27 L81 L82 L20 L96 L47 L47 L20 L82 L81 L27 L36 L55 L88 L88 L36 L27 L28 L78 L34 L89 L89
32
L9 L10
L70 L23 L31
L94 L29 L32
L74 L51 L72 L74
L18 L42
L68 L12 L83 L68
L80 L19 L80
L40 L1 L69 L85
L45 L93 L75 L45
L92 L2 L46 L92
L64 L62
L73 L50 L73
L48 L7 L48
L96 L8 L54
L55 L33 L86 L84
L0 L97
L6 L6
L60 L60
L39 L39
L77 L77
L79 L79
L15 L15
L14 L14
L24 L24
L20 L20
L22 L22
L41 L41
L43 L43
L21 L21
L81 L81
L88 L88
L28 L28
