point0 point49 point50 point48 point39 point38 point36 point40 point64 point65 point62 point63 point70 point63 point62 point64 point40 point36 point38 point39 point35 point9 point3 point4 point10 point22 point14 point20 point25 point24 point29 point31 point53 point57 point55 point59 point61 point87 point90 point89 point80 point86 point85 point84 point91 point91 point84 point85 point86 point80 point89 point87 point59 point59 point55 point57 point53 point31 point29 point24 point30 point54 point54 point30 point20 point14 point22 point4 point3 point35 point39 point52 point76 point77 point77 point76 point52 point49 point0
27
point44 point12 point47 point44
point48 point45 point48
point9 point5 point8 point9
point61 point58 point60 point61
point90 point93 point92
point27 point28 point27
point25 point56 point25
point10 point6
point70 point72 point68 point70
point65 point71 point65
point50 point75 point50
point4 point4
point7 point7
point14 point14
point19 point19
point22 point22
point24 point24
point26 point26
point35 point35
point42 point42
point53 point53
point55 point55
point64 point64
point76 point76
point77 point77
point84 point84
point85 point85
