55 57 173 177 162 130 161 20 89 149 100 171 125 188 132 24 141 141 24 132 188 80 102 88 66 43 140 58 23 10 163 184 153 87 87 184 163 10 140 43 88 102 75 180 85 56 90 146 191 144 144 42 62 179 122 122 179 62 50 6 113 15 15 15 113 6 50 97 109 175 3 18 187 99 74 169 143 143 169 74 99 187 175 109 155 54 127 53 178 28 28 28 178 8 67 76 52 64 116 134 32 150 150 32 134 116 64 103 167 156 31 30 164 126 34 2 170 27 124 27 170 2 34 126 164 30 31 156 167 103 76 67 8 127 54 155 109 97 144 191 146 90 56 85 180 75 171 100 149 89 89 131 39 121 168 7 138 7 168 121 39 131 89 20 161 161 162 45 84 84 45 173 55 91 48 63 106 51 120 158 158 120 51 106 63 33 82 83 137 111 176 189 189 176 111 137 83 82 186 96 59 104 119 119 104 96 186 91 55
70
57 101 16 57
177 12 177
130 151
125 11 81
80 86 80
58 166 58
23 133
153 78 107 153
66 26 66
42 181 61 135 13 42
3 148
18 41 77
53 172 114 53
52 9 49
124 160 105
138 185 118 17 36
48 29 48
33 115 71 33
59 159 152 59
40 40
140 140
97 97
146 146
149 149
170 170
63 63
119 119
184 184
32 32
91 91
27 27
188 188
62 62
45 45
76 76
111 111
88 88
90 90
162 162
182 182
186 186
189 189
74 74
67 67
15 15
83 83
171 171
134 134
54 54
175 175
43 43
116 116
106 106
179 179
158 158
163 163
131 131
56 56
137 137
8 8
109 109
126 126
150 150
122 122
85 85
113 113
20 20
173 173
30 30
168 168
