x182 x11 x58 x127 x187 x86 x3 x129 x184 x110 x175 x135 x135 x141 x90 x50 x93 x74 x121 x38 x165 x21 x5 x5 x165 x109 x116 x89 x155 x167 x102 x171 x171 x102 x167 x112 x145 x137 x64 x120 x48 x4 x195 x59 x195 x4 x48 x137 x68 x188 x29 x77 x71 x20 x20 x20 x71 x68 x137 x145 x89 x116 x106 x106 x74 x93 x147 x72 x147 x169 x100 x147 x93 x93 x146 x92 x92 x92 x178 x31 x80 x52 x80 x178 x178 x90 x135 x175 x110 x129 x3 x86 x49 x148 x190 x148 x49 x45 x58 x11 x182
49
x184 x107 x30 x87 x184
x141 x26 x138 x141
x50 x10 x50
x121 x15
x38 x113
x21 x143 x17 x164 x172 x21
x109 x163 x109
x155 x198 x192 x155
x112 x42 x118 x84 x179
x64 x88 x64
x120 x156 x194
x59 x183 x186 x82 x59
x188 x61
x29 x46
x77 x94 x166 x7 x77
x177 x25 x177
x72 x2 x104 x125 x72
x100 x153 x99 x159 x100
x169 x55
x146 x19 x136 x95 x128 x69 x53 x83 x146
x31 x66 x6 x133 x31
x52 x161 x139 x185
x187 x8
x127 x27 x56 x98 x127
x190 x18 x114
x45 x151 x23 x189 x45
x74 x74
x86 x86
x20 x20
x147 x147
x79 x79
x14 x14
x3 x3
x43 x43
x48 x48
x137 x137
x80 x80
x71 x71
x119 x119
x76 x76
x32 x32
x49 x49
x58 x58
x92 x92
x116 x116
x11 x11
x106 x106
x4 x4
x102 x102
